17:55:06  INFO  ======================================================================
17:55:06  INFO  🔥  每日機會分析系統 v10
17:55:06  INFO  📅  2026-04-29 17:55
17:55:06  INFO  ======================================================================
17:55:06  INFO  
① 🌕  CRYPTO
17:55:06  ERROR    BTC-USD: float() argument must be a string or a real number, not 'Series'
17:55:07  ERROR    ETH-USD: float() argument must be a string or a real number, not 'Series'
17:55:08  ERROR    SOL-USD: float() argument must be a string or a real number, not 'Series'
17:55:08  ERROR    BNB-USD: float() argument must be a string or a real number, not 'Series'
17:55:09  ERROR    XRP-USD: float() argument must be a string or a real number, not 'Series'
17:55:09  INFO    ✅ Crypto 0 筆
17:55:09  INFO  
② 📈  股票
17:55:10  INFO    [台] 3293.TWO     鈊象電子         $       nan   +nan% 多空分歧
17:55:10  INFO             買入點：— 目前無買入信號  進場區：$727.3 ~ $742.0  止損：$709.1
17:55:10  INFO    [台] 00909.TW     國泰智能電動車ETF   $       nan   +nan% 多空分歧
17:55:10  INFO             買入點：— 目前無買入信號  進場區：$32.9 ~ $33.5  止損：$32.1
17:55:11  INFO    [台] 0056.TW      元大高股息        $       nan   +nan% 偏多
17:55:11  INFO             買入點：— 目前無買入信號  進場區：$36.0 ~ $36.7  止損：$35.1
17:55:12  INFO    [台] 6111.TWO     6111擎亞       $       nan   +nan% 多空分歧
17:55:12  INFO             買入點：— 目前無買入信號  進場區：$39.7 ~ $40.5  止損：$38.7
17:55:13  INFO    [台] 00878.TW     國泰永續高股息      $       nan   +nan% 三線多頭
17:55:13  INFO             買入點：— 目前無買入信號  進場區：$21.7 ~ $22.1  止損：$21.1
17:55:14  INFO    [台] 3017.TW      奇鋐           $       nan   +nan% 三線多頭
17:55:14  INFO             買入點：— 目前無買入信號  進場區：$1,935.3 ~ $1,974.2  止損：$1,886.6
17:55:15  INFO    [台] 00713.TW     元大高息低波       $       nan   +nan% 多空分歧
17:55:15  INFO             買入點：— 目前無買入信號  進場區：$50.4 ~ $51.4  止損：$49.1
17:55:16  INFO    [台] 00919.TW     群益台灣精選高息     $       nan   +nan% 多空分歧
17:55:16  INFO             買入點：— 目前無買入信號  進場區：$21.9 ~ $22.3  止損：$21.3
17:55:16  INFO    [美] NVDA         NVIDIA       $    209.11  -1.90% 三線多頭
17:55:16  INFO             買入點：— 目前無買入信號  進場區：$168.9 ~ $172.3  止損：$166.2
17:55:17  INFO    [美] GEV          GE Vernova   $  1,056.72  -2.96% 多空分歧
17:55:17  INFO             買入點：— 目前無買入信號  進場區：$835.0 ~ $851.7  止損：$840.0
17:55:18  INFO    [台] 2330.TW      台積電          $       nan   +nan% 三線多頭
17:55:18  INFO             買入點：— 目前無買入信號  進場區：$1,751.2 ~ $1,786.4  止損：$1,707.2
17:55:19  INFO    [美] AMD          AMD          $    333.52  +3.19% 三線多頭
17:55:19  INFO             買入點：— 目前無買入信號  進場區：$183.5 ~ $187.2  止損：$194.6
17:55:20  INFO    [美] TSM          台積電ADR       $    394.59  +0.57% 三線多頭
17:55:20  INFO             買入點：— 目前無買入信號  進場區：$325.2 ~ $331.7  止損：$317.0
17:55:31  INFO    [台] 2317.TW      鴻海           $       nan   +nan% 多空分歧
17:55:31  INFO             買入點：— 目前無買入信號  進場區：$186.6 ~ $190.3  止損：$181.9
17:55:32  INFO    [台] 2530.TW      華建           $       nan   +nan% 三線空頭
17:55:32  INFO             買入點：— 目前無買入信號  進場區：$20.4 ~ $20.8  止損：$19.9
17:55:33  INFO    [美] MU           美光           $    512.15  +1.56% 三線多頭
17:55:33  INFO             買入點：— 目前無買入信號  進場區：$338.5 ~ $345.3  止損：$330.0
17:55:34  INFO    [美] LRCX         科林研發         $    244.41  -2.71% 多空分歧
17:55:34  INFO             買入點：🎯 一條件滿足 — 待確認  進場區：$207.8 ~ $211.9  止損：$202.5
17:55:35  INFO    [台] 00631L.TW    元大台灣50正2     $       nan   +nan% 三線多頭
17:55:35  INFO             買入點：— 目前無買入信號  進場區：$19.1 ~ $19.5  止損：$18.7
17:55:35  INFO    [台] 00910.TW     第一金太空衛星      $       nan   +nan% 多空分歧
17:55:35  INFO             買入點：— 目前無買入信號  進場區：$54.2 ~ $55.3  止損：$52.9
17:55:36  INFO    [台] 2308.TW      台達電          $       nan   +nan% 三線多頭
17:55:36  INFO             買入點：— 目前無買入信號  進場區：$1,358.2 ~ $1,385.5  止損：$1,324.0
17:55:40  INFO    ✅ 股票 20 筆
17:55:40  INFO  
③ 🌟  生活熱門趨勢
17:55:40  INFO    📊 Google Trends 台灣（生活/食衣住行）...
17:55:40  WARNING    [食品飲料] The request failed: Google returned a response with code 429
17:55:43  WARNING    [服飾美妝] The request failed: Google returned a response with code 429
17:55:47  WARNING    [居家生活] The request failed: Google returned a response with code 429
17:55:50  WARNING    [娛樂3C] The request failed: Google returned a response with code 429
17:55:53  WARNING    [健康運動] The request failed: Google returned a response with code 429
17:55:56  WARNING    [旅遊交通] The request failed: Google returned a response with code 429
17:55:59  INFO    💬 Dcard 熱門...
17:56:00  WARNING      ⚠️  www.dcard.tw → 403 Client Error: Forbidden for url: https://www.dcard.tw/f/trending
17:56:00  INFO    📋 PTT 熱門...
17:56:00  WARNING      ⚠️  www.ptt.cc → ('Connection aborted.', ConnectionResetError(104, 'Connection reset by peer'))
17:56:01  INFO    [PTT/Stock] [2] Re: [請益] 平時空倉 大跌時才買進的策略？
17:56:01  INFO    [PTT/Stock] [] [公告] 股票板板規 v4.7 (2024/10/06 修正)
17:56:01  INFO    [PTT/Stock] [6] [公告] 4-6-1罰則將在1/22開始到年底加重至30天
17:56:01  INFO    [PTT/Stock] [爆] [閒聊] 2026/04/29 盤後閒聊
17:56:02  INFO    [PTT/beauty] [6] [正妹] 草帽,嘴角一顆痣
17:56:02  INFO    [PTT/beauty] [] [正妹] Camila_健身教練
17:56:02  INFO    [PTT/beauty] [3] [正妹] 怡蒨
17:56:02  INFO    [PTT/beauty] [] [正妹] Cosplay 2715 日本 培蘿娜 明日香 塔矢亮
17:56:02  INFO    [PTT/beauty] [15] [正妹] 橘瑪麗
17:56:03  INFO    [PTT/movie] [2] [討論] 外甥猛舔小姨騷穴高潮到腿軟
17:56:03  INFO    [PTT/movie] [] [公告] 電影板板規 2025/10/26
17:56:03  INFO    [PTT/movie] [X1] [公告] 政治電影新聞張貼規範
17:56:04  INFO    [PTT/food] [] [食記] 台北 すし謙
17:56:04  INFO    [PTT/food] [] [食記] 沖繩那霸機場OKA ラウンジ華 Lounge hana
17:56:04  INFO    [PTT/food] [] [食記] 彰化 山美燒肉 炭火香氣不錯的老宅燒肉
17:56:04  INFO    [PTT/food] [1] [食記] About H Coffee 台北中正 巴斯克與貓咪
17:56:04  INFO    [PTT/food] [] [食記] 桃園 饗厚牛排桃園店自助吧吃到飽
17:56:05  INFO    📺 YouTube 台灣熱門...
17:56:05  INFO    🎵 TikTok...
17:56:05  INFO    [TikTok] #1 #prom
17:56:05  INFO    🛍️  Shopee 台灣熱銷...
17:56:09  INFO    💬 Reddit 熱賣（本週）...
17:56:09  INFO    ✅ 生活趨勢完成
17:56:09  INFO  
④ 📰  消息面
17:56:09  INFO    [🇹🇼 台灣] 國民黨副主席喊開除韓國瑜 藍議員氣罵「丟臉至極，Ｘ！」
17:56:09  INFO    [🇹🇼 台灣] 一撞害死女警…肇事女大生只顧機車未道歉遭撻伐 學校回應了
17:56:09  INFO    [🇹🇼 台灣] 又要藍委支持3800億+N！ 藍營粉專不演了開罵：鄭麗文垃圾到極點
17:56:09  INFO    [🇹🇼 台灣] 微風廣場控訴北車標案不公正 新光三越回應了
17:56:09  INFO    [🇹🇼 台灣] 開戰！陳智菡轟違藍白合默契 游淑慧反擊：妳最沒資格情勒國民黨
17:56:09  INFO    [🇹🇼 台灣] 退休俸制約軍人根本沒用？呂禮詩月領4.5萬能追回嗎 張競：當初誰把他當寶的 | 李瑋萱 | 新聞
17:56:11  INFO    [🇯🇵 日本] 兩名高中生在錘子襲擊中受傷；一名男子從東京福生市的家後逃離
17:56:11  INFO    [🇯🇵 日本] 4月秋田縣的熊目擊事件比2025年增加了四倍，但它們不是返回山區，而是前往城市嗎？
17:56:12  INFO    [🇯🇵 日本] 白宮將川普封為「X王」：時事網
17:56:14  INFO    [🇯🇵 日本] 一輛客車追撞一輛停放的輕型貨車，撞到兩名騎自行車的警察，撞上對面車道的一輛汽車……板橋區總共運送了六人。
17:56:14  INFO    [🇯🇵 日本] 每週天氣預報 黃金周多雲 東京夏季預報
17:56:15  INFO    [🇯🇵 日本] 東廣島謀殺案調查中在 40 公里外的公司工地土壤中發現屍體 [廣島縣]
17:56:17  INFO    [🇰🇷 韓國] 尹錫烈因「妨礙逮捕」罪被再判兩年
17:56:17  INFO    [🇰🇷 韓國] 針對盧武鉉被解職的要求……鄭東泳：“你是美國議員嗎？你過於尊重安全問題了。”
17:56:19  INFO    [🇰🇷 韓國] 支持率暴跌…川普的困境：既不攻擊也不同意
17:56:20  INFO    [🇰🇷 韓國] 金建熙的律師，“道德批評”入獄四年……他們說，“這句話也是一種祝福。”
17:56:21  INFO    [🇰🇷 韓國] 河正宇和韓東勳在龜浦市場擁抱…“戰鬥”“讓我們努力提高生產力吧”
17:56:23  INFO    [🇰🇷 韓國] 由於體驗式學習的下降...教師：“賠償是第一位的”
17:56:23  INFO    [🇺🇸 美國] Live Updates: Supreme Court Strikes Down Louisiana Map in Voting Rights Case
17:56:23  INFO    [🇺🇸 美國] Ex-FBI director James Comey surrenders over charge of threatening Trump's life in Instagram post
17:56:23  INFO    [🇺🇸 美國] Supreme Court weighs Trump's effort to end temporary protected status for Haitians, Syrians
17:56:23  INFO    [🇺🇸 美國] Beneath King Charles’ jokes and decorum, a subtle rebuttal to Trump
17:56:23  INFO    [🇺🇸 美國] Live Updates: Hegseth questioned over Iran war as Pentagon official says costs estimated at $25 billion so far
17:56:23  INFO    [🇺🇸 美國] New pictures emerge of suspect in correspondents' dinner shooting
17:56:38  INFO  
🖥️  產生 HTML 報告...
17:56:38  INFO  
✅  HTML：報告_20260429_1756.html
17:56:38  INFO  ✅  CSV：機會分析_20260429_1756.csv
17:56:38  INFO  📝  Log：logs/scan_20260429_175506.log
