17:36:28  INFO  ======================================================================
17:36:28  INFO  🔥  每日機會分析系統 v10
17:36:28  INFO  📅  2026-04-13 17:36
17:36:28  INFO  ======================================================================
17:36:28  INFO  
① 🌕  CRYPTO
17:36:28  ERROR    BTC-USD: float() argument must be a string or a real number, not 'Series'
17:36:29  ERROR    ETH-USD: float() argument must be a string or a real number, not 'Series'
17:36:30  ERROR    SOL-USD: float() argument must be a string or a real number, not 'Series'
17:36:30  ERROR    BNB-USD: float() argument must be a string or a real number, not 'Series'
17:36:31  ERROR    XRP-USD: float() argument must be a string or a real number, not 'Series'
17:36:31  INFO    ✅ Crypto 0 筆
17:36:31  INFO  
② 📈  股票
17:36:32  INFO    [台] 3293.TWO     鈊象電子         $       nan   +nan% 偏多
17:36:32  INFO             買入點：— 目前無買入信號  進場區：$712.4 ~ $726.7  止損：$694.5
17:36:33  INFO    [台] 00909.TW     國泰智能電動車ETF   $       nan   +nan% 多空分歧
17:36:33  INFO             買入點：— 目前無買入信號  進場區：$35.1 ~ $35.8  止損：$34.2
17:36:34  INFO    [台] 0056.TW      元大高股息        $       nan   +nan% 偏多
17:36:34  INFO             買入點：— 目前無買入信號  進場區：$36.9 ~ $37.6  止損：$35.9
17:36:34  INFO    [台] 6111.TWO     6111擎亞       $       nan   +nan% 多空分歧
17:36:34  INFO             買入點：— 目前無買入信號  進場區：$39.7 ~ $40.5  止損：$38.7
17:36:35  INFO    [台] 00878.TW     國泰永續高股息      $     23.01  -0.04% 三線多頭
17:36:35  INFO             買入點：— 目前無買入信號  進場區：$21.6 ~ $22.1  止損：$21.1
17:36:36  INFO    [台] 3017.TW      奇鋐           $       nan   +nan% 三線多頭
17:36:36  INFO             買入點：— 目前無買入信號  進場區：$1,805.9 ~ $1,842.2  止損：$1,760.5
17:36:37  INFO    [台] 00713.TW     元大高息低波       $     52.87  +0.70% 三線多頭
17:36:37  INFO             買入點：— 目前無買入信號  進場區：$50.4 ~ $51.4  止損：$49.1
17:36:38  INFO    [台] 00919.TW     群益台灣精選高息     $     22.81  -0.52% 三線多頭
17:36:38  INFO             買入點：🎯 一條件滿足 — 待確認  進場區：$21.9 ~ $22.3  止損：$21.3
17:36:39  INFO    [美] NVDA         NVIDIA       $    188.10  -0.28% 多空分歧
17:36:39  INFO             買入點：— 目前無買入信號  進場區：$163.4 ~ $166.7  止損：$159.3
17:36:39  INFO    [美] GEV          GE Vernova   $    991.44  +0.01% 三線多頭
17:36:39  INFO             買入點：— 目前無買入信號  進場區：$790.9 ~ $806.8  止損：$782.8
17:36:40  INFO    [台] 2330.TW      台積電          $       nan   +nan% 三線多頭
17:36:40  INFO             買入點：— 目前無買入信號  進場區：$1,751.2 ~ $1,786.4  止損：$1,707.2
17:36:41  INFO    [美] AMD          AMD          $    246.21  +0.48% 多空分歧
17:36:41  INFO             買入點：— 目前無買入信號  進場區：$180.0 ~ $183.6  止損：$187.0
17:36:42  INFO    [美] TSM          台積電ADR       $    370.00  -0.16% 三線多頭
17:36:42  INFO             買入點：— 目前無買入信號  進場區：$312.2 ~ $318.5  止損：$304.4
17:36:43  INFO    [台] 2317.TW      鴻海           $       nan   +nan% 多空分歧
17:36:43  INFO             買入點：— 目前無買入信號  進場區：$186.6 ~ $190.3  止損：$181.9
17:36:44  INFO    [台] 2530.TW      華建           $       nan   +nan% 三線空頭
17:36:44  INFO             買入點：— 目前無買入信號  進場區：$22.9 ~ $23.3  止損：$22.3
17:36:45  INFO    [美] MU           美光           $    416.76  -0.91% 偏多
17:36:45  INFO             買入點：🎯 一條件滿足 — 待確認  進場區：$309.9 ~ $316.2  止損：$302.1
17:36:46  INFO    [美] LRCX         科林研發         $    262.97  -0.26% 三線多頭
17:36:46  INFO             買入點：— 目前無買入信號  進場區：$193.8 ~ $197.7  止損：$192.6
17:36:47  INFO    [台] 00631L.TW    元大台灣50正2     $     23.62  -0.34% 多空分歧
17:36:47  INFO             買入點：🎯 一條件滿足 — 待確認  進場區：$-268.0 ~ $-273.4  止損：$18.5
17:36:48  INFO    [台] 00910.TW     第一金太空衛星      $       nan   +nan% 三線多頭
17:36:48  INFO             買入點：— 目前無買入信號  進場區：$54.2 ~ $55.3  止損：$52.9
17:36:49  INFO    [台] 2308.TW      台達電          $       nan   +nan% 三線多頭
17:36:49  INFO             買入點：— 目前無買入信號  進場區：$1,333.3 ~ $1,360.1  止損：$1,299.8
17:36:52  INFO    ✅ 股票 20 筆
17:36:52  INFO  
③ 🌟  生活熱門趨勢
17:36:52  INFO    📊 Google Trends 台灣（生活/食衣住行）...
17:36:53  WARNING    [食品飲料] The request failed: Google returned a response with code 429
17:36:56  WARNING    [服飾美妝] The request failed: Google returned a response with code 429
17:37:00  WARNING    [居家生活] The request failed: Google returned a response with code 429
17:37:03  WARNING    [娛樂3C] The request failed: Google returned a response with code 429
17:37:06  WARNING    [健康運動] The request failed: Google returned a response with code 429
17:37:09  WARNING    [旅遊交通] The request failed: Google returned a response with code 429
17:37:12  INFO    💬 Dcard 熱門...
17:37:13  WARNING      ⚠️  www.dcard.tw → 403 Client Error: Forbidden for url: https://www.dcard.tw/f/trending
17:37:13  INFO    📋 PTT 熱門...
17:37:13  WARNING      ⚠️  www.ptt.cc → ('Connection aborted.', ConnectionResetError(104, 'Connection reset by peer'))
17:37:14  INFO    [PTT/Stock] [] [公告] Stock 樂透開獎
17:37:14  INFO    [PTT/Stock] [37] [請益] 高點操作，Allin 0050 VS 50/50 正二
17:37:14  INFO    [PTT/Stock] [29] [新聞] 大門並未關閉，調解人加緊重啟美伊談判
17:37:15  INFO    [PTT/beauty] [18] [正妹] 明明就是極品 丹丹
17:37:15  INFO    [PTT/beauty] [1] [正妹] 文藻新潮爵士舞蹈社
17:37:15  INFO    [PTT/beauty] [11] [正妹] 一粒
17:37:15  INFO    [PTT/beauty] [2] [正妹] 豐商進修部才藝競賽
17:37:15  INFO    [PTT/beauty] [] [正妹] Rose Ma
17:37:16  INFO    [PTT/movie] [1] [討論] 早期史蒂芬席格電影的問題
17:37:16  INFO    [PTT/movie] [7] [新聞]《復仇者聯盟5》試映！傳出內部反響正面！
17:37:16  INFO    [PTT/movie] [5] [新聞]馬斯克再批好萊塢！指經典角色換種族並非
17:37:16  INFO    [PTT/movie] [] [公告] 電影板板規 2025/10/26
17:37:17  INFO    [PTT/food] [] [食記] 吉隆坡 甲洞興記肉骨茶(分店)
17:37:17  INFO    [PTT/food] [] [食記] 桃園市中壢區。扯厚腿
17:37:17  INFO    [PTT/food] [] [食記] 泰馬里 台北中正 參巴炸雞腿蝶豆花椰漿飯
17:37:17  INFO    [PTT/food] [] [食記] 尚品甜湯 台中西屯 滑嫩薑香奶香薑汁撞奶
17:37:17  INFO    [PTT/food] [] [食記] 桃園市中壢區。PUNJABI BISTRO & BAR
17:37:18  INFO    📺 YouTube 台灣熱門...
17:37:18  INFO    🎵 TikTok...
17:37:19  INFO    [TikTok] #1 #coachella
17:37:19  INFO    🛍️  Shopee 台灣熱銷...
17:37:27  INFO    💬 Reddit 熱賣（本週）...
17:37:28  INFO    ✅ 生活趨勢完成
17:37:28  INFO  
④ 📰  消息面
17:37:28  INFO    [🇹🇼 台灣] 玉石俱焚？伊朗回嗆川普封鎖：阿曼海危險了、美油價「剉著等」
17:37:28  INFO    [🇹🇼 台灣] 李貞秀遭民眾黨開除黨籍 張育萌點出下一個看點：妙天捐新故鄉協會的1000萬
17:37:28  INFO    [🇹🇼 台灣] 「以前很歡迎」白沙屯媽祖進香爆亂象 在地崩潰點名3類人：拜託別來
17:37:28  INFO    [🇹🇼 台灣] 中國10惠台政策藍將成立對接窗口總統府：有誠意的話跟我政府協商| 政治
17:37:28  INFO    [🇹🇼 台灣] 匈牙利國會大選 總理奧班承認「痛苦」敗選
17:37:28  INFO    [🇹🇼 台灣] 35年來最強四月颱！「辛樂克」衛星雲圖曝　專家：有機會登風王
17:37:32  INFO    [🇯🇵 日本] 【突發新聞】京都府南丹市發現一具疑似失蹤男孩的屍體。警方發現了一名失蹤小學生的屍體。
17:37:32  INFO    [🇯🇵 日本] 美國封鎖霍爾木茲海峽最後期限，伊朗暗示報復；原油價格突破100美元
17:37:33  INFO    [🇯🇵 日本] 匈牙利選舉結果「受到尊重」：歐爾班的失敗傷害了俄羅斯（通訊社）
17:37:33  INFO    [🇯🇵 日本] 【突發新聞】總理表示將盡一切努力避免中東局勢產生任何影響
17:37:34  INFO    [🇯🇵 日本] 美伊戰爭結束，「最大努力」繼續——巴基斯坦總理
17:37:35  INFO    [🇯🇵 日本] 屍體在大分山，認定是他殺；身份不明的少女頸部受傷
17:37:36  INFO    [🇰🇷 韓國] 트럼프 “이란 선박, 호르무즈 접근시 마약선 격침하듯 잔혹하게 제거할 것”
17:37:36  INFO    [🇰🇷 韓國] 張東赫方面「去美國給選民一個選擇」…這是什麼意思？
17:37:38  INFO    [🇰🇷 韓國] [突發新聞]許泰正當選民主黨大田市長候選人...與「現任」李章宇的回歸比賽
17:37:40  INFO    [🇰🇷 韓國] 金建熙在回應法官“不能戴口罩”的評論時說，“我得了重感冒……”
17:37:41  INFO    [🇰🇷 韓國] 「痛了怎麼辦，我得賺」…老人照顧老人的國家
17:37:42  INFO    [🇰🇷 韓國] 司法部門代表表示，「司法改革三法未經充分討論就修改，令人遺憾」。
17:37:42  INFO    [🇺🇸 美國] Trump Attack on Pope and Posting of Jesus Image Draw Widespread Criticism
17:37:42  INFO    [🇺🇸 美國] Live Updates: U.S. military blockade on Iranian ports in the Strait of Hormuz begins
17:37:42  INFO    [🇺🇸 美國] Russian hardliners mourn Orban's electoral loss, Kremlin reaches out to his successor
17:37:42  INFO    [🇺🇸 美國] Judge dismisses Trump's $10B lawsuit over the Wall Street Journal's Epstein reporting
17:37:42  INFO    [🇺🇸 美國] Swalwell exits California governor's race after assault allegations as rivals seek his supporters
17:37:42  INFO    [🇺🇸 美國] Barack Obama Twists the Knife After JD Vance’s Humiliation
17:37:59  INFO  
🖥️  產生 HTML 報告...
17:37:59  INFO  
✅  HTML：報告_20260413_1737.html
17:37:59  INFO  ✅  CSV：機會分析_20260413_1737.csv
17:37:59  INFO  📝  Log：logs/scan_20260413_173628.log
