17:37:24  INFO  ======================================================================
17:37:24  INFO  🔥  每日機會分析系統 v10
17:37:24  INFO  📅  2026-04-08 17:37
17:37:24  INFO  ======================================================================
17:37:24  INFO  
① 🌕  CRYPTO
17:37:25  ERROR    BTC-USD: float() argument must be a string or a real number, not 'Series'
17:37:25  ERROR    ETH-USD: float() argument must be a string or a real number, not 'Series'
17:37:26  ERROR    SOL-USD: float() argument must be a string or a real number, not 'Series'
17:37:26  ERROR    BNB-USD: float() argument must be a string or a real number, not 'Series'
17:37:27  ERROR    XRP-USD: float() argument must be a string or a real number, not 'Series'
17:37:27  INFO    ✅ Crypto 0 筆
17:37:27  INFO  
② 📈  股票
17:37:28  INFO    [台] 3293.TWO     鈊象電子         $       nan   +nan% 三線多頭
17:37:28  INFO             買入點：— 目前無買入信號  進場區：$696.5 ~ $710.5  止損：$679.0
17:37:29  INFO    [台] 00909.TW     國泰智能電動車ETF   $       nan   +nan% 多空分歧
17:37:29  INFO             買入點：— 目前無買入信號  進場區：$35.1 ~ $35.8  止損：$34.2
17:37:29  INFO    [台] 0056.TW      元大高股息        $       nan   +nan% 多空分歧
17:37:29  INFO             買入點：— 目前無買入信號  進場區：$36.9 ~ $37.6  止損：$35.9
17:37:30  INFO    [台] 6111.TWO     6111擎亞       $       nan   +nan% 多空分歧
17:37:30  INFO             買入點：— 目前無買入信號  進場區：$39.7 ~ $40.5  止損：$38.7
17:37:31  INFO    [台] 00878.TW     國泰永續高股息      $       nan   +nan% 多空分歧
17:37:31  INFO             買入點：— 目前無買入信號  進場區：$21.7 ~ $22.1  止損：$21.1
17:37:32  INFO    [台] 3017.TW      奇鋐           $       nan   +nan% 多空分歧
17:37:32  INFO             買入點：— 目前無買入信號  進場區：$1,656.7 ~ $1,690.0  止損：$1,615.0
17:37:33  INFO    [台] 00713.TW     元大高息低波       $       nan   +nan% 三線多頭
17:37:33  INFO             買入點：— 目前無買入信號  進場區：$50.4 ~ $51.4  止損：$49.1
17:37:34  INFO    [台] 00919.TW     群益台灣精選高息     $       nan   +nan% 偏多
17:37:34  INFO             買入點：— 目前無買入信號  進場區：$21.9 ~ $22.3  止損：$21.3
17:37:35  INFO    [美] NVDA         NVIDIA       $    181.57  +1.95% 多空分歧
17:37:35  INFO             買入點：🎯 一條件滿足 — 待確認  進場區：$163.4 ~ $166.7  止損：$159.3
17:37:35  INFO    [美] GEV          GE Vernova   $    937.61  +2.95% 三線多頭
17:37:35  INFO             買入點：— 目前無買入信號  進場區：$793.5 ~ $809.4  止損：$778.2
17:37:36  INFO    [台] 2330.TW      台積電          $       nan   +nan% 偏多
17:37:36  INFO             買入點：— 目前無買入信號  進場區：$1,751.2 ~ $1,786.4  止損：$1,707.2
17:37:37  INFO    [美] AMD          AMD          $    231.68  +4.58% 多空分歧
17:37:37  INFO             買入點：— 目前無買入信號  進場區：$184.7 ~ $188.4  止損：$186.5
17:37:38  INFO    [美] TSM          台積電ADR       $    365.87  +5.95% 三線多頭
17:37:38  INFO             買入點：🎯 一條件滿足 — 待確認  進場區：$312.2 ~ $318.5  止損：$304.4
17:37:39  INFO    [台] 2317.TW      鴻海           $       nan   +nan% 偏空
17:37:39  INFO             買入點：— 目前無買入信號  進場區：$186.6 ~ $190.3  止損：$181.9
17:37:40  INFO    [台] 2530.TW      華建           $       nan   +nan% 三線空頭
17:37:40  INFO             買入點：— 目前無買入信號  進場區：$23.1 ~ $23.6  止損：$22.6
17:37:41  INFO    [美] MU           美光           $    405.98  +7.52% 多空分歧
17:37:41  INFO             買入點：🎯 一條件滿足 — 待確認  進場區：$309.9 ~ $316.2  止損：$302.1
17:37:42  INFO    [美] LRCX         科林研發         $    244.76  +9.10% 三線多頭
17:37:42  INFO             買入點：🎯 一條件滿足 — 待確認  進場區：$197.6 ~ $201.6  止損：$192.6
17:37:43  INFO    [台] 00631L.TW    元大台灣50正2     $       nan   +nan% 多空分歧
17:37:43  INFO             買入點：— 目前無買入信號  進場區：$19.0 ~ $19.4  止損：$18.5
17:37:44  INFO    [台] 00910.TW     第一金太空衛星      $       nan   +nan% 三線多頭
17:37:44  INFO             買入點：— 目前無買入信號  進場區：$54.2 ~ $55.3  止損：$52.9
17:37:45  INFO    [台] 2308.TW      台達電          $       nan   +nan% 三線多頭
17:37:45  INFO             買入點：— 目前無買入信號  進場區：$1,268.6 ~ $1,294.1  止損：$1,236.8
17:37:47  INFO    ✅ 股票 20 筆
17:37:47  INFO  
③ 🌟  生活熱門趨勢
17:37:47  INFO    📊 Google Trends 台灣（生活/食衣住行）...
17:37:48  INFO    [食品飲料] 熱度:8 動能:-34% 最熱關鍵字：美食 ❄️
17:37:51  INFO    [服飾美妝] 熱度:39 動能:+6% 最熱關鍵字：穿搭 🔥🔥
17:37:53  INFO    [居家生活] 熱度:32 動能:+1% 最熱關鍵字：家具 🔥
17:37:56  INFO    [娛樂3C] 熱度:39 動能:-3% 最熱關鍵字：手機 ❄️
17:37:59  INFO    [健康運動] 熱度:43 動能:+7% 最熱關鍵字：健身 🔥🔥
17:38:01  INFO    [旅遊交通] 熱度:27 動能:+9% 最熱關鍵字：機票 🔥🔥
17:38:03  INFO    💬 Dcard 熱門...
17:38:04  WARNING      ⚠️  www.dcard.tw → 403 Client Error: Forbidden for url: https://www.dcard.tw/f/trending
17:38:04  INFO    📋 PTT 熱門...
17:38:04  WARNING      ⚠️  www.ptt.cc → ('Connection aborted.', ConnectionResetError(104, 'Connection reset by peer'))
17:38:05  INFO    [PTT/Stock] [62] [情報] 以色列襲擊黎巴嫩後霍爾木茲海峽油輪通
17:38:05  INFO    [PTT/Stock] [31] [新聞] 伊朗嗆退出停火 荷莫茲海峽暫停通行
17:38:05  INFO    [PTT/Stock] [44] [新聞] 美國伊朗停火後　川普又喊「加徵50％關稅
17:38:06  INFO    [PTT/beauty] [1] [正妹] 米朵粒 神似多位短髮女星的廣告女主角
17:38:06  INFO    [PTT/beauty] [2] [正妹] 八蜜凛
17:38:06  INFO    [PTT/beauty] [] [正妹] 蘇兒
17:38:06  INFO    [PTT/beauty] [16] [正妹] 銅鑼灣
17:38:06  INFO    [PTT/beauty] [11] [正妹] 髙野真央
17:38:07  INFO    [PTT/movie] [6] [討論] 麥可傑克森(Michael)最終預告片
17:38:07  INFO    [PTT/movie] [6] [新聞] 克里斯汀貝爾主演科學新娘！負評連連！好
17:38:07  INFO    [PTT/movie] [4] [新聞] 【抓馬戀人】台灣上映5天票房勇破千萬！
17:38:07  INFO    [PTT/movie] [] [好雷] 抓馬戀人 女主角有夠可憐的吧
17:38:07  INFO    [PTT/movie] [] [新聞] 真人版《小美人魚》女星無畏「種族歧視」
17:38:08  INFO    [PTT/food] [] [食記] 伊娜飛魚餐廳 花蓮豐濱 飛魚卵香腸燻飛魚
17:38:08  INFO    [PTT/food] [5] [食記] 台北 祥星記一鴨三吃 好吃燒臘便當店
17:38:08  INFO    [PTT/food] [] [食記] 東京 居酒家 さいたどう燒鳥串燒 等很久
17:38:08  INFO    [PTT/food] [] [食記] 台北 士林區｜筠芝和牛本舖
17:38:08  INFO    [PTT/food] [] [食記] 吉隆坡 甲洞興記肉骨茶(分店)
17:38:08  INFO    📺 YouTube 台灣熱門...
17:38:09  INFO    🎵 TikTok...
17:38:09  INFO    [TikTok] #1 #livemonetization
17:38:09  INFO    🛍️  Shopee 台灣熱銷...
17:38:20  INFO    💬 Reddit 熱賣（本週）...
17:38:20  INFO    ✅ 生活趨勢完成
17:38:20  INFO  
④ 📰  消息面
17:38:20  INFO    [🇹🇼 台灣] 快訊／川普宣稱「美國要與伊朗合作」 美股開盤道瓊狂漲1300點
17:38:20  INFO    [🇹🇼 台灣] 鄭習會》王世堅：鄭麗文是上帝送給民進黨最好的禮物| 政治
17:38:20  INFO    [🇹🇼 台灣] 新店便當店疑食物中毒118人送醫 11人驗出沙門氏桿菌、業者移送北檢
17:38:20  INFO    [🇹🇼 台灣] 伊朗忘了跟它說好? 阿曼稱將不對任何通過荷姆茲海峽的船隻收取通行費| 國際
17:38:20  INFO    [🇹🇼 台灣] 伊朗嗆退出停火 荷莫茲海峽暫停通行 因為不滿這件事
17:38:20  INFO    [🇹🇼 台灣] 吊車大王女兒露臉了！「超甜笑容」全場被電暈：好有氣質
17:38:22  INFO    [🇯🇵 日本] 川普談論政權更迭後放鬆對伊朗的製裁； 50% tariffs on arms suppliers
17:38:22  INFO    [🇯🇵 日本] 高市首相、イラン大統領と電話会談 早期収束、ホルムズ安全を要請―意思疎通を継続
17:38:23  INFO    [🇯🇵 日本] 【突發新聞】以色列軍隊繼續在黎巴嫩行動
17:38:24  INFO    [🇯🇵 日本] 美國副總統萬斯訪問匈牙利，支持總理歐爾班連任，嚴厲批評歐盟
17:38:25  INFO    [🇯🇵 日本] 米国防長官、イランから核物質を「全て撤去」 攻撃再開も警告
17:38:28  INFO    [🇯🇵 日本] 在鹿兒島阿久根海岸海底打撈出的「Shiden Kai」號，是日本現存的第二架飛機
17:38:29  INFO    [🇰🇷 韓國] 川普：「我們正在考慮與伊朗和霍爾木茲建立合資企業」…讓我們一起收取通行費
17:38:31  INFO    [🇰🇷 韓國] 伊朗媒體：“以色列違反停火，封鎖油輪前往霍爾木茲”
17:38:33  INFO    [🇰🇷 韓國] 「POSCO分包工會談判單位分離」…黃信封法實施後首次承認判決
17:38:34  INFO    [🇰🇷 韓國] 川普「毀滅文明」言論反響…「威脅屠殺一億人」引發辭職呼聲
17:38:35  INFO    [🇰🇷 韓國] “沙烏地阿拉伯石油管道遭遇‘霍爾木茲繞道’…疑似由伊朗無人機襲擊”
17:38:36  INFO    [🇰🇷 韓國] 中央情報局說，“戰爭是無稽之談”，但是…川普愛上了內塔尼亞胡
17:38:36  INFO    [🇺🇸 美國] Gilgo Beach serial killer suspect Rex Heuermann pleads guilty
17:38:36  INFO    [🇺🇸 美國] Halt in strikes mostly holds after Trump, Iran agree to 2-week ceasefire
17:38:36  INFO    [🇺🇸 美國] Warnings for the G.O.P.: 3 Takeaways From the Elections in Georgia and Wisconsin
17:38:36  INFO    [🇺🇸 美國] Israel carries out large wave of air strikes across Lebanon
17:38:36  INFO    [🇺🇸 美國] Iran ceasefire clouded by confusion, contradictions
17:38:36  INFO    [🇺🇸 美國] Germany accuses JD Vance of hypocrisy over claim that EU meddled in Hungary’s election
17:38:55  INFO  
🖥️  產生 HTML 報告...
17:38:55  INFO  
✅  HTML：報告_20260408_1738.html
17:38:55  INFO  ✅  CSV：機會分析_20260408_1738.csv
17:38:55  INFO  📝  Log：logs/scan_20260408_173724.log
