17:33:36  INFO  ======================================================================
17:33:36  INFO  🔥  每日機會分析系統 v10
17:33:36  INFO  📅  2026-03-26 17:33
17:33:36  INFO  ======================================================================
17:33:36  INFO  
① 🌕  CRYPTO
17:33:36  ERROR    BTC-USD: float() argument must be a string or a real number, not 'Series'
17:33:37  ERROR    ETH-USD: float() argument must be a string or a real number, not 'Series'
17:33:38  ERROR    SOL-USD: float() argument must be a string or a real number, not 'Series'
17:33:38  ERROR    BNB-USD: float() argument must be a string or a real number, not 'Series'
17:33:39  ERROR    XRP-USD: float() argument must be a string or a real number, not 'Series'
17:33:40  INFO    ✅ Crypto 0 筆
17:33:40  INFO  
② 📈  股票
17:33:41  INFO    [台] 3293.TWO     鈊象電子         $    784.00  +4.67% 三線多頭
17:33:41  INFO             買入點：— 目前無買入信號  進場區：$662.1 ~ $675.4  止損：$649.9
17:33:42  INFO    [台] 00909.TW     國泰智能電動車ETF   $     39.65  +0.03% 多空分歧
17:33:42  INFO             買入點：🎯 一條件滿足 — 待確認  進場區：$36.2 ~ $36.9  止損：$35.3
17:33:43  INFO    [台] 0056.TW      元大高股息        $     38.56  -0.05% 多空分歧
17:33:43  INFO             買入點：🎯 一條件滿足 — 待確認  進場區：$36.3 ~ $37.0  止損：$35.4
17:33:44  INFO    [台] 6111.TWO     6111擎亞       $     42.40  -0.24% 偏空
17:33:44  INFO             買入點：🎯 一條件滿足 — 待確認  進場區：$40.8 ~ $41.6  止損：$39.8
17:33:45  INFO    [台] 00878.TW     國泰永續高股息      $     22.44  +0.00% 多空分歧
17:33:45  INFO             買入點：🎯 一條件滿足 — 待確認  進場區：$21.2 ~ $21.6  止損：$20.6
17:33:46  INFO    [台] 3017.TW      奇鋐           $  2,275.00  +8.33% 三線多頭
17:33:46  INFO             買入點：— 目前無買入信號  進場區：$1,581.8 ~ $1,613.5  止損：$1,615.0
17:33:47  INFO    [台] 00713.TW     元大高息低波       $     51.70  -0.29% 多空分歧
17:33:47  INFO             買入點：🎯 一條件滿足 — 待確認  進場區：$49.8 ~ $50.8  止損：$48.6
17:33:48  INFO    [台] 00919.TW     群益台灣精選高息     $     22.63  -0.96% 多空分歧
17:33:48  INFO             買入點：🎯 一條件滿足 — 待確認  進場區：$21.7 ~ $22.2  止損：$21.2
17:33:49  INFO    [美] NVDA         NVIDIA       $    173.65  -2.82% 偏空
17:33:49  INFO             買入點：🎯 一條件滿足 — 待確認  進場區：$170.9 ~ $174.3  止損：$166.6
17:33:49  INFO    [美] GEV          GE Vernova   $    892.15  -3.41% 三線多頭
17:33:49  INFO             買入點：— 目前無買入信號  進場區：$772.6 ~ $788.2  止損：$753.2
17:33:50  INFO    [台] 2330.TW      台積電          $  1,840.00  -0.27% 多空分歧
17:33:50  INFO             買入點：🎯 一條件滿足 — 待確認  進場區：$1,755.4 ~ $1,790.7  止損：$1,711.3
17:33:51  INFO    [美] AMD          AMD          $    206.57  -6.22% 多空分歧
17:33:51  INFO             買入點：— 目前無買入信號  進場區：$187.3 ~ $191.0  止損：$182.6
17:33:53  INFO    [美] TSM          台積電ADR       $    330.42  -4.98% 多空分歧
17:33:53  INFO             買入點：🎯 一條件滿足 — 待確認  進場區：$321.3 ~ $327.7  止損：$315.4
17:33:54  INFO    [台] 2317.TW      鴻海           $    200.50  +0.25% 三線空頭
17:33:54  INFO             買入點：🎯 一條件滿足 — 待確認  進場區：$187.0 ~ $190.8  止損：$188.2
17:33:55  INFO    [台] 2530.TW      華建           $     25.05  -0.20% 多空分歧
17:33:55  INFO             買入點：🎯 一條件滿足 — 待確認  進場區：$24.0 ~ $24.5  止損：$23.8
17:33:56  INFO    [美] MU           美光           $    360.10  -5.76% 多空分歧
17:33:56  INFO             買入點：🎯 一條件滿足 — 待確認  進場區：$351.9 ~ $359.0  止損：$346.9
17:33:57  INFO    [美] LRCX         科林研發         $    213.37  -8.60% 多空分歧
17:33:57  INFO             買入點：🎯 一條件滿足 — 待確認  進場區：$193.1 ~ $197.0  止損：$188.3
17:33:58  INFO    [台] 00631L.TW    元大台灣50正2     $    443.15  +0.00% 多空分歧
17:33:58  INFO             買入點：🎯 一條件滿足 — 待確認  進場區：$412.9 ~ $421.2  止損：$404.0
17:33:59  INFO    [台] 00910.TW     第一金太空衛星      $     61.00  +4.10% 三線多頭
17:33:59  INFO             買入點：— 目前無買入信號  進場區：$52.1 ~ $53.1  止損：$50.8
17:34:00  INFO    [台] 2308.TW      台達電          $  1,515.00  -2.26% 三線多頭
17:34:00  INFO             買入點：— 目前無買入信號  進場區：$1,189.0 ~ $1,212.9  止損：$1,159.1
17:34:04  INFO    ✅ 股票 20 筆
17:34:04  INFO  
③ 🌟  生活熱門趨勢
17:34:04  INFO    📊 Google Trends 台灣（生活/食衣住行）...
17:34:05  INFO    [食品飲料] 熱度:8 動能:-21% 最熱關鍵字：美食 ❄️
17:34:08  INFO    [服飾美妝] 熱度:32 動能:+10% 最熱關鍵字：穿搭 🔥🔥
17:34:10  INFO    [居家生活] 熱度:20 動能:-10% 最熱關鍵字：家具 ❄️
17:34:13  INFO    [娛樂3C] 熱度:38 動能:+1% 最熱關鍵字：手機 🔥
17:34:16  INFO    [健康運動] 熱度:31 動能:+3% 最熱關鍵字：健身 🔥
17:34:19  INFO    [旅遊交通] 熱度:34 動能:+11% 最熱關鍵字：機票 🔥🔥
17:34:21  INFO    💬 Dcard 熱門...
17:34:21  WARNING      ⚠️  www.dcard.tw → 403 Client Error: Forbidden for url: https://www.dcard.tw/f/trending
17:34:21  INFO    📋 PTT 熱門...
17:34:21  WARNING      ⚠️  www.ptt.cc → ('Connection aborted.', ConnectionResetError(104, 'Connection reset by peer'))
17:34:22  INFO    [PTT/Stock] [18] [新聞] 20歲女「社群媒體成癮」提告 Meta YouTu
17:34:22  INFO    [PTT/Stock] [6] [新聞] 日月光與楠梓電簽約，合建分屋擴大 AI
17:34:22  INFO    [PTT/Stock] [] [公告] 股票板板規 v4.7 (2024/10/06 修正)
17:34:22  INFO    [PTT/Stock] [6] [公告] 4-6-1罰則將在1/22開始到年底加重至30天
17:34:22  INFO    [PTT/Stock] [爆] [閒聊] 2026/03/26 盤後閒聊
17:34:23  INFO    [PTT/beauty] [6] [正妹] 姊妹合照, 不相上下
17:34:23  INFO    [PTT/beauty] [7] [正妹] 小雲
17:34:23  INFO    [PTT/beauty] [3] [正妹] 飛飛
17:34:24  INFO    [PTT/movie] [] [好雷] 電影版女王偵訊室The Final
17:34:24  INFO    [PTT/movie] [32] [討論] 星際效應是不是諾蘭最頂的電影？（雷）
17:34:24  INFO    [PTT/movie] [14] Re: [討論] 李奧納多跟甜茶是不是演太用力才拿不到獎
17:34:24  INFO    [PTT/movie] [1] [新聞] 席妮史威妮主演 Netflix 真人電影版鋼彈
17:34:25  INFO    [PTT/food] [] [食記] 台北士林區 Subber潛艇堡
17:34:25  INFO    [PTT/food] [] [食記] 宜蘭羅東白橡｜WhiteOak│路過的美味甜點
17:34:25  INFO    [PTT/food] [] [食記] 日本 旭川成吉思汗大黑屋 無腥味羔羊炙烤
17:34:25  INFO    [PTT/food] [] [食記] 劉家蝦公粄 屏東內埔 酥脆九層塔香蝦公粄
17:34:25  INFO    [PTT/food] [] [食記] 香港 HashtagB 超酥脆蛋撻大推開心果口味
17:34:25  INFO    📺 YouTube 台灣熱門...
17:34:26  INFO    🎵 TikTok...
17:34:27  INFO    [TikTok] #1 #sparemomentslive
17:34:27  INFO    🛍️  Shopee 台灣熱銷...
17:34:31  INFO    💬 Reddit 熱賣（本週）...
17:34:31  INFO    ✅ 生活趨勢完成
17:34:31  INFO  
④ 📰  消息面
17:34:31  INFO    [🇹🇼 台灣] 快訊》柯文哲案一審重判17年喪失2028總統參選資格| 政治
17:34:31  INFO    [🇹🇼 台灣] 中國統戰「長期經營黃珊珊」！起訴徐春鶯案外案四叉貓：因查帳破局- 政治
17:34:31  INFO    [🇹🇼 台灣] 京華城等案一審宣判 應曉薇判刑15年6月、沈慶京10年
17:34:31  INFO    [🇹🇼 台灣] 川普自導自演？ 陸官媒：伊朗揭秘「美國正與自己對話」
17:34:31  INFO    [🇹🇼 台灣] 未來1周鋒面一波波 明天雷雨開轟 清明連假恐溼答答
17:34:31  INFO    [🇹🇼 台灣] 蕭旭岑暗示馬英九失智？　周玉蔻提關鍵人物：金溥聰大動作必有她力挺
17:34:33  INFO    [🇯🇵 日本] 川普總統警告伊朗：「我們需要在為時已晚之前改變我們的態度。」（TBS NEWS DIG 由 JNN 提供支持）
17:34:35  INFO    [🇯🇵 日本] Pokémon Center Mega Tokyo & Pikachu Sweets 暫時關閉的通知 |神奇寶貝公司 |神奇寶貝公司
17:34:35  INFO    [🇯🇵 日本] 世界如何看待高市首相在日美首腦會談上的「擁抱」、「尖叫」、「嘲笑」？ 「外交部先生」所說的「最損害國家利益」的行為是什麼？
17:34:35  INFO    [🇯🇵 日本] 邊野子翻船事故後，高中改變解釋；副校長不理解浪潮諮詢，也沒有開會決定離職。
17:34:37  INFO    [🇯🇵 日本] 阿布達比石油總裁譴責伊朗的旅行限制是“經濟恐怖主義”
17:34:37  INFO    [🇯🇵 日本] 三陸近海發生M6.5地震，岩手縣盛岡市地震強度4級，無海嘯破壞
17:34:40  INFO    [🇰🇷 韓國] 在川普的敦促下，在沒有與伊朗達成「完全協議」的情況下停火的可能性上升…週末的分水嶺
17:34:41  INFO    [🇰🇷 韓國] 伊朗駐韓國大使：“與美國相連的韓國船隻不能通過霍爾木茲”
17:34:42  INFO    [🇰🇷 韓國] 航空公司機長被謀殺的目標是6人，而不是4人…金東煥“邪惡的既得利益者，天罰”
17:34:43  INFO    [🇰🇷 韓國] 高成國「無論誰出局，金富謙都會獲勝」…你沒看到民調嗎？
17:34:44  INFO    [🇰🇷 韓國] 27日起全國實施「一體化看護」…看診、居家看護正式開始
17:34:47  INFO    [🇰🇷 韓國] 仿製藥價格計算率從53.55%下調至45%…醫藥產業“慘淡業績”
17:34:47  INFO    [🇺🇸 美國] Trump tells Iran to "get serious" in negotiations "before it is too late"
17:34:47  INFO    [🇺🇸 美國] First Thing: Iran rejects US ceasefire plan and submits its own
17:34:47  INFO    [🇺🇸 美國] Melania Trump shares the spotlight with a robot at an education and technology event
17:34:47  INFO    [🇺🇸 美國] Missed paychecks and airport delays: Pressure mounts on Congress to end the funding shutdown
17:34:47  INFO    [🇺🇸 美國] Suburbanites embrace anti-Trump resistance before No Kings protests, saying, 'This is our fight'
17:34:47  INFO    [🇺🇸 美國] A $50 billion fund to help rural hospitals could actually lead to closures and cuts
17:35:02  INFO  
🖥️  產生 HTML 報告...
17:35:02  INFO  
✅  HTML：報告_20260326_1735.html
17:35:02  INFO  ✅  CSV：機會分析_20260326_1735.csv
17:35:02  INFO  📝  Log：logs/scan_20260326_173336.log
