17:48:59  INFO  ======================================================================
17:48:59  INFO  🔥  每日機會分析系統 v10
17:48:59  INFO  📅  2026-04-30 17:48
17:48:59  INFO  ======================================================================
17:48:59  INFO  
① 🌕  CRYPTO
17:48:59  ERROR    BTC-USD: float() argument must be a string or a real number, not 'Series'
17:49:00  ERROR    ETH-USD: float() argument must be a string or a real number, not 'Series'
17:49:00  ERROR    SOL-USD: float() argument must be a string or a real number, not 'Series'
17:49:01  ERROR    BNB-USD: float() argument must be a string or a real number, not 'Series'
17:49:01  ERROR    XRP-USD: float() argument must be a string or a real number, not 'Series'
17:49:02  INFO    ✅ Crypto 0 筆
17:49:02  INFO  
② 📈  股票
17:49:02  INFO    [台] 3293.TWO     鈊象電子         $       nan   +nan% 多空分歧
17:49:02  INFO             買入點：— 目前無買入信號  進場區：$736.3 ~ $751.1  止損：$717.8
17:49:03  INFO    [台] 00909.TW     國泰智能電動車ETF   $       nan   +nan% 多空分歧
17:49:03  INFO             買入點：— 目前無買入信號  進場區：$33.5 ~ $34.1  止損：$32.6
17:49:04  INFO    [台] 0056.TW      元大高股息        $       nan   +nan% 偏多
17:49:04  INFO             買入點：— 目前無買入信號  進場區：$36.6 ~ $37.4  止損：$35.7
17:49:05  INFO    [台] 6111.TWO     6111擎亞       $       nan   +nan% 多空分歧
17:49:05  INFO             買入點：— 目前無買入信號  進場區：$40.7 ~ $41.6  止損：$39.7
17:49:06  INFO    [台] 00878.TW     國泰永續高股息      $       nan   +nan% 三線多頭
17:49:06  INFO             買入點：— 目前無買入信號  進場區：$21.9 ~ $22.3  止損：$21.3
17:49:07  INFO    [台] 3017.TW      奇鋐           $       nan   +nan% 偏多
17:49:07  INFO             買入點：— 目前無買入信號  進場區：$2,004.9 ~ $2,045.2  止損：$1,954.5
17:49:07  INFO    [台] 00713.TW     元大高息低波       $       nan   +nan% 多空分歧
17:49:07  INFO             買入點：— 目前無買入信號  進場區：$50.8 ~ $51.9  止損：$49.6
17:49:08  INFO    [台] 00919.TW     群益台灣精選高息     $       nan   +nan% 三線多頭
17:49:08  INFO             買入點：— 目前無買入信號  進場區：$22.1 ~ $22.6  止損：$21.6
17:49:09  INFO    [美] NVDA         NVIDIA       $    200.70  -4.09% 多空分歧
17:49:09  INFO             買入點：— 目前無買入信號  進場區：$170.5 ~ $173.9  止損：$166.2
17:49:10  INFO    [美] GEV          GE Vernova   $  1,088.72  +2.41% 多空分歧
17:49:10  INFO             買入點：— 目前無買入信號  進場區：$849.2 ~ $866.3  止損：$840.0
17:49:11  INFO    [台] 2330.TW      台積電          $       nan   +nan% 三線多頭
17:49:11  INFO             買入點：— 目前無買入信號  進場區：$1,796.0 ~ $1,832.1  止損：$1,750.8
17:49:12  INFO    [美] AMD          AMD          $    353.80  +4.95% 三線多頭
17:49:12  INFO             買入點：— 目前無買入信號  進場區：$187.5 ~ $191.3  止損：$194.6
17:49:13  INFO    [美] TSM          台積電ADR       $    395.16  +0.34% 多空分歧
17:49:13  INFO             買入點：— 目前無買入信號  進場區：$325.2 ~ $331.7  止損：$317.0
17:49:13  INFO    [台] 2317.TW      鴻海           $       nan   +nan% 多空分歧
17:49:13  INFO             買入點：— 目前無買入信號  進場區：$188.6 ~ $192.3  止損：$183.8
17:49:14  INFO    [台] 2530.TW      華建           $       nan   +nan% 三線空頭
17:49:14  INFO             買入點：— 目前無買入信號  進場區：$20.4 ~ $20.8  止損：$19.9
17:49:15  INFO    [美] MU           美光           $    510.46  -1.54% 三線多頭
17:49:15  INFO             買入點：— 目前無買入信號  進場區：$338.5 ~ $345.3  止損：$330.0
17:49:16  INFO    [美] LRCX         科林研發         $    257.80  +3.64% 多空分歧
17:49:16  INFO             買入點：— 目前無買入信號  進場區：$207.8 ~ $211.9  止損：$202.5
17:49:17  INFO    [台] 00631L.TW    元大台灣50正2     $       nan   +nan% 三線多頭
17:49:17  INFO             買入點：— 目前無買入信號  進場區：$19.8 ~ $20.2  止損：$19.3
17:49:18  INFO    [台] 00910.TW     第一金太空衛星      $       nan   +nan% 多空分歧
17:49:18  INFO             買入點：— 目前無買入信號  進場區：$56.6 ~ $57.7  止損：$55.1
17:49:19  INFO    [台] 2308.TW      台達電          $       nan   +nan% 三線多頭
17:49:19  INFO             買入點：— 目前無買入信號  進場區：$1,412.9 ~ $1,441.3  止損：$1,377.4
17:49:21  INFO    ✅ 股票 20 筆
17:49:21  INFO  
③ 🌟  生活熱門趨勢
17:49:21  INFO    📊 Google Trends 台灣（生活/食衣住行）...
17:49:22  INFO    [食品飲料] 熱度:11 動能:-1% 最熱關鍵字：美食 ❄️
17:49:25  INFO    [服飾美妝] 熱度:41 動能:+8% 最熱關鍵字：防曬 🔥🔥
17:49:28  INFO    [居家生活] 熱度:30 動能:-6% 最熱關鍵字：家具 ❄️
17:49:31  INFO    [娛樂3C] 熱度:39 動能:+18% 最熱關鍵字：手機 🔥🔥
17:49:34  INFO    [健康運動] 熱度:36 動能:-4% 最熱關鍵字：健身 ❄️
17:49:36  INFO    [旅遊交通] 熱度:33 動能:+8% 最熱關鍵字：機票 🔥🔥
17:49:38  INFO    💬 Dcard 熱門...
17:49:38  WARNING      ⚠️  www.dcard.tw → 403 Client Error: Forbidden for url: https://www.dcard.tw/f/trending
17:49:38  INFO    📋 PTT 熱門...
17:49:39  WARNING      ⚠️  www.ptt.cc → ('Connection aborted.', ConnectionResetError(104, 'Connection reset by peer'))
17:49:39  INFO    [PTT/Stock] [12] [新聞] 萬科一季度虧損近60億 兩年累計虧逾1380
17:49:39  INFO    [PTT/Stock] [20] Re: [請益] GOOGL和AMZN獲利大增原因
17:49:39  INFO    [PTT/Stock] [] [公告] 股票板板規 v4.7 (2024/10/06 修正)
17:49:39  INFO    [PTT/Stock] [6] [公告] 4-6-1罰則將在1/22開始到年底加重至30天
17:49:39  INFO    [PTT/Stock] [爆] [閒聊] 2026/04/30 盤後閒聊
17:49:40  INFO    [PTT/beauty] [14] [正妹] 比較大的阿部
17:49:40  INFO    [PTT/beauty] [1] [正妹] 阿思穿 CK
17:49:40  INFO    [PTT/beauty] [12] [正妹] 俄羅斯, 金髮,白垂
17:49:40  INFO    [PTT/beauty] [4] [正妹] Ann_台大法律美女
17:49:41  INFO    [PTT/movie] [1] [好雷] 0時盜數 穩定輸出的警匪片
17:49:41  INFO    [PTT/movie] [6] [新聞] 「美國隊長」新片《沙漠戰士》耗資 1.5
17:49:41  INFO    [PTT/movie] [1] [  雷] 動物農莊
17:49:41  INFO    [PTT/movie] [] [新聞] 紀錄片《偷襲美國》首播 揭中共超限戰內幕
17:49:42  INFO    [PTT/food] [] [食記] 台北南港 島語自助餐吃到飽 假日下午茶
17:49:42  INFO    [PTT/food] [] [食記] 新北蘆洲 火岩堂職人三火封香雞排
17:49:42  INFO    [PTT/food] [] [公告] Food板 板規 V3.91
17:49:42  INFO    [PTT/food] [18] [公告] 發文請在標題加上地區及提供地址電話。^^
17:49:43  INFO    📺 YouTube 台灣熱門...
17:49:43  INFO    🎵 TikTok...
17:49:44  INFO    [TikTok] #1 #prom
17:49:44  INFO    🛍️  Shopee 台灣熱銷...
17:49:47  INFO    💬 Reddit 熱賣（本週）...
17:49:47  INFO    ✅ 生活趨勢完成
17:49:47  INFO  
④ 📰  消息面
17:49:47  INFO    [🇹🇼 台灣] 黃建豪觀點》鄭麗文路線失控揮刀韓國瑜公然向黨內宣戰| 政治
17:49:47  INFO    [🇹🇼 台灣] 柯文哲涉京華城及政治獻金案一審判17年 北檢提上訴
17:49:47  INFO    [🇹🇼 台灣] 土城廠區遭檢調搜索！疑處長級主管涉收千萬回扣 鴻海回應了
17:49:47  INFO    [🇹🇼 台灣] 台灣人為什麼不吃築間？　遭指「草店」老闆林楷傑不忍了：已影響到家人小孩
17:49:47  INFO    [🇹🇼 台灣] 邱毅譏趙少康「過氣金童」：鄭麗文根本不放眼裡 料跟「他」同下場
17:49:47  INFO    [🇹🇼 台灣] 孫德榮吃早餐「臉歪嘴斜流口水」急送醫！　確診腦部血栓強制住院
17:49:49  INFO    [🇯🇵 日本] 高市首相評價日本船隻通過並再次請求伊朗總統安全航行
17:49:52  INFO    [🇯🇵 日本] 通緝福生大男子主義鐵鎚男≫母親獨家坦白，“男孩們從半夜到早上都吵鬧……我寶貴的睡眠時間被打擾了”“我希望他自首”，還提到了三年前的事件（集英社在線）
17:49:53  INFO    [🇯🇵 日本] 【突發新聞】旭山動物園員工因涉嫌毀損屍體而被捕。他抬著妻子的屍體準備焚燒。屍體的一部分在焚化爐中被發現。 |訊息
17:49:53  INFO    [🇯🇵 日本] 一名投訴前首席檢察官性侵犯的女檢察官提交了辭呈……「我的投訴繼續被忽視，我無處可去，」她淚流滿面地說。
17:49:55  INFO    [🇯🇵 日本] 伊朗新任最高領導人宣布核技術和飛彈技術「防禦」——不尋常的聲明
17:49:57  INFO    [🇯🇵 日本] 川普考慮減少美國在德國的軍事存在——“將很快做出決定”
17:49:58  INFO    [🇰🇷 韓國] 特別檢察法為李總統‘大長洞及朝鮮匯款審判’的結論鋪平了道路……法律界批評“不當”
17:49:59  INFO    [🇰🇷 韓國] 李總統：“一些有組織的工人為了自己的生存而提出過高的要求。”
17:50:00  INFO    [🇰🇷 韓國] 「真是瘋了」…「尹錫烈參謀長」因鄭鎮錫宣布補選而受到批評
17:50:03  INFO    [🇰🇷 韓國] [獨家]安德根「12月3日」收到簡訊二審被推翻有罪
17:50:06  INFO    [🇰🇷 韓國] 依地區和學校選拔多少人進入當地醫生系統？ 2027學年選拔名額確定
17:50:07  INFO    [🇰🇷 韓國] [MBC民調]首爾市長虛擬對決...鄭元吳 48% VS 吳世勳 32%
17:50:07  INFO    [🇺🇸 美國] Congress ends record-shattering DHS shutdown
17:50:07  INFO    [🇺🇸 美國] Trump Live Updates: Hegseth Testifies Again After Hearing Dominated By Iran War
17:50:07  INFO    [🇺🇸 美國] What to Know About the Stabbing Attack Against 2 Jewish Men in London
17:50:07  INFO    [🇺🇸 美國] Maine Gov. Janet Mills drops out of race to unseat Republican Sen. Susan Collins
17:50:07  INFO    [🇺🇸 美國] Louisiana congressional primaries are suspended as a result of the Supreme Court’s ruling
17:50:07  INFO    [🇺🇸 美國] Iran's Supreme Leader Mojtaba Khamenei says new management of Strait of Hormuz 'will bring calm'
17:50:21  INFO  
🖥️  產生 HTML 報告...
17:50:21  INFO  
✅  HTML：報告_20260430_1750.html
17:50:21  INFO  ✅  CSV：機會分析_20260430_1750.csv
17:50:21  INFO  📝  Log：logs/scan_20260430_174859.log
