23:41:55  INFO  ======================================================================
23:41:55  INFO  🔥  每日機會分析系統 v10
23:41:55  INFO  📅  2026-04-22 23:41
23:41:55  INFO  ======================================================================
23:41:55  INFO  
① 🌕  CRYPTO
23:41:55  ERROR    BTC-USD: float() argument must be a string or a real number, not 'Series'
23:41:56  ERROR    ETH-USD: float() argument must be a string or a real number, not 'Series'
23:41:57  ERROR    SOL-USD: float() argument must be a string or a real number, not 'Series'
23:41:58  ERROR    BNB-USD: float() argument must be a string or a real number, not 'Series'
23:41:59  ERROR    XRP-USD: float() argument must be a string or a real number, not 'Series'
23:41:59  INFO    ✅ Crypto 0 筆
23:41:59  INFO  
② 📈  股票
23:42:00  INFO    [台] 3293.TWO     鈊象電子         $    790.00  +1.41% 三線多頭
23:42:00  INFO             買入點：— 目前無買入信號  進場區：$724.4 ~ $738.9  止損：$706.2
23:42:01  INFO    [台] 00909.TW     國泰智能電動車ETF   $       nan   +nan% 多空分歧
23:42:01  INFO             買入點：— 目前無買入信號  進場區：$32.9 ~ $33.5  止損：$32.1
23:42:02  INFO    [台] 0056.TW      元大高股息        $       nan   +nan% 三線多頭
23:42:02  INFO             買入點：— 目前無買入信號  進場區：$36.9 ~ $37.6  止損：$35.9
23:42:03  INFO    [台] 6111.TWO     6111擎亞       $     49.40  +1.02% 多空分歧
23:42:03  INFO             買入點：— 目前無買入信號  進場區：$39.1 ~ $39.9  止損：$38.7
23:42:04  INFO    [台] 00878.TW     國泰永續高股息      $       nan   +nan% 三線多頭
23:42:04  INFO             買入點：— 目前無買入信號  進場區：$21.7 ~ $22.1  止損：$21.1
23:42:05  INFO    [台] 3017.TW      奇鋐           $  2,695.00  +5.07% 三線多頭
23:42:05  INFO             買入點：— 目前無買入信號  進場區：$1,849.9 ~ $1,887.1  止損：$1,857.5
23:42:06  INFO    [台] 00713.TW     元大高息低波       $       nan   +nan% 三線多頭
23:42:06  INFO             買入點：— 目前無買入信號  進場區：$50.4 ~ $51.4  止損：$49.1
23:42:07  INFO    [台] 00919.TW     群益台灣精選高息     $       nan   +nan% 三線多頭
23:42:07  INFO             買入點：— 目前無買入信號  進場區：$21.9 ~ $22.3  止損：$21.3
23:42:08  INFO    [美] NVDA         NVIDIA       $    202.50  +1.31% 偏多
23:42:08  INFO             買入點：— 目前無買入信號  進場區：$159.9 ~ $163.1  止損：$159.3
23:42:09  INFO    [美] GEV          GE Vernova   $  1,127.56 +13.75% 三線多頭
23:42:09  INFO             買入點：— 目前無買入信號  進場區：$799.9 ~ $816.0  止損：$782.8
23:42:10  INFO    [台] 2330.TW      台積電          $  2,050.00  +0.00% 多空分歧
23:42:10  INFO             買入點：— 目前無買入信號  進場區：$1,700.3 ~ $1,734.5  止損：$1,707.2
23:42:11  INFO    [美] AMD          AMD          $    303.46  +6.67% 三線多頭
23:42:11  INFO             買入點：— 目前無買入信號  進場區：$174.6 ~ $178.1  止損：$187.1
23:42:12  INFO    [美] TSM          台積電ADR       $    387.44  +5.26% 三線多頭
23:42:12  INFO             買入點：— 目前無買入信號  進場區：$312.2 ~ $318.5  止損：$304.4
23:42:13  INFO    [台] 2317.TW      鴻海           $    221.00  +4.74% 多空分歧
23:42:13  INFO             買入點：— 目前無買入信號  進場區：$185.1 ~ $188.8  止損：$181.9
23:42:14  INFO    [台] 2530.TW      華建           $     21.75  -2.47% 三線空頭
23:42:14  INFO             買入點：🎯 一條件滿足 — 待確認  進場區：$21.3 ~ $21.7  止損：$21.0
23:42:15  INFO    [美] MU           美光           $    487.48  +8.48% 三線多頭
23:42:15  INFO             買入點：— 目前無買入信號  進場區：$308.9 ~ $315.1  止損：$302.1
23:42:16  INFO    [美] LRCX         科林研發         $    265.55  +2.78% 多空分歧
23:42:16  INFO             買入點：— 目前無買入信號  進場區：$192.3 ~ $196.2  止損：$192.6
23:42:17  INFO    [台] 00631L.TW    元大台灣50正2     $       nan   +nan% 多空分歧
23:42:17  INFO             買入點：— 目前無買入信號  進場區：$19.1 ~ $19.5  止損：$18.7
23:42:18  INFO    [台] 00910.TW     第一金太空衛星      $       nan   +nan% 三線多頭
23:42:18  INFO             買入點：— 目前無買入信號  進場區：$54.2 ~ $55.3  止損：$52.9
23:42:19  INFO    [台] 2308.TW      台達電          $  2,015.00  +0.00% 三線多頭
23:42:19  INFO             買入點：— 目前無買入信號  進場區：$1,258.1 ~ $1,283.4  止損：$1,324.0
23:42:23  INFO    ✅ 股票 20 筆
23:42:23  INFO  
③ 🌟  生活熱門趨勢
23:42:23  INFO    📊 Google Trends 台灣（生活/食衣住行）...
23:42:24  INFO    [食品飲料] 熱度:5 動能:-48% 最熱關鍵字：美食 ❄️
23:42:27  INFO    [服飾美妝] 熱度:31 動能:-9% 最熱關鍵字：防曬 ❄️
23:42:30  INFO    [居家生活] 熱度:19 動能:-39% 最熱關鍵字：家具 ❄️
23:42:32  INFO    [娛樂3C] 熱度:34 動能:-10% 最熱關鍵字：手機 ❄️
23:42:35  INFO    [健康運動] 熱度:32 動能:-21% 最熱關鍵字：健身 ❄️
23:42:37  INFO    [旅遊交通] 熱度:22 動能:-26% 最熱關鍵字：機票 ❄️
23:42:39  INFO    💬 Dcard 熱門...
23:42:40  WARNING      ⚠️  www.dcard.tw → 403 Client Error: Forbidden for url: https://www.dcard.tw/f/trending
23:42:40  INFO    📋 PTT 熱門...
23:42:40  WARNING      ⚠️  www.ptt.cc → ('Connection aborted.', ConnectionResetError(104, 'Connection reset by peer'))
23:42:40  INFO    [PTT/Stock] [13] [標的] 1303 南亞 破布委屈多
23:42:40  INFO    [PTT/Stock] [54] [心得] 劣人 信貸 x 質押 x 債券
23:42:40  INFO    [PTT/Stock] [31] [請益] 油價與台股完全脫鉤？
23:42:40  INFO    [PTT/Stock] [30] [請益] 為什麼主動基金更強卻沒什麼人討論
23:42:41  INFO    [PTT/beauty] [4] [正妹] 韓國大肌肌 金賢姈
23:42:41  INFO    [PTT/beauty] [] [正妹] 泡泡
23:42:41  INFO    [PTT/beauty] [] [正妹] 姚璟浩
23:42:41  INFO    [PTT/beauty] [] [正妹] 陳明曦
23:42:41  INFO    [PTT/beauty] [94] [公告] 不願上表特 ＆ 優文推薦 ＆ 檢舉建議專區
23:42:42  INFO    [PTT/movie] [1] 特技玩家  觀後感
23:42:42  INFO    [PTT/movie] [] [新聞]《穿著Prada的惡魔2》好評爆棚！諷刺媒體
23:42:42  INFO    [PTT/movie] [3] [新聞]不只是金鋼狼！萊恩雷諾斯點名《死侍4》想
23:42:42  INFO    [PTT/movie] [13] [新聞]傳記片《麥可傑克森》外媒負評如潮！遭砲
23:42:43  INFO    [PTT/food] [] [食記] 韓國首爾弘大花蟹世界
23:42:43  INFO    [PTT/food] [] [食記] 手打神代蕎麥 日本島根 三彩十割蕎麥麵
23:42:43  INFO    [PTT/food] [] [食記] 美國-華盛頓特區| Ben's Chili Bowl
23:42:43  INFO    [PTT/food] [] [食記] 茨城 四〇屋 水戶車站旁的必嘗痛風鍋
23:42:43  INFO    [PTT/food] [1] [食記]首爾明洞 庭院嫩豆腐鍋
23:42:44  INFO    📺 YouTube 台灣熱門...
23:42:44  INFO    🎵 TikTok...
23:42:45  INFO    [TikTok] #1 #golivegrowfast
23:42:45  INFO    🛍️  Shopee 台灣熱銷...
23:42:48  INFO    💬 Reddit 熱賣（本週）...
23:42:48  INFO    ✅ 生活趨勢完成
23:42:48  INFO  
④ 📰  消息面
23:42:49  INFO    [🇹🇼 台灣] 川普無限期延長美伊停火白宮證實范斯不赴巴基斯坦談判| 國際
23:42:49  INFO    [🇹🇼 台灣] 全台濕涼大變天　鋒面雨帶橫掃2天「紅爆大雷雨」+強風來襲
23:42:49  INFO    [🇹🇼 台灣] 強！「最佳辯士」慘遭5校醫科取消錄取 現況曝光
23:42:49  INFO    [🇹🇼 台灣] 快訊》藍北市松信區議員初選！李明璇、許原榮勝出楊智伃落馬哭了| 政治
23:42:49  INFO    [🇹🇼 台灣] 中國阻賴清德出訪 趙少康：中共真的過頭了
23:42:49  INFO    [🇹🇼 台灣] 太空照揭護國神山「斬颱刀」現形！網驚喊：難怪颱風被切爛
23:42:50  INFO    [🇯🇵 日本] 川普不會設定延長伊朗停火的最後期限：消息人士
23:42:50  INFO    [🇯🇵 日本] 涉嫌遺棄男孩的養父：「送他到學校後，他停在公共廁所」......在搜查過程中向京都府警察解釋
23:42:52  INFO    [🇯🇵 日本] 伊朗革命衛隊扣押了兩艘「未經授權通過」的船隻；霍爾木茲海峽砲彈受損
23:42:54  INFO    [🇯🇵 日本] 岩手縣大槌町的森林大火也燒毀了私人住宅；縣設立特別災害預警指揮部
23:42:55  INFO    [🇯🇵 日本] 直前まで通常通り射撃 陸上自衛隊の砲弾破裂の戦車、大分4人死傷事故
23:42:57  INFO    [🇯🇵 日本] 以色列再次襲擊黎巴嫩南部；中美會談前夕局勢緊張
23:42:59  INFO    [🇰🇷 韓國] 白宮：「提案沒有最後期限」…否認「3-5天有限停火」的報道
23:43:01  INFO    [🇰🇷 韓國] 韓國和越南簽署12份諒解備忘錄，包括核電廠合作、“能源和供應鏈密切合作”
23:43:02  INFO    [🇰🇷 韓國] 霍爾木茲不穩定...伊朗“扣押2艘船” 美國“扣押至少3艘油輪”
23:43:03  INFO    [🇰🇷 韓國] 貨運工人死亡後，CU“5級分包”…“拒絕以分包商為盾進行談判”
23:43:06  INFO    [🇰🇷 韓國] 前眾議院議長：“韓國政府正在走上錯誤的道路……華盛頓不會袖手旁觀。”
23:43:09  INFO    [🇰🇷 韓國] 中部內陸地區日氣溫範圍約15度……南部沿海和濟州島多雲多雨。
23:43:09  INFO    [🇺🇸 美國] Iran fires on 2 ships in Strait of Hormuz after Trump extends ceasefire
23:43:09  INFO    [🇺🇸 美國] Navy Secretary Is Out, Pentagon Says
23:43:09  INFO    [🇺🇸 美國] Appeals court blocks enforcement of California ID law for federal officers
23:43:09  INFO    [🇺🇸 美國] Trump claims Virginia redistricting election was 'rigged'
23:43:09  INFO    [🇺🇸 美國] Chemical leak at a West Virginia plant kills 2 people and sends 19 to hospital, officials say
23:43:09  INFO    [🇺🇸 美國] EU unblocks €90 billion loan to Ukraine
23:43:23  INFO  
🖥️  產生 HTML 報告...
23:43:23  INFO  
✅  HTML：報告_20260422_2343.html
23:43:23  INFO  ✅  CSV：機會分析_20260422_2343.csv
23:43:23  INFO  📝  Log：logs/scan_20260422_234155.log
