23:52:13  INFO  ======================================================================
23:52:13  INFO  🔥  每日機會分析系統 v10
23:52:13  INFO  📅  2026-04-28 23:52
23:52:13  INFO  ======================================================================
23:52:13  INFO  
① 🌕  CRYPTO
23:52:15  ERROR    BTC-USD: float() argument must be a string or a real number, not 'Series'
23:52:16  ERROR    ETH-USD: float() argument must be a string or a real number, not 'Series'
23:52:17  ERROR    SOL-USD: float() argument must be a string or a real number, not 'Series'
23:52:17  ERROR    BNB-USD: float() argument must be a string or a real number, not 'Series'
23:52:18  ERROR    XRP-USD: float() argument must be a string or a real number, not 'Series'
23:52:19  INFO    ✅ Crypto 0 筆
23:52:19  INFO  
② 📈  股票
23:52:20  INFO    [台] 3293.TWO     鈊象電子         $    755.00  +0.94% 多空分歧
23:52:20  INFO             買入點：🎯 一條件滿足 — 待確認  進場區：$727.3 ~ $742.0  止損：$709.1
23:52:21  INFO    [台] 00909.TW     國泰智能電動車ETF   $       nan   +nan% 多空分歧
23:52:21  INFO             買入點：— 目前無買入信號  進場區：$32.9 ~ $33.5  止損：$32.1
23:52:23  INFO    [台] 0056.TW      元大高股息        $       nan   +nan% 偏多
23:52:23  INFO             買入點：— 目前無買入信號  進場區：$36.0 ~ $36.7  止損：$35.1
23:52:24  INFO    [台] 6111.TWO     6111擎亞       $     45.60  -2.25% 多空分歧
23:52:24  INFO             買入點：🎯 一條件滿足 — 待確認  進場區：$39.7 ~ $40.5  止損：$38.7
23:52:25  INFO    [台] 00878.TW     國泰永續高股息      $       nan   +nan% 三線多頭
23:52:25  INFO             買入點：— 目前無買入信號  進場區：$21.7 ~ $22.1  止損：$21.1
23:52:26  INFO    [台] 3017.TW      奇鋐           $  2,780.00  -1.94% 三線多頭
23:52:26  INFO             買入點：— 目前無買入信號  進場區：$1,810.7 ~ $1,847.1  止損：$1,886.6
23:52:27  INFO    [台] 00713.TW     元大高息低波       $       nan   +nan% 多空分歧
23:52:27  INFO             買入點：— 目前無買入信號  進場區：$50.4 ~ $51.4  止損：$49.1
23:52:28  INFO    [台] 00919.TW     群益台灣精選高息     $       nan   +nan% 多空分歧
23:52:28  INFO             買入點：— 目前無買入信號  進場區：$21.9 ~ $22.3  止損：$21.3
23:52:30  INFO    [美] NVDA         NVIDIA       $    213.17  -1.59% 三線多頭
23:52:30  INFO             買入點：— 目前無買入信號  進場區：$166.1 ~ $169.5  止損：$162.0
23:52:31  INFO    [美] GEV          GE Vernova   $  1,088.93  -2.79% 三線多頭
23:52:31  INFO             買入點：— 目前無買入信號  進場區：$817.6 ~ $834.0  止損：$799.3
23:52:32  INFO    [台] 2330.TW      台積電          $  2,215.00  -2.21% 三線多頭
23:52:32  INFO             買入點：— 目前無買入信號  進場區：$1,717.3 ~ $1,751.8  止損：$1,707.2
23:52:33  INFO    [美] AMD          AMD          $    323.21  -3.41% 三線多頭
23:52:33  INFO             買入點：— 目前無買入信號  進場區：$177.4 ~ $181.0  止損：$190.5
23:52:34  INFO    [美] TSM          台積電ADR       $    392.34  -3.12% 三線多頭
23:52:34  INFO             買入點：— 目前無買入信號  進場區：$319.5 ~ $326.0  止損：$311.5
23:52:36  INFO    [台] 2317.TW      鴻海           $    225.50  -1.10% 多空分歧
23:52:36  INFO             買入點：— 目前無買入信號  進場區：$181.6 ~ $185.2  止損：$181.9
23:52:37  INFO    [台] 2530.TW      華建           $     21.20  -0.93% 三線空頭
23:52:37  INFO             買入點：🎯 一條件滿足 — 待確認  進場區：$20.4 ~ $20.8  止損：$19.9
23:52:38  INFO    [美] MU           美光           $    504.29  -3.86% 三線多頭
23:52:38  INFO             買入點：— 目前無買入信號  進場區：$309.9 ~ $316.2  止損：$302.1
23:52:40  INFO    [美] LRCX         科林研發         $    251.23  -3.18% 多空分歧
23:52:40  INFO             買入點：🎯 一條件滿足 — 待確認  進場區：$202.0 ~ $206.1  止損：$196.9
23:52:41  INFO    [台] 00631L.TW    元大台灣50正2     $       nan   +nan% 三線多頭
23:52:41  INFO             買入點：— 目前無買入信號  進場區：$19.1 ~ $19.5  止損：$18.7
23:52:42  INFO    [台] 00910.TW     第一金太空衛星      $       nan   +nan% 多空分歧
23:52:42  INFO             買入點：— 目前無買入信號  進場區：$54.2 ~ $55.3  止損：$52.9
23:52:43  INFO    [台] 2308.TW      台達電          $  2,125.00  +5.20% 三線多頭
23:52:43  INFO             買入點：— 目前無買入信號  進場區：$1,304.8 ~ $1,331.0  止損：$1,324.0
23:52:46  INFO    ✅ 股票 20 筆
23:52:46  INFO  
③ 🌟  生活熱門趨勢
23:52:46  INFO    📊 Google Trends 台灣（生活/食衣住行）...
23:52:48  INFO    [食品飲料] 熱度:6 動能:-39% 最熱關鍵字：美食 ❄️
23:52:50  INFO    [服飾美妝] 熱度:32 動能:-15% 最熱關鍵字：防曬 ❄️
23:52:53  INFO    [居家生活] 熱度:19 動能:-32% 最熱關鍵字：家具 ❄️
23:52:56  INFO    [娛樂3C] 熱度:38 動能:+1% 最熱關鍵字：手機 🔥
23:52:58  INFO    [健康運動] 熱度:41 動能:-1% 最熱關鍵字：健身 ❄️
23:53:01  INFO    [旅遊交通] 熱度:23 動能:-19% 最熱關鍵字：機票 ❄️
23:53:03  INFO    💬 Dcard 熱門...
23:53:04  WARNING      ⚠️  www.dcard.tw → 403 Client Error: Forbidden for url: https://www.dcard.tw/f/trending
23:53:04  INFO    📋 PTT 熱門...
23:53:04  WARNING      ⚠️  www.ptt.cc → ('Connection aborted.', ConnectionResetError(104, 'Connection reset by peer'))
23:53:04  INFO    [PTT/Stock] [爆] [新聞] 川普：伊朗求開放荷姆茲海峽 已陷「崩潰
23:53:04  INFO    [PTT/Stock] [36] [新聞] 伊朗伊斯蘭革命衛隊：已實現對荷姆茲海
23:53:04  INFO    [PTT/Stock] [4] Re: [新聞] 玻纖布供應太緊了! 陸 CCL 龍頭建滔第四
23:53:04  INFO    [PTT/Stock] [22] [新聞] 伊朗戰爭令中國經濟承壓，廣西數千名工人
23:53:04  INFO    [PTT/Stock] [35] [標的] 請問0056換0050
23:53:05  INFO    [PTT/beauty] [1] [正妹] 小問_羨慕狗
23:53:05  INFO    [PTT/beauty] [9] [正妹] 河北彩花
23:53:05  INFO    [PTT/beauty] [38] [正妹] 自取其辱
23:53:05  INFO    [PTT/beauty] [] [正妹] 阮花花
23:53:05  INFO    [PTT/beauty] [14] [正妹] 巨乳熟女
23:53:06  INFO    [PTT/movie] [5] Re: [新聞] 影壇慘案！中國這電影「上映1個月僅3人看
23:53:06  INFO    [PTT/movie] [10] [新聞] 《穿著Prada的惡魔》10大金句一次看　米
23:53:06  INFO    [PTT/movie] [11] [普雷] 家弒服務
23:53:06  INFO    [PTT/movie] [54] [討論] 看凱吉的變臉 好想吐喔
23:53:06  INFO    [PTT/movie] [3] [好雷] 0時盜數：盜亦有道(個屁)
23:53:08  INFO    [PTT/food] [] [食記] 台北 すし謙
23:53:08  INFO    [PTT/food] [] [食記] 沖繩那霸機場OKA ラウンジ華 Lounge hana
23:53:08  INFO    [PTT/food] [] [食記] 彰化 山美燒肉 炭火香氣不錯的老宅燒肉
23:53:08  INFO    [PTT/food] [1] [食記] About H Coffee 台北中正 巴斯克與貓咪
23:53:08  INFO    [PTT/food] [] [食記] 桃園 饗厚牛排桃園店自助吧吃到飽
23:53:08  INFO    📺 YouTube 台灣熱門...
23:53:08  INFO    🎵 TikTok...
23:53:10  INFO    [TikTok] #1 #prom
23:53:10  INFO    🛍️  Shopee 台灣熱銷...
23:53:13  INFO    💬 Reddit 熱賣（本週）...
23:53:14  INFO    ✅ 生活趨勢完成
23:53:14  INFO  
④ 📰  消息面
23:53:14  INFO    [🇹🇼 台灣] 柯文哲拆橋政績爆弊案？「3.1億變3千萬」北檢分案偵辦
23:53:14  INFO    [🇹🇼 台灣] 川普：伊朗求開放荷姆茲海峽 稱陷「崩潰狀態」
23:53:14  INFO    [🇹🇼 台灣] 沈伯洋戰北市拋「停辦雙城論壇」 黃揚明掀他2張底牌 可能對蔣萬安不利 | 黃律齊 | 新聞
23:53:14  INFO    [🇹🇼 台灣] 明起連2天全台濕答答！ 中部以北防雨彈、高溫掉到21度
23:53:14  INFO    [🇹🇼 台灣] 新北市長選舉藍白合民調出爐李四川勝出| 政治
23:53:14  INFO    [🇹🇼 台灣] 呂禮詩爽領退休俸讚「祖國強大」無法管四叉貓曝一招讓他沒錢領網喊妙招| 政治
23:53:18  INFO    [🇯🇵 日本] 旭川市長：“旭山動物園正處於前所未有的危機”；由於工作人員“將妻子的屍體遺棄在焚化爐中”，開幕推遲......“太可怕了”並取消了
23:53:19  INFO    [🇯🇵 日本] 每週天氣預報 黃金周晴好天氣不會持續太久，需注意氣溫變化
23:53:21  INFO    [🇯🇵 日本] 受害者「400-5億日元消失」「保險箱」被撬開被偷......八王子
23:53:21  INFO    [🇯🇵 日本] トランプ氏「イラン崩壊状態」、 ホルムズ開放を要請と主張
23:53:23  INFO    [🇯🇵 日本] 2600食のステーキやロブスターを保護施設に寄付 発砲事件で中止の夕食会で主菜予定
23:53:26  INFO    [🇯🇵 日本] 「為什麼不道歉？」針對邊野古海岸一名高中女生死亡的事故，反基地組織的高層做出了令人驚訝的反應！ （新潮日報）
23:53:30  INFO    [🇰🇷 韓國] 如果每月定期工作的話，「公平津貼是38萬韓元」…工作不安全感越大，補償就越高。
23:53:31  INFO    [🇰🇷 韓國] 김건희 2심 징역 4년 선고…‘주가조작·샤넬백’ 유죄로 뒤집혀
23:53:32  INFO    [🇰🇷 韓國] 被排除在外的金墉表示：“我尊重外交委員會的決定……我將穿白衣任職。”
23:53:33  INFO    [🇰🇷 韓國] 日本油輪「自伊朗戰爭以來首次」通過霍爾木茲海峽
23:53:35  INFO    [🇰🇷 韓國] [6/3地方選舉採訪]秋慶浩“我們將大力改革大邱經濟......保守黨將迅速集結。”
23:53:37  INFO    [🇰🇷 韓國] 이 대통령, 하정우에 “어디서든 국민 위한 역할을”…‘보선 출마’ 사표 재가
23:53:37  INFO    [🇺🇸 美國] King Charles reaffirms 'special' relationship with U.S. amid tensions over Iran war
23:53:37  INFO    [🇺🇸 美國] Exclusive: Former FBI Director James Comey indicted over alleged ‘threat’ against Trump
23:53:37  INFO    [🇺🇸 美國] FCC orders early license renewal for ABC stations following Kimmel's first lady joke
23:53:37  INFO    [🇺🇸 美國] US agents raid 22 Minnesota sites in social-welfare fraud probe
23:53:37  INFO    [🇺🇸 美國] 'It's bizarre': Californians grapple with revelation that suspected Trump gunman was neighbour
23:53:37  INFO    [🇺🇸 美國] Former Fauci aide charged with concealing Covid records
23:53:54  INFO  
🖥️  產生 HTML 報告...
23:53:54  INFO  
✅  HTML：報告_20260428_2353.html
23:53:54  INFO  ✅  CSV：機會分析_20260428_2353.csv
23:53:54  INFO  📝  Log：logs/scan_20260428_235213.log
