17:31:07  INFO  ======================================================================
17:31:07  INFO  🔥  每日機會分析系統 v10
17:31:07  INFO  📅  2026-05-01 17:31
17:31:07  INFO  ======================================================================
17:31:07  INFO  
① 🌕  CRYPTO
17:31:08  ERROR    BTC-USD: float() argument must be a string or a real number, not 'Series'
17:31:08  ERROR    ETH-USD: float() argument must be a string or a real number, not 'Series'
17:31:09  ERROR    SOL-USD: float() argument must be a string or a real number, not 'Series'
17:31:10  ERROR    BNB-USD: float() argument must be a string or a real number, not 'Series'
17:31:10  ERROR    XRP-USD: float() argument must be a string or a real number, not 'Series'
17:31:10  INFO    ✅ Crypto 0 筆
17:31:10  INFO  
② 📈  股票
17:31:11  INFO    [台] 3293.TWO     鈊象電子         $    748.00  -1.06% 多空分歧
17:31:11  INFO             買入點：🎯 一條件滿足 — 待確認  進場區：$734.3 ~ $749.1  止損：$715.9
17:31:12  INFO    [台] 00909.TW     國泰智能電動車ETF   $     41.43  -1.52% 多空分歧
17:31:12  INFO             買入點：— 目前無買入信號  進場區：$33.4 ~ $34.1  止損：$32.6
17:31:13  INFO    [台] 0056.TW      元大高股息        $     40.90  -0.07% 偏多
17:31:13  INFO             買入點：— 目前無買入信號  進場區：$36.4 ~ $37.1  止損：$35.7
17:31:14  INFO    [台] 6111.TWO     6111擎亞       $     45.05  +0.45% 多空分歧
17:31:14  INFO             買入點：🎯 一條件滿足 — 待確認  進場區：$40.7 ~ $41.6  止損：$39.7
17:31:15  INFO    [台] 00878.TW     國泰永續高股息      $     25.39  +0.36% 三線多頭
17:31:15  INFO             買入點：— 目前無買入信號  進場區：$21.5 ~ $21.9  止損：$21.3
17:31:16  INFO    [台] 3017.TW      奇鋐           $  2,835.00  +0.00% 偏多
17:31:16  INFO             買入點：— 目前無買入信號  進場區：$1,876.1 ~ $1,913.8  止損：$1,954.5
17:31:17  INFO    [台] 00713.TW     元大高息低波       $     52.85  -0.28% 多空分歧
17:31:17  INFO             買入點：🎯 一條件滿足 — 待確認  進場區：$50.8 ~ $51.9  止損：$49.6
17:31:18  INFO    [台] 00919.TW     群益台灣精選高息     $     23.65  +0.00% 三線多頭
17:31:18  INFO             買入點：— 目前無買入信號  進場區：$22.1 ~ $22.6  止損：$21.6
17:31:19  INFO    [美] NVDA         NVIDIA       $    199.81  +0.12% 多空分歧
17:31:19  INFO             買入點：— 目前無買入信號  進場區：$172.8 ~ $176.3  止損：$168.5
17:31:20  INFO    [美] GEV          GE Vernova   $  1,075.62  -0.72% 多空分歧
17:31:20  INFO             買入點：— 目前無買入信號  進場區：$866.0 ~ $883.4  止損：$852.8
17:31:21  INFO    [台] 2330.TW      台積電          $  2,135.00  -2.06% 偏多
17:31:21  INFO             買入點：— 目前無買入信號  進場區：$1,792.8 ~ $1,828.9  止損：$1,750.8
17:31:22  INFO    [美] AMD          AMD          $    360.12  +1.59% 三線多頭
17:31:22  INFO             買入點：— 目前無買入信號  進場區：$192.1 ~ $195.9  止損：$208.9
17:31:23  INFO    [美] TSM          台積電ADR       $    398.64  +0.65% 多空分歧
17:31:23  INFO             買入點：— 目前無買入信號  進場區：$334.0 ~ $340.7  止損：$325.6
17:31:24  INFO    [台] 2317.TW      鴻海           $    219.50  -2.44% 多空分歧
17:31:24  INFO             買入點：— 目前無買入信號  進場區：$185.7 ~ $189.4  止損：$183.8
17:31:25  INFO    [台] 2530.TW      華建           $     20.85  -1.65% 三線空頭
17:31:25  INFO             買入點：🎯 一條件滿足 — 待確認  進場區：$20.3 ~ $20.7  止損：$19.9
17:31:26  INFO    [美] MU           美光           $    529.50  +2.39% 三線多頭
17:31:26  INFO             買入點：— 目前無買入信號  進場區：$362.3 ~ $369.6  止損：$353.2
17:31:27  INFO    [美] LRCX         科林研發         $    256.90  -0.37% 多空分歧
17:31:27  INFO             買入點：🎯 一條件滿足 — 待確認  進場區：$215.4 ~ $219.7  止損：$210.0
17:31:28  INFO    [台] 00631L.TW    元大台灣50正2     $     28.61  -0.73% 三線多頭
17:31:28  INFO             買入點：— 目前無買入信號  進場區：$19.4 ~ $19.8  止損：$19.3
17:31:29  INFO    [台] 00910.TW     第一金太空衛星      $     64.35  -0.46% 多空分歧
17:31:29  INFO             買入點：🎯 一條件滿足 — 待確認  進場區：$56.6 ~ $57.7  止損：$55.1
17:31:30  INFO    [台] 2308.TW      台達電          $  2,165.00  +0.00% 三線多頭
17:31:30  INFO             買入點：— 目前無買入信號  進場區：$1,384.9 ~ $1,412.8  止損：$1,377.4
17:31:33  INFO    ✅ 股票 20 筆
17:31:33  INFO  
③ 🌟  生活熱門趨勢
17:31:33  INFO    📊 Google Trends 台灣（生活/食衣住行）...
17:31:33  INFO    [食品飲料] 熱度:10 動能:-11% 最熱關鍵字：美食 ❄️
17:31:36  INFO    [服飾美妝] 熱度:48 動能:+27% 最熱關鍵字：防曬 🔥🔥🔥
17:31:39  INFO    [居家生活] 熱度:33 動能:+4% 最熱關鍵字：家具 🔥
17:31:41  INFO    [娛樂3C] 熱度:36 動能:+18% 最熱關鍵字：手機 🔥🔥
17:31:44  INFO    [健康運動] 熱度:36 動能:-4% 最熱關鍵字：健身 ❄️
17:31:47  INFO    [旅遊交通] 熱度:29 動能:-0% 最熱關鍵字：機票 ❄️
17:31:49  INFO    💬 Dcard 熱門...
17:31:49  WARNING      ⚠️  www.dcard.tw → 403 Client Error: Forbidden for url: https://www.dcard.tw/f/trending
17:31:49  INFO    📋 PTT 熱門...
17:31:49  WARNING      ⚠️  www.ptt.cc → ('Connection aborted.', ConnectionResetError(104, 'Connection reset by peer'))
17:31:50  INFO    [PTT/Stock] [51] [新聞] 談判13輪無果！三星生物發動罷工，要求
17:31:50  INFO    [PTT/Stock] [28] Re: [標的] 美股CIVI
17:31:50  INFO    [PTT/Stock] [8] Re: [新聞] 談判13輪無果！三星生物發動罷工，要求
17:31:50  INFO    [PTT/Stock] [56] [情報] 05/01 本週 SCFI 指數
17:31:51  INFO    [PTT/beauty] [26] [正妹] 簡單暴力
17:31:51  INFO    [PTT/beauty] [3] [正妹] 海莉 電豹女
17:31:51  INFO    [PTT/beauty] [1] [正妹] 吳以悠
17:31:51  INFO    [PTT/beauty] [5] [正妹] 牛牛妹
17:31:51  INFO    [PTT/beauty] [3] [正妹] 謹夏
17:31:52  INFO    [PTT/movie] [] [新聞] 珍妮佛羅培茲和下屬大談辦公室戀情！Netf
17:31:52  INFO    [PTT/movie] [] [討論] 香港電影公司老闆和製作電影的二三事
17:31:52  INFO    [PTT/movie] [1] [ 好雷] 穿著Prada的惡魔2
17:31:52  INFO    [PTT/movie] [1] [新聞]《蜘蛛人：重生日》劇本首度公開！彼得孤
17:31:53  INFO    [PTT/food] [] [食記] 台北南港 島語自助餐吃到飽 假日下午茶
17:31:53  INFO    [PTT/food] [] [食記] 新北蘆洲 火岩堂職人三火封香雞排
17:31:53  INFO    [PTT/food] [] [食記] 牛莊園牛肉麵 台北大安 鮮清燉莊園牛肉麵
17:31:53  INFO    [PTT/food] [] [食記] 台北 涮乃葉日式涮涮鍋統一時代市府店
17:31:53  INFO    📺 YouTube 台灣熱門...
17:31:54  INFO    🎵 TikTok...
17:31:55  INFO    [TikTok] #1 #prom
17:31:55  INFO    🛍️  Shopee 台灣熱銷...
17:31:59  INFO    💬 Reddit 熱賣（本週）...
17:31:59  INFO    ✅ 生活趨勢完成
17:31:59  INFO  
④ 📰  消息面
17:31:59  INFO    [🇹🇼 台灣] 宜蘭規模6.1強震！震央東北海域台北狂搖全台有感- 生活
17:31:59  INFO    [🇹🇼 台灣] 衛生局當天才長照評估！已達高度依賴等級　當晚84歲妹殺姊
17:31:59  INFO    [🇹🇼 台灣] 趙少康炎上！尹乃菁：黨內強大聲音認為軍購超過3800億是CIA走狗
17:31:59  INFO    [🇹🇼 台灣] 週日深夜變天！鋒面通過全台轉雨 低溫下探19度
17:31:59  INFO    [🇹🇼 台灣] 拿軍購當籌碼拚訪美？ 他質疑鄭麗文：過度高估判斷恐失準| 政治
17:31:59  INFO    [🇹🇼 台灣] 台南女警遭追撞輾斃 機車騎士、遊覽車司機過失致死罪嫌送辦
17:32:01  INFO    [🇯🇵 日本] 政府、ペルシャ湾の41隻「無料通過」 イラン側に働きかけへ
17:32:01  INFO    [🇯🇵 日本] イラン、新提案をパキスタン経由で送付 トランプ氏は不満表明
17:32:02  INFO    [🇯🇵 日本] 旭山動物園職員を逮捕、妻の遺体損壊か 焼却炉から“遺体の一部”が見つかる 園では夏の営業が始まる
17:32:04  INFO    [🇯🇵 日本] トランプ氏暗殺未遂の背景に米民主党側の「過激な言辞」…銃撃2日前に「未亡人」寸劇騒動
17:32:05  INFO    [🇯🇵 日本] 在福生用錘子毆打一名高中生的嫌疑人在藏身的習志野被捕，並被汽車運送……否認，稱“我無意殺人”
17:32:06  INFO    [🇯🇵 日本] 殺人容疑で５１歳男逮捕 元交際相手か、容疑認める―高齢母娘遺体・大阪府警
17:32:08  INFO    [🇰🇷 韓國] 李總統“過度行為”的第二天…三田工會主席“這是關於LG，而不是我們”
17:32:09  INFO    [🇰🇷 韓國] "이란, 파키스탄에 전쟁 종식 위한 새 협상안 전달"
17:32:10  INFO    [🇰🇷 韓國] 市中心的工人「贏得基本勞工權利」…「勞動節」集會，63年後第一個重新命名的法定節日
17:32:11  INFO    [🇰🇷 韓國] Stellantis和法拉利因歐洲乘用車關稅增加而下滑
17:32:12  INFO    [🇰🇷 韓國] 吳世勳在勞動節照顧「送貨騎士」…宣布「家前5分鐘花園時代」承諾
17:32:14  INFO    [🇰🇷 韓國] 「川普在 45 分鐘內收到有關新軍事選項的報告…考慮『最後一擊』」
17:32:14  INFO    [🇺🇸 美國] Live updates: Trump administration says war in Iran has been 'terminated' before 60-day deadline
17:32:14  INFO    [🇺🇸 美國] Thousands in US to join ‘no school, no work, no shopping’ May Day protest in economic blackout
17:32:14  INFO    [🇺🇸 美國] Trump says he will hike tariffs on EU cars to 25%
17:32:14  INFO    [🇺🇸 美國] Several states — and the LA public schools — are setting limits on screen time
17:32:14  INFO    [🇺🇸 美國] Trump’s Approval Rating Plunges So Low It Breaks Pollster’s Graph
17:32:14  INFO    [🇺🇸 美國] Takeaways From Hegseth’s Second Day of Testimony on the Iran War
17:32:27  INFO  
🖥️  產生 HTML 報告...
17:32:27  INFO  
✅  HTML：報告_20260501_1732.html
17:32:27  INFO  ✅  CSV：機會分析_20260501_1732.csv
17:32:27  INFO  📝  Log：logs/scan_20260501_173107.log
