10:18:44  INFO  ======================================================================
10:18:44  INFO  🔥  每日機會分析系統 v10
10:18:44  INFO  📅  2026-04-15 10:18
10:18:44  INFO  ======================================================================
10:18:44  INFO  
① 🌕  CRYPTO
10:18:45  ERROR    BTC-USD: float() argument must be a string or a real number, not 'Series'
10:18:45  ERROR    ETH-USD: float() argument must be a string or a real number, not 'Series'
10:18:46  ERROR    SOL-USD: float() argument must be a string or a real number, not 'Series'
10:18:46  ERROR    BNB-USD: float() argument must be a string or a real number, not 'Series'
10:18:47  ERROR    XRP-USD: float() argument must be a string or a real number, not 'Series'
10:18:47  INFO    ✅ Crypto 0 筆
10:18:47  INFO  
② 📈  股票
10:18:48  INFO    [台] 3293.TWO     鈊象電子         $    747.00  -1.58% 多空分歧
10:18:48  INFO             買入點：🎯 一條件滿足 — 待確認  進場區：$716.7 ~ $731.1  止損：$701.3
10:18:48  INFO    [台] 00909.TW     國泰智能電動車ETF   $     43.41  +3.60% 多空分歧
10:18:48  INFO             買入點：— 目前無買入信號  進場區：$35.1 ~ $35.8  止損：$34.2
10:18:49  INFO    [台] 0056.TW      元大高股息        $     40.25  +0.70% 三線多頭
10:18:49  INFO             買入點：— 目前無買入信號  進場區：$36.9 ~ $37.6  止損：$35.9
10:18:50  INFO    [台] 6111.TWO     6111擎亞       $     45.40  +0.89% 多空分歧
10:18:50  INFO             買入點：— 目前無買入信號  進場區：$39.7 ~ $40.5  止損：$38.7
10:18:51  INFO    [台] 00878.TW     國泰永續高股息      $     23.39  +0.82% 三線多頭
10:18:51  INFO             買入點：— 目前無買入信號  進場區：$21.6 ~ $22.0  止損：$21.1
10:18:51  INFO    [台] 3017.TW      奇鋐           $  2,325.00  +0.65% 三線多頭
10:18:51  INFO             買入點：— 目前無買入信號  進場區：$1,823.8 ~ $1,860.4  止損：$1,780.0
10:18:52  INFO    [台] 00713.TW     元大高息低波       $     53.25  +0.76% 三線多頭
10:18:52  INFO             買入點：— 目前無買入信號  進場區：$50.3 ~ $51.3  止損：$49.1
10:18:53  INFO    [台] 00919.TW     群益台灣精選高息     $     22.97  +0.26% 偏多
10:18:53  INFO             買入點：— 目前無買入信號  進場區：$21.9 ~ $22.3  止損：$21.3
10:18:54  INFO    [美] NVDA         NVIDIA       $    196.51  +3.80% 多空分歧
10:18:54  INFO             買入點：— 目前無買入信號  進場區：$163.0 ~ $166.3  止損：$159.3
10:18:55  INFO    [美] GEV          GE Vernova   $    987.50  -0.37% 三線多頭
10:18:55  INFO             買入點：— 目前無買入信號  進場區：$795.9 ~ $811.9  止損：$782.8
10:18:56  INFO    [台] 2330.TW      台積電          $  2,080.00  +1.22% 三線多頭
10:18:56  INFO             買入點：— 目前無買入信號  進場區：$1,693.9 ~ $1,727.9  止損：$1,707.2
10:18:56  INFO    [美] AMD          AMD          $    255.07  +3.34% 多空分歧
10:18:56  INFO             買入點：— 目前無買入信號  進場區：$178.8 ~ $182.4  止損：$187.0
10:18:57  INFO    [美] TSM          台積電ADR       $    379.89  +2.79% 三線多頭
10:18:57  INFO             買入點：— 目前無買入信號  進場區：$310.5 ~ $316.7  止損：$304.4
10:18:58  INFO    [台] 2317.TW      鴻海           $    207.50  +0.00% 多空分歧
10:18:58  INFO             買入點：— 目前無買入信號  進場區：$186.6 ~ $190.3  止損：$181.9
10:18:59  INFO    [台] 2530.TW      華建           $     22.85  +0.66% 三線空頭
10:18:59  INFO             買入點：🎯 一條件滿足 — 待確認  進場區：$22.4 ~ $22.8  止損：$21.8
10:19:00  INFO    [美] MU           美光           $    465.66  +9.17% 三線多頭
10:19:00  INFO             買入點：— 目前無買入信號  進場區：$309.9 ~ $316.2  止損：$302.1
10:19:00  INFO    [美] LRCX         科林研發         $    272.41  +1.90% 三線多頭
10:19:00  INFO             買入點：— 目前無買入信號  進場區：$191.4 ~ $195.3  止損：$192.6
10:19:01  INFO    [台] 00631L.TW    元大台灣50正2     $     25.33  +2.01% 多空分歧
10:19:01  INFO             買入點：🎯 一條件滿足 — 待確認  進場區：$-261.5 ~ $-266.7  止損：$18.5
10:19:02  INFO    [台] 00910.TW     第一金太空衛星      $     67.65  -0.88% 三線多頭
10:19:02  INFO             買入點：— 目前無買入信號  進場區：$51.2 ~ $52.2  止損：$52.9
10:19:03  INFO    [台] 2308.TW      台達電          $  1,785.00  +2.00% 三線多頭
10:19:03  INFO             買入點：— 目前無買入信號  進場區：$1,277.8 ~ $1,303.5  止損：$1,324.0
10:19:03  INFO    ⏰ 10:xx 外資 16:30 後更新
10:19:03  INFO    ✅ 股票 20 筆
10:19:03  INFO  
③ 🌟  生活熱門趨勢
10:19:03  INFO    📊 Google Trends 台灣（生活/食衣住行）...
10:19:04  INFO    [食品飲料] 熱度:11 動能:+5% 最熱關鍵字：美食 🔥🔥
10:19:07  INFO    [服飾美妝] 熱度:27 動能:-14% 最熱關鍵字：防曬 ❄️
10:19:09  INFO    [居家生活] 熱度:34 動能:-5% 最熱關鍵字：家具 ❄️
10:19:12  WARNING    [娛樂3C] The request failed: Google returned a response with code 429
10:19:15  INFO    [健康運動] 熱度:43 動能:+3% 最熱關鍵字：健身 🔥
10:19:17  WARNING    [旅遊交通] The request failed: Google returned a response with code 429
10:19:20  INFO    💬 Dcard 熱門...
10:19:21  WARNING      ⚠️  www.dcard.tw → 403 Client Error: Forbidden for url: https://www.dcard.tw/f/trending
10:19:21  INFO    📋 PTT 熱門...
10:19:21  WARNING      ⚠️  www.ptt.cc → ('Connection aborted.', ConnectionResetError(104, 'Connection reset by peer'))
10:19:21  INFO    [PTT/Stock] [12] [新聞] 中鋼5月盤價續漲 熱、冷軋每噸漲1,200元
10:19:21  INFO    [PTT/Stock] [45] [新聞] 富邦金Q1調整後獲利660.6億元 、創同期新
10:19:21  INFO    [PTT/Stock] [16] Re: [標的] 旺宏 2337 (空)
10:19:21  INFO    [PTT/Stock] [26] [情報] 2882 國泰金 3月自結 0.34 累計2.15
10:19:21  INFO    [PTT/Stock] [3] [情報] 0415 上市櫃外資投信買超金額排行
10:19:22  INFO    [PTT/beauty] [17] [正妹] 石靜
10:19:22  INFO    [PTT/beauty] [6] [正妹] Sabrina
10:19:22  INFO    [PTT/beauty] [15] [正妹] IU
10:19:22  INFO    [PTT/beauty] [8] [正妹] 金珉周
10:19:22  INFO    [PTT/beauty] [13] [正妹] 兩團肉球
10:19:23  INFO    [PTT/movie] [] [新聞]露比蘿絲指控凱蒂佩芮夜店性侵事件！經紀
10:19:23  INFO    [PTT/movie] [24] [新聞]瓦干達國王將換人當？《黑豹3》迎來重磅進
10:19:23  INFO    [PTT/movie] [21] Re: [新聞] 影壇驚傳大規模侵吞案！片商老闆陳永雄
10:19:23  INFO    [PTT/movie] [3] [好雷] 風箏 A KITE
10:19:24  INFO    [PTT/food] [] [食記] 桃園市龍潭區。佟記蔥油餅
10:19:24  INFO    [PTT/food] [] [食記] 台北大安 水粵香10人桌招牌菜色開箱
10:19:24  INFO    [PTT/food] [1] [食記] 苗栗縣頭屋鄉-禪廚蔬食餐廳
10:19:24  INFO    [PTT/food] [] [公告] Food板 板規 V3.91
10:19:25  INFO    📺 YouTube 台灣熱門...
10:19:25  INFO    🎵 TikTok...
10:19:27  INFO    [TikTok] #1 #euphoria
10:19:27  INFO    🛍️  Shopee 台灣熱銷...
10:19:30  INFO    💬 Reddit 熱賣（本週）...
10:19:30  INFO    ✅ 生活趨勢完成
10:19:30  INFO  
④ 📰  消息面
10:19:30  INFO    [🇹🇼 台灣] 驚喜變驚嚇！粉紅超跑欲駐駕賓士展示中心都下班了 副理急衝回迎接
10:19:30  INFO    [🇹🇼 台灣] 傳中國油輪突破美軍封鎖! 董軍警告美艦勿影響中、伊正常貿易| 國際
10:19:30  INFO    [🇹🇼 台灣] 曝習近平大量脫稿很放鬆 鄭麗文：最超乎預期是見到「他」
10:19:30  INFO    [🇹🇼 台灣] 李貞秀轟高虹安「民眾黨罪人」再爆其男友月領50萬還A助理費「不要臉」
10:19:30  INFO    [🇹🇼 台灣] 北台要變天了！今起兩波鋒面 北台連下4天降溫
10:19:30  INFO    [🇹🇼 台灣] 寵物用藥新制「直接註銷」！防檢署長證實
10:19:32  INFO    [🇯🇵 日本] 發現屍體後安達由紀家被搜查，疑似遺棄屍體 警方是否檢查了鄰近房屋的安全攝影機？京都府南丹市
10:19:33  INFO    [🇯🇵 日本] 川普表示他不考慮延長與伊朗的停火：ABC記者
10:19:34  INFO    [🇯🇵 日本] 角度：歐爾班落選後歐洲極右翼失去支持，接近MAGA成為雙面刃
10:19:35  INFO    [🇯🇵 日本] 藤田維信共同代表對自民黨代表大會上自衛隊唱國歌表示不滿，稱這是不恰當的
10:19:36  INFO    [🇯🇵 日本] 川普的弱點是虛榮：動盪中的伊朗允許鷹派權力操縱
10:19:39  INFO    [🇯🇵 日本] 以色列和黎巴嫩同意解除真主黨的武裝；關於停止攻擊的分歧
10:19:41  INFO    [🇰🇷 韓國] 川普表示戰爭已經結束，伊朗表示不會拒絕談判…我們會克服「核子障礙」嗎？
10:19:43  INFO    [🇰🇷 韓國] 總統特使獲得2.73億桶原油和210萬噸石腦油
10:19:44  INFO    [🇰🇷 韓國] 人民力量黨放棄選舉了嗎？張東赫前往美國，宋彥錫甚至呼籲提前辭職。
10:19:45  INFO    [🇰🇷 韓國] 李總統：“因黑幫傳聞而改變總統選舉結果的國家權力現在必須道歉。”
10:19:46  INFO    [🇰🇷 韓國] 李「監管區沙皇，我們的風格」…允許機器人和自動駕駛車輛遍布整個城市
10:19:48  INFO    [🇰🇷 韓國] [獨家]警方“全漢吉‘散佈李總統和李俊錫的虛假信息’獲利3000萬韓元”
10:19:48  INFO    [🇺🇸 美國] Live Updates: U.S. says blockade of Iranian ports "fully implemented" as Trump weighs more talks with Iran
10:19:48  INFO    [🇺🇸 美國] What Swalwell’s exit means for Democrats in California’s governor race
10:19:48  INFO    [🇺🇸 美國] Late Night Laughs at Explanations of Trump’s Jesus ‘Joke’
10:19:48  INFO    [🇺🇸 美國] Trump takes aim at Pope Leo again, days after calling him 'weak on crime'
10:19:48  INFO    [🇺🇸 美國] Rubio launches direct negotiations between Israel and Lebanon
10:19:48  INFO    [🇺🇸 美國] Iran War Live Updates: Blockade of Iranian Ports Is ‘Fully Implemented,’ U.S. Says
10:19:57  WARNING      ⚠️  www.koreatimes.co.kr → 404 Client Error: Not Found for url: https://www.koreatimes.co.kr/www/biz/
10:20:01  INFO  
🖥️  產生 HTML 報告...
10:20:01  INFO  
✅  HTML：報告_20260415_1020.html
10:20:01  INFO  ✅  CSV：機會分析_20260415_1020.csv
10:20:01  INFO  📝  Log：logs/scan_20260415_101844.log
