17:30:00  INFO  ======================================================================
17:30:00  INFO  🔥  每日機會分析系統 v10
17:30:00  INFO  📅  2026-03-31 17:30
17:30:00  INFO  ======================================================================
17:30:00  INFO  
① 🌕  CRYPTO
17:30:01  ERROR    BTC-USD: float() argument must be a string or a real number, not 'Series'
17:30:01  ERROR    ETH-USD: float() argument must be a string or a real number, not 'Series'
17:30:02  ERROR    SOL-USD: float() argument must be a string or a real number, not 'Series'
17:30:03  ERROR    BNB-USD: float() argument must be a string or a real number, not 'Series'
17:30:03  ERROR    XRP-USD: float() argument must be a string or a real number, not 'Series'
17:30:04  INFO    ✅ Crypto 0 筆
17:30:04  INFO  
② 📈  股票
17:30:04  INFO    [台] 3293.TWO     鈊象電子         $       nan   +nan% 多空分歧
17:30:04  INFO             買入點：— 目前無買入信號  進場區：$666.6 ~ $680.0  止損：$649.9
17:30:05  INFO    [台] 00909.TW     國泰智能電動車ETF   $       nan   +nan% 三線空頭
17:30:05  INFO             買入點：— 目前無買入信號  進場區：$35.6 ~ $36.3  止損：$34.7
17:30:06  INFO    [台] 0056.TW      元大高股息        $       nan   +nan% 多空分歧
17:30:06  INFO             買入點：— 目前無買入信號  進場區：$36.3 ~ $37.0  止損：$35.4
17:30:07  INFO    [台] 6111.TWO     6111擎亞       $       nan   +nan% 偏空
17:30:07  INFO             買入點：— 目前無買入信號  進場區：$40.8 ~ $41.6  止損：$39.8
17:30:08  INFO    [台] 00878.TW     國泰永續高股息      $       nan   +nan% 多空分歧
17:30:08  INFO             買入點：— 目前無買入信號  進場區：$21.2 ~ $21.6  止損：$20.6
17:30:09  INFO    [台] 3017.TW      奇鋐           $       nan   +nan% 三線多頭
17:30:09  INFO             買入點：— 目前無買入信號  進場區：$1,656.7 ~ $1,690.0  止損：$1,615.0
17:30:09  INFO    [台] 00713.TW     元大高息低波       $       nan   +nan% 多空分歧
17:30:09  INFO             買入點：— 目前無買入信號  進場區：$49.8 ~ $50.8  止損：$48.6
17:30:10  INFO    [台] 00919.TW     群益台灣精選高息     $       nan   +nan% 多空分歧
17:30:10  INFO             買入點：— 目前無買入信號  進場區：$21.7 ~ $22.2  止損：$21.2
17:30:11  INFO    [美] NVDA         NVIDIA       $    173.40  +4.99% 三線空頭
17:30:11  INFO             買入點：🎯 一條件滿足 — 待確認  進場區：$163.4 ~ $166.7  止損：$159.3
17:30:12  INFO    [美] GEV          GE Vernova   $    869.22  +6.35% 多空分歧
17:30:12  INFO             買入點：🎯 一條件滿足 — 待確認  進場區：$772.6 ~ $788.2  止損：$753.2
17:30:13  INFO    [台] 2330.TW      台積電          $       nan   +nan% 多空分歧
17:30:13  INFO             買入點：— 目前無買入信號  進場區：$1,755.4 ~ $1,790.7  止損：$1,711.3
17:30:14  INFO    [美] AMD          AMD          $    202.17  +3.13% 多空分歧
17:30:14  INFO             買入點：🎯 一條件滿足 — 待確認  進場區：$188.1 ~ $191.9  止損：$183.3
17:30:15  INFO    [美] TSM          台積電ADR       $    332.32  +5.00% 多空分歧
17:30:15  INFO             買入點：🎯 一條件滿足 — 待確認  進場區：$312.2 ~ $318.5  止損：$304.4
17:30:16  INFO    [台] 2317.TW      鴻海           $       nan   +nan% 三線空頭
17:30:16  INFO             買入點：— 目前無買入信號  進場區：$192.0 ~ $195.9  止損：$187.2
17:30:17  INFO    [台] 2530.TW      華建           $       nan   +nan% 偏空
17:30:17  INFO             買入點：— 目前無買入信號  進場區：$24.4 ~ $24.9  止損：$23.8
17:30:18  INFO    [美] MU           美光           $    328.93  +2.22% 多空分歧
17:30:18  INFO             買入點：🎯 一條件滿足 — 待確認  進場區：$309.9 ~ $316.2  止損：$302.1
17:30:19  INFO    [美] LRCX         科林研發         $    210.96  +5.52% 多空分歧
17:30:19  INFO             買入點：🎯 一條件滿足 — 待確認  進場區：$193.1 ~ $197.0  止損：$188.3
17:30:19  INFO    [台] 00631L.TW    元大台灣50正2     $       nan   +nan% 偏空
17:30:19  INFO             買入點：— 目前無買入信號  進場區：$19.7 ~ $20.1  止損：$19.2
17:30:20  INFO    [台] 00910.TW     第一金太空衛星      $       nan   +nan% 多空分歧
17:30:20  INFO             買入點：— 目前無買入信號  進場區：$52.1 ~ $53.1  止損：$50.8
17:30:21  INFO    [台] 2308.TW      台達電          $       nan   +nan% 偏多
17:30:21  INFO             買入點：— 目前無買入信號  進場區：$1,189.0 ~ $1,212.9  止損：$1,159.1
17:30:32  INFO    ✅ 股票 20 筆
17:30:32  INFO  
③ 🌟  生活熱門趨勢
17:30:32  INFO    📊 Google Trends 台灣（生活/食衣住行）...
17:30:33  INFO    [食品飲料] 熱度:9 動能:-18% 最熱關鍵字：美食 ❄️
17:30:36  INFO    [服飾美妝] 熱度:36 動能:+10% 最熱關鍵字：穿搭 🔥🔥
17:30:38  INFO    [居家生活] 熱度:23 動能:-1% 最熱關鍵字：家具 ❄️
17:30:41  INFO    [娛樂3C] 熱度:40 動能:+0% 最熱關鍵字：手機 🔥
17:30:43  INFO    [健康運動] 熱度:28 動能:-1% 最熱關鍵字：健身 ❄️
17:30:46  INFO    [旅遊交通] 熱度:35 動能:+27% 最熱關鍵字：機票 🔥🔥🔥
17:30:48  INFO    💬 Dcard 熱門...
17:30:48  WARNING      ⚠️  www.dcard.tw → 403 Client Error: Forbidden for url: https://www.dcard.tw/f/trending
17:30:48  INFO    📋 PTT 熱門...
17:30:49  INFO    [PTT/Gossiping] [5] [問卦] 伊朗跪了？
17:30:49  INFO    [PTT/Gossiping] [1] Re: [問卦] 信仰是人類的心智缺陷嗎？
17:30:49  INFO    [PTT/Gossiping] [1] [問卦] 聽說曾沛慈要去浪姐2026?
17:30:49  INFO    [PTT/Gossiping] [] Re: [新聞] 中印邊境破冰首解禁 印度國企「回頭」狂
17:30:49  INFO    [PTT/Gossiping] [32] [問卦] 愚人節一人說一句騙人的話
17:30:50  INFO    [PTT/Stock] [] [新聞] 大陸銀行個貸不良率攀升 轉讓規模大增85%
17:30:50  INFO    [PTT/Stock] [26] Re: [情報] 川普：伊朗已被摧毀 自己去拿石油吧！
17:30:50  INFO    [PTT/Stock] [3] Re: [請益] 買台股只需題材籌碼不用管基本面eps?
17:30:50  INFO    [PTT/Stock] [70] [情報] 德國選擇黨公開反對美軍繼續駐紮德國
17:30:51  INFO    [PTT/beauty] [3] [正妹] Alexis Bumgarner
17:30:51  INFO    [PTT/beauty] [2] [正妹] 吊嘎(?)
17:30:51  INFO    [PTT/beauty] [1] [正妹] 不是普但大！ 朴淡備
17:30:51  INFO    [PTT/beauty] [2] [正妹] 寵物溝通師
17:30:51  INFO    [PTT/beauty] [] [正妹] 林米可
17:30:53  INFO    [PTT/movie] [] [好雷] 日租家庭
17:30:53  INFO    [PTT/movie] [6] [新聞]DCU《超少女》結局基調更黑暗引討論！
17:30:53  INFO    [PTT/movie] [] [新聞]安德魯加菲爾德疑加盟《復聯秘密戰爭》！
17:30:53  INFO    [PTT/movie] [] [情報] 火遮眼 The Furious
17:30:54  INFO    [PTT/food] [2] [食記] Tacos Luca 新北新店 餅香脆豬腿肉酥Taco
17:30:54  INFO    [PTT/food] [] Fw: [食記] 慶豐牛排
17:30:54  INFO    [PTT/food] [] [食記] [新竹] 福記包子饅頭 ～買2送1／買5送1
17:30:54  INFO    [PTT/food] [] [食記] 雙喜饅頭 新北新莊 抹茶紅豆雜糧起司饅頭
17:30:54  INFO    📺 YouTube 台灣熱門...
17:30:54  INFO    🎵 TikTok...
17:30:56  INFO    [TikTok] #1 #famous
17:30:56  INFO    🛍️  Shopee 台灣熱銷...
17:31:09  INFO    💬 Reddit 熱賣（本週）...
17:31:09  INFO    ✅ 生活趨勢完成
17:31:09  INFO  
④ 📰  消息面
17:31:10  INFO    [🇹🇼 台灣] 柯文哲京華城等案言詞辯論、宣判影音 北院公開播送成首例 錄影連結一次看
17:31:10  INFO    [🇹🇼 台灣] 鄭麗文成選票毒藥？作家從「鄭習會懸外之音」看台灣密室脫逃：民進黨也想談 | 李瑋萱 | 新聞
17:31:10  INFO    [🇹🇼 台灣] 海灣國家不忍了！伊朗飛彈狂轟鄰國中東多國急籲美軍地面入侵| 國際
17:31:10  INFO    [🇹🇼 台灣] 馬辦風波延燒！邱毅正式告發金溥聰「強制、恐嚇罪」
17:31:10  INFO    [🇹🇼 台灣] 顏家友人：顏慧欣第一天到OTN辦公室 就被咆哮
17:31:10  INFO    [🇹🇼 台灣] 美參議員訪中科院勁蜂4型無人機掛載彈頭貫穿5公分高強度鋼板| 政治
17:31:11  INFO    [🇯🇵 日本] 川普表示「現在不是停止」重新開放霍爾木茲海峽的壓力的時候 - 報告
17:31:13  INFO    [🇯🇵 日本] 防衛大臣小泉再次否認沒有計劃向居民舉行說明會、向熊本市健軍駐地部署遠程飛彈
17:31:14  INFO    [🇯🇵 日本] 自民黨就損壞日本國旗罪展開內部討論，黨內黨外擔心侵犯“言論自由”
17:31:16  INFO    [🇯🇵 日本] 京都五年級男孩失踪8天后消防隊稱“搜索開始時沒有找到背包”
17:31:17  INFO    [🇯🇵 日本] 【池袋Poke中心殺人事件】暴力跟蹤狂廣川大輝被海上自衛隊僱用！ “據我母親了解，我們交往了大約一年半到兩年”，“我不得不辭掉正常工作才能結婚……”（文順在線）
17:31:18  INFO    [🇯🇵 日本] 明天起對自行車交通違規罰款：使用智慧型手機駕駛時罰款12,000日元，在人行道上騎車罰款6,000日元，雨傘架和耳機罰款5,000日元。
17:31:20  INFO    [🇰🇷 韓國] 美媒：“川普表示，他願意在不解決霍爾木茲海峽的情況下結束戰爭”
17:31:22  INFO    [🇰🇷 韓國] 4.8兆韓元高油價補貼...對低收入和非都市地區的差別支付
17:31:24  INFO    [🇰🇷 韓國] 伊朗議會批准霍爾木茲收費計劃
17:31:25  INFO    [🇰🇷 韓國] 警方緊急逮捕女兒和女婿，原因是“手提箱裡有50多歲婦女的屍體”…“承認犯罪”
17:31:28  INFO    [🇰🇷 韓國] 公平貿易委員會「提出申訴的專有權利」46年後被廢除
17:31:30  INFO    [🇰🇷 韓國] 金英煥截止效力暫停...國力提名無風
17:31:30  INFO    [🇺🇸 美國] Supreme Court Rejects Colorado Law Banning ‘Conversion Therapy’ for L.G.B.T.Q. Minors
17:31:30  INFO    [🇺🇸 美國] 12 times Trump signaled the Iran war was about to end
17:31:30  INFO    [🇺🇸 美國] Pete Hegseth says "upcoming days will be decisive" in war against Iran
17:31:30  INFO    [🇺🇸 美國] ‘God Squad’ Waives Environmental Rules for Drilling in the Gulf of Mexico
17:31:30  INFO    [🇺🇸 美國] U.S. Drops Bunker Buster Bombs on Iranian Ammunition Depot
17:31:30  INFO    [🇺🇸 美國] How Trump’s EEOC is attacking DEI and emphasizing white people
17:31:45  INFO  
🖥️  產生 HTML 報告...
17:31:45  INFO  
✅  HTML：報告_20260331_1731.html
17:31:45  INFO  ✅  CSV：機會分析_20260331_1731.csv
17:31:45  INFO  📝  Log：logs/scan_20260331_173000.log
