23:38:41  INFO  ======================================================================
23:38:41  INFO  🔥  每日機會分析系統 v10
23:38:41  INFO  📅  2026-04-14 23:38
23:38:41  INFO  ======================================================================
23:38:41  INFO  
① 🌕  CRYPTO
23:38:42  ERROR    BTC-USD: float() argument must be a string or a real number, not 'Series'
23:38:43  ERROR    ETH-USD: float() argument must be a string or a real number, not 'Series'
23:38:43  ERROR    SOL-USD: float() argument must be a string or a real number, not 'Series'
23:38:44  ERROR    BNB-USD: float() argument must be a string or a real number, not 'Series'
23:38:44  ERROR    XRP-USD: float() argument must be a string or a real number, not 'Series'
23:38:45  INFO    ✅ Crypto 0 筆
23:38:45  INFO  
② 📈  股票
23:38:45  INFO    [台] 3293.TWO     鈊象電子         $    759.00  -0.91% 多空分歧
23:38:45  INFO             買入點：🎯 一條件滿足 — 待確認  進場區：$711.8 ~ $726.1  止損：$694.5
23:38:46  INFO    [台] 00909.TW     國泰智能電動車ETF   $       nan   +nan% 多空分歧
23:38:46  INFO             買入點：— 目前無買入信號  進場區：$35.1 ~ $35.8  止損：$34.2
23:38:47  INFO    [台] 0056.TW      元大高股息        $       nan   +nan% 三線多頭
23:38:47  INFO             買入點：— 目前無買入信號  進場區：$36.9 ~ $37.6  止損：$35.9
23:38:48  INFO    [台] 6111.TWO     6111擎亞       $     45.00  +1.12% 多空分歧
23:38:48  INFO             買入點：🎯 一條件滿足 — 待確認  進場區：$39.7 ~ $40.5  止損：$38.7
23:38:48  INFO    [台] 00878.TW     國泰永續高股息      $       nan   +nan% 三線多頭
23:38:48  INFO             買入點：— 目前無買入信號  進場區：$21.7 ~ $22.1  止損：$21.1
23:38:49  INFO    [台] 3017.TW      奇鋐           $  2,310.00  +5.00% 三線多頭
23:38:49  INFO             買入點：— 目前無買入信號  進場區：$1,791.2 ~ $1,827.2  止損：$1,775.1
23:38:50  INFO    [台] 00713.TW     元大高息低波       $       nan   +nan% 三線多頭
23:38:50  INFO             買入點：— 目前無買入信號  進場區：$50.4 ~ $51.4  止損：$49.1
23:38:51  INFO    [台] 00919.TW     群益台灣精選高息     $       nan   +nan% 偏多
23:38:51  INFO             買入點：— 目前無買入信號  進場區：$21.9 ~ $22.3  止損：$21.3
23:38:52  INFO    [美] NVDA         NVIDIA       $    196.51  +3.80% 多空分歧
23:38:52  INFO             買入點：— 目前無買入信號  進場區：$163.0 ~ $166.3  止損：$159.3
23:38:53  INFO    [美] GEV          GE Vernova   $    987.50  -0.37% 三線多頭
23:38:53  INFO             買入點：— 目前無買入信號  進場區：$795.9 ~ $811.9  止損：$782.8
23:38:54  INFO    [台] 2330.TW      台積電          $  2,055.00  +3.27% 三線多頭
23:38:54  INFO             買入點：— 目前無買入信號  進場區：$1,706.1 ~ $1,740.4  止損：$1,707.2
23:38:54  INFO    [美] AMD          AMD          $    255.07  +3.34% 多空分歧
23:38:54  INFO             買入點：— 目前無買入信號  進場區：$178.8 ~ $182.4  止損：$187.0
23:38:55  INFO    [美] TSM          台積電ADR       $    379.89  +2.79% 三線多頭
23:38:55  INFO             買入點：— 目前無買入信號  進場區：$310.5 ~ $316.7  止損：$304.4
23:38:56  INFO    [台] 2317.TW      鴻海           $    207.50  +3.75% 多空分歧
23:38:56  INFO             買入點：🎯 一條件滿足 — 待確認  進場區：$185.4 ~ $189.1  止損：$181.9
23:38:57  INFO    [台] 2530.TW      華建           $     22.70  -0.66% 三線空頭
23:38:57  INFO             買入點：🎯 一條件滿足 — 待確認  進場區：$22.4 ~ $22.8  止損：$21.8
23:38:58  INFO    [美] MU           美光           $    465.66  +9.17% 三線多頭
23:38:58  INFO             買入點：— 目前無買入信號  進場區：$309.9 ~ $316.2  止損：$302.1
23:38:59  INFO    [美] LRCX         科林研發         $    272.41  +1.90% 三線多頭
23:38:59  INFO             買入點：— 目前無買入信號  進場區：$191.4 ~ $195.3  止損：$192.6
23:39:00  INFO    [台] 00631L.TW    元大台灣50正2     $       nan   +nan% 多空分歧
23:39:00  INFO             買入點：— 目前無買入信號  進場區：$19.0 ~ $19.4  止損：$18.5
23:39:00  INFO    [台] 00910.TW     第一金太空衛星      $       nan   +nan% 三線多頭
23:39:00  INFO             買入點：— 目前無買入信號  進場區：$54.2 ~ $55.3  止損：$52.9
23:39:01  INFO    [台] 2308.TW      台達電          $  1,750.00  +0.57% 三線多頭
23:39:01  INFO             買入點：— 目前無買入信號  進場區：$1,271.3 ~ $1,296.9  止損：$1,309.5
23:39:05  INFO    ✅ 股票 20 筆
23:39:05  INFO  
③ 🌟  生活熱門趨勢
23:39:05  INFO    📊 Google Trends 台灣（生活/食衣住行）...
23:39:05  INFO    [食品飲料] 熱度:6 動能:-43% 最熱關鍵字：美食 ❄️
23:39:08  INFO    [服飾美妝] 熱度:27 動能:-12% 最熱關鍵字：防曬 ❄️
23:39:10  INFO    [居家生活] 熱度:25 動能:-29% 最熱關鍵字：家具 ❄️
23:39:13  INFO    [娛樂3C] 熱度:38 動能:-3% 最熱關鍵字：手機 ❄️
23:39:16  INFO    [健康運動] 熱度:41 動能:-10% 最熱關鍵字：健身 ❄️
23:39:18  INFO    [旅遊交通] 熱度:27 動能:-20% 最熱關鍵字：機票 ❄️
23:39:20  INFO    💬 Dcard 熱門...
23:39:20  WARNING      ⚠️  www.dcard.tw → 403 Client Error: Forbidden for url: https://www.dcard.tw/f/trending
23:39:20  INFO    📋 PTT 熱門...
23:39:21  WARNING      ⚠️  www.ptt.cc → ('Connection aborted.', ConnectionResetError(104, 'Connection reset by peer'))
23:39:21  INFO    [PTT/Stock] [] [心得] 我向港交所檢舉的案件
23:39:21  INFO    [PTT/Stock] [1] [心得] AI的黑箱內幕
23:39:21  INFO    [PTT/Stock] [X1] [心得] AI謎團的拆解220題(上)
23:39:21  INFO    [PTT/Stock] [] [心得] 「這是AI說的」：責任鏈消失的開始
23:39:21  INFO    [PTT/Stock] [8] Re: [心得] 台新庫存回朔了？
23:39:22  INFO    [PTT/beauty] [12] [正妹] 石靜
23:39:22  INFO    [PTT/beauty] [6] [正妹] Sabrina
23:39:22  INFO    [PTT/beauty] [9] [正妹] IU
23:39:22  INFO    [PTT/beauty] [6] [正妹] 金珉周
23:39:22  INFO    [PTT/beauty] [7] [正妹] 兩團肉球
23:39:24  INFO    [PTT/movie] [] [新聞]露比蘿絲指控凱蒂佩芮夜店性侵事件！經紀
23:39:24  INFO    [PTT/movie] [4] [新聞]瓦干達國王將換人當？《黑豹3》迎來重磅進
23:39:24  INFO    [PTT/movie] [5] Re: [新聞] 影壇驚傳大規模侵吞案！片商老闆陳永雄
23:39:24  INFO    [PTT/movie] [] [好雷] 風箏 A KITE
23:39:25  INFO    [PTT/food] [] [食記] 桃園市龍潭區。佟記蔥油餅
23:39:25  INFO    [PTT/food] [] [食記] 台北大安 水粵香10人桌招牌菜色開箱
23:39:25  INFO    [PTT/food] [] [食記] 苗栗縣頭屋鄉-禪廚蔬食餐廳
23:39:25  INFO    [PTT/food] [] [公告] Food板 板規 V3.91
23:39:25  INFO    📺 YouTube 台灣熱門...
23:39:26  INFO    🎵 TikTok...
23:39:27  INFO    [TikTok] #1 #coachella
23:39:27  INFO    🛍️  Shopee 台灣熱銷...
23:39:31  INFO    💬 Reddit 熱賣（本週）...
23:39:31  INFO    ✅ 生活趨勢完成
23:39:31  INFO  
④ 📰  消息面
23:39:31  INFO    [🇹🇼 台灣] 明變天！桃園以北轉雨 下一波轉溼涼時間曝光
23:39:31  INFO    [🇹🇼 台灣] 白沙屯進香暖心變調？完整餐盒遭丟棄 網痛批浪費：有損福報
23:39:31  INFO    [🇹🇼 台灣] 美軍荷姆茲海峽「封鎖令」引爆全球警報！專家示警: 恐失控引更大危機| 國際
23:39:31  INFO    [🇹🇼 台灣] 美軍可能會結束打伊朗? 范斯漏口風: 美國已達目標可透過談判解決| 國際
23:39:31  INFO    [🇹🇼 台灣] 李貞秀直播開撕／李貞秀開撕黃國昌喊「還我20萬」！ 怒轟陳智菡夫妻「民眾黨蛀蟲」
23:39:31  INFO    [🇹🇼 台灣] 快新聞／國民黨完蛋了？竟成立小組對接中共 陸委會證實：做「這事」已觸法
23:39:35  INFO    [🇯🇵 日本] 安達由紀要麼在失蹤後不久去世，要麼在六歲前去世。京都府警察正在調查這起事件。
23:39:35  INFO    [🇯🇵 日本] 伊朗和美國副總統之間存在著許多不信任，美國副總統表示他“對現狀感到滿意”
23:39:36  INFO    [🇯🇵 日本] 川普透露與梅洛尼的裂痕：“我不是同一個人”
23:39:37  INFO    [🇯🇵 日本] 美軍：「六艘商船遵守封鎖。」兩艘來自佐世保的美國掃雷艦將被派往中東？
23:39:38  INFO    [🇯🇵 日本] 匈牙利下一任總理候選人表示，如果普丁打電話並要求他“停止烏克蘭戰爭”，他將接聽。
23:39:39  INFO    [🇯🇵 日本] 每週天氣預報：春意盎然，晴、陰、雨交替。小笠原群島應注意颱風的影響。
23:39:41  INFO    [🇰🇷 韓國] 副總統萬斯：“川普希望達成‘全面協議’……如果伊朗放棄核武器，伊朗就會繁榮。”
23:39:41  INFO    [🇰🇷 韓國] 霍爾木茲一觸即發…美國10艘軍艦“反向封鎖”對伊朗“難以想像的反擊”
23:39:42  INFO    [🇰🇷 韓國] 政府決定向伊朗提供價值50萬美元的人道援助…調動外交力量
23:39:42  INFO    [🇰🇷 韓國] “韓東勳競選釜山北甲”未獲提名...國家權力領導層“該行為屬於外匯犯罪”
23:39:43  INFO    [🇰🇷 韓國] 「2年+α定期合同，誰會僱用全職員工？」…MB和朴槿惠也嘗試過，但失敗了。
23:39:43  INFO    [🇰🇷 韓國] 金建熙在審判中遇見尹錫烈……我丈夫的微笑“轉身離開”
23:39:44  INFO    [🇺🇸 美國] Chinese tanker goes through Strait of Hormuz, defying Trump
23:39:44  INFO    [🇺🇸 美國] New accuser says Eric Swalwell sexually assaulted her in 2018
23:39:44  INFO    [🇺🇸 美國] Live updates: Trump hints US-Iran talks could resume over next two days
23:39:44  INFO    [🇺🇸 美國] Reps. Eric Swalwell and Tony Gonzales officially resign amid misconduct claims
23:39:44  INFO    [🇺🇸 美國] Justice Department says Biden DOJ weaponized law to go after anti-abortion activists
23:39:44  INFO    [🇺🇸 美國] House Democrats file long-shot 25th Amendment bill targeting Trump
23:39:59  INFO  
🖥️  產生 HTML 報告...
23:39:59  INFO  
✅  HTML：報告_20260414_2339.html
23:39:59  INFO  ✅  CSV：機會分析_20260414_2339.csv
23:39:59  INFO  📝  Log：logs/scan_20260414_233841.log
