23:28:14  INFO  ======================================================================
23:28:14  INFO  🔥  每日機會分析系統 v10
23:28:14  INFO  📅  2026-03-26 23:28
23:28:14  INFO  ======================================================================
23:28:14  INFO  
① 🌕  CRYPTO
23:28:15  ERROR    BTC-USD: float() argument must be a string or a real number, not 'Series'
23:28:15  ERROR    ETH-USD: float() argument must be a string or a real number, not 'Series'
23:28:16  ERROR    SOL-USD: float() argument must be a string or a real number, not 'Series'
23:28:17  ERROR    BNB-USD: float() argument must be a string or a real number, not 'Series'
23:28:17  ERROR    XRP-USD: float() argument must be a string or a real number, not 'Series'
23:28:18  INFO    ✅ Crypto 0 筆
23:28:18  INFO  
② 📈  股票
23:28:18  INFO    [台] 3293.TWO     鈊象電子         $    784.00  +4.67% 三線多頭
23:28:18  INFO             買入點：— 目前無買入信號  進場區：$662.1 ~ $675.4  止損：$649.9
23:28:19  INFO    [台] 00909.TW     國泰智能電動車ETF   $     39.65  +0.03% 多空分歧
23:28:19  INFO             買入點：🎯 一條件滿足 — 待確認  進場區：$36.2 ~ $36.9  止損：$35.3
23:28:20  INFO    [台] 0056.TW      元大高股息        $     38.56  -0.05% 多空分歧
23:28:20  INFO             買入點：🎯 一條件滿足 — 待確認  進場區：$36.3 ~ $37.0  止損：$35.4
23:28:21  INFO    [台] 6111.TWO     6111擎亞       $     42.40  -0.24% 偏空
23:28:21  INFO             買入點：🎯 一條件滿足 — 待確認  進場區：$40.8 ~ $41.6  止損：$39.8
23:28:22  INFO    [台] 00878.TW     國泰永續高股息      $     22.44  +0.00% 多空分歧
23:28:22  INFO             買入點：🎯 一條件滿足 — 待確認  進場區：$21.2 ~ $21.6  止損：$20.6
23:28:23  INFO    [台] 3017.TW      奇鋐           $  2,275.00  +8.33% 三線多頭
23:28:23  INFO             買入點：— 目前無買入信號  進場區：$1,581.8 ~ $1,613.5  止損：$1,615.0
23:28:24  INFO    [台] 00713.TW     元大高息低波       $     51.70  -0.29% 多空分歧
23:28:24  INFO             買入點：🎯 一條件滿足 — 待確認  進場區：$49.8 ~ $50.8  止損：$48.6
23:28:24  INFO    [台] 00919.TW     群益台灣精選高息     $     22.63  -0.96% 多空分歧
23:28:24  INFO             買入點：🎯 一條件滿足 — 待確認  進場區：$21.7 ~ $22.2  止損：$21.2
23:28:25  INFO    [美] NVDA         NVIDIA       $    171.24  -4.16% 偏空
23:28:25  INFO             買入點：🎯 一條件滿足 — 待確認  進場區：$170.3 ~ $173.7  止損：$166.0
23:28:26  INFO    [美] GEV          GE Vernova   $    873.12  -5.47% 三線多頭
23:28:26  INFO             買入點：— 目前無買入信號  進場區：$772.6 ~ $788.2  止損：$753.2
23:28:27  INFO    [台] 2330.TW      台積電          $  1,840.00  -0.27% 多空分歧
23:28:27  INFO             買入點：🎯 一條件滿足 — 待確認  進場區：$1,755.4 ~ $1,790.7  止損：$1,711.3
23:28:28  INFO    [美] AMD          AMD          $    203.77  -7.49% 多空分歧
23:28:28  INFO             買入點：— 目前無買入信號  進場區：$187.3 ~ $191.0  止損：$182.6
23:28:29  INFO    [美] TSM          台積電ADR       $    326.11  -6.22% 多空分歧
23:28:29  INFO             買入點：🎯 一條件滿足 — 待確認  進場區：$320.4 ~ $326.8  止損：$315.4
23:28:31  INFO    [台] 2317.TW      鴻海           $    200.50  +0.25% 三線空頭
23:28:31  INFO             買入點：🎯 一條件滿足 — 待確認  進場區：$187.0 ~ $190.8  止損：$188.2
23:28:32  INFO    [台] 2530.TW      華建           $     25.05  -0.20% 多空分歧
23:28:32  INFO             買入點：🎯 一條件滿足 — 待確認  進場區：$24.0 ~ $24.5  止損：$23.8
23:28:33  INFO    [美] MU           美光           $    355.46  -6.97% 多空分歧
23:28:33  INFO             買入點：🎯 一條件滿足 — 待確認  進場區：$350.2 ~ $357.2  止損：$341.4
23:28:34  INFO    [美] LRCX         科林研發         $    211.62  -9.35% 多空分歧
23:28:34  INFO             買入點：🎯 一條件滿足 — 待確認  進場區：$193.1 ~ $197.0  止損：$188.3
23:28:34  INFO    [台] 00631L.TW    元大台灣50正2     $    443.15  +0.00% 多空分歧
23:28:34  INFO             買入點：🎯 一條件滿足 — 待確認  進場區：$412.9 ~ $421.2  止損：$404.0
23:28:35  INFO    [台] 00910.TW     第一金太空衛星      $     61.00  +4.10% 三線多頭
23:28:35  INFO             買入點：— 目前無買入信號  進場區：$52.1 ~ $53.1  止損：$50.8
23:28:37  INFO    [台] 2308.TW      台達電          $  1,515.00  -2.26% 三線多頭
23:28:37  INFO             買入點：— 目前無買入信號  進場區：$1,189.0 ~ $1,212.9  止損：$1,159.1
23:28:40  INFO    ✅ 股票 20 筆
23:28:40  INFO  
③ 🌟  生活熱門趨勢
23:28:40  INFO    📊 Google Trends 台灣（生活/食衣住行）...
23:28:40  INFO    [食品飲料] 熱度:6 動能:-40% 最熱關鍵字：美食 ❄️
23:28:43  INFO    [服飾美妝] 熱度:32 動能:-7% 最熱關鍵字：穿搭 ❄️
23:28:46  INFO    [居家生活] 熱度:15 動能:-36% 最熱關鍵字：家具 ❄️
23:28:48  INFO    [娛樂3C] 熱度:36 動能:-4% 最熱關鍵字：手機 ❄️
23:28:51  INFO    [健康運動] 熱度:26 動能:-21% 最熱關鍵字：健身 ❄️
23:28:53  INFO    [旅遊交通] 熱度:24 動能:-17% 最熱關鍵字：機票 ❄️
23:28:55  INFO    💬 Dcard 熱門...
23:28:55  WARNING      ⚠️  www.dcard.tw → 403 Client Error: Forbidden for url: https://www.dcard.tw/f/trending
23:28:55  INFO    📋 PTT 熱門...
23:28:55  WARNING      ⚠️  www.ptt.cc → ('Connection aborted.', ConnectionResetError(104, 'Connection reset by peer'))
23:28:56  INFO    [PTT/Stock] [34] [新聞] 20歲女「社群媒體成癮」提告 Meta YouTu
23:28:56  INFO    [PTT/Stock] [14] [新聞] 日月光與楠梓電簽約，合建分屋擴大 AI
23:28:56  INFO    [PTT/Stock] [11] Re: [新聞] 川普怒嗆伊朗「再不談就完了」！中東局
23:28:56  INFO    [PTT/Stock] [44] [新聞] 川普稱將暫停對伊朗能源設施的攻擊
23:28:56  INFO    [PTT/Stock] [14] Re: [請益] FEDWatch罕見的出現了7%升息機率
23:28:57  INFO    [PTT/beauty] [6] [正妹] 姊妹合照, 不相上下
23:28:57  INFO    [PTT/beauty] [7] [正妹] 小雲
23:28:57  INFO    [PTT/beauty] [3] [正妹] 飛飛
23:28:58  INFO    [PTT/movie] [4] [情報] 【橡樹街末日】 前導預告
23:28:58  INFO    [PTT/movie] [] [公告] 電影板板規 2025/10/26
23:28:58  INFO    [PTT/movie] [X1] [公告] 政治電影新聞張貼規範
23:28:59  INFO    [PTT/food] [] [食記] 台北士林區 Subber潛艇堡
23:28:59  INFO    [PTT/food] [] [食記] 宜蘭羅東白橡｜WhiteOak│路過的美味甜點
23:28:59  INFO    [PTT/food] [] [食記] 日本 旭川成吉思汗大黑屋 無腥味羔羊炙烤
23:28:59  INFO    [PTT/food] [] [食記] 劉家蝦公粄 屏東內埔 酥脆九層塔香蝦公粄
23:28:59  INFO    [PTT/food] [] [食記] 香港 HashtagB 超酥脆蛋撻大推開心果口味
23:29:00  INFO    📺 YouTube 台灣熱門...
23:29:00  INFO    🎵 TikTok...
23:29:01  INFO    [TikTok] #1 #sparemomentslive
23:29:01  INFO    🛍️  Shopee 台灣熱銷...
23:29:05  INFO    💬 Reddit 熱賣（本週）...
23:29:05  INFO    ✅ 生活趨勢完成
23:29:05  INFO  
④ 📰  消息面
23:29:05  INFO    [🇹🇼 台灣] 快訊》柯文哲案一審重判17年喪失2028總統參選資格| 政治
23:29:05  INFO    [🇹🇼 台灣] 未來1周鋒面一波波 明天雷雨開轟 清明連假恐溼答答
23:29:05  INFO    [🇹🇼 台灣] 鎖死荷莫茲海峽！伊朗宣佈「只准5國通行」　國際油價飆破104美元
23:29:05  INFO    [🇹🇼 台灣] 川普強行打開荷姆茲海峽會怎樣 ? 不是軍力不夠 經濟學人曝「真實代價」
23:29:05  INFO    [🇹🇼 台灣] 前美食節目主持人如廁 疑用力過猛猝逝 死因曝光
23:29:05  INFO    [🇹🇼 台灣] LTN經濟通》借鏡兩伊戰爭 荷姆茲危機如何演變？
23:29:08  INFO    [🇯🇵 日本] 美以伊緊張局勢持續，川普加大施壓
23:29:09  INFO    [🇯🇵 日本] 池袋神奇寶貝中心一名21歲女店員被一名26歲前女友刺死。該男子去年12月因跟蹤女性被捕，但於1月底因簡易指控被釋放。
23:29:10  INFO    [🇯🇵 日本] ゼレンスキー氏「アメリカがドンバスの割譲要求」、ロシアの再侵略防ぐ「安全の保証」に…割譲拒否
23:29:12  INFO    [🇯🇵 日本] 油輪機長分享滯留三週後穿越霍爾木茲海峽的經驗－GPS幹擾與飛行物（CNN.co.jp）
23:29:12  INFO    [🇯🇵 日本] 國際同誌社衝突父母協會“隊長”和“意識形態”充斥著疑問；解釋：“我相信愛好和平的部分。”
23:29:13  INFO    [🇯🇵 日本] 日本海上自衛隊驅逐艦 Chokai 將於 9 月開始發射戰斧
23:29:16  INFO    [🇰🇷 韓國] 川普將暫停對伊朗能源設施的襲擊再延長10天…“談判進展順利”
23:29:17  INFO    [🇰🇷 韓國] 伊朗駐韓國大使：“與美國相連的韓國船隻不能通過霍爾木茲”
23:29:18  INFO    [🇰🇷 韓國] 【事實真相】4月開始，你吃感冒藥會被處罰嗎？毒駕打擊目標：
23:29:19  INFO    [🇰🇷 韓國] 以當地貨幣提供民生支持，主要發放給受高油價影響的弱勢族群和當地
23:29:20  INFO    [🇰🇷 韓國] 月亮正在升溫…金富謙預計30日宣布參選大邱市長選舉。
23:29:21  INFO    [🇰🇷 韓國] 45%確認藥品降價…製藥業：“很不幸，但我們避免了最壞的情況。”
23:29:21  INFO    [🇺🇸 美國] Trump weighs executive action to ease airport security snags, sources say
23:29:21  INFO    [🇺🇸 美國] Live Updates: Trump extends pause on striking Iranian energy plants; Witkoff floats 15-point peace proposal
23:29:21  INFO    [🇺🇸 美國] US prosecutors argue Maduro 'plundered' Venezuelan wealth in court battle over legal fees
23:29:21  INFO    [🇺🇸 美國] Trump’s Signature to Be Added to U.S. Dollars
23:29:21  INFO    [🇺🇸 美國] Trump has deployed ICE agents to the nation's airports. What's their role?
23:29:21  INFO    [🇺🇸 美國] Scoop: Nancy Mace eyes break with GOP on Iran war powers vote in blow to Trump
23:29:37  INFO  
🖥️  產生 HTML 報告...
23:29:37  INFO  
✅  HTML：報告_20260326_2329.html
23:29:37  INFO  ✅  CSV：機會分析_20260326_2329.csv
23:29:37  INFO  📝  Log：logs/scan_20260326_232814.log
