23:51:44  INFO  ======================================================================
23:51:44  INFO  🔥  每日機會分析系統 v10
23:51:44  INFO  📅  2026-04-29 23:51
23:51:44  INFO  ======================================================================
23:51:44  INFO  
① 🌕  CRYPTO
23:51:44  ERROR    BTC-USD: float() argument must be a string or a real number, not 'Series'
23:51:45  ERROR    ETH-USD: float() argument must be a string or a real number, not 'Series'
23:51:45  ERROR    SOL-USD: float() argument must be a string or a real number, not 'Series'
23:51:46  ERROR    BNB-USD: float() argument must be a string or a real number, not 'Series'
23:51:47  ERROR    XRP-USD: float() argument must be a string or a real number, not 'Series'
23:51:47  INFO    ✅ Crypto 0 筆
23:51:47  INFO  
② 📈  股票
23:51:47  INFO    [台] 3293.TWO     鈊象電子         $    756.00  +0.13% 多空分歧
23:51:47  INFO             買入點：🎯 一條件滿足 — 待確認  進場區：$727.3 ~ $742.0  止損：$709.1
23:51:48  INFO    [台] 00909.TW     國泰智能電動車ETF   $       nan   +nan% 多空分歧
23:51:48  INFO             買入點：— 目前無買入信號  進場區：$32.9 ~ $33.5  止損：$32.1
23:51:49  INFO    [台] 0056.TW      元大高股息        $       nan   +nan% 偏多
23:51:49  INFO             買入點：— 目前無買入信號  進場區：$36.0 ~ $36.7  止損：$35.1
23:51:50  INFO    [台] 6111.TWO     6111擎亞       $     44.85  -1.64% 多空分歧
23:51:50  INFO             買入點：🎯 一條件滿足 — 待確認  進場區：$39.7 ~ $40.5  止損：$38.7
23:51:51  INFO    [台] 00878.TW     國泰永續高股息      $       nan   +nan% 三線多頭
23:51:51  INFO             買入點：— 目前無買入信號  進場區：$21.7 ~ $22.1  止損：$21.1
23:51:51  INFO    [台] 3017.TW      奇鋐           $  2,835.00  +1.98% 三線多頭
23:51:51  INFO             買入點：— 目前無買入信號  進場區：$1,824.9 ~ $1,861.6  止損：$1,886.6
23:51:52  INFO    [台] 00713.TW     元大高息低波       $       nan   +nan% 多空分歧
23:51:52  INFO             買入點：— 目前無買入信號  進場區：$50.4 ~ $51.4  止損：$49.1
23:51:53  INFO    [台] 00919.TW     群益台灣精選高息     $       nan   +nan% 多空分歧
23:51:53  INFO             買入點：— 目前無買入信號  進場區：$21.9 ~ $22.3  止損：$21.3
23:51:54  INFO    [美] NVDA         NVIDIA       $    209.25  -1.84% 三線多頭
23:51:54  INFO             買入點：— 目前無買入信號  進場區：$168.9 ~ $172.3  止損：$166.2
23:51:55  INFO    [美] GEV          GE Vernova   $  1,063.11  -2.37% 多空分歧
23:51:55  INFO             買入點：— 目前無買入信號  進場區：$834.8 ~ $851.6  止損：$840.0
23:51:56  INFO    [台] 2330.TW      台積電          $  2,180.00  -1.58% 三線多頭
23:51:56  INFO             買入點：— 目前無買入信號  進場區：$1,747.6 ~ $1,782.8  止損：$1,707.2
23:51:57  INFO    [美] AMD          AMD          $    337.11  +4.30% 三線多頭
23:51:57  INFO             買入點：— 目前無買入信號  進場區：$183.1 ~ $186.8  止損：$194.6
23:51:58  INFO    [美] TSM          台積電ADR       $    393.83  +0.38% 三線多頭
23:51:58  INFO             買入點：— 目前無買入信號  進場區：$325.2 ~ $331.7  止損：$317.0
23:51:59  INFO    [台] 2317.TW      鴻海           $    225.00  -0.22% 多空分歧
23:51:59  INFO             買入點：— 目前無買入信號  進場區：$182.6 ~ $186.3  止損：$181.9
23:52:00  INFO    [台] 2530.TW      華建           $     21.20  +0.00% 三線空頭
23:52:00  INFO             買入點：🎯 一條件滿足 — 待確認  進場區：$20.4 ~ $20.8  止損：$19.9
23:52:00  INFO    [美] MU           美光           $    518.46  +2.81% 三線多頭
23:52:00  INFO             買入點：— 目前無買入信號  進場區：$338.5 ~ $345.3  止損：$330.0
23:52:01  INFO    [美] LRCX         科林研發         $    248.75  -0.99% 多空分歧
23:52:01  INFO             買入點：🎯 一條件滿足 — 待確認  進場區：$207.8 ~ $211.9  止損：$202.5
23:52:02  INFO    [台] 00631L.TW    元大台灣50正2     $       nan   +nan% 三線多頭
23:52:02  INFO             買入點：— 目前無買入信號  進場區：$19.1 ~ $19.5  止損：$18.7
23:52:03  INFO    [台] 00910.TW     第一金太空衛星      $       nan   +nan% 多空分歧
23:52:03  INFO             買入點：— 目前無買入信號  進場區：$54.2 ~ $55.3  止損：$52.9
23:52:04  INFO    [台] 2308.TW      台達電          $  2,165.00  +1.88% 三線多頭
23:52:04  INFO             買入點：— 目前無買入信號  進場區：$1,327.3 ~ $1,354.0  止損：$1,324.0
23:52:06  INFO    ✅ 股票 20 筆
23:52:06  INFO  
③ 🌟  生活熱門趨勢
23:52:06  INFO    📊 Google Trends 台灣（生活/食衣住行）...
23:52:07  INFO    [食品飲料] 熱度:8 動能:-25% 最熱關鍵字：美食 ❄️
23:52:10  INFO    [服飾美妝] 熱度:34 動能:-10% 最熱關鍵字：防曬 ❄️
23:52:13  INFO    [居家生活] 熱度:25 動能:-22% 最熱關鍵字：家具 ❄️
23:52:16  INFO    [娛樂3C] 熱度:34 動能:-4% 最熱關鍵字：手機 ❄️
23:52:19  INFO    [健康運動] 熱度:32 動能:-20% 最熱關鍵字：健身 ❄️
23:52:21  INFO    [旅遊交通] 熱度:24 動能:-18% 最熱關鍵字：機票 ❄️
23:52:23  INFO    💬 Dcard 熱門...
23:52:23  WARNING      ⚠️  www.dcard.tw → 403 Client Error: Forbidden for url: https://www.dcard.tw/f/trending
23:52:23  INFO    📋 PTT 熱門...
23:52:24  WARNING      ⚠️  www.ptt.cc → ('Connection aborted.', ConnectionResetError(104, 'Connection reset by peer'))
23:52:24  INFO    [PTT/Stock] [4] Re: [請益] 平時空倉 大跌時才買進的策略？
23:52:24  INFO    [PTT/Stock] [1] Re: [標的] SRPT.US 疑似新藥吃死人 錯殺反彈多
23:52:24  INFO    [PTT/Stock] [71] [情報] GOOGL財報
23:52:24  INFO    [PTT/Stock] [] [新聞] 「軍工巨頭」響應國艦國造！2艘百噸巡緝
23:52:25  INFO    [PTT/beauty] [6] [正妹] 草帽,嘴角一顆痣
23:52:25  INFO    [PTT/beauty] [] [正妹] Camila_健身教練
23:52:25  INFO    [PTT/beauty] [3] [正妹] 怡蒨
23:52:25  INFO    [PTT/beauty] [] [正妹] Cosplay 2715 日本 培蘿娜 明日香 塔矢亮
23:52:25  INFO    [PTT/beauty] [15] [正妹] 橘瑪麗
23:52:26  INFO    [PTT/movie] [2] [超好雷] 穿著PRADA的惡魔2
23:52:26  INFO    [PTT/movie] [] [新聞] 韓國東亞日報專欄評《殺木池：鬼水禁地》
23:52:26  INFO    [PTT/movie] [1] [好雷] 穿著Prada的惡魔2
23:52:27  INFO    [PTT/food] [] [食記] 台北 すし謙
23:52:27  INFO    [PTT/food] [] [食記] 沖繩那霸機場OKA ラウンジ華 Lounge hana
23:52:27  INFO    [PTT/food] [] [食記] 彰化 山美燒肉 炭火香氣不錯的老宅燒肉
23:52:27  INFO    [PTT/food] [1] [食記] About H Coffee 台北中正 巴斯克與貓咪
23:52:27  INFO    [PTT/food] [] [食記] 桃園 饗厚牛排桃園店自助吧吃到飽
23:52:28  INFO    📺 YouTube 台灣熱門...
23:52:28  INFO    🎵 TikTok...
23:52:29  INFO    [TikTok] #1 #prom
23:52:29  INFO    🛍️  Shopee 台灣熱銷...
23:52:33  INFO    💬 Reddit 熱賣（本週）...
23:52:33  INFO    ✅ 生活趨勢完成
23:52:33  INFO  
④ 📰  消息面
23:52:33  INFO    [🇹🇼 台灣] 季麟連嗆「開除韓國瑜黨籍」趙少康：該取消他國民黨副主席的資格| 政治
23:52:33  INFO    [🇹🇼 台灣] 準新娘女警車禍亡…安平警「334字悼念文＋1照片」惹哭全網
23:52:33  INFO    [🇹🇼 台灣] 快訊／變天！大雷雨開炸2縣市 快回家收衣服
23:52:33  INFO    [🇹🇼 台灣] 伊提和談新方案! 川普不接受 CNN：因對「這點」不爽 普丁出手了....
23:52:33  INFO    [🇹🇼 台灣] 伊朗儲油槽最多再撐22天！美封鎖逼出極限手段 伊擬1招送油到中國
23:52:33  INFO    [🇹🇼 台灣] 賴總統非洲行落空 外媒曝歐洲「這兩國」成為最後一根稻草
23:52:35  INFO    [🇯🇵 日本] 川普準備「對伊朗進行短期攻擊」； Axios 報告稱，在核協議達成之前，港口仍處於封鎖狀態
23:52:36  INFO    [🇯🇵 日本] 東京福生市，一名 40 多歲男子因涉嫌謀殺未遂而在逃，他用錘子擊打一名高中生，造成 5 人重傷和輕傷，隨後被逮捕
23:52:37  INFO    [🇯🇵 日本] 美國防長：“伊朗戰爭不是泥潭”，攻擊民主黨批評者
23:52:39  INFO    [🇯🇵 日本] 普丁主動提出幫助解決伊朗核問題，川普稱：“我會先結束戰爭”
23:52:40  INFO    [🇯🇵 日本] 一名40多歲的婦女在居民區遛狗時遭到一頭「從灌溉渠中跳出」的熊襲擊，導致她的臉部和頭部受傷……那隻熊一直沒有被發現。
23:52:41  INFO    [🇯🇵 日本] 財政部提議以2040年目標減少250所私立大學...文部科學部長：“領域和地區平衡很重要，而不是機械判斷。”
23:52:42  INFO    [🇰🇷 韓國] 川普：“封鎖比轟炸更有效……伊朗像一頭窒息的豬一樣令人窒息”
23:52:43  INFO    [🇰🇷 韓國] 川普：封鎖伊朗海域直至達成核協議...美國國防部：“北韓應該吸取教訓”
23:52:44  INFO    [🇰🇷 韓國] 河正宇和韓東勳在龜浦市場擁抱…“戰鬥”“讓我們努力提高生產力吧”
23:52:46  INFO    [🇰🇷 韓國] ‘全彩五頁匹配’平澤…“我被一個新人吸引”“我被陌生人吸引”
23:52:48  INFO    [🇰🇷 韓國] 川普：「考慮減少駐德美軍」…報復美總理批評伊朗戰爭？
23:52:50  INFO    [🇰🇷 韓國] 金建熙的親信“金藝成”在二審中被判無罪，起訴被駁回…“特別檢察官的調查對象必須明確。”
23:52:51  INFO    [🇺🇸 美國] Live Updates: Supreme Court Strikes Down Louisiana Map in Voting Rights Case
23:52:51  INFO    [🇺🇸 美國] Comey appears in court on charges of threatening Trump
23:52:51  INFO    [🇺🇸 美國] Hegseth denies Iran war is ‘quagmire’ as cost to US hits estimated $25bn
23:52:51  INFO    [🇺🇸 美國] Oil price briefly hits $120 after reports of 'extended' Iran blockade
23:52:51  INFO    [🇺🇸 美國] Man charged with trying to kill Trump at dinner took photo with knife in hotel, investigators say
23:52:51  INFO    [🇺🇸 美國] Immigrants with temporary legal status could score slim win at Supreme Court
23:53:03  INFO  
🖥️  產生 HTML 報告...
23:53:04  INFO  
✅  HTML：報告_20260429_2353.html
23:53:04  INFO  ✅  CSV：機會分析_20260429_2353.csv
23:53:04  INFO  📝  Log：logs/scan_20260429_235144.log
