23:30:32  INFO  ======================================================================
23:30:32  INFO  🔥  每日機會分析系統 v10
23:30:32  INFO  📅  2026-04-12 23:30
23:30:32  INFO  ======================================================================
23:30:32  INFO  
① 🌕  CRYPTO
23:30:33  ERROR    BTC-USD: float() argument must be a string or a real number, not 'Series'
23:30:33  ERROR    ETH-USD: float() argument must be a string or a real number, not 'Series'
23:30:34  ERROR    SOL-USD: float() argument must be a string or a real number, not 'Series'
23:30:34  ERROR    BNB-USD: float() argument must be a string or a real number, not 'Series'
23:30:35  ERROR    XRP-USD: float() argument must be a string or a real number, not 'Series'
23:30:35  INFO    ✅ Crypto 0 筆
23:30:35  INFO  
② 📈  股票
23:30:36  INFO    [台] 3293.TWO     鈊象電子         $    769.00  +0.65% 偏多
23:30:36  INFO             買入點：— 目前無買入信號  進場區：$704.4 ~ $718.5  止損：$691.6
23:30:36  INFO    [台] 00909.TW     國泰智能電動車ETF   $     39.99  +0.88% 多空分歧
23:30:36  INFO             買入點：🎯 一條件滿足 — 待確認  進場區：$35.1 ~ $35.8  止損：$34.2
23:30:37  INFO    [台] 0056.TW      元大高股息        $     39.41  +0.84% 偏多
23:30:37  INFO             買入點：🎯 一條件滿足 — 待確認  進場區：$36.9 ~ $37.6  止損：$35.9
23:30:38  INFO    [台] 6111.TWO     6111擎亞       $     44.05  +0.92% 多空分歧
23:30:38  INFO             買入點：🎯 一條件滿足 — 待確認  進場區：$39.7 ~ $40.5  止損：$38.7
23:30:39  INFO    [台] 00878.TW     國泰永續高股息      $     23.02  +0.52% 偏多
23:30:39  INFO             買入點：— 目前無買入信號  進場區：$21.7 ~ $22.1  止損：$21.1
23:30:39  INFO    [台] 3017.TW      奇鋐           $  2,265.00  +1.34% 三線多頭
23:30:39  INFO             買入點：— 目前無買入信號  進場區：$1,752.3 ~ $1,787.5  止損：$1,760.5
23:30:40  INFO    [台] 00713.TW     元大高息低波       $     52.50  +0.19% 三線多頭
23:30:40  INFO             買入點：— 目前無買入信號  進場區：$50.4 ~ $51.4  止損：$49.1
23:30:41  INFO    [台] 00919.TW     群益台灣精選高息     $     22.93  +0.31% 偏多
23:30:41  INFO             買入點：🎯 一條件滿足 — 待確認  進場區：$21.9 ~ $22.3  止損：$21.3
23:30:42  INFO    [美] NVDA         NVIDIA       $    188.63  +2.57% 多空分歧
23:30:42  INFO             買入點：— 目前無買入信號  進場區：$163.4 ~ $166.7  止損：$159.3
23:30:42  INFO    [美] GEV          GE Vernova   $    991.32  +2.41% 三線多頭
23:30:42  INFO             買入點：— 目前無買入信號  進場區：$785.1 ~ $800.9  止損：$778.2
23:30:43  INFO    [台] 2330.TW      台積電          $  2,000.00  +2.30% 三線多頭
23:30:43  INFO             買入點：— 目前無買入信號  進場區：$1,730.2 ~ $1,765.0  止損：$1,707.2
23:30:44  INFO    [美] AMD          AMD          $    245.04  +3.55% 多空分歧
23:30:44  INFO             買入點：— 目前無買入信號  進場區：$180.2 ~ $183.9  止損：$186.5
23:30:45  INFO    [美] TSM          台積電ADR       $    370.60  +1.40% 三線多頭
23:30:45  INFO             買入點：— 目前無買入信號  進場區：$312.2 ~ $318.5  止損：$304.4
23:30:46  INFO    [台] 2317.TW      鴻海           $    200.50  +0.25% 多空分歧
23:30:46  INFO             買入點：🎯 一條件滿足 — 待確認  進場區：$184.3 ~ $188.0  止損：$181.9
23:30:47  INFO    [台] 2530.TW      華建           $     23.25  -1.27% 三線空頭
23:30:47  INFO             買入點：🎯 一條件滿足 — 待確認  進場區：$22.9 ~ $23.3  止損：$22.3
23:30:48  INFO    [美] MU           美光           $    420.59  -0.22% 多空分歧
23:30:48  INFO             買入點：— 目前無買入信號  進場區：$309.9 ~ $316.2  止損：$302.1
23:30:48  INFO    [美] LRCX         科林研發         $    263.66  +1.89% 三線多頭
23:30:48  INFO             買入點：— 目前無買入信號  進場區：$194.2 ~ $198.1  止損：$192.6
23:30:49  INFO    [台] 00631L.TW    元大台灣50正2     $     23.70  +3.90% 多空分歧
23:30:49  INFO             買入點：🎯 一條件滿足 — 待確認  進場區：$-262.7 ~ $-268.0  止損：$18.5
23:30:50  INFO    [台] 00910.TW     第一金太空衛星      $     65.70  -0.53% 三線多頭
23:30:50  INFO             買入點：— 目前無買入信號  進場區：$51.2 ~ $52.2  止損：$52.9
23:30:51  INFO    [台] 2308.TW      台達電          $  1,735.00  +5.47% 三線多頭
23:30:51  INFO             買入點：— 目前無買入信號  進場區：$1,275.5 ~ $1,301.1  止損：$1,299.8
23:30:53  INFO    ✅ 股票 20 筆
23:30:53  INFO  
③ 🌟  生活熱門趨勢
23:30:53  INFO    📊 Google Trends 台灣（生活/食衣住行）...
23:30:54  INFO    [食品飲料] 熱度:7 動能:-42% 最熱關鍵字：美食 ❄️
23:30:57  INFO    [服飾美妝] 熱度:27 動能:-11% 最熱關鍵字：防曬 ❄️
23:31:00  INFO    [居家生活] 熱度:23 動能:-28% 最熱關鍵字：家具 ❄️
23:31:02  INFO    [娛樂3C] 熱度:36 動能:-7% 最熱關鍵字：手機 ❄️
23:31:05  INFO    [健康運動] 熱度:30 動能:-10% 最熱關鍵字：健身 ❄️
23:31:07  INFO    [旅遊交通] 熱度:18 動能:-24% 最熱關鍵字：機票 ❄️
23:31:09  INFO    💬 Dcard 熱門...
23:31:09  WARNING      ⚠️  www.dcard.tw → 403 Client Error: Forbidden for url: https://www.dcard.tw/f/trending
23:31:09  INFO    📋 PTT 熱門...
23:31:10  WARNING      ⚠️  www.ptt.cc → ('Connection aborted.', ConnectionResetError(104, 'Connection reset by peer'))
23:31:10  INFO    [PTT/Stock] [] [請益] 持有中工遇到董事提名爭議該續抱嗎
23:31:10  INFO    [PTT/Stock] [22] [心得] 感覺現在的局勢就是在猜會不會TACO而已
23:31:10  INFO    [PTT/Stock] [15] [新聞] 伊朗已做好達成「公平」的協議的準備
23:31:10  INFO    [PTT/Stock] [29] [新聞] 匈牙利變天了BBC新聞
23:31:10  INFO    [PTT/Stock] [1] [新聞] 不只塑膠袋之亂！台塑罕見暫停 PVC 報價
23:31:11  INFO    [PTT/beauty] [1] [正妹] Cosplay 2684 中國 尼祿 虞美人 貴妃
23:31:11  INFO    [PTT/beauty] [3] [公告] 水桶
23:31:11  INFO    [PTT/beauty] [11] [正妹] 女僕裝天花板 Rakuten Girls 金佳垠 = =
23:31:11  INFO    [PTT/beauty] [] [正妹] 妍言
23:31:12  INFO    [PTT/movie] [4] [美麗雷] 生命之詩（韓影4K重映）
23:31:12  INFO    [PTT/movie] [14] [普雷] 高雄有顆藍寶石
23:31:12  INFO    [PTT/movie] [] [請益] 山羊巔峰中文配音歌
23:31:12  INFO    [PTT/movie] [3] [情報] 降世神通:最後的氣宗疑似被外流
23:31:12  INFO    [PTT/movie] [] [情報] 4/12 當週13部新片預告+Youtube觀看排行
23:31:14  INFO    [PTT/food] [] [食記] 吉隆坡 甲洞興記肉骨茶(分店)
23:31:14  INFO    [PTT/food] [] [食記] 桃園市中壢區。扯厚腿
23:31:14  INFO    [PTT/food] [] [食記] 泰馬里 台北中正 參巴炸雞腿蝶豆花椰漿飯
23:31:14  INFO    [PTT/food] [] [食記] 尚品甜湯 台中西屯 滑嫩薑香奶香薑汁撞奶
23:31:14  INFO    [PTT/food] [] [食記] 桃園市中壢區。PUNJABI BISTRO & BAR
23:31:14  INFO    📺 YouTube 台灣熱門...
23:31:14  INFO    🎵 TikTok...
23:31:16  INFO    [TikTok] #1 #coachella
23:31:16  INFO    🛍️  Shopee 台灣熱銷...
23:31:20  INFO    💬 Reddit 熱賣（本週）...
23:31:20  INFO    ✅ 生活趨勢完成
23:31:20  INFO  
④ 📰  消息面
23:31:20  INFO    [🇹🇼 台灣] 川普宣布美國海軍將立即封鎖荷姆茲海峽 攔截向伊朗支付通行費船隻
23:31:20  INFO    [🇹🇼 台灣] 白沙屯媽「急行軍」去回僅3.5天！14日到台中龍井 交通管制曝光
23:31:20  INFO    [🇹🇼 台灣] 中國宣布10項惠台措施國民黨：托鄭麗文送台灣民眾的禮物| 政治
23:31:20  INFO    [🇹🇼 台灣] 毀容又截肢？路透爆伊朗最高領袖慘狀
23:31:20  INFO    [🇹🇼 台灣] 揭「鄭習會」成敗真正關鍵王尚智替鄭麗文打分數：膽識、口才佔比高- 政治
23:31:20  INFO    [🇹🇼 台灣] 辛樂克今晚轉強颱！「大迴轉」路徑曝光| 生活
23:31:22  INFO    [🇯🇵 日本] 川普：美軍將封鎖霍爾木茲海峽，警告伊朗如果接近該海峽將違反停火協議
23:31:22  INFO    [🇯🇵 日本] 匈牙利大選總理歐爾班領導的執政黨失利，導致16年來首次政府更迭
23:31:23  INFO    [🇯🇵 日本] 川普稱「絕不允許」伊朗擁有核武器，並點名表達對日韓的不滿
23:31:26  INFO    [🇯🇵 日本] 發現「黑色運動鞋」後案件得到加強京都小學失踪六年級學生足立一家的一位熟人的新證詞：「他失踪那週偵探就已經在這裡了」「全家人都喜歡由紀」（新聞七號
23:31:26  INFO    [🇯🇵 日本] 「我殺了我的女兒和妻子，」該男子撥打了110，並在公寓大樓內發現了兩具屍體……該居民立即被捕。
23:31:27  INFO    [🇯🇵 日本] 每週天氣預報 天氣持續不佳 小笠原群島小心颱風影響
23:31:29  INFO    [🇰🇷 韓國] 川普：“除了核問題外，一切都差不多完成了……伊朗將重返談判桌”
23:31:30  INFO    [🇰🇷 韓國] 以色列軍方處於最高戒備狀態…為伊朗攻擊做準備
23:31:30  INFO    [🇰🇷 韓國] 伊朗革命衛隊：“完全控制霍爾木茲。如果判斷錯誤，死亡螺旋”
23:31:31  INFO    [🇰🇷 韓國] [獨家]政府放棄聯合國要求以色列對「侵犯人權」負責的決議
23:31:31  INFO    [🇰🇷 韓國] 返回後3分鐘爆炸…1個兒子和2個女兒的父親、準丈夫、消防員在執行任務時喪生
23:31:33  INFO    [🇰🇷 韓國] 噢，「祝魏成坤獲勝」的團結形成了…關注決賽的影響
23:31:33  INFO    [🇺🇸 美國] Hungary election: Orban concedes 'painful' defeat to Magyar
23:31:33  INFO    [🇺🇸 美國] The U.S. military says it will blockade Iranian ports as Iran peace talks collapse
23:31:33  INFO    [🇺🇸 美國] LAUSD reaches tentative labor deal with teachers. But schools could still be closed on Tuesday
23:31:33  INFO    [🇺🇸 美國] Abuse allegations against lead Democrat shake race for California governor
23:31:33  INFO    [🇺🇸 美國] 1 dead, 6 hurt in Chick-fil-A shooting in Union Township, N.J., investigators say - CBS New York
23:31:33  INFO    [🇺🇸 美國] Vance, US negotiators depart meeting with Iran, Pakistan delegation after peace talks fail
23:31:48  INFO  
🖥️  產生 HTML 報告...
23:31:48  INFO  
✅  HTML：報告_20260412_2331.html
23:31:48  INFO  ✅  CSV：機會分析_20260412_2331.csv
23:31:48  INFO  📝  Log：logs/scan_20260412_233032.log
