10:04:18  INFO  ======================================================================
10:04:18  INFO  🔥  每日機會分析系統 v10
10:04:18  INFO  📅  2026-04-02 10:04
10:04:18  INFO  ======================================================================
10:04:18  INFO  
① 🌕  CRYPTO
10:04:18  ERROR    BTC-USD: float() argument must be a string or a real number, not 'Series'
10:04:19  ERROR    ETH-USD: float() argument must be a string or a real number, not 'Series'
10:04:19  ERROR    SOL-USD: float() argument must be a string or a real number, not 'Series'
10:04:20  ERROR    BNB-USD: float() argument must be a string or a real number, not 'Series'
10:04:21  ERROR    XRP-USD: float() argument must be a string or a real number, not 'Series'
10:04:21  INFO    ✅ Crypto 0 筆
10:04:21  INFO  
② 📈  股票
10:04:21  INFO    [台] 3293.TWO     鈊象電子         $    755.00  -1.56% 多空分歧
10:04:21  INFO             買入點：— 目前無買入信號  進場區：$676.6 ~ $690.2  止損：$659.6
10:04:22  INFO    [台] 00909.TW     國泰智能電動車ETF   $     35.99  -1.83% 三線空頭
10:04:22  INFO             買入點：🎯 一條件滿足 — 待確認  進場區：$35.1 ~ $35.8  止損：$34.2
10:04:23  INFO    [台] 0056.TW      元大高股息        $     37.82  -0.76% 多空分歧
10:04:23  INFO             買入點：🎯 一條件滿足 — 待確認  進場區：$36.3 ~ $37.0  止損：$35.4
10:04:24  INFO    [台] 6111.TWO     6111擎亞       $     43.00  +1.65% 偏空
10:04:24  INFO             買入點：🎯 一條件滿足 — 待確認  進場區：$39.7 ~ $40.5  止損：$38.7
10:04:25  INFO    [台] 00878.TW     國泰永續高股息      $     22.03  -1.21% 多空分歧
10:04:25  INFO             買入點：🎯 一條件滿足 — 待確認  進場區：$21.2 ~ $21.6  止損：$20.6
10:04:26  INFO    [台] 3017.TW      奇鋐           $  2,070.00  -1.90% 多空分歧
10:04:26  INFO             買入點：— 目前無買入信號  進場區：$1,637.0 ~ $1,669.9  止損：$1,615.0
10:04:27  INFO    [台] 00713.TW     元大高息低波       $     51.35  -0.29% 多空分歧
10:04:27  INFO             買入點：🎯 一條件滿足 — 待確認  進場區：$49.8 ~ $50.8  止損：$48.6
10:04:27  INFO    [台] 00919.TW     群益台灣精選高息     $     22.30  -0.89% 多空分歧
10:04:27  INFO             買入點：🎯 一條件滿足 — 待確認  進場區：$21.7 ~ $22.2  止損：$21.2
10:04:28  INFO    [美] NVDA         NVIDIA       $    175.75  +0.77% 偏空
10:04:28  INFO             買入點：🎯 一條件滿足 — 待確認  進場區：$163.4 ~ $166.7  止損：$159.3
10:04:29  INFO    [美] GEV          GE Vernova   $    894.78  +2.51% 多空分歧
10:04:29  INFO             買入點：— 目前無買入信號  進場區：$772.6 ~ $788.2  止損：$753.2
10:04:30  INFO    [台] 2330.TW      台積電          $  1,810.00  -2.43% 多空分歧
10:04:30  INFO             買入點：🎯 一條件滿足 — 待確認  進場區：$1,750.5 ~ $1,785.7  止損：$1,707.2
10:04:31  INFO    [美] AMD          AMD          $    210.21  +3.33% 多空分歧
10:04:31  INFO             買入點：🎯 一條件滿足 — 待確認  進場區：$188.1 ~ $191.9  止損：$183.3
10:04:32  INFO    [美] TSM          台積電ADR       $    341.49  +1.05% 多空分歧
10:04:32  INFO             買入點：🎯🎯 兩條件滿足 — 觀察買入點  進場區：$312.2 ~ $318.5  止損：$304.4
10:04:32  INFO    [台] 2317.TW      鴻海           $    193.00  -2.03% 三線空頭
10:04:32  INFO             買入點：🎯 一條件滿足 — 待確認  進場區：$184.3 ~ $188.0  止損：$181.9
10:04:33  INFO    [台] 2530.TW      華建           $     24.05  -3.41% 三線空頭
10:04:33  INFO             買入點：🎯 一條件滿足 — 待確認  進場區：$23.8 ~ $24.3  止損：$23.2
10:04:34  INFO    [美] MU           美光           $    367.85  +8.88% 多空分歧
10:04:34  INFO             買入點：🎯 一條件滿足 — 待確認  進場區：$309.9 ~ $316.2  止損：$302.1
10:04:35  INFO    [美] LRCX         科林研發         $    222.01  +3.91% 多空分歧
10:04:35  INFO             買入點：🎯 一條件滿足 — 待確認  進場區：$193.1 ~ $197.0  止損：$188.3
10:04:36  INFO    [台] 00631L.TW    元大台灣50正2     $     20.00  -4.76% 偏空
10:04:36  INFO             買入點：🎯 一條件滿足 — 待確認  進場區：$-191.0 ~ $-194.8  止損：$18.5
10:04:36  INFO    [台] 00910.TW     第一金太空衛星      $     58.20  +1.31% 多空分歧
10:04:36  INFO             買入點：— 目前無買入信號  進場區：$52.1 ~ $53.1  止損：$50.8
10:04:37  INFO    [台] 2308.TW      台達電          $  1,430.00  -3.05% 多空分歧
10:04:37  INFO             買入點：🎯 一條件滿足 — 待確認  進場區：$1,189.0 ~ $1,212.9  止損：$1,159.1
10:04:38  INFO    ⏰ 10:xx 外資 16:30 後更新
10:04:38  INFO    ✅ 股票 20 筆
10:04:38  INFO  
③ 🌟  生活熱門趨勢
10:04:38  INFO    📊 Google Trends 台灣（生活/食衣住行）...
10:04:38  INFO    [食品飲料] 熱度:13 動能:+19% 最熱關鍵字：美食 🔥🔥
10:04:41  INFO    [服飾美妝] 熱度:23 動能:-30% 最熱關鍵字：穿搭 ❄️
10:04:43  INFO    [居家生活] 熱度:25 動能:-18% 最熱關鍵字：家具 ❄️
10:04:46  INFO    [娛樂3C] 熱度:36 動能:-10% 最熱關鍵字：手機 ❄️
10:04:48  INFO    [健康運動] 熱度:24 動能:-17% 最熱關鍵字：健身 ❄️
10:04:51  INFO    [旅遊交通] 熱度:25 動能:-7% 最熱關鍵字：機票 ❄️
10:04:53  INFO    💬 Dcard 熱門...
10:04:53  WARNING      ⚠️  www.dcard.tw → 403 Client Error: Forbidden for url: https://www.dcard.tw/f/trending
10:04:53  INFO    📋 PTT 熱門...
10:04:53  INFO    [PTT/Gossiping] [3] [問卦] 說到台灣知名人物 你最討厭的是誰？
10:04:53  INFO    [PTT/Gossiping] [3] [問卦] 美國為什麼打越南打不下來？？？
10:04:53  INFO    [PTT/Gossiping] [4] [問卦] 有人吃牛肉麵會倒皮蛋豆腐小黃瓜海帶嗎= =
10:04:53  INFO    [PTT/Gossiping] [2] [問卦] 棒球4X板解除靜板重新開張了?
10:04:53  INFO    [PTT/Gossiping] [] Re: [新聞] 鏡週刊獨家曝光柯文哲判決書　黃國昌
10:04:55  INFO    [PTT/Stock] [25] [新聞] 國票金股東會紀念品出爐 「高級法蘭絨毯
10:04:55  INFO    [PTT/Stock] [12] [請益] 大家覺得行為金融學有幫助嗎?
10:04:55  INFO    [PTT/Stock] [21] [新聞] 「他的說法一天變十次」 避險基金採取「
10:04:55  INFO    [PTT/Stock] [] [新聞] 凱基金股利至少0.95元！全配現金  法說重點速讀
10:04:55  INFO    [PTT/Stock] [32] Re: [新聞] 遭川普嗆「打回石器時代」！伊朗軍方火大
10:04:56  INFO    [PTT/beauty] [] [正妹] 獸醫
10:04:56  INFO    [PTT/beauty] [18] [正妹] 長腿外拍
10:04:56  INFO    [PTT/beauty] [] [正妹] 玥晨
10:04:56  INFO    [PTT/beauty] [1] [正妹] Cosplay 2666 泰國 蜘蛛人
10:04:56  INFO    [PTT/beauty] [15] [正妹] 短髮女孩
10:04:57  INFO    [PTT/movie] [1] [討論] 蠱降觀後文有劇透
10:04:57  INFO    [PTT/movie] [6] Re: [新聞] 《超級瑪利歐銀河電影》影評給0分？
10:04:57  INFO    [PTT/movie] [6] Re: [討論] 在中國上映就要標中國台灣阿不然呢??!!
10:04:57  INFO    [PTT/movie] [18] Re: [討論] 在中國上映就要標中國台灣阿不然呢??!!
10:04:57  INFO    [PTT/movie] [] [公告] 電影板板規 2025/10/26
10:04:58  INFO    [PTT/food] [2] [食記] Tacos Luca 新北新店 餅香脆豬腿肉酥Taco
10:04:58  INFO    [PTT/food] [] Fw: [食記] 慶豐牛排
10:04:58  INFO    [PTT/food] [] [食記] [新竹] 福記包子饅頭 ～買2送1／買5送1
10:04:58  INFO    [PTT/food] [] [食記] 雙喜饅頭 新北新莊 抹茶紅豆雜糧起司饅頭
10:04:58  INFO    📺 YouTube 台灣熱門...
10:04:59  INFO    🎵 TikTok...
10:04:59  INFO    [TikTok] #1 #semanasanta
10:04:59  INFO    🛍️  Shopee 台灣熱銷...
10:05:03  INFO    💬 Reddit 熱賣（本週）...
10:05:04  INFO    ✅ 生活趨勢完成
10:05:04  INFO  
④ 📰  消息面
10:05:04  INFO    [🇹🇼 台灣] 川普談話再掀震撼 油價衝高5% 黃金價格跳水逾150美元
10:05:04  INFO    [🇹🇼 台灣] 獨家》起訴徐春鶯「未曝光版」！統戰高官潛台21年 高調宣揚一國兩制
10:05:04  INFO    [🇹🇼 台灣] 子弟兵朱政騏涉共諜案何志偉憤怒：即刻退出台北市議員選舉| 政治
10:05:04  INFO    [🇹🇼 台灣] 快訊／好市多「塑膠袋限購令」擴及14品項　拋棄式手套也入列
10:05:04  INFO    [🇹🇼 台灣] 遭川普嗆「打回石器時代」！伊朗軍方火大回應了
10:05:04  INFO    [🇹🇼 台灣] 直播》國民黨內初選塵埃落定！ 鄭麗文今提名3縣市長候選人| 政治
10:05:06  INFO    [🇯🇵 日本] Macroscope：川普演講後政府內部“嘆息”，專家擔心演講會再次延長
10:05:07  INFO    [🇯🇵 日本] NASA成功將獵戶座飛船發射到月球，這是大約半個世紀以來首次“阿耳忒彌斯二號”
10:05:09  INFO    [🇯🇵 日本] 【突發新聞】伊朗總統稱基礎設施襲擊是“國家目標”
10:05:10  INFO    [🇯🇵 日本] 首相安倍晉三6日出席了參議院預算委員會，並達成一致，“這是歷史上最短的時間”，立命館齋藤說。
10:05:12  INFO    [🇯🇵 日本] 邊野古號傾覆航班業者為「未能保護寶貴生命負有深刻而重大的責任」道歉
10:05:13  INFO    [🇯🇵 日本] 霍爾木茲海峽會議，英國要求日本回應，內閣官房長官木原“考慮回應”
10:05:16  INFO    [🇰🇷 韓國] 川普針對美國選民的「廢話演講」…戰爭只會增加不確定性
10:05:19  INFO    [🇰🇷 韓國] 李總統與國家力量黨議員握手…市府演講時隔一段時間以來首次親切
10:05:20  INFO    [🇰🇷 韓國] 李總統在演講中28次提到“危機”…張東赫代表還開了“領帶笑話”
10:05:23  INFO    [🇰🇷 韓國] “金在燮將為低品質的‘性別恐怖故事’付出代價。他必須立即辭職。”
10:05:25  INFO    [🇰🇷 韓國] 伊朗稱美國將永遠後悔…胡塞武裝警告“封鎖紅海”
10:05:27  INFO    [🇰🇷 韓國] 美國情報機構：“伊朗不信任川普…沒有意願透過談判結束戰爭”
10:05:28  INFO    [🇺🇸 美國] Trump: U.S. will bomb Iran "back to stone ages" over next 2-3 weeks
10:05:28  INFO    [🇺🇸 美國] Key Justices Appear Skeptical of Limiting Birthright Citizenship
10:05:28  INFO    [🇺🇸 美國] California in for ‘ugly summer’ amid one of the worst snowpacks on record
10:05:28  INFO    [🇺🇸 美國] Why is the Artemis 2 rocket launch different from all other rocket launches?
10:05:28  INFO    [🇺🇸 美國] TSA shutdown: GOP leaders Thune and Johnson boost two-track approach to funding DHS
10:05:28  INFO    [🇺🇸 美國] 4.9 magnitude earthquake shakes California, centered in Santa Cruz Mountains
10:05:42  INFO  
🖥️  產生 HTML 報告...
10:05:42  INFO  
✅  HTML：報告_20260402_1005.html
10:05:42  INFO  ✅  CSV：機會分析_20260402_1005.csv
10:05:42  INFO  📝  Log：logs/scan_20260402_100418.log
