17:27:52  INFO  ======================================================================
17:27:52  INFO  🔥  每日機會分析系統 v10
17:27:52  INFO  📅  2026-04-24 17:27
17:27:52  INFO  ======================================================================
17:27:52  INFO  
① 🌕  CRYPTO
17:27:52  ERROR    BTC-USD: float() argument must be a string or a real number, not 'Series'
17:27:53  ERROR    ETH-USD: float() argument must be a string or a real number, not 'Series'
17:27:53  ERROR    SOL-USD: float() argument must be a string or a real number, not 'Series'
17:27:54  ERROR    BNB-USD: float() argument must be a string or a real number, not 'Series'
17:27:55  ERROR    XRP-USD: float() argument must be a string or a real number, not 'Series'
17:27:55  INFO    ✅ Crypto 0 筆
17:27:55  INFO  
② 📈  股票
17:27:56  INFO    [台] 3293.TWO     鈊象電子         $       nan   +nan% 多空分歧
17:27:56  INFO             買入點：— 目前無買入信號  進場區：$727.3 ~ $742.0  止損：$709.1
17:27:57  INFO    [台] 00909.TW     國泰智能電動車ETF   $       nan   +nan% 多空分歧
17:27:57  INFO             買入點：— 目前無買入信號  進場區：$32.9 ~ $33.5  止損：$32.1
17:27:58  INFO    [台] 0056.TW      元大高股息        $       nan   +nan% 三線多頭
17:27:58  INFO             買入點：— 目前無買入信號  進場區：$36.0 ~ $36.7  止損：$35.1
17:27:59  INFO    [台] 6111.TWO     6111擎亞       $       nan   +nan% 多空分歧
17:27:59  INFO             買入點：— 目前無買入信號  進場區：$39.7 ~ $40.5  止損：$38.7
17:28:00  INFO    [台] 00878.TW     國泰永續高股息      $       nan   +nan% 三線多頭
17:28:00  INFO             買入點：— 目前無買入信號  進場區：$21.7 ~ $22.1  止損：$21.1
17:28:01  INFO    [台] 3017.TW      奇鋐           $       nan   +nan% 三線多頭
17:28:01  INFO             買入點：— 目前無買入信號  進場區：$1,935.3 ~ $1,974.2  止損：$1,886.6
17:28:02  INFO    [台] 00713.TW     元大高息低波       $       nan   +nan% 多空分歧
17:28:02  INFO             買入點：— 目前無買入信號  進場區：$50.4 ~ $51.4  止損：$49.1
17:28:03  INFO    [台] 00919.TW     群益台灣精選高息     $       nan   +nan% 偏多
17:28:03  INFO             買入點：— 目前無買入信號  進場區：$21.9 ~ $22.3  止損：$21.3
17:28:04  INFO    [美] NVDA         NVIDIA       $    209.51  +4.95% 三線多頭
17:28:04  INFO             買入點：— 目前無買入信號  進場區：$161.4 ~ $164.6  止損：$159.3
17:28:05  INFO    [美] GEV          GE Vernova   $  1,147.32  -0.19% 三線多頭
17:28:05  INFO             買入點：— 目前無買入信號  進場區：$782.7 ~ $798.4  止損：$782.8
17:28:06  INFO    [台] 2330.TW      台積電          $       nan   +nan% 三線多頭
17:28:06  INFO             買入點：— 目前無買入信號  進場區：$1,751.2 ~ $1,786.4  止損：$1,707.2
17:28:06  INFO    [美] AMD          AMD          $    346.98 +13.64% 三線多頭
17:28:06  INFO             買入點：— 目前無買入信號  進場區：$169.1 ~ $172.5  止損：$187.1
17:28:07  INFO    [美] TSM          台積電ADR       $    403.95  +5.56% 三線多頭
17:28:07  INFO             買入點：— 目前無買入信號  進場區：$312.2 ~ $318.5  止損：$304.4
17:28:08  INFO    [台] 2317.TW      鴻海           $       nan   +nan% 多空分歧
17:28:08  INFO             買入點：— 目前無買入信號  進場區：$186.6 ~ $190.3  止損：$181.9
17:28:09  INFO    [台] 2530.TW      華建           $       nan   +nan% 三線空頭
17:28:09  INFO             買入點：— 目前無買入信號  進場區：$21.3 ~ $21.8  止損：$20.8
17:28:10  INFO    [美] MU           美光           $    495.29  +2.82% 三線多頭
17:28:10  INFO             買入點：— 目前無買入信號  進場區：$309.9 ~ $316.2  止損：$302.1
17:28:12  INFO    [美] LRCX         科林研發         $    271.81  +5.12% 三線多頭
17:28:12  INFO             買入點：— 目前無買入信號  進場區：$197.1 ~ $201.0  止損：$192.6
17:28:13  INFO    [台] 00631L.TW    元大台灣50正2     $       nan   +nan% 多空分歧
17:28:13  INFO             買入點：— 目前無買入信號  進場區：$19.1 ~ $19.5  止損：$18.7
17:28:14  INFO    [台] 00910.TW     第一金太空衛星      $       nan   +nan% 多空分歧
17:28:14  INFO             買入點：— 目前無買入信號  進場區：$54.2 ~ $55.3  止損：$52.9
17:28:15  INFO    [台] 2308.TW      台達電          $       nan   +nan% 三線多頭
17:28:15  INFO             買入點：— 目前無買入信號  進場區：$1,358.2 ~ $1,385.5  止損：$1,324.0
17:28:18  INFO    ✅ 股票 20 筆
17:28:18  INFO  
③ 🌟  生活熱門趨勢
17:28:18  INFO    📊 Google Trends 台灣（生活/食衣住行）...
17:28:19  WARNING    [食品飲料] The request failed: Google returned a response with code 429
17:28:23  WARNING    [服飾美妝] The request failed: Google returned a response with code 429
17:28:26  INFO    [居家生活] 熱度:31 動能:-5% 最熱關鍵字：家具 ❄️
17:28:29  WARNING    [娛樂3C] The request failed: Google returned a response with code 429
17:28:32  WARNING    [健康運動] The request failed: Google returned a response with code 429
17:28:36  INFO    [旅遊交通] 熱度:31 動能:+6% 最熱關鍵字：機票 🔥🔥
17:28:38  INFO    💬 Dcard 熱門...
17:28:38  WARNING      ⚠️  www.dcard.tw → 403 Client Error: Forbidden for url: https://www.dcard.tw/f/trending
17:28:38  INFO    📋 PTT 熱門...
17:28:38  WARNING      ⚠️  www.ptt.cc → ('Connection aborted.', ConnectionResetError(104, 'Connection reset by peer'))
17:28:39  INFO    [PTT/Stock] [10] Re: [新聞] 越南消費改變低價策略失效 中國茶飲蜜雪
17:28:39  INFO    [PTT/Stock] [6] [請益] 高股息ETF換成主動式高息ETF
17:28:39  INFO    [PTT/Stock] [11] [新聞]SpaceX IPO潑冷水，低軌衛星族群重挫，啟
17:28:39  INFO    [PTT/Stock] [4] Re: [請益] 100萬到1000萬的具體操作策略
17:28:39  INFO    [PTT/Stock] [] Re: [新聞] 台股活水！基金、主動式ETF投資單一公
17:28:40  INFO    [PTT/beauty] [1] [正妹] 下面還有
17:28:40  INFO    [PTT/beauty] [20] [正妹] MOMO
17:28:40  INFO    [PTT/beauty] [] [正妹] Cosplay 2706 日本 寶石之國 妮姬
17:28:40  INFO    [PTT/beauty] [2] [正妹] 另一個Sakura Momo
17:28:40  INFO    [PTT/beauty] [2] [神人] 身材暴力的服飾model
17:28:41  INFO    [PTT/movie] [7] [討論]麥可傑克森-爆米花達96分 影評觀眾信哪個?
17:28:41  INFO    [PTT/movie] [] [情報] 【綿羊偵探團】最新預告
17:28:41  INFO    [PTT/movie] [] [新聞]2位變體英雄將在《復仇者聯盟：秘密戰爭》
17:28:41  INFO    [PTT/movie] [] [新聞]差點就沒了那彈指！強法夫洛極力反對他犧牲
17:28:42  INFO    [PTT/food] [] [食記] 和田珍味 日本島根 香酥美味塔塔河豚漢堡
17:28:42  INFO    [PTT/food] [] [食記] 長榮航空BR189 HND東京羽田-TSA台北松山 787-10
17:28:42  INFO    [PTT/food] [] [公告] Food板 板規 V3.91
17:28:42  INFO    [PTT/food] [18] [公告] 發文請在標題加上地區及提供地址電話。^^
17:28:42  INFO    [PTT/food] [] [公告] 文章被刪除者請洽精華區的資源回收桶
17:28:43  INFO    📺 YouTube 台灣熱門...
17:28:43  INFO    🎵 TikTok...
17:28:44  INFO    [TikTok] #1 #earthday
17:28:44  INFO    🛍️  Shopee 台灣熱銷...
17:28:48  INFO    💬 Reddit 熱賣（本週）...
17:28:48  INFO    ✅ 生活趨勢完成
17:28:48  INFO  
④ 📰  消息面
17:28:48  INFO    [🇹🇼 台灣] 北市忠孝東路4段中信銀行遭搶警方制伏犯嫌| 社會
17:28:48  INFO    [🇹🇼 台灣] 台南女高中生放學遭襲擊 警：嫌犯預謀犯案企圖性侵
17:28:48  INFO    [🇹🇼 台灣] 美、伊第二輪和談流產秘辛曝光! 為了「這問題」 代表團被訓斥遭留下| 國際
17:28:48  INFO    [🇹🇼 台灣] 國台辦嗆台灣沒總統黃暐瀚：中國的九二共識是不讓你活！根本沒有中華民國| 政治
17:28:48  INFO    [🇹🇼 台灣] 護理師質疑「前市長」晚上來施壓！新光醫院回應了　柯文哲：我醫療專家
17:28:48  INFO    [🇹🇼 台灣] 報稅必看！房貸利息、香油錢也能扣除？錯過會心疼的7個抵稅項目一次了解
17:28:51  INFO    [🇯🇵 日本] 一名30多歲的男性員工稱，他將妻子的屍體「遺棄」在旭山動物園的焚化爐中…該動物園將關閉至28日，為夏季運營做準備。
17:28:54  INFO    [🇯🇵 日本] 伊朗外長解釋24日在巴基斯坦與美國舉行雙邊會談的計畫=消息來源
17:28:55  INFO    [🇯🇵 日本] 美國國防部長赫格塞斯：美國在全球擴大對伊朗的港口封鎖
17:28:57  INFO    [🇯🇵 日本] 大槌町森林火災熱源圖 半島北部廣泛燃燒 東京大學研究生院渡邊英典教授 NASA 衛星影像的分析
17:28:58  INFO    [🇯🇵 日本] 以色列總理宣布前列腺癌治療成功，但時間未知
17:28:59  INFO    [🇯🇵 日本] 海事天氣新聞 霍爾木茲海峽AIS資料顯示封鎖前後船舶航線的變化
17:29:02  INFO    [🇰🇷 韓國] 美國國防施壓，要求參與對伊朗的海上封鎖…“歐洲和中國的搭便車已經結束了。”
17:29:02  INFO    [🇰🇷 韓國] 《伊朗外長24日訪問巴基斯坦》…關注與美國恢復談判
17:29:04  INFO    [🇰🇷 韓國] 美國國防部：“歐亞、霍爾木茲海峽的順風車已經結束”
17:29:08  INFO    [🇰🇷 韓國] 「BTS之父」方時赫會被逮捕嗎？警方1年4個月，檢方和法院的判決如何？
17:29:09  INFO    [🇰🇷 韓國] Sung-rak Wi：“韓美之間對鄭東泳‘捏造言論’的看法分歧……將盡快解決”
17:29:10  INFO    [🇰🇷 韓國] 李還批評越南的特種部隊…“非居民轉讓稅減免鼓勵投機。”
17:29:10  INFO    [🇺🇸 美國] Justice Department drops criminal probe of Fed chair Powell, likely clearing the way for Warsh
17:29:10  INFO    [🇺🇸 美國] Nato says 'no provision' to expel members after report US could seek to suspend Spain
17:29:10  INFO    [🇺🇸 美國] Live Updates: U.S. and Iran remain locked in Strait of Hormuz standoff, Israel launches new strikes in Lebanon
17:29:10  INFO    [🇺🇸 美國] FDA Accelerates Action on Treatments for Serious Mental Illness Following Executive Order
17:29:10  INFO    [🇺🇸 美國] Why Trump wants to spend $1 billion on Great Salt Lake
17:29:10  INFO    [🇺🇸 美國] Soldier Involved In Maduro Raid Charged Over Insider Polymarket Bets That Won Him $400,000
17:29:24  INFO  
🖥️  產生 HTML 報告...
17:29:24  INFO  
✅  HTML：報告_20260424_1729.html
17:29:24  INFO  ✅  CSV：機會分析_20260424_1729.csv
17:29:24  INFO  📝  Log：logs/scan_20260424_172752.log
