23:28:52  INFO  ======================================================================
23:28:52  INFO  🔥  每日機會分析系統 v10
23:28:52  INFO  📅  2026-03-27 23:28
23:28:52  INFO  ======================================================================
23:28:52  INFO  
① 🌕  CRYPTO
23:28:52  ERROR    BTC-USD: float() argument must be a string or a real number, not 'Series'
23:28:53  ERROR    ETH-USD: float() argument must be a string or a real number, not 'Series'
23:28:54  ERROR    SOL-USD: float() argument must be a string or a real number, not 'Series'
23:28:54  ERROR    BNB-USD: float() argument must be a string or a real number, not 'Series'
23:28:55  ERROR    XRP-USD: float() argument must be a string or a real number, not 'Series'
23:28:55  INFO    ✅ Crypto 0 筆
23:28:55  INFO  
② 📈  股票
23:28:56  INFO    [台] 3293.TWO     鈊象電子         $    796.00  +1.53% 三線多頭
23:28:56  INFO             買入點：— 目前無買入信號  進場區：$658.8 ~ $672.0  止損：$649.9
23:28:57  INFO    [台] 00909.TW     國泰智能電動車ETF   $       nan   +nan% 多空分歧
23:28:57  INFO             買入點：— 目前無買入信號  進場區：$36.2 ~ $36.9  止損：$35.3
23:28:58  INFO    [台] 0056.TW      元大高股息        $       nan   +nan% 多空分歧
23:28:58  INFO             買入點：— 目前無買入信號  進場區：$36.3 ~ $37.0  止損：$35.4
23:28:59  INFO    [台] 6111.TWO     6111擎亞       $     42.75  +0.83% 偏空
23:28:59  INFO             買入點：🎯🎯 兩條件滿足 — 觀察買入點  進場區：$40.8 ~ $41.6  止損：$39.8
23:28:59  INFO    [台] 00878.TW     國泰永續高股息      $       nan   +nan% 多空分歧
23:28:59  INFO             買入點：— 目前無買入信號  進場區：$21.2 ~ $21.6  止損：$20.6
23:29:00  INFO    [台] 3017.TW      奇鋐           $  2,195.00  -3.52% 三線多頭
23:29:00  INFO             買入點：— 目前無買入信號  進場區：$1,577.9 ~ $1,609.6  止損：$1,615.0
23:29:01  INFO    [台] 00713.TW     元大高息低波       $       nan   +nan% 多空分歧
23:29:01  INFO             買入點：— 目前無買入信號  進場區：$49.8 ~ $50.8  止損：$48.6
23:29:02  INFO    [台] 00919.TW     群益台灣精選高息     $       nan   +nan% 多空分歧
23:29:02  INFO             買入點：— 目前無買入信號  進場區：$21.7 ~ $22.2  止損：$21.2
23:29:03  INFO    [美] NVDA         NVIDIA       $    167.52  -2.17% 三線空頭
23:29:03  INFO             買入點：🎯 一條件滿足 — 待確認  進場區：$166.2 ~ $169.5  止損：$162.0
23:29:04  INFO    [美] GEV          GE Vernova   $    853.16  -2.29% 偏多
23:29:04  INFO             買入點：🎯 一條件滿足 — 待確認  進場區：$772.6 ~ $788.2  止損：$753.2
23:29:05  INFO    [台] 2330.TW      台積電          $  1,820.00  -1.09% 多空分歧
23:29:05  INFO             買入點：🎯🎯 兩條件滿足 — 觀察買入點  進場區：$1,755.4 ~ $1,790.7  止損：$1,711.3
23:29:06  INFO    [美] AMD          AMD          $    201.99  -0.87% 多空分歧
23:29:06  INFO             買入點：🎯 一條件滿足 — 待確認  進場區：$187.3 ~ $191.0  止損：$182.6
23:29:07  INFO    [美] TSM          台積電ADR       $    326.74  +0.19% 多空分歧
23:29:07  INFO             買入點：🎯 一條件滿足 — 待確認  進場區：$320.6 ~ $327.1  止損：$312.6
23:29:08  INFO    [台] 2317.TW      鴻海           $    199.50  -0.50% 多空分歧
23:29:08  INFO             買入點：🎯 一條件滿足 — 待確認  進場區：$187.9 ~ $191.7  止損：$188.2
23:29:09  INFO    [台] 2530.TW      華建           $     25.35  +1.20% 多空分歧
23:29:09  INFO             買入點：🎯 一條件滿足 — 待確認  進場區：$24.0 ~ $24.5  止損：$23.8
23:29:10  INFO    [美] MU           美光           $    357.22  +0.50% 多空分歧
23:29:10  INFO             買入點：🎯 一條件滿足 — 待確認  進場區：$343.5 ~ $350.4  止損：$339.5
23:29:11  INFO    [美] LRCX         科林研發         $    211.41  -0.10% 多空分歧
23:29:11  INFO             買入點：🎯 一條件滿足 — 待確認  進場區：$193.1 ~ $197.0  止損：$188.3
23:29:12  INFO    [台] 00631L.TW    元大台灣50正2     $    443.15  +0.00% 多空分歧
23:29:12  INFO             買入點：🎯 一條件滿足 — 待確認  進場區：$413.2 ~ $421.5  止損：$404.0
23:29:13  INFO    [台] 00910.TW     第一金太空衛星      $       nan   +nan% 三線多頭
23:29:13  INFO             買入點：— 目前無買入信號  進場區：$52.1 ~ $53.1  止損：$50.8
23:29:14  INFO    [台] 2308.TW      台達電          $  1,510.00  -0.33% 三線多頭
23:29:14  INFO             買入點：— 目前無買入信號  進場區：$1,189.0 ~ $1,212.9  止損：$1,159.1
23:29:17  INFO    ✅ 股票 20 筆
23:29:17  INFO  
③ 🌟  生活熱門趨勢
23:29:17  INFO    📊 Google Trends 台灣（生活/食衣住行）...
23:29:18  INFO    [食品飲料] 熱度:8 動能:-30% 最熱關鍵字：美食 ❄️
23:29:20  INFO    [服飾美妝] 熱度:34 動能:-3% 最熱關鍵字：穿搭 ❄️
23:29:23  INFO    [居家生活] 熱度:21 動能:-22% 最熱關鍵字：家具 ❄️
23:29:25  INFO    [娛樂3C] 熱度:39 動能:+5% 最熱關鍵字：手機 🔥🔥
23:29:28  INFO    [健康運動] 熱度:33 動能:-4% 最熱關鍵字：健身 ❄️
23:29:30  INFO    [旅遊交通] 熱度:28 動能:-8% 最熱關鍵字：機票 ❄️
23:29:32  INFO    💬 Dcard 熱門...
23:29:33  WARNING      ⚠️  www.dcard.tw → 403 Client Error: Forbidden for url: https://www.dcard.tw/f/trending
23:29:33  INFO    📋 PTT 熱門...
23:29:33  WARNING      ⚠️  www.ptt.cc → ('Connection aborted.', ConnectionResetError(104, 'Connection reset by peer'))
23:29:33  INFO    [PTT/Stock] [51] [情報] 115年03月27日信用交易統計
23:29:33  INFO    [PTT/Stock] [8] Re: [標的] 美股CIVI
23:29:33  INFO    [PTT/Stock] [7] [新聞] 將來銀行三策略拚明年轉盈 邁向IPO
23:29:33  INFO    [PTT/Stock] [48] [新聞] 黃金跌不停了！分析師：恐摜破「這價位」
23:29:33  INFO    [PTT/Stock] [爆] [心得] 總覺得毛毛的
23:29:35  INFO    [PTT/beauty] [37] [正妹] 木村愛心攝影見面會
23:29:35  INFO    [PTT/beauty] [6] [正妹] 藤本彩花
23:29:35  INFO    [PTT/beauty] [] [正妹] Elisa Valoren 法國模特兒
23:29:35  INFO    [PTT/beauty] [15] [正妹] 韓國人妻的極致誘惑
23:29:35  INFO    [PTT/beauty] [8] [正妹] 賴可
23:29:36  INFO    [PTT/movie] [3] [新聞]兩位好萊塢知名女星婉拒《蜘蛛人4》演出！
23:29:36  INFO    [PTT/movie] [11] [新聞]新《哈利波特》選角被罵爆！JK羅琳表示滿
23:29:36  INFO    [PTT/movie] [3] Re: [普雷] 極限返航心得及問題
23:29:36  INFO    [PTT/movie] [4] [好雷] 《捕風追影》老人是最偉大的
23:29:36  INFO    [PTT/movie] [] [討論] 極限返航的問題 有雷
23:29:37  INFO    [PTT/food] [] [食記] 冬山春捲蝦餅 宜蘭冬山 外酥內軟地瓜蝦餅
23:29:37  INFO    [PTT/food] [] [食記] 【臺北南港】欣葉小聚平價版欣葉台菜，必
23:29:37  INFO    [PTT/food] [] [食記] 桃園市中壢區。焦糖楓串燒
23:29:37  INFO    [PTT/food] [] [食記] 日本東京 河童壽司Kappa 百元迴轉壽司
23:29:37  INFO    [PTT/food] [] [公告] Food板 板規 V3.91
23:29:37  INFO    📺 YouTube 台灣熱門...
23:29:37  INFO    🎵 TikTok...
23:29:38  INFO    [TikTok] #1 #hannahmontana
23:29:38  INFO    🛍️  Shopee 台灣熱銷...
23:29:42  INFO    💬 Reddit 熱賣（本週）...
23:29:42  INFO    ✅ 生活趨勢完成
23:29:42  INFO  
④ 📰  消息面
23:29:42  INFO    [🇹🇼 台灣] 國際鑑識權威「華人神探」李昌鈺辭世享壽87歲 | 綜合 | 要聞
23:29:42  INFO    [🇹🇼 台灣] 快訊／伊朗革命衛隊：平民立刻撤離美軍駐紮區
23:29:42  INFO    [🇹🇼 台灣] 趙少康質疑對價差太遠 律師喊贊同：應曉薇都拿到5250萬 柯文哲怎可能只210萬？
23:29:42  INFO    [🇹🇼 台灣] 被經貿辦長官排擠？顏慧欣辭呈曝「建言遭嚴厲駁斥」 政院過1個多月喊查
23:29:42  INFO    [🇹🇼 台灣] 台中當街遭前男友追殺刺頸亡 職能治療師身分曝光
23:29:42  INFO    [🇹🇼 台灣] 馬政府官員秀馬英九春聯嘆「此情成追憶」 蕭旭岑：以後不會再有了
23:29:44  INFO    [🇯🇵 日本] 美國國務卿盧比歐預測針對伊朗的軍事行動將在幾週內結束，堅稱「不需要」地面部隊來實現軍事目標
23:29:46  INFO    [🇯🇵 日本] イラン、米停戦案への回答保留 攻撃下の対話要求「容認できず」＝高官
23:29:49  INFO    [🇯🇵 日本] 寶可夢中心兇殺案，女店員被刺十幾處…去年死者因涉嫌跟蹤被捕，拒絕就醫（讀賣新聞在線）
23:29:50  INFO    [🇯🇵 日本] 也門胡塞武裝準備對伊朗局勢進行軍事幹預，但有條件
23:29:52  INFO    [🇯🇵 日本] 中國防長小泉純一郎的遺憾“遠遠不夠”，並呼籲對自衛隊人員入侵大使館事件進行徹底調查
23:29:54  INFO    [🇯🇵 日本] 美國和以色列對多個核設施發動空襲——伊朗繼續在該地區發動攻擊
23:29:57  INFO    [🇰🇷 韓國] 「毒梟」樸旺烈在韓國被捕…被控在菲律賓監禁期間進行國內分銷
23:29:58  INFO    [🇰🇷 韓國] 【週末天氣】溫暖週末…小心超細塵和森林火災
23:29:58  INFO    [🇰🇷 韓國] “지옥 불러오겠다”더니 미 증시 ‘지옥불 하락’에 놀랐나···트럼프 ‘열흘 연기’ 배경은
23:30:01  INFO    [🇰🇷 韓國] 韓國醫學會會長金澤宇尋求使「三重高中醫學教育」正常化
23:30:02  INFO    [🇰🇷 韓國] 釜山、蔚山和慶南白天最高氣溫為 20 至 24 度…細塵“平均”
23:30:07  INFO    [🇰🇷 韓國] 青瓦台為多戶業主提供助手「快點把房子賣掉吧」…產品紛紛上架的原因
23:30:07  INFO    [🇺🇸 美國] Tiger Woods charged with DUI after rollover crash in Florida: Sheriff
23:30:07  INFO    [🇺🇸 美國] DHS funding live updates as Johnson says House will vote on its own stopgap plan, rather than Senate-approved bill
23:30:07  INFO    [🇺🇸 美國] Iran-linked hackers breach FBI director's personal email, publish photos and documents
23:30:07  INFO    [🇺🇸 美國] Defense Secretary Hegseth intervened to stop promotions of Black and female officers
23:30:07  INFO    [🇺🇸 美國] Protests from Alabama to Wyoming — and on the Arctic Circle: What to know about Saturday’s third ‘No Kings’ rally
23:30:07  INFO    [🇺🇸 美國] Rubio says US expects to finish Iran war 'in next couple of weeks'
23:30:21  INFO  
🖥️  產生 HTML 報告...
23:30:21  INFO  
✅  HTML：報告_20260327_2330.html
23:30:21  INFO  ✅  CSV：機會分析_20260327_2330.csv
23:30:21  INFO  📝  Log：logs/scan_20260327_232852.log
