23:28:43  INFO  ======================================================================
23:28:43  INFO  🔥  每日機會分析系統 v10
23:28:43  INFO  📅  2026-03-23 23:28
23:28:43  INFO  ======================================================================
23:28:43  INFO  
① 🌕  CRYPTO
23:28:43  ERROR    BTC-USD: float() argument must be a string or a real number, not 'Series'
23:28:44  ERROR    ETH-USD: float() argument must be a string or a real number, not 'Series'
23:28:45  ERROR    SOL-USD: float() argument must be a string or a real number, not 'Series'
23:28:45  ERROR    BNB-USD: float() argument must be a string or a real number, not 'Series'
23:28:46  ERROR    XRP-USD: float() argument must be a string or a real number, not 'Series'
23:28:46  INFO    ✅ Crypto 0 筆
23:28:46  INFO  
② 📈  股票
23:28:46  INFO    [台] 3293.TWO     鈊象電子         $    726.00  -2.42% 多空分歧
23:28:46  INFO             買入點：— 目前無買入信號  進場區：$662.8 ~ $676.1  止損：$649.9
23:28:47  INFO    [台] 00909.TW     國泰智能電動車ETF   $     38.37  -3.62% 偏空
23:28:47  INFO             買入點：🎯 一條件滿足 — 待確認  進場區：$36.2 ~ $36.9  止損：$35.3
23:28:48  INFO    [台] 0056.TW      元大高股息        $     37.97  -2.06% 多空分歧
23:28:48  INFO             買入點：🎯 一條件滿足 — 待確認  進場區：$36.3 ~ $37.0  止損：$35.4
23:28:49  INFO    [台] 6111.TWO     6111擎亞       $     43.05  -3.48% 多空分歧
23:28:49  INFO             買入點：🎯 一條件滿足 — 待確認  進場區：$40.8 ~ $41.6  止損：$39.8
23:28:50  INFO    [台] 00878.TW     國泰永續高股息      $     22.08  -1.74% 多空分歧
23:28:50  INFO             買入點：🎯 一條件滿足 — 待確認  進場區：$21.2 ~ $21.6  止損：$20.6
23:28:51  INFO    [台] 3017.TW      奇鋐           $  1,995.00  -2.68% 三線多頭
23:28:51  INFO             買入點：— 目前無買入信號  進場區：$1,502.5 ~ $1,532.6  止損：$1,464.7
23:28:51  INFO    [台] 00713.TW     元大高息低波       $     50.95  -1.45% 多空分歧
23:28:51  INFO             買入點：🎯 一條件滿足 — 待確認  進場區：$49.8 ~ $50.8  止損：$48.6
23:28:52  INFO    [台] 00919.TW     群益台灣精選高息     $     22.44  -2.31% 多空分歧
23:28:52  INFO             買入點：🎯 一條件滿足 — 待確認  進場區：$21.7 ~ $22.2  止損：$21.2
23:28:53  INFO    [美] NVDA         NVIDIA       $    175.64  +1.70% 三線空頭
23:28:53  INFO             買入點：🎯 一條件滿足 — 待確認  進場區：$170.9 ~ $174.3  止損：$166.6
23:28:54  INFO    [美] GEV          GE Vernova   $    882.64  +3.71% 偏多
23:28:54  INFO             買入點：🎯 一條件滿足 — 待確認  進場區：$772.6 ~ $788.2  止損：$753.2
23:28:55  INFO    [台] 2330.TW      台積電          $  1,810.00  -1.63% 多空分歧
23:28:55  INFO             買入點：🎯 一條件滿足 — 待確認  進場區：$1,755.4 ~ $1,790.7  止損：$1,711.3
23:28:56  INFO    [美] AMD          AMD          $    202.68  +0.67% 多空分歧
23:28:56  INFO             買入點：🎯 一條件滿足 — 待確認  進場區：$187.3 ~ $191.0  止損：$182.6
23:28:57  INFO    [美] TSM          台積電ADR       $    338.45  +2.80% 多空分歧
23:28:57  INFO             買入點：🎯 一條件滿足 — 待確認  進場區：$316.3 ~ $322.6  止損：$315.4
23:28:58  INFO    [台] 2317.TW      鴻海           $    196.00  -3.45% 三線空頭
23:28:58  INFO             買入點：🎯 一條件滿足 — 待確認  進場區：$191.7 ~ $195.6  止損：$189.2
23:28:58  INFO    [台] 2530.TW      華建           $     25.10  +0.80% 三線空頭
23:28:58  INFO             買入點：🎯 一條件滿足 — 待確認  進場區：$24.2 ~ $24.7  止損：$23.8
23:28:59  INFO    [美] MU           美光           $    404.35  -4.39% 多空分歧
23:28:59  INFO             買入點：🎯 一條件滿足 — 待確認  進場區：$355.9 ~ $363.0  止損：$346.9
23:29:00  INFO    [美] LRCX         科林研發         $    233.31  +2.17% 多空分歧
23:29:00  INFO             買入點：🎯 一條件滿足 — 待確認  進場區：$193.1 ~ $197.0  止損：$188.3
23:29:01  INFO    [台] 00631L.TW    元大台灣50正2     $    442.80  -5.66% 多空分歧
23:29:01  INFO             買入點：🎯 一條件滿足 — 待確認  進場區：$414.4 ~ $422.7  止損：$404.0
23:29:02  INFO    [台] 00910.TW     第一金太空衛星      $     55.85  -2.45% 偏多
23:29:02  INFO             買入點：🎯 一條件滿足 — 待確認  進場區：$52.1 ~ $53.1  止損：$50.8
23:29:03  INFO    [台] 2308.TW      台達電          $  1,410.00  -4.41% 三線多頭
23:29:03  INFO             買入點：— 目前無買入信號  進場區：$1,189.0 ~ $1,212.9  止損：$1,159.1
23:29:06  INFO    ✅ 股票 20 筆
23:29:06  INFO  
③ 🌟  生活熱門趨勢
23:29:06  INFO    📊 Google Trends 台灣（生活/食衣住行）...
23:29:07  INFO    [食品飲料] 熱度:6 動能:-42% 最熱關鍵字：美食 ❄️
23:29:09  INFO    [服飾美妝] 熱度:27 動能:-10% 最熱關鍵字：穿搭 ❄️
23:29:12  INFO    [居家生活] 熱度:18 動能:-35% 最熱關鍵字：家具 ❄️
23:29:14  INFO    [娛樂3C] 熱度:39 動能:+1% 最熱關鍵字：手機 🔥
23:29:17  INFO    [健康運動] 熱度:33 動能:-15% 最熱關鍵字：健身 ❄️
23:29:20  INFO    [旅遊交通] 熱度:23 動能:-18% 最熱關鍵字：機票 ❄️
23:29:22  INFO    💬 Dcard 熱門...
23:29:22  WARNING      ⚠️  www.dcard.tw → 403 Client Error: Forbidden for url: https://www.dcard.tw/f/trending
23:29:22  INFO    📋 PTT 熱門...
23:29:22  WARNING      ⚠️  www.ptt.cc → ('Connection aborted.', ConnectionResetError(104, 'Connection reset by peer'))
23:29:23  INFO    [PTT/Stock] [2] Re: [請益] 怎麼解讀川投顧的最新call訊
23:29:23  INFO    [PTT/Stock] [72] [情報] 被川普點名參與談判的伊朗議長發文了
23:29:23  INFO    [PTT/Stock] [20] [新聞] 美國加重威脅又增兵 以色列官員預期戰爭將
23:29:23  INFO    [PTT/Stock] [13] R: [情報] 川普：我們與伊朗有良好的對談
23:29:24  INFO    [PTT/beauty] [25] [正妹] 希美
23:29:24  INFO    [PTT/beauty] [1] [正妹] 一天要吃兩碗拉麵的女優 巴陽莉
23:29:24  INFO    [PTT/beauty] [1] [正妹] 工廠廢墟風 美形
23:29:24  INFO    [PTT/beauty] [1] [正妹] Tits on a stick-竹竿上的奶子
23:29:25  INFO    [PTT/movie] [] [好雷] 《家庭休止符》Serre moi fort
23:29:25  INFO    [PTT/movie] [1] [好雷] 雙囍──解析超現實主義段落
23:29:25  INFO    [PTT/movie] [2] [討論] 海洋奇緣 真人版低能預告
23:29:25  INFO    [PTT/movie] [] Re: [討論] 2026年對台灣男演員的看法
23:29:25  INFO    [PTT/movie] [] [公告] 電影板板規 2025/10/26
23:29:26  INFO    [PTT/food] [] [食記] 台北士林區 Subber潛艇堡
23:29:26  INFO    [PTT/food] [] [食記] 宜蘭羅東白橡｜WhiteOak│路過的美味甜點
23:29:26  INFO    [PTT/food] [] [食記] 日本 旭川成吉思汗大黑屋 無腥味羔羊炙烤
23:29:26  INFO    [PTT/food] [] [食記] 劉家蝦公粄 屏東內埔 酥脆九層塔香蝦公粄
23:29:26  INFO    [PTT/food] [] [食記] 香港 HashtagB 超酥脆蛋撻大推開心果口味
23:29:27  INFO    📺 YouTube 台灣熱門...
23:29:27  INFO    🎵 TikTok...
23:29:29  INFO    [TikTok] #1 #bts_swim
23:29:29  INFO    🛍️  Shopee 台灣熱銷...
23:29:33  INFO    💬 Reddit 熱賣（本週）...
23:29:33  INFO    ✅ 生活趨勢完成
23:29:33  INFO  
④ 📰  消息面
23:29:33  INFO    [🇹🇼 台灣] 川普稱美伊對話有成效 下令美軍暫緩攻擊伊朗電廠5天
23:29:33  INFO    [🇹🇼 台灣] 明天天氣／大變天了！連「下雨4天」 這天雨最猛
23:29:33  INFO    [🇹🇼 台灣] 加油塞爆「駕駛說真實想法」　律師：突破我盲腸
23:29:33  INFO    [🇹🇼 台灣] 李貞秀亂立院！蔡其昌罕說重話：雙重國籍不能當立委「這有很難懂嗎？」
23:29:33  INFO    [🇹🇼 台灣] 轟賴清德重啟核電「連打自己四巴掌」 他沈重呼籲：立即喊停核二核三| 政治
23:29:33  INFO    [🇹🇼 台灣] G7喊話將出手！要求伊朗「立即停止攻擊」 準備守護荷莫茲安全
23:29:36  INFO    [🇯🇵 日本] 美國總統與伊朗會談結束敵對行動，並在巴基斯坦舉行會議——目標是在下個月 9 日結束敵對行動？
23:29:37  INFO    [🇯🇵 日本] 伊朗議會議長否認與美國舉行會談
23:29:39  INFO    [🇯🇵 日本] 伊朗警告波斯灣布雷（共同社）
23:29:40  INFO    [🇯🇵 日本] 為日美峰會“盡你所能”，稱首相支持看似孤立的川普的策略“很棒”
23:29:41  INFO    [🇯🇵 日本] 福島核電廠週邊12個市鎮的農地、100多個東京巨蛋上散佈的太陽能板…長時間疏散是一個因素嗎？ （讀賣新聞在線）
23:29:43  INFO    [🇯🇵 日本] 「紀州唐璜」的前妻在上訴法院被判無罪。價值超過13億日圓的「遺產」怎麼辦？ “遺囑”“有效”，前妻須藤被判“無罪”，可繼承一半遺產作為“剩餘”
23:29:44  INFO    [🇰🇷 韓國] 川普：“與伊朗就幾乎所有問題達成協議……如果5天內一切順利，爭端將結束”
23:29:47  INFO    [🇰🇷 韓國] “川普的特使與伊朗議會議長聯繫......可能在本週晚些時候舉行會議”
23:29:49  INFO    [🇰🇷 韓國] 大田安全工業火災，現代汽車公司沒有責任嗎？相關法律正在等待中
23:29:49  INFO    [🇰🇷 韓國] BTSnomics證明的「K文化的力量」…加速3000萬遊客時代的到來
23:29:51  INFO    [🇰🇷 韓國] 應對公共資訊迅速下降的“臨時試點”...藥協會“以藥劑師的作用為前提”
23:29:53  INFO    [🇰🇷 韓國] “伊朗將會崩潰”，相信內塔尼亞胡的話並發動戰爭…川普的痛苦
23:29:53  INFO    [🇺🇸 美國] Live Updates: Trump says ultimatum for Iran to reopen Strait of Hormuz postponed amid negotiations
23:29:53  INFO    [🇺🇸 美國] ICE agents arrive at U.S. airports amid TSA staff shortages, funding fight
23:29:53  INFO    [🇺🇸 美國] Capitol agenda: Trump muddies DHS talks
23:29:53  INFO    [🇺🇸 美國] Supreme Court sounds skeptical of late-arriving ballots, a Trump target
23:29:53  INFO    [🇺🇸 美國] Supreme Court declines to review press freedom case
23:29:53  INFO    [🇺🇸 美國] Can Donald Trump do a deal with Iran?
23:30:19  WARNING      ⚠️  koreajoongangdaily.joins.com → HTTPSConnectionPool(host='koreajoongangdaily.joins.com', port=443): Read timed out. (read timeout=14)
23:30:25  INFO  
🖥️  產生 HTML 報告...
23:30:25  INFO  
✅  HTML：報告_20260323_2330.html
23:30:25  INFO  ✅  CSV：機會分析_20260323_2330.csv
23:30:25  INFO  📝  Log：logs/scan_20260323_232843.log
