17:06:06  INFO  ======================================================================
17:06:06  INFO  🔥  每日機會分析系統 v10
17:06:06  INFO  📅  2026-04-25 17:06
17:06:06  INFO  ======================================================================
17:06:06  INFO  
① 🌕  CRYPTO
17:06:07  ERROR    BTC-USD: float() argument must be a string or a real number, not 'Series'
17:06:08  ERROR    ETH-USD: float() argument must be a string or a real number, not 'Series'
17:06:09  ERROR    SOL-USD: float() argument must be a string or a real number, not 'Series'
17:06:10  ERROR    BNB-USD: float() argument must be a string or a real number, not 'Series'
17:06:10  ERROR    XRP-USD: float() argument must be a string or a real number, not 'Series'
17:06:11  INFO    ✅ Crypto 0 筆
17:06:11  INFO  
② 📈  股票
17:06:12  INFO    [台] 3293.TWO     鈊象電子         $    753.00  -1.05% 多空分歧
17:06:12  INFO             買入點：🎯 一條件滿足 — 待確認  進場區：$727.3 ~ $742.0  止損：$709.1
17:06:12  INFO    [台] 00909.TW     國泰智能電動車ETF   $     42.99  +0.30% 多空分歧
17:06:12  INFO             買入點：— 目前無買入信號  進場區：$31.6 ~ $32.2  止損：$32.1
17:06:13  INFO    [台] 0056.TW      元大高股息        $     40.95  +0.74% 三線多頭
17:06:13  INFO             買入點：— 目前無買入信號  進場區：$35.4 ~ $36.1  止損：$35.1
17:06:14  INFO    [台] 6111.TWO     6111擎亞       $     47.80  -1.65% 多空分歧
17:06:14  INFO             買入點：— 目前無買入信號  進場區：$39.5 ~ $40.3  止損：$38.7
17:06:15  INFO    [台] 00878.TW     國泰永續高股息      $     25.00  +1.38% 三線多頭
17:06:15  INFO             買入點：— 目前無買入信號  進場區：$21.0 ~ $21.5  止損：$21.1
17:06:16  INFO    [台] 3017.TW      奇鋐           $  2,945.00  +9.89% 三線多頭
17:06:16  INFO             買入點：— 目前無買入信號  進場區：$1,827.3 ~ $1,864.1  止損：$1,886.6
17:06:17  INFO    [台] 00713.TW     元大高息低波       $     53.45  +0.19% 多空分歧
17:06:17  INFO             買入點：— 目前無買入信號  進場區：$50.2 ~ $51.2  止損：$49.1
17:06:18  INFO    [台] 00919.TW     群益台灣精選高息     $     23.50  +0.21% 偏多
17:06:18  INFO             買入點：— 目前無買入信號  進場區：$21.8 ~ $22.2  止損：$21.3
17:06:19  INFO    [美] NVDA         NVIDIA       $    208.27  +4.32% 三線多頭
17:06:19  INFO             買入點：— 目前無買入信號  進場區：$161.5 ~ $164.8  止損：$159.3
17:06:20  INFO    [美] GEV          GE Vernova   $  1,149.19  -0.03% 三線多頭
17:06:20  INFO             買入點：— 目前無買入信號  進場區：$782.4 ~ $798.1  止損：$782.8
17:06:21  INFO    [台] 2330.TW      台積電          $  2,185.00  +5.05% 三線多頭
17:06:21  INFO             買入點：— 目前無買入信號  進場區：$1,710.8 ~ $1,745.2  止損：$1,707.2
17:06:22  INFO    [美] AMD          AMD          $    347.81 +13.91% 三線多頭
17:06:22  INFO             買入點：— 目前無買入信號  進場區：$168.9 ~ $172.3  止損：$187.1
17:06:24  INFO    [美] TSM          台積電ADR       $    402.46  +5.17% 三線多頭
17:06:24  INFO             買入點：— 目前無買入信號  進場區：$312.2 ~ $318.5  止損：$304.4
17:06:25  INFO    [台] 2317.TW      鴻海           $    221.50  -1.56% 多空分歧
17:06:25  INFO             買入點：— 目前無買入信號  進場區：$183.0 ~ $186.7  止損：$181.9
17:06:26  INFO    [台] 2530.TW      華建           $     21.85  +0.46% 三線空頭
17:06:26  INFO             買入點：🎯 一條件滿足 — 待確認  進場區：$20.9 ~ $21.3  止損：$20.8
17:06:27  INFO    [美] MU           美光           $    496.72  +3.11% 三線多頭
17:06:27  INFO             買入點：— 目前無買入信號  進場區：$309.9 ~ $316.2  止損：$302.1
17:06:28  INFO    [美] LRCX         科林研發         $    267.78  +3.57% 偏多
17:06:28  INFO             買入點：— 目前無買入信號  進場區：$197.3 ~ $201.3  止損：$192.6
17:06:29  INFO    [台] 00631L.TW    元大台灣50正2     $     28.44  +6.92% 三線多頭
17:06:29  INFO             買入點：— 目前無買入信號  進場區：$17.9 ~ $18.2  止損：$18.7
17:06:30  INFO    [台] 00910.TW     第一金太空衛星      $     67.50  -3.50% 多空分歧
17:06:30  INFO             買入點：— 目前無買入信號  進場區：$54.2 ~ $55.3  止損：$52.9
17:06:31  INFO    [台] 2308.TW      台達電          $  2,075.00  +4.80% 三線多頭
17:06:31  INFO             買入點：— 目前無買入信號  進場區：$1,276.4 ~ $1,302.1  止損：$1,324.0
17:06:33  INFO    ✅ 股票 20 筆
17:06:33  INFO  
③ 🌟  生活熱門趨勢
17:06:33  INFO    📊 Google Trends 台灣（生活/食衣住行）...
17:06:34  INFO    [食品飲料] 熱度:11 動能:+1% 最熱關鍵字：美食 🔥
17:06:37  INFO    [服飾美妝] 熱度:36 動能:+8% 最熱關鍵字：防曬 🔥🔥
17:06:39  INFO    [居家生活] 熱度:35 動能:+15% 最熱關鍵字：家具 🔥🔥
17:06:42  INFO    [娛樂3C] 熱度:44 動能:+14% 最熱關鍵字：手機 🔥🔥
17:06:44  WARNING    [健康運動] The request failed: Google returned a response with code 429
17:06:48  INFO    [旅遊交通] 熱度:31 動能:+6% 最熱關鍵字：機票 🔥🔥
17:06:50  INFO    💬 Dcard 熱門...
17:06:50  WARNING      ⚠️  www.dcard.tw → 403 Client Error: Forbidden for url: https://www.dcard.tw/f/trending
17:06:50  INFO    📋 PTT 熱門...
17:06:51  WARNING      ⚠️  www.ptt.cc → ('Connection aborted.', ConnectionResetError(104, 'Connection reset by peer'))
17:06:51  INFO    [PTT/Stock] [17] Re: [新聞] 台股活水！基金、主動式ETF投資單一公
17:06:51  INFO    [PTT/Stock] [4] Re: [請益] 4/23台股大怒神怎避免被甩轎?
17:06:51  INFO    [PTT/Stock] [9] [新聞] 昔影視巨頭 華誼兄弟被申請破產
17:06:52  INFO    [PTT/beauty] [42] [正妹] MOMO
17:06:52  INFO    [PTT/beauty] [2] [正妹] Cosplay 2706 日本 寶石之國 妮姬
17:06:52  INFO    [PTT/beauty] [5] [正妹] 另一個Sakura Momo
17:06:52  INFO    [PTT/beauty] [3] [神人] 身材暴力的服飾model
17:06:53  INFO    [PTT/movie] [] [新聞] 《穿著PRADA的惡魔》為何是梅莉史翠普？
17:06:53  INFO    [PTT/movie] [8] [好雷] 麥可傑克森-我拉一下好評
17:06:53  INFO    [PTT/movie] [] [討論] 《Ice cream man》電影預告！
17:06:53  INFO    [PTT/movie] [] [新聞]布蘭登費雪回歸《神鬼傳奇4》提前上映！
17:06:53  INFO    [PTT/movie] [] [討論]張員瑛訪問梅莉史翠普和安海瑟薇！《穿著PRADA的惡魔2》
17:06:54  INFO    [PTT/food] [1] [食記] 和田珍味 日本島根 香酥美味塔塔河豚漢堡
17:06:54  INFO    [PTT/food] [] [食記] 長榮航空BR189 HND東京羽田-TSA台北松山 787-10
17:06:54  INFO    [PTT/food] [] [食記] 野澤麵所 新北板橋 九層塔海老貝出汁拉麵
17:06:54  INFO    [PTT/food] [] [食記] 桃園市龜山區。陳媽媽碳烤玉米
17:06:54  INFO    [PTT/food] [] [食記] 長榮航空BR868 HKG香港-TPE台北 787-9
17:06:55  INFO    📺 YouTube 台灣熱門...
17:06:55  INFO    🎵 TikTok...
17:06:56  INFO    [TikTok] #1 #golivegrowfast
17:06:56  INFO    🛍️  Shopee 台灣熱銷...
17:06:59  INFO    💬 Reddit 熱賣（本週）...
17:06:59  INFO    ✅ 生活趨勢完成
17:06:59  INFO  
④ 📰  消息面
17:07:00  INFO    [🇹🇼 台灣] 北車大廳2歲菲籍女童無端遭40歲男腳踹、踩背 警依殺人未遂逮捕
17:07:00  INFO    [🇹🇼 台灣] 苗栗所長赴陸旅遊傳噩耗！景區車翻覆「妻弟慘死」　同團還有高階警
17:07:00  INFO    [🇹🇼 台灣] 曝軍購「美國警告韓國瑜」！王定宇還原現場：前高官「特別提醒」藍白
17:07:00  INFO    [🇹🇼 台灣] 獨家》賴清德出訪受阻 「 他」任總統特使突破封鎖前往史瓦帝尼
17:07:00  INFO    [🇹🇼 台灣] 柯文哲夜訪醫院「了解病情」惹議 施景中批：示範如何激怒大批醫護
17:07:00  INFO    [🇹🇼 台灣] 影/沈伯洋剪頭髮驚天變！同框蔣萬安雙強對決？徐巧芯第一眼反應絕了
17:07:02  INFO    [🇯🇵 日本] 川普政府取消派遣美國談判代表，與伊朗重啟談判無望
17:07:04  INFO    [🇯🇵 日本] 岩手縣森林火災第四天，市區大量煙霧和灰燼促使人們戴上口罩...疏散市民：「我擔心壓力，因為我不能讓我的孩子在外面玩耍」（讀賣新聞在線）
17:07:05  INFO    [🇯🇵 日本] 岸田前首相表示：「無核三原則沒有必要改變。」我從來沒有想過核共享。 」《不擴散核武條約》審議大會前夕感受到核裁軍危機
17:07:06  INFO    [🇯🇵 日本] 衛星影像揭示了以色列對黎巴嫩南部的破壞規模。整個村莊都被摧毀得無影無蹤。
17:07:07  INFO    [🇯🇵 日本] 一名30多歲的男子涉嫌將妻子的屍體遺棄在焚化爐中，並“焚燒了幾個小時”，他也發表了一份暗示謀殺的聲明。妻子表示，她在北海道旭山動物園「受到丈夫的威脅，感到害怕」。
17:07:08  INFO    [🇯🇵 日本] 火葬場面臨壓力，火葬費不斷上漲，但政府參與不夠…大都會區市長要求政府加強引導私部門的權威
17:07:10  INFO    [🇰🇷 韓國] 伊朗外長向巴基斯坦陸軍總司令傳達“結束戰爭的考慮”
17:07:10  INFO    [🇰🇷 韓國] 由於李陣淑不競選大邱市長而即將進入決賽的秋京浩和柳英河表示：“我尊重你們的決定。”
17:07:12  INFO    [🇰🇷 韓國] “副部長採訪張東赫”謊言引發爭議，國家力量“為錯誤信息道歉”
17:07:12  INFO    [🇰🇷 韓國] 李總統一邊推銷注射器，一邊說：“一個人活得好好的，還有什麼意思？譴責反社會行為。”
17:07:13  INFO    [🇰🇷 韓國] 針對國家力量黨立即罷免鄭東泳部長官一事，民主黨的聲明是扭曲的。
17:07:14  INFO    [🇰🇷 韓國] “CU物流中心死亡”貨運團結晉州…死者家屬“一起戰鬥”
17:07:15  INFO    [🇺🇸 美國] Trump cancels envoys' trip to Pakistan for Iran talks
17:07:15  INFO    [🇺🇸 美國] Roommate of slain USF student is charged with two counts of murder
17:07:15  INFO    [🇺🇸 美國] Trump’s political headwinds pile up after a week of setbacks
17:07:15  INFO    [🇺🇸 美國] Justice Department makes it easier to deport those with DACA status
17:07:15  INFO    [🇺🇸 美國] Trump and Congress cut funding for Planned Parenthood. Can Botox keep it afloat?
17:07:15  INFO    [🇺🇸 美國] Iran caused more extensive damage to U.S. military bases than publicly known
17:07:29  INFO  
🖥️  產生 HTML 報告...
17:07:29  INFO  
✅  HTML：報告_20260425_1707.html
17:07:29  INFO  ✅  CSV：機會分析_20260425_1707.csv
17:07:29  INFO  📝  Log：logs/scan_20260425_170606.log
