23:29:24  INFO  ======================================================================
23:29:24  INFO  🔥  每日機會分析系統 v10
23:29:24  INFO  📅  2026-04-11 23:29
23:29:24  INFO  ======================================================================
23:29:24  INFO  
① 🌕  CRYPTO
23:29:25  ERROR    BTC-USD: float() argument must be a string or a real number, not 'Series'
23:29:25  ERROR    ETH-USD: float() argument must be a string or a real number, not 'Series'
23:29:26  ERROR    SOL-USD: float() argument must be a string or a real number, not 'Series'
23:29:26  ERROR    BNB-USD: float() argument must be a string or a real number, not 'Series'
23:29:27  ERROR    XRP-USD: float() argument must be a string or a real number, not 'Series'
23:29:27  INFO    ✅ Crypto 0 筆
23:29:27  INFO  
② 📈  股票
23:29:27  INFO    [台] 3293.TWO     鈊象電子         $    769.00  +0.65% 偏多
23:29:27  INFO             買入點：— 目前無買入信號  進場區：$704.4 ~ $718.5  止損：$691.6
23:29:28  INFO    [台] 00909.TW     國泰智能電動車ETF   $     39.99  +0.88% 多空分歧
23:29:28  INFO             買入點：🎯 一條件滿足 — 待確認  進場區：$35.1 ~ $35.8  止損：$34.2
23:29:29  INFO    [台] 0056.TW      元大高股息        $     39.41  +0.84% 偏多
23:29:29  INFO             買入點：🎯 一條件滿足 — 待確認  進場區：$36.9 ~ $37.6  止損：$35.9
23:29:30  INFO    [台] 6111.TWO     6111擎亞       $     44.05  +0.92% 多空分歧
23:29:30  INFO             買入點：🎯 一條件滿足 — 待確認  進場區：$39.7 ~ $40.5  止損：$38.7
23:29:31  INFO    [台] 00878.TW     國泰永續高股息      $     23.02  +0.52% 偏多
23:29:31  INFO             買入點：— 目前無買入信號  進場區：$21.7 ~ $22.1  止損：$21.1
23:29:32  INFO    [台] 3017.TW      奇鋐           $  2,265.00  +1.34% 三線多頭
23:29:32  INFO             買入點：— 目前無買入信號  進場區：$1,752.3 ~ $1,787.5  止損：$1,760.5
23:29:32  INFO    [台] 00713.TW     元大高息低波       $     52.50  +0.19% 三線多頭
23:29:32  INFO             買入點：— 目前無買入信號  進場區：$50.4 ~ $51.4  止損：$49.1
23:29:33  INFO    [台] 00919.TW     群益台灣精選高息     $     22.93  +0.31% 偏多
23:29:33  INFO             買入點：🎯 一條件滿足 — 待確認  進場區：$21.9 ~ $22.3  止損：$21.3
23:29:34  INFO    [美] NVDA         NVIDIA       $    188.63  +2.57% 多空分歧
23:29:34  INFO             買入點：— 目前無買入信號  進場區：$163.4 ~ $166.7  止損：$159.3
23:29:35  INFO    [美] GEV          GE Vernova   $    991.32  +2.41% 三線多頭
23:29:35  INFO             買入點：— 目前無買入信號  進場區：$785.1 ~ $800.9  止損：$778.2
23:29:36  INFO    [台] 2330.TW      台積電          $  2,000.00  +2.30% 三線多頭
23:29:36  INFO             買入點：— 目前無買入信號  進場區：$1,730.2 ~ $1,765.0  止損：$1,707.2
23:29:36  INFO    [美] AMD          AMD          $    245.04  +3.55% 多空分歧
23:29:36  INFO             買入點：— 目前無買入信號  進場區：$180.2 ~ $183.9  止損：$186.5
23:29:37  INFO    [美] TSM          台積電ADR       $    370.60  +1.40% 三線多頭
23:29:37  INFO             買入點：— 目前無買入信號  進場區：$312.2 ~ $318.5  止損：$304.4
23:29:38  INFO    [台] 2317.TW      鴻海           $    200.50  +0.25% 多空分歧
23:29:38  INFO             買入點：🎯 一條件滿足 — 待確認  進場區：$184.3 ~ $188.0  止損：$181.9
23:29:39  INFO    [台] 2530.TW      華建           $     23.25  -1.27% 三線空頭
23:29:39  INFO             買入點：🎯 一條件滿足 — 待確認  進場區：$22.9 ~ $23.3  止損：$22.3
23:29:40  INFO    [美] MU           美光           $    420.59  -0.22% 多空分歧
23:29:40  INFO             買入點：— 目前無買入信號  進場區：$309.9 ~ $316.2  止損：$302.1
23:29:41  INFO    [美] LRCX         科林研發         $    263.66  +1.89% 三線多頭
23:29:41  INFO             買入點：— 目前無買入信號  進場區：$194.2 ~ $198.1  止損：$192.6
23:29:41  INFO    [台] 00631L.TW    元大台灣50正2     $     23.70  +3.90% 多空分歧
23:29:41  INFO             買入點：🎯 一條件滿足 — 待確認  進場區：$-262.7 ~ $-268.0  止損：$18.5
23:29:42  INFO    [台] 00910.TW     第一金太空衛星      $     65.70  -0.53% 三線多頭
23:29:42  INFO             買入點：— 目前無買入信號  進場區：$51.2 ~ $52.2  止損：$52.9
23:29:43  INFO    [台] 2308.TW      台達電          $  1,735.00  +5.47% 三線多頭
23:29:43  INFO             買入點：— 目前無買入信號  進場區：$1,275.5 ~ $1,301.1  止損：$1,299.8
23:29:45  INFO    ✅ 股票 20 筆
23:29:45  INFO  
③ 🌟  生活熱門趨勢
23:29:45  INFO    📊 Google Trends 台灣（生活/食衣住行）...
23:29:46  INFO    [食品飲料] 熱度:7 動能:-34% 最熱關鍵字：美食 ❄️
23:29:48  INFO    [服飾美妝] 熱度:36 動能:+10% 最熱關鍵字：穿搭 🔥🔥
23:29:50  INFO    [居家生活] 熱度:26 動能:-19% 最熱關鍵字：家具 ❄️
23:29:53  INFO    [娛樂3C] 熱度:38 動能:-0% 最熱關鍵字：手機 ❄️
23:29:55  INFO    [健康運動] 熱度:31 動能:-16% 最熱關鍵字：健身 ❄️
23:29:57  INFO    [旅遊交通] 熱度:22 動能:-7% 最熱關鍵字：機票 ❄️
23:29:59  INFO    💬 Dcard 熱門...
23:30:00  WARNING      ⚠️  www.dcard.tw → 403 Client Error: Forbidden for url: https://www.dcard.tw/f/trending
23:30:00  INFO    📋 PTT 熱門...
23:30:00  WARNING      ⚠️  www.ptt.cc → ('Connection aborted.', ConnectionResetError(104, 'Connection reset by peer'))
23:30:01  INFO    [PTT/Stock] [11] Re: [標的] 幫家人設定定期定額半導體ETF
23:30:01  INFO    [PTT/Stock] [爆] [新聞] 快訊／伊朗：美國同意在黎巴嫩停火
23:30:01  INFO    [PTT/Stock] [19] [新聞] 強弓飛彈射程達1500公里 全訊業績發表會
23:30:01  INFO    [PTT/Stock] [39] [請益]  所有市值型etf買一輪有重大瑕疵嗎
23:30:01  INFO    [PTT/Stock] [9] Re: [新聞] 小資買台股利多！金管會檢討零股交易　彭
23:30:02  INFO    [PTT/beauty] [] [正妹] 桃子
23:30:02  INFO    [PTT/beauty] [94] [公告] 不願上表特 ＆ 優文推薦 ＆ 檢舉建議專區
23:30:02  INFO    [PTT/beauty] [2] [公告] 口罩文會退文
23:30:02  INFO    [PTT/beauty] [] [公告] 表特板板規(2022.10.22)
23:30:03  INFO    [PTT/movie] [2] [ 好雷] 比陽光好哭的no good歐吉桑
23:30:03  INFO    [PTT/movie] [8] [好雷] 極限返航──原本只是隨便吐槽的……
23:30:03  INFO    [PTT/movie] [] [好雷] 1982 龍少爺
23:30:03  INFO    [PTT/movie] [9] [請益] 追殺比爾：完全血腥事件 已經沒場次了嗎?
23:30:03  INFO    [PTT/movie] [6] [討論] John Nolan辭世，享壽87歲
23:30:04  INFO    [PTT/food] [] [食記] 吉隆坡 甲洞興記肉骨茶(分店)
23:30:04  INFO    [PTT/food] [] [食記] 桃園市中壢區。扯厚腿
23:30:04  INFO    [PTT/food] [] [食記] 泰馬里 台北中正 參巴炸雞腿蝶豆花椰漿飯
23:30:04  INFO    [PTT/food] [] [食記] 尚品甜湯 台中西屯 滑嫩薑香奶香薑汁撞奶
23:30:04  INFO    [PTT/food] [] [食記] 桃園市中壢區。PUNJABI BISTRO & BAR
23:30:05  INFO    📺 YouTube 台灣熱門...
23:30:05  INFO    🎵 TikTok...
23:30:12  INFO    [TikTok] #1 #mylivejourney
23:30:12  INFO    🛍️  Shopee 台灣熱銷...
23:30:16  INFO    💬 Reddit 熱賣（本週）...
23:30:16  INFO    ✅ 生活趨勢完成
23:30:16  INFO  
④ 📰  消息面
23:30:16  INFO    [🇹🇼 台灣] 傻眼！荷姆茲全面開放辦不到 竟是伊朗找不到自布水雷
23:30:16  INFO    [🇹🇼 台灣] 鄭習會落幕 谷立言：台灣不必在對話與嚇阻之間抉擇
23:30:16  INFO    [🇹🇼 台灣] 中東停火「在此一舉」川普：成功我獨攬 失敗就怪他
23:30:16  INFO    [🇹🇼 台灣] 柯文哲案判決書和新聞稿有出入？法學教授找不到「沈慶京微笑離去」：事情大條了
23:30:16  INFO    [🇹🇼 台灣] 「辛樂克」明增強為今年首強颱！4/14前高溫炎熱 下週三北部變天
23:30:16  INFO    [🇹🇼 台灣] 漢神洲際「免費看職棒」神祕露台曝光 業者、漢神說話了
23:30:17  INFO    [🇯🇵 日本] 霍爾木茲海峽管理分歧：美國、伊朗、巴基斯坦討論－神經戰持續8個多小時
23:30:17  INFO    [🇯🇵 日本] 伊朗警告將對軍艦通過霍爾木茲海峽做出“強烈反應”
23:30:17  INFO    [🇯🇵 日本] 普天間回歸協議30年後，前名護市長表示，「只要全體沖繩人民都反對，沖繩就不會好起來」。
23:30:18  INFO    [🇯🇵 日本] 一名58歲男子因涉嫌在大分縣豐後大野市山區遺棄屍體而被捕…可能與一名少女失蹤有關
23:30:19  INFO    [🇯🇵 日本] 【突發新聞】烏克蘭官員稱俄羅斯繼續襲擊
23:30:20  INFO    [🇯🇵 日本] 京都男孩失蹤第20天，使用無人機和其他設備搜尋仍沒有找到蹤跡...小學安裝更多安全攝影機（讀賣新聞線上）
23:30:21  INFO    [🇰🇷 韓國] 美伊47年來首次會晤一直持續到深夜…霍爾木茲與製裁問題正面衝突
23:30:21  INFO    [🇰🇷 韓國] 美國宙斯盾驅逐艦在霍爾木茲海峽被俘...“掃雷”
23:30:22  INFO    [🇰🇷 韓國] 首爾市長候選人鄭元五歪曲民調的指控者正在接受警方調查
23:30:23  INFO    [🇰🇷 韓國] 「自由」海洋時代已經結束…伊朗「海上收費站」震驚
23:30:23  INFO    [🇰🇷 韓國] 樸亨俊擊敗朱鎮宇，成為釜山市長國力候選人…與全在洙的對抗
23:30:25  INFO    [🇰🇷 韓國] 晴朗的春天天氣，白天最高溫度24度…濟州島從晚上就開始下雨
23:30:26  INFO    [🇺🇸 美國] Middle East crisis live: Iran peace talks under way as Trump claims US has begun clearing mines in strait of Hormuz
23:30:26  INFO    [🇺🇸 美國] Two U.S. Warships Sail Through Strait of Hormuz to Establish New Route for Merchant Ships
23:30:26  INFO    [🇺🇸 美國] Investigation Opened Into Sexual Assault Allegation Against Swalwell
23:30:26  INFO    [🇺🇸 美國] Trump touts newly released plans for D.C. triumphal arch
23:30:26  INFO    [🇺🇸 美國] Knifeman calling himself 'Lucifer' slashes three at NYC's Grand Central
23:30:26  INFO    [🇺🇸 美國] Science news this week: Artemis II splashes down, the world's fattest parrot bounces back, and the Shroud of Turin is contaminated
23:30:39  INFO  
🖥️  產生 HTML 報告...
23:30:39  INFO  
✅  HTML：報告_20260411_2330.html
23:30:39  INFO  ✅  CSV：機會分析_20260411_2330.csv
23:30:39  INFO  📝  Log：logs/scan_20260411_232924.log
