23:47:17  INFO  ======================================================================
23:47:17  INFO  🔥  每日機會分析系統 v10
23:47:17  INFO  📅  2026-05-01 23:47
23:47:17  INFO  ======================================================================
23:47:17  INFO  
① 🌕  CRYPTO
23:47:18  ERROR    BTC-USD: float() argument must be a string or a real number, not 'Series'
23:47:18  ERROR    ETH-USD: float() argument must be a string or a real number, not 'Series'
23:47:19  ERROR    SOL-USD: float() argument must be a string or a real number, not 'Series'
23:47:19  ERROR    BNB-USD: float() argument must be a string or a real number, not 'Series'
23:47:20  ERROR    XRP-USD: float() argument must be a string or a real number, not 'Series'
23:47:20  INFO    ✅ Crypto 0 筆
23:47:20  INFO  
② 📈  股票
23:47:21  INFO    [台] 3293.TWO     鈊象電子         $    748.00  -1.06% 多空分歧
23:47:21  INFO             買入點：🎯 一條件滿足 — 待確認  進場區：$734.3 ~ $749.1  止損：$715.9
23:47:22  INFO    [台] 00909.TW     國泰智能電動車ETF   $     41.43  -1.52% 多空分歧
23:47:22  INFO             買入點：— 目前無買入信號  進場區：$33.4 ~ $34.1  止損：$32.6
23:47:22  INFO    [台] 0056.TW      元大高股息        $     40.90  -0.07% 偏多
23:47:22  INFO             買入點：— 目前無買入信號  進場區：$36.4 ~ $37.1  止損：$35.7
23:47:23  INFO    [台] 6111.TWO     6111擎亞       $     45.05  +0.45% 多空分歧
23:47:23  INFO             買入點：🎯 一條件滿足 — 待確認  進場區：$40.7 ~ $41.6  止損：$39.7
23:47:24  INFO    [台] 00878.TW     國泰永續高股息      $     25.39  +0.36% 三線多頭
23:47:24  INFO             買入點：— 目前無買入信號  進場區：$21.5 ~ $21.9  止損：$21.3
23:47:25  INFO    [台] 3017.TW      奇鋐           $  2,835.00  +0.00% 偏多
23:47:25  INFO             買入點：— 目前無買入信號  進場區：$1,876.1 ~ $1,913.8  止損：$1,954.5
23:47:26  INFO    [台] 00713.TW     元大高息低波       $     52.85  -0.28% 多空分歧
23:47:26  INFO             買入點：🎯 一條件滿足 — 待確認  進場區：$50.8 ~ $51.9  止損：$49.6
23:47:27  INFO    [台] 00919.TW     群益台灣精選高息     $     23.65  +0.00% 三線多頭
23:47:27  INFO             買入點：— 目前無買入信號  進場區：$22.1 ~ $22.6  止損：$21.6
23:47:27  INFO    [美] NVDA         NVIDIA       $    198.45  -0.56% 多空分歧
23:47:27  INFO             買入點：🎯 一條件滿足 — 待確認  進場區：$172.8 ~ $176.3  止損：$168.5
23:47:28  INFO    [美] GEV          GE Vernova   $  1,062.95  -1.89% 多空分歧
23:47:28  INFO             買入點：— 目前無買入信號  進場區：$866.1 ~ $883.5  止損：$852.8
23:47:29  INFO    [台] 2330.TW      台積電          $  2,135.00  -2.06% 偏多
23:47:29  INFO             買入點：— 目前無買入信號  進場區：$1,792.8 ~ $1,828.9  止損：$1,750.8
23:47:30  INFO    [美] AMD          AMD          $    360.54  +1.71% 三線多頭
23:47:30  INFO             買入點：— 目前無買入信號  進場區：$192.0 ~ $195.9  止損：$208.9
23:47:31  INFO    [美] TSM          台積電ADR       $    397.67  +0.41% 多空分歧
23:47:31  INFO             買入點：— 目前無買入信號  進場區：$334.0 ~ $340.7  止損：$325.6
23:47:32  INFO    [台] 2317.TW      鴻海           $    219.50  -2.44% 多空分歧
23:47:32  INFO             買入點：— 目前無買入信號  進場區：$185.7 ~ $189.4  止損：$183.8
23:47:33  INFO    [台] 2530.TW      華建           $     20.85  -1.65% 三線空頭
23:47:33  INFO             買入點：🎯 一條件滿足 — 待確認  進場區：$20.3 ~ $20.7  止損：$19.9
23:47:34  INFO    [美] MU           美光           $    542.21  +4.84% 三線多頭
23:47:34  INFO             買入點：— 目前無買入信號  進場區：$362.3 ~ $369.6  止損：$353.2
23:47:35  INFO    [美] LRCX         科林研發         $    256.72  -0.44% 多空分歧
23:47:35  INFO             買入點：🎯 一條件滿足 — 待確認  進場區：$215.4 ~ $219.7  止損：$210.0
23:47:36  INFO    [台] 00631L.TW    元大台灣50正2     $     28.61  -0.73% 三線多頭
23:47:36  INFO             買入點：— 目前無買入信號  進場區：$19.4 ~ $19.8  止損：$19.3
23:47:36  INFO    [台] 00910.TW     第一金太空衛星      $     64.35  -0.46% 多空分歧
23:47:36  INFO             買入點：🎯 一條件滿足 — 待確認  進場區：$56.6 ~ $57.7  止損：$55.1
23:47:37  INFO    [台] 2308.TW      台達電          $  2,165.00  +0.00% 三線多頭
23:47:37  INFO             買入點：— 目前無買入信號  進場區：$1,384.9 ~ $1,412.8  止損：$1,377.4
23:47:40  INFO    ✅ 股票 20 筆
23:47:40  INFO  
③ 🌟  生活熱門趨勢
23:47:40  INFO    📊 Google Trends 台灣（生活/食衣住行）...
23:47:40  INFO    [食品飲料] 熱度:8 動能:-31% 最熱關鍵字：美食 ❄️
23:47:43  INFO    [服飾美妝] 熱度:36 動能:-5% 最熱關鍵字：防曬 ❄️
23:47:45  INFO    [居家生活] 熱度:28 動能:-13% 最熱關鍵字：家具 ❄️
23:47:48  INFO    [娛樂3C] 熱度:33 動能:+10% 最熱關鍵字：手機 🔥🔥
23:47:50  INFO    [健康運動] 熱度:33 動能:-13% 最熱關鍵字：健身 ❄️
23:47:53  INFO    [旅遊交通] 熱度:25 動能:-11% 最熱關鍵字：機票 ❄️
23:47:55  INFO    💬 Dcard 熱門...
23:47:55  WARNING      ⚠️  www.dcard.tw → 403 Client Error: Forbidden for url: https://www.dcard.tw/f/trending
23:47:55  INFO    📋 PTT 熱門...
23:47:55  WARNING      ⚠️  www.ptt.cc → ('Connection aborted.', ConnectionResetError(104, 'Connection reset by peer'))
23:47:56  INFO    [PTT/Stock] [15] [情報] 0050 元大台灣50，2026/04/30 成分股權重
23:47:56  INFO    [PTT/Stock] [] Re: [心得] 分享一些股市觀念及名言
23:47:56  INFO    [PTT/Stock] [] [公告] 股票板板規 v4.7 (2024/10/06 修正)
23:47:56  INFO    [PTT/Stock] [6] [公告] 4-6-1罰則將在1/22開始到年底加重至30天
23:47:56  INFO    [PTT/Stock] [爆] [閒聊] 2026/04/30 盤後閒聊
23:47:57  INFO    [PTT/beauty] [26] [正妹] 簡單暴力
23:47:57  INFO    [PTT/beauty] [3] [正妹] 海莉 電豹女
23:47:57  INFO    [PTT/beauty] [1] [正妹] 吳以悠
23:47:57  INFO    [PTT/beauty] [4] [正妹] 牛牛妹
23:47:57  INFO    [PTT/beauty] [3] [正妹] 謹夏
23:47:58  INFO    [PTT/movie] [1] [新聞] 珍妮佛羅培茲和下屬大談辦公室戀情！Netf
23:47:58  INFO    [PTT/movie] [1] [討論] 香港電影公司老闆和製作電影的二三事
23:47:58  INFO    [PTT/movie] [1] [ 好雷] 穿著Prada的惡魔2
23:47:58  INFO    [PTT/movie] [4] [新聞]《蜘蛛人：重生日》劇本首度公開！彼得孤
23:47:59  INFO    [PTT/food] [] [食記] 台北南港 島語自助餐吃到飽 假日下午茶
23:47:59  INFO    [PTT/food] [] [食記] 新北蘆洲 火岩堂職人三火封香雞排
23:47:59  INFO    [PTT/food] [] [食記] 牛莊園牛肉麵 台北大安 鮮清燉莊園牛肉麵
23:47:59  INFO    [PTT/food] [] [食記] 台北 涮乃葉日式涮涮鍋統一時代市府店
23:48:00  INFO    📺 YouTube 台灣熱門...
23:48:00  INFO    🎵 TikTok...
23:48:02  INFO    [TikTok] #1 #prom
23:48:02  INFO    🛍️  Shopee 台灣熱銷...
23:48:05  INFO    💬 Reddit 熱賣（本週）...
23:48:06  INFO    ✅ 生活趨勢完成
23:48:06  INFO  
④ 📰  消息面
23:48:06  INFO    [🇹🇼 台灣] 美軍中央司令部傳向川普簡報 擬對伊朗發動最後一擊
23:48:06  INFO    [🇹🇼 台灣] 趙少康炎上！尹乃菁：黨內強大聲音認為軍購超過3800億是CIA走狗
23:48:06  INFO    [🇹🇼 台灣] 台南女警遭追撞輾斃 機車騎士、遊覽車司機過失致死罪嫌送辦
23:48:06  INFO    [🇹🇼 台灣] 週日深夜變天！鋒面通過全台轉雨 低溫下探19度
23:48:06  INFO    [🇹🇼 台灣] 宜蘭規模6.1強震！震央東北海域台北狂搖全台有感- 生活
23:48:06  INFO    [🇹🇼 台灣] 快訊／高雄車禍再添1死　岳母、女婿走路遭轎車從後方猛撞亡
23:48:07  INFO    [🇯🇵 日本] 川普對伊朗新提案表示不滿 僵局或將持續
23:48:09  INFO    [🇯🇵 日本] 即使一對已婚夫婦的月收入為110萬日元，他們仍然依賴食物銀行，美國中產階級面臨的焦慮……他們甚至因為價格昂貴而無法輕易去吃快餐。
23:48:10  INFO    [🇯🇵 日本] 一名飼養鴿子、烏鴉，拒絕聽從市政府制止令的人，因涉嫌違反動物福利法，被移送檢察機關……居民紛紛投訴
23:48:10  INFO    [🇯🇵 日本] 環境省官員表示，水俁病患者：“與其他類型的污染相比，我們是幸運的”
23:48:10  INFO    [🇯🇵 日本] 美軍軍官強調駐德好處，未提川普緊縮言論
23:48:11  INFO    [🇯🇵 日本] 川普宣布將歐盟汽車關稅提高至25% 稱他沒有兌現承諾
23:48:12  INFO    [🇰🇷 韓國] 【爆料】美國國防部：“5000名駐德美軍撤離將在6至12個月內完成”
23:48:12  INFO    [🇰🇷 韓國] 川普對歐盟汽車加徵25%關稅…全球貿易戰會再度爆發嗎？
23:48:13  INFO    [🇰🇷 韓國] “什麼是稀有卡牌？”…4萬人湧向精靈寶可夢快閃店開業的聖水洞，“緊急停止”
23:48:14  INFO    [🇰🇷 韓國] 伊朗提出新的結束戰爭計劃...川普：“我不滿意”
23:48:15  INFO    [🇰🇷 韓國] 工人們擠滿市中心「贏得基本勞工權利」…「勞動節」集會，時隔63年後第一個重新命名的法定節日
23:48:15  INFO    [🇰🇷 韓國] 就連尹錫烈也被提名為保鏢……這一切之後，國力“尹又是誰？”
23:48:16  INFO    [🇺🇸 美國] Trump says deadline for Congress to approve Iran war doesn't apply: Hostilities have 'terminated'
23:48:16  INFO    [🇺🇸 美國] Trump’s threat: Why cutting US troops in Europe won’t be easy
23:48:16  INFO    [🇺🇸 美國] Thousands in US join ‘no school, no work, no shopping’ May Day protest and economic blackout
23:48:16  INFO    [🇺🇸 美國] Court restricts abortion access across the US by blocking the mailing of mifepristone
23:48:16  INFO    [🇺🇸 美國] Imposing Sanctions on Those Responsible for Repression in Cuba and for Threats to United States National Security and Foreign Policy
23:48:16  INFO    [🇺🇸 美國] Trump said he would end her political career, but Democrats did her in
23:48:33  INFO  
🖥️  產生 HTML 報告...
23:48:33  INFO  
✅  HTML：報告_20260501_2348.html
23:48:33  INFO  ✅  CSV：機會分析_20260501_2348.csv
23:48:33  INFO  📝  Log：logs/scan_20260501_234717.log
