23:39:05  INFO  ======================================================================
23:39:05  INFO  🔥  每日機會分析系統 v10
23:39:05  INFO  📅  2026-04-20 23:39
23:39:05  INFO  ======================================================================
23:39:05  INFO  
① 🌕  CRYPTO
23:39:06  ERROR    BTC-USD: float() argument must be a string or a real number, not 'Series'
23:39:06  ERROR    ETH-USD: float() argument must be a string or a real number, not 'Series'
23:39:07  ERROR    SOL-USD: float() argument must be a string or a real number, not 'Series'
23:39:08  ERROR    BNB-USD: float() argument must be a string or a real number, not 'Series'
23:39:09  ERROR    XRP-USD: float() argument must be a string or a real number, not 'Series'
23:39:09  INFO    ✅ Crypto 0 筆
23:39:09  INFO  
② 📈  股票
23:39:11  INFO    [台] 3293.TWO     鈊象電子         $    785.00  +1.29% 三線多頭
23:39:11  INFO             買入點：— 目前無買入信號  進場區：$719.4 ~ $733.8  止損：$701.3
23:39:12  INFO    [台] 00909.TW     國泰智能電動車ETF   $       nan   +nan% 多空分歧
23:39:12  INFO             買入點：— 目前無買入信號  進場區：$35.1 ~ $35.8  止損：$34.2
23:39:13  INFO    [台] 0056.TW      元大高股息        $       nan   +nan% 三線多頭
23:39:13  INFO             買入點：— 目前無買入信號  進場區：$36.9 ~ $37.6  止損：$35.9
23:39:14  INFO    [台] 6111.TWO     6111擎亞       $     47.80  -0.62% 多空分歧
23:39:14  INFO             買入點：— 目前無買入信號  進場區：$39.7 ~ $40.5  止損：$38.7
23:39:15  INFO    [台] 00878.TW     國泰永續高股息      $       nan   +nan% 三線多頭
23:39:15  INFO             買入點：— 目前無買入信號  進場區：$21.7 ~ $22.1  止損：$21.1
23:39:16  INFO    [台] 3017.TW      奇鋐           $  2,490.00  +3.75% 三線多頭
23:39:16  INFO             買入點：— 目前無買入信號  進場區：$1,868.6 ~ $1,906.1  止損：$1,857.5
23:39:18  INFO    [台] 00713.TW     元大高息低波       $       nan   +nan% 三線多頭
23:39:18  INFO             買入點：— 目前無買入信號  進場區：$50.4 ~ $51.4  止損：$49.1
23:39:19  INFO    [台] 00919.TW     群益台灣精選高息     $     23.67  +1.02% 三線多頭
23:39:19  INFO             買入點：— 目前無買入信號  進場區：$21.8 ~ $22.3  止損：$21.3
23:39:20  INFO    [美] NVDA         NVIDIA       $    202.06  +0.19% 偏多
23:39:20  INFO             買入點：— 目前無買入信號  進場區：$159.2 ~ $162.4  止損：$159.3
23:39:21  INFO    [美] GEV          GE Vernova   $    990.18  -1.25% 偏多
23:39:21  INFO             買入點：— 目前無買入信號  進場區：$803.0 ~ $819.1  止損：$782.8
23:39:22  INFO    [台] 2330.TW      台積電          $  2,025.00  -0.25% 偏多
23:39:22  INFO             買入點：— 目前無買入信號  進場區：$1,684.7 ~ $1,718.6  止損：$1,707.2
23:39:23  INFO    [美] AMD          AMD          $    274.95  -1.24% 三線多頭
23:39:23  INFO             買入點：— 目前無買入信號  進場區：$174.9 ~ $178.4  止損：$187.1
23:39:25  INFO    [美] TSM          台積電ADR       $    366.24  -1.15% 多空分歧
23:39:25  INFO             買入點：— 目前無買入信號  進場區：$312.2 ~ $318.5  止損：$304.4
23:39:26  INFO    [台] 2317.TW      鴻海           $    207.50  +0.73% 多空分歧
23:39:26  INFO             買入點：— 目前無買入信號  進場區：$186.6 ~ $190.3  止損：$181.9
23:39:27  INFO    [台] 2530.TW      華建           $     22.30  -1.33% 三線空頭
23:39:27  INFO             買入點：🎯 一條件滿足 — 待確認  進場區：$21.8 ~ $22.2  止損：$21.5
23:39:29  INFO    [美] MU           美光           $    448.42  -1.46% 三線多頭
23:39:29  INFO             買入點：— 目前無買入信號  進場區：$309.9 ~ $316.2  止損：$302.1
23:39:30  INFO    [美] LRCX         科林研發         $    263.16  -1.66% 多空分歧
23:39:30  INFO             買入點：— 目前無買入信號  進場區：$191.6 ~ $195.4  止損：$192.6
23:39:31  INFO    [台] 00631L.TW    元大台灣50正2     $     25.99  +1.56% 多空分歧
23:39:31  INFO             買入點：🎯 一條件滿足 — 待確認  進場區：$-154.6 ~ $-157.7  止損：$18.5
23:39:32  INFO    [台] 00910.TW     第一金太空衛星      $       nan   +nan% 三線多頭
23:39:32  INFO             買入點：— 目前無買入信號  進場區：$54.2 ~ $55.3  止損：$52.9
23:39:33  INFO    [台] 2308.TW      台達電          $  1,900.00  +3.26% 三線多頭
23:39:33  INFO             買入點：— 目前無買入信號  進場區：$1,264.3 ~ $1,289.7  止損：$1,324.0
23:39:37  INFO    ✅ 股票 20 筆
23:39:37  INFO  
③ 🌟  生活熱門趨勢
23:39:37  INFO    📊 Google Trends 台灣（生活/食衣住行）...
23:39:38  INFO    [食品飲料] 熱度:6 動能:-44% 最熱關鍵字：美食 ❄️
23:39:41  INFO    [服飾美妝] 熱度:26 動能:-20% 最熱關鍵字：防曬 ❄️
23:39:44  INFO    [居家生活] 熱度:18 動能:-45% 最熱關鍵字：家具 ❄️
23:39:47  INFO    [娛樂3C] 熱度:35 動能:-8% 最熱關鍵字：手機 ❄️
23:39:50  INFO    [健康運動] 熱度:36 動能:-9% 最熱關鍵字：健身 ❄️
23:39:53  INFO    [旅遊交通] 熱度:27 動能:-8% 最熱關鍵字：機票 ❄️
23:39:55  INFO    💬 Dcard 熱門...
23:39:55  WARNING      ⚠️  www.dcard.tw → 403 Client Error: Forbidden for url: https://www.dcard.tw/f/trending
23:39:55  INFO    📋 PTT 熱門...
23:39:55  WARNING      ⚠️  www.ptt.cc → ('Connection aborted.', ConnectionResetError(104, 'Connection reset by peer'))
23:39:56  INFO    [PTT/Stock] [6] Re: [新聞] 統一投信推主動式ETF 00403A鎖定台股前2
23:39:56  INFO    [PTT/Stock] [46] [請益] 正二換股到主動ETF好嗎？
23:39:56  INFO    [PTT/Stock] [83] [新聞]快訊／巴基斯坦：伊朗有意願派代表團跟美國
23:39:56  INFO    [PTT/Stock] [23] Re: [新聞] 藍色起源成功回收火箭但部署出包 AST稱
23:39:56  INFO    [PTT/Stock] [42] Re: [新聞] 中東盟友集體「反水」! 阿聯酋揚言棄石油美元體系 卡達
23:39:57  INFO    [PTT/beauty] [6] [正妹] 李瑞
23:39:57  INFO    [PTT/beauty] [1] [神人] 藥品廣告女主角
23:39:57  INFO    [PTT/beauty] [3] [正妹] SBL中場表演
23:39:57  INFO    [PTT/beauty] [] [正妹] Sarawakian
23:39:57  INFO    [PTT/beauty] [] [正妹] Cosplay 2699 中國 小春
23:39:58  INFO    [PTT/movie] [9] [新聞] 葛倫鮑威爾有望主演《巨蟻入侵》翻拍版
23:39:58  INFO    [PTT/movie] [] [新聞]《復仇者4》9月重映版 含《復仇者5》新場景
23:39:58  INFO    [PTT/movie] [1] [新聞]小勞勃道尼變身「末日博士」真正原因！凱
23:39:58  INFO    [PTT/movie] [] [新聞]《穿著Prada的惡魔2》挨批辱華！陸網揚言
23:39:59  INFO    [PTT/food] [] [食記] 韓國首爾弘大花蟹世界
23:39:59  INFO    [PTT/food] [] [食記] 手打神代蕎麥 日本島根 三彩十割蕎麥麵
23:39:59  INFO    [PTT/food] [] [公告] Food板 板規 V3.91
23:39:59  INFO    [PTT/food] [18] [公告] 發文請在標題加上地區及提供地址電話。^^
23:39:59  INFO    [PTT/food] [] [公告] 文章被刪除者請洽精華區的資源回收桶
23:39:59  INFO    📺 YouTube 台灣熱門...
23:40:00  INFO    🎵 TikTok...
23:40:00  INFO    [TikTok] #1 #sidemen
23:40:00  INFO    🛍️  Shopee 台灣熱銷...
23:40:03  INFO    💬 Reddit 熱賣（本週）...
23:40:04  INFO    ✅ 生活趨勢完成
23:40:04  INFO  
④ 📰  消息面
23:40:04  INFO    [🇹🇼 台灣] 春雨鋒面逼近 專家指這3天全台雷雨 中南部恐較大雨勢
23:40:04  INFO    [🇹🇼 台灣] 連長辱罵役男「死日本鬼子」、「漢奸」 六軍團：調離主管職
23:40:04  INFO    [🇹🇼 台灣] 辣椒水風波柯文哲：分局長第一時間說明可減少對立| 政治
23:40:04  INFO    [🇹🇼 台灣] 發芽馬鈴薯法國人照吃不誤？網掀兩派論戰 Cheap傻眼：網軍在害人
23:40:04  INFO    [🇹🇼 台灣] (影) 美伊談判恐破局！伊批美2度違反協議拒再談美派C-17降巴基斯坦| 國際
23:40:04  INFO    [🇹🇼 台灣] 日本三陸近海7.5強震 岩手久慈港出現80公分海嘯
23:40:06  INFO    [🇯🇵 日本] 青森縣地震強度為 5+，日本氣象廳將 7.5 級上調至 7.7 級 地震能量翻倍（產經新聞）
23:40:07  INFO    [🇯🇵 日本] 川普表示新的伊朗核協議比2015年好，沒有簽署壓力
23:40:08  INFO    [🇯🇵 日本] 頂尖高城之一，孤獨的總理府為首，執政半年“各盡其能”
23:40:10  INFO    [🇯🇵 日本] 法務部審查再審制度，考慮原則上禁止上訴……留有例外空間，可能遭到自民黨反對
23:40:12  INFO    [🇯🇵 日本] 今日21日は黄砂が広く飛来 花粉とのダブル影響に注意 症状悪化や洗濯物など対策を(気象予報士 小野 聡子)
23:40:14  INFO    [🇯🇵 日本] 美國扣押貨船向伊朗施壓；伊朗願不願意重新談判？停火協議即將到期
23:40:16  INFO    [🇰🇷 韓國] 川普：“美國談判代表很快就會抵達…今天將與伊朗達成協議”
23:40:17  INFO    [🇰🇷 韓國] 한국-인도 정상회담 “전략 분야 협력 확대 …역내 평화 긴밀 공조 지속”
23:40:20  INFO    [🇰🇷 韓國] '노란봉투법' 이후 첫 노동자 사망…CU 사고, 李정부 노정 시험대
23:40:21  INFO    [🇰🇷 韓國] 週日 30 度，今天寒潮警告…由於黃塵，空氣品質“非常糟糕”
23:40:22  INFO    [🇰🇷 韓國] 31名議員加入鄭元五競選委員會…“吳世勳10年裁判本部”
23:40:23  INFO    [🇰🇷 韓國] “김혜경 수사 미진 의문”…박성재 재판서 ‘김건희 텔레그램’ 공개
23:40:23  INFO    [🇺🇸 美國] Trump's labor secretary resigns amid investigation into misconduct
23:40:23  INFO    [🇺🇸 美國] Seized Iranian ship likely carrying equipment deemed dual-use by US, sources say
23:40:23  INFO    [🇺🇸 美國] Live Updates: Trump says he's not under pressure over Iran war deal as status of peace talks remains unclear
23:40:23  INFO    [🇺🇸 美國] Kash Patel sues the Atlantic over article alleging excessive drinking
23:40:23  INFO    [🇺🇸 美國] Shreveport, Louisiana officials identify 8 children killed in domestic shootings, confirm timeline
23:40:23  INFO    [🇺🇸 美國] US tariff refund system launches for companies to claim billions in import taxes
23:40:43  INFO  
🖥️  產生 HTML 報告...
23:40:43  INFO  
✅  HTML：報告_20260420_2340.html
23:40:43  INFO  ✅  CSV：機會分析_20260420_2340.csv
23:40:43  INFO  📝  Log：logs/scan_20260420_233905.log
