23:36:46  INFO  ======================================================================
23:36:46  INFO  🔥  每日機會分析系統 v10
23:36:46  INFO  📅  2026-04-16 23:36
23:36:46  INFO  ======================================================================
23:36:46  INFO  
① 🌕  CRYPTO
23:36:47  ERROR    BTC-USD: float() argument must be a string or a real number, not 'Series'
23:36:47  ERROR    ETH-USD: float() argument must be a string or a real number, not 'Series'
23:36:48  ERROR    SOL-USD: float() argument must be a string or a real number, not 'Series'
23:36:49  ERROR    BNB-USD: float() argument must be a string or a real number, not 'Series'
23:36:50  ERROR    XRP-USD: float() argument must be a string or a real number, not 'Series'
23:36:51  INFO    ✅ Crypto 0 筆
23:36:51  INFO  
② 📈  股票
23:36:52  INFO    [台] 3293.TWO     鈊象電子         $    768.00  +2.81% 多空分歧
23:36:52  INFO             買入點：— 目前無買入信號  進場區：$719.4 ~ $733.8  止損：$701.3
23:36:53  INFO    [台] 00909.TW     國泰智能電動車ETF   $       nan   +nan% 多空分歧
23:36:53  INFO             買入點：— 目前無買入信號  進場區：$35.1 ~ $35.8  止損：$34.2
23:36:54  INFO    [台] 0056.TW      元大高股息        $       nan   +nan% 三線多頭
23:36:54  INFO             買入點：— 目前無買入信號  進場區：$36.9 ~ $37.6  止損：$35.9
23:36:55  INFO    [台] 6111.TWO     6111擎亞       $     47.25  +4.07% 多空分歧
23:36:55  INFO             買入點：— 目前無買入信號  進場區：$39.7 ~ $40.5  止損：$38.7
23:36:57  INFO    [台] 00878.TW     國泰永續高股息      $       nan   +nan% 三線多頭
23:36:57  INFO             買入點：— 目前無買入信號  進場區：$21.7 ~ $22.1  止損：$21.1
23:36:58  INFO    [台] 3017.TW      奇鋐           $  2,440.00  +4.95% 三線多頭
23:36:58  INFO             買入點：— 目前無買入信號  進場區：$1,825.8 ~ $1,862.5  止損：$1,780.0
23:36:59  INFO    [台] 00713.TW     元大高息低波       $       nan   +nan% 三線多頭
23:36:59  INFO             買入點：— 目前無買入信號  進場區：$50.4 ~ $51.4  止損：$49.1
23:37:00  INFO    [台] 00919.TW     群益台灣精選高息     $       nan   +nan% 偏多
23:37:00  INFO             買入點：— 目前無買入信號  進場區：$21.9 ~ $22.3  止損：$21.3
23:37:02  INFO    [美] NVDA         NVIDIA       $    198.35  -0.26% 多空分歧
23:37:02  INFO             買入點：— 目前無買入信號  進場區：$160.2 ~ $163.4  止損：$159.3
23:37:03  INFO    [美] GEV          GE Vernova   $    978.32  -0.77% 偏多
23:37:03  INFO             買入點：— 目前無買入信號  進場區：$803.0 ~ $819.1  止損：$782.8
23:37:04  INFO    [台] 2330.TW      台積電          $  2,085.00  +0.24% 三線多頭
23:37:04  INFO             買入點：— 目前無買入信號  進場區：$1,684.0 ~ $1,717.9  止損：$1,707.2
23:37:05  INFO    [美] AMD          AMD          $    278.26  +7.80% 三線多頭
23:37:05  INFO             買入點：— 目前無買入信號  進場區：$175.7 ~ $179.2  止損：$187.0
23:37:07  INFO    [美] TSM          台積電ADR       $    363.35  -3.13% 三線多頭
23:37:07  INFO             買入點：— 目前無買入信號  進場區：$310.0 ~ $316.3  止損：$304.4
23:37:08  INFO    [台] 2317.TW      鴻海           $    207.00  -0.24% 多空分歧
23:37:08  INFO             買入點：— 目前無買入信號  進場區：$186.6 ~ $190.3  止損：$181.9
23:37:09  INFO    [台] 2530.TW      華建           $     22.65  -0.88% 三線空頭
23:37:09  INFO             買入點：🎯 一條件滿足 — 待確認  進場區：$22.2 ~ $22.7  止損：$21.8
23:37:11  INFO    [美] MU           美光           $    457.23  +0.22% 三線多頭
23:37:11  INFO             買入點：— 目前無買入信號  進場區：$309.9 ~ $316.2  止損：$302.1
23:37:12  INFO    [美] LRCX         科林研發         $    260.96  -1.58% 三線多頭
23:37:12  INFO             買入點：— 目前無買入信號  進場區：$191.4 ~ $195.3  止損：$192.6
23:37:13  INFO    [台] 00631L.TW    元大台灣50正2     $       nan   +nan% 多空分歧
23:37:13  INFO             買入點：— 目前無買入信號  進場區：$19.0 ~ $19.4  止損：$18.5
23:37:14  INFO    [台] 00910.TW     第一金太空衛星      $       nan   +nan% 三線多頭
23:37:14  INFO             買入點：— 目前無買入信號  進場區：$54.2 ~ $55.3  止損：$52.9
23:37:16  INFO    [台] 2308.TW      台達電          $  1,845.00  +3.36% 三線多頭
23:37:16  INFO             買入點：— 目前無買入信號  進場區：$1,269.8 ~ $1,295.3  止損：$1,324.0
23:37:19  INFO    ✅ 股票 20 筆
23:37:19  INFO  
③ 🌟  生活熱門趨勢
23:37:19  INFO    📊 Google Trends 台灣（生活/食衣住行）...
23:37:20  INFO    [食品飲料] 熱度:7 動能:-35% 最熱關鍵字：美食 ❄️
23:37:23  INFO    [服飾美妝] 熱度:28 動能:-11% 最熱關鍵字：防曬 ❄️
23:37:26  INFO    [居家生活] 熱度:29 動能:-17% 最熱關鍵字：家具 ❄️
23:37:29  INFO    [娛樂3C] 熱度:39 動能:-1% 最熱關鍵字：手機 ❄️
23:37:32  INFO    [健康運動] 熱度:39 動能:-16% 最熱關鍵字：健身 ❄️
23:37:35  INFO    [旅遊交通] 熱度:25 動能:-19% 最熱關鍵字：機票 ❄️
23:37:37  INFO    💬 Dcard 熱門...
23:37:37  WARNING      ⚠️  www.dcard.tw → 403 Client Error: Forbidden for url: https://www.dcard.tw/f/trending
23:37:37  INFO    📋 PTT 熱門...
23:37:37  WARNING      ⚠️  www.ptt.cc → ('Connection aborted.', ConnectionResetError(104, 'Connection reset by peer'))
23:37:38  INFO    [PTT/Stock] [] [創作] 星晴-改編版
23:37:38  INFO    [PTT/Stock] [42] [新聞] 快訊／美軍擴大封鎖　運鋼、鋁給伊朗將依
23:37:38  INFO    [PTT/Stock] [30] [新聞] 謝金河：台股底氣強大 興櫃市場正隱藏許
23:37:38  INFO    [PTT/Stock] [爆] [新聞] 台積電期貨暴跌夜盤重挫逾600點！法說亮眼股價反應冷淡
23:37:39  INFO    [PTT/beauty] [15] [正妹] 金雪炫
23:37:39  INFO    [PTT/beauty] [2] [正妹] 柚乃りか
23:37:39  INFO    [PTT/beauty] [5] [正妹] HDO
23:37:39  INFO    [PTT/beauty] [] [正妹] 言兒
23:37:39  INFO    [PTT/beauty] [8] [正妹] 柳柳
23:37:40  INFO    [PTT/movie] [4] [新聞]「驚奇隊長」布麗拉森談電玩文化地位！籲
23:37:40  INFO    [PTT/movie] [8] [新聞]《復仇者5》被喻為恐怖片！觀眾會不敢看！
23:37:40  INFO    [PTT/movie] [3] [討論] 派拉蒙將制作COD首部電影和末日之戰新片
23:37:40  INFO    [PTT/movie] [5] [討論] 捍衛戰士3 製作決定
23:37:40  INFO    [PTT/movie] [] [公告] 電影板板規 2025/10/26
23:37:41  INFO    [PTT/food] [] [食記] 桃園市龍潭區。佟記蔥油餅
23:37:41  INFO    [PTT/food] [] [食記] 台北大安 水粵香10人桌招牌菜色開箱
23:37:41  INFO    [PTT/food] [1] [食記] 苗栗縣頭屋鄉-禪廚蔬食餐廳
23:37:41  INFO    [PTT/food] [] [食記] 新北市林口區。eat enjoy 意享美式廚房
23:37:41  INFO    📺 YouTube 台灣熱門...
23:37:42  INFO    🎵 TikTok...
23:37:42  INFO    [TikTok] #1 #barcelona
23:37:42  INFO    🛍️  Shopee 台灣熱銷...
23:37:46  INFO    💬 Reddit 熱賣（本週）...
23:37:46  INFO    ✅ 生活趨勢完成
23:37:46  INFO  
④ 📰  消息面
23:37:47  INFO    [🇹🇼 台灣] 他有感今年「白沙屯媽祖進香頻傳負面消息」過來人分析原因
23:37:47  INFO    [🇹🇼 台灣] 快訊／剴剴虐死案追女社工刑責！陳尚潔一審判決出爐
23:37:47  INFO    [🇹🇼 台灣] 「這2天有大事發生」 川普證實伊朗戰爭結束了
23:37:47  INFO    [🇹🇼 台灣] 同台火爆交鋒江和樹挺李貞秀提告：費用我負責| 政治
23:37:47  INFO    [🇹🇼 台灣] 美國封鎖荷姆茲油輪照過！CNBC揭本週實際通過「數字」
23:37:47  INFO    [🇹🇼 台灣] 李乾龍座車疑遭裝追蹤器　先問老婆：你要抓小三嗎？
23:37:50  INFO    [🇯🇵 日本] 南丹警察搜查本部逮捕京都男孩遺棄案養父 屍體多次移動之謎
23:37:51  INFO    [🇯🇵 日本] 以色列和黎巴嫩同意停火10天；川普將在白宮會面
23:37:52  INFO    [🇯🇵 日本] 伊朗要求美國在恢復談判前「履行義務」 - 塔斯尼姆通訊社
23:37:54  INFO    [🇯🇵 日本] 川普總統這次發布了一張自己擁抱「基督」的照片。 「我覺得還不錯！！！」上一篇在遭到一系列批評後被刪除。
23:37:55  INFO    [🇯🇵 日本] 今天天氣預報 4月17日（星期五） 陽光到來，但西邊雲層增加 日本海一側氣溫上升
23:37:57  INFO    [🇯🇵 日本] 針對俄羅斯士兵家屬的詐騙猖獗……指出原因之一是個人資訊管理變弱
23:37:59  INFO    [🇰🇷 韓國] 內塔尼亞胡：「與黎巴嫩簽署和平協議的歷史性機會」......停火期間拒絕撤軍
23:38:02  INFO    [🇰🇷 韓國] 川普：“第二次結束戰爭談判最早將於本週末進行……如果達成協議，我可能會直接前往巴基斯坦”
23:38:05  INFO    [🇰🇷 韓國] “Wolfgu”9天后返回…被活捉並運送到O世界，“脈搏和體溫正常”
23:38:07  INFO    [🇰🇷 韓國] 李總統出席世越號紀念儀式…“我們不會允許人民的生命和安全出現任何間隙。”
23:38:09  INFO    [🇰🇷 韓國] 伊朗提出「有限開放霍爾木茲」…我第一次退後了一步。
23:38:12  INFO    [🇰🇷 韓國] [속보] 법원, ‘이 대통령·이준석 명예훼손 혐의’ 전한길 구속영장 기각
23:38:13  INFO    [🇺🇸 美國] Live updates: Ceasefire in Lebanon goes into effect as Trump voices confidence in Iran deal
23:38:13  INFO    [🇺🇸 美國] Trump nominates former Coast Guard doctor as CDC chief
23:38:13  INFO    [🇺🇸 美國] Pope says ‘world is being ravaged by a handful of tyrants’ amid feud with Trump’s White House
23:38:13  INFO    [🇺🇸 美國] Judge faults Trump for 'brazen' bid to continue ballroom construction
23:38:13  INFO    [🇺🇸 美國] Justin Fairfax killed his estranged wife and himself 2 weeks before a court deadline to move out
23:38:13  INFO    [🇺🇸 美國] New Jersey special House election is another test of Trump’s popularity ahead of midterms
23:38:29  INFO  
🖥️  產生 HTML 報告...
23:38:29  INFO  
✅  HTML：報告_20260416_2338.html
23:38:29  INFO  ✅  CSV：機會分析_20260416_2338.csv
23:38:29  INFO  📝  Log：logs/scan_20260416_233646.log
