09:43:51  INFO  ======================================================================
09:43:51  INFO  🔥  每日機會分析系統 v10
09:43:51  INFO  📅  2026-04-11 09:43
09:43:51  INFO  ======================================================================
09:43:51  INFO  
① 🌕  CRYPTO
09:43:52  ERROR    BTC-USD: float() argument must be a string or a real number, not 'Series'
09:43:52  ERROR    ETH-USD: float() argument must be a string or a real number, not 'Series'
09:43:53  ERROR    SOL-USD: float() argument must be a string or a real number, not 'Series'
09:43:53  ERROR    BNB-USD: float() argument must be a string or a real number, not 'Series'
09:43:54  ERROR    XRP-USD: float() argument must be a string or a real number, not 'Series'
09:43:54  INFO    ✅ Crypto 0 筆
09:43:54  INFO  
② 📈  股票
09:43:55  INFO    [台] 3293.TWO     鈊象電子         $    769.00  +0.65% 偏多
09:43:55  INFO             買入點：— 目前無買入信號  進場區：$704.4 ~ $718.5  止損：$691.6
09:43:55  INFO    [台] 00909.TW     國泰智能電動車ETF   $     39.99  +0.88% 多空分歧
09:43:55  INFO             買入點：🎯 一條件滿足 — 待確認  進場區：$35.1 ~ $35.8  止損：$34.2
09:43:56  INFO    [台] 0056.TW      元大高股息        $     39.41  +0.84% 偏多
09:43:56  INFO             買入點：🎯 一條件滿足 — 待確認  進場區：$36.9 ~ $37.6  止損：$35.9
09:43:57  INFO    [台] 6111.TWO     6111擎亞       $     44.05  +0.92% 多空分歧
09:43:57  INFO             買入點：🎯 一條件滿足 — 待確認  進場區：$39.7 ~ $40.5  止損：$38.7
09:43:58  INFO    [台] 00878.TW     國泰永續高股息      $     23.02  +0.52% 偏多
09:43:58  INFO             買入點：— 目前無買入信號  進場區：$21.7 ~ $22.1  止損：$21.1
09:43:59  INFO    [台] 3017.TW      奇鋐           $  2,265.00  +1.34% 三線多頭
09:43:59  INFO             買入點：— 目前無買入信號  進場區：$1,752.3 ~ $1,787.5  止損：$1,760.5
09:43:59  INFO    [台] 00713.TW     元大高息低波       $     52.50  +0.19% 三線多頭
09:43:59  INFO             買入點：— 目前無買入信號  進場區：$50.4 ~ $51.4  止損：$49.1
09:44:00  INFO    [台] 00919.TW     群益台灣精選高息     $     22.93  +0.31% 偏多
09:44:00  INFO             買入點：🎯 一條件滿足 — 待確認  進場區：$21.9 ~ $22.3  止損：$21.3
09:44:01  INFO    [美] NVDA         NVIDIA       $    188.63  +2.57% 多空分歧
09:44:01  INFO             買入點：— 目前無買入信號  進場區：$163.4 ~ $166.7  止損：$159.3
09:44:01  INFO    [美] GEV          GE Vernova   $    991.32  +2.41% 三線多頭
09:44:01  INFO             買入點：— 目前無買入信號  進場區：$785.1 ~ $800.9  止損：$778.2
09:44:02  INFO    [台] 2330.TW      台積電          $  2,000.00  +2.30% 三線多頭
09:44:02  INFO             買入點：— 目前無買入信號  進場區：$1,730.2 ~ $1,765.0  止損：$1,707.2
09:44:03  INFO    [美] AMD          AMD          $    245.04  +3.55% 多空分歧
09:44:03  INFO             買入點：— 目前無買入信號  進場區：$180.2 ~ $183.9  止損：$186.5
09:44:04  INFO    [美] TSM          台積電ADR       $    370.60  +1.40% 三線多頭
09:44:04  INFO             買入點：— 目前無買入信號  進場區：$312.2 ~ $318.5  止損：$304.4
09:44:05  INFO    [台] 2317.TW      鴻海           $    200.50  +0.25% 多空分歧
09:44:05  INFO             買入點：🎯 一條件滿足 — 待確認  進場區：$184.3 ~ $188.0  止損：$181.9
09:44:06  INFO    [台] 2530.TW      華建           $     23.25  -1.27% 三線空頭
09:44:06  INFO             買入點：🎯 一條件滿足 — 待確認  進場區：$22.9 ~ $23.3  止損：$22.3
09:44:07  INFO    [美] MU           美光           $    420.59  -0.22% 多空分歧
09:44:07  INFO             買入點：— 目前無買入信號  進場區：$309.9 ~ $316.2  止損：$302.1
09:44:07  INFO    [美] LRCX         科林研發         $    263.66  +1.89% 三線多頭
09:44:07  INFO             買入點：— 目前無買入信號  進場區：$194.2 ~ $198.1  止損：$192.6
09:44:08  INFO    [台] 00631L.TW    元大台灣50正2     $     23.70  +3.90% 多空分歧
09:44:08  INFO             買入點：🎯 一條件滿足 — 待確認  進場區：$-262.7 ~ $-268.0  止損：$18.5
09:44:09  INFO    [台] 00910.TW     第一金太空衛星      $     65.70  -0.53% 三線多頭
09:44:09  INFO             買入點：— 目前無買入信號  進場區：$51.2 ~ $52.2  止損：$52.9
09:44:10  INFO    [台] 2308.TW      台達電          $  1,735.00  +5.47% 三線多頭
09:44:10  INFO             買入點：— 目前無買入信號  進場區：$1,275.5 ~ $1,301.1  止損：$1,299.8
09:44:10  INFO    ⏰ 9:xx 外資 16:30 後更新
09:44:10  INFO    ✅ 股票 20 筆
09:44:10  INFO  
③ 🌟  生活熱門趨勢
09:44:10  INFO    📊 Google Trends 台灣（生活/食衣住行）...
09:44:11  INFO    [食品飲料] 熱度:17 動能:+65% 最熱關鍵字：美食 🔥🔥🔥
09:44:13  INFO    [服飾美妝] 熱度:42 動能:+28% 最熱關鍵字：穿搭 🔥🔥🔥
09:44:15  INFO    [居家生活] 熱度:44 動能:+35% 最熱關鍵字：家具 🔥🔥🔥
09:44:18  INFO    [娛樂3C] 熱度:38 動能:+2% 最熱關鍵字：手機 🔥
09:44:20  INFO    [健康運動] 熱度:42 動能:+2% 最熱關鍵字：健身 🔥
09:44:23  INFO    [旅遊交通] 熱度:21 動能:-14% 最熱關鍵字：機票 ❄️
09:44:25  INFO    💬 Dcard 熱門...
09:44:25  WARNING      ⚠️  www.dcard.tw → 403 Client Error: Forbidden for url: https://www.dcard.tw/f/trending
09:44:25  INFO    📋 PTT 熱門...
09:44:25  WARNING      ⚠️  www.ptt.cc → ('Connection aborted.', ConnectionResetError(104, 'Connection reset by peer'))
09:44:26  INFO    [PTT/Stock] [爆] [新聞] 快訊／47年最高層級！美伊談判代表皆抵巴
09:44:26  INFO    [PTT/Stock] [9] [新聞] 獨／4金控「蓋牌」紀念品新曝光　居家餐
09:44:26  INFO    [PTT/Stock] [] [公告] 股票板板規 v4.7 (2024/10/06 修正)
09:44:26  INFO    [PTT/Stock] [6] [公告] 4-6-1罰則將在1/22開始到年底加重至30天
09:44:27  INFO    [PTT/beauty] [4] [正妹] 靜靜
09:44:27  INFO    [PTT/beauty] [2] [正妹] Cosplay 2682  日本 大
09:44:27  INFO    [PTT/beauty] [5] [正妹] Lilly Lagodka 德國模特兒 175cm
09:44:27  INFO    [PTT/beauty] [2] [正妹] 長髮鄭熙靜
09:44:27  INFO    [PTT/beauty] [32] [正妹] 算正但偏小眾捏 = =
09:44:28  INFO    [PTT/movie] [] [LIVE] HBO 21:00 一線希望
09:44:28  INFO    [PTT/movie] [2] [討論] 老港片「猛鬼大廈」裡面有一段很怪..(雷)
09:44:28  INFO    [PTT/movie] [] [ 好雷] 比陽光好哭的no good歐吉桑
09:44:28  INFO    [PTT/movie] [] [好雷] 極限返航──原本只是隨便吐槽的……
09:44:28  INFO    [PTT/movie] [] [公告] 電影板板規 2025/10/26
09:44:29  INFO    [PTT/food] [] [食記] 伊娜飛魚餐廳 花蓮豐濱 飛魚卵香腸燻飛魚
09:44:29  INFO    [PTT/food] [6] [食記] 台北 祥星記一鴨三吃 好吃燒臘便當店
09:44:29  INFO    [PTT/food] [] [食記] 東京 居酒家 さいたどう燒鳥串燒 等很久
09:44:29  INFO    [PTT/food] [] [食記] 台北 士林區｜筠芝和牛本舖
09:44:29  INFO    [PTT/food] [] [食記] 吉隆坡 甲洞興記肉骨茶(分店)
09:44:30  INFO    📺 YouTube 台灣熱門...
09:44:30  INFO    🎵 TikTok...
09:44:31  INFO    [TikTok] #1 #mylivejourney
09:44:31  INFO    🛍️  Shopee 台灣熱銷...
09:44:35  INFO    💬 Reddit 熱賣（本週）...
09:44:35  INFO    ✅ 生活趨勢完成
09:44:35  INFO  
④ 📰  消息面
09:44:36  INFO    [🇹🇼 台灣] 鄭麗文附和習近平「反對外力介入」矢板明夫：削弱台灣的安全支撐| 政治
09:44:36  INFO    [🇹🇼 台灣] 寵物用藥新制引發抵制潮！大樹藥局發3聲明
09:44:36  INFO    [🇹🇼 台灣] 油輪動彈不得！伊朗警告：未經許可通過荷姆茲海峽的船隻將被「摧毀」
09:44:36  INFO    [🇹🇼 台灣] 白沙屯媽祖4月12日起駕！近46萬人創新高 「18禁忌曝光」3類人不能鑽轎
09:44:36  INFO    [🇹🇼 台灣] 漢神洲際首日爆亂象！「廁所驚魂」門鎖掉險受困、警鈴狂響 業者說了
09:44:36  INFO    [🇹🇼 台灣] 談判前夕又轟炸！以色列擊斃黎巴嫩安全部隊13人
09:44:38  INFO    [🇯🇵 日本] 美國總統稱伊朗「沒有王牌」封鎖霍爾木茲海峽——談判代表進入巴基斯坦
09:44:39  INFO    [🇯🇵 日本] 美國副總統萬斯面臨與伊朗談判、國內批評「軟弱」擔憂、平衡感問題
09:44:40  INFO    [🇯🇵 日本] 今年本州第一個仲夏節靜岡，明天將會是個愉快的經歷
09:44:41  INFO    [🇯🇵 日本] 米国主導のアルテミス計画 トヨタやスカパー参加、日本発技術が支え
09:44:42  INFO    [🇯🇵 日本] 根據CNN通報，中國準備向伊朗提供防空飛彈
09:44:45  INFO    [🇯🇵 日本] 【京都小學6】共有60名學生，現場一次不尋常的「法證科學研究」調查，似乎徒勞無功......「警察一定掌握了某種資訊」（每日新潮）
09:44:46  INFO    [🇰🇷 韓國] 이란 70명 VS 미국 300명... 갈리바프 “미국에 호의 있지만 신뢰는 없어”
09:44:47  INFO    [🇰🇷 韓國] 27日開始支付最高60萬韓元的「高油價支援」…必須在8月前使用
09:44:51  INFO    [🇰🇷 韓國] 國家力量：“與以色列的外交衝突沒有幫助……李總統，停止使用社交媒體。”
09:44:52  INFO    [🇰🇷 韓國] 市中心變黃...世越號渡輪災難12週年之際，市民呼籲制定《基本生命安全法》
09:44:52  INFO    [🇰🇷 韓國] 樸亨俊擊敗朱鎮宇，成為釜山市長國力候選人…與全在洙的對抗
09:44:54  INFO    [🇰🇷 韓國] 한동훈, 장동혁 방미에 “지선 표가 미국에 있나···리더가 선거 포기한 느낌 주면 안 돼”
09:44:54  INFO    [🇺🇸 美國] Iran war: US negotiators arrive in Pakistan ahead of peace talks - follow live
09:44:54  INFO    [🇺🇸 美國] Eric Swalwell Faces Sex Assault Accusation as He Runs for California Governor
09:44:54  INFO    [🇺🇸 美國] Artemis II splashes down safely after historic voyage around the moon
09:44:54  INFO    [🇺🇸 美國] Trump has handed JD Vance his most difficult mission yet
09:44:54  INFO    [🇺🇸 美國] Survivors of Epstein’s abuse accuse Melania Trump of ‘shifting burden’ on to victims
09:44:54  INFO    [🇺🇸 美國] Sheriff’s lieutenant with million-pound fireworks stash led to deadly blast, prosecutors say
09:45:11  INFO  
🖥️  產生 HTML 報告...
09:45:11  INFO  
✅  HTML：報告_20260411_0945.html
09:45:11  INFO  ✅  CSV：機會分析_20260411_0945.csv
09:45:11  INFO  📝  Log：logs/scan_20260411_094351.log
