17:13:35  INFO  ======================================================================
17:13:35  INFO  🔥  每日機會分析系統 v10
17:13:35  INFO  📅  2026-03-23 17:13
17:13:35  INFO  ======================================================================
17:13:35  INFO  
① 🌕  CRYPTO
17:13:35  ERROR    BTC-USD: float() argument must be a string or a real number, not 'Series'
17:13:36  ERROR    ETH-USD: float() argument must be a string or a real number, not 'Series'
17:13:36  ERROR    SOL-USD: float() argument must be a string or a real number, not 'Series'
17:13:37  ERROR    BNB-USD: float() argument must be a string or a real number, not 'Series'
17:13:37  ERROR    XRP-USD: float() argument must be a string or a real number, not 'Series'
17:13:38  INFO    ✅ Crypto 0 筆
17:13:38  INFO  
② 📈  股票
17:13:38  INFO    [台] 3293.TWO     鈊象電子         $    726.00  -2.42% 多空分歧
17:13:38  INFO             買入點：— 目前無買入信號  進場區：$662.8 ~ $676.1  止損：$649.9
17:13:39  INFO    [台] 00909.TW     國泰智能電動車ETF   $     38.37  -3.62% 偏空
17:13:39  INFO             買入點：🎯 一條件滿足 — 待確認  進場區：$36.2 ~ $36.9  止損：$35.3
17:13:40  INFO    [台] 0056.TW      元大高股息        $     37.97  -2.06% 多空分歧
17:13:40  INFO             買入點：🎯 一條件滿足 — 待確認  進場區：$36.3 ~ $37.0  止損：$35.4
17:13:41  INFO    [台] 6111.TWO     6111擎亞       $     43.05  -3.48% 多空分歧
17:13:41  INFO             買入點：🎯 一條件滿足 — 待確認  進場區：$40.8 ~ $41.6  止損：$39.8
17:13:42  INFO    [台] 00878.TW     國泰永續高股息      $     22.08  -1.74% 多空分歧
17:13:42  INFO             買入點：🎯 一條件滿足 — 待確認  進場區：$21.2 ~ $21.6  止損：$20.6
17:13:43  INFO    [台] 3017.TW      奇鋐           $  1,995.00  -2.68% 三線多頭
17:13:43  INFO             買入點：— 目前無買入信號  進場區：$1,502.5 ~ $1,532.6  止損：$1,464.7
17:13:43  INFO    [台] 00713.TW     元大高息低波       $     50.95  -1.45% 多空分歧
17:13:43  INFO             買入點：🎯 一條件滿足 — 待確認  進場區：$49.8 ~ $50.8  止損：$48.6
17:13:44  INFO    [台] 00919.TW     群益台灣精選高息     $     22.44  -2.31% 多空分歧
17:13:44  INFO             買入點：🎯 一條件滿足 — 待確認  進場區：$21.7 ~ $22.2  止損：$21.2
17:13:45  INFO    [美] NVDA         NVIDIA       $    175.49  +1.62% 三線空頭
17:13:45  INFO             買入點：🎯 一條件滿足 — 待確認  進場區：$170.9 ~ $174.3  止損：$166.6
17:13:46  INFO    [美] GEV          GE Vernova   $    895.03  +5.17% 偏多
17:13:46  INFO             買入點：🎯 一條件滿足 — 待確認  進場區：$772.6 ~ $788.2  止損：$753.2
17:13:47  INFO    [台] 2330.TW      台積電          $  1,810.00  -1.63% 多空分歧
17:13:47  INFO             買入點：🎯 一條件滿足 — 待確認  進場區：$1,755.4 ~ $1,790.7  止損：$1,711.3
17:13:48  INFO    [美] AMD          AMD          $    203.94  +1.30% 多空分歧
17:13:48  INFO             買入點：— 目前無買入信號  進場區：$187.3 ~ $191.0  止損：$182.6
17:13:49  INFO    [美] TSM          台積電ADR       $    337.15  +2.40% 多空分歧
17:13:49  INFO             買入點：🎯 一條件滿足 — 待確認  進場區：$316.1 ~ $322.4  止損：$315.4
17:13:50  INFO    [台] 2317.TW      鴻海           $    196.00  -3.45% 三線空頭
17:13:50  INFO             買入點：🎯 一條件滿足 — 待確認  進場區：$191.7 ~ $195.6  止損：$189.2
17:13:51  INFO    [台] 2530.TW      華建           $     25.10  +0.80% 三線空頭
17:13:51  INFO             買入點：🎯 一條件滿足 — 待確認  進場區：$24.2 ~ $24.7  止損：$23.8
17:13:52  INFO    [美] MU           美光           $    403.66  -4.55% 多空分歧
17:13:52  INFO             買入點：🎯 一條件滿足 — 待確認  進場區：$355.9 ~ $363.0  止損：$346.9
17:13:53  INFO    [美] LRCX         科林研發         $    233.32  +2.17% 多空分歧
17:13:53  INFO             買入點：🎯 一條件滿足 — 待確認  進場區：$193.1 ~ $197.0  止損：$188.3
17:13:54  INFO    [台] 00631L.TW    元大台灣50正2     $    442.80  -5.66% 多空分歧
17:13:54  INFO             買入點：🎯 一條件滿足 — 待確認  進場區：$414.4 ~ $422.7  止損：$404.0
17:13:54  INFO    [台] 00910.TW     第一金太空衛星      $     55.85  -2.45% 偏多
17:13:54  INFO             買入點：🎯 一條件滿足 — 待確認  進場區：$52.1 ~ $53.1  止損：$50.8
17:13:55  INFO    [台] 2308.TW      台達電          $  1,410.00  -4.41% 三線多頭
17:13:55  INFO             買入點：— 目前無買入信號  進場區：$1,189.0 ~ $1,212.9  止損：$1,159.1
17:13:59  INFO    ✅ 股票 20 筆
17:13:59  INFO  
③ 🌟  生活熱門趨勢
17:13:59  INFO    📊 Google Trends 台灣（生活/食衣住行）...
17:14:00  WARNING    [食品飲料] The request failed: Google returned a response with code 429
17:14:04  WARNING    [服飾美妝] The request failed: Google returned a response with code 429
17:14:07  WARNING    [居家生活] The request failed: Google returned a response with code 429
17:14:11  INFO    [娛樂3C] 熱度:39 動能:+3% 最熱關鍵字：手機 🔥
17:14:13  INFO    [健康運動] 熱度:38 動能:+2% 最熱關鍵字：健身 🔥
17:14:16  WARNING    [旅遊交通] The request failed: Google returned a response with code 429
17:14:19  INFO    💬 Dcard 熱門...
17:14:19  WARNING      ⚠️  www.dcard.tw → 403 Client Error: Forbidden for url: https://www.dcard.tw/f/trending
17:14:19  INFO    📋 PTT 熱門...
17:14:20  WARNING      ⚠️  www.ptt.cc → ('Connection aborted.', ConnectionResetError(104, 'Connection reset by peer'))
17:14:20  INFO    [PTT/Stock] [] [情報] 又來夾乳夾求意淫(//′ω‵///)
17:14:20  INFO    [PTT/Stock] [] Re: [請益] 怎麼解讀川投顧的最新call訊
17:14:20  INFO    [PTT/Stock] [2] [情報] 被川普點名參與談判的伊朗議長發文了
17:14:20  INFO    [PTT/Stock] [] [公告] 股票板板規 v4.7 (2024/10/06 修正)
17:14:20  INFO    [PTT/Stock] [6] [公告] 4-6-1罰則將在1/22開始到年底加重至30天
17:14:21  INFO    [PTT/beauty] [25] [正妹] 希美
17:14:21  INFO    [PTT/beauty] [1] [正妹] 一天要吃兩碗拉麵的女優 巴陽莉
17:14:21  INFO    [PTT/beauty] [1] [正妹] 工廠廢墟風 美形
17:14:21  INFO    [PTT/beauty] [1] [正妹] Tits on a stick-竹竿上的奶子
17:14:22  INFO    [PTT/movie] [] [好雷] 《家庭休止符》Serre moi fort
17:14:22  INFO    [PTT/movie] [] [好雷] 雙囍──解析超現實主義段落
17:14:22  INFO    [PTT/movie] [] [討論] 海洋奇緣 真人版低能預告
17:14:22  INFO    [PTT/movie] [] [公告] 電影板板規 2025/10/26
17:14:22  INFO    [PTT/movie] [X1] [公告] 政治電影新聞張貼規範
17:14:24  INFO    [PTT/food] [] [食記] 台北士林區 Subber潛艇堡
17:14:24  INFO    [PTT/food] [] [食記] 宜蘭羅東白橡｜WhiteOak│路過的美味甜點
17:14:24  INFO    [PTT/food] [] [食記] 日本 旭川成吉思汗大黑屋 無腥味羔羊炙烤
17:14:24  INFO    [PTT/food] [] [食記] 劉家蝦公粄 屏東內埔 酥脆九層塔香蝦公粄
17:14:24  INFO    [PTT/food] [] [食記] 香港 HashtagB 超酥脆蛋撻大推開心果口味
17:14:24  INFO    📺 YouTube 台灣熱門...
17:14:24  INFO    🎵 TikTok...
17:14:26  INFO    [TikTok] #1 #bts_swim
17:14:26  INFO    🛍️  Shopee 台灣熱銷...
17:14:30  INFO    💬 Reddit 熱賣（本週）...
17:14:30  INFO    ✅ 生活趨勢完成
17:14:30  INFO  
④ 📰  消息面
17:14:30  INFO    [🇹🇼 台灣] 反駁川普！伊朗媒體否認與美溝通 油價重新站上100美元
17:14:30  INFO    [🇹🇼 台灣] 加油塞爆「駕駛說真實想法」　律師：突破我盲腸
17:14:30  INFO    [🇹🇼 台灣] 轟賴清德重啟核電「連打自己四巴掌」 他沈重呼籲：立即喊停核二核三| 政治
17:14:30  INFO    [🇹🇼 台灣] 上將立委陳永康開課！質詢秀專業軍購流程圖表 顧立雄大讚「完整」
17:14:30  INFO    [🇹🇼 台灣] 辭職前4天見中和角頭？他點破：李四川「4天空窗」領公帑跑行程| 政治
17:14:30  INFO    [🇹🇼 台灣] 明起3波冷空氣接力報到！未來一週天氣趨勢一圖看| 生活
17:14:32  INFO    [🇯🇵 日本] 發電廠攻擊事件延後5天；美國總統川普否認「富有成效的對話」；伊朗否認霍爾木茲海峽緊張局勢？
17:14:33  INFO    [🇯🇵 日本] 紀州唐璜的13億日圓遺產將何去何從？他保留全部資產的遺囑和前妻的繼承權會怎麼樣？
17:14:35  INFO    [🇯🇵 日本] 流浪到大阪的鹿「無法捕獲」 沒有安全的地方可以放生，動物園很難接受它
17:14:38  INFO    [🇯🇵 日本] 25日日本西部及東部地區出現大規模降雨；白天氣溫略有下降；預計26日日本東部地區有降雨 (氣象預報員 堂本幸代 2026年3月23日)
17:14:39  INFO    [🇯🇵 日本] 輪船在邊野古海岸傾覆一週後：「他們為什麼要離開船？」在當地，這裡被稱為波浪滾滾的危險區域。
17:14:39  INFO    [🇯🇵 日本] 反對黨批評政府臨時預算起草政策，稱“預測過於寬鬆”
17:14:41  INFO    [🇰🇷 韓國] 川普：“我想我今天會透過電話與伊朗討論……我希望雙方達成協議。”
17:14:42  INFO    [🇰🇷 韓國] 趙賢與伊朗外長通電話...要求擱淺的韓國船隻安全通過
17:14:43  INFO    [🇰🇷 韓國] 盈德風力渦輪機火災造成3人死亡…受損49天後又發生事故
17:14:45  INFO    [🇰🇷 韓國] 非法擴張「親眼所見」…災難背後的政府監管機構
17:14:46  INFO    [🇰🇷 韓國] BTSnomics證明的「K文化的力量」…加速3000萬遊客時代的到來
17:14:47  INFO    [🇰🇷 韓國] 自力更生中的民主黨「金富謙牌」…最大戰場大邱
17:14:48  INFO    [🇺🇸 美國] Live Updates: Trump says ultimatum for Iran to reopen Strait of Hormuz postponed amid negotiations
17:14:48  INFO    [🇺🇸 美國] Supreme Court tackles dispute over mail-in ballots ahead of November elections
17:14:48  INFO    [🇺🇸 美國] ICE officers make their way to airports' TSA checkpoints after Trump order amid partial shutdown
17:14:48  INFO    [🇺🇸 美國] Arson Hits Ambulances of Jewish Volunteer Service in London, Police Say
17:14:48  INFO    [🇺🇸 美國] Mapping ICE's expanding footprint, and the communities fighting back
17:14:48  INFO    [🇺🇸 美國] Energy Attacks in War on Iran Could Turn Economic Shock Into Long-Term Damage
17:15:04  INFO  
🖥️  產生 HTML 報告...
17:15:04  INFO  
✅  HTML：報告_20260323_1715.html
17:15:04  INFO  ✅  CSV：機會分析_20260323_1715.csv
17:15:04  INFO  📝  Log：logs/scan_20260323_171335.log
