23:34:38  INFO  ======================================================================
23:34:38  INFO  🔥  每日機會分析系統 v10
23:34:38  INFO  📅  2026-04-09 23:34
23:34:38  INFO  ======================================================================
23:34:38  INFO  
① 🌕  CRYPTO
23:34:38  ERROR    BTC-USD: float() argument must be a string or a real number, not 'Series'
23:34:39  ERROR    ETH-USD: float() argument must be a string or a real number, not 'Series'
23:34:40  ERROR    SOL-USD: float() argument must be a string or a real number, not 'Series'
23:34:40  ERROR    BNB-USD: float() argument must be a string or a real number, not 'Series'
23:34:41  ERROR    XRP-USD: float() argument must be a string or a real number, not 'Series'
23:34:41  INFO    ✅ Crypto 0 筆
23:34:41  INFO  
② 📈  股票
23:34:42  INFO    [台] 3293.TWO     鈊象電子         $    764.00  -1.04% 三線多頭
23:34:42  INFO             買入點：— 目前無買入信號  進場區：$700.8 ~ $714.9  止損：$685.8
23:34:43  INFO    [台] 00909.TW     國泰智能電動車ETF   $       nan   +nan% 多空分歧
23:34:43  INFO             買入點：— 目前無買入信號  進場區：$35.1 ~ $35.8  止損：$34.2
23:34:44  INFO    [台] 0056.TW      元大高股息        $       nan   +nan% 偏多
23:34:44  INFO             買入點：— 目前無買入信號  進場區：$36.9 ~ $37.6  止損：$35.9
23:34:44  INFO    [台] 6111.TWO     6111擎亞       $     43.65  -0.80% 多空分歧
23:34:44  INFO             買入點：— 目前無買入信號  進場區：$39.7 ~ $40.5  止損：$38.7
23:34:45  INFO    [台] 00878.TW     國泰永續高股息      $       nan   +nan% 偏多
23:34:45  INFO             買入點：— 目前無買入信號  進場區：$21.7 ~ $22.1  止損：$21.1
23:34:46  INFO    [台] 3017.TW      奇鋐           $  2,235.00  +0.22% 三線多頭
23:34:46  INFO             買入點：— 目前無買入信號  進場區：$1,731.3 ~ $1,766.1  止損：$1,687.8
23:34:47  INFO    [台] 00713.TW     元大高息低波       $       nan   +nan% 三線多頭
23:34:47  INFO             買入點：— 目前無買入信號  進場區：$50.4 ~ $51.4  止損：$49.1
23:34:48  INFO    [台] 00919.TW     群益台灣精選高息     $       nan   +nan% 多空分歧
23:34:48  INFO             買入點：— 目前無買入信號  進場區：$21.9 ~ $22.3  止損：$21.3
23:34:49  INFO    [美] NVDA         NVIDIA       $    183.91  +1.01% 多空分歧
23:34:49  INFO             買入點：— 目前無買入信號  進場區：$163.4 ~ $166.7  止損：$159.3
23:34:50  INFO    [美] GEV          GE Vernova   $    968.02  +3.41% 三線多頭
23:34:50  INFO             買入點：— 目前無買入信號  進場區：$788.7 ~ $804.6  止損：$778.2
23:34:51  INFO    [台] 2330.TW      台積電          $  1,955.00  +0.26% 偏多
23:34:51  INFO             買入點：— 目前無買入信號  進場區：$1,740.9 ~ $1,775.9  止損：$1,707.2
23:34:52  INFO    [美] AMD          AMD          $    236.64  +2.08% 多空分歧
23:34:52  INFO             買入點：— 目前無買入信號  進場區：$182.3 ~ $186.0  止損：$186.5
23:34:53  INFO    [美] TSM          台積電ADR       $    365.49  -0.11% 三線多頭
23:34:53  INFO             買入點：— 目前無買入信號  進場區：$312.2 ~ $318.5  止損：$304.4
23:34:53  INFO    [台] 2317.TW      鴻海           $    200.00  -0.74% 多空分歧
23:34:53  INFO             買入點：🎯 一條件滿足 — 待確認  進場區：$183.5 ~ $187.2  止損：$181.9
23:34:54  INFO    [台] 2530.TW      華建           $     23.55  -1.67% 三線空頭
23:34:54  INFO             買入點：🎯 一條件滿足 — 待確認  進場區：$23.1 ~ $23.6  止損：$22.6
23:34:55  INFO    [美] MU           美光           $    421.51  +3.63% 多空分歧
23:34:55  INFO             買入點：— 目前無買入信號  進場區：$309.9 ~ $316.2  止損：$302.1
23:34:56  INFO    [美] LRCX         科林研發         $    258.76  +4.98% 三線多頭
23:34:56  INFO             買入點：— 目前無買入信號  進場區：$195.7 ~ $199.6  止損：$192.6
23:34:57  INFO    [台] 00631L.TW    元大台灣50正2     $       nan   +nan% 多空分歧
23:34:57  INFO             買入點：— 目前無買入信號  進場區：$19.0 ~ $19.4  止損：$18.5
23:34:58  INFO    [台] 00910.TW     第一金太空衛星      $       nan   +nan% 三線多頭
23:34:58  INFO             買入點：— 目前無買入信號  進場區：$54.2 ~ $55.3  止損：$52.9
23:34:59  INFO    [台] 2308.TW      台達電          $  1,645.00  -1.20% 三線多頭
23:34:59  INFO             買入點：— 目前無買入信號  進場區：$1,293.7 ~ $1,319.7  止損：$1,285.2
23:35:02  INFO    ✅ 股票 20 筆
23:35:02  INFO  
③ 🌟  生活熱門趨勢
23:35:02  INFO    📊 Google Trends 台灣（生活/食衣住行）...
23:35:03  INFO    [食品飲料] 熱度:6 動能:-46% 最熱關鍵字：美食 ❄️
23:35:06  INFO    [服飾美妝] 熱度:35 動能:-3% 最熱關鍵字：穿搭 ❄️
23:35:09  INFO    [居家生活] 熱度:25 動能:-18% 最熱關鍵字：家具 ❄️
23:35:11  INFO    [娛樂3C] 熱度:35 動能:-9% 最熱關鍵字：手機 ❄️
23:35:14  INFO    [健康運動] 熱度:34 動能:-7% 最熱關鍵字：健身 ❄️
23:35:16  INFO    [旅遊交通] 熱度:20 動能:-20% 最熱關鍵字：機票 ❄️
23:35:18  INFO    💬 Dcard 熱門...
23:35:18  WARNING      ⚠️  www.dcard.tw → 403 Client Error: Forbidden for url: https://www.dcard.tw/f/trending
23:35:18  INFO    📋 PTT 熱門...
23:35:19  WARNING      ⚠️  www.ptt.cc → ('Connection aborted.', ConnectionResetError(104, 'Connection reset by peer'))
23:35:19  INFO    [PTT/Stock] [51] [新聞] 特朗普要求內塔尼亞胡減少對黎巴嫩的打擊
23:35:19  INFO    [PTT/Stock] [19] [新聞] 近期記憶體價格鬆動？ 群聯潘健成：零售
23:35:19  INFO    [PTT/Stock] [15] Re: [情報] 6919康霈* 3月營收 2千元
23:35:19  INFO    [PTT/Stock] [爆] [新聞] 以色列將與黎巴嫩舉行直接和平談判
23:35:20  INFO    [PTT/beauty] [] [正妹] Cosplay 2679 日本 白兔
23:35:20  INFO    [PTT/beauty] [] [正妹] 粉朵拉
23:35:20  INFO    [PTT/beauty] [94] [公告] 不願上表特 ＆ 優文推薦 ＆ 檢舉建議專區
23:35:20  INFO    [PTT/beauty] [1] [公告] 口罩文會退文
23:35:20  INFO    [PTT/beauty] [] [公告] 表特板板規(2022.10.22)
23:35:21  INFO    [PTT/movie] [4] [新聞]《薩爾達傳說》電影讓林克開口說話！擔心
23:35:21  INFO    [PTT/movie] [3] Re: [討論] 麥可傑克森(Michael)最終預告片
23:35:21  INFO    [PTT/movie] [] [普雷] 抓馬戀人 幾個疑問
23:35:21  INFO    [PTT/movie] [] [公告] 電影板板規 2025/10/26
23:35:22  INFO    [PTT/food] [] [食記] 伊娜飛魚餐廳 花蓮豐濱 飛魚卵香腸燻飛魚
23:35:22  INFO    [PTT/food] [6] [食記] 台北 祥星記一鴨三吃 好吃燒臘便當店
23:35:22  INFO    [PTT/food] [] [食記] 東京 居酒家 さいたどう燒鳥串燒 等很久
23:35:22  INFO    [PTT/food] [] [食記] 台北 士林區｜筠芝和牛本舖
23:35:22  INFO    [PTT/food] [] [食記] 吉隆坡 甲洞興記肉骨茶(分店)
23:35:23  INFO    📺 YouTube 台灣熱門...
23:35:23  INFO    🎵 TikTok...
23:35:23  INFO    [TikTok] #1 #keniaos
23:35:23  INFO    🛍️  Shopee 台灣熱銷...
23:35:27  INFO    💬 Reddit 熱賣（本週）...
23:35:27  INFO    ✅ 生活趨勢完成
23:35:27  INFO  
④ 📰  消息面
23:35:27  INFO    [🇹🇼 台灣] 2海域強風大浪！準颱風「辛樂克」最快明生成最新路徑曝光| 生活
23:35:27  INFO    [🇹🇼 台灣] 還沒坐上談判桌，美伊停火又瀕臨破局！以色列持續猛攻黎巴嫩，伊朗指控「美以單方面毀約」
23:35:27  INFO    [🇹🇼 台灣] 快訊／川普發火再點名　開砲北約「不懂事」
23:35:27  INFO    [🇹🇼 台灣] 鄭麗文遭批遮遮掩掩呼應中共敘事 盧秀燕反應曝
23:35:27  INFO    [🇹🇼 台灣] 漢神洲際明開幕 在地里長曝「以前是墓仔埔」、帶動人潮太好了
23:35:27  INFO    [🇹🇼 台灣] 伊朗控以色列襲黎巴嫩違反停火協議荷莫茲海峽航運驟停| 國際
23:35:30  INFO    [🇯🇵 日本] 川普稱伊朗不應對霍爾木茲海峽徵收通行費
23:35:32  INFO    [🇯🇵 日本] ネタニヤフ氏、レバノン攻撃で選挙アピール 米イラン停戦に波風
23:35:33  INFO    [🇯🇵 日本] 第4號颱風（新羅子）出現在特魯克群島附近，這是大約一個月來的第一個颱風
23:35:35  INFO    [🇯🇵 日本] 川崎起重機事故：挖掘內部混凝土時500噸重物墜落...比去年減少100噸
23:35:36  INFO    [🇯🇵 日本] 前門沒有鎖。死因是失血過多，頸部和其他部位有多處刺傷。作為他殺進行調查。兩母女在一棟公寓大樓內死亡。
23:35:37  INFO    [🇯🇵 日本] 京都小學生失踪17天在家和學校之間的山中尋找鄰居說“這不是孩子們應該去的地方”
23:35:40  INFO    [🇰🇷 韓國] 川普：以色列將避免攻擊黎巴嫩...對與伊朗的結束戰爭談判“非常樂觀”
23:35:40  INFO    [🇰🇷 韓國] 美國：“11日與伊朗面對面談判……萬斯和特朗普的長女婿將挺身而出”
23:35:42  INFO    [🇰🇷 韓國] 【獨家】氣槍“器官損傷”受害者“我受苦的時候，老闆卻笑得很滿意”
23:35:44  INFO    [🇰🇷 韓國] “停火期間，伊朗限制每天通過霍爾木茲的船隻不超過 15 艘”
23:35:46  INFO    [🇰🇷 韓國] 北約秘書長稱川普為“爸爸”…“我的餘生都要帶著這樣的表達”，引發陣陣笑聲
23:35:47  INFO    [🇰🇷 韓國] 全國範圍內一直降雨到早上...週六“晴”
23:35:48  INFO    [🇺🇸 美國] Melania Trump denies close ties to Jeffrey Epstein in rare public statement
23:35:48  INFO    [🇺🇸 美國] Netanyahu authorizes direct talks with Lebanon in potential boost to ceasefire efforts
23:35:48  INFO    [🇺🇸 美國] Strait of Hormuz remains all but closed, Trump demands Iran stop tolls
23:35:48  INFO    [🇺🇸 美國] New Deadline Looms for U.S. and Iran as Truce Wavers
23:35:48  INFO    [🇺🇸 美國] The deadliest 10 minutes in decades: Lebanese reel from Israeli strikes that killed hundreds
23:35:48  INFO    [🇺🇸 美國] NATO chief insists Europe is ‘scrambling’ to help with Iran war after latest Trump attacks
23:36:02  INFO  
🖥️  產生 HTML 報告...
23:36:02  INFO  
✅  HTML：報告_20260409_2336.html
23:36:02  INFO  ✅  CSV：機會分析_20260409_2336.csv
23:36:02  INFO  📝  Log：logs/scan_20260409_233438.log
