17:12:24  INFO  ======================================================================
17:12:24  INFO  🔥  每日機會分析系統 v10
17:12:24  INFO  📅  2026-04-17 17:12
17:12:24  INFO  ======================================================================
17:12:24  INFO  
① 🌕  CRYPTO
17:12:25  ERROR    BTC-USD: float() argument must be a string or a real number, not 'Series'
17:12:26  ERROR    ETH-USD: float() argument must be a string or a real number, not 'Series'
17:12:26  ERROR    SOL-USD: float() argument must be a string or a real number, not 'Series'
17:12:27  ERROR    BNB-USD: float() argument must be a string or a real number, not 'Series'
17:12:27  ERROR    XRP-USD: float() argument must be a string or a real number, not 'Series'
17:12:28  INFO    ✅ Crypto 0 筆
17:12:28  INFO  
② 📈  股票
17:12:28  INFO    [台] 3293.TWO     鈊象電子         $       nan   +nan% 多空分歧
17:12:28  INFO             買入點：— 目前無買入信號  進場區：$719.4 ~ $733.8  止損：$701.3
17:12:29  INFO    [台] 00909.TW     國泰智能電動車ETF   $       nan   +nan% 多空分歧
17:12:29  INFO             買入點：— 目前無買入信號  進場區：$35.1 ~ $35.8  止損：$34.2
17:12:30  INFO    [台] 0056.TW      元大高股息        $       nan   +nan% 三線多頭
17:12:30  INFO             買入點：— 目前無買入信號  進場區：$36.9 ~ $37.6  止損：$35.9
17:12:32  INFO    [台] 6111.TWO     6111擎亞       $       nan   +nan% 多空分歧
17:12:32  INFO             買入點：— 目前無買入信號  進場區：$39.7 ~ $40.5  止損：$38.7
17:12:32  INFO    [台] 00878.TW     國泰永續高股息      $       nan   +nan% 三線多頭
17:12:32  INFO             買入點：— 目前無買入信號  進場區：$21.7 ~ $22.1  止損：$21.1
17:12:33  INFO    [台] 3017.TW      奇鋐           $       nan   +nan% 三線多頭
17:12:33  INFO             買入點：— 目前無買入信號  進場區：$1,825.8 ~ $1,862.5  止損：$1,780.0
17:12:35  INFO    [台] 00713.TW     元大高息低波       $       nan   +nan% 三線多頭
17:12:35  INFO             買入點：— 目前無買入信號  進場區：$50.4 ~ $51.4  止損：$49.1
17:12:36  INFO    [台] 00919.TW     群益台灣精選高息     $       nan   +nan% 三線多頭
17:12:36  INFO             買入點：— 目前無買入信號  進場區：$21.9 ~ $22.3  止損：$21.3
17:12:37  INFO    [美] NVDA         NVIDIA       $    200.21  +0.94% 多空分歧
17:12:37  INFO             買入點：— 目前無買入信號  進場區：$159.4 ~ $162.6  止損：$159.3
17:12:37  INFO    [美] GEV          GE Vernova   $  1,004.98  +2.73% 偏多
17:12:37  INFO             買入點：— 目前無買入信號  進場區：$803.0 ~ $819.1  止損：$782.8
17:12:38  INFO    [台] 2330.TW      台積電          $       nan   +nan% 三線多頭
17:12:38  INFO             買入點：— 目前無買入信號  進場區：$1,751.2 ~ $1,786.4  止損：$1,707.2
17:12:39  INFO    [美] AMD          AMD          $    279.20  +0.34% 三線多頭
17:12:39  INFO             買入點：— 目前無買入信號  進場區：$173.9 ~ $177.4  止損：$187.1
17:12:40  INFO    [美] TSM          台積電ADR       $    366.95  +0.99% 多空分歧
17:12:40  INFO             買入點：— 目前無買入信號  進場區：$310.8 ~ $317.0  止損：$304.4
17:12:41  INFO    [台] 2317.TW      鴻海           $       nan   +nan% 多空分歧
17:12:41  INFO             買入點：— 目前無買入信號  進場區：$186.6 ~ $190.3  止損：$181.9
17:12:42  INFO    [台] 2530.TW      華建           $       nan   +nan% 三線空頭
17:12:42  INFO             買入點：— 目前無買入信號  進場區：$22.4 ~ $22.8  止損：$21.8
17:12:43  INFO    [美] MU           美光           $    458.28  +0.23% 三線多頭
17:12:43  INFO             買入點：— 目前無買入信號  進場區：$309.9 ~ $316.2  止損：$302.1
17:12:44  INFO    [美] LRCX         科林研發         $    267.24  +2.41% 多空分歧
17:12:44  INFO             買入點：— 目前無買入信號  進場區：$191.0 ~ $194.8  止損：$192.6
17:12:45  INFO    [台] 00631L.TW    元大台灣50正2     $       nan   +nan% 多空分歧
17:12:45  INFO             買入點：— 目前無買入信號  進場區：$19.0 ~ $19.4  止損：$18.5
17:12:46  INFO    [台] 00910.TW     第一金太空衛星      $       nan   +nan% 三線多頭
17:12:46  INFO             買入點：— 目前無買入信號  進場區：$54.2 ~ $55.3  止損：$52.9
17:12:48  INFO    [台] 2308.TW      台達電          $       nan   +nan% 三線多頭
17:12:48  INFO             買入點：— 目前無買入信號  進場區：$1,358.2 ~ $1,385.5  止損：$1,324.0
17:12:51  INFO    ✅ 股票 20 筆
17:12:51  INFO  
③ 🌟  生活熱門趨勢
17:12:51  INFO    📊 Google Trends 台灣（生活/食衣住行）...
17:12:52  INFO    [食品飲料] 熱度:9 動能:-13% 最熱關鍵字：美食 ❄️
17:12:54  INFO    [服飾美妝] 熱度:34 動能:+2% 最熱關鍵字：防曬 🔥
17:12:57  INFO    [居家生活] 熱度:32 動能:-8% 最熱關鍵字：家具 ❄️
17:13:00  INFO    [娛樂3C] 熱度:44 動能:+12% 最熱關鍵字：手機 🔥🔥
17:13:03  INFO    [健康運動] 熱度:43 動能:-7% 最熱關鍵字：健身 ❄️
17:13:06  INFO    [旅遊交通] 熱度:30 動能:-3% 最熱關鍵字：機票 ❄️
17:13:08  INFO    💬 Dcard 熱門...
17:13:08  WARNING      ⚠️  www.dcard.tw → 403 Client Error: Forbidden for url: https://www.dcard.tw/f/trending
17:13:08  INFO    📋 PTT 熱門...
17:13:08  WARNING      ⚠️  www.ptt.cc → ('Connection aborted.', ConnectionResetError(104, 'Connection reset by peer'))
17:13:09  INFO    [PTT/Stock] [22] [情報] 2376 技嘉 114年股利
17:13:09  INFO    [PTT/Stock] [5] [情報] 3581 博磊 3月自結 0.06 目前連5漲停中
17:13:09  INFO    [PTT/Stock] [21] [新聞] 荷姆茲開放了！美股嗨翻 道瓊盤中狂飆逾1
17:13:09  INFO    [PTT/Stock] [42] [請益] 這波是反彈是回歸基本面嗎
17:13:10  INFO    [PTT/beauty] [] [正妹] 藍心
17:13:10  INFO    [PTT/beauty] [4] [正妹] 陳亮彤
17:13:10  INFO    [PTT/beauty] [7] [正妹] 林穎樂
17:13:10  INFO    [PTT/beauty] [12] [正妹] Asa
17:13:11  INFO    [PTT/movie] [] [新聞]諾蘭公開《奧德賽》最新片揭劇情細節！
17:13:11  INFO    [PTT/movie] [2] [新聞]《復仇者5》新預告：雷神大戰末日博士！
17:13:11  INFO    [PTT/movie] [1] [粉絲雷] 魅影巨星
17:13:11  INFO    [PTT/movie] [] [討論] 東方不敗之風雲再起-左膠多元覺醒武俠片
17:13:11  INFO    [PTT/movie] [] [公告] 電影板板規 2025/10/26
17:13:12  INFO    [PTT/food] [] [食記] 桃園市龍潭區。佟記蔥油餅
17:13:12  INFO    [PTT/food] [] [食記] 台北大安 水粵香10人桌招牌菜色開箱
17:13:12  INFO    [PTT/food] [1] [食記] 苗栗縣頭屋鄉-禪廚蔬食餐廳
17:13:12  INFO    [PTT/food] [] [食記] 新北市林口區。eat enjoy 意享美式廚房
17:13:12  INFO    📺 YouTube 台灣熱門...
17:13:13  INFO    🎵 TikTok...
17:13:13  INFO    [TikTok] #1 #realmadrid
17:13:13  INFO    🛍️  Shopee 台灣熱銷...
17:13:21  INFO    💬 Reddit 熱賣（本週）...
17:13:21  INFO    ✅ 生活趨勢完成
17:13:21  INFO  
④ 📰  消息面
17:13:22  INFO    [🇹🇼 台灣] 大甲媽起駕前出小意外！「千里眼神像墜地」 多位藍綠政要驚睹瞪大眼
17:13:22  INFO    [🇹🇼 台灣] 「粉紅超跑」沿台19線狂飆經自強大橋入彰化 信徒：根本急行軍
17:13:22  INFO    [🇹🇼 台灣] 川普：伊朗宣布荷姆茲海峽「全面開放」
17:13:22  INFO    [🇹🇼 台灣] 本周最強內幕》習近平大脫稿，統一不急？鄭習會推手揭閉門內幕！台北市長沒人選？賴清德親喬，鄭麗君不滿「被逼」
17:13:22  INFO    [🇹🇼 台灣] 影／夜市掃街驚魂！柯文哲遭不明人士噴辣椒水 志工狂咳、無辜民眾也中招
17:13:22  INFO    [🇹🇼 台灣] 川普稱伊同意「幾乎所有要求」! 還說伊要棄核武伊嗆: 對美完全失去信任| 國際
17:13:25  INFO    [🇯🇵 日本] 由於大鳥夜盤、霍爾木茲海峽“開放”，日經平均期貨突破 60,000 日元
17:13:27  INFO    [🇯🇵 日本] 京都男孩屍體被遺棄，“被捕的養父是中國人”是騙局……台灣電視台報道稱，“日本SNS上流傳的信息是虛假信息。”
17:13:28  INFO    [🇯🇵 日本] 伊朗“挺身而出”，以色列就黎巴嫩停火做出艱難決定
17:13:29  INFO    [🇯🇵 日本] 伊朗同意無限期暫停核子計畫 - 川普 = 報告
17:13:31  INFO    [🇯🇵 日本] 中国軍も海自護衛艦の台湾海峡通過を発表 「台湾独立勢力に誤ったシグナル発した」と反発
17:13:34  INFO    [🇯🇵 日本] 木原內閣官房長官表示，在收到自民黨的提案後，邊野古號翻船事故後，他正在“調查教育內容是否合適”
17:13:37  INFO    [🇰🇷 韓國] 川普表示“感謝伊朗開放霍爾木茲海峽…維持反向封鎖”
17:13:38  INFO    [🇰🇷 韓國] [突發新聞]李總統出席霍爾木茲海峽峰會…“這將大大有助於確保海峽的航行自由。”
17:13:38  INFO    [🇰🇷 韓國] 나경원마저 “예쁜 그림 아냐”…장동혁 ‘고무줄’ 방미 일정 비판
17:13:41  INFO    [🇰🇷 韓國] 【突發新聞】全體會議透過《區黨​​事實上的復興和區域比例增加》
17:13:42  INFO    [🇰🇷 韓國] 李洪俊杓總統90分鐘的馬格利午餐…洪“沒有談論選舉”
17:13:44  INFO    [🇰🇷 韓國] 代理總檢察長：“起訴國家證人的消息是毀滅性的……請撤回收養。”
17:13:44  INFO    [🇺🇸 美國] Dow rallies 1,000 points, S&P 500 tops 7,100 for the first time after Iran declares Strait of Hormuz open: Live updates
17:13:44  INFO    [🇺🇸 美國] House Republicans blame White House for Hill FISA mess
17:13:44  INFO    [🇺🇸 美國] Democrat Analilia Mejia wins special House election
17:13:44  INFO    [🇺🇸 美國] Stephen Colbert Delights in Trump’s ‘Ongoing Papal Feud’
17:13:44  INFO    [🇺🇸 美國] Acting ICE director says he's resigning amid record-breaking shutdown
17:13:44  INFO    [🇺🇸 美國] 'NYC is cooked': Business leaders and Wall Streeters erupt over proposed luxury second-home tax
17:13:58  INFO  
🖥️  產生 HTML 報告...
17:13:58  INFO  
✅  HTML：報告_20260417_1713.html
17:13:58  INFO  ✅  CSV：機會分析_20260417_1713.csv
17:13:58  INFO  📝  Log：logs/scan_20260417_171224.log
