10:19:42  INFO  ======================================================================
10:19:42  INFO  🔥  每日機會分析系統 v10
10:19:42  INFO  📅  2026-04-21 10:19
10:19:42  INFO  ======================================================================
10:19:42  INFO  
① 🌕  CRYPTO
10:19:43  ERROR    BTC-USD: float() argument must be a string or a real number, not 'Series'
10:19:43  ERROR    ETH-USD: float() argument must be a string or a real number, not 'Series'
10:19:44  ERROR    SOL-USD: float() argument must be a string or a real number, not 'Series'
10:19:45  ERROR    BNB-USD: float() argument must be a string or a real number, not 'Series'
10:19:45  ERROR    XRP-USD: float() argument must be a string or a real number, not 'Series'
10:19:46  INFO    ✅ Crypto 0 筆
10:19:46  INFO  
② 📈  股票
10:19:47  INFO    [台] 3293.TWO     鈊象電子         $    779.00  -0.76% 三線多頭
10:19:47  INFO             買入點：🎯 一條件滿足 — 待確認  進場區：$719.4 ~ $733.8  止損：$701.3
10:19:47  INFO    [台] 00909.TW     國泰智能電動車ETF   $     42.89  +2.09% 多空分歧
10:19:47  INFO             買入點：— 目前無買入信號  進場區：$31.7 ~ $32.3  止損：$32.1
10:19:48  INFO    [台] 0056.TW      元大高股息        $     41.97  +1.21% 三線多頭
10:19:48  INFO             買入點：— 目前無買入信號  進場區：$36.3 ~ $37.0  止損：$35.9
10:19:49  INFO    [台] 6111.TWO     6111擎亞       $     48.90  +2.30% 多空分歧
10:19:49  INFO             買入點：— 目前無買入信號  進場區：$39.4 ~ $40.2  止損：$38.7
10:19:50  INFO    [台] 00878.TW     國泰永續高股息      $     24.72  +0.86% 三線多頭
10:19:50  INFO             買入點：— 目前無買入信號  進場區：$21.1 ~ $21.5  止損：$21.1
10:19:51  INFO    [台] 3017.TW      奇鋐           $  2,565.00  +3.01% 三線多頭
10:19:51  INFO             買入點：— 目前無買入信號  進場區：$1,859.7 ~ $1,897.1  止損：$1,857.5
10:19:52  INFO    [台] 00713.TW     元大高息低波       $     54.00  -0.37% 三線多頭
10:19:52  INFO             買入點：— 目前無買入信號  進場區：$49.9 ~ $50.9  止損：$49.1
10:19:53  INFO    [台] 00919.TW     群益台灣精選高息     $     23.64  -0.13% 三線多頭
10:19:53  INFO             買入點：— 目前無買入信號  進場區：$21.8 ~ $22.2  止損：$21.3
10:19:54  INFO    [美] NVDA         NVIDIA       $    202.06  +0.19% 偏多
10:19:54  INFO             買入點：— 目前無買入信號  進場區：$159.2 ~ $162.4  止損：$159.3
10:19:55  INFO    [美] GEV          GE Vernova   $    990.18  -1.25% 偏多
10:19:55  INFO             買入點：— 目前無買入信號  進場區：$803.0 ~ $819.1  止損：$782.8
10:19:56  INFO    [台] 2330.TW      台積電          $  2,050.00  +1.23% 多空分歧
10:19:56  INFO             買入點：— 目前無買入信號  進場區：$1,689.2 ~ $1,723.1  止損：$1,707.2
10:19:57  INFO    [美] AMD          AMD          $    274.95  -1.24% 三線多頭
10:19:57  INFO             買入點：— 目前無買入信號  進場區：$174.9 ~ $178.4  止損：$187.1
10:19:58  INFO    [美] TSM          台積電ADR       $    366.24  -1.15% 多空分歧
10:19:58  INFO             買入點：— 目前無買入信號  進場區：$312.2 ~ $318.5  止損：$304.4
10:19:59  INFO    [台] 2317.TW      鴻海           $    211.00  +1.69% 多空分歧
10:19:59  INFO             買入點：— 目前無買入信號  進場區：$186.6 ~ $190.3  止損：$181.9
10:20:00  INFO    [台] 2530.TW      華建           $     22.30  +0.00% 三線空頭
10:20:00  INFO             買入點：🎯 一條件滿足 — 待確認  進場區：$21.6 ~ $22.0  止損：$21.5
10:20:01  INFO    [美] MU           美光           $    448.42  -1.46% 三線多頭
10:20:01  INFO             買入點：— 目前無買入信號  進場區：$309.9 ~ $316.2  止損：$302.1
10:20:02  INFO    [美] LRCX         科林研發         $    263.16  -1.66% 多空分歧
10:20:02  INFO             買入點：— 目前無買入信號  進場區：$191.6 ~ $195.4  止損：$192.6
10:20:03  INFO    [台] 00631L.TW    元大台灣50正2     $     26.88  +3.42% 多空分歧
10:20:03  INFO             買入點：— 目前無買入信號  進場區：$17.2 ~ $17.6  止損：$18.5
10:20:04  INFO    [台] 00910.TW     第一金太空衛星      $     71.00  -0.35% 三線多頭
10:20:04  INFO             買入點：— 目前無買入信號  進場區：$51.9 ~ $53.0  止損：$52.9
10:20:05  INFO    [台] 2308.TW      台達電          $  2,015.00  +6.05% 三線多頭
10:20:05  INFO             買入點：— 目前無買入信號  進場區：$1,250.1 ~ $1,275.2  止損：$1,324.0
10:20:06  INFO    ⏰ 10:xx 外資 16:30 後更新
10:20:06  INFO    ✅ 股票 20 筆
10:20:06  INFO  
③ 🌟  生活熱門趨勢
10:20:06  INFO    📊 Google Trends 台灣（生活/食衣住行）...
10:20:06  WARNING    [食品飲料] The request failed: Google returned a response with code 429
10:20:10  WARNING    [服飾美妝] The request failed: Google returned a response with code 429
10:20:13  WARNING    [居家生活] The request failed: Google returned a response with code 429
10:20:16  INFO    [娛樂3C] 熱度:33 動能:-15% 最熱關鍵字：手機 ❄️
10:20:19  INFO    [健康運動] 熱度:36 動能:-0% 最熱關鍵字：健身 ❄️
10:20:22  INFO    [旅遊交通] 熱度:28 動能:-1% 最熱關鍵字：機票 ❄️
10:20:24  INFO    💬 Dcard 熱門...
10:20:24  WARNING      ⚠️  www.dcard.tw → 403 Client Error: Forbidden for url: https://www.dcard.tw/f/trending
10:20:24  INFO    📋 PTT 熱門...
10:20:24  WARNING      ⚠️  www.ptt.cc → ('Connection aborted.', ConnectionResetError(104, 'Connection reset by peer'))
10:20:25  INFO    [PTT/Stock] [24] [新聞] AI狂熱！3月外銷訂單飆上911億美元史上新
10:20:25  INFO    [PTT/Stock] [25] Re: [新聞] 券商反對…台股改每股交易 提案觸礁
10:20:25  INFO    [PTT/Stock] [6] [新聞] 外資大戶收「美元股利」最快明年上路！金
10:20:25  INFO    [PTT/Stock] [48] [新聞]退休100萬美元不夠？數據揭真相：僅4.6％
10:20:26  INFO    [PTT/beauty] [12] [正妹] 李瑞
10:20:26  INFO    [PTT/beauty] [2] [神人] 藥品廣告女主角
10:20:26  INFO    [PTT/beauty] [20] [正妹] SBL中場表演
10:20:26  INFO    [PTT/beauty] [] [正妹] Sarawakian
10:20:26  INFO    [PTT/beauty] [] [正妹] Cosplay 2699 中國 小春
10:20:27  INFO    [PTT/movie] [17] [新聞] 葛倫鮑威爾有望主演《巨蟻入侵》翻拍版
10:20:27  INFO    [PTT/movie] [] [新聞]《復仇者4》9月重映版 含《復仇者5》新場景
10:20:27  INFO    [PTT/movie] [8] [新聞]小勞勃道尼變身「末日博士」真正原因！凱
10:20:27  INFO    [PTT/movie] [2] [新聞]《穿著Prada的惡魔2》挨批辱華！陸網揚言
10:20:28  INFO    [PTT/food] [] [食記] 韓國首爾弘大花蟹世界
10:20:28  INFO    [PTT/food] [] [食記] 手打神代蕎麥 日本島根 三彩十割蕎麥麵
10:20:28  INFO    [PTT/food] [] [食記] 美國-華盛頓特區| Ben's Chili Bowl
10:20:28  INFO    [PTT/food] [] [食記] 茨城 四〇屋 水戶車站旁的必嘗痛風鍋
10:20:28  INFO    [PTT/food] [1] [食記]首爾明洞 庭院嫩豆腐鍋
10:20:28  INFO    📺 YouTube 台灣熱門...
10:20:29  INFO    🎵 TikTok...
10:20:30  INFO    [TikTok] #1 #justinbieber
10:20:30  INFO    🛍️  Shopee 台灣熱銷...
10:20:33  INFO    💬 Reddit 熱賣（本週）...
10:20:33  INFO    ✅ 生活趨勢完成
10:20:33  INFO  
④ 📰  消息面
10:20:34  INFO    [🇹🇼 台灣] 快訊／柯建銘慘了 將被拘提
10:20:34  INFO    [🇹🇼 台灣] 柯文哲遭辣椒水波及！分局長拔官法辦爆派系撐腰劉世芳：不回應參選人說法| 政治
10:20:34  INFO    [🇹🇼 台灣] 共諜主播危國安1／統戰部下題綱隔海操控節目 馬德帶風向價碼曝光
10:20:34  INFO    [🇹🇼 台灣] 總預算終於要付委！在野竟揚言砍光「這機關」預算 卓榮泰說話了
10:20:34  INFO    [🇹🇼 台灣] 日本青森地震規模上修至7.7、震度5強 當局發布餘震注意情報
10:20:34  INFO    [🇹🇼 台灣] 連長罵台日混血軍訓役男「死日本鬼子」、「畜生」 遭調職移送法辦
10:20:35  INFO    [🇯🇵 日本] 韓國政府“恪守和平憲法”回應日本廢除“五類”
10:20:36  INFO    [🇯🇵 日本] 射擊訓練期間，坦克上的砲彈破裂，造成四名陸上自衛隊傷亡 - 大分縣
10:20:38  INFO    [🇯🇵 日本] 川普表示新的伊朗核協議比2015年好，沒有簽署壓力
10:20:39  INFO    [🇯🇵 日本] 「一群想和貓咪一起安靜地睡個午覺的團體」參加國會前的示威活動？虛假團體正在被舉報
10:20:41  INFO    [🇯🇵 日本] 墨西哥金字塔槍擊事件造成加拿大婦女死亡、六人受傷
10:20:46  INFO    [🇯🇵 日本] 河野洋平主席的商業組織正在安排6月訪華…中方也有意接受（讀賣新聞在線）
10:20:50  INFO    [🇰🇷 韓國] “即使看到前面有人，卡車仍然繼續行駛。”
10:20:51  INFO    [🇰🇷 韓國] 青瓦台繼續對美國暫停與北韓資訊共享的爭議“我們正在調查情況”
10:20:53  INFO    [🇰🇷 韓國] 張東赫說：「我們再在美國待一天吧」…國家權力訪問團試圖阻止後離開。
10:20:55  INFO    [🇰🇷 韓國] “一年內有 8 人死亡……我頒發這張證書是因為它被選為‘最糟糕的謀殺公司’”
10:20:57  INFO    [🇰🇷 韓國] 吳世勳“張特種部隊，公民的財產飛走了......鄭元吳保持沉默”
10:21:00  INFO    [🇰🇷 韓國] 民主黨再次涉嫌“金錢信封”…“任實郡市長決選期間將徹查疑點”
10:21:00  INFO    [🇺🇸 美國] US positive on Iran deal but talks still uncertain as ceasefire end nears
10:21:00  INFO    [🇺🇸 美國] Relatives of mass shooting victims in Louisiana pray for end to domestic violence
10:21:00  INFO    [🇺🇸 美國] Lori Chavez-DeRemer, Trump’s Labor Secretary, Steps Down Amid Internal Investigation
10:21:00  INFO    [🇺🇸 美國] FBI Director Kash Patel sues The Atlantic for article that alleged excessive drinking
10:21:00  INFO    [🇺🇸 美國] Democrats Once Loathed Gerrymandering. Now They’re Pushing for It.
10:21:00  INFO    [🇺🇸 美國] Gunman shoots several tourists at historic pyramids in Mexico
10:21:15  INFO  
🖥️  產生 HTML 報告...
10:21:15  INFO  
✅  HTML：報告_20260421_1021.html
10:21:15  INFO  ✅  CSV：機會分析_20260421_1021.csv
10:21:15  INFO  📝  Log：logs/scan_20260421_101942.log
