23:49:06  INFO  ======================================================================
23:49:06  INFO  🔥  每日機會分析系統 v10
23:49:06  INFO  📅  2026-04-30 23:49
23:49:06  INFO  ======================================================================
23:49:06  INFO  
① 🌕  CRYPTO
23:49:06  ERROR    BTC-USD: float() argument must be a string or a real number, not 'Series'
23:49:07  ERROR    ETH-USD: float() argument must be a string or a real number, not 'Series'
23:49:07  ERROR    SOL-USD: float() argument must be a string or a real number, not 'Series'
23:49:08  ERROR    BNB-USD: float() argument must be a string or a real number, not 'Series'
23:49:09  ERROR    XRP-USD: float() argument must be a string or a real number, not 'Series'
23:49:09  INFO    ✅ Crypto 0 筆
23:49:09  INFO  
② 📈  股票
23:49:10  INFO    [台] 3293.TWO     鈊象電子         $    748.00  -1.06% 多空分歧
23:49:10  INFO             買入點：🎯 一條件滿足 — 待確認  進場區：$734.3 ~ $749.1  止損：$715.9
23:49:10  INFO    [台] 00909.TW     國泰智能電動車ETF   $       nan   +nan% 多空分歧
23:49:10  INFO             買入點：— 目前無買入信號  進場區：$33.5 ~ $34.1  止損：$32.6
23:49:11  INFO    [台] 0056.TW      元大高股息        $       nan   +nan% 偏多
23:49:11  INFO             買入點：— 目前無買入信號  進場區：$36.6 ~ $37.4  止損：$35.7
23:49:12  INFO    [台] 6111.TWO     6111擎亞       $     45.05  +0.45% 多空分歧
23:49:12  INFO             買入點：🎯 一條件滿足 — 待確認  進場區：$40.7 ~ $41.6  止損：$39.7
23:49:13  INFO    [台] 00878.TW     國泰永續高股息      $       nan   +nan% 三線多頭
23:49:13  INFO             買入點：— 目前無買入信號  進場區：$21.9 ~ $22.3  止損：$21.3
23:49:14  INFO    [台] 3017.TW      奇鋐           $  2,835.00  +0.00% 偏多
23:49:14  INFO             買入點：— 目前無買入信號  進場區：$1,876.1 ~ $1,913.8  止損：$1,954.5
23:49:14  INFO    [台] 00713.TW     元大高息低波       $       nan   +nan% 多空分歧
23:49:14  INFO             買入點：— 目前無買入信號  進場區：$50.8 ~ $51.9  止損：$49.6
23:49:15  INFO    [台] 00919.TW     群益台灣精選高息     $       nan   +nan% 三線多頭
23:49:15  INFO             買入點：— 目前無買入信號  進場區：$22.1 ~ $22.6  止損：$21.6
23:49:16  INFO    [美] NVDA         NVIDIA       $    199.57  -4.63% 多空分歧
23:49:16  INFO             買入點：— 目前無買入信號  進場區：$170.5 ~ $173.9  止損：$166.2
23:49:17  INFO    [美] GEV          GE Vernova   $  1,083.46  +1.91% 多空分歧
23:49:17  INFO             買入點：— 目前無買入信號  進場區：$849.4 ~ $866.5  止損：$840.0
23:49:18  INFO    [台] 2330.TW      台積電          $  2,135.00  -2.06% 偏多
23:49:18  INFO             買入點：— 目前無買入信號  進場區：$1,792.8 ~ $1,828.9  止損：$1,750.8
23:49:19  INFO    [美] AMD          AMD          $    354.49  +5.16% 三線多頭
23:49:19  INFO             買入點：— 目前無買入信號  進場區：$187.4 ~ $191.2  止損：$194.6
23:49:20  INFO    [美] TSM          台積電ADR       $    396.06  +0.57% 多空分歧
23:49:20  INFO             買入點：— 目前無買入信號  進場區：$325.2 ~ $331.7  止損：$317.0
23:49:21  INFO    [台] 2317.TW      鴻海           $    219.50  -2.44% 多空分歧
23:49:21  INFO             買入點：— 目前無買入信號  進場區：$185.7 ~ $189.4  止損：$183.8
23:49:22  INFO    [台] 2530.TW      華建           $     20.85  -1.65% 三線空頭
23:49:22  INFO             買入點：🎯 一條件滿足 — 待確認  進場區：$20.3 ~ $20.7  止損：$19.9
23:49:23  INFO    [美] MU           美光           $    517.16  -0.25% 三線多頭
23:49:23  INFO             買入點：— 目前無買入信號  進場區：$338.5 ~ $345.3  止損：$330.0
23:49:23  INFO    [美] LRCX         科林研發         $    257.86  +3.66% 多空分歧
23:49:23  INFO             買入點：— 目前無買入信號  進場區：$207.8 ~ $211.9  止損：$202.5
23:49:24  INFO    [台] 00631L.TW    元大台灣50正2     $       nan   +nan% 三線多頭
23:49:24  INFO             買入點：— 目前無買入信號  進場區：$19.8 ~ $20.2  止損：$19.3
23:49:25  INFO    [台] 00910.TW     第一金太空衛星      $       nan   +nan% 多空分歧
23:49:25  INFO             買入點：— 目前無買入信號  進場區：$56.6 ~ $57.7  止損：$55.1
23:49:26  INFO    [台] 2308.TW      台達電          $  2,165.00  +0.00% 三線多頭
23:49:26  INFO             買入點：— 目前無買入信號  進場區：$1,384.9 ~ $1,412.8  止損：$1,377.4
23:49:29  INFO    ✅ 股票 20 筆
23:49:29  INFO  
③ 🌟  生活熱門趨勢
23:49:29  INFO    📊 Google Trends 台灣（生活/食衣住行）...
23:49:30  INFO    [食品飲料] 熱度:8 動能:-26% 最熱關鍵字：美食 ❄️
23:49:32  INFO    [服飾美妝] 熱度:31 動能:-15% 最熱關鍵字：防曬 ❄️
23:49:35  INFO    [居家生活] 熱度:19 動能:-39% 最熱關鍵字：家具 ❄️
23:49:37  INFO    [娛樂3C] 熱度:37 動能:+16% 最熱關鍵字：手機 🔥🔥
23:49:40  INFO    [健康運動] 熱度:28 動能:-25% 最熱關鍵字：健身 ❄️
23:49:42  INFO    [旅遊交通] 熱度:23 動能:-21% 最熱關鍵字：機票 ❄️
23:49:44  INFO    💬 Dcard 熱門...
23:49:44  WARNING      ⚠️  www.dcard.tw → 403 Client Error: Forbidden for url: https://www.dcard.tw/f/trending
23:49:44  INFO    📋 PTT 熱門...
23:49:45  WARNING      ⚠️  www.ptt.cc → ('Connection aborted.', ConnectionResetError(104, 'Connection reset by peer'))
23:49:45  INFO    [PTT/Stock] [19] [新聞] 萬科一季度虧損近60億 兩年累計虧逾1380
23:49:45  INFO    [PTT/Stock] [28] Re: [請益] GOOGL和AMZN獲利大增原因
23:49:45  INFO    [PTT/Stock] [5] [新聞] 台股4月寫8紀錄 5月先震後跳
23:49:45  INFO    [PTT/Stock] [4] [新聞] 市場棄TACO改吃Nacho？克魯曼：伊朗戰爭
23:49:45  INFO    [PTT/Stock] [3] [情報] 6116 彩晶 115年Q1:-0.06 與 賣廠房資訊
23:49:47  INFO    [PTT/beauty] [14] [正妹] 比較大的阿部
23:49:47  INFO    [PTT/beauty] [1] [正妹] 阿思穿 CK
23:49:47  INFO    [PTT/beauty] [12] [正妹] 俄羅斯, 金髮,白垂
23:49:47  INFO    [PTT/beauty] [3] [正妹] Ann_台大法律美女
23:49:48  INFO    [PTT/movie] [1] [好雷] 0時盜數 穩定輸出的警匪片
23:49:48  INFO    [PTT/movie] [9] [新聞] 「美國隊長」新片《沙漠戰士》耗資 1.5
23:49:48  INFO    [PTT/movie] [2] [  雷] 動物農莊
23:49:48  INFO    [PTT/movie] [] [新聞] 紀錄片《偷襲美國》首播 揭中共超限戰內幕
23:49:49  INFO    [PTT/food] [] [食記] 台北南港 島語自助餐吃到飽 假日下午茶
23:49:49  INFO    [PTT/food] [] [食記] 新北蘆洲 火岩堂職人三火封香雞排
23:49:49  INFO    [PTT/food] [] [公告] Food板 板規 V3.91
23:49:49  INFO    [PTT/food] [18] [公告] 發文請在標題加上地區及提供地址電話。^^
23:49:49  INFO    📺 YouTube 台灣熱門...
23:49:50  INFO    🎵 TikTok...
23:49:50  INFO    [TikTok] #1 #prom
23:49:50  INFO    🛍️  Shopee 台灣熱銷...
23:49:54  INFO    💬 Reddit 熱賣（本週）...
23:49:55  INFO    ✅ 生活趨勢完成
23:49:55  INFO  
④ 📰  消息面
23:49:55  INFO    [🇹🇼 台灣] 黃建豪觀點》鄭麗文路線失控揮刀韓國瑜公然向黨內宣戰| 政治
23:49:55  INFO    [🇹🇼 台灣] 明起連3天回溫轉乾　下周變天全台降雨機率增
23:49:55  INFO    [🇹🇼 台灣] 邱毅譏趙少康「過氣金童」：鄭麗文根本不放眼裡 料跟「他」同下場
23:49:55  INFO    [🇹🇼 台灣] 快訊／最後一擊？川普今將聽取「打擊伊朗」簡報
23:49:55  INFO    [🇹🇼 台灣] 影／女警5歲外甥女問「為什麼出個車禍…阿姨就不見了？」家屬將辦冥婚
23:49:55  INFO    [🇹🇼 台灣] 北約安全將重創? 川普再拋震撼彈40處基地、10萬駐德美軍與家眷恐撤離| 國際
23:49:56  INFO    [🇯🇵 日本] 日本首相高市與伊朗總統出光油輪通過海峽“保護日本國民的積極舉措”
23:49:57  INFO    [🇯🇵 日本] 水俁病受害者團體因與環境部長會面而受到批評 認證制度、健康調查、討論並行
23:49:58  INFO    [🇯🇵 日本] 每週天氣預報/GW天氣 3日、4日又下雨 預計假期結束時天空晴朗
23:49:59  INFO    [🇯🇵 日本] 一名城市男性職員謊稱自己受到上級和同事的權力騷擾，並多次要求賠償和辭職，被紀律處分。
23:49:59  INFO    [🇯🇵 日本] 海上自衛隊中尉因涉嫌持有興奮劑被捕…東京樂隊指揮
23:50:00  INFO    [🇯🇵 日本] 通緝福生大男子主義鐵鎚男≫母親獨家坦白，“男孩們從半夜到早上都吵鬧……我寶貴的睡眠時間被打擾了”“我希望他自首”，還提到了三年前的事件（集英社在線）
23:50:03  INFO    [🇰🇷 韓國] ‘60天戰爭期限’即將到期…美國國防部長稱，「期限將在停火期間停止」。
23:50:04  INFO    [🇰🇷 韓國] 川普考慮減少駐德美軍明年國防開支增加28%
23:50:05  INFO    [🇰🇷 韓國] 李“有些工會為了保護自己而提出過分的要求……人們批評”
23:50:06  INFO    [🇰🇷 韓國] [獨家]安德根「12月3日」收到簡訊二審被推翻有罪
23:50:07  INFO    [🇰🇷 韓國] 確定括號後...每次調查中釜山-慶南-大邱的支持率差距都很大。
23:50:07  INFO    [🇰🇷 韓國] 特別檢察法為李總統‘大長洞及朝鮮匯款審判’的結論鋪平了道路……法律界批評“不當”
23:50:08  INFO    [🇺🇸 美國] Louisiana congressional primaries are suspended as a result of the Supreme Court’s ruling
23:50:08  INFO    [🇺🇸 美國] House passes DHS funding bill that would end shutdown for most of agency
23:50:08  INFO    [🇺🇸 美國] Trump pulls Dr. Casey Means' nomination for surgeon general, announces replacement
23:50:08  INFO    [🇺🇸 美國] Camp Mystic will not reopen this summer after withdrawing state license application
23:50:08  INFO    [🇺🇸 美國] Man accused in Trump assassination attempt agrees to remain in custody
23:50:08  INFO    [🇺🇸 美國] Hegseth says Iran war can continue despite legal deadline
23:50:23  INFO  
🖥️  產生 HTML 報告...
23:50:23  INFO  
✅  HTML：報告_20260430_2350.html
23:50:23  INFO  ✅  CSV：機會分析_20260430_2350.csv
23:50:23  INFO  📝  Log：logs/scan_20260430_234906.log
