10:05:42  INFO  ======================================================================
10:05:42  INFO  🔥  每日機會分析系統 v10
10:05:42  INFO  📅  2026-03-23 10:05
10:05:42  INFO  ======================================================================
10:05:42  INFO  
① 🌕  CRYPTO
10:05:42  ERROR    BTC-USD: float() argument must be a string or a real number, not 'Series'
10:05:43  ERROR    ETH-USD: float() argument must be a string or a real number, not 'Series'
10:05:43  ERROR    SOL-USD: float() argument must be a string or a real number, not 'Series'
10:05:44  ERROR    BNB-USD: float() argument must be a string or a real number, not 'Series'
10:05:45  ERROR    XRP-USD: float() argument must be a string or a real number, not 'Series'
10:05:45  INFO    ✅ Crypto 0 筆
10:05:45  INFO  
② 📈  股票
10:05:45  INFO    [台] 3293.TWO     鈊象電子         $    726.00  -2.42% 多空分歧
10:05:45  INFO             買入點：— 目前無買入信號  進場區：$662.8 ~ $676.1  止損：$649.9
10:05:46  INFO    [台] 00909.TW     國泰智能電動車ETF   $     38.37  -3.62% 偏空
10:05:46  INFO             買入點：🎯 一條件滿足 — 待確認  進場區：$36.2 ~ $36.9  止損：$35.3
10:05:47  INFO    [台] 0056.TW      元大高股息        $     37.97  -2.06% 多空分歧
10:05:47  INFO             買入點：🎯 一條件滿足 — 待確認  進場區：$36.3 ~ $37.0  止損：$35.4
10:05:48  INFO    [台] 6111.TWO     6111擎亞       $     43.05  -3.48% 多空分歧
10:05:48  INFO             買入點：🎯 一條件滿足 — 待確認  進場區：$40.8 ~ $41.6  止損：$39.8
10:05:49  INFO    [台] 00878.TW     國泰永續高股息      $     22.08  -1.74% 多空分歧
10:05:49  INFO             買入點：🎯 一條件滿足 — 待確認  進場區：$21.2 ~ $21.6  止損：$20.6
10:05:49  INFO    [台] 3017.TW      奇鋐           $  1,995.00  -2.68% 三線多頭
10:05:49  INFO             買入點：— 目前無買入信號  進場區：$1,502.5 ~ $1,532.6  止損：$1,464.7
10:05:50  INFO    [台] 00713.TW     元大高息低波       $     50.95  -1.45% 多空分歧
10:05:50  INFO             買入點：🎯 一條件滿足 — 待確認  進場區：$49.8 ~ $50.8  止損：$48.6
10:05:51  INFO    [台] 00919.TW     群益台灣精選高息     $     22.44  -2.31% 多空分歧
10:05:51  INFO             買入點：🎯 一條件滿足 — 待確認  進場區：$21.7 ~ $22.2  止損：$21.2
10:05:52  INFO    [美] NVDA         NVIDIA       $    172.93  -3.15% 三線空頭
10:05:52  INFO             買入點：🎯 一條件滿足 — 待確認  進場區：$170.9 ~ $174.3  止損：$166.6
10:05:53  INFO    [美] GEV          GE Vernova   $    851.07  -3.00% 多空分歧
10:05:53  INFO             買入點：🎯 一條件滿足 — 待確認  進場區：$772.6 ~ $788.2  止損：$753.2
10:05:54  INFO    [台] 2330.TW      台積電          $  1,810.00  -1.63% 多空分歧
10:05:54  INFO             買入點：🎯 一條件滿足 — 待確認  進場區：$1,755.4 ~ $1,790.7  止損：$1,711.3
10:05:54  INFO    [美] AMD          AMD          $    201.33  -1.92% 多空分歧
10:05:54  INFO             買入點：🎯 一條件滿足 — 待確認  進場區：$187.3 ~ $191.0  止損：$182.6
10:05:55  INFO    [美] TSM          台積電ADR       $    329.24  -2.82% 多空分歧
10:05:55  INFO             買入點：🎯 一條件滿足 — 待確認  進場區：$317.6 ~ $324.0  止損：$315.4
10:05:56  INFO    [台] 2317.TW      鴻海           $    196.00  -3.45% 三線空頭
10:05:56  INFO             買入點：🎯 一條件滿足 — 待確認  進場區：$191.7 ~ $195.6  止損：$189.2
10:05:57  INFO    [台] 2530.TW      華建           $     25.10  +0.80% 三線空頭
10:05:57  INFO             買入點：🎯 一條件滿足 — 待確認  進場區：$24.2 ~ $24.7  止損：$23.8
10:05:58  INFO    [美] MU           美光           $    422.88  -4.81% 多空分歧
10:05:58  INFO             買入點：— 目前無買入信號  進場區：$355.9 ~ $363.0  止損：$346.9
10:05:59  INFO    [美] LRCX         科林研發         $    228.36  -2.41% 多空分歧
10:05:59  INFO             買入點：— 目前無買入信號  進場區：$193.1 ~ $197.0  止損：$188.3
10:06:00  INFO    [台] 00631L.TW    元大台灣50正2     $    442.80  -5.66% 多空分歧
10:06:00  INFO             買入點：🎯 一條件滿足 — 待確認  進場區：$414.4 ~ $422.7  止損：$404.0
10:06:00  INFO    [台] 00910.TW     第一金太空衛星      $     55.85  -2.45% 偏多
10:06:00  INFO             買入點：🎯 一條件滿足 — 待確認  進場區：$52.1 ~ $53.1  止損：$50.8
10:06:01  INFO    [台] 2308.TW      台達電          $  1,410.00  -4.41% 三線多頭
10:06:01  INFO             買入點：— 目前無買入信號  進場區：$1,189.0 ~ $1,212.9  止損：$1,159.1
10:06:01  INFO    ⏰ 10:xx 外資 16:30 後更新
10:06:01  INFO    ✅ 股票 20 筆
10:06:01  INFO  
③ 🌟  生活熱門趨勢
10:06:01  INFO    📊 Google Trends 台灣（生活/食衣住行）...
10:06:02  INFO    [食品飲料] 熱度:12 動能:+7% 最熱關鍵字：美食 🔥🔥
10:06:05  INFO    [服飾美妝] 熱度:23 動能:-25% 最熱關鍵字：穿搭 ❄️
10:06:07  INFO    [居家生活] 熱度:33 動能:+7% 最熱關鍵字：家具 🔥🔥
10:06:10  INFO    [娛樂3C] 熱度:31 動能:-15% 最熱關鍵字：手機 ❄️
10:06:12  INFO    [健康運動] 熱度:40 動能:-1% 最熱關鍵字：健身 ❄️
10:06:15  INFO    [旅遊交通] 熱度:27 動能:-2% 最熱關鍵字：機票 ❄️
10:06:17  INFO    💬 Dcard 熱門...
10:06:17  WARNING      ⚠️  www.dcard.tw → 403 Client Error: Forbidden for url: https://www.dcard.tw/f/trending
10:06:17  INFO    📋 PTT 熱門...
10:06:17  WARNING      ⚠️  www.ptt.cc → ('Connection aborted.', ConnectionResetError(104, 'Connection reset by peer'))
10:06:18  INFO    [PTT/Stock] [94] [新聞] 油價或上漲50天？美財長：換取伊朗無核武
10:06:18  INFO    [PTT/Stock] [19] Re: [新聞] 避開荷姆茲 油國早有二方案？
10:06:18  INFO    [PTT/Stock] [23] [新聞] 集保eGift服務上路！這30家率先啟動 電子
10:06:18  INFO    [PTT/Stock] [71] [情報] 0323 上市外資買賣超排行
10:06:18  INFO    [PTT/Stock] [爆] [新聞] 外媒點名台灣天然氣供應恐中斷！經濟部回
10:06:19  INFO    [PTT/beauty] [] [正妹] madellynnine
10:06:19  INFO    [PTT/beauty] [92] [公告] 不願上表特 ＆ 優文推薦 ＆ 檢舉建議專區
10:06:19  INFO    [PTT/beauty] [1] [公告] 口罩文會退文
10:06:19  INFO    [PTT/beauty] [] [公告] 表特板板規(2022.10.22)
10:06:20  INFO    [PTT/movie] [18] Re: [贈票]【他們要殺你】 特映搶先看
10:06:20  INFO    [PTT/movie] [4] [好雷] 極限返航
10:06:20  INFO    [PTT/movie] [40] [好雷] 《極限返航》Amaze!!Amaze!!Amaze!!
10:06:20  INFO    [PTT/movie] [12] [討論] 《極限返航》北美首週破8000萬美元
10:06:20  INFO    [PTT/movie] [51] [討論] 李奧納多跟甜茶是不是演太用力才拿不到獎
10:06:21  INFO    [PTT/food] [] [食記] 台北士林區 Subber潛艇堡
10:06:21  INFO    [PTT/food] [] [食記] 宜蘭羅東白橡｜WhiteOak│路過的美味甜點
10:06:21  INFO    [PTT/food] [] [食記] 日本 旭川成吉思汗大黑屋 無腥味羔羊炙烤
10:06:21  INFO    [PTT/food] [] [食記] 劉家蝦公粄 屏東內埔 酥脆九層塔香蝦公粄
10:06:21  INFO    [PTT/food] [] [食記] 香港 HashtagB 超酥脆蛋撻大推開心果口味
10:06:22  INFO    📺 YouTube 台灣熱門...
10:06:22  INFO    🎵 TikTok...
10:06:24  INFO    [TikTok] #1 #eidmubarak
10:06:24  INFO    🛍️  Shopee 台灣熱銷...
10:06:28  INFO    💬 Reddit 熱賣（本週）...
10:06:28  INFO    ✅ 生活趨勢完成
10:06:28  INFO  
④ 📰  消息面
10:06:28  INFO    [🇹🇼 台灣] 快訊／藍委讓李貞秀坐上主席台「代理召委」　綠委超怒拒承認！
10:06:28  INFO    [🇹🇼 台灣] 副主席蕭旭岑被馬辦切割？鄭麗文揭幕後影武者
10:06:28  INFO    [🇹🇼 台灣] 轟賴清德重啟核電「連打自己四巴掌」 他沈重呼籲：立即喊停核二核三| 政治
10:06:28  INFO    [🇹🇼 台灣] 打造「台灣之盾」！ 卓榮泰：5年442億扶植無人機產業
10:06:28  INFO    [🇹🇼 台灣] 深夜驚魂！客機撞消防車傳多人傷 紐約拉瓜迪亞機場暫停起降
10:06:28  INFO    [🇹🇼 台灣] 人早剪斷腳鐐跑了 中油「最貪執行長」今重判25年
10:06:31  INFO    [🇯🇵 日本] 【突發新聞】「紀州唐璜」去世；二審認定前妻「無罪」 大阪高等法院駁回檢察官上訴（MBS News）
10:06:32  INFO    [🇯🇵 日本] 美國駐聯合國大使表示，日本首相高市將「承諾」自衛隊的支持…但沒有提及確保霍爾木茲海峽安全的時間表
10:06:33  INFO    [🇯🇵 日本] 高市首相「詳細說明霍爾木茲能做什麼、不能做什麼」日美首腦會談
10:06:34  INFO    [🇯🇵 日本] 反對黨批評政府臨時預算起草政策，稱“預測過於寬鬆”
10:06:36  INFO    [🇯🇵 日本] 伊朗警告“全面封鎖”霍爾木茲海峽；如果襲擊發電廠，海灣國家將成為目標——美國國務卿“需要升級”
10:06:37  INFO    [🇯🇵 日本] 豪華賓利追撞多輛車；男子被認為是逃離現場的司機，因涉嫌非法侵入住宅而被捕
10:06:40  INFO    [🇰🇷 韓國] 安哲秀、趙正勳、樸秀英自願出兵[金敏兒專欄]
10:06:42  INFO    [🇰🇷 韓國] 張東赫回應“李正賢提名醜聞”時表示：“尊重外交委員會的決定……犧牲也是必要的。”
10:06:43  INFO    [🇰🇷 韓國] [突發新聞] 盈德風力發電機發生火災，檢查時造成3人死亡…走向火山
10:06:44  INFO    [🇰🇷 韓國] 北約批評“紙老虎”“韓日等22國應對霍爾木茲海峽問題”
10:06:46  INFO    [🇰🇷 韓國] 綜合特別檢察官確認了前地方檢察長李昌洙「審查股價操縱罪名無罪先例」的命令的情況
10:06:48  INFO    [🇰🇷 韓國] 這是一個充滿油蒸氣、油脂的行業，卻要“每年兩次自我檢測”…“防火必須從工業安全的角度來管理。”
10:06:49  INFO    [🇺🇸 美國] Iran threatens to start hitting Gulf power plants and mine waters as Israel launches new attacks
10:06:49  INFO    [🇺🇸 美國] Trump to deploy ICE agents to airports Monday
10:06:49  INFO    [🇺🇸 美國] Jewish volunteer ambulances set on fire outside London synagogue in antisemitic attack
10:06:49  INFO    [🇺🇸 美國] French far right claims momentum for presidency after local elections
10:06:49  INFO    [🇺🇸 美國] At New York Airports, Long T.S.A. Lines and Frustrated Travelers
10:06:49  INFO    [🇺🇸 美國] GOP California governor candidate seizes over 500,000 ballots in disputed election probe
10:07:04  INFO  
🖥️  產生 HTML 報告...
10:07:04  INFO  
✅  HTML：報告_20260323_1007.html
10:07:04  INFO  ✅  CSV：機會分析_20260323_1007.csv
10:07:04  INFO  📝  Log：logs/scan_20260323_100542.log
