23:33:50  INFO  ======================================================================
23:33:50  INFO  🔥  每日機會分析系統 v10
23:33:50  INFO  📅  2026-04-25 23:33
23:33:50  INFO  ======================================================================
23:33:50  INFO  
① 🌕  CRYPTO
23:33:51  ERROR    BTC-USD: float() argument must be a string or a real number, not 'Series'
23:33:52  ERROR    ETH-USD: float() argument must be a string or a real number, not 'Series'
23:33:53  ERROR    SOL-USD: float() argument must be a string or a real number, not 'Series'
23:33:53  ERROR    BNB-USD: float() argument must be a string or a real number, not 'Series'
23:33:54  ERROR    XRP-USD: float() argument must be a string or a real number, not 'Series'
23:33:54  INFO    ✅ Crypto 0 筆
23:33:54  INFO  
② 📈  股票
23:33:55  INFO    [台] 3293.TWO     鈊象電子         $    753.00  -1.05% 多空分歧
23:33:55  INFO             買入點：🎯 一條件滿足 — 待確認  進場區：$727.3 ~ $742.0  止損：$709.1
23:33:56  INFO    [台] 00909.TW     國泰智能電動車ETF   $     42.99  +0.30% 多空分歧
23:33:56  INFO             買入點：— 目前無買入信號  進場區：$31.6 ~ $32.2  止損：$32.1
23:33:57  INFO    [台] 0056.TW      元大高股息        $     40.95  +0.74% 三線多頭
23:33:57  INFO             買入點：— 目前無買入信號  進場區：$35.4 ~ $36.1  止損：$35.1
23:33:59  INFO    [台] 6111.TWO     6111擎亞       $     47.80  -1.65% 多空分歧
23:33:59  INFO             買入點：— 目前無買入信號  進場區：$39.5 ~ $40.3  止損：$38.7
23:33:59  INFO    [台] 00878.TW     國泰永續高股息      $     25.00  +1.38% 三線多頭
23:33:59  INFO             買入點：— 目前無買入信號  進場區：$21.0 ~ $21.5  止損：$21.1
23:34:00  INFO    [台] 3017.TW      奇鋐           $  2,945.00  +9.89% 三線多頭
23:34:00  INFO             買入點：— 目前無買入信號  進場區：$1,827.3 ~ $1,864.1  止損：$1,886.6
23:34:01  INFO    [台] 00713.TW     元大高息低波       $     53.45  +0.19% 多空分歧
23:34:01  INFO             買入點：— 目前無買入信號  進場區：$50.2 ~ $51.2  止損：$49.1
23:34:02  INFO    [台] 00919.TW     群益台灣精選高息     $     23.50  +0.21% 偏多
23:34:02  INFO             買入點：— 目前無買入信號  進場區：$21.8 ~ $22.2  止損：$21.3
23:34:04  INFO    [美] NVDA         NVIDIA       $    208.27  +4.32% 三線多頭
23:34:04  INFO             買入點：— 目前無買入信號  進場區：$161.5 ~ $164.8  止損：$159.3
23:34:04  INFO    [美] GEV          GE Vernova   $  1,149.19  -0.03% 三線多頭
23:34:04  INFO             買入點：— 目前無買入信號  進場區：$782.4 ~ $798.1  止損：$782.8
23:34:05  INFO    [台] 2330.TW      台積電          $  2,185.00  +5.05% 三線多頭
23:34:05  INFO             買入點：— 目前無買入信號  進場區：$1,710.8 ~ $1,745.2  止損：$1,707.2
23:34:06  INFO    [美] AMD          AMD          $    347.81 +13.91% 三線多頭
23:34:06  INFO             買入點：— 目前無買入信號  進場區：$168.9 ~ $172.3  止損：$187.1
23:34:07  INFO    [美] TSM          台積電ADR       $    402.46  +5.17% 三線多頭
23:34:07  INFO             買入點：— 目前無買入信號  進場區：$312.2 ~ $318.5  止損：$304.4
23:34:08  INFO    [台] 2317.TW      鴻海           $    221.50  -1.56% 多空分歧
23:34:08  INFO             買入點：— 目前無買入信號  進場區：$183.0 ~ $186.7  止損：$181.9
23:34:10  INFO    [台] 2530.TW      華建           $     21.85  +0.46% 三線空頭
23:34:10  INFO             買入點：🎯 一條件滿足 — 待確認  進場區：$20.9 ~ $21.3  止損：$20.8
23:34:11  INFO    [美] MU           美光           $    496.72  +3.11% 三線多頭
23:34:11  INFO             買入點：— 目前無買入信號  進場區：$309.9 ~ $316.2  止損：$302.1
23:34:12  INFO    [美] LRCX         科林研發         $    267.78  +3.57% 偏多
23:34:12  INFO             買入點：— 目前無買入信號  進場區：$197.3 ~ $201.3  止損：$192.6
23:34:13  INFO    [台] 00631L.TW    元大台灣50正2     $     28.44  +6.92% 三線多頭
23:34:13  INFO             買入點：— 目前無買入信號  進場區：$17.9 ~ $18.2  止損：$18.7
23:34:14  INFO    [台] 00910.TW     第一金太空衛星      $     67.50  -3.50% 多空分歧
23:34:14  INFO             買入點：— 目前無買入信號  進場區：$54.2 ~ $55.3  止損：$52.9
23:34:15  INFO    [台] 2308.TW      台達電          $  2,075.00  +4.80% 三線多頭
23:34:15  INFO             買入點：— 目前無買入信號  進場區：$1,276.4 ~ $1,302.1  止損：$1,324.0
23:34:17  INFO    ✅ 股票 20 筆
23:34:17  INFO  
③ 🌟  生活熱門趨勢
23:34:17  INFO    📊 Google Trends 台灣（生活/食衣住行）...
23:34:18  INFO    [食品飲料] 熱度:7 動能:-32% 最熱關鍵字：美食 ❄️
23:34:21  INFO    [服飾美妝] 熱度:28 動能:-14% 最熱關鍵字：防曬 ❄️
23:34:23  INFO    [居家生活] 熱度:22 動能:-33% 最熱關鍵字：家具 ❄️
23:34:26  INFO    [娛樂3C] 熱度:39 動能:-2% 最熱關鍵字：手機 ❄️
23:34:28  INFO    [健康運動] 熱度:30 動能:-20% 最熱關鍵字：健身 ❄️
23:34:31  INFO    [旅遊交通] 熱度:28 動能:-5% 最熱關鍵字：機票 ❄️
23:34:33  INFO    💬 Dcard 熱門...
23:34:33  WARNING      ⚠️  www.dcard.tw → 403 Client Error: Forbidden for url: https://www.dcard.tw/f/trending
23:34:33  INFO    📋 PTT 熱門...
23:34:34  WARNING      ⚠️  www.ptt.cc → ('Connection aborted.', ConnectionResetError(104, 'Connection reset by peer'))
23:34:34  INFO    [PTT/Stock] [5] Re: [請益] 4/23台股大怒神怎避免被甩轎?
23:34:34  INFO    [PTT/Stock] [14] [新聞] 昔影視巨頭 華誼兄弟被申請破產
23:34:34  INFO    [PTT/Stock] [4] Re: [請益] 4/23台股大怒神怎避免被甩轎?
23:34:34  INFO    [PTT/Stock] [10] Re: [請益] 改全零股制度的好處是什麼？
23:34:34  INFO    [PTT/Stock] [99] [新聞] 快訊／川普宣布「取消停火談判」！指示代
23:34:35  INFO    [PTT/beauty] [5] [正妹] 另一個Sakura Momo
23:34:35  INFO    [PTT/beauty] [3] [神人] 身材暴力的服飾model
23:34:35  INFO    [PTT/beauty] [23] [正妹] 若潼
23:34:35  INFO    [PTT/beauty] [16] [正妹] 弄弄
23:34:35  INFO    [PTT/beauty] [1] [正妹] 氣象廳的人們護士演員
23:34:36  INFO    [PTT/movie] [] [普雷] 抓馬戀人(The Drama)
23:34:36  INFO    [PTT/movie] [5] [新聞] 朴贊郁以西部片回歸…馬修·麥康納、湯唯
23:34:36  INFO    [PTT/movie] [34] [片單] 弱雞老爸竟然是退休高手的片子
23:34:36  INFO    [PTT/movie] [9] [討論] 費雪版《神鬼傳奇》續集檔期異動
23:34:36  INFO    [PTT/movie] [3] [LIVE] HBO 22:00 闇黑電話2
23:34:37  INFO    [PTT/food] [] [食記] 台北吉林路 老李牛肉麵
23:34:37  INFO    [PTT/food] [2] [食記] 桃園-南門市場五十年老店-南門飯糰
23:34:37  INFO    [PTT/food] [] [食記] 丸八屋 日本鳥取 湯頭鮮味十足紅楚蟹拉麵
23:34:37  INFO    [PTT/food] [] [食記] 澳門。倫敦人酒店-戈登拉姆齊英式酒吧
23:34:37  INFO    [PTT/food] [1] [食記] 台北松山 磚窯古早味懷舊餐廳~
23:34:38  INFO    📺 YouTube 台灣熱門...
23:34:38  INFO    🎵 TikTok...
23:34:39  INFO    [TikTok] #1 #golivegrowfast
23:34:39  INFO    🛍️  Shopee 台灣熱銷...
23:34:42  INFO    💬 Reddit 熱賣（本週）...
23:34:43  INFO    ✅ 生活趨勢完成
23:34:43  INFO  
④ 📰  消息面
23:34:43  INFO    [🇹🇼 台灣] 快訊／川普宣布「取消停火談判」！指示代表團：不用前往巴基斯坦
23:34:43  INFO    [🇹🇼 台灣] 來台旅遊首日在北車大廳被踹傷 菲籍女童父親現身說明傷勢
23:34:43  INFO    [🇹🇼 台灣] 再忍一天！降雨明晚趨緩 週日回暖好天氣
23:34:43  INFO    [🇹🇼 台灣] 昔嗆「中國神」是統戰工具沈伯洋今赴慈惠堂扛轎李永萍：母娘要是有靈，祂作何感想？ | 蕭宥宸 | 新聞
23:34:43  INFO    [🇹🇼 台灣] 賴總統出訪遭取消飛航許可出現羅生門？張競：模里西斯稱從未同意申請
23:34:43  INFO    [🇹🇼 台灣] 苗栗龍騰派出所長赴陸旅遊…巴士翻車多人傷亡 妻弟傷重不治
23:34:46  INFO    [🇯🇵 日本] [突發新聞]川普總統宣布取消美國駐巴基斯坦代表團，就結束與伊朗的敵對行動進行談判，否認重新開始攻擊美國媒體（TBS NEWS DIG Powered by JNN）
23:34:47  INFO    [🇯🇵 日本] 川普推遲美伊會談：“我不知道誰負責”
23:34:49  INFO    [🇯🇵 日本] 每週天氣預報 明天27日（週一），關東地區將迎來一週的梅雨天氣，預計黃金週將迎來夏季。
23:34:50  INFO    [🇯🇵 日本] 秋田縣派遣工作人員前往岩手縣大槌町應對森林火災
23:34:50  INFO    [🇯🇵 日本] 岸田前首相表示：「無核三原則沒有必要改變。」我從來沒有想過核共享。 」《不擴散核武條約》審議大會前夕感受到核裁軍危機
23:34:51  INFO    [🇯🇵 日本] 現在可以免費低價提供二手國防裝備…考慮向菲律賓出口驅逐艦——威懾中國侵略性的海上擴張
23:34:53  INFO    [🇰🇷 韓國] 週末美伊談判幾乎失敗…川普：伊朗有更好的提議
23:34:53  INFO    [🇰🇷 韓國] “副部長採訪張東赫”謊言引發爭議，國家力量“為錯誤信息道歉”
23:34:53  INFO    [🇰🇷 韓國] 李總統一邊推銷注射器，一邊說：“一個人活得好好的，還有什麼意思？譴責反社會行為。”
23:34:56  INFO    [🇰🇷 韓國] 人民力量黨今天決定大邱市長候選人...最終結果公佈
23:34:58  INFO    [🇰🇷 韓國] 「美軍合作狀況被抓獲」…伊朗革命衛隊因違規扣押船隻
23:35:00  INFO    [🇰🇷 韓國] 醫療技術人員“修改醫療技術人員法以防止綜合護理”
23:35:01  INFO    [🇺🇸 美國] Live updates: Trump says US team won’t visit Pakistan as uncertainty surrounds Iran peace talks
23:35:01  INFO    [🇺🇸 美國] Watch live: Trump attends first White House Correspondents Dinner as president
23:35:01  INFO    [🇺🇸 美國] Chicago Hospital Shooting Leaves 1 Officer Dead and Another in Critical Condition
23:35:01  INFO    [🇺🇸 美國] Trump ousts National Science Board members
23:35:01  INFO    [🇺🇸 美國] In California, a Voter ID Proposal Is Set to Appear on the Ballot in November
23:35:01  INFO    [🇺🇸 美國] In a rare interview, a leader of the world's largest right-wing group talks to NPR
23:35:14  INFO  
🖥️  產生 HTML 報告...
23:35:14  INFO  
✅  HTML：報告_20260425_2335.html
23:35:14  INFO  ✅  CSV：機會分析_20260425_2335.csv
23:35:14  INFO  📝  Log：logs/scan_20260425_233350.log
