09:55:34  INFO  ======================================================================
09:55:34  INFO  🔥  每日機會分析系統 v10
09:55:34  INFO  📅  2026-04-25 09:55
09:55:34  INFO  ======================================================================
09:55:34  INFO  
① 🌕  CRYPTO
09:55:35  ERROR    BTC-USD: float() argument must be a string or a real number, not 'Series'
09:55:36  ERROR    ETH-USD: float() argument must be a string or a real number, not 'Series'
09:55:36  ERROR    SOL-USD: float() argument must be a string or a real number, not 'Series'
09:55:37  ERROR    BNB-USD: float() argument must be a string or a real number, not 'Series'
09:55:37  ERROR    XRP-USD: float() argument must be a string or a real number, not 'Series'
09:55:38  INFO    ✅ Crypto 0 筆
09:55:38  INFO  
② 📈  股票
09:55:38  INFO    [台] 3293.TWO     鈊象電子         $    753.00  -1.05% 多空分歧
09:55:38  INFO             買入點：🎯 一條件滿足 — 待確認  進場區：$727.3 ~ $742.0  止損：$709.1
09:55:39  INFO    [台] 00909.TW     國泰智能電動車ETF   $     42.99  +0.30% 多空分歧
09:55:39  INFO             買入點：— 目前無買入信號  進場區：$31.6 ~ $32.2  止損：$32.1
09:55:40  INFO    [台] 0056.TW      元大高股息        $     40.95  +0.74% 三線多頭
09:55:40  INFO             買入點：— 目前無買入信號  進場區：$35.4 ~ $36.1  止損：$35.1
09:55:41  INFO    [台] 6111.TWO     6111擎亞       $     47.80  -1.65% 多空分歧
09:55:41  INFO             買入點：— 目前無買入信號  進場區：$39.5 ~ $40.3  止損：$38.7
09:55:41  INFO    [台] 00878.TW     國泰永續高股息      $     25.00  +1.38% 三線多頭
09:55:41  INFO             買入點：— 目前無買入信號  進場區：$21.0 ~ $21.5  止損：$21.1
09:55:42  INFO    [台] 3017.TW      奇鋐           $  2,945.00  +9.89% 三線多頭
09:55:42  INFO             買入點：— 目前無買入信號  進場區：$1,827.3 ~ $1,864.1  止損：$1,886.6
09:55:43  INFO    [台] 00713.TW     元大高息低波       $     53.45  +0.19% 多空分歧
09:55:43  INFO             買入點：— 目前無買入信號  進場區：$50.2 ~ $51.2  止損：$49.1
09:55:44  INFO    [台] 00919.TW     群益台灣精選高息     $     23.50  +0.21% 偏多
09:55:44  INFO             買入點：— 目前無買入信號  進場區：$21.8 ~ $22.2  止損：$21.3
09:55:45  INFO    [美] NVDA         NVIDIA       $    208.27  +4.32% 三線多頭
09:55:45  INFO             買入點：— 目前無買入信號  進場區：$161.5 ~ $164.8  止損：$159.3
09:55:45  INFO    [美] GEV          GE Vernova   $  1,149.19  -0.03% 三線多頭
09:55:45  INFO             買入點：— 目前無買入信號  進場區：$782.4 ~ $798.1  止損：$782.8
09:55:46  INFO    [台] 2330.TW      台積電          $  2,185.00  +5.05% 三線多頭
09:55:46  INFO             買入點：— 目前無買入信號  進場區：$1,710.8 ~ $1,745.2  止損：$1,707.2
09:55:47  INFO    [美] AMD          AMD          $    347.81 +13.91% 三線多頭
09:55:47  INFO             買入點：— 目前無買入信號  進場區：$168.9 ~ $172.3  止損：$187.1
09:55:48  INFO    [美] TSM          台積電ADR       $    402.46  +5.17% 三線多頭
09:55:48  INFO             買入點：— 目前無買入信號  進場區：$312.2 ~ $318.5  止損：$304.4
09:55:48  INFO    [台] 2317.TW      鴻海           $    221.50  -1.56% 多空分歧
09:55:48  INFO             買入點：— 目前無買入信號  進場區：$183.0 ~ $186.7  止損：$181.9
09:55:49  INFO    [台] 2530.TW      華建           $     21.85  +0.46% 三線空頭
09:55:49  INFO             買入點：🎯 一條件滿足 — 待確認  進場區：$20.9 ~ $21.3  止損：$20.8
09:55:50  INFO    [美] MU           美光           $    496.72  +3.11% 三線多頭
09:55:50  INFO             買入點：— 目前無買入信號  進場區：$309.9 ~ $316.2  止損：$302.1
09:55:51  INFO    [美] LRCX         科林研發         $    267.78  +3.57% 偏多
09:55:51  INFO             買入點：— 目前無買入信號  進場區：$197.3 ~ $201.3  止損：$192.6
09:55:52  INFO    [台] 00631L.TW    元大台灣50正2     $     28.44  +6.92% 三線多頭
09:55:52  INFO             買入點：— 目前無買入信號  進場區：$17.9 ~ $18.2  止損：$18.7
09:55:52  INFO    [台] 00910.TW     第一金太空衛星      $     67.50  -3.50% 多空分歧
09:55:52  INFO             買入點：— 目前無買入信號  進場區：$54.2 ~ $55.3  止損：$52.9
09:55:53  INFO    [台] 2308.TW      台達電          $  2,075.00  +4.80% 三線多頭
09:55:53  INFO             買入點：— 目前無買入信號  進場區：$1,276.4 ~ $1,302.1  止損：$1,324.0
09:55:54  INFO    ⏰ 9:xx 外資 16:30 後更新
09:55:54  INFO    ✅ 股票 20 筆
09:55:54  INFO  
③ 🌟  生活熱門趨勢
09:55:54  INFO    📊 Google Trends 台灣（生活/食衣住行）...
09:55:54  INFO    [食品飲料] 熱度:19 動能:+69% 最熱關鍵字：美食 🔥🔥🔥
09:55:57  INFO    [服飾美妝] 熱度:31 動能:-4% 最熱關鍵字：防曬 ❄️
09:55:59  INFO    [居家生活] 熱度:39 動能:+19% 最熱關鍵字：家具 🔥🔥
09:56:02  INFO    [娛樂3C] 熱度:42 動能:+8% 最熱關鍵字：手機 🔥🔥
09:56:04  INFO    [健康運動] 熱度:34 動能:-9% 最熱關鍵字：健身 ❄️
09:56:06  INFO    [旅遊交通] 熱度:26 動能:-9% 最熱關鍵字：機票 ❄️
09:56:08  INFO    💬 Dcard 熱門...
09:56:09  WARNING      ⚠️  www.dcard.tw → 403 Client Error: Forbidden for url: https://www.dcard.tw/f/trending
09:56:09  INFO    📋 PTT 熱門...
09:56:09  WARNING      ⚠️  www.ptt.cc → ('Connection aborted.', ConnectionResetError(104, 'Connection reset by peer'))
09:56:10  INFO    [PTT/Stock] [] Re: [請益] 100萬到1000萬的具體操作策略
09:56:10  INFO    [PTT/Stock] [62] [請益] 4/23台股大怒神怎避免被甩轎?
09:56:10  INFO    [PTT/Stock] [22] [請益] 現階段五百萬本金操作
09:56:10  INFO    [PTT/Stock] [] [公告] 股票板板規 v4.7 (2024/10/06 修正)
09:56:10  INFO    [PTT/Stock] [6] [公告] 4-6-1罰則將在1/22開始到年底加重至30天
09:56:11  INFO    [PTT/beauty] [38] [正妹] MOMO
09:56:11  INFO    [PTT/beauty] [1] [正妹] Cosplay 2706 日本 寶石之國 妮姬
09:56:11  INFO    [PTT/beauty] [5] [正妹] 另一個Sakura Momo
09:56:11  INFO    [PTT/beauty] [3] [神人] 身材暴力的服飾model
09:56:12  INFO    [PTT/movie] [39] [討論]麥可傑克森-爆米花達96分 影評觀眾信哪個?
09:56:12  INFO    [PTT/movie] [2] [情報] 【綿羊偵探團】最新預告
09:56:12  INFO    [PTT/movie] [2] [新聞]2位變體英雄將在《復仇者聯盟：秘密戰爭》
09:56:12  INFO    [PTT/movie] [1] [新聞]差點就沒了那彈指！強法夫洛極力反對他犧牲
09:56:13  INFO    [PTT/food] [1] [食記] 和田珍味 日本島根 香酥美味塔塔河豚漢堡
09:56:13  INFO    [PTT/food] [] [食記] 長榮航空BR189 HND東京羽田-TSA台北松山 787-10
09:56:13  INFO    [PTT/food] [] [公告] Food板 板規 V3.91
09:56:13  INFO    [PTT/food] [18] [公告] 發文請在標題加上地區及提供地址電話。^^
09:56:13  INFO    [PTT/food] [] [公告] 文章被刪除者請洽精華區的資源回收桶
09:56:14  INFO    📺 YouTube 台灣熱門...
09:56:14  INFO    🎵 TikTok...
09:56:15  INFO    [TikTok] #1 #golivegrowfast
09:56:15  INFO    🛍️  Shopee 台灣熱銷...
09:56:20  INFO    💬 Reddit 熱賣（本週）...
09:56:20  INFO    ✅ 生活趨勢完成
09:56:20  INFO  
④ 📰  消息面
09:56:20  INFO    [🇹🇼 台灣] 國台辦嗆台灣沒總統黃暐瀚：中國的九二共識是不讓你活！根本沒有中華民國| 政治
09:56:20  INFO    [🇹🇼 台灣] 大雷雨狂炸高雄市！3地區最受影響 慎防強風和閃電落雷
09:56:20  INFO    [🇹🇼 台灣] 別國沒在怕發芽馬鈴薯？龍葵鹼中毒怎麼辦 醫師解讀台灣人的「食安情結」 | 李瑋萱 | 新聞
09:56:20  INFO    [🇹🇼 台灣] 快訊／15:16發生地震！初估震度曝光
09:56:20  INFO    [🇹🇼 台灣] 北車商場易主1／微風廖鎮漢痛失北車「金雞母」　昔日商場創新王下一步該如何走？
09:56:20  INFO    [🇹🇼 台灣] 柯文哲宜蘭掃街被阿伯當面怒嗆「貪污」！激動對峙場面曝光
09:56:21  INFO    [🇯🇵 日本] 美伊談判可能恢復；川普派遣惠特科夫等人；如果取得進展，萬斯也將被派出
09:56:23  INFO    [🇯🇵 日本] 八年前六本木女子死亡後，從馬來西亞返回的男子因涉嫌謀殺被捕 [東京]
09:56:25  INFO    [🇯🇵 日本] 森林火災後，支援圈不斷流向大槌鎮，物資陸續湧入，地方政府也擔任代理管理捐款
09:56:25  INFO    [🇯🇵 日本] 【突發新聞】玉木丹尼宣布參選第三屆都道府縣知事選舉；邊野古新基地「重大問題」（未剪輯影片）
09:56:26  INFO    [🇯🇵 日本] 旭山動物園 - 遺棄屍體> 一名員工承認“我在動物焚燒爐中燒死了我的妻子”，導致混亂和進展緩慢。有人擔心「黃金周前能開業嗎？」（集英社在線
09:56:27  INFO    [🇯🇵 日本] 不補習，透過社團活動，讓名額以內的公立高中生進入東京大學，直到三年級的學習方法。
09:56:29  INFO    [🇰🇷 韓國] 外交部長抵達談判現場，但官方媒體稱「沒有談判」。伊朗領導階層公開表達衝突
09:56:30  INFO    [🇰🇷 韓國] 李總統：“一個人住有什麼好玩的？”…銷售注射器的“嚴厲譴責”
09:56:30  INFO    [🇰🇷 韓國] 《國家力量》張東赫訪美引發“誇大頭銜”爭議…“為錯誤道歉”
09:56:32  INFO    [🇰🇷 韓國] “CU物流中心死亡”貨運團結晉州…死者家屬“一起戰鬥”
09:56:33  INFO    [🇰🇷 韓國] 由於李陣淑不競選大邱市長而即將進入決賽的秋京浩和柳英河表示：“我尊重你們的決定。”
09:56:34  INFO    [🇰🇷 韓國] “張東赫變成白痴，對於地方選舉後的新保守黨來說是不可避免的。”
09:56:34  INFO    [🇺🇸 美國] Witkoff, Kushner to take part in second round of Iran peace talks in Pakistan, White House says
09:56:34  INFO    [🇺🇸 美國] Rubio’s Absence From Iran Talks Highlights Stay-at-Home Role
09:56:34  INFO    [🇺🇸 美國] Justice Department to allow firing squads for executions in move to ramp up capital punishment
09:56:34  INFO    [🇺🇸 美國] Another victim in Louisiana Mall shooting identified
09:56:34  INFO    [🇺🇸 美國] Roommate arrested after body of University of South Florida doctoral student discovered
09:56:34  INFO    [🇺🇸 美國] Wildfires Destroy Dozens of Structures in Georgia, Governor Says
09:56:49  INFO  
🖥️  產生 HTML 報告...
09:56:49  INFO  
✅  HTML：報告_20260425_0956.html
09:56:49  INFO  ✅  CSV：機會分析_20260425_0956.csv
09:56:49  INFO  📝  Log：logs/scan_20260425_095534.log
