17:02:26  INFO  ======================================================================
17:02:26  INFO  🔥  每日機會分析系統 v10
17:02:26  INFO  📅  2026-04-11 17:02
17:02:26  INFO  ======================================================================
17:02:26  INFO  
① 🌕  CRYPTO
17:02:26  ERROR    BTC-USD: float() argument must be a string or a real number, not 'Series'
17:02:27  ERROR    ETH-USD: float() argument must be a string or a real number, not 'Series'
17:02:27  ERROR    SOL-USD: float() argument must be a string or a real number, not 'Series'
17:02:28  ERROR    BNB-USD: float() argument must be a string or a real number, not 'Series'
17:02:28  ERROR    XRP-USD: float() argument must be a string or a real number, not 'Series'
17:02:28  INFO    ✅ Crypto 0 筆
17:02:28  INFO  
② 📈  股票
17:02:29  INFO    [台] 3293.TWO     鈊象電子         $    769.00  +0.65% 偏多
17:02:29  INFO             買入點：— 目前無買入信號  進場區：$704.4 ~ $718.5  止損：$691.6
17:02:30  INFO    [台] 00909.TW     國泰智能電動車ETF   $     39.99  +0.88% 多空分歧
17:02:30  INFO             買入點：🎯 一條件滿足 — 待確認  進場區：$35.1 ~ $35.8  止損：$34.2
17:02:31  INFO    [台] 0056.TW      元大高股息        $     39.41  +0.84% 偏多
17:02:31  INFO             買入點：🎯 一條件滿足 — 待確認  進場區：$36.9 ~ $37.6  止損：$35.9
17:02:32  INFO    [台] 6111.TWO     6111擎亞       $     44.05  +0.92% 多空分歧
17:02:32  INFO             買入點：🎯 一條件滿足 — 待確認  進場區：$39.7 ~ $40.5  止損：$38.7
17:02:32  INFO    [台] 00878.TW     國泰永續高股息      $     23.02  +0.52% 偏多
17:02:32  INFO             買入點：— 目前無買入信號  進場區：$21.7 ~ $22.1  止損：$21.1
17:02:33  INFO    [台] 3017.TW      奇鋐           $  2,265.00  +1.34% 三線多頭
17:02:33  INFO             買入點：— 目前無買入信號  進場區：$1,752.3 ~ $1,787.5  止損：$1,760.5
17:02:34  INFO    [台] 00713.TW     元大高息低波       $     52.50  +0.19% 三線多頭
17:02:34  INFO             買入點：— 目前無買入信號  進場區：$50.4 ~ $51.4  止損：$49.1
17:02:35  INFO    [台] 00919.TW     群益台灣精選高息     $     22.93  +0.31% 偏多
17:02:35  INFO             買入點：🎯 一條件滿足 — 待確認  進場區：$21.9 ~ $22.3  止損：$21.3
17:02:36  INFO    [美] NVDA         NVIDIA       $    188.63  +2.57% 多空分歧
17:02:36  INFO             買入點：— 目前無買入信號  進場區：$163.4 ~ $166.7  止損：$159.3
17:02:37  INFO    [美] GEV          GE Vernova   $    991.32  +2.41% 三線多頭
17:02:37  INFO             買入點：— 目前無買入信號  進場區：$785.1 ~ $800.9  止損：$778.2
17:02:37  INFO    [台] 2330.TW      台積電          $  2,000.00  +2.30% 三線多頭
17:02:37  INFO             買入點：— 目前無買入信號  進場區：$1,730.2 ~ $1,765.0  止損：$1,707.2
17:02:38  INFO    [美] AMD          AMD          $    245.04  +3.55% 多空分歧
17:02:38  INFO             買入點：— 目前無買入信號  進場區：$180.2 ~ $183.9  止損：$186.5
17:02:39  INFO    [美] TSM          台積電ADR       $    370.60  +1.40% 三線多頭
17:02:39  INFO             買入點：— 目前無買入信號  進場區：$312.2 ~ $318.5  止損：$304.4
17:02:40  INFO    [台] 2317.TW      鴻海           $    200.50  +0.25% 多空分歧
17:02:40  INFO             買入點：🎯 一條件滿足 — 待確認  進場區：$184.3 ~ $188.0  止損：$181.9
17:02:41  INFO    [台] 2530.TW      華建           $     23.25  -1.27% 三線空頭
17:02:41  INFO             買入點：🎯 一條件滿足 — 待確認  進場區：$22.9 ~ $23.3  止損：$22.3
17:02:42  INFO    [美] MU           美光           $    420.59  -0.22% 多空分歧
17:02:42  INFO             買入點：— 目前無買入信號  進場區：$309.9 ~ $316.2  止損：$302.1
17:02:42  INFO    [美] LRCX         科林研發         $    263.66  +1.89% 三線多頭
17:02:42  INFO             買入點：— 目前無買入信號  進場區：$194.2 ~ $198.1  止損：$192.6
17:02:43  INFO    [台] 00631L.TW    元大台灣50正2     $     23.70  +3.90% 多空分歧
17:02:43  INFO             買入點：🎯 一條件滿足 — 待確認  進場區：$-262.7 ~ $-268.0  止損：$18.5
17:02:44  INFO    [台] 00910.TW     第一金太空衛星      $     65.70  -0.53% 三線多頭
17:02:44  INFO             買入點：— 目前無買入信號  進場區：$51.2 ~ $52.2  止損：$52.9
17:02:45  INFO    [台] 2308.TW      台達電          $  1,735.00  +5.47% 三線多頭
17:02:45  INFO             買入點：— 目前無買入信號  進場區：$1,275.5 ~ $1,301.1  止損：$1,299.8
17:02:47  INFO    ✅ 股票 20 筆
17:02:47  INFO  
③ 🌟  生活熱門趨勢
17:02:47  INFO    📊 Google Trends 台灣（生活/食衣住行）...
17:02:48  INFO    [食品飲料] 熱度:10 動能:-1% 最熱關鍵字：美食 ❄️
17:02:51  INFO    [服飾美妝] 熱度:42 動能:+27% 最熱關鍵字：穿搭 🔥🔥🔥
17:02:53  INFO    [居家生活] 熱度:38 動能:+18% 最熱關鍵字：家具 🔥🔥
17:02:56  INFO    [娛樂3C] 熱度:41 動能:+9% 最熱關鍵字：手機 🔥🔥
17:02:59  INFO    [健康運動] 熱度:35 動能:+8% 最熱關鍵字：健身 🔥🔥
17:03:02  INFO    [旅遊交通] 熱度:23 動能:-4% 最熱關鍵字：機票 ❄️
17:03:04  INFO    💬 Dcard 熱門...
17:03:04  WARNING      ⚠️  www.dcard.tw → 403 Client Error: Forbidden for url: https://www.dcard.tw/f/trending
17:03:04  INFO    📋 PTT 熱門...
17:03:04  WARNING      ⚠️  www.ptt.cc → ('Connection aborted.', ConnectionResetError(104, 'Connection reset by peer'))
17:03:05  INFO    [PTT/Stock] [99] [新聞] 快訊／47年最高層級！美伊談判代表皆抵巴
17:03:05  INFO    [PTT/Stock] [23] [新聞] 獨／4金控「蓋牌」紀念品新曝光　居家餐
17:03:05  INFO    [PTT/Stock] [10] Re: [請益] 持股水位
17:03:05  INFO    [PTT/Stock] [93] [新聞] 台股牛氣沖天創新高 指數最高看36000點
17:03:06  INFO    [PTT/beauty] [5] [正妹] 靜靜
17:03:06  INFO    [PTT/beauty] [2] [正妹] Cosplay 2682  日本 大
17:03:06  INFO    [PTT/beauty] [5] [正妹] Lilly Lagodka 德國模特兒 175cm
17:03:06  INFO    [PTT/beauty] [5] [正妹] 長髮鄭熙靜
17:03:06  INFO    [PTT/beauty] [40] [正妹] 算正但偏小眾捏 = =
17:03:07  INFO    [PTT/movie] [2] [LIVE] HBO 21:00 一線希望
17:03:07  INFO    [PTT/movie] [14] [討論] 老港片「猛鬼大廈」裡面有一段很怪..(雷)
17:03:07  INFO    [PTT/movie] [2] [ 好雷] 比陽光好哭的no good歐吉桑
17:03:07  INFO    [PTT/movie] [8] [好雷] 極限返航──原本只是隨便吐槽的……
17:03:07  INFO    [PTT/movie] [] [好雷] 1982 龍少爺
17:03:08  INFO    [PTT/food] [] [食記] 伊娜飛魚餐廳 花蓮豐濱 飛魚卵香腸燻飛魚
17:03:08  INFO    [PTT/food] [6] [食記] 台北 祥星記一鴨三吃 好吃燒臘便當店
17:03:08  INFO    [PTT/food] [] [食記] 東京 居酒家 さいたどう燒鳥串燒 等很久
17:03:08  INFO    [PTT/food] [] [食記] 台北 士林區｜筠芝和牛本舖
17:03:08  INFO    [PTT/food] [] [食記] 吉隆坡 甲洞興記肉骨茶(分店)
17:03:09  INFO    📺 YouTube 台灣熱門...
17:03:09  INFO    🎵 TikTok...
17:03:10  INFO    [TikTok] #1 #mylivejourney
17:03:10  INFO    🛍️  Shopee 台灣熱銷...
17:03:30  WARNING    Shopee [食品飲料]: HTTPSConnectionPool(host='shopee.tw', port=443): Read timed out. (read timeout=12)
17:03:31  INFO    💬 Reddit 熱賣（本週）...
17:03:31  INFO    ✅ 生活趨勢完成
17:03:31  INFO  
④ 📰  消息面
17:03:31  INFO    [🇹🇼 台灣] 傻眼！荷姆茲全面開放辦不到 竟是伊朗找不到自布水雷
17:03:31  INFO    [🇹🇼 台灣] 中東停火「在此一舉」川普：成功我獨攬 失敗就怪他
17:03:31  INFO    [🇹🇼 台灣] 鄭習會落幕 谷立言：台灣不必在對話與嚇阻之間抉擇
17:03:31  INFO    [🇹🇼 台灣] 法院判決書揭柯文哲藉木可將政治獻金挪己用還匯兒子244萬買股票| 政治
17:03:31  INFO    [🇹🇼 台灣] 漢神洲際「免費看職棒」神祕露台曝光 業者、漢神說話了
17:03:31  INFO    [🇹🇼 台灣] 「辛樂克」明增強為今年首強颱！4/14前高溫炎熱 下週三北部變天
17:03:32  INFO    [🇯🇵 日本] 美國和伊朗開始談判尋求結束敵對行動，但遇到困難——評估減少對黎巴嫩的攻擊
17:03:33  INFO    [🇯🇵 日本] 川普“代表其他國家開始清理霍爾木茲海峽”，也提到了日本
17:03:33  INFO    [🇯🇵 日本] 根據CNN通報，中國準備向伊朗提供防空飛彈
17:03:34  INFO    [🇯🇵 日本] 京都男孩失蹤第20天，使用無人機和其他設備搜尋仍然沒有任何痕跡...小學安裝額外的安全攝影機
17:03:35  INFO    [🇯🇵 日本] 11日今天是本州今年第一個超過30℃的夏季，超過150個地點最高氣溫達25℃以上（氣象預報員值班長2026年4月11日）
17:03:37  INFO    [🇯🇵 日本] 4號颱風（新羅子）以強烈的威力逼近馬裡亞納群島
17:03:38  INFO    [🇰🇷 韓國] [突發新聞]“美國和伊朗開始談判結束巴基斯坦戰爭”
17:03:40  INFO    [🇰🇷 韓國] 高油價損害支援將從4月27日起發給70%的公民最高60萬韓元的補助
17:03:41  INFO    [🇰🇷 韓國] 涉嫌歪曲鄭元午民調的金在燮指控者受到警方調查
17:03:43  INFO    [🇰🇷 韓國] 國家力量黨釜山市長候選人樸亨俊將與民主黨全在洙對決。
17:03:44  INFO    [🇰🇷 韓國] 美國海軍艦艇通過霍爾木茲海峽…“自伊朗戰爭爆發以來首次”
17:03:44  INFO    [🇰🇷 韓國] 「楊州3歲兒童昏迷」…親生父親虐待兒童事件被證實
17:03:45  INFO    [🇺🇸 美國] Vance, Pakistan PM hold bilateral meeting as US, Iran negotiators prepare for ceasefire talks
17:03:45  INFO    [🇺🇸 美國] Calls grow for Swalwell to quit California governor race after sexual assault allegations
17:03:45  INFO    [🇺🇸 美國] Suspect shot at Grand Central after 3 people stabbed, NYPD says
17:03:45  INFO    [🇺🇸 美國] Trump says US 'clearing' Strait of Hormuz
17:03:45  INFO    [🇺🇸 美國] An Orban loss in Hungary’s election could be the turning point Putin fears
17:03:45  INFO    [🇺🇸 美國] Iran's new supreme leader has severe and disfiguring wounds, sources say
17:04:00  INFO  
🖥️  產生 HTML 報告...
17:04:00  INFO  
✅  HTML：報告_20260411_1704.html
17:04:00  INFO  ✅  CSV：機會分析_20260411_1704.csv
17:04:00  INFO  📝  Log：logs/scan_20260411_170226.log
