09:42:07  INFO  ======================================================================
09:42:07  INFO  🔥  每日機會分析系統 v10
09:42:07  INFO  📅  2026-04-04 09:42
09:42:07  INFO  ======================================================================
09:42:07  INFO  
① 🌕  CRYPTO
09:42:08  ERROR    BTC-USD: float() argument must be a string or a real number, not 'Series'
09:42:08  ERROR    ETH-USD: float() argument must be a string or a real number, not 'Series'
09:42:09  ERROR    SOL-USD: float() argument must be a string or a real number, not 'Series'
09:42:09  ERROR    BNB-USD: float() argument must be a string or a real number, not 'Series'
09:42:10  ERROR    XRP-USD: float() argument must be a string or a real number, not 'Series'
09:42:10  INFO    ✅ Crypto 0 筆
09:42:10  INFO  
② 📈  股票
09:42:11  INFO    [台] 3293.TWO     鈊象電子         $    755.00  -1.56% 多空分歧
09:42:11  INFO             買入點：— 目前無買入信號  進場區：$676.6 ~ $690.2  止損：$659.6
09:42:12  INFO    [台] 00909.TW     國泰智能電動車ETF   $     35.99  -1.83% 三線空頭
09:42:12  INFO             買入點：🎯 一條件滿足 — 待確認  進場區：$35.1 ~ $35.8  止損：$34.2
09:42:13  INFO    [台] 0056.TW      元大高股息        $     37.82  -0.76% 多空分歧
09:42:13  INFO             買入點：🎯 一條件滿足 — 待確認  進場區：$36.3 ~ $37.0  止損：$35.4
09:42:14  INFO    [台] 6111.TWO     6111擎亞       $     43.00  +1.65% 偏空
09:42:14  INFO             買入點：🎯 一條件滿足 — 待確認  進場區：$39.7 ~ $40.5  止損：$38.7
09:42:15  INFO    [台] 00878.TW     國泰永續高股息      $     22.03  -1.21% 多空分歧
09:42:15  INFO             買入點：🎯 一條件滿足 — 待確認  進場區：$21.2 ~ $21.6  止損：$20.6
09:42:16  INFO    [台] 3017.TW      奇鋐           $  2,070.00  -1.90% 多空分歧
09:42:16  INFO             買入點：— 目前無買入信號  進場區：$1,637.0 ~ $1,669.9  止損：$1,615.0
09:42:17  INFO    [台] 00713.TW     元大高息低波       $     51.35  -0.29% 多空分歧
09:42:17  INFO             買入點：🎯 一條件滿足 — 待確認  進場區：$49.8 ~ $50.8  止損：$48.6
09:42:18  INFO    [台] 00919.TW     群益台灣精選高息     $     22.30  -0.89% 多空分歧
09:42:18  INFO             買入點：🎯 一條件滿足 — 待確認  進場區：$21.7 ~ $22.2  止損：$21.2
09:42:19  INFO    [美] NVDA         NVIDIA       $    177.39  +0.93% 多空分歧
09:42:19  INFO             買入點：🎯 一條件滿足 — 待確認  進場區：$163.4 ~ $166.7  止損：$159.3
09:42:20  INFO    [美] GEV          GE Vernova   $    898.57  +0.42% 三線多頭
09:42:20  INFO             買入點：— 目前無買入信號  進場區：$772.6 ~ $788.2  止損：$753.2
09:42:21  INFO    [台] 2330.TW      台積電          $  1,810.00  -2.43% 多空分歧
09:42:21  INFO             買入點：🎯 一條件滿足 — 待確認  進場區：$1,750.5 ~ $1,785.7  止損：$1,707.2
09:42:21  INFO    [美] AMD          AMD          $    217.50  +3.47% 多空分歧
09:42:21  INFO             買入點：— 目前無買入信號  進場區：$187.6 ~ $191.4  止損：$183.3
09:42:22  INFO    [美] TSM          台積電ADR       $    339.04  -0.72% 多空分歧
09:42:22  INFO             買入點：🎯 一條件滿足 — 待確認  進場區：$312.2 ~ $318.5  止損：$304.4
09:42:24  INFO    [台] 2317.TW      鴻海           $    193.00  -2.03% 三線空頭
09:42:24  INFO             買入點：🎯 一條件滿足 — 待確認  進場區：$184.3 ~ $188.0  止損：$181.9
09:42:25  INFO    [台] 2530.TW      華建           $     24.05  -3.41% 三線空頭
09:42:25  INFO             買入點：🎯 一條件滿足 — 待確認  進場區：$23.8 ~ $24.3  止損：$23.2
09:42:26  INFO    [美] MU           美光           $    366.24  -0.44% 多空分歧
09:42:26  INFO             買入點：🎯 一條件滿足 — 待確認  進場區：$309.9 ~ $316.2  止損：$302.1
09:42:27  INFO    [美] LRCX         科林研發         $    218.44  -1.61% 三線多頭
09:42:27  INFO             買入點：🎯 一條件滿足 — 待確認  進場區：$193.1 ~ $197.0  止損：$188.3
09:42:28  INFO    [台] 00631L.TW    元大台灣50正2     $     20.00  -4.76% 偏空
09:42:28  INFO             買入點：🎯 一條件滿足 — 待確認  進場區：$-191.0 ~ $-194.8  止損：$18.5
09:42:29  INFO    [台] 00910.TW     第一金太空衛星      $     58.20  +1.31% 多空分歧
09:42:29  INFO             買入點：— 目前無買入信號  進場區：$52.1 ~ $53.1  止損：$50.8
09:42:30  INFO    [台] 2308.TW      台達電          $  1,430.00  -3.05% 多空分歧
09:42:30  INFO             買入點：🎯 一條件滿足 — 待確認  進場區：$1,189.0 ~ $1,212.9  止損：$1,159.1
09:42:30  INFO    ⏰ 9:xx 外資 16:30 後更新
09:42:30  INFO    ✅ 股票 20 筆
09:42:30  INFO  
③ 🌟  生活熱門趨勢
09:42:30  INFO    📊 Google Trends 台灣（生活/食衣住行）...
09:42:31  INFO    [食品飲料] 熱度:20 動能:+64% 最熱關鍵字：美食 🔥🔥🔥
09:42:33  INFO    [服飾美妝] 熱度:32 動能:-3% 最熱關鍵字：穿搭 ❄️
09:42:36  INFO    [居家生活] 熱度:38 動能:+21% 最熱關鍵字：家具 🔥🔥🔥
09:42:38  INFO    [娛樂3C] 熱度:43 動能:+6% 最熱關鍵字：手機 🔥🔥
09:42:41  INFO    [健康運動] 熱度:23 動能:-14% 最熱關鍵字：健身 ❄️
09:42:43  INFO    [旅遊交通] 熱度:22 動能:-18% 最熱關鍵字：機票 ❄️
09:42:45  INFO    💬 Dcard 熱門...
09:42:45  WARNING      ⚠️  www.dcard.tw → 403 Client Error: Forbidden for url: https://www.dcard.tw/f/trending
09:42:45  INFO    📋 PTT 熱門...
09:42:45  WARNING      ⚠️  www.ptt.cc → ('Connection aborted.', ConnectionResetError(104, 'Connection reset by peer'))
09:42:46  INFO    [PTT/Stock] [8] Re: [新聞] 伊朗允菲律賓船隻安全通行霍爾木茲海峽
09:42:46  INFO    [PTT/Stock] [6] Re: [標的] 2409 友達 (2025.05.20 面板報價)
09:42:46  INFO    [PTT/Stock] [爆] [新聞] 快訊／經長龔明鑫提前宣布下周油價不調漲
09:42:46  INFO    [PTT/Stock] [4] Re: [新聞] 戰火燒向塑料供應鏈！PET原料大缺貨 美
09:42:46  INFO    [PTT/Stock] [22] [請益] 要賣實體黃金攤平股票嗎？還是留黃金或
09:42:47  INFO    [PTT/beauty] [17] [正妹] BABYMONSTER ASA
09:42:47  INFO    [PTT/beauty] [24] [正妹] 逐玉 女主角
09:42:47  INFO    [PTT/beauty] [] [神人] WBC 東京採訪記者
09:42:47  INFO    [PTT/beauty] [93] [公告] 不願上表特 ＆ 優文推薦 ＆ 檢舉建議專區
09:42:48  INFO    [PTT/movie] [3] [ 好雷] 超級瑪莉歐電影2
09:42:48  INFO    [PTT/movie] [5] [討論] 陶比蜘蛛人 哈利反目成仇的動機合理嗎？
09:42:48  INFO    [PTT/movie] [] [新聞] 總獎金暴漲135萬！桃園電影獎倒數計時 導演聽到開心「不怕通
09:42:48  INFO    [PTT/movie] [10] [討論] 奧德賽該不會是文戲偏多的電影吧
09:42:48  INFO    [PTT/movie] [12] [新聞] 獨／《周處》全球狂賣30億爆分紅糾紛！
09:42:49  INFO    [PTT/food] [] [食記] Onigiri Takeya 日本福島 平價又好吃飯糰
09:42:49  INFO    [PTT/food] [] [食記] 桃園市八德區。桃鶯生炒羊肉
09:42:49  INFO    [PTT/food] [] [食記] 新北蘆洲 Yoooi Yakiniku有壹燒肉
09:42:49  INFO    [PTT/food] [1] [食記] 磐石坊 台北大安 椰香微辣巴東牛肉薑黃飯
09:42:50  INFO    📺 YouTube 台灣熱門...
09:42:50  INFO    🎵 TikTok...
09:42:52  INFO    [TikTok] #1 #semanasanta
09:42:52  INFO    🛍️  Shopee 台灣熱銷...
09:42:55  INFO    💬 Reddit 熱賣（本週）...
09:42:55  INFO    ✅ 生活趨勢完成
09:42:55  INFO  
④ 📰  消息面
09:42:58  INFO    [🇹🇼 台灣] 大雨釀苗栗多處淹水！排水孔驚見「整群吳郭魚」扭動 民眾搶救放大排
09:42:58  INFO    [🇹🇼 台灣] 伊朗擊落美軍戰機! 「祭200萬懸賞追捕飛行員」美特種部隊救出1人
09:42:58  INFO    [🇹🇼 台灣] 最強春雨鋒面恐致災 專家示警中南部：降雨訊號最顯著「強度最猛烈」
09:42:58  INFO    [🇹🇼 台灣] 西部冬雨75年新低！清明春雨救旱 中部水庫水位止枯回升
09:42:58  INFO    [🇹🇼 台灣] 麻豆驚傳關閉！吳夢夢無奈被貼「私生活亂」標籤 反讚台灣人：沒後悔過
09:42:58  INFO    [🇹🇼 台灣] 阿提米絲2號前進月球首批震撼美照傳回地球| 科技
09:43:00  INFO    [🇯🇵 日本] 伊朗擊落兩架美國飛機、F15E戰鬥機和A10攻擊機，凸顯革命衛隊的目標
09:43:02  INFO    [🇯🇵 日本] 商船三井Lines油輪經霍爾木茲海峽，繼液化天然氣運輸船之後第二艘[美以攻擊伊朗，伊朗局勢]
09:43:04  INFO    [🇯🇵 日本] NASA 發布了阿耳忒彌斯 2 號太空人首次拍攝的令人驚嘆的地球圖像
09:43:06  INFO    [🇯🇵 日本] 京都六年級男孩失蹤；學校將舉行家長說明會（發佈於2026年4月3日）|日本電視台新聞 NNN
09:43:07  INFO    [🇯🇵 日本] 高野山：奧之院入口處將設置英文和日文「請不要穿著暴露的衣服」標誌
09:43:08  INFO    [🇯🇵 日本] 愛知縣的死者是一名 41 歲的伊朗公民，他被發現在醫院，全身受傷。
09:43:09  INFO    [🇰🇷 韓國] 尹錫烈被解職的廣場再次聚集市民……“偉大的社會改革，現在開始”
09:43:10  INFO    [🇰🇷 韓國] 三名泰國水手在伊朗襲擊中失踪...船上發現遺體
09:43:11  INFO    [🇰🇷 韓國] 「伊朗暫時不太可能開放霍爾木茲」…美國情報機構判斷
09:43:13  INFO    [🇰🇷 韓國] “누군가 날 사냥하는 것 같았다” 과거 격추된 美조종사 생존기
09:43:14  INFO    [🇰🇷 韓國] 一個春雨綿綿的週六早晨…櫻花燦爛的春天已經過去了
09:43:15  INFO    [🇰🇷 韓國] 테헤란 때린 트럼프 "더 많은 일 벌어질것"…이란 "F-35 격추" 주장
09:43:15  INFO    [🇺🇸 美國] Middle East crisis live: US and Iran race to recover missing pilot from downed jet; another ship passes through strait of Hormuz
09:43:15  INFO    [🇺🇸 美國] ‘This is a recalibration’: Trump Cabinet worries no one is safe after Bondi and Noem firings
09:43:15  INFO    [🇺🇸 美國] Brush fires burning in Moreno Valley and Acton area
09:43:15  INFO    [🇺🇸 美國] White House budget proposal silent on civilian federal pay raise
09:43:15  INFO    [🇺🇸 美國] NASA's Artemis II crew are quite the photographers. See what they've snapped so far
09:43:15  INFO    [🇺🇸 美國] Judge rejects Department of Justice bid to reinstate Powell subpoenas
09:43:29  INFO  
🖥️  產生 HTML 報告...
09:43:29  INFO  
✅  HTML：報告_20260404_0943.html
09:43:29  INFO  ✅  CSV：機會分析_20260404_0943.csv
09:43:29  INFO  📝  Log：logs/scan_20260404_094207.log
