10:08:46  INFO  ======================================================================
10:08:46  INFO  🔥  每日機會分析系統 v10
10:08:46  INFO  📅  2026-04-01 10:08
10:08:46  INFO  ======================================================================
10:08:46  INFO  
① 🌕  CRYPTO
10:08:47  ERROR    BTC-USD: float() argument must be a string or a real number, not 'Series'
10:08:47  ERROR    ETH-USD: float() argument must be a string or a real number, not 'Series'
10:08:48  ERROR    SOL-USD: float() argument must be a string or a real number, not 'Series'
10:08:48  ERROR    BNB-USD: float() argument must be a string or a real number, not 'Series'
10:08:49  ERROR    XRP-USD: float() argument must be a string or a real number, not 'Series'
10:08:49  INFO    ✅ Crypto 0 筆
10:08:49  INFO  
② 📈  股票
10:08:50  INFO    [台] 3293.TWO     鈊象電子         $    767.00  +1.86% 多空分歧
10:08:50  INFO             買入點：— 目前無買入信號  進場區：$669.6 ~ $683.1  止損：$652.8
10:08:50  INFO    [台] 00909.TW     國泰智能電動車ETF   $     36.66  +3.09% 三線空頭
10:08:50  INFO             買入點：🎯 一條件滿足 — 待確認  進場區：$35.1 ~ $35.8  止損：$34.2
10:08:51  INFO    [台] 0056.TW      元大高股息        $     38.11  +2.64% 多空分歧
10:08:51  INFO             買入點：🎯 一條件滿足 — 待確認  進場區：$36.3 ~ $37.0  止損：$35.4
10:08:52  INFO    [台] 6111.TWO     6111擎亞       $     42.30  +2.79% 三線空頭
10:08:52  INFO             買入點：🎯 一條件滿足 — 待確認  進場區：$39.7 ~ $40.5  止損：$38.7
10:08:53  INFO    [台] 00878.TW     國泰永續高股息      $     22.30  +2.25% 多空分歧
10:08:53  INFO             買入點：🎯🎯 兩條件滿足 — 觀察買入點  進場區：$21.2 ~ $21.6  止損：$20.6
10:08:54  INFO    [台] 3017.TW      奇鋐           $  2,110.00  +6.03% 多空分歧
10:08:54  INFO             買入點：— 目前無買入信號  進場區：$1,622.5 ~ $1,655.1  止損：$1,615.0
10:08:54  INFO    [台] 00713.TW     元大高息低波       $     51.50  +1.68% 多空分歧
10:08:54  INFO             買入點：🎯🎯 兩條件滿足 — 觀察買入點  進場區：$49.8 ~ $50.8  止損：$48.6
10:08:55  INFO    [台] 00919.TW     群益台灣精選高息     $     22.50  +2.18% 多空分歧
10:08:55  INFO             買入點：🎯 一條件滿足 — 待確認  進場區：$21.7 ~ $22.2  止損：$21.2
10:08:56  INFO    [美] NVDA         NVIDIA       $    174.40  +5.59% 三線空頭
10:08:56  INFO             買入點：🎯 一條件滿足 — 待確認  進場區：$163.4 ~ $166.7  止損：$159.3
10:08:57  INFO    [美] GEV          GE Vernova   $    872.90  +6.80% 多空分歧
10:08:57  INFO             買入點：🎯 一條件滿足 — 待確認  進場區：$772.6 ~ $788.2  止損：$753.2
10:08:58  INFO    [台] 2330.TW      台積電          $  1,855.00  +5.40% 多空分歧
10:08:58  INFO             買入點：🎯 一條件滿足 — 待確認  進場區：$1,751.2 ~ $1,786.4  止損：$1,707.2
10:08:58  INFO    [美] AMD          AMD          $    203.43  +3.77% 多空分歧
10:08:58  INFO             買入點：🎯 一條件滿足 — 待確認  進場區：$188.1 ~ $191.9  止損：$183.3
10:08:59  INFO    [美] TSM          台積電ADR       $    337.95  +6.78% 多空分歧
10:08:59  INFO             買入點：🎯 一條件滿足 — 待確認  進場區：$312.2 ~ $318.5  止損：$304.4
10:09:00  INFO    [台] 2317.TW      鴻海           $    197.00  +5.07% 三線空頭
10:09:00  INFO             買入點：🎯 一條件滿足 — 待確認  進場區：$185.0 ~ $188.7  止損：$181.9
10:09:01  INFO    [台] 2530.TW      華建           $     24.90  +1.22% 三線空頭
10:09:01  INFO             買入點：🎯 一條件滿足 — 待確認  進場區：$24.2 ~ $24.7  止損：$23.8
10:09:02  INFO    [美] MU           美光           $    337.84  +4.98% 多空分歧
10:09:02  INFO             買入點：🎯 一條件滿足 — 待確認  進場區：$309.9 ~ $316.2  止損：$302.1
10:09:03  INFO    [美] LRCX         科林研發         $    213.66  +6.87% 多空分歧
10:09:03  INFO             買入點：🎯 一條件滿足 — 待確認  進場區：$193.1 ~ $197.0  止損：$188.3
10:09:03  INFO    [台] 00631L.TW    元大台灣50正2     $     21.00  +9.03% 偏空
10:09:03  INFO             買入點：🎯 一條件滿足 — 待確認  進場區：$-162.0 ~ $-165.3  止損：$18.5
10:09:04  INFO    [台] 00910.TW     第一金太空衛星      $     57.45  +5.41% 多空分歧
10:09:04  INFO             買入點：🎯 一條件滿足 — 待確認  進場區：$52.1 ~ $53.1  止損：$50.8
10:09:05  INFO    [台] 2308.TW      台達電          $  1,475.00  +6.88% 多空分歧
10:09:05  INFO             買入點：🎯 一條件滿足 — 待確認  進場區：$1,189.0 ~ $1,212.9  止損：$1,159.1
10:09:05  INFO    ⏰ 10:xx 外資 16:30 後更新
10:09:05  INFO    ✅ 股票 20 筆
10:09:05  INFO  
③ 🌟  生活熱門趨勢
10:09:05  INFO    📊 Google Trends 台灣（生活/食衣住行）...
10:09:06  INFO    [食品飲料] 熱度:12 動能:+8% 最熱關鍵字：美食 🔥🔥
10:09:09  INFO    [服飾美妝] 熱度:25 動能:-23% 最熱關鍵字：穿搭 ❄️
10:09:12  INFO    [居家生活] 熱度:27 動能:-9% 最熱關鍵字：家具 ❄️
10:09:14  INFO    [娛樂3C] 熱度:35 動能:-12% 最熱關鍵字：手機 ❄️
10:09:17  INFO    [健康運動] 熱度:26 動能:-8% 最熱關鍵字：健身 ❄️
10:09:19  INFO    [旅遊交通] 熱度:28 動能:-1% 最熱關鍵字：機票 ❄️
10:09:21  INFO    💬 Dcard 熱門...
10:09:22  WARNING      ⚠️  www.dcard.tw → 403 Client Error: Forbidden for url: https://www.dcard.tw/f/trending
10:09:22  INFO    📋 PTT 熱門...
10:09:22  INFO    [PTT/Gossiping] [13] [問卦] 被輾成兩截的外送員 他家人開始不爽了
10:09:22  INFO    [PTT/Gossiping] [6] [問卦] 買個掃地機很困難嗎?
10:09:22  INFO    [PTT/Gossiping] [] [問卦] 哪個國家無照超速在斑馬線撞死人罪很輕?
10:09:22  INFO    [PTT/Gossiping] [2] [問卦] 日本足球實力
10:09:22  INFO    [PTT/Gossiping] [] [問卦]韓國節目天機試煉場是真的還是唬爛？
10:09:23  INFO    [PTT/Stock] [2] [情報] 川普過去30天戰爭放話對於台股的影響
10:09:23  INFO    [PTT/Stock] [] [公告] 股票板板規 v4.7 (2024/10/06 修正)
10:09:23  INFO    [PTT/Stock] [6] [公告] 4-6-1罰則將在1/22開始到年底加重至30天
10:09:23  INFO    [PTT/Stock] [爆] [閒聊] 2026/04/01 盤後閒聊
10:09:24  INFO    [PTT/beauty] [7] [正妹] Alexis Bumgarner
10:09:24  INFO    [PTT/beauty] [3] [正妹] 笑容可掬
10:09:24  INFO    [PTT/beauty] [7] [正妹] 不是普但大！ 朴淡備
10:09:24  INFO    [PTT/beauty] [20] [正妹] 寵物溝通師
10:09:24  INFO    [PTT/beauty] [2] [正妹] 林米可
10:09:25  INFO    [PTT/movie] [] [好雷] 日租家庭
10:09:25  INFO    [PTT/movie] [7] [新聞]DCU《超少女》結局基調更黑暗引討論！
10:09:25  INFO    [PTT/movie] [] [新聞]安德魯加菲爾德疑加盟《復聯秘密戰爭》！
10:09:25  INFO    [PTT/movie] [5] [情報] 火遮眼 The Furious
10:09:26  INFO    [PTT/food] [2] [食記] Tacos Luca 新北新店 餅香脆豬腿肉酥Taco
10:09:26  INFO    [PTT/food] [] Fw: [食記] 慶豐牛排
10:09:26  INFO    [PTT/food] [] [食記] [新竹] 福記包子饅頭 ～買2送1／買5送1
10:09:26  INFO    [PTT/food] [] [食記] 雙喜饅頭 新北新莊 抹茶紅豆雜糧起司饅頭
10:09:27  INFO    📺 YouTube 台灣熱門...
10:09:27  INFO    🎵 TikTok...
10:09:27  INFO    [TikTok] #1 #semanasanta
10:09:27  INFO    🛍️  Shopee 台灣熱銷...
10:09:31  INFO    💬 Reddit 熱賣（本週）...
10:09:31  INFO    ✅ 生活趨勢完成
10:09:31  INFO  
④ 📰  消息面
10:09:31  INFO    [🇹🇼 台灣] 毀滅式報復！伊朗4月1日起將攻擊輝達、蘋果等18家公司在中東的設施| 美以轟炸伊朗| 全球
10:09:31  INFO    [🇹🇼 台灣] 柯文哲一審17年！「蔣萬安推了一把」北市府公文揭決策違法最快入獄時間曝| 政治
10:09:31  INFO    [🇹🇼 台灣] 鄭麗文稱「全世界都奉行一中政策共識」 李明哲：國民黨正式認輸了| 政治
10:09:31  INFO    [🇹🇼 台灣] 賴香伶嗆李貞秀要知所進退 黃國昌：很多黨員共同心聲
10:09:31  INFO    [🇹🇼 台灣] 病榻夢魘！女星「遭救護員脫褲性侵」強拍裸照 悲憤發聲：絕不和解
10:09:31  INFO    [🇹🇼 台灣] 顏家友人：顏慧欣第一天到OTN辦公室 就被咆哮
10:09:35  INFO    [🇯🇵 日本] 川普總統表示“目標已實現”且“無需達成協議”，暗示美國可能在 2-3 週內撤軍 伊朗局勢
10:09:38  INFO    [🇯🇵 日本] 自行車藍票系統啟動，上午1小時18名警察盯緊…16起違法行為福井縣警方一次嚴厲打擊引導
10:09:39  INFO    [🇯🇵 日本] 伊朗巡航飛彈襲擊卡達附近的油輪，無人機停在科威特機場
10:09:40  INFO    [🇯🇵 日本] 【突發新聞】RDP表示，如果沒有總理參加審議，預算法案將很難進行投票
10:09:42  INFO    [🇯🇵 日本] 栃木縣、神奈川縣發生5級以下地震，橫濱、川崎、相模原等地發生2級地震。
10:09:47  INFO    [🇯🇵 日本] 川普對英法不滿稱「拒絕參與」針對伊朗的行動…國務卿盧比歐提及對北約聯盟的審查
10:09:49  INFO    [🇰🇷 韓國] 韓國-印尼領導人「將關係提升為特殊全面戰略夥伴關係」…簽署了包括關鍵礦產在內的16份諒解備忘錄
10:09:50  INFO    [🇰🇷 韓國] 從8日起，進入公共停車場的私人客車也將實施5小時制度。
10:09:51  INFO    [🇰🇷 韓國] 「我將在2-3週內離開」·「我尋求徹底結束」…一場戰鬥之後，美國和伊朗發出了戰爭結束的信號。
10:09:52  INFO    [🇰🇷 韓國] 金在燮：“鄭元午，我沒有用與女員工單獨出差的表達方式。”
10:09:53  INFO    [🇰🇷 韓國] 伊朗公開針對英偉達……“美國間諜，我們將針對他們。”
10:09:56  INFO    [🇰🇷 韓國] 儘管承諾“在2-3週內結束戰爭”，但川普難以從伊朗撤軍的原因有3個。
10:09:56  INFO    [🇺🇸 美國] Trump says US will 'leave' Iran within weeks as Tehran says it has 'necessary will' to end war
10:09:56  INFO    [🇺🇸 美國] Trump plans to attend Wednesday's Supreme Court hearing on birthright citizenship
10:09:56  INFO    [🇺🇸 美國] Trump's White House ballroom project halted by judge
10:09:56  INFO    [🇺🇸 美國] Trump issues order attempting to change rules for mail-in voting
10:09:56  INFO    [🇺🇸 美國] Kidnapping of US journalist in Iraq linked to Iranian militants
10:09:56  INFO    [🇺🇸 美國] Hegseth says suspensions lifted for helicopter crews who hovered over Kid Rock home
10:10:10  INFO  
🖥️  產生 HTML 報告...
10:10:10  INFO  
✅  HTML：報告_20260401_1010.html
10:10:10  INFO  ✅  CSV：機會分析_20260401_1010.csv
10:10:10  INFO  📝  Log：logs/scan_20260401_100846.log
