09:59:08  INFO  ======================================================================
09:59:08  INFO  🔥  每日機會分析系統 v10
09:59:08  INFO  📅  2026-03-24 09:59
09:59:08  INFO  ======================================================================
09:59:08  INFO  
① 🌕  CRYPTO
09:59:08  ERROR    BTC-USD: float() argument must be a string or a real number, not 'Series'
09:59:09  ERROR    ETH-USD: float() argument must be a string or a real number, not 'Series'
09:59:10  ERROR    SOL-USD: float() argument must be a string or a real number, not 'Series'
09:59:11  ERROR    BNB-USD: float() argument must be a string or a real number, not 'Series'
09:59:11  ERROR    XRP-USD: float() argument must be a string or a real number, not 'Series'
09:59:12  INFO    ✅ Crypto 0 筆
09:59:12  INFO  
② 📈  股票
09:59:12  INFO    [台] 3293.TWO     鈊象電子         $    735.00  +1.24% 多空分歧
09:59:12  INFO             買入點：— 目前無買入信號  進場區：$666.5 ~ $679.9  止損：$649.9
09:59:13  INFO    [台] 00909.TW     國泰智能電動車ETF   $     39.31  +2.45% 偏空
09:59:13  INFO             買入點：🎯🎯 兩條件滿足 — 觀察買入點  進場區：$36.2 ~ $36.9  止損：$35.3
09:59:14  INFO    [台] 0056.TW      元大高股息        $     38.04  +0.18% 多空分歧
09:59:14  INFO             買入點：🎯🎯 兩條件滿足 — 觀察買入點  進場區：$36.3 ~ $37.0  止損：$35.4
09:59:15  INFO    [台] 6111.TWO     6111擎亞       $     42.10  -2.21% 三線空頭
09:59:15  INFO             買入點：🎯 一條件滿足 — 待確認  進場區：$40.8 ~ $41.6  止損：$39.8
09:59:16  INFO    [台] 00878.TW     國泰永續高股息      $     22.08  +0.00% 多空分歧
09:59:16  INFO             買入點：🎯🎯 兩條件滿足 — 觀察買入點  進場區：$21.2 ~ $21.6  止損：$20.6
09:59:17  INFO    [台] 3017.TW      奇鋐           $  1,945.00  -2.51% 三線多頭
09:59:17  INFO             買入點：— 目前無買入信號  進場區：$1,502.5 ~ $1,532.6  止損：$1,464.7
09:59:18  INFO    [台] 00713.TW     元大高息低波       $     51.35  +0.79% 多空分歧
09:59:18  INFO             買入點：🎯🎯 兩條件滿足 — 觀察買入點  進場區：$49.8 ~ $50.8  止損：$48.6
09:59:19  INFO    [台] 00919.TW     群益台灣精選高息     $     22.41  -0.13% 多空分歧
09:59:19  INFO             買入點：🎯 一條件滿足 — 待確認  進場區：$21.7 ~ $22.2  止損：$21.2
09:59:20  INFO    [美] NVDA         NVIDIA       $    175.64  +1.70% 三線空頭
09:59:20  INFO             買入點：🎯 一條件滿足 — 待確認  進場區：$170.9 ~ $174.3  止損：$166.6
09:59:21  INFO    [美] GEV          GE Vernova   $    882.64  +3.71% 三線多頭
09:59:21  INFO             買入點：🎯 一條件滿足 — 待確認  進場區：$772.6 ~ $788.2  止損：$753.2
09:59:22  INFO    [台] 2330.TW      台積電          $  1,810.00  +0.00% 多空分歧
09:59:22  INFO             買入點：🎯 一條件滿足 — 待確認  進場區：$1,755.4 ~ $1,790.7  止損：$1,711.3
09:59:23  INFO    [美] AMD          AMD          $    202.68  +0.67% 多空分歧
09:59:23  INFO             買入點：🎯 一條件滿足 — 待確認  進場區：$187.3 ~ $191.0  止損：$182.6
09:59:24  INFO    [美] TSM          台積電ADR       $    338.45  +2.80% 多空分歧
09:59:24  INFO             買入點：🎯 一條件滿足 — 待確認  進場區：$316.3 ~ $322.6  止損：$315.4
09:59:25  INFO    [台] 2317.TW      鴻海           $    195.00  -0.51% 三線空頭
09:59:25  INFO             買入點：🎯 一條件滿足 — 待確認  進場區：$188.3 ~ $192.1  止損：$188.2
09:59:26  INFO    [台] 2530.TW      華建           $     25.05  -0.20% 偏空
09:59:26  INFO             買入點：🎯 一條件滿足 — 待確認  進場區：$24.2 ~ $24.6  止損：$23.8
09:59:27  INFO    [美] MU           美光           $    404.35  -4.39% 多空分歧
09:59:27  INFO             買入點：🎯 一條件滿足 — 待確認  進場區：$355.9 ~ $363.0  止損：$346.9
09:59:28  INFO    [美] LRCX         科林研發         $    233.31  +2.17% 多空分歧
09:59:28  INFO             買入點：🎯 一條件滿足 — 待確認  進場區：$193.1 ~ $197.0  止損：$188.3
09:59:29  INFO    [台] 00631L.TW    元大台灣50正2     $    443.15  +0.08% 多空分歧
09:59:29  INFO             買入點：🎯 一條件滿足 — 待確認  進場區：$414.4 ~ $422.7  止損：$404.0
09:59:29  INFO    [台] 00910.TW     第一金太空衛星      $     57.95  +3.76% 偏多
09:59:29  INFO             買入點：🎯🎯 兩條件滿足 — 觀察買入點  進場區：$52.1 ~ $53.1  止損：$50.8
09:59:30  INFO    [台] 2308.TW      台達電          $  1,415.00  +0.35% 多空分歧
09:59:30  INFO             買入點：— 目前無買入信號  進場區：$1,189.0 ~ $1,212.9  止損：$1,159.1
09:59:31  INFO    ⏰ 9:xx 外資 16:30 後更新
09:59:31  INFO    ✅ 股票 20 筆
09:59:31  INFO  
③ 🌟  生活熱門趨勢
09:59:31  INFO    📊 Google Trends 台灣（生活/食衣住行）...
09:59:32  INFO    [食品飲料] 熱度:12 動能:+4% 最熱關鍵字：美食 🔥
09:59:35  INFO    [服飾美妝] 熱度:22 動能:-22% 最熱關鍵字：穿搭 ❄️
09:59:38  INFO    [居家生活] 熱度:30 動能:+3% 最熱關鍵字：家具 🔥
09:59:40  INFO    [娛樂3C] 熱度:31 動能:-16% 最熱關鍵字：手機 ❄️
09:59:43  INFO    [健康運動] 熱度:42 動能:+10% 最熱關鍵字：健身 🔥🔥
09:59:45  INFO    [旅遊交通] 熱度:27 動能:-3% 最熱關鍵字：機票 ❄️
09:59:47  INFO    💬 Dcard 熱門...
09:59:47  WARNING      ⚠️  www.dcard.tw → 403 Client Error: Forbidden for url: https://www.dcard.tw/f/trending
09:59:47  INFO    📋 PTT 熱門...
09:59:48  WARNING      ⚠️  www.ptt.cc → ('Connection aborted.', ConnectionResetError(104, 'Connection reset by peer'))
09:59:48  INFO    [PTT/Stock] [爆] [情報] 115年03月24日 三大法人買賣金額統計表
09:59:48  INFO    [PTT/Stock] [19] [新聞] 波克夏砸下578億元 入股台灣這家保險業
09:59:48  INFO    [PTT/Stock] [63] [新聞] 美伊戰事若拖到6月底 群益投顧：台股Q2區
09:59:48  INFO    [PTT/Stock] [65] Re: [新聞] 伊朗官媒：美用談判假消息挑撥 目的是誘
09:59:49  INFO    [PTT/beauty] [1] [正妹] 辣華航空姐
09:59:49  INFO    [PTT/beauty] [1] [神人] depic內衣模特兒
09:59:49  INFO    [PTT/beauty] [92] [公告] 不願上表特 ＆ 優文推薦 ＆ 檢舉建議專區
09:59:49  INFO    [PTT/beauty] [1] [公告] 口罩文會退文
09:59:49  INFO    [PTT/beauty] [] [公告] 表特板板規(2022.10.22)
09:59:50  INFO    [PTT/movie] [] [好雷] 《家庭休止符》Serre moi fort
09:59:50  INFO    [PTT/movie] [11] [好雷] 雙囍──解析超現實主義段落
09:59:50  INFO    [PTT/movie] [23] [討論] 海洋奇緣 真人版低能預告
09:59:50  INFO    [PTT/movie] [] Re: [討論] 2026年對台灣男演員的看法
09:59:50  INFO    [PTT/movie] [1] [討論] 瘋人院「最後極限返航」預告 先上映
09:59:51  INFO    [PTT/food] [] [食記] 台北士林區 Subber潛艇堡
09:59:51  INFO    [PTT/food] [] [食記] 宜蘭羅東白橡｜WhiteOak│路過的美味甜點
09:59:51  INFO    [PTT/food] [] [食記] 日本 旭川成吉思汗大黑屋 無腥味羔羊炙烤
09:59:51  INFO    [PTT/food] [] [食記] 劉家蝦公粄 屏東內埔 酥脆九層塔香蝦公粄
09:59:51  INFO    [PTT/food] [] [食記] 香港 HashtagB 超酥脆蛋撻大推開心果口味
09:59:52  INFO    📺 YouTube 台灣熱門...
09:59:52  INFO    🎵 TikTok...
09:59:53  INFO    [TikTok] #1 #arsenal
09:59:53  INFO    🛍️  Shopee 台灣熱銷...
09:59:56  INFO    💬 Reddit 熱賣（本週）...
09:59:56  INFO    ✅ 生活趨勢完成
09:59:56  INFO  
④ 📰  消息面
09:59:56  INFO    [🇹🇼 台灣] 川普突喊伊朗戰爭有望5天結束！美股與台指期止跌反彈謝金河：這次算市場修正調整| 財經
09:59:56  INFO    [🇹🇼 台灣] 京華城案李貞秀指高虹安拿柯文哲7百萬 高駁斥：放話者自重
09:59:56  INFO    [🇹🇼 台灣] 糖葫蘆吃到飽1699元挨批！業者曝1口味500元：吃3.398串不就回本了
09:59:56  INFO    [🇹🇼 台灣] 正副機師喪命！76人客機時速39km撞上消防車 機鼻嚴重毀損停飛
09:59:56  INFO    [🇹🇼 台灣] 李彥秀還在問F-16V沒來 顧立雄動怒「不曉得說幾遍了」：一個購案延宕就不備戰？
09:59:56  INFO    [🇹🇼 台灣] 國際重大空難 已釀66死
09:59:59  INFO    [🇯🇵 日本] 美國總統川普告訴國防部長赫格塞斯：“我認為你是第一個就針對伊朗的軍事行動大聲疾呼的人”
10:00:01  INFO    [🇯🇵 日本] 高中教科書考試，令和書除外；缺乏提及人工智慧使用先決條件
10:00:02  INFO    [🇯🇵 日本] 天皇家人推遲對岩手縣和宮城縣的訪問；皇室陛下持續出現感冒症狀 - 宮內廳
10:00:03  INFO    [🇯🇵 日本] 財務大臣片山在製定臨時預算時“做好了應對突發情況的準備”……目標是在財政年度內完成，但“我們不能允許預算出現哪怕一天的缺口。”
10:00:04  INFO    [🇯🇵 日本] 角度：伊朗革命衛隊重組黎巴嫩真主黨，為戰爭做準備
10:00:05  INFO    [🇯🇵 日本] 高市首相和川普先生笑得很開心，但是…官方影片中刪除的「拜登霸凌行為」缺乏尊嚴。
10:00:07  INFO    [🇰🇷 韓國] 李總統“先發制人，啟動中東戰爭應急體系…重新審視煤電廠關閉時間表的調整”
10:00:08  INFO    [🇰🇷 韓國] 美軍空降兵18小時內奔赴任何地方…“考慮利用奪取伊朗哈格島”
10:00:09  INFO    [🇰🇷 韓國] 이란 “트럼프와 협상 NO…호르무즈 예전으로 못 돌아가”
10:00:11  INFO    [🇰🇷 韓國] 公務車5小時制，違規4次「紀律處分」…考慮在家工作
10:00:13  INFO    [🇰🇷 韓國] 「如果尹錫烈當選，我將償還所有債務…」『非法民調』審判中姜惠京的聲音
10:00:14  INFO    [🇰🇷 韓國] 大邱市長停職、競選補選？ ……李鎮淑“如果黨派提出要求，我會考慮的。”
10:00:14  INFO    [🇺🇸 美國] Trump news at a glance: president touts ‘strong talks’ with Iran that Iran says have not happened
10:00:14  INFO    [🇺🇸 美國] Markwayne Mullin confirmed as Department of Homeland Security head
10:00:14  INFO    [🇺🇸 美國] Live Updates: Trump calls off Strait of Hormuz ultimatum as Iran receives U.S. message from mediators
10:00:14  INFO    [🇺🇸 美國] ‘Don’t Make Any Deal’: Trump Tells Republicans to Hold Firm on Shutdown Talks
10:00:14  INFO    [🇺🇸 美國] Pentagon revises rules for journalists after lawsuit loss, raising press group's ire
10:00:14  INFO    [🇺🇸 美國] Here’s what to know as the scope of damage from Hawaii’s floods becomes clearer
10:00:28  INFO  
🖥️  產生 HTML 報告...
10:00:28  INFO  
✅  HTML：報告_20260324_1000.html
10:00:28  INFO  ✅  CSV：機會分析_20260324_1000.csv
10:00:28  INFO  📝  Log：logs/scan_20260324_095908.log
