23:35:10  INFO  ======================================================================
23:35:10  INFO  🔥  每日機會分析系統 v10
23:35:10  INFO  📅  2026-04-26 23:35
23:35:10  INFO  ======================================================================
23:35:10  INFO  
① 🌕  CRYPTO
23:35:10  ERROR    BTC-USD: float() argument must be a string or a real number, not 'Series'
23:35:11  ERROR    ETH-USD: float() argument must be a string or a real number, not 'Series'
23:35:11  ERROR    SOL-USD: float() argument must be a string or a real number, not 'Series'
23:35:12  ERROR    BNB-USD: float() argument must be a string or a real number, not 'Series'
23:35:12  ERROR    XRP-USD: float() argument must be a string or a real number, not 'Series'
23:35:13  INFO    ✅ Crypto 0 筆
23:35:13  INFO  
② 📈  股票
23:35:13  INFO    [台] 3293.TWO     鈊象電子         $    753.00  -1.05% 多空分歧
23:35:13  INFO             買入點：🎯 一條件滿足 — 待確認  進場區：$727.3 ~ $742.0  止損：$709.1
23:35:14  INFO    [台] 00909.TW     國泰智能電動車ETF   $     42.99  +0.30% 多空分歧
23:35:14  INFO             買入點：— 目前無買入信號  進場區：$31.6 ~ $32.2  止損：$32.1
23:35:15  INFO    [台] 0056.TW      元大高股息        $     40.95  +0.74% 三線多頭
23:35:15  INFO             買入點：— 目前無買入信號  進場區：$35.4 ~ $36.1  止損：$35.1
23:35:16  INFO    [台] 6111.TWO     6111擎亞       $     47.80  -1.65% 多空分歧
23:35:16  INFO             買入點：— 目前無買入信號  進場區：$39.5 ~ $40.3  止損：$38.7
23:35:17  INFO    [台] 00878.TW     國泰永續高股息      $     25.00  +1.38% 三線多頭
23:35:17  INFO             買入點：— 目前無買入信號  進場區：$21.0 ~ $21.5  止損：$21.1
23:35:18  INFO    [台] 3017.TW      奇鋐           $  2,945.00  +9.89% 三線多頭
23:35:18  INFO             買入點：— 目前無買入信號  進場區：$1,827.3 ~ $1,864.1  止損：$1,886.6
23:35:19  INFO    [台] 00713.TW     元大高息低波       $     53.45  +0.19% 多空分歧
23:35:19  INFO             買入點：— 目前無買入信號  進場區：$50.2 ~ $51.2  止損：$49.1
23:35:20  INFO    [台] 00919.TW     群益台灣精選高息     $     23.50  +0.21% 偏多
23:35:20  INFO             買入點：— 目前無買入信號  進場區：$21.8 ~ $22.2  止損：$21.3
23:35:21  INFO    [美] NVDA         NVIDIA       $    208.27  +4.32% 三線多頭
23:35:21  INFO             買入點：— 目前無買入信號  進場區：$161.5 ~ $164.8  止損：$159.3
23:35:21  INFO    [美] GEV          GE Vernova   $  1,149.19  -0.03% 三線多頭
23:35:21  INFO             買入點：— 目前無買入信號  進場區：$782.4 ~ $798.1  止損：$782.8
23:35:22  INFO    [台] 2330.TW      台積電          $  2,185.00  +5.05% 三線多頭
23:35:22  INFO             買入點：— 目前無買入信號  進場區：$1,710.8 ~ $1,745.2  止損：$1,707.2
23:35:23  INFO    [美] AMD          AMD          $    347.81 +13.91% 三線多頭
23:35:23  INFO             買入點：— 目前無買入信號  進場區：$168.9 ~ $172.3  止損：$187.1
23:35:24  INFO    [美] TSM          台積電ADR       $    402.46  +5.17% 三線多頭
23:35:24  INFO             買入點：— 目前無買入信號  進場區：$312.2 ~ $318.5  止損：$304.4
23:35:25  INFO    [台] 2317.TW      鴻海           $    221.50  -1.56% 多空分歧
23:35:25  INFO             買入點：— 目前無買入信號  進場區：$183.0 ~ $186.7  止損：$181.9
23:35:26  INFO    [台] 2530.TW      華建           $     21.85  +0.46% 三線空頭
23:35:26  INFO             買入點：🎯 一條件滿足 — 待確認  進場區：$20.9 ~ $21.3  止損：$20.8
23:35:27  INFO    [美] MU           美光           $    496.72  +3.11% 三線多頭
23:35:27  INFO             買入點：— 目前無買入信號  進場區：$309.9 ~ $316.2  止損：$302.1
23:35:28  INFO    [美] LRCX         科林研發         $    267.78  +3.57% 偏多
23:35:28  INFO             買入點：— 目前無買入信號  進場區：$197.3 ~ $201.3  止損：$192.6
23:35:28  INFO    [台] 00631L.TW    元大台灣50正2     $     28.44  +6.92% 三線多頭
23:35:28  INFO             買入點：— 目前無買入信號  進場區：$17.9 ~ $18.2  止損：$18.7
23:35:29  INFO    [台] 00910.TW     第一金太空衛星      $     67.50  -3.50% 多空分歧
23:35:29  INFO             買入點：— 目前無買入信號  進場區：$54.2 ~ $55.3  止損：$52.9
23:35:30  INFO    [台] 2308.TW      台達電          $  2,075.00  +4.80% 三線多頭
23:35:30  INFO             買入點：— 目前無買入信號  進場區：$1,276.4 ~ $1,302.1  止損：$1,324.0
23:35:32  INFO    ✅ 股票 20 筆
23:35:32  INFO  
③ 🌟  生活熱門趨勢
23:35:32  INFO    📊 Google Trends 台灣（生活/食衣住行）...
23:35:33  INFO    [食品飲料] 熱度:7 動能:-34% 最熱關鍵字：美食 ❄️
23:35:36  INFO    [服飾美妝] 熱度:29 動能:-17% 最熱關鍵字：防曬 ❄️
23:35:38  INFO    [居家生活] 熱度:24 動能:-5% 最熱關鍵字：家具 ❄️
23:35:41  INFO    [娛樂3C] 熱度:41 動能:+4% 最熱關鍵字：手機 🔥
23:35:43  INFO    [健康運動] 熱度:38 動能:-11% 最熱關鍵字：健身 ❄️
23:35:46  INFO    [旅遊交通] 熱度:35 動能:+7% 最熱關鍵字：機票 🔥🔥
23:35:48  INFO    💬 Dcard 熱門...
23:35:48  WARNING      ⚠️  www.dcard.tw → 403 Client Error: Forbidden for url: https://www.dcard.tw/f/trending
23:35:48  INFO    📋 PTT 熱門...
23:35:48  WARNING      ⚠️  www.ptt.cc → ('Connection aborted.', ConnectionResetError(104, 'Connection reset by peer'))
23:35:49  INFO    [PTT/Stock] [爆] [新聞] 市場過熱了嗎？專家預言：股市即將下跌
23:35:49  INFO    [PTT/Stock] [27] Re: [心得] 從0開始當沖，五年心得
23:35:49  INFO    [PTT/Stock] [14] Re: [請益] 質押+結構型金融商品
23:35:49  INFO    [PTT/Stock] [14] [新聞] 不只影子船隊 川普制裁中國煉油廠
23:35:50  INFO    [PTT/beauty] [3] [正妹] 姜秀京 培證英雄
23:35:50  INFO    [PTT/beauty] [] [正妹] Cosplay 2708 日本 逆兔
23:35:50  INFO    [PTT/beauty] [4] [正妹] 孔升妍
23:35:50  INFO    [PTT/beauty] [1] [正妹] 李藝斌
23:35:50  INFO    [PTT/beauty] [9] [正妹] 冼迪琦
23:35:51  INFO    [PTT/movie] [4] [好雷] 麥可傑克森  不錯看阿
23:35:51  INFO    [PTT/movie] [] [普雷] 侵略機器
23:35:51  INFO    [PTT/movie] [] [公告] 電影板板規 2025/10/26
23:35:52  INFO    [PTT/food] [] [食記] 台北 すし謙
23:35:52  INFO    [PTT/food] [] [食記] 沖繩那霸機場OKA ラウンジ華 Lounge hana
23:35:52  INFO    [PTT/food] [] [公告] Food板 板規 V3.91
23:35:52  INFO    [PTT/food] [18] [公告] 發文請在標題加上地區及提供地址電話。^^
23:35:52  INFO    [PTT/food] [] [公告] 文章被刪除者請洽精華區的資源回收桶
23:35:53  INFO    📺 YouTube 台灣熱門...
23:35:53  INFO    🎵 TikTok...
23:35:54  INFO    [TikTok] #1 #michaeljackson
23:35:54  INFO    🛍️  Shopee 台灣熱銷...
23:35:58  INFO    💬 Reddit 熱賣（本週）...
23:35:58  INFO    ✅ 生活趨勢完成
23:35:58  INFO  
④ 📰  消息面
23:35:58  INFO    [🇹🇼 台灣] 把握明天好天氣！北部高溫飆32度 下波鋒面週三報到
23:35:58  INFO    [🇹🇼 台灣] 白宮記者晚宴槍手曾是優良教師擁加州理工學位| 國際
23:35:58  INFO    [🇹🇼 台灣] 台灣團甘肅車禍揭「變形團」亂象 專家：禁團令只剩政治宣示意義
23:35:58  INFO    [🇹🇼 台灣] 曝徐國勇「一動作突襲」暗助沈伯洋搶先致詞 秦慧珠：老實的蔣萬安危險了！ | 張大任 | 新聞
23:35:58  INFO    [🇹🇼 台灣] 策略奏效！ 取消會談10分鐘後收到伊朗新提案 川普：比原本更好
23:35:58  INFO    [🇹🇼 台灣] 快新聞／退役海軍艦長呂禮詩竟登共艦讚「祖國強大」 陸委會強硬出手了
23:36:01  INFO    [🇯🇵 日本] 北海道發生地震強度5+的地震，不用擔心海嘯（氣象預報員值班長2026年4月27日）
23:36:01  INFO    [🇯🇵 日本] 在川普總統參加的一次晚宴上，他試圖突破安全檢查時爆發槍聲……嫌疑人是一名教師兼遊戲開發者，他說：“我的目標是與政府有關的人。”
23:36:03  INFO    [🇯🇵 日本] 伊朗就霍爾木茲海峽核子計畫向美國傳達“紅線”
23:36:05  INFO    [🇯🇵 日本] 川普：「如果你想談判，請打電話給我」；伊朗外長返回巴基斯坦
23:36:05  INFO    [🇯🇵 日本] 松山市議會選舉：自民黨10名議員投票率最高37.29%創歷史新低國民健康保險席次第一
23:36:08  INFO    [🇯🇵 日本] 喜多方森林火災燒毀面積超過100公頃；火勢沒有盡頭，無法撲滅；178戶458人被勒令疏散
23:36:10  INFO    [🇰🇷 韓國] 美國晚餐槍手案發前10分鐘發出“宣言”…“刺殺高官”
23:36:11  INFO    [🇰🇷 韓國] 第二輪結束戰爭談判幾乎失敗…川普取消巴基斯坦之行
23:36:11  INFO    [🇰🇷 韓國] 「我不喜歡民主黨」「國家力量連預算都贏不了」…誰來當大邱市長？
23:36:13  INFO    [🇰🇷 韓國] 從今天開始，最高60萬韓元的「高油價補貼」...免除居民登記等抽象費用
23:36:14  INFO    [🇰🇷 韓國] 「美軍合作狀況被抓獲」…伊朗革命衛隊因違規扣押船隻
23:36:16  INFO    [🇰🇷 韓國] 李某銷售注射器“利用社會危機牟利受到嚴厲處罰”
23:36:16  INFO    [🇺🇸 美國] White House says suspect in Correspondents’ Dinner shooting wanted to target Trump officials
23:36:16  INFO    [🇺🇸 美國] Mali’s Defence Minister Sadio Camara killed during coordinated attacks
23:36:16  INFO    [🇺🇸 美國] Massachusetts mother charged with murder after 2 children found dead in Wellesley home
23:36:16  INFO    [🇺🇸 美國] Chicago Police Officer Killed In Swedish Hospital Shooting Identified As John Bartholomew
23:36:16  INFO    [🇺🇸 美國] Iran's foreign minister returns to Pakistan as Islamabad races to save U.S. ceasefire talks
23:36:16  INFO    [🇺🇸 美國] Powerful Storm Sweeps Across Texas and Kills 2, Displacing Dozens
23:36:31  INFO  
🖥️  產生 HTML 報告...
23:36:31  INFO  
✅  HTML：報告_20260426_2336.html
23:36:31  INFO  ✅  CSV：機會分析_20260426_2336.csv
23:36:31  INFO  📝  Log：logs/scan_20260426_233510.log
