23:31:18  INFO  ======================================================================
23:31:18  INFO  🔥  每日機會分析系統 v10
23:31:18  INFO  📅  2026-04-10 23:31
23:31:18  INFO  ======================================================================
23:31:18  INFO  
① 🌕  CRYPTO
23:31:19  ERROR    BTC-USD: float() argument must be a string or a real number, not 'Series'
23:31:20  ERROR    ETH-USD: float() argument must be a string or a real number, not 'Series'
23:31:21  ERROR    SOL-USD: float() argument must be a string or a real number, not 'Series'
23:31:21  ERROR    BNB-USD: float() argument must be a string or a real number, not 'Series'
23:31:22  ERROR    XRP-USD: float() argument must be a string or a real number, not 'Series'
23:31:22  INFO    ✅ Crypto 0 筆
23:31:22  INFO  
② 📈  股票
23:31:23  INFO    [台] 3293.TWO     鈊象電子         $    769.00  +0.65% 偏多
23:31:23  INFO             買入點：— 目前無買入信號  進場區：$704.4 ~ $718.5  止損：$691.6
23:31:24  INFO    [台] 00909.TW     國泰智能電動車ETF   $       nan   +nan% 多空分歧
23:31:24  INFO             買入點：— 目前無買入信號  進場區：$35.1 ~ $35.8  止損：$34.2
23:31:25  INFO    [台] 0056.TW      元大高股息        $       nan   +nan% 偏多
23:31:25  INFO             買入點：— 目前無買入信號  進場區：$36.9 ~ $37.6  止損：$35.9
23:31:26  INFO    [台] 6111.TWO     6111擎亞       $     44.05  +0.92% 多空分歧
23:31:26  INFO             買入點：🎯 一條件滿足 — 待確認  進場區：$39.7 ~ $40.5  止損：$38.7
23:31:27  INFO    [台] 00878.TW     國泰永續高股息      $       nan   +nan% 偏多
23:31:27  INFO             買入點：— 目前無買入信號  進場區：$21.7 ~ $22.1  止損：$21.1
23:31:28  INFO    [台] 3017.TW      奇鋐           $  2,265.00  +1.34% 三線多頭
23:31:28  INFO             買入點：— 目前無買入信號  進場區：$1,752.3 ~ $1,787.5  止損：$1,760.5
23:31:29  INFO    [台] 00713.TW     元大高息低波       $       nan   +nan% 三線多頭
23:31:29  INFO             買入點：— 目前無買入信號  進場區：$50.4 ~ $51.4  止損：$49.1
23:31:30  INFO    [台] 00919.TW     群益台灣精選高息     $       nan   +nan% 偏多
23:31:30  INFO             買入點：— 目前無買入信號  進場區：$21.9 ~ $22.3  止損：$21.3
23:31:31  INFO    [美] NVDA         NVIDIA       $    188.63  +2.57% 多空分歧
23:31:31  INFO             買入點：— 目前無買入信號  進場區：$163.4 ~ $166.7  止損：$159.3
23:31:33  INFO    [美] GEV          GE Vernova   $    991.32  +2.41% 三線多頭
23:31:33  INFO             買入點：— 目前無買入信號  進場區：$785.1 ~ $800.9  止損：$778.2
23:31:34  INFO    [台] 2330.TW      台積電          $  2,000.00  +2.30% 三線多頭
23:31:34  INFO             買入點：— 目前無買入信號  進場區：$1,730.2 ~ $1,765.0  止損：$1,707.2
23:31:35  INFO    [美] AMD          AMD          $    245.04  +3.55% 多空分歧
23:31:35  INFO             買入點：— 目前無買入信號  進場區：$180.2 ~ $183.9  止損：$186.5
23:31:36  INFO    [美] TSM          台積電ADR       $    370.60  +1.40% 三線多頭
23:31:36  INFO             買入點：— 目前無買入信號  進場區：$312.2 ~ $318.5  止損：$304.4
23:31:37  INFO    [台] 2317.TW      鴻海           $    200.50  +0.25% 多空分歧
23:31:37  INFO             買入點：🎯 一條件滿足 — 待確認  進場區：$184.3 ~ $188.0  止損：$181.9
23:31:38  INFO    [台] 2530.TW      華建           $     23.25  -1.27% 三線空頭
23:31:38  INFO             買入點：🎯 一條件滿足 — 待確認  進場區：$22.9 ~ $23.3  止損：$22.3
23:31:40  INFO    [美] MU           美光           $    420.59  -0.22% 多空分歧
23:31:40  INFO             買入點：— 目前無買入信號  進場區：$309.9 ~ $316.2  止損：$302.1
23:31:41  INFO    [美] LRCX         科林研發         $    263.66  +1.89% 三線多頭
23:31:41  INFO             買入點：— 目前無買入信號  進場區：$194.2 ~ $198.1  止損：$192.6
23:31:42  INFO    [台] 00631L.TW    元大台灣50正2     $       nan   +nan% 多空分歧
23:31:42  INFO             買入點：— 目前無買入信號  進場區：$19.0 ~ $19.4  止損：$18.5
23:31:43  INFO    [台] 00910.TW     第一金太空衛星      $       nan   +nan% 三線多頭
23:31:43  INFO             買入點：— 目前無買入信號  進場區：$54.2 ~ $55.3  止損：$52.9
23:31:44  INFO    [台] 2308.TW      台達電          $  1,735.00  +5.47% 三線多頭
23:31:44  INFO             買入點：— 目前無買入信號  進場區：$1,275.5 ~ $1,301.1  止損：$1,299.8
23:31:47  INFO    ✅ 股票 20 筆
23:31:47  INFO  
③ 🌟  生活熱門趨勢
23:31:47  INFO    📊 Google Trends 台灣（生活/食衣住行）...
23:31:48  INFO    [食品飲料] 熱度:7 動能:-38% 最熱關鍵字：美食 ❄️
23:31:51  INFO    [服飾美妝] 熱度:34 動能:+3% 最熱關鍵字：穿搭 🔥
23:31:53  INFO    [居家生活] 熱度:24 動能:-22% 最熱關鍵字：家具 ❄️
23:31:56  INFO    [娛樂3C] 熱度:37 動能:-1% 最熱關鍵字：手機 ❄️
23:31:59  INFO    [健康運動] 熱度:38 動能:-4% 最熱關鍵字：健身 ❄️
23:32:01  INFO    [旅遊交通] 熱度:20 動能:-19% 最熱關鍵字：機票 ❄️
23:32:03  INFO    💬 Dcard 熱門...
23:32:03  WARNING      ⚠️  www.dcard.tw → 403 Client Error: Forbidden for url: https://www.dcard.tw/f/trending
23:32:03  INFO    📋 PTT 熱門...
23:32:04  WARNING      ⚠️  www.ptt.cc → ('Connection aborted.', ConnectionResetError(104, 'Connection reset by peer'))
23:32:04  INFO    [PTT/Stock] [2] [新聞] 假冒股市名人帶操盤設陷阱／騙光退休師5
23:32:04  INFO    [PTT/Stock] [] [公告] 股票板板規 v4.7 (2024/10/06 修正)
23:32:04  INFO    [PTT/Stock] [6] [公告] 4-6-1罰則將在1/22開始到年底加重至30天
23:32:04  INFO    [PTT/Stock] [爆] [閒聊] 2026/04/10 盤後閒聊
23:32:05  INFO    [PTT/beauty] [] [正妹] 靜靜
23:32:05  INFO    [PTT/beauty] [] [正妹] Cosplay 2682  日本 大
23:32:05  INFO    [PTT/beauty] [94] [公告] 不願上表特 ＆ 優文推薦 ＆ 檢舉建議專區
23:32:05  INFO    [PTT/beauty] [1] [公告] 口罩文會退文
23:32:05  INFO    [PTT/beauty] [] [公告] 表特板板規(2022.10.22)
23:32:07  INFO    [PTT/movie] [13] [新聞]《薩爾達傳說》電影讓林克開口說話！擔心
23:32:07  INFO    [PTT/movie] [27] Re: [討論] 麥可傑克森(Michael)最終預告片
23:32:07  INFO    [PTT/movie] [11] [普雷] 抓馬戀人 幾個疑問
23:32:07  INFO    [PTT/movie] [10] Re: [新聞] 阿凡達3票房大縮水、迪士尼設法縮短片長
23:32:08  INFO    [PTT/food] [] [食記] 伊娜飛魚餐廳 花蓮豐濱 飛魚卵香腸燻飛魚
23:32:08  INFO    [PTT/food] [6] [食記] 台北 祥星記一鴨三吃 好吃燒臘便當店
23:32:08  INFO    [PTT/food] [] [食記] 東京 居酒家 さいたどう燒鳥串燒 等很久
23:32:08  INFO    [PTT/food] [] [食記] 台北 士林區｜筠芝和牛本舖
23:32:08  INFO    [PTT/food] [] [食記] 吉隆坡 甲洞興記肉骨茶(分店)
23:32:08  INFO    📺 YouTube 台灣熱門...
23:32:08  INFO    🎵 TikTok...
23:32:10  INFO    [TikTok] #1 #championsleague
23:32:10  INFO    🛍️  Shopee 台灣熱銷...
23:32:14  INFO    💬 Reddit 熱賣（本週）...
23:32:14  INFO    ✅ 生活趨勢完成
23:32:14  INFO  
④ 📰  消息面
23:32:14  INFO    [🇹🇼 台灣] 白沙屯「累了請上車」爆取消潮！警方取締趨嚴、駕駛「心累」退場
23:32:14  INFO    [🇹🇼 台灣] 在北京見鄭麗文！ 習近平對兩岸關係提4點建議：歡迎台灣農漁產品赴中銷售| 政治
23:32:14  INFO    [🇹🇼 台灣] 印度移工引進惹議！2天近9千人連署「立即中止」勞動部回應了
23:32:14  INFO    [🇹🇼 台灣] 荷姆茲根本沒開、230艘油輪卡海上！國際油價再衝100美元
23:32:14  INFO    [🇹🇼 台灣] 獨家》鄭習會「大禮包」 中共最快明公布買空賣空「惠台」措施
23:32:14  INFO    [🇹🇼 台灣] 停火談判倒數！伊朗代表團先到場、美副總統范斯將抵　警戒森嚴
23:32:16  INFO    [🇯🇵 日本] 獵戶座太空船即將返回，重新進入大氣層時將經歷2760度的「極端高溫」…帶著降落傘降落在太平洋
23:32:17  INFO    [🇯🇵 日本] 角度：伊朗希望萬斯作為談判夥伴，反戰並希望尋求達成協議=消息來源
23:32:19  INFO    [🇯🇵 日本] 角度：黎巴嫩在與以色列的談判中處於弱勢；真主黨的強烈抵制必然導致困難
23:32:20  INFO    [🇯🇵 日本] 今天4月11日（星期六）天氣預報：日本北部地區要注意暴風雨天氣。從關東向西，天氣晴朗，氣溫升高。
23:32:23  INFO    [🇯🇵 日本] アメリカとイラン戦闘終結協議が決裂危機 レバノンめぐり“食い違い”浮き彫りに
23:32:24  INFO    [🇯🇵 日本] 川普稱伊朗對霍爾木茲海峽的反應「與協議不同」；以色列否認黎巴嫩停火
23:32:27  INFO    [🇰🇷 韓國] 川普在談判前向伊朗施加高壓……“這艘船攜帶著最好的武器。”
23:32:27  INFO    [🇰🇷 韓國] 「高油價損害支援基金」補充預算獲得通過…弱勢群體將從本月開始收到。
23:32:29  INFO    [🇰🇷 韓國] 韓國外相：“伊朗特使出動…霍爾木茲海峽航行應恢復”
23:32:29  INFO    [🇰🇷 韓國] 全元五“吳世勳的‘無能十年’裁判……獲勝，支持李在明政府的能力”
23:32:31  INFO    [🇰🇷 韓國] 黎巴嫩從「中東巴黎」變成了悲劇之地
23:32:32  INFO    [🇰🇷 韓國] 我用人工智慧處理的照片搜尋了「狼」。
23:32:33  INFO    [🇺🇸 美國] Exclusive: Four women describe sexual misconduct by Rep. Eric Swalwell, including a former staffer who says he raped her
23:32:33  INFO    [🇺🇸 美國] Iran War Live Updates: Vance Heads to Peace Talks as Lebanon Impasse Threatens Cease-Fire
23:32:33  INFO    [🇺🇸 美國] Survivors of Epstein’s abuse accuse Melania Trump of ‘shifting burden’ on to victims
23:32:33  INFO    [🇺🇸 美國] Trump criticizes Iran not allowing more oil through Strait of Hormuz: 'Not the agreement we have'
23:32:33  INFO    [🇺🇸 美國] A Strait of Hormuz "toll" would pose major economic and geopolitical risks, experts say
23:32:33  INFO    [🇺🇸 美國] Trump officials unveil designs for president’s controversial 250-foot arch
23:32:48  INFO  
🖥️  產生 HTML 報告...
23:32:48  INFO  
✅  HTML：報告_20260410_2332.html
23:32:48  INFO  ✅  CSV：機會分析_20260410_2332.csv
23:32:48  INFO  📝  Log：logs/scan_20260410_233118.log
