17:12:06  INFO  ======================================================================
17:12:06  INFO  🔥  每日機會分析系統 v10
17:12:06  INFO  📅  2026-04-10 17:12
17:12:06  INFO  ======================================================================
17:12:06  INFO  
① 🌕  CRYPTO
17:12:07  ERROR    BTC-USD: float() argument must be a string or a real number, not 'Series'
17:12:07  ERROR    ETH-USD: float() argument must be a string or a real number, not 'Series'
17:12:08  ERROR    SOL-USD: float() argument must be a string or a real number, not 'Series'
17:12:08  ERROR    BNB-USD: float() argument must be a string or a real number, not 'Series'
17:12:09  ERROR    XRP-USD: float() argument must be a string or a real number, not 'Series'
17:12:09  INFO    ✅ Crypto 0 筆
17:12:09  INFO  
② 📈  股票
17:12:10  INFO    [台] 3293.TWO     鈊象電子         $       nan   +nan% 偏多
17:12:10  INFO             買入點：— 目前無買入信號  進場區：$709.4 ~ $723.7  止損：$691.6
17:12:11  INFO    [台] 00909.TW     國泰智能電動車ETF   $       nan   +nan% 多空分歧
17:12:11  INFO             買入點：— 目前無買入信號  進場區：$35.1 ~ $35.8  止損：$34.2
17:12:12  INFO    [台] 0056.TW      元大高股息        $       nan   +nan% 偏多
17:12:12  INFO             買入點：— 目前無買入信號  進場區：$36.9 ~ $37.6  止損：$35.9
17:12:13  INFO    [台] 6111.TWO     6111擎亞       $       nan   +nan% 多空分歧
17:12:13  INFO             買入點：— 目前無買入信號  進場區：$39.7 ~ $40.5  止損：$38.7
17:12:14  INFO    [台] 00878.TW     國泰永續高股息      $       nan   +nan% 偏多
17:12:14  INFO             買入點：— 目前無買入信號  進場區：$21.7 ~ $22.1  止損：$21.1
17:12:15  INFO    [台] 3017.TW      奇鋐           $       nan   +nan% 三線多頭
17:12:15  INFO             買入點：— 目前無買入信號  進場區：$1,805.9 ~ $1,842.2  止損：$1,760.5
17:12:16  INFO    [台] 00713.TW     元大高息低波       $       nan   +nan% 三線多頭
17:12:16  INFO             買入點：— 目前無買入信號  進場區：$50.4 ~ $51.4  止損：$49.1
17:12:17  INFO    [台] 00919.TW     群益台灣精選高息     $       nan   +nan% 偏多
17:12:17  INFO             買入點：— 目前無買入信號  進場區：$21.9 ~ $22.3  止損：$21.3
17:12:18  INFO    [美] NVDA         NVIDIA       $    188.33  +2.40% 多空分歧
17:12:18  INFO             買入點：— 目前無買入信號  進場區：$163.4 ~ $166.7  止損：$159.3
17:12:19  INFO    [美] GEV          GE Vernova   $    990.75  +2.35% 三線多頭
17:12:19  INFO             買入點：— 目前無買入信號  進場區：$785.2 ~ $801.0  止損：$778.2
17:12:20  INFO    [台] 2330.TW      台積電          $       nan   +nan% 三線多頭
17:12:20  INFO             買入點：— 目前無買入信號  進場區：$1,751.2 ~ $1,786.4  止損：$1,707.2
17:12:21  INFO    [美] AMD          AMD          $    245.10  +3.58% 多空分歧
17:12:21  INFO             買入點：— 目前無買入信號  進場區：$180.2 ~ $183.9  止損：$186.5
17:12:22  INFO    [美] TSM          台積電ADR       $    372.34  +1.87% 三線多頭
17:12:22  INFO             買入點：— 目前無買入信號  進場區：$312.2 ~ $318.5  止損：$304.4
17:12:23  INFO    [台] 2317.TW      鴻海           $       nan   +nan% 多空分歧
17:12:23  INFO             買入點：— 目前無買入信號  進場區：$186.6 ~ $190.3  止損：$181.9
17:12:24  INFO    [台] 2530.TW      華建           $       nan   +nan% 三線空頭
17:12:24  INFO             買入點：— 目前無買入信號  進場區：$23.1 ~ $23.6  止損：$22.6
17:12:25  INFO    [美] MU           美光           $    417.37  -0.98% 多空分歧
17:12:25  INFO             買入點：— 目前無買入信號  進場區：$309.9 ~ $316.2  止損：$302.1
17:12:26  INFO    [美] LRCX         科林研發         $    263.39  +1.79% 三線多頭
17:12:26  INFO             買入點：— 目前無買入信號  進場區：$194.3 ~ $198.2  止損：$192.6
17:12:27  INFO    [台] 00631L.TW    元大台灣50正2     $       nan   +nan% 多空分歧
17:12:27  INFO             買入點：— 目前無買入信號  進場區：$19.0 ~ $19.4  止損：$18.5
17:12:28  INFO    [台] 00910.TW     第一金太空衛星      $       nan   +nan% 三線多頭
17:12:28  INFO             買入點：— 目前無買入信號  進場區：$54.2 ~ $55.3  止損：$52.9
17:12:29  INFO    [台] 2308.TW      台達電          $       nan   +nan% 三線多頭
17:12:29  INFO             買入點：— 目前無買入信號  進場區：$1,333.3 ~ $1,360.1  止損：$1,299.8
17:12:32  INFO    ✅ 股票 20 筆
17:12:32  INFO  
③ 🌟  生活熱門趨勢
17:12:32  INFO    📊 Google Trends 台灣（生活/食衣住行）...
17:12:33  INFO    [食品飲料] 熱度:9 動能:-14% 最熱關鍵字：美食 ❄️
17:12:35  INFO    [服飾美妝] 熱度:40 動能:+24% 最熱關鍵字：穿搭 🔥🔥🔥
17:12:38  INFO    [居家生活] 熱度:35 動能:+10% 最熱關鍵字：家具 🔥🔥
17:12:40  WARNING    [娛樂3C] The request failed: Google returned a response with code 429
17:12:44  WARNING    [健康運動] The request failed: Google returned a response with code 429
17:12:47  WARNING    [旅遊交通] The request failed: Google returned a response with code 429
17:12:50  INFO    💬 Dcard 熱門...
17:12:50  WARNING      ⚠️  www.dcard.tw → 403 Client Error: Forbidden for url: https://www.dcard.tw/f/trending
17:12:50  INFO    📋 PTT 熱門...
17:12:50  WARNING      ⚠️  www.ptt.cc → ('Connection aborted.', ConnectionResetError(104, 'Connection reset by peer'))
17:12:51  INFO    [PTT/Stock] [10] Re: [標的] AMZN.US 亞馬遜經濟復甦消費人礦多
17:12:51  INFO    [PTT/Stock] [] [新聞] 另一座護國神山？謝金河點名1公司躍台股
17:12:51  INFO    [PTT/Stock] [14] [新聞] 經濟部：台塑增量5千噸聚乙烯明日出貨
17:12:51  INFO    [PTT/Stock] [56] [新聞] 停火前3小時9.5億美元原油空單精準入場
17:12:51  INFO    [PTT/Stock] [6] [新聞] 寶佳陣營：中工董事會黑手遮天 違法剔除
17:12:52  INFO    [PTT/beauty] [] [正妹] Cosplay 2679 日本 白兔
17:12:52  INFO    [PTT/beauty] [2] [正妹] 粉朵拉
17:12:52  INFO    [PTT/beauty] [47] [正妹] 新手媽咪
17:12:52  INFO    [PTT/beauty] [4] [正妹] 有刺青捏 = =
17:12:52  INFO    [PTT/beauty] [4] [正妹] 有刺青捏 = =
17:12:53  INFO    [PTT/movie] [13] [新聞]《薩爾達傳說》電影讓林克開口說話！擔心
17:12:53  INFO    [PTT/movie] [29] Re: [討論] 麥可傑克森(Michael)最終預告片
17:12:53  INFO    [PTT/movie] [11] [普雷] 抓馬戀人 幾個疑問
17:12:53  INFO    [PTT/movie] [10] Re: [新聞] 阿凡達3票房大縮水、迪士尼設法縮短片長
17:12:54  INFO    [PTT/food] [] [食記] 伊娜飛魚餐廳 花蓮豐濱 飛魚卵香腸燻飛魚
17:12:54  INFO    [PTT/food] [6] [食記] 台北 祥星記一鴨三吃 好吃燒臘便當店
17:12:54  INFO    [PTT/food] [] [食記] 東京 居酒家 さいたどう燒鳥串燒 等很久
17:12:54  INFO    [PTT/food] [] [食記] 台北 士林區｜筠芝和牛本舖
17:12:54  INFO    [PTT/food] [] [食記] 吉隆坡 甲洞興記肉骨茶(分店)
17:12:55  INFO    📺 YouTube 台灣熱門...
17:12:55  INFO    🎵 TikTok...
17:12:56  INFO    [TikTok] #1 #championsleague
17:12:56  INFO    🛍️  Shopee 台灣熱銷...
17:13:00  INFO    💬 Reddit 熱賣（本週）...
17:13:00  INFO    ✅ 生活趨勢完成
17:13:00  INFO  
④ 📰  消息面
17:13:00  INFO    [🇹🇼 台灣] 「鄭習會」：國共領袖握手13秒，鄭麗文倡「制度性解決方案」，講話未畢直播被切斷
17:13:00  INFO    [🇹🇼 台灣] 印度移工引進惹議！2天近9千人連署「立即中止」勞動部回應了
17:13:00  INFO    [🇹🇼 台灣] 獨家》鄭習會「大禮包」 中共最快明公布買空賣空「惠台」措施
17:13:00  INFO    [🇹🇼 台灣] 白沙屯「累了請上車」爆取消潮！警方取締趨嚴、駕駛「心累」退場
17:13:00  INFO    [🇹🇼 台灣] 伊朗倒過來對美下最後通牒! 被問「停火或戰爭二選一」川普嗆將「更猛烈打擊」
17:13:00  INFO    [🇹🇼 台灣] 塑膠袋難買貨架上消失又現身掀疑雲 小吃業者：誰在發國難財？
17:13:02  INFO    [🇯🇵 日本] バンス米副大統領、イラン交渉に向け出発 「甘く見るな」と警告も
17:13:04  INFO    [🇯🇵 日本] 以色列總理內塔尼亞胡直接與黎巴嫩談判……他是否遵守了美國與伊朗維持協議的要求？
17:13:05  INFO    [🇯🇵 日本] 習近平堅持與國民黨主席“統一”，同意“反對台獨”——九年來首次在北京舉行會談
17:13:07  INFO    [🇯🇵 日本] 阿耳忒彌斯太空船54年來首次載人繞月軌道飛行後，於11日上午返回地球。最後的障礙是重返大氣層。
17:13:09  INFO    [🇯🇵 日本] 大阪母女被謀殺；女兒的工作場所：「她們禮貌地對待病人和家屬」[大阪府]
17:13:12  INFO    [🇯🇵 日本] 商船三井Lines總裁：“停火兩週後，往返霍爾木茲的旅行將變得困難”，但沒有具體說明是否會產生通行費。
17:13:14  INFO    [🇰🇷 韓國] 國會通過的第26.2條「戰爭補充預算」…最快將於4月支付最多60萬韓元
17:13:15  INFO    [🇰🇷 韓國] 美國和伊朗主動說「我們贏了」。 11日談判仍將艱難
17:13:16  INFO    [🇰🇷 韓國] [속보] 파키스탄행 밴스 “이란과 긍정 논의 기대···장난치지 말라”
17:13:17  INFO    [🇰🇷 韓國] 「Wings」全丹在秀…沒有球員的國家力量，只有家庭鬥爭[朴智煥的新聞談話]
17:13:18  INFO    [🇰🇷 韓國] 現在有 26 艘懸掛韓國國旗的船隻... Wiswirak “前往霍爾木茲的交通量並未顯著增加”
17:13:19  INFO    [🇰🇷 韓國] 全元五“吳世勳的‘無能十年’裁判……獲勝，支持李在明政府的能力”
17:13:19  INFO    [🇺🇸 美國] Strait of Hormuz stays shut as Trump demands Iran stop tolls
17:13:19  INFO    [🇺🇸 美國] Vance warns Iran not to 'play' the US as he departs for negotiations aimed at ending their war
17:13:19  INFO    [🇺🇸 美國] Survivors of Epstein’s abuse accuse Melania Trump of ‘shifting burden’ onto victims
17:13:19  INFO    [🇺🇸 美國] What is Israel’s war in Lebanon, and why could it shatter the Iran ceasefire?
17:13:19  INFO    [🇺🇸 美國] See the messages Brian Hooker sent his friend after wife's disappearance in the Bahamas: "The wind blew me away"
17:13:19  INFO    [🇺🇸 美國] Women are getting most of the new jobs. What's going on with men?
17:13:36  INFO  
🖥️  產生 HTML 報告...
17:13:36  INFO  
✅  HTML：報告_20260410_1713.html
17:13:36  INFO  ✅  CSV：機會分析_20260410_1713.csv
17:13:36  INFO  📝  Log：logs/scan_20260410_171206.log
