17:49:25  INFO  ======================================================================
17:49:25  INFO  🔥  每日機會分析系統 v10
17:49:25  INFO  📅  2026-04-16 17:49
17:49:25  INFO  ======================================================================
17:49:25  INFO  
① 🌕  CRYPTO
17:49:26  ERROR    BTC-USD: float() argument must be a string or a real number, not 'Series'
17:49:27  ERROR    ETH-USD: float() argument must be a string or a real number, not 'Series'
17:49:28  ERROR    SOL-USD: float() argument must be a string or a real number, not 'Series'
17:49:28  ERROR    BNB-USD: float() argument must be a string or a real number, not 'Series'
17:49:29  ERROR    XRP-USD: float() argument must be a string or a real number, not 'Series'
17:49:30  INFO    ✅ Crypto 0 筆
17:49:30  INFO  
② 📈  股票
17:49:30  INFO    [台] 3293.TWO     鈊象電子         $       nan   +nan% 多空分歧
17:49:30  INFO             買入點：— 目前無買入信號  進場區：$719.4 ~ $733.8  止損：$701.3
17:49:31  INFO    [台] 00909.TW     國泰智能電動車ETF   $       nan   +nan% 多空分歧
17:49:31  INFO             買入點：— 目前無買入信號  進場區：$35.1 ~ $35.8  止損：$34.2
17:49:33  INFO    [台] 0056.TW      元大高股息        $       nan   +nan% 三線多頭
17:49:33  INFO             買入點：— 目前無買入信號  進場區：$36.9 ~ $37.6  止損：$35.9
17:49:34  INFO    [台] 6111.TWO     6111擎亞       $       nan   +nan% 多空分歧
17:49:34  INFO             買入點：— 目前無買入信號  進場區：$39.7 ~ $40.5  止損：$38.7
17:49:35  INFO    [台] 00878.TW     國泰永續高股息      $       nan   +nan% 三線多頭
17:49:35  INFO             買入點：— 目前無買入信號  進場區：$21.7 ~ $22.1  止損：$21.1
17:49:36  INFO    [台] 3017.TW      奇鋐           $       nan   +nan% 三線多頭
17:49:36  INFO             買入點：— 目前無買入信號  進場區：$1,825.8 ~ $1,862.5  止損：$1,780.0
17:49:37  INFO    [台] 00713.TW     元大高息低波       $       nan   +nan% 三線多頭
17:49:37  INFO             買入點：— 目前無買入信號  進場區：$50.4 ~ $51.4  止損：$49.1
17:49:38  INFO    [台] 00919.TW     群益台灣精選高息     $       nan   +nan% 偏多
17:49:38  INFO             買入點：— 目前無買入信號  進場區：$21.9 ~ $22.3  止損：$21.3
17:49:39  INFO    [美] NVDA         NVIDIA       $    198.65  -0.11% 多空分歧
17:49:39  INFO             買入點：— 目前無買入信號  進場區：$160.2 ~ $163.4  止損：$159.3
17:49:39  INFO    [美] GEV          GE Vernova   $    974.00  -1.21% 偏多
17:49:39  INFO             買入點：— 目前無買入信號  進場區：$803.0 ~ $819.1  止損：$782.8
17:49:40  INFO    [台] 2330.TW      台積電          $       nan   +nan% 三線多頭
17:49:40  INFO             買入點：— 目前無買入信號  進場區：$1,751.2 ~ $1,786.4  止損：$1,707.2
17:49:41  INFO    [美] AMD          AMD          $    276.24  +7.02% 三線多頭
17:49:41  INFO             買入點：— 目前無買入信號  進場區：$176.1 ~ $179.6  止損：$187.0
17:49:42  INFO    [美] TSM          台積電ADR       $    363.60  -3.07% 三線多頭
17:49:42  INFO             買入點：— 目前無買入信號  進場區：$310.0 ~ $316.3  止損：$304.4
17:49:44  INFO    [台] 2317.TW      鴻海           $       nan   +nan% 多空分歧
17:49:44  INFO             買入點：— 目前無買入信號  進場區：$186.6 ~ $190.3  止損：$181.9
17:49:45  INFO    [台] 2530.TW      華建           $       nan   +nan% 三線空頭
17:49:45  INFO             買入點：— 目前無買入信號  進場區：$22.4 ~ $22.8  止損：$21.8
17:49:46  INFO    [美] MU           美光           $    457.71  +0.32% 三線多頭
17:49:46  INFO             買入點：— 目前無買入信號  進場區：$309.9 ~ $316.2  止損：$302.1
17:49:47  INFO    [美] LRCX         科林研發         $    261.74  -1.29% 三線多頭
17:49:47  INFO             買入點：— 目前無買入信號  進場區：$191.4 ~ $195.2  止損：$192.6
17:49:48  INFO    [台] 00631L.TW    元大台灣50正2     $       nan   +nan% 多空分歧
17:49:48  INFO             買入點：— 目前無買入信號  進場區：$19.0 ~ $19.4  止損：$18.5
17:49:49  INFO    [台] 00910.TW     第一金太空衛星      $       nan   +nan% 三線多頭
17:49:49  INFO             買入點：— 目前無買入信號  進場區：$54.2 ~ $55.3  止損：$52.9
17:49:50  INFO    [台] 2308.TW      台達電          $       nan   +nan% 三線多頭
17:49:50  INFO             買入點：— 目前無買入信號  進場區：$1,358.2 ~ $1,385.5  止損：$1,324.0
17:49:53  INFO    ✅ 股票 20 筆
17:49:53  INFO  
③ 🌟  生活熱門趨勢
17:49:53  INFO    📊 Google Trends 台灣（生活/食衣住行）...
17:49:54  INFO    [食品飲料] 熱度:9 動能:-16% 最熱關鍵字：美食 ❄️
17:49:57  INFO    [服飾美妝] 熱度:35 動能:+6% 最熱關鍵字：防曬 🔥🔥
17:49:59  INFO    [居家生活] 熱度:33 動能:-8% 最熱關鍵字：家具 ❄️
17:50:02  INFO    [娛樂3C] 熱度:43 動能:+7% 最熱關鍵字：手機 🔥🔥
17:50:04  INFO    [健康運動] 熱度:43 動能:+3% 最熱關鍵字：健身 🔥
17:50:07  WARNING    [旅遊交通] The request failed: Google returned a response with code 429
17:50:10  INFO    💬 Dcard 熱門...
17:50:10  WARNING      ⚠️  www.dcard.tw → 403 Client Error: Forbidden for url: https://www.dcard.tw/f/trending
17:50:10  INFO    📋 PTT 熱門...
17:50:10  WARNING      ⚠️  www.ptt.cc → ('Connection aborted.', ConnectionResetError(104, 'Connection reset by peer'))
17:50:11  INFO    [PTT/Stock] [] [創作] 星晴-改編版
17:50:11  INFO    [PTT/Stock] [39] [新聞] 快訊／美軍擴大封鎖　運鋼、鋁給伊朗將依
17:50:11  INFO    [PTT/Stock] [27] [新聞] 謝金河：台股底氣強大 興櫃市場正隱藏許
17:50:11  INFO    [PTT/Stock] [爆] [新聞] 台積電期貨暴跌夜盤重挫逾600點！法說亮眼股價反應冷淡
17:50:12  INFO    [PTT/beauty] [15] [正妹] 金雪炫
17:50:12  INFO    [PTT/beauty] [2] [正妹] 柚乃りか
17:50:12  INFO    [PTT/beauty] [5] [正妹] HDO
17:50:12  INFO    [PTT/beauty] [] [正妹] 言兒
17:50:12  INFO    [PTT/beauty] [8] [正妹] 柳柳
17:50:13  INFO    [PTT/movie] [3] [新聞]「驚奇隊長」布麗拉森談電玩文化地位！籲
17:50:13  INFO    [PTT/movie] [6] [新聞]《復仇者5》被喻為恐怖片！觀眾會不敢看！
17:50:13  INFO    [PTT/movie] [] [公告] 電影板板規 2025/10/26
17:50:13  INFO    [PTT/movie] [X1] [公告] 政治電影新聞張貼規範
17:50:14  INFO    [PTT/food] [] [食記] 桃園市龍潭區。佟記蔥油餅
17:50:14  INFO    [PTT/food] [] [食記] 台北大安 水粵香10人桌招牌菜色開箱
17:50:14  INFO    [PTT/food] [1] [食記] 苗栗縣頭屋鄉-禪廚蔬食餐廳
17:50:14  INFO    [PTT/food] [] [食記] 新北市林口區。eat enjoy 意享美式廚房
17:50:14  INFO    📺 YouTube 台灣熱門...
17:50:15  INFO    🎵 TikTok...
17:50:29  WARNING      ⚠️  ads.tiktok.com → HTTPSConnectionPool(host='ads.tiktok.com', port=443): Read timed out. (read timeout=14)
17:50:30  INFO    [TikTok] #1 《TAIPEI TIMES》 TikTok users in Taiwan up significantly last 
17:50:30  INFO    [TikTok] #2 Taiwan issues cold alert for eight regions amid chill
17:50:30  INFO    [TikTok] #3 Beyond Pop-Culture: Towards Integrating Taiwanese Into Daily
17:50:30  INFO    [TikTok] #4 Seeing is not believing (part II) - AI videos spread during 
17:50:30  INFO    🛍️  Shopee 台灣熱銷...
17:50:34  INFO    💬 Reddit 熱賣（本週）...
17:50:34  INFO    ✅ 生活趨勢完成
17:50:34  INFO  
④ 📰  消息面
17:50:35  INFO    [🇹🇼 台灣] 香燈腳陪媽祖走三次！見「人性貪嗔欲」嘆：最後一次了
17:50:35  INFO    [🇹🇼 台灣] 柯文哲稱李貞秀遭開除黨籍為個人所為 前白營高層嗆：躲了3天才講話行徑宛如「渣男」
17:50:35  INFO    [🇹🇼 台灣] 曝習近平大量脫稿很放鬆 鄭麗文：最超乎預期是見到「他」
17:50:35  INFO    [🇹🇼 台灣] 鄭麗文訪中團費480萬用「台灣民主基金會」補助網怒噴：不要臉- 政治
17:50:35  INFO    [🇹🇼 台灣] 京都殺子複雜家庭背景曝光！37歲繼父偷情「外遇扶正」　棄屍後竟冷靜上班
17:50:35  INFO    [🇹🇼 台灣] 鋒面、颱風包夾！中颱「辛樂克」準備大迴轉下雨時程出爐| 生活
17:50:38  INFO    [🇯🇵 日本] 關西電視台播出京都府南丹市遺棄兒童案嫌疑人和另一人的視頻
17:50:40  INFO    [🇯🇵 日本] 以色列推遲停止對真主黨的攻擊，導致伊朗強烈反對：Jiji.com
17:50:42  INFO    [🇯🇵 日本] 巴基斯坦加速就延長美伊停火進行斡旋 - 希望談判取得進展
17:50:42  INFO    [🇯🇵 日本] 美軍封鎖霍爾木茲海峽做什麼？利用經驗和技術追蹤逃避監視的伊朗船隻
17:50:44  INFO    [🇯🇵 日本] 教宗：「少數暴君統治世界」批評在戰爭中利用宗教
17:50:47  INFO    [🇯🇵 日本] 邊野衝翻船事故一個月後，人們在事故現場附近的花攤前手拉手
17:50:49  INFO    [🇰🇷 韓國] 【突發新聞】川普：“以色列和黎巴嫩同意10天停火…推動白宮會談”
17:50:49  INFO    [🇰🇷 韓國] 黨內爭論“總司令在戰爭期間逃兵”…張東赫“訪問美國國務院談論安全和經濟合作”
17:50:49  INFO    [🇰🇷 韓國] 美國：與伊朗進行貿易的船隻受到世界各地美國軍事指揮官的追踪
17:50:51  INFO    [🇰🇷 韓國] 川普成了耶穌，川普被打了一巴掌【關注新聞】
17:50:52  INFO    [🇰🇷 韓國] 全漢吉被捕時聲稱，「我只是提出了嫌疑」…因「誹謗李總統和李俊石」而參加了逮捕令審查
17:50:53  INFO    [🇰🇷 韓國] 一隻正在熟睡的狼被無人機的聲音吵醒了…你在哪裡？
17:50:54  INFO    [🇺🇸 美國] Trump speaks with Lebanese president amid Israel ceasefire push
17:50:54  INFO    [🇺🇸 美國] Virginia Ex-Lt. Gov. Justin Fairfax Kills Wife and Self, Police Say
17:50:54  INFO    [🇺🇸 美國] A New Jersey special election could soon narrow the House GOP’s razor-thin majority
17:50:54  INFO    [🇺🇸 美國] ‘He’s got a lot of stamina’: What to watch as the RFK Jr. hearing palooza kicks off
17:50:54  INFO    [🇺🇸 美國] House effort to end Trump's war with Iran fails by one vote
17:50:54  INFO    [🇺🇸 美國] Pope Leo takes aim at 'handful of tyrants' spending billions on war amid tensions with Trump
17:51:09  INFO  
🖥️  產生 HTML 報告...
17:51:09  INFO  
✅  HTML：報告_20260416_1751.html
17:51:09  INFO  ✅  CSV：機會分析_20260416_1751.csv
17:51:09  INFO  📝  Log：logs/scan_20260416_174925.log
