17:40:04  INFO  ======================================================================
17:40:04  INFO  🔥  每日機會分析系統 v10
17:40:04  INFO  📅  2026-04-14 17:40
17:40:04  INFO  ======================================================================
17:40:04  INFO  
① 🌕  CRYPTO
17:40:06  ERROR    BTC-USD: float() argument must be a string or a real number, not 'Series'
17:40:07  ERROR    ETH-USD: float() argument must be a string or a real number, not 'Series'
17:40:07  ERROR    SOL-USD: float() argument must be a string or a real number, not 'Series'
17:40:08  ERROR    BNB-USD: float() argument must be a string or a real number, not 'Series'
17:40:09  ERROR    XRP-USD: float() argument must be a string or a real number, not 'Series'
17:40:09  INFO    ✅ Crypto 0 筆
17:40:09  INFO  
② 📈  股票
17:40:10  INFO    [台] 3293.TWO     鈊象電子         $       nan   +nan% 偏多
17:40:10  INFO             買入點：— 目前無買入信號  進場區：$712.4 ~ $726.7  止損：$694.5
17:40:11  INFO    [台] 00909.TW     國泰智能電動車ETF   $       nan   +nan% 多空分歧
17:40:11  INFO             買入點：— 目前無買入信號  進場區：$35.1 ~ $35.8  止損：$34.2
17:40:12  INFO    [台] 0056.TW      元大高股息        $       nan   +nan% 三線多頭
17:40:12  INFO             買入點：— 目前無買入信號  進場區：$36.9 ~ $37.6  止損：$35.9
17:40:13  INFO    [台] 6111.TWO     6111擎亞       $       nan   +nan% 多空分歧
17:40:13  INFO             買入點：— 目前無買入信號  進場區：$39.7 ~ $40.5  止損：$38.7
17:40:13  INFO    [台] 00878.TW     國泰永續高股息      $       nan   +nan% 三線多頭
17:40:13  INFO             買入點：— 目前無買入信號  進場區：$21.7 ~ $22.1  止損：$21.1
17:40:14  INFO    [台] 3017.TW      奇鋐           $       nan   +nan% 三線多頭
17:40:14  INFO             買入點：— 目前無買入信號  進場區：$1,820.8 ~ $1,857.4  止損：$1,775.1
17:40:15  INFO    [台] 00713.TW     元大高息低波       $       nan   +nan% 三線多頭
17:40:15  INFO             買入點：— 目前無買入信號  進場區：$50.4 ~ $51.4  止損：$49.1
17:40:16  INFO    [台] 00919.TW     群益台灣精選高息     $       nan   +nan% 偏多
17:40:16  INFO             買入點：— 目前無買入信號  進場區：$21.9 ~ $22.3  止損：$21.3
17:40:17  INFO    [美] NVDA         NVIDIA       $    194.86  +2.93% 多空分歧
17:40:17  INFO             買入點：— 目前無買入信號  進場區：$163.3 ~ $166.6  止損：$159.3
17:40:18  INFO    [美] GEV          GE Vernova   $    996.64  +0.56% 三線多頭
17:40:18  INFO             買入點：— 目前無買入信號  進場區：$794.6 ~ $810.6  止損：$782.8
17:40:18  INFO    [台] 2330.TW      台積電          $       nan   +nan% 三線多頭
17:40:18  INFO             買入點：— 目前無買入信號  進場區：$1,751.2 ~ $1,786.4  止損：$1,707.2
17:40:19  INFO    [美] AMD          AMD          $    253.78  +2.82% 多空分歧
17:40:19  INFO             買入點：— 目前無買入信號  進場區：$179.0 ~ $182.6  止損：$187.0
17:40:20  INFO    [美] TSM          台積電ADR       $    381.87  +3.33% 三線多頭
17:40:20  INFO             買入點：— 目前無買入信號  進場區：$310.1 ~ $316.4  止損：$304.4
17:40:21  INFO    [台] 2317.TW      鴻海           $       nan   +nan% 多空分歧
17:40:21  INFO             買入點：— 目前無買入信號  進場區：$186.6 ~ $190.3  止損：$181.9
17:40:22  INFO    [台] 2530.TW      華建           $       nan   +nan% 三線空頭
17:40:22  INFO             買入點：— 目前無買入信號  進場區：$22.4 ~ $22.8  止損：$21.8
17:40:23  INFO    [美] MU           美光           $    454.91  +6.65% 三線多頭
17:40:23  INFO             買入點：— 目前無買入信號  進場區：$309.9 ~ $316.2  止損：$302.1
17:40:24  INFO    [美] LRCX         科林研發         $    271.80  +1.68% 三線多頭
17:40:24  INFO             買入點：— 目前無買入信號  進場區：$191.5 ~ $195.4  止損：$192.6
17:40:25  INFO    [台] 00631L.TW    元大台灣50正2     $       nan   +nan% 多空分歧
17:40:25  INFO             買入點：— 目前無買入信號  進場區：$19.0 ~ $19.4  止損：$18.5
17:40:25  INFO    [台] 00910.TW     第一金太空衛星      $       nan   +nan% 三線多頭
17:40:25  INFO             買入點：— 目前無買入信號  進場區：$54.2 ~ $55.3  止損：$52.9
17:40:26  INFO    [台] 2308.TW      台達電          $       nan   +nan% 三線多頭
17:40:26  INFO             買入點：— 目前無買入信號  進場區：$1,343.2 ~ $1,370.2  止損：$1,309.5
17:40:29  INFO    ✅ 股票 20 筆
17:40:29  INFO  
③ 🌟  生活熱門趨勢
17:40:29  INFO    📊 Google Trends 台灣（生活/食衣住行）...
17:40:29  WARNING    [食品飲料] The request failed: Google returned a response with code 429
17:40:33  WARNING    [服飾美妝] The request failed: Google returned a response with code 429
17:40:36  WARNING    [居家生活] The request failed: Google returned a response with code 429
17:40:39  WARNING    [娛樂3C] The request failed: Google returned a response with code 429
17:40:43  WARNING    [健康運動] The request failed: Google returned a response with code 429
17:40:46  INFO    [旅遊交通] 熱度:36 動能:+6% 最熱關鍵字：機票 🔥🔥
17:40:48  INFO    💬 Dcard 熱門...
17:40:49  WARNING      ⚠️  www.dcard.tw → 403 Client Error: Forbidden for url: https://www.dcard.tw/f/trending
17:40:49  INFO    📋 PTT 熱門...
17:40:49  WARNING      ⚠️  www.ptt.cc → ('Connection aborted.', ConnectionResetError(104, 'Connection reset by peer'))
17:40:49  INFO    [PTT/Stock] [47] [新聞] 台股3千億資金活水來了！金管會開放外國
17:40:49  INFO    [PTT/Stock] [60] [情報] 115年04月14日信用交易統計
17:40:49  INFO    [PTT/Stock] [] Re: [新聞] AI眼鏡救不動營收...宏達電重挫7% 分析師
17:40:49  INFO    [PTT/Stock] [41] Re: [請益]  現在還要繼續留著美債嗎？
17:40:50  INFO    [PTT/beauty] [8] [正妹] 石靜
17:40:50  INFO    [PTT/beauty] [6] [正妹] Sabrina
17:40:50  INFO    [PTT/beauty] [9] [正妹] IU
17:40:50  INFO    [PTT/beauty] [6] [正妹] 金珉周
17:40:50  INFO    [PTT/beauty] [3] [正妹] 兩團肉球
17:40:51  INFO    [PTT/movie] [] [新聞]露比蘿絲指控凱蒂佩芮夜店性侵事件！經紀
17:40:51  INFO    [PTT/movie] [2] [新聞]瓦干達國王將換人當？《黑豹3》迎來重磅進
17:40:51  INFO    [PTT/movie] [] Re: [新聞] 影壇驚傳大規模侵吞案！片商老闆陳永雄
17:40:51  INFO    [PTT/movie] [] [好雷] 風箏 A KITE
17:40:52  INFO    [PTT/food] [] [食記] 桃園市龍潭區。佟記蔥油餅
17:40:52  INFO    [PTT/food] [] [食記] 台北大安 水粵香10人桌招牌菜色開箱
17:40:52  INFO    [PTT/food] [] [食記] 苗栗縣頭屋鄉-禪廚蔬食餐廳
17:40:52  INFO    [PTT/food] [] [公告] Food板 板規 V3.91
17:40:53  INFO    📺 YouTube 台灣熱門...
17:40:53  INFO    🎵 TikTok...
17:40:54  INFO    [TikTok] #1 #coachella
17:40:54  INFO    🛍️  Shopee 台灣熱銷...
17:40:57  INFO    💬 Reddit 熱賣（本週）...
17:40:57  INFO    ✅ 生活趨勢完成
17:40:57  INFO  
④ 📰  消息面
17:40:58  INFO    [🇹🇼 台灣] 白沙屯進香暖心變調？完整餐盒遭丟棄 網痛批浪費：有損福報
17:40:58  INFO    [🇹🇼 台灣] 美軍封鎖後首例！遭美制裁的中國油輪通過荷莫茲海峽 成功駛離波斯灣
17:40:58  INFO    [🇹🇼 台灣] 老友楊渡籲「請熄燈」 馬英九親致電：無法接受蕭旭岑以暗示他失智為藉口| 政治
17:40:58  INFO    [🇹🇼 台灣] 民眾黨始終挺中配立委？ 李貞秀：黃國昌去年就叫我放棄中國籍
17:40:58  INFO    [🇹🇼 台灣] 明起變天！連2波鋒面通過 大雨開炸北台灣
17:40:58  INFO    [🇹🇼 台灣] 歐爾班慘了! 不是敗選就沒事 匈牙利新領袖 : 要追究「叛國之人」責任
17:40:59  INFO    [🇯🇵 日本] 京都府警方稱，11歲南丹的屍體可能是在他失踪的同一時間死亡的
17:41:01  INFO    [🇯🇵 日本] 美軍出動萬餘兵力封鎖伊朗港口； 24小時內沒有船舶突破
17:41:03  INFO    [🇯🇵 日本] 川普政府對美伊談判破裂持樂觀態度嗎？伊朗堅持下一輪會談以培養“友好關係”，但伊朗方面有一些迴旋餘地 (Wedge)
17:41:06  INFO    [🇯🇵 日本] 專家稱川普可能誤讀了伊朗的經濟損失門檻
17:41:07  INFO    [🇯🇵 日本] 【突發新聞】首相高市：「這並不違反自衛隊法。」自民黨代表大會上奏國歌的自衛隊人員：「我們沒有呼籲支持某個政黨；我們只是呼籲支持某個政黨。」我們唱了國歌。不存在法律問題。 」
17:41:09  INFO    [🇯🇵 日本] 川崎起重機事故，JFE鋼鐵和東亞建設召開記者會...6名高階主管道歉
17:41:10  INFO    [🇰🇷 韓國] 美國和伊朗是否會在16日恢復談判？臥底聯絡人：“原則上同意”
17:41:11  INFO    [🇰🇷 韓國] 伊朗考慮暫時停止通過霍爾木茲海峽的運輸...避免與美國發生衝突
17:41:14  INFO    [🇰🇷 韓國] 尹與金建熙時隔9個月重聚…「微笑」與「眼神問候」來來回回
17:41:17  INFO    [🇰🇷 韓國] 政府決定向伊朗提供50萬美元的人道主義援助...也提供了韓國船隻「準備通行」的訊息
17:41:19  INFO    [🇰🇷 韓國] “韓東勳競選釜山北甲”未獲提名...國家權力領導層“該行為屬於外匯犯罪”
17:41:22  INFO    [🇰🇷 韓國] 「咕咕翻越5m擋土牆，疲憊卻敏捷」…夕陽西下時再次捕捉
17:41:23  INFO    [🇺🇸 美國] How geography powers Iran’s grip on the Strait of Hormuz, despite U.S. blockade
17:41:23  INFO    [🇺🇸 美國] Jon Stewart on Trump’s Jesus photo denial: ‘Do you even care about lying to us any more?’
17:41:23  INFO    [🇺🇸 美國] Congress reaches the breaking point on its ethics crisis
17:41:23  INFO    [🇺🇸 美國] Trump’s leaky blockade: ship sneaks through and talks with Iran resume
17:41:23  INFO    [🇺🇸 美國] Israel and Lebanon are holding rare diplomatic talks in D.C.
17:41:23  INFO    [🇺🇸 美國] What to know about Eric Swalwell’s exit from Congress and the California governor’s race
17:41:35  INFO  
🖥️  產生 HTML 報告...
17:41:35  INFO  
✅  HTML：報告_20260414_1741.html
17:41:35  INFO  ✅  CSV：機會分析_20260414_1741.csv
17:41:35  INFO  📝  Log：logs/scan_20260414_174004.log
