17:14:56  INFO  ======================================================================
17:14:56  INFO  🔥  每日機會分析系統 v10
17:14:56  INFO  📅  2026-03-27 17:14
17:14:56  INFO  ======================================================================
17:14:56  INFO  
① 🌕  CRYPTO
17:14:57  ERROR    BTC-USD: float() argument must be a string or a real number, not 'Series'
17:15:01  ERROR    ETH-USD: float() argument must be a string or a real number, not 'Series'
17:15:01  ERROR    SOL-USD: float() argument must be a string or a real number, not 'Series'
17:15:02  ERROR    BNB-USD: float() argument must be a string or a real number, not 'Series'
17:15:04  ERROR    XRP-USD: float() argument must be a string or a real number, not 'Series'
17:15:04  INFO    ✅ Crypto 0 筆
17:15:04  INFO  
② 📈  股票
17:15:05  INFO    [台] 3293.TWO     鈊象電子         $       nan   +nan% 三線多頭
17:15:05  INFO             買入點：— 目前無買入信號  進場區：$666.6 ~ $680.0  止損：$649.9
17:15:06  INFO    [台] 00909.TW     國泰智能電動車ETF   $       nan   +nan% 多空分歧
17:15:06  INFO             買入點：— 目前無買入信號  進場區：$36.2 ~ $36.9  止損：$35.3
17:15:07  INFO    [台] 0056.TW      元大高股息        $       nan   +nan% 多空分歧
17:15:07  INFO             買入點：— 目前無買入信號  進場區：$36.3 ~ $37.0  止損：$35.4
17:15:08  INFO    [台] 6111.TWO     6111擎亞       $       nan   +nan% 偏空
17:15:08  INFO             買入點：— 目前無買入信號  進場區：$40.8 ~ $41.6  止損：$39.8
17:15:09  INFO    [台] 00878.TW     國泰永續高股息      $       nan   +nan% 多空分歧
17:15:09  INFO             買入點：— 目前無買入信號  進場區：$21.2 ~ $21.6  止損：$20.6
17:15:10  INFO    [台] 3017.TW      奇鋐           $       nan   +nan% 三線多頭
17:15:10  INFO             買入點：— 目前無買入信號  進場區：$1,656.7 ~ $1,690.0  止損：$1,615.0
17:15:12  INFO    [台] 00713.TW     元大高息低波       $       nan   +nan% 多空分歧
17:15:12  INFO             買入點：— 目前無買入信號  進場區：$49.8 ~ $50.8  止損：$48.6
17:15:13  INFO    [台] 00919.TW     群益台灣精選高息     $       nan   +nan% 多空分歧
17:15:13  INFO             買入點：— 目前無買入信號  進場區：$21.7 ~ $22.2  止損：$21.2
17:15:14  INFO    [美] NVDA         NVIDIA       $    168.65  -1.51% 三線空頭
17:15:14  INFO             買入點：🎯 一條件滿足 — 待確認  進場區：$166.7 ~ $170.1  止損：$162.5
17:15:15  INFO    [美] GEV          GE Vernova   $    858.66  -1.66% 偏多
17:15:15  INFO             買入點：🎯 一條件滿足 — 待確認  進場區：$772.6 ~ $788.2  止損：$753.2
17:15:16  INFO    [台] 2330.TW      台積電          $       nan   +nan% 多空分歧
17:15:16  INFO             買入點：— 目前無買入信號  進場區：$1,755.4 ~ $1,790.7  止損：$1,711.3
17:15:17  INFO    [美] AMD          AMD          $    202.84  -0.46% 多空分歧
17:15:17  INFO             買入點：🎯 一條件滿足 — 待確認  進場區：$187.3 ~ $191.0  止損：$182.6
17:15:18  INFO    [美] TSM          台積電ADR       $    328.74  +0.81% 多空分歧
17:15:18  INFO             買入點：🎯 一條件滿足 — 待確認  進場區：$320.7 ~ $327.1  止損：$312.6
17:15:19  INFO    [台] 2317.TW      鴻海           $       nan   +nan% 多空分歧
17:15:19  INFO             買入點：— 目前無買入信號  進場區：$193.0 ~ $196.9  止損：$188.2
17:15:20  INFO    [台] 2530.TW      華建           $       nan   +nan% 偏空
17:15:20  INFO             買入點：— 目前無買入信號  進場區：$24.4 ~ $24.9  止損：$23.8
17:15:21  INFO    [美] MU           美光           $    363.73  +2.33% 多空分歧
17:15:21  INFO             買入點：🎯 一條件滿足 — 待確認  進場區：$344.9 ~ $351.8  止損：$339.5
17:15:22  INFO    [美] LRCX         科林研發         $    213.03  +0.67% 多空分歧
17:15:22  INFO             買入點：🎯 一條件滿足 — 待確認  進場區：$193.1 ~ $197.0  止損：$188.3
17:15:23  INFO    [台] 00631L.TW    元大台灣50正2     $    443.15  +0.00% 多空分歧
17:15:23  INFO             買入點：🎯 一條件滿足 — 待確認  進場區：$413.2 ~ $421.5  止損：$404.0
17:15:24  INFO    [台] 00910.TW     第一金太空衛星      $       nan   +nan% 三線多頭
17:15:24  INFO             買入點：— 目前無買入信號  進場區：$52.1 ~ $53.1  止損：$50.8
17:15:25  INFO    [台] 2308.TW      台達電          $       nan   +nan% 三線多頭
17:15:25  INFO             買入點：— 目前無買入信號  進場區：$1,189.0 ~ $1,212.9  止損：$1,159.1
17:15:29  INFO    ✅ 股票 20 筆
17:15:29  INFO  
③ 🌟  生活熱門趨勢
17:15:29  INFO    📊 Google Trends 台灣（生活/食衣住行）...
17:15:29  INFO    [食品飲料] 熱度:9 動能:-11% 最熱關鍵字：美食 ❄️
17:15:32  INFO    [服飾美妝] 熱度:38 動能:+7% 最熱關鍵字：穿搭 🔥🔥
17:15:35  INFO    [居家生活] 熱度:24 動能:-6% 最熱關鍵字：家具 ❄️
17:15:37  INFO    [娛樂3C] 熱度:41 動能:+11% 最熱關鍵字：手機 🔥🔥
17:15:40  WARNING    [健康運動] The request failed: Google returned a response with code 429
17:15:43  INFO    [旅遊交通] 熱度:36 動能:+15% 最熱關鍵字：機票 🔥🔥
17:15:45  INFO    💬 Dcard 熱門...
17:15:46  WARNING      ⚠️  www.dcard.tw → 403 Client Error: Forbidden for url: https://www.dcard.tw/f/trending
17:15:46  INFO    📋 PTT 熱門...
17:15:46  WARNING      ⚠️  www.ptt.cc → ('Connection aborted.', ConnectionResetError(104, 'Connection reset by peer'))
17:15:47  INFO    [PTT/Stock] [49] [情報] 115年03月27日信用交易統計
17:15:47  INFO    [PTT/Stock] [7] Re: [標的] 美股CIVI
17:15:47  INFO    [PTT/Stock] [6] [新聞] 將來銀行三策略拚明年轉盈 邁向IPO
17:15:47  INFO    [PTT/Stock] [42] [新聞] 黃金跌不停了！分析師：恐摜破「這價位」
17:15:47  INFO    [PTT/Stock] [72] [心得] 總覺得毛毛的
17:15:48  INFO    [PTT/beauty] [36] [正妹] 木村愛心攝影見面會
17:15:48  INFO    [PTT/beauty] [6] [正妹] 藤本彩花
17:15:48  INFO    [PTT/beauty] [] [正妹] Elisa Valoren 法國模特兒
17:15:48  INFO    [PTT/beauty] [13] [正妹] 韓國人妻的極致誘惑
17:15:48  INFO    [PTT/beauty] [8] [正妹] 賴可
17:15:49  INFO    [PTT/movie] [2] [新聞]兩位好萊塢知名女星婉拒《蜘蛛人4》演出！
17:15:49  INFO    [PTT/movie] [2] [新聞]新《哈利波特》選角被罵爆！JK羅琳表示滿
17:15:49  INFO    [PTT/movie] [] [公告] 電影板板規 2025/10/26
17:15:49  INFO    [PTT/movie] [X1] [公告] 政治電影新聞張貼規範
17:15:50  INFO    [PTT/food] [] [食記] 冬山春捲蝦餅 宜蘭冬山 外酥內軟地瓜蝦餅
17:15:50  INFO    [PTT/food] [] [食記] 【臺北南港】欣葉小聚平價版欣葉台菜，必
17:15:50  INFO    [PTT/food] [] [食記] 桃園市中壢區。焦糖楓串燒
17:15:50  INFO    [PTT/food] [] [食記] 日本東京 河童壽司Kappa 百元迴轉壽司
17:15:50  INFO    [PTT/food] [] [公告] Food板 板規 V3.91
17:15:50  INFO    📺 YouTube 台灣熱門...
17:15:50  INFO    🎵 TikTok...
17:15:52  INFO    [TikTok] #1 #hannahmontana
17:15:52  INFO    🛍️  Shopee 台灣熱銷...
17:15:56  INFO    💬 Reddit 熱賣（本週）...
17:15:56  INFO    ✅ 生活趨勢完成
17:15:56  INFO  
④ 📰  消息面
17:15:56  INFO    [🇹🇼 台灣] 顏慧欣生前傳遭經貿辦職場霸凌 胡采蘋點名她應說清楚
17:15:56  INFO    [🇹🇼 台灣] 台中恐怖情殺！年輕女脖子插刀倒大馬路送醫不治 狠男落網戒護就醫
17:15:56  INFO    [🇹🇼 台灣] 趙少康質疑對價差太遠 律師喊贊同：應曉薇都拿到5250萬 柯文哲怎可能只210萬？
17:15:56  INFO    [🇹🇼 台灣] 清明連假大雨炸全台！這天雨最大 放晴日期曝
17:15:56  INFO    [🇹🇼 台灣] 塑膠袋之亂延燒！法務部啟動全台大稽查　抓到黑手就送辦
17:15:56  INFO    [🇹🇼 台灣] 只准「5國通行」荷莫茲海峽！國際油價飆破104美元
17:15:58  INFO    [🇯🇵 日本] 神奇寶貝中心兇殺案，女店員被刺十幾處…死者去年因涉嫌跟蹤被捕，拒絕就醫
17:15:59  INFO    [🇯🇵 日本] 首相被迫走上財政年度內制定預算的無形之路，「暗招」也浮出水面【首相、自民黨總裁高市早苗】
17:16:00  INFO    [🇯🇵 日本] ヒグマ駆除で猟銃許可取り消しは違法 ハンター逆転勝訴 最高裁
17:16:02  INFO    [🇯🇵 日本] 伊朗革命衛隊宣布關閉霍爾木茲海峽，警告將採取“嚴厲措施”
17:16:03  INFO    [🇯🇵 日本] 中國防長小泉純一郎的遺憾“遠遠不夠”，並呼籲對自衛隊人員入侵大使館事件進行徹底調查
17:16:04  INFO    [🇯🇵 日本] 一隻在大阪市獲救的鹿在大阪能勢的溫泉設施裡有了新家，它在這裡跳躍，充滿活力。
17:16:05  INFO    [🇰🇷 韓國] [獨家]天安號遇難者家屬要求朝鮮道歉...李“你想讓我道歉嗎？”
17:16:05  INFO    [🇰🇷 韓國] 德國外交部長：美伊很快將在巴基斯坦舉行面對面會談
17:16:06  INFO    [🇰🇷 韓國] 你是否對“我要帶來地獄”之後美國股市的“地獄火般的下跌”感到驚訝？川普「拖延10天」的背景是什麼？
17:16:07  INFO    [🇰🇷 韓國] 伊朗戰爭：霍爾木茲海峽是什麼？為什麼它如此重要？
17:16:08  INFO    [🇰🇷 韓國] 李「不要過西江大橋」趙成賢上校拒絕特別晉升……真正的士兵。
17:16:09  INFO    [🇰🇷 韓國] 朝野支持率平手27%，TK，執政黨佔上風…總統支持率65%【蓋洛普】
17:16:10  INFO    [🇺🇸 美國] DHS funding bill appears in danger in House after Senate passage
17:16:10  INFO    [🇺🇸 美國] Is Trump's pause on attacking Iranian energy for diplomacy or an escalation?
17:16:10  INFO    [🇺🇸 美國] Global Food Supply Faces a Dangerous Bottleneck as Iran War Persists
17:16:10  INFO    [🇺🇸 美國] Chinese ships halt attempt to exit Hormuz despite Iran safe passage assurances
17:16:10  INFO    [🇺🇸 美國] Funding TSA won’t fix long airport lines overnight
17:16:10  INFO    [🇺🇸 美國] U.S. uses hundreds of Tomahawk missiles on Iran, alarming some at Pentagon
17:16:26  INFO  
🖥️  產生 HTML 報告...
17:16:26  INFO  
✅  HTML：報告_20260327_1716.html
17:16:26  INFO  ✅  CSV：機會分析_20260327_1716.csv
17:16:26  INFO  📝  Log：logs/scan_20260327_171456.log
