17:00:05  INFO  ======================================================================
17:00:05  INFO  🔥  每日機會分析系統 v10
17:00:05  INFO  📅  2026-04-04 17:00
17:00:05  INFO  ======================================================================
17:00:05  INFO  
① 🌕  CRYPTO
17:00:06  ERROR    BTC-USD: float() argument must be a string or a real number, not 'Series'
17:00:06  ERROR    ETH-USD: float() argument must be a string or a real number, not 'Series'
17:00:07  ERROR    SOL-USD: float() argument must be a string or a real number, not 'Series'
17:00:07  ERROR    BNB-USD: float() argument must be a string or a real number, not 'Series'
17:00:08  ERROR    XRP-USD: float() argument must be a string or a real number, not 'Series'
17:00:08  INFO    ✅ Crypto 0 筆
17:00:08  INFO  
② 📈  股票
17:00:09  INFO    [台] 3293.TWO     鈊象電子         $    755.00  -1.56% 多空分歧
17:00:09  INFO             買入點：— 目前無買入信號  進場區：$676.6 ~ $690.2  止損：$659.6
17:00:10  INFO    [台] 00909.TW     國泰智能電動車ETF   $     35.99  -1.83% 三線空頭
17:00:10  INFO             買入點：🎯 一條件滿足 — 待確認  進場區：$35.1 ~ $35.8  止損：$34.2
17:00:11  INFO    [台] 0056.TW      元大高股息        $     37.82  -0.76% 多空分歧
17:00:11  INFO             買入點：🎯 一條件滿足 — 待確認  進場區：$36.3 ~ $37.0  止損：$35.4
17:00:11  INFO    [台] 6111.TWO     6111擎亞       $     43.00  +1.65% 偏空
17:00:11  INFO             買入點：🎯 一條件滿足 — 待確認  進場區：$39.7 ~ $40.5  止損：$38.7
17:00:12  INFO    [台] 00878.TW     國泰永續高股息      $     22.03  -1.21% 多空分歧
17:00:12  INFO             買入點：🎯 一條件滿足 — 待確認  進場區：$21.2 ~ $21.6  止損：$20.6
17:00:13  INFO    [台] 3017.TW      奇鋐           $  2,070.00  -1.90% 多空分歧
17:00:13  INFO             買入點：— 目前無買入信號  進場區：$1,637.0 ~ $1,669.9  止損：$1,615.0
17:00:14  INFO    [台] 00713.TW     元大高息低波       $     51.35  -0.29% 多空分歧
17:00:14  INFO             買入點：🎯 一條件滿足 — 待確認  進場區：$49.8 ~ $50.8  止損：$48.6
17:00:15  INFO    [台] 00919.TW     群益台灣精選高息     $     22.30  -0.89% 多空分歧
17:00:15  INFO             買入點：🎯 一條件滿足 — 待確認  進場區：$21.7 ~ $22.2  止損：$21.2
17:00:15  INFO    [美] NVDA         NVIDIA       $    177.39  +0.93% 多空分歧
17:00:15  INFO             買入點：🎯 一條件滿足 — 待確認  進場區：$163.4 ~ $166.7  止損：$159.3
17:00:16  INFO    [美] GEV          GE Vernova   $    898.57  +0.42% 三線多頭
17:00:16  INFO             買入點：— 目前無買入信號  進場區：$772.6 ~ $788.2  止損：$753.2
17:00:17  INFO    [台] 2330.TW      台積電          $  1,810.00  -2.43% 多空分歧
17:00:17  INFO             買入點：🎯 一條件滿足 — 待確認  進場區：$1,750.5 ~ $1,785.7  止損：$1,707.2
17:00:18  INFO    [美] AMD          AMD          $    217.50  +3.47% 多空分歧
17:00:18  INFO             買入點：— 目前無買入信號  進場區：$187.6 ~ $191.4  止損：$183.3
17:00:19  INFO    [美] TSM          台積電ADR       $    339.04  -0.72% 多空分歧
17:00:19  INFO             買入點：🎯 一條件滿足 — 待確認  進場區：$312.2 ~ $318.5  止損：$304.4
17:00:20  INFO    [台] 2317.TW      鴻海           $    193.00  -2.03% 三線空頭
17:00:20  INFO             買入點：🎯 一條件滿足 — 待確認  進場區：$184.3 ~ $188.0  止損：$181.9
17:00:20  INFO    [台] 2530.TW      華建           $     24.05  -3.41% 三線空頭
17:00:20  INFO             買入點：🎯 一條件滿足 — 待確認  進場區：$23.8 ~ $24.3  止損：$23.2
17:00:21  INFO    [美] MU           美光           $    366.24  -0.44% 多空分歧
17:00:21  INFO             買入點：🎯 一條件滿足 — 待確認  進場區：$309.9 ~ $316.2  止損：$302.1
17:00:22  INFO    [美] LRCX         科林研發         $    218.44  -1.61% 三線多頭
17:00:22  INFO             買入點：🎯 一條件滿足 — 待確認  進場區：$193.1 ~ $197.0  止損：$188.3
17:00:23  INFO    [台] 00631L.TW    元大台灣50正2     $     20.00  -4.76% 偏空
17:00:23  INFO             買入點：🎯 一條件滿足 — 待確認  進場區：$-191.0 ~ $-194.8  止損：$18.5
17:00:24  INFO    [台] 00910.TW     第一金太空衛星      $     58.20  +1.31% 多空分歧
17:00:24  INFO             買入點：— 目前無買入信號  進場區：$52.1 ~ $53.1  止損：$50.8
17:00:25  INFO    [台] 2308.TW      台達電          $  1,430.00  -3.05% 多空分歧
17:00:25  INFO             買入點：🎯 一條件滿足 — 待確認  進場區：$1,189.0 ~ $1,212.9  止損：$1,159.1
17:00:27  INFO    ✅ 股票 20 筆
17:00:27  INFO  
③ 🌟  生活熱門趨勢
17:00:27  INFO    📊 Google Trends 台灣（生活/食衣住行）...
17:00:28  INFO    [食品飲料] 熱度:11 動能:-6% 最熱關鍵字：美食 ❄️
17:00:30  INFO    [服飾美妝] 熱度:38 動能:+8% 最熱關鍵字：穿搭 🔥🔥
17:00:33  WARNING    [居家生活] The request failed: Google returned a response with code 429
17:00:36  INFO    [娛樂3C] 熱度:46 動能:+13% 最熱關鍵字：手機 🔥🔥
17:00:39  INFO    [健康運動] 熱度:25 動能:-7% 最熱關鍵字：健身 ❄️
17:00:41  INFO    [旅遊交通] 熱度:26 動能:-4% 最熱關鍵字：機票 ❄️
17:00:43  INFO    💬 Dcard 熱門...
17:00:43  WARNING      ⚠️  www.dcard.tw → 403 Client Error: Forbidden for url: https://www.dcard.tw/f/trending
17:00:43  INFO    📋 PTT 熱門...
17:00:44  WARNING      ⚠️  www.ptt.cc → ('Connection aborted.', ConnectionResetError(104, 'Connection reset by peer'))
17:00:44  INFO    [PTT/Stock] [1] Re: [心得] 台指期貨操作的勸世文
17:00:44  INFO    [PTT/Stock] [爆] [情報] 川普: 倒數48小時
17:00:44  INFO    [PTT/Stock] [2] Re: [請益] 要賣實體黃金攤平股票嗎？還是留黃金或
17:00:46  INFO    [PTT/beauty] [26] [正妹] BABYMONSTER ASA
17:00:46  INFO    [PTT/beauty] [55] [正妹] 逐玉 女主角
17:00:46  INFO    [PTT/beauty] [1] [神人] WBC 東京採訪記者
17:00:46  INFO    [PTT/beauty] [1] [正妹] 清新可愛，有點像文瑾瑩
17:00:47  INFO    [PTT/movie] [1] [負微雷] 《弒婚遊戲：2度開局》
17:00:47  INFO    [PTT/movie] [4] Re: [討論] 超級瑪利歐銀河電影版 爛番茄44%
17:00:47  INFO    [PTT/movie] [] Re: [好雷] 木挽町的復仇 (木挽町のあだ討ち)
17:00:47  INFO    [PTT/movie] [] [新聞]全新真人版《惡靈古堡》曝首波好評！獲讚
17:00:47  INFO    [PTT/movie] [] [討論] 伍迪哈里遜《動物農莊》4/30全台上映！
17:00:48  INFO    [PTT/food] [] [食記] Onigiri Takeya 日本福島 平價又好吃飯糰
17:00:48  INFO    [PTT/food] [] [食記] 桃園市八德區。桃鶯生炒羊肉
17:00:48  INFO    [PTT/food] [] [食記] 新北蘆洲 Yoooi Yakiniku有壹燒肉
17:00:48  INFO    [PTT/food] [1] [食記] 磐石坊 台北大安 椰香微辣巴東牛肉薑黃飯
17:00:48  INFO    📺 YouTube 台灣熱門...
17:00:49  INFO    🎵 TikTok...
17:00:49  INFO    [TikTok] #1 #semanasanta
17:00:49  INFO    🛍️  Shopee 台灣熱銷...
17:00:53  INFO    💬 Reddit 熱賣（本週）...
17:00:54  INFO    ✅ 生活趨勢完成
17:00:54  INFO  
④ 📰  消息面
17:00:55  INFO    [🇹🇼 台灣] 大雨下不停 14縣市發布大豪雨、豪雨特報
17:00:55  INFO    [🇹🇼 台灣] 苗栗暴雨成災卓榮泰：總預算沒過、災損金與第二預備金都無法動支| 政治
17:00:55  INFO    [🇹🇼 台灣] 美軍急搜F-15E失聯機組員再傳戰損！A-10遭擊落、2架黑鷹直升機遇襲
17:00:55  INFO    [🇹🇼 台灣] 要不要搶購呢？經長緊急給答案了
17:00:55  INFO    [🇹🇼 台灣] 鄭麗文訪中！黃暐瀚籲國民黨勿忘曾對人民承諾不接受中國反分裂法| 政治
17:00:55  INFO    [🇹🇼 台灣] 不只轟核電廠！伊朗水泥廠與石化中心遇襲 至少造成2死7傷
17:00:57  INFO    [🇯🇵 日本] 美軍飛機被擊落與川普“伊朗軍隊將被摧毀”的說法相矛盾……如果伊朗俘虜美軍，可能是一張“外交牌”
17:00:58  INFO    [🇯🇵 日本] 邊野古海上事故：「為什麼一個孩子關心他的家人？」「給死者家屬的備忘錄」發佈在網路上
17:00:58  INFO    [🇯🇵 日本] 阿耳忒彌斯二號太空船抵達月球一半
17:01:00  INFO    [🇯🇵 日本] 六年級男孩失蹤；警方繼續在京都市南丹市進行全城搜查（2026 年 4 月 4 日發布）|日本電視台新聞 NNN
17:01:01  INFO    [🇯🇵 日本] 商船三井液化石油氣運輸船通過霍爾木茲海峽，第二艘與日本有關的船隻
17:01:03  INFO    [🇯🇵 日本] 賓州通報攻擊事件的汽車看起來與醫院附近的汽車非常相似；調查懷疑是同一名伊朗男子死亡
17:01:05  INFO    [🇰🇷 韓國] 尹錫烈被解職的廣場再次聚集市民……“偉大的社會改革，現在開始”
17:01:06  INFO    [🇰🇷 韓國] 伊朗「還擊落了3架美國無人機」…看看公佈的照片
17:01:08  INFO    [🇰🇷 韓國] “伊朗允許運載生活必需品前往伊朗的船隻通過霍爾木茲海峽。”
17:01:09  INFO    [🇰🇷 韓國] 民主黨忠清北道知事候選人國權黨申新韓...盧英民在決選中落敗
17:01:11  INFO    [🇰🇷 韓國] 週日早上多雲，逐漸放晴…享受櫻花盛開的季節
17:01:11  INFO    [🇰🇷 韓國] 川普敦促達成協議：“距離伊朗地獄之門打開還有48小時”
17:01:12  INFO    [🇺🇸 美國] Iran war enters its 6th week as military searches for downed jet crew member
17:01:12  INFO    [🇺🇸 美國] ‘Paradigm shift:’ How Trump’s budget request will keep everyone guessing
17:01:12  INFO    [🇺🇸 美國] Trump weighs broader cabinet shake-up as Iran war pressure grows
17:01:12  INFO    [🇺🇸 美國] Artemis II passes halfway point to Moon, sends Earth photos
17:01:12  INFO    [🇺🇸 美國] Former CIA operative: regime change in Iran is much harder than the US thinks
17:01:12  INFO    [🇺🇸 美國] Judge rejects Department of Justice bid to reinstate Powell subpoenas
17:01:25  INFO  
🖥️  產生 HTML 報告...
17:01:25  INFO  
✅  HTML：報告_20260404_1701.html
17:01:25  INFO  ✅  CSV：機會分析_20260404_1701.csv
17:01:25  INFO  📝  Log：logs/scan_20260404_170005.log
