23:36:16  INFO  ======================================================================
23:36:16  INFO  🔥  每日機會分析系統 v10
23:36:16  INFO  📅  2026-04-24 23:36
23:36:16  INFO  ======================================================================
23:36:16  INFO  
① 🌕  CRYPTO
23:36:16  ERROR    BTC-USD: float() argument must be a string or a real number, not 'Series'
23:36:17  ERROR    ETH-USD: float() argument must be a string or a real number, not 'Series'
23:36:18  ERROR    SOL-USD: float() argument must be a string or a real number, not 'Series'
23:36:18  ERROR    BNB-USD: float() argument must be a string or a real number, not 'Series'
23:36:19  ERROR    XRP-USD: float() argument must be a string or a real number, not 'Series'
23:36:19  INFO    ✅ Crypto 0 筆
23:36:19  INFO  
② 📈  股票
23:36:20  INFO    [台] 3293.TWO     鈊象電子         $    753.00  -1.05% 多空分歧
23:36:20  INFO             買入點：🎯 一條件滿足 — 待確認  進場區：$727.3 ~ $742.0  止損：$709.1
23:36:20  INFO    [台] 00909.TW     國泰智能電動車ETF   $       nan   +nan% 多空分歧
23:36:20  INFO             買入點：— 目前無買入信號  進場區：$32.9 ~ $33.5  止損：$32.1
23:36:21  INFO    [台] 0056.TW      元大高股息        $       nan   +nan% 三線多頭
23:36:21  INFO             買入點：— 目前無買入信號  進場區：$36.0 ~ $36.7  止損：$35.1
23:36:22  INFO    [台] 6111.TWO     6111擎亞       $     47.80  -1.65% 多空分歧
23:36:22  INFO             買入點：— 目前無買入信號  進場區：$39.5 ~ $40.3  止損：$38.7
23:36:23  INFO    [台] 00878.TW     國泰永續高股息      $       nan   +nan% 三線多頭
23:36:23  INFO             買入點：— 目前無買入信號  進場區：$21.7 ~ $22.1  止損：$21.1
23:36:23  INFO    [台] 3017.TW      奇鋐           $  2,945.00  +9.89% 三線多頭
23:36:23  INFO             買入點：— 目前無買入信號  進場區：$1,827.3 ~ $1,864.1  止損：$1,886.6
23:36:24  INFO    [台] 00713.TW     元大高息低波       $       nan   +nan% 多空分歧
23:36:24  INFO             買入點：— 目前無買入信號  進場區：$50.4 ~ $51.4  止損：$49.1
23:36:25  INFO    [台] 00919.TW     群益台灣精選高息     $       nan   +nan% 偏多
23:36:25  INFO             買入點：— 目前無買入信號  進場區：$21.9 ~ $22.3  止損：$21.3
23:36:26  INFO    [美] NVDA         NVIDIA       $    208.27  +4.32% 三線多頭
23:36:26  INFO             買入點：— 目前無買入信號  進場區：$161.5 ~ $164.8  止損：$159.3
23:36:27  INFO    [美] GEV          GE Vernova   $  1,149.19  -0.03% 三線多頭
23:36:27  INFO             買入點：— 目前無買入信號  進場區：$782.4 ~ $798.1  止損：$782.8
23:36:27  INFO    [台] 2330.TW      台積電          $  2,185.00  +5.05% 三線多頭
23:36:27  INFO             買入點：— 目前無買入信號  進場區：$1,710.8 ~ $1,745.2  止損：$1,707.2
23:36:28  INFO    [美] AMD          AMD          $    347.81 +13.91% 三線多頭
23:36:28  INFO             買入點：— 目前無買入信號  進場區：$168.9 ~ $172.3  止損：$187.1
23:36:29  INFO    [美] TSM          台積電ADR       $    402.46  +5.17% 三線多頭
23:36:29  INFO             買入點：— 目前無買入信號  進場區：$312.2 ~ $318.5  止損：$304.4
23:36:30  INFO    [台] 2317.TW      鴻海           $    221.50  -1.56% 多空分歧
23:36:30  INFO             買入點：— 目前無買入信號  進場區：$183.0 ~ $186.7  止損：$181.9
23:36:31  INFO    [台] 2530.TW      華建           $     21.85  +0.46% 三線空頭
23:36:31  INFO             買入點：🎯 一條件滿足 — 待確認  進場區：$20.9 ~ $21.3  止損：$20.8
23:36:32  INFO    [美] MU           美光           $    496.72  +3.11% 三線多頭
23:36:32  INFO             買入點：— 目前無買入信號  進場區：$309.9 ~ $316.2  止損：$302.1
23:36:33  INFO    [美] LRCX         科林研發         $    267.78  +3.57% 偏多
23:36:33  INFO             買入點：— 目前無買入信號  進場區：$197.3 ~ $201.3  止損：$192.6
23:36:33  INFO    [台] 00631L.TW    元大台灣50正2     $       nan   +nan% 多空分歧
23:36:33  INFO             買入點：— 目前無買入信號  進場區：$19.1 ~ $19.5  止損：$18.7
23:36:34  INFO    [台] 00910.TW     第一金太空衛星      $       nan   +nan% 多空分歧
23:36:34  INFO             買入點：— 目前無買入信號  進場區：$54.2 ~ $55.3  止損：$52.9
23:36:35  INFO    [台] 2308.TW      台達電          $  2,075.00  +4.80% 三線多頭
23:36:35  INFO             買入點：— 目前無買入信號  進場區：$1,276.4 ~ $1,302.1  止損：$1,324.0
23:36:39  INFO    ✅ 股票 20 筆
23:36:39  INFO  
③ 🌟  生活熱門趨勢
23:36:39  INFO    📊 Google Trends 台灣（生活/食衣住行）...
23:36:39  INFO    [食品飲料] 熱度:7 動能:-34% 最熱關鍵字：美食 ❄️
23:36:42  INFO    [服飾美妝] 熱度:29 動能:-13% 最熱關鍵字：防曬 ❄️
23:36:44  INFO    [居家生活] 熱度:22 動能:-28% 最熱關鍵字：家具 ❄️
23:36:47  INFO    [娛樂3C] 熱度:42 動能:+6% 最熱關鍵字：手機 🔥🔥
23:36:49  INFO    [健康運動] 熱度:30 動能:-25% 最熱關鍵字：健身 ❄️
23:36:51  INFO    [旅遊交通] 熱度:23 動能:-20% 最熱關鍵字：機票 ❄️
23:36:53  INFO    💬 Dcard 熱門...
23:36:53  WARNING      ⚠️  www.dcard.tw → 403 Client Error: Forbidden for url: https://www.dcard.tw/f/trending
23:36:53  INFO    📋 PTT 熱門...
23:36:54  WARNING      ⚠️  www.ptt.cc → ('Connection aborted.', ConnectionResetError(104, 'Connection reset by peer'))
23:36:54  INFO    [PTT/Stock] [] Re: [請益] 100萬到1000萬的具體操作策略
23:36:54  INFO    [PTT/Stock] [21] [請益] 一千萬以上的操作請益
23:36:54  INFO    [PTT/Stock] [] [公告] 股票板板規 v4.7 (2024/10/06 修正)
23:36:54  INFO    [PTT/Stock] [6] [公告] 4-6-1罰則將在1/22開始到年底加重至30天
23:36:54  INFO    [PTT/Stock] [爆] [閒聊] 2026/04/24 盤後閒聊
23:36:56  INFO    [PTT/beauty] [26] [正妹] MOMO
23:36:56  INFO    [PTT/beauty] [] [正妹] Cosplay 2706 日本 寶石之國 妮姬
23:36:56  INFO    [PTT/beauty] [2] [正妹] 另一個Sakura Momo
23:36:56  INFO    [PTT/beauty] [3] [神人] 身材暴力的服飾model
23:36:57  INFO    [PTT/movie] [14] [討論]麥可傑克森-爆米花達96分 影評觀眾信哪個?
23:36:57  INFO    [PTT/movie] [] [情報] 【綿羊偵探團】最新預告
23:36:57  INFO    [PTT/movie] [] [新聞]2位變體英雄將在《復仇者聯盟：秘密戰爭》
23:36:57  INFO    [PTT/movie] [] [新聞]差點就沒了那彈指！強法夫洛極力反對他犧牲
23:36:58  INFO    [PTT/food] [] [食記] 和田珍味 日本島根 香酥美味塔塔河豚漢堡
23:36:58  INFO    [PTT/food] [] [食記] 長榮航空BR189 HND東京羽田-TSA台北松山 787-10
23:36:58  INFO    [PTT/food] [] [公告] Food板 板規 V3.91
23:36:58  INFO    [PTT/food] [18] [公告] 發文請在標題加上地區及提供地址電話。^^
23:36:58  INFO    [PTT/food] [] [公告] 文章被刪除者請洽精華區的資源回收桶
23:36:58  INFO    📺 YouTube 台灣熱門...
23:36:59  INFO    🎵 TikTok...
23:37:00  INFO    [TikTok] #1 #earthday
23:37:00  INFO    🛍️  Shopee 台灣熱銷...
23:37:04  INFO    💬 Reddit 熱賣（本週）...
23:37:04  INFO    ✅ 生活趨勢完成
23:37:04  INFO  
④ 📰  消息面
23:37:04  INFO    [🇹🇼 台灣] 北市忠孝東路4段中信銀行遭搶警方制伏犯嫌| 社會
23:37:04  INFO    [🇹🇼 台灣] 美、伊第二輪和談流產秘辛曝光! 為了「這問題」 代表團被訓斥遭留下| 國際
23:37:04  INFO    [🇹🇼 台灣] 「發芽馬鈴薯輸台」比照日本？王世堅批政府只學皮毛 當場把農業部官員請下台 | 蕭宥宸 | 新聞
23:37:04  INFO    [🇹🇼 台灣] 台南女高中生放學遭襲擊 警：嫌犯預謀犯案企圖性侵
23:37:04  INFO    [🇹🇼 台灣] 大雷雨狂炸高雄市！3地區最受影響 慎防強風和閃電落雷
23:37:04  INFO    [🇹🇼 台灣] 國台辦嗆台灣沒總統黃暐瀚：中國的九二共識是不讓你活！根本沒有中華民國| 政治
23:37:05  INFO    [🇯🇵 日本] 川普25日會談暗示伊朗可能回應美國要求
23:37:06  INFO    [🇯🇵 日本] 北海道警方主動審問一名30多歲的動物園工作人員，詢問妻子的屍體是否被遺棄在旭山動物園
23:37:06  INFO    [🇯🇵 日本] 宗教法人向高市支部捐贈3000萬日元的真實性無法核實。
23:37:07  INFO    [🇯🇵 日本] 自衛隊高層的軍階稱號將發生變化，參謀長變為“上將”，第一大佐變為“上校”…由於前日本軍隊的負面形象，“中士”和“中士”不會改變。
23:37:08  INFO    [🇯🇵 日本] 栃木縣緊急救援隊出動，110架直升機和地面部隊出動岩手森林火災
23:37:09  INFO    [🇯🇵 日本] 今天4月25日（星期六）天氣預報：日本北部至東部晴朗，西日本太平洋一側有小雨
23:37:10  INFO    [🇰🇷 韓國] 美伊重啟第二輪談判程序...美國派談判小組前往巴基斯坦
23:37:11  INFO    [🇰🇷 韓國] 美國防務與霍爾木茲相關：“歐洲和中國搭便車的時代已經結束”
23:37:12  INFO    [🇰🇷 韓國] 【姜天錫專欄】張東赫，倒在地上，成為政黨的肥料
23:37:12  INFO    [🇰🇷 韓國] 伊朗革命衛隊扣押了一艘“涉嫌與美國軍事合作”的船隻...“違反海事法規”
23:37:12  INFO    [🇰🇷 韓國] 黑社會成員樸哲民涉嫌「李在明總統黑幫涉案論」被警方調查
23:37:13  INFO    [🇰🇷 韓國] 美國國防部：“歐亞、霍爾木茲海峽的順風車已經結束”
23:37:13  INFO    [🇺🇸 美國] Justice Department drops criminal probe of Fed chair Powell, likely clearing the way for Warsh
23:37:13  INFO    [🇺🇸 美國] Live Updates: Witkoff, Kushner to head to new Iran peace talks in Pakistan, White House says
23:37:13  INFO    [🇺🇸 美國] Trump embraced the gambling industry for decades. Now he's hedging his bet on prediction markets.
23:37:13  INFO    [🇺🇸 美國] Appeals court clears way for U.S. to reopen border for asylum seekers
23:37:13  INFO    [🇺🇸 美國] Why Trump wants to spend $1 billion on Great Salt Lake
23:37:13  INFO    [🇺🇸 美國] Economic Fury Targets Global Network Fueling Iran’s Oil Trade and Shadow Fleet - U.S. Department of the Treasury (.gov)
23:37:26  INFO  
🖥️  產生 HTML 報告...
23:37:26  INFO  
✅  HTML：報告_20260424_2337.html
23:37:26  INFO  ✅  CSV：機會分析_20260424_2337.csv
23:37:26  INFO  📝  Log：logs/scan_20260424_233616.log
