17:33:00  INFO  ======================================================================
17:33:00  INFO  🔥  每日機會分析系統 v10
17:33:00  INFO  📅  2026-03-25 17:33
17:33:00  INFO  ======================================================================
17:33:00  INFO  
① 🌕  CRYPTO
17:33:01  ERROR    BTC-USD: float() argument must be a string or a real number, not 'Series'
17:33:01  ERROR    ETH-USD: float() argument must be a string or a real number, not 'Series'
17:33:02  ERROR    SOL-USD: float() argument must be a string or a real number, not 'Series'
17:33:02  ERROR    BNB-USD: float() argument must be a string or a real number, not 'Series'
17:33:03  ERROR    XRP-USD: float() argument must be a string or a real number, not 'Series'
17:33:03  INFO    ✅ Crypto 0 筆
17:33:03  INFO  
② 📈  股票
17:33:04  INFO    [台] 3293.TWO     鈊象電子         $    749.00  +1.90% 多空分歧
17:33:04  INFO             買入點：— 目前無買入信號  進場區：$666.6 ~ $680.0  止損：$649.9
17:33:05  INFO    [台] 00909.TW     國泰智能電動車ETF   $     39.64  +0.84% 多空分歧
17:33:05  INFO             買入點：— 目前無買入信號  進場區：$36.2 ~ $36.9  止損：$35.3
17:33:05  INFO    [台] 0056.TW      元大高股息        $     38.58  +1.42% 多空分歧
17:33:05  INFO             買入點：🎯 一條件滿足 — 待確認  進場區：$36.3 ~ $37.0  止損：$35.4
17:33:06  INFO    [台] 6111.TWO     6111擎亞       $     42.50  +0.95% 偏空
17:33:06  INFO             買入點：🎯 一條件滿足 — 待確認  進場區：$40.8 ~ $41.6  止損：$39.8
17:33:07  INFO    [台] 00878.TW     國泰永續高股息      $     22.44  +1.63% 多空分歧
17:33:07  INFO             買入點：🎯 一條件滿足 — 待確認  進場區：$21.2 ~ $21.6  止損：$20.6
17:33:08  INFO    [台] 3017.TW      奇鋐           $  2,100.00  +7.97% 三線多頭
17:33:08  INFO             買入點：— 目前無買入信號  進場區：$1,552.2 ~ $1,583.4  止損：$1,513.2
17:33:09  INFO    [台] 00713.TW     元大高息低波       $     51.85  +0.97% 多空分歧
17:33:09  INFO             買入點：🎯 一條件滿足 — 待確認  進場區：$49.8 ~ $50.8  止損：$48.6
17:33:10  INFO    [台] 00919.TW     群益台灣精選高息     $     22.85  +1.96% 多空分歧
17:33:10  INFO             買入點：🎯 一條件滿足 — 待確認  進場區：$21.7 ~ $22.2  止損：$21.2
17:33:10  INFO    [美] NVDA         NVIDIA       $    178.70  +1.99% 偏空
17:33:10  INFO             買入點：🎯 一條件滿足 — 待確認  進場區：$170.9 ~ $174.3  止損：$166.6
17:33:11  INFO    [美] GEV          GE Vernova   $    935.81  +2.90% 三線多頭
17:33:11  INFO             買入點：— 目前無買入信號  進場區：$772.6 ~ $788.2  止損：$753.2
17:33:12  INFO    [台] 2330.TW      台積電          $  1,845.00  +1.93% 多空分歧
17:33:12  INFO             買入點：🎯 一條件滿足 — 待確認  進場區：$1,754.8 ~ $1,790.1  止損：$1,711.3
17:33:13  INFO    [美] AMD          AMD          $    218.99  +6.63% 多空分歧
17:33:13  INFO             買入點：— 目前無買入信號  進場區：$187.3 ~ $191.0  止損：$182.6
17:33:14  INFO    [美] TSM          台積電ADR       $    347.61  +1.27% 多空分歧
17:33:14  INFO             買入點：🎯 一條件滿足 — 待確認  進場區：$321.1 ~ $327.5  止損：$315.4
17:33:15  INFO    [台] 2317.TW      鴻海           $    200.00  +2.56% 三線空頭
17:33:15  INFO             買入點：🎯 一條件滿足 — 待確認  進場區：$186.4 ~ $190.2  止損：$188.2
17:33:16  INFO    [台] 2530.TW      華建           $     25.10  +0.20% 多空分歧
17:33:16  INFO             買入點：🎯 一條件滿足 — 待確認  進場區：$24.1 ~ $24.6  止損：$23.8
17:33:17  INFO    [美] MU           美光           $    380.42  -3.82% 多空分歧
17:33:17  INFO             買入點：🎯 一條件滿足 — 待確認  進場區：$355.9 ~ $363.0  止損：$346.9
17:33:19  INFO    [美] LRCX         科林研發         $    232.89  -2.49% 多空分歧
17:33:19  INFO             買入點：— 目前無買入信號  進場區：$193.1 ~ $197.0  止損：$188.3
17:33:19  INFO    [台] 00631L.TW    元大台灣50正2     $    443.15  +0.08% 多空分歧
17:33:19  INFO             買入點：🎯 一條件滿足 — 待確認  進場區：$414.4 ~ $422.7  止損：$404.0
17:33:20  INFO    [台] 00910.TW     第一金太空衛星      $     58.60  +1.12% 偏多
17:33:20  INFO             買入點：— 目前無買入信號  進場區：$52.1 ~ $53.1  止損：$50.8
17:33:21  INFO    [台] 2308.TW      台達電          $  1,550.00  +9.54% 偏多
17:33:21  INFO             買入點：🎯 一條件滿足 — 待確認  進場區：$1,189.0 ~ $1,212.9  止損：$1,159.1
17:33:24  INFO    ✅ 股票 20 筆
17:33:24  INFO  
③ 🌟  生活熱門趨勢
17:33:24  INFO    📊 Google Trends 台灣（生活/食衣住行）...
17:33:25  INFO    [食品飲料] 熱度:10 動能:-9% 最熱關鍵字：美食 ❄️
17:33:28  INFO    [服飾美妝] 熱度:34 動能:+14% 最熱關鍵字：穿搭 🔥🔥
17:33:30  INFO    [居家生活] 熱度:27 動能:-1% 最熱關鍵字：家具 ❄️
17:33:33  INFO    [娛樂3C] 熱度:39 動能:+4% 最熱關鍵字：手機 🔥
17:33:35  INFO    [健康運動] 熱度:38 動能:+11% 最熱關鍵字：健身 🔥🔥
17:33:38  INFO    [旅遊交通] 熱度:31 動能:+13% 最熱關鍵字：機票 🔥🔥
17:33:40  INFO    💬 Dcard 熱門...
17:33:40  WARNING      ⚠️  www.dcard.tw → 403 Client Error: Forbidden for url: https://www.dcard.tw/f/trending
17:33:40  INFO    📋 PTT 熱門...
17:33:41  WARNING      ⚠️  www.ptt.cc → ('Connection aborted.', ConnectionResetError(104, 'Connection reset by peer'))
17:33:41  INFO    [PTT/Stock] [74] [新聞] 美眾院議長：對伊朗「史詩憤怒行動」已進
17:33:41  INFO    [PTT/Stock] [21] [新聞] 台積電美國新廠動工前「訂單已滿排至2027
17:33:41  INFO    [PTT/Stock] [6] Re: [新聞] 美日韓大咖來了！南亞科787億私募　Sandisk、海力士入列
17:33:41  INFO    [PTT/Stock] [2] [新聞] 緯穎第二次海外無擔保可轉換公司債完成訂
17:33:42  INFO    [PTT/beauty] [] [正妹] 姊妹合照, 不相上下
17:33:42  INFO    [PTT/beauty] [92] [公告] 不願上表特 ＆ 優文推薦 ＆ 檢舉建議專區
17:33:42  INFO    [PTT/beauty] [1] [公告] 口罩文會退文
17:33:42  INFO    [PTT/beauty] [] [公告] 表特板板規(2022.10.22)
17:33:44  INFO    [PTT/movie] [1] [討論] 極限返航的外星人問題（有雷）
17:33:44  INFO    [PTT/movie] [3] [新聞] 千黛亞和湯姆霍蘭德聊<抓馬戀人>戲內老公
17:33:44  INFO    [PTT/movie] [] [公告] 電影板板規 2025/10/26
17:33:44  INFO    [PTT/movie] [X1] [公告] 政治電影新聞張貼規範
17:33:45  INFO    [PTT/food] [] [食記] 台北士林區 Subber潛艇堡
17:33:45  INFO    [PTT/food] [] [食記] 宜蘭羅東白橡｜WhiteOak│路過的美味甜點
17:33:45  INFO    [PTT/food] [] [食記] 日本 旭川成吉思汗大黑屋 無腥味羔羊炙烤
17:33:45  INFO    [PTT/food] [] [食記] 劉家蝦公粄 屏東內埔 酥脆九層塔香蝦公粄
17:33:45  INFO    [PTT/food] [] [食記] 香港 HashtagB 超酥脆蛋撻大推開心果口味
17:33:45  INFO    📺 YouTube 台灣熱門...
17:33:45  INFO    🎵 TikTok...
17:33:47  INFO    [TikTok] #1 #sparemomentslive
17:33:47  INFO    🛍️  Shopee 台灣熱銷...
17:33:50  INFO    💬 Reddit 熱賣（本週）...
17:33:51  INFO    ✅ 生活趨勢完成
17:33:51  INFO  
④ 📰  消息面
17:33:51  INFO    [🇹🇼 台灣] 馬英九基金會上演大叔宮鬥劇！蕭旭岑遭指違財政紀律國台辦說話了| 政治
17:33:51  INFO    [🇹🇼 台灣] 美伊戰爭戰況／美國伊朗15項停火協議曝光！川普喊對方開始講理、還給了大禮，為何再出動千人精銳部隊？
17:33:51  INFO    [🇹🇼 台灣] 荷莫茲海峽有限開放！伊朗正式宣布：滿足「3條件」可安全通行
17:33:51  INFO    [🇹🇼 台灣] 對獎了！1-2月統一發票千萬獎「87510041」 完整獎號在這裡
17:33:51  INFO    [🇹🇼 台灣] 徐春鶯案燒出國安警訊 律師曝：李貞秀恐步後塵「民眾黨恐泡沫化」
17:33:51  INFO    [🇹🇼 台灣] 直擊／賴清德拋重啟核電　反核團體衝黨部：請蔡英文選2028延續非核
17:33:53  INFO    [🇯🇵 日本] 聚焦：川普推遲襲擊伊朗的幕後黑手、「誤判」以及海灣國家的警告
17:33:54  INFO    [🇯🇵 日本] 【突發新聞】伊朗要求關閉美軍在波斯灣的軍事基地
17:33:56  INFO    [🇯🇵 日本] 伊朗官員稱巴基斯坦轉達了美國的提議，土耳其也是潛在的會談地點
17:33:57  INFO    [🇯🇵 日本] 2.4萬人冒雨在議會前抗議修憲攻擊伊朗
17:33:59  INFO    [🇯🇵 日本] 【突發新聞】大阪市熊取鎮一所中小學因學校午餐麵包引發諾羅病毒大規模食物中毒 633人投訴腹瀉、嘔吐
17:34:01  INFO    [🇯🇵 日本] 大阪野鹿事件後吉村知事不放心：“為鹿創造安全的棲息地”
17:34:03  INFO    [🇰🇷 韓國] 李總統出席首架量產型KF-21下線儀式…“半個多世紀以來獨立國防的願望”
17:34:07  INFO    [🇰🇷 韓國] 一年內財富增加了500億韓元的高級公職人員……李總統報告說，財富增加了18億韓元，達到49億韓元。
17:34:09  INFO    [🇰🇷 韓國] 【突發新聞】“伊朗拒絕美國結束戰爭的提議……‘停止入侵並賠償損失’的反建議”
17:34:10  INFO    [🇰🇷 韓國] 「美國透過巴基斯坦向伊朗交付戰爭端到端計畫」…外媒相繼通報
17:34:11  INFO    [🇰🇷 韓國] 問題不在於《ABC》……柳時敏作家錯過的政治本質
17:34:13  INFO    [🇰🇷 韓國] [影片]樸成俊“要求韓東勳撤銷起訴的人”羅京元“我提出我的意見”
17:34:13  INFO    [🇺🇸 美國] Trump admin pitches 15-point Iran peace proposal as Pakistan offers to hold talks
17:34:13  INFO    [🇺🇸 美國] Democrats flip Florida state seat that includes Trump's Mar-a-Lago home
17:34:13  INFO    [🇺🇸 美國] Supreme Court Sides With Internet Provider in Copyright Fight Over Pirated Music
17:34:13  INFO    [🇺🇸 美國] Thousands of U.S. troops deploy to Middle East. And, the latest on DHS funding talks
17:34:13  INFO    [🇺🇸 美國] Iran War News Live Updates: Mediators Aim for U.S.-Iran Meeting by Thursday
17:34:13  INFO    [🇺🇸 美國] Iran Charges Some Ships Hormuz Transit Fees for Safe Passage
17:34:28  INFO  
🖥️  產生 HTML 報告...
17:34:28  INFO  
✅  HTML：報告_20260325_1734.html
17:34:28  INFO  ✅  CSV：機會分析_20260325_1734.csv
17:34:28  INFO  📝  Log：logs/scan_20260325_173300.log
