17:59:10  INFO  ======================================================================
17:59:10  INFO  🔥  每日機會分析系統 v10
17:59:10  INFO  📅  2026-04-28 17:59
17:59:10  INFO  ======================================================================
17:59:10  INFO  
① 🌕  CRYPTO
17:59:10  ERROR    BTC-USD: float() argument must be a string or a real number, not 'Series'
17:59:11  ERROR    ETH-USD: float() argument must be a string or a real number, not 'Series'
17:59:11  ERROR    SOL-USD: float() argument must be a string or a real number, not 'Series'
17:59:12  ERROR    BNB-USD: float() argument must be a string or a real number, not 'Series'
17:59:13  ERROR    XRP-USD: float() argument must be a string or a real number, not 'Series'
17:59:13  INFO    ✅ Crypto 0 筆
17:59:13  INFO  
② 📈  股票
17:59:13  INFO    [台] 3293.TWO     鈊象電子         $       nan   +nan% 多空分歧
17:59:13  INFO             買入點：— 目前無買入信號  進場區：$727.3 ~ $742.0  止損：$709.1
17:59:14  INFO    [台] 00909.TW     國泰智能電動車ETF   $       nan   +nan% 多空分歧
17:59:14  INFO             買入點：— 目前無買入信號  進場區：$32.9 ~ $33.5  止損：$32.1
17:59:15  INFO    [台] 0056.TW      元大高股息        $       nan   +nan% 偏多
17:59:15  INFO             買入點：— 目前無買入信號  進場區：$36.0 ~ $36.7  止損：$35.1
17:59:16  INFO    [台] 6111.TWO     6111擎亞       $       nan   +nan% 多空分歧
17:59:16  INFO             買入點：— 目前無買入信號  進場區：$39.7 ~ $40.5  止損：$38.7
17:59:17  INFO    [台] 00878.TW     國泰永續高股息      $       nan   +nan% 三線多頭
17:59:17  INFO             買入點：— 目前無買入信號  進場區：$21.7 ~ $22.1  止損：$21.1
17:59:18  INFO    [台] 3017.TW      奇鋐           $       nan   +nan% 三線多頭
17:59:18  INFO             買入點：— 目前無買入信號  進場區：$1,935.3 ~ $1,974.2  止損：$1,886.6
17:59:19  INFO    [台] 00713.TW     元大高息低波       $       nan   +nan% 多空分歧
17:59:19  INFO             買入點：— 目前無買入信號  進場區：$50.4 ~ $51.4  止損：$49.1
17:59:19  INFO    [台] 00919.TW     群益台灣精選高息     $       nan   +nan% 多空分歧
17:59:19  INFO             買入點：— 目前無買入信號  進場區：$21.9 ~ $22.3  止損：$21.3
17:59:20  INFO    [美] NVDA         NVIDIA       $    211.60  -2.31% 三線多頭
17:59:20  INFO             買入點：— 目前無買入信號  進場區：$166.1 ~ $169.5  止損：$162.0
17:59:21  INFO    [美] GEV          GE Vernova   $  1,077.76  -3.79% 三線多頭
17:59:21  INFO             買入點：— 目前無買入信號  進場區：$818.2 ~ $834.7  止損：$799.3
17:59:22  INFO    [台] 2330.TW      台積電          $       nan   +nan% 三線多頭
17:59:22  INFO             買入點：— 目前無買入信號  進場區：$1,751.2 ~ $1,786.4  止損：$1,707.2
17:59:23  INFO    [美] AMD          AMD          $    324.83  -2.93% 三線多頭
17:59:23  INFO             買入點：— 目前無買入信號  進場區：$177.3 ~ $180.8  止損：$190.5
17:59:24  INFO    [美] TSM          台積電ADR       $    391.60  -3.30% 三線多頭
17:59:24  INFO             買入點：— 目前無買入信號  進場區：$319.5 ~ $326.0  止損：$311.5
17:59:25  INFO    [台] 2317.TW      鴻海           $       nan   +nan% 多空分歧
17:59:25  INFO             買入點：— 目前無買入信號  進場區：$186.6 ~ $190.3  止損：$181.9
17:59:26  INFO    [台] 2530.TW      華建           $       nan   +nan% 三線空頭
17:59:26  INFO             買入點：— 目前無買入信號  進場區：$20.8 ~ $21.3  止損：$20.3
17:59:27  INFO    [美] MU           美光           $    505.98  -3.54% 三線多頭
17:59:27  INFO             買入點：— 目前無買入信號  進場區：$309.9 ~ $316.2  止損：$302.1
17:59:27  INFO    [美] LRCX         科林研發         $    250.18  -3.58% 多空分歧
17:59:27  INFO             買入點：🎯 一條件滿足 — 待確認  進場區：$202.0 ~ $206.1  止損：$196.9
17:59:28  INFO    [台] 00631L.TW    元大台灣50正2     $       nan   +nan% 三線多頭
17:59:28  INFO             買入點：— 目前無買入信號  進場區：$19.1 ~ $19.5  止損：$18.7
17:59:29  INFO    [台] 00910.TW     第一金太空衛星      $       nan   +nan% 多空分歧
17:59:29  INFO             買入點：— 目前無買入信號  進場區：$54.2 ~ $55.3  止損：$52.9
17:59:30  INFO    [台] 2308.TW      台達電          $       nan   +nan% 三線多頭
17:59:30  INFO             買入點：— 目前無買入信號  進場區：$1,358.2 ~ $1,385.5  止損：$1,324.0
17:59:34  INFO    ✅ 股票 20 筆
17:59:34  INFO  
③ 🌟  生活熱門趨勢
17:59:34  INFO    📊 Google Trends 台灣（生活/食衣住行）...
17:59:35  INFO    [食品飲料] 熱度:8 動能:-22% 最熱關鍵字：美食 ❄️
17:59:37  INFO    [服飾美妝] 熱度:38 動能:-0% 最熱關鍵字：防曬 ❄️
17:59:40  WARNING    [居家生活] The request failed: Google returned a response with code 429
17:59:43  WARNING    [娛樂3C] The request failed: Google returned a response with code 429
17:59:46  WARNING    [健康運動] The request failed: Google returned a response with code 429
17:59:49  WARNING    [旅遊交通] The request failed: Google returned a response with code 429
17:59:52  INFO    💬 Dcard 熱門...
17:59:53  WARNING      ⚠️  www.dcard.tw → 403 Client Error: Forbidden for url: https://www.dcard.tw/f/trending
17:59:53  INFO    📋 PTT 熱門...
17:59:53  WARNING      ⚠️  www.ptt.cc → ('Connection aborted.', ConnectionResetError(104, 'Connection reset by peer'))
17:59:54  INFO    [PTT/Stock] [爆] [新聞] 川普：伊朗求開放荷姆茲海峽 已陷「崩潰
17:59:54  INFO    [PTT/Stock] [27] [新聞] 伊朗伊斯蘭革命衛隊：已實現對荷姆茲海
17:59:54  INFO    [PTT/Stock] [3] Re: [新聞] 玻纖布供應太緊了! 陸 CCL 龍頭建滔第四
17:59:54  INFO    [PTT/Stock] [12] [新聞] 伊朗戰爭令中國經濟承壓，廣西數千名工人
17:59:54  INFO    [PTT/Stock] [25] [標的] 請問0056換0050
17:59:55  INFO    [PTT/beauty] [1] [正妹] 小問_羨慕狗
17:59:55  INFO    [PTT/beauty] [9] [正妹] 河北彩花
17:59:55  INFO    [PTT/beauty] [35] [正妹] 自取其辱
17:59:55  INFO    [PTT/beauty] [] [正妹] 阮花花
17:59:55  INFO    [PTT/beauty] [9] [正妹] 巨乳熟女
17:59:56  INFO    [PTT/movie] [5] Re: [新聞] 影壇慘案！中國這電影「上映1個月僅3人看
17:59:56  INFO    [PTT/movie] [10] [新聞] 《穿著Prada的惡魔》10大金句一次看　米
17:59:56  INFO    [PTT/movie] [11] [普雷] 家弒服務
17:59:56  INFO    [PTT/movie] [49] [討論] 看凱吉的變臉 好想吐喔
17:59:56  INFO    [PTT/movie] [3] [好雷] 0時盜數：盜亦有道(個屁)
17:59:57  INFO    [PTT/food] [] [食記] 台北 すし謙
17:59:57  INFO    [PTT/food] [] [食記] 沖繩那霸機場OKA ラウンジ華 Lounge hana
17:59:57  INFO    [PTT/food] [] [食記] 彰化 山美燒肉 炭火香氣不錯的老宅燒肉
17:59:57  INFO    [PTT/food] [1] [食記] About H Coffee 台北中正 巴斯克與貓咪
17:59:57  INFO    [PTT/food] [] [食記] 桃園 饗厚牛排桃園店自助吧吃到飽
17:59:58  INFO    📺 YouTube 台灣熱門...
17:59:58  INFO    🎵 TikTok...
18:00:02  INFO    [TikTok] #1 《TAIPEI TIMES》 TikTok users in Taiwan up significantly last 
18:00:02  INFO    [TikTok] #2 Beyond Pop-Culture: Towards Integrating Taiwanese Into Daily
18:00:02  INFO    [TikTok] #3 Seeing is not believing (part II) - AI videos spread during 
18:00:02  INFO    [TikTok] #4 Threads在紅什麼，台灣人超瘋「脆」引起祖克柏關注？
18:00:02  INFO    🛍️  Shopee 台灣熱銷...
18:00:06  INFO    💬 Reddit 熱賣（本週）...
18:00:06  INFO    ✅ 生活趨勢完成
18:00:06  INFO  
④ 📰  消息面
18:00:06  INFO    [🇹🇼 台灣] 川普：伊朗求開放荷姆茲海峽 稱陷「崩潰狀態」
18:00:06  INFO    [🇹🇼 台灣] 范姜彥豐怒告粿粿、王子侵害配偶權 士林地院判賠100萬判決書將公開
18:00:06  INFO    [🇹🇼 台灣] 新北市長選舉藍白合民調出爐李四川勝出| 政治
18:00:06  INFO    [🇹🇼 台灣] 髮型救不了選情 ? 被沈伯洋害慘 他直言綠營恐「連環失血」2到5席 :
18:00:06  INFO    [🇹🇼 台灣] 皇昌發三點聲明 反駁忠孝橋引橋拆除工程爭議 點名黃姓廠商幕後黑手
18:00:06  INFO    [🇹🇼 台灣] 明起變天！專家揭「橘紅一片」 這時間雨最大
18:00:08  INFO    [🇯🇵 日本] 開始接受大槌森林火災捐款
18:00:09  INFO    [🇯🇵 日本] 向避難所捐贈 2,600 份牛排和龍蝦；原計劃作為晚宴主菜的計劃因槍擊事件而取消
18:00:09  INFO    [🇯🇵 日本] 川普聲稱伊朗處於崩潰狀態並呼籲開放霍爾木茲
18:00:10  INFO    [🇯🇵 日本] “保險箱門被撬開”，有人撥打110稱4億日元被盜…監視器拍到嫌疑人乘車逃跑
18:00:10  INFO    [🇯🇵 日本] 醫療機構中最常見的性侵犯發生在精神科領域。醫療和就業之間很難劃清界線……有些員工不知道自己的被捕記錄。
18:00:11  INFO    [🇯🇵 日本] 黃金周天氣：30日至1日謹防大雨，預計2日晴空東京氣溫將達攝氏27度（氣象預報員Rika Fukutomi 2026年4月28日）
18:00:14  INFO    [🇰🇷 韓國] 金建熙二審獲刑4年…“操縱股價罪”
18:00:16  INFO    [🇰🇷 韓國] 金永南和曹國在平澤的「神經戰」…民主為統一討論劃清界限
18:00:17  INFO    [🇰🇷 韓國] 新興角色理論...金文洙將擔任釜山、大邱、慶北、江原地區選舉委員會委員長
18:00:19  INFO    [🇰🇷 韓國] 阿聯酋5月1日宣布退出歐佩克
18:00:19  INFO    [🇰🇷 韓國] ‘雙房毛匯款到朝鮮’金成泰，“當時我沒有見到李在明......我很抱歉成為某人”
18:00:21  INFO    [🇰🇷 韓國] 李總統河正宇「無論身在何處，都要為人民發揮作用」…辭職參選
18:00:22  INFO    [🇺🇸 美國] FCC to direct Disney-owned TV stations to file early license renewals, source says
18:00:22  INFO    [🇺🇸 美國] Suspect in White House Correspondents’ Dinner Shooting Charged with Attempt to Assassinate the President
18:00:22  INFO    [🇺🇸 美國] Live Updates: Iran war and Strait of Hormuz stuck in limbo as Trump mulls latest Iranian offer
18:00:22  INFO    [🇺🇸 美國] Congressional Republicans rally around Trump's White House ballroom project
18:00:22  INFO    [🇺🇸 美國] British Embassy Hosts Royal Couple, and a Few Hundred More, at Garden Party
18:00:22  INFO    [🇺🇸 美國] Exclusive: Justice Department indicts former FBI Director James Comey for a second time
18:00:36  INFO  
🖥️  產生 HTML 報告...
18:00:36  INFO  
✅  HTML：報告_20260428_1800.html
18:00:36  INFO  ✅  CSV：機會分析_20260428_1800.csv
18:00:36  INFO  📝  Log：logs/scan_20260428_175910.log
