10:15:54  INFO  ======================================================================
10:15:54  INFO  🔥  每日機會分析系統 v10
10:15:54  INFO  📅  2026-04-17 10:15
10:15:54  INFO  ======================================================================
10:15:54  INFO  
① 🌕  CRYPTO
10:15:55  ERROR    BTC-USD: float() argument must be a string or a real number, not 'Series'
10:15:55  ERROR    ETH-USD: float() argument must be a string or a real number, not 'Series'
10:15:56  ERROR    SOL-USD: float() argument must be a string or a real number, not 'Series'
10:15:56  ERROR    BNB-USD: float() argument must be a string or a real number, not 'Series'
10:15:57  ERROR    XRP-USD: float() argument must be a string or a real number, not 'Series'
10:15:57  INFO    ✅ Crypto 0 筆
10:15:57  INFO  
② 📈  股票
10:15:58  INFO    [台] 3293.TWO     鈊象電子         $    775.00  +0.91% 偏多
10:15:58  INFO             買入點：— 目前無買入信號  進場區：$719.4 ~ $733.8  止損：$701.3
10:15:58  INFO    [台] 00909.TW     國泰智能電動車ETF   $     44.31  +0.73% 多空分歧
10:15:58  INFO             買入點：— 目前無買入信號  進場區：$34.4 ~ $35.1  止損：$34.2
10:15:59  INFO    [台] 0056.TW      元大高股息        $     40.98  +0.44% 三線多頭
10:15:59  INFO             買入點：— 目前無買入信號  進場區：$36.6 ~ $37.3  止損：$35.9
10:16:00  INFO    [台] 6111.TWO     6111擎亞       $     48.10  +1.80% 多空分歧
10:16:00  INFO             買入點：— 目前無買入信號  進場區：$39.7 ~ $40.5  止損：$38.7
10:16:01  INFO    [台] 00878.TW     國泰永續高股息      $     24.06  +1.09% 三線多頭
10:16:01  INFO             買入點：— 目前無買入信號  進場區：$21.3 ~ $21.8  止損：$21.1
10:16:02  INFO    [台] 3017.TW      奇鋐           $  2,400.00  -1.64% 三線多頭
10:16:02  INFO             買入點：— 目前無買入信號  進場區：$1,825.8 ~ $1,862.5  止損：$1,780.0
10:16:02  INFO    [台] 00713.TW     元大高息低波       $     54.00  +0.75% 三線多頭
10:16:02  INFO             買入點：— 目前無買入信號  進場區：$50.0 ~ $51.0  止損：$49.1
10:16:03  INFO    [台] 00919.TW     群益台灣精選高息     $     23.43  +0.56% 三線多頭
10:16:03  INFO             買入點：— 目前無買入信號  進場區：$21.9 ~ $22.3  止損：$21.3
10:16:04  INFO    [美] NVDA         NVIDIA       $    198.35  -0.26% 多空分歧
10:16:04  INFO             買入點：— 目前無買入信號  進場區：$160.2 ~ $163.4  止損：$159.3
10:16:05  INFO    [美] GEV          GE Vernova   $    978.32  -0.77% 偏多
10:16:05  INFO             買入點：— 目前無買入信號  進場區：$803.0 ~ $819.1  止損：$782.8
10:16:05  INFO    [台] 2330.TW      台積電          $  2,030.00  -2.64% 三線多頭
10:16:05  INFO             買入點：— 目前無買入信號  進場區：$1,681.4 ~ $1,715.2  止損：$1,707.2
10:16:06  INFO    [美] AMD          AMD          $    278.26  +7.80% 三線多頭
10:16:06  INFO             買入點：— 目前無買入信號  進場區：$175.7 ~ $179.2  止損：$187.0
10:16:07  INFO    [美] TSM          台積電ADR       $    363.35  -3.13% 三線多頭
10:16:07  INFO             買入點：— 目前無買入信號  進場區：$310.0 ~ $316.3  止損：$304.4
10:16:08  INFO    [台] 2317.TW      鴻海           $    206.00  -0.48% 多空分歧
10:16:08  INFO             買入點：— 目前無買入信號  進場區：$186.6 ~ $190.3  止損：$181.9
10:16:09  INFO    [台] 2530.TW      華建           $     22.60  -0.22% 三線空頭
10:16:09  INFO             買入點：🎯 一條件滿足 — 待確認  進場區：$22.0 ~ $22.5  止損：$21.8
10:16:10  INFO    [美] MU           美光           $    457.23  +0.22% 三線多頭
10:16:10  INFO             買入點：— 目前無買入信號  進場區：$309.9 ~ $316.2  止損：$302.1
10:16:10  INFO    [美] LRCX         科林研發         $    260.96  -1.58% 三線多頭
10:16:10  INFO             買入點：— 目前無買入信號  進場區：$191.4 ~ $195.3  止損：$192.6
10:16:11  INFO    [台] 00631L.TW    元大台灣50正2     $     25.59  -1.50% 多空分歧
10:16:11  INFO             買入點：🎯 一條件滿足 — 待確認  進場區：$-208.4 ~ $-212.6  止損：$18.5
10:16:12  INFO    [台] 00910.TW     第一金太空衛星      $     71.75  +5.44% 三線多頭
10:16:12  INFO             買入點：— 目前無買入信號  進場區：$51.3 ~ $52.3  止損：$52.9
10:16:13  INFO    [台] 2308.TW      台達電          $  1,840.00  -0.27% 三線多頭
10:16:13  INFO             買入點：— 目前無買入信號  進場區：$1,267.1 ~ $1,292.5  止損：$1,324.0
10:16:13  INFO    ⏰ 10:xx 外資 16:30 後更新
10:16:13  INFO    ✅ 股票 20 筆
10:16:13  INFO  
③ 🌟  生活熱門趨勢
10:16:13  INFO    📊 Google Trends 台灣（生活/食衣住行）...
10:16:14  INFO    [食品飲料] 熱度:13 動能:+16% 最熱關鍵字：美食 🔥🔥
10:16:17  INFO    [服飾美妝] 熱度:26 動能:-19% 最熱關鍵字：防曬 ❄️
10:16:19  INFO    [居家生活] 熱度:31 動能:-7% 最熱關鍵字：家具 ❄️
10:16:22  INFO    [娛樂3C] 熱度:36 動能:-9% 最熱關鍵字：手機 ❄️
10:16:24  INFO    [健康運動] 熱度:41 動能:-10% 最熱關鍵字：健身 ❄️
10:16:27  INFO    [旅遊交通] 熱度:29 動能:-10% 最熱關鍵字：機票 ❄️
10:16:29  INFO    💬 Dcard 熱門...
10:16:29  WARNING      ⚠️  www.dcard.tw → 403 Client Error: Forbidden for url: https://www.dcard.tw/f/trending
10:16:29  INFO    📋 PTT 熱門...
10:16:29  WARNING      ⚠️  www.ptt.cc → ('Connection aborted.', ConnectionResetError(104, 'Connection reset by peer'))
10:16:30  INFO    [PTT/Stock] [13] [新聞] 韓國稱其運載原油船隻安全駛離紅海
10:16:30  INFO    [PTT/Stock] [24] [新聞] 聯電證實 發出客戶信：下半年將調整價格
10:16:30  INFO    [PTT/Stock] [14] [請益] 高股息停利，轉非投等債月配
10:16:30  INFO    [PTT/Stock] [27] [新聞] 長抱台積電20年賣了！神人曬「超狂對帳單
10:16:30  INFO    [PTT/Stock] [17] Re: [請益] 指數投資派有在「先賣一趟」的嗎？
10:16:31  INFO    [PTT/beauty] [] [正妹] 藍心
10:16:31  INFO    [PTT/beauty] [4] [正妹] 陳亮彤
10:16:31  INFO    [PTT/beauty] [7] [正妹] 林穎樂
10:16:31  INFO    [PTT/beauty] [8] [正妹] Asa
10:16:32  INFO    [PTT/movie] [7] [新聞]「驚奇隊長」布麗拉森談電玩文化地位！籲
10:16:32  INFO    [PTT/movie] [23] [新聞]《復仇者5》被喻為恐怖片！觀眾會不敢看！
10:16:32  INFO    [PTT/movie] [5] [討論] 派拉蒙將制作COD首部電影和末日之戰新片
10:16:32  INFO    [PTT/movie] [55] [討論] 捍衛戰士3 製作決定
10:16:32  INFO    [PTT/movie] [2] [討論] 寒戰1994的李文彬及蔡元祺
10:16:33  INFO    [PTT/food] [] [食記] 桃園市龍潭區。佟記蔥油餅
10:16:33  INFO    [PTT/food] [] [食記] 台北大安 水粵香10人桌招牌菜色開箱
10:16:33  INFO    [PTT/food] [1] [食記] 苗栗縣頭屋鄉-禪廚蔬食餐廳
10:16:33  INFO    [PTT/food] [] [食記] 新北市林口區。eat enjoy 意享美式廚房
10:16:33  INFO    📺 YouTube 台灣熱門...
10:16:33  INFO    🎵 TikTok...
10:16:35  INFO    [TikTok] #1 #realmadrid
10:16:35  INFO    🛍️  Shopee 台灣熱銷...
10:16:39  INFO    💬 Reddit 熱賣（本週）...
10:16:39  INFO    ✅ 生活趨勢完成
10:16:39  INFO  
④ 📰  消息面
10:16:39  INFO    [🇹🇼 台灣] 白沙屯進香成「零元購」！店家揭香燈腳離譜行徑：要求吃免費還要寄回家
10:16:39  INFO    [🇹🇼 台灣] 蕭敬嚴遭停權卻贏民調 何元楷20藍委相挺哽咽：初選就是我勝出
10:16:39  INFO    [🇹🇼 台灣] 本周最強內幕》習近平大脫稿，統一不急？鄭習會推手揭閉門內幕！台北市長沒人選？賴清德親喬，鄭麗君不滿「被逼」
10:16:39  INFO    [🇹🇼 台灣] 荷姆茲「過路費」1毛都沒收到！伊朗傻眼了
10:16:39  INFO    [🇹🇼 台灣] 「列隊式雲團」出現了！專家曝：是梅雨季致災性豪雨特徵
10:16:39  INFO    [🇹🇼 台灣] 京都男童棄屍案／送養子上學成最後一程 父供稱「一時衝動掐脖」
10:16:41  INFO    [🇯🇵 日本] 在京都遺棄男孩屍體的嫌疑人足立由紀「是我勒死他的」…被捕前自願聽證會
10:16:43  INFO    [🇯🇵 日本] 自衛隊人員在自民黨代表大會上唱國歌是怎麼回事？專訪一橋大學江藤教授【自民黨】
10:16:44  INFO    [🇯🇵 日本] イスラエル首相、レバノンと10日間停戦に合意 和平具体化へ時間確保
10:16:45  INFO    [🇯🇵 日本] 關於邊野古翻船事故，「廣播可能太少了」。 3月份，關於BPO的問題已經提出了許多觀點。
10:16:46  INFO    [🇯🇵 日本] 教宗：「世界被暴君摧毀了」在與川普的對峙中說道
10:16:47  INFO    [🇯🇵 日本] 19日（週日），關東甲信地區夏季多日，內陸地區已接近盛夏酷暑。注意中暑（天氣預報員柴本愛沙尼亞 2026年4月17日）
10:16:49  INFO    [🇰🇷 韓國] 【爆料】霍爾木茲海峽封鎖以來韓國船隻首次穿越紅海…原油供需陷入危險
10:16:52  INFO    [🇰🇷 韓國] 洪準杓，與李總統共進90分鐘的“馬格利午餐”……“我沒有談論選舉。”
10:16:54  INFO    [🇰🇷 韓國] 美國教宗：「少數暴君正在毀滅世界」……川普又狙擊了？
10:16:54  INFO    [🇰🇷 韓國] 民主黨的“不” 1人才律師全泰鎮…金尚旭離開競選“蔚山南甲”
10:16:56  INFO    [🇰🇷 韓國] 李會長：“類似的研究所還有很多……有必要把它們做成獨立的組織嗎？”
10:16:58  INFO    [🇰🇷 韓國] 진보 야4당 “민주당·국민의힘, 끝내 밀실 야합…기득권 철옹성만 높여”
10:16:58  INFO    [🇺🇸 美國] Live Updates: Israel-Lebanon ceasefire begins as Iran keeps Strait of Hormuz gridlocked
10:16:58  INFO    [🇺🇸 美國] House extends surveillance powers for 10 days
10:16:58  INFO    [🇺🇸 美國] Democrat Analilia Mejia wins special House election
10:16:58  INFO    [🇺🇸 美國] Stephen Colbert Delights in Trump’s ‘Ongoing Papal Feud’
10:16:58  INFO    [🇺🇸 美國] Pete Hegseth Roasted By Gavin Newsom & Others Over ‘Pulp Fiction’ Prayer Debacle
10:16:58  INFO    [🇺🇸 美國] ICE acting director Todd Lyons will resign at end of May, DHS says
10:17:11  INFO  
🖥️  產生 HTML 報告...
10:17:11  INFO  
✅  HTML：報告_20260417_1017.html
10:17:11  INFO  ✅  CSV：機會分析_20260417_1017.csv
10:17:11  INFO  📝  Log：logs/scan_20260417_101554.log
