23:28:18  INFO  ======================================================================
23:28:18  INFO  🔥  每日機會分析系統 v10
23:28:18  INFO  📅  2026-03-24 23:28
23:28:18  INFO  ======================================================================
23:28:18  INFO  
① 🌕  CRYPTO
23:28:18  ERROR    BTC-USD: float() argument must be a string or a real number, not 'Series'
23:28:19  ERROR    ETH-USD: float() argument must be a string or a real number, not 'Series'
23:28:19  ERROR    SOL-USD: float() argument must be a string or a real number, not 'Series'
23:28:20  ERROR    BNB-USD: float() argument must be a string or a real number, not 'Series'
23:28:21  ERROR    XRP-USD: float() argument must be a string or a real number, not 'Series'
23:28:21  INFO    ✅ Crypto 0 筆
23:28:21  INFO  
② 📈  股票
23:28:22  INFO    [台] 3293.TWO     鈊象電子         $    735.00  +1.24% 多空分歧
23:28:22  INFO             買入點：— 目前無買入信號  進場區：$666.5 ~ $679.9  止損：$649.9
23:28:23  INFO    [台] 00909.TW     國泰智能電動車ETF   $     39.31  +2.45% 偏空
23:28:23  INFO             買入點：🎯🎯 兩條件滿足 — 觀察買入點  進場區：$36.2 ~ $36.9  止損：$35.3
23:28:24  INFO    [台] 0056.TW      元大高股息        $     38.04  +0.18% 多空分歧
23:28:24  INFO             買入點：🎯🎯 兩條件滿足 — 觀察買入點  進場區：$36.3 ~ $37.0  止損：$35.4
23:28:25  INFO    [台] 6111.TWO     6111擎亞       $     42.10  -2.21% 三線空頭
23:28:25  INFO             買入點：🎯 一條件滿足 — 待確認  進場區：$40.8 ~ $41.6  止損：$39.8
23:28:26  INFO    [台] 00878.TW     國泰永續高股息      $     22.08  +0.00% 多空分歧
23:28:26  INFO             買入點：🎯🎯 兩條件滿足 — 觀察買入點  進場區：$21.2 ~ $21.6  止損：$20.6
23:28:26  INFO    [台] 3017.TW      奇鋐           $  1,945.00  -2.51% 三線多頭
23:28:26  INFO             買入點：— 目前無買入信號  進場區：$1,502.5 ~ $1,532.6  止損：$1,464.7
23:28:28  INFO    [台] 00713.TW     元大高息低波       $     51.35  +0.79% 多空分歧
23:28:28  INFO             買入點：🎯🎯 兩條件滿足 — 觀察買入點  進場區：$49.8 ~ $50.8  止損：$48.6
23:28:28  INFO    [台] 00919.TW     群益台灣精選高息     $     22.41  -0.13% 多空分歧
23:28:28  INFO             買入點：🎯 一條件滿足 — 待確認  進場區：$21.7 ~ $22.2  止損：$21.2
23:28:29  INFO    [美] NVDA         NVIDIA       $    175.20  -0.25% 三線空頭
23:28:29  INFO             買入點：🎯 一條件滿足 — 待確認  進場區：$170.8 ~ $174.3  止損：$166.6
23:28:30  INFO    [美] GEV          GE Vernova   $    909.41  +3.03% 三線多頭
23:28:30  INFO             買入點：— 目前無買入信號  進場區：$772.6 ~ $788.2  止損：$753.2
23:28:31  INFO    [台] 2330.TW      台積電          $  1,810.00  +0.00% 多空分歧
23:28:31  INFO             買入點：🎯 一條件滿足 — 待確認  進場區：$1,755.4 ~ $1,790.7  止損：$1,711.3
23:28:32  INFO    [美] AMD          AMD          $    205.37  +1.33% 多空分歧
23:28:32  INFO             買入點：— 目前無買入信號  進場區：$187.3 ~ $191.0  止損：$182.6
23:28:33  INFO    [美] TSM          台積電ADR       $    343.25  +1.42% 多空分歧
23:28:33  INFO             買入點：🎯 一條件滿足 — 待確認  進場區：$317.7 ~ $324.1  止損：$315.4
23:28:33  INFO    [台] 2317.TW      鴻海           $    195.00  -0.51% 三線空頭
23:28:33  INFO             買入點：🎯 一條件滿足 — 待確認  進場區：$188.3 ~ $192.1  止損：$188.2
23:28:34  INFO    [台] 2530.TW      華建           $     25.05  -0.20% 偏空
23:28:34  INFO             買入點：🎯 一條件滿足 — 待確認  進場區：$24.2 ~ $24.6  止損：$23.8
23:28:35  INFO    [美] MU           美光           $    395.53  -2.18% 多空分歧
23:28:35  INFO             買入點：🎯 一條件滿足 — 待確認  進場區：$355.9 ~ $363.0  止損：$346.9
23:28:36  INFO    [美] LRCX         科林研發         $    238.84  +2.37% 偏多
23:28:36  INFO             買入點：— 目前無買入信號  進場區：$193.1 ~ $197.0  止損：$188.3
23:28:37  INFO    [台] 00631L.TW    元大台灣50正2     $    443.15  +0.08% 多空分歧
23:28:37  INFO             買入點：🎯 一條件滿足 — 待確認  進場區：$414.4 ~ $422.7  止損：$404.0
23:28:38  INFO    [台] 00910.TW     第一金太空衛星      $     57.95  +3.76% 偏多
23:28:38  INFO             買入點：🎯🎯 兩條件滿足 — 觀察買入點  進場區：$52.1 ~ $53.1  止損：$50.8
23:28:39  INFO    [台] 2308.TW      台達電          $  1,415.00  +0.35% 多空分歧
23:28:39  INFO             買入點：— 目前無買入信號  進場區：$1,189.0 ~ $1,212.9  止損：$1,159.1
23:28:42  INFO    ✅ 股票 20 筆
23:28:42  INFO  
③ 🌟  生活熱門趨勢
23:28:42  INFO    📊 Google Trends 台灣（生活/食衣住行）...
23:28:43  INFO    [食品飲料] 熱度:6 動能:-42% 最熱關鍵字：美食 ❄️
23:28:46  INFO    [服飾美妝] 熱度:25 動能:-16% 最熱關鍵字：穿搭 ❄️
23:28:49  INFO    [居家生活] 熱度:21 動能:-19% 最熱關鍵字：家具 ❄️
23:28:51  INFO    [娛樂3C] 熱度:37 動能:-0% 最熱關鍵字：手機 ❄️
23:28:54  INFO    [健康運動] 熱度:39 動能:+11% 最熱關鍵字：健身 🔥🔥
23:28:57  INFO    [旅遊交通] 熱度:21 動能:-22% 最熱關鍵字：機票 ❄️
23:28:59  INFO    💬 Dcard 熱門...
23:28:59  WARNING      ⚠️  www.dcard.tw → 403 Client Error: Forbidden for url: https://www.dcard.tw/f/trending
23:28:59  INFO    📋 PTT 熱門...
23:28:59  WARNING      ⚠️  www.ptt.cc → ('Connection aborted.', ConnectionResetError(104, 'Connection reset by peer'))
23:29:00  INFO    [PTT/Stock] [6] [新聞] 哪些晶片股可望受惠馬斯克Terafab超級
23:29:00  INFO    [PTT/Stock] [8] [新聞] 中東戰事衝擊能源供應! 比亞迪、寧德、華
23:29:00  INFO    [PTT/Stock] [6] Re: [新聞] 打造有別台積電的世界工廠 馬斯克恐重蹈
23:29:00  INFO    [PTT/Stock] [22] [新聞] 美伊衝突 無人機商機升空 概念股受惠
23:29:00  INFO    [PTT/Stock] [1] [新聞] 中東戰事衝擊顯現！美國3月企業活動轉弱
23:29:01  INFO    [PTT/beauty] [8] [正妹] 田中美久 水藍色的誘惑
23:29:01  INFO    [PTT/beauty] [6] [正妹] YUNA
23:29:01  INFO    [PTT/beauty] [2] [正妹] 微微肉
23:29:01  INFO    [PTT/beauty] [1] [正妹] 有顆淚痣的女生
23:29:02  INFO    [PTT/movie] [] [新聞]「獨眼龍」詹姆斯馬斯登坦承說謊！否認回歸
23:29:02  INFO    [PTT/movie] [7] [新聞]復仇者聯盟5》揭露MCU史上「最黑暗結局」！
23:29:02  INFO    [PTT/movie] [1] Re: [新聞] 覺醒記者罵Chuck Norris
23:29:03  INFO    [PTT/food] [] [食記] 台北士林區 Subber潛艇堡
23:29:03  INFO    [PTT/food] [] [食記] 宜蘭羅東白橡｜WhiteOak│路過的美味甜點
23:29:03  INFO    [PTT/food] [] [食記] 日本 旭川成吉思汗大黑屋 無腥味羔羊炙烤
23:29:03  INFO    [PTT/food] [] [食記] 劉家蝦公粄 屏東內埔 酥脆九層塔香蝦公粄
23:29:03  INFO    [PTT/food] [] [食記] 香港 HashtagB 超酥脆蛋撻大推開心果口味
23:29:03  INFO    📺 YouTube 台灣熱門...
23:29:04  INFO    🎵 TikTok...
23:29:05  INFO    [TikTok] #1 #arsenal
23:29:05  INFO    🛍️  Shopee 台灣熱銷...
23:29:08  INFO    💬 Reddit 熱賣（本週）...
23:29:09  INFO    ✅ 生活趨勢完成
23:29:09  INFO  
④ 📰  消息面
23:29:09  INFO    [🇹🇼 台灣] 柯案宣判前夕 沈慶京突發文：萬惡要怪他
23:29:09  INFO    [🇹🇼 台灣] 率眾到馬英九辦公室驅趕蕭旭岑等人 金溥聰證實：我奉命行事！
23:29:09  INFO    [🇹🇼 台灣] 前中油煉製部執行長徐漢涉貪 拆電子腳鐐潛逃6天 台東落網
23:29:09  INFO    [🇹🇼 台灣] 川普點名伊朗戰爭「始作俑者」 他「當場」變成代罪羔羊了
23:29:09  INFO    [🇹🇼 台灣] 京華城案李貞秀指高虹安拿柯文哲7百萬 高駁斥：放話者自重
23:29:09  INFO    [🇹🇼 台灣] 蔡壁如揪1點跳針護航「李貞秀沒有中國護照」？他秒看穿「荒謬」：站不住腳
23:29:10  INFO    [🇯🇵 日本] トランプ氏「イランが重大な譲歩」、ホルムズ巡る展開示唆
23:29:12  INFO    [🇯🇵 日本] 三級中尉因涉嫌闖入中國大使館而被捕“會見大使並發表意見”他還持有一把刀
23:29:12  INFO    [🇯🇵 日本] 以色列主要媒體報道，伊朗最高領袖莫吉達巴批准與美國進行和談
23:29:14  INFO    [🇯🇵 日本] 中間派和公民支持臨時預算：時事網
23:29:15  INFO    [🇯🇵 日本] 「我不想在這樣的船上......」對同誌社國際高中在邊野古海岸傾覆後感到憤怒的家長舉行了簡報會
23:29:16  INFO    [🇯🇵 日本] 根據美國主要報紙報道，川普政府考慮在 18 小時內增派陸軍作戰部隊奪取伊朗哈爾格島
23:29:19  INFO    [🇰🇷 韓國] 川普聲稱伊朗給了我們石油和天然氣禮物
23:29:20  INFO    [🇰🇷 韓國] 「增加房產稅」也在考慮中…藍色、強而有力的房地產措施
23:29:22  INFO    [🇰🇷 韓國] 不斷發展的機器人手術，「韓國 Anam」討論全球標準
23:29:23  INFO    [🇰🇷 韓國] 風力發電機起火造成3人死亡…“徹底拆除的建議”
23:29:24  INFO    [🇰🇷 韓國] 地方選舉前“給嶺南的禮物包”
23:29:25  INFO    [🇰🇷 韓國] 「非法擴建、無目視檢查」…災難背後的政府監管機構
23:29:25  INFO    [🇺🇸 美國] Trump declares Iran war ‘won’ as Tehran denies claims of peace talk progress
23:29:25  INFO    [🇺🇸 美國] Airport disruptions abound as senators chase deal to end Homeland Security budget standoff
23:29:25  INFO    [🇺🇸 美國] Delta suspends 'specialty services' perk for members of Congress, cites DHS shutdown
23:29:25  INFO    [🇺🇸 美國] Supreme Court questions what it means to be ‘in’ the US
23:29:25  INFO    [🇺🇸 美國] Exclusive: Trump's approval hits new 36% low as fuel prices surge amid Iran war, Reuters/Ipsos poll finds
23:29:25  INFO    [🇺🇸 美國] Prosecutor admits government lacks evidence of misconduct by Fed chair
23:29:43  INFO  
🖥️  產生 HTML 報告...
23:29:43  INFO  
✅  HTML：報告_20260324_2329.html
23:29:43  INFO  ✅  CSV：機會分析_20260324_2329.csv
23:29:43  INFO  📝  Log：logs/scan_20260324_232818.log
