10:09:38  INFO  ======================================================================
10:09:38  INFO  🔥  每日機會分析系統 v10
10:09:38  INFO  📅  2026-04-07 10:09
10:09:38  INFO  ======================================================================
10:09:38  INFO  
① 🌕  CRYPTO
10:09:38  ERROR    BTC-USD: float() argument must be a string or a real number, not 'Series'
10:09:39  ERROR    ETH-USD: float() argument must be a string or a real number, not 'Series'
10:09:39  ERROR    SOL-USD: float() argument must be a string or a real number, not 'Series'
10:09:40  ERROR    BNB-USD: float() argument must be a string or a real number, not 'Series'
10:09:40  ERROR    XRP-USD: float() argument must be a string or a real number, not 'Series'
10:09:41  INFO    ✅ Crypto 0 筆
10:09:41  INFO  
② 📈  股票
10:09:41  INFO    [台] 3293.TWO     鈊象電子         $    775.00  +2.65% 偏多
10:09:41  INFO             買入點：— 目前無買入信號  進場區：$676.6 ~ $690.2  止損：$659.6
10:09:42  INFO    [台] 00909.TW     國泰智能電動車ETF   $     37.50  +4.20% 三線空頭
10:09:42  INFO             買入點：🎯 一條件滿足 — 待確認  進場區：$35.1 ~ $35.8  止損：$34.2
10:09:43  INFO    [台] 0056.TW      元大高股息        $     38.07  +0.66% 多空分歧
10:09:43  INFO             買入點：🎯 一條件滿足 — 待確認  進場區：$36.3 ~ $37.0  止損：$35.4
10:09:44  INFO    [台] 6111.TWO     6111擎亞       $     43.05  +0.12% 多空分歧
10:09:44  INFO             買入點：🎯 一條件滿足 — 待確認  進場區：$39.7 ~ $40.5  止損：$38.7
10:09:44  INFO    [台] 00878.TW     國泰永續高股息      $     22.30  +1.23% 多空分歧
10:09:44  INFO             買入點：🎯 一條件滿足 — 待確認  進場區：$21.2 ~ $21.6  止損：$20.6
10:09:45  INFO    [台] 3017.TW      奇鋐           $  2,030.00  -1.93% 多空分歧
10:09:45  INFO             買入點：— 目前無買入信號  進場區：$1,649.9 ~ $1,683.1  止損：$1,615.0
10:09:46  INFO    [台] 00713.TW     元大高息低波       $     51.80  +0.88% 偏多
10:09:46  INFO             買入點：🎯 一條件滿足 — 待確認  進場區：$49.8 ~ $50.8  止損：$48.6
10:09:47  INFO    [台] 00919.TW     群益台灣精選高息     $     22.62  +1.43% 多空分歧
10:09:47  INFO             買入點：🎯 一條件滿足 — 待確認  進場區：$21.7 ~ $22.2  止損：$21.2
10:09:48  INFO    [美] NVDA         NVIDIA       $    177.64  +0.14% 多空分歧
10:09:48  INFO             買入點：🎯 一條件滿足 — 待確認  進場區：$163.4 ~ $166.7  止損：$159.3
10:09:48  INFO    [美] GEV          GE Vernova   $    897.36  -0.13% 三線多頭
10:09:48  INFO             買入點：— 目前無買入信號  進場區：$772.6 ~ $788.2  止損：$753.2
10:09:49  INFO    [台] 2330.TW      台積電          $  1,860.00  +2.76% 多空分歧
10:09:49  INFO             買入點：🎯 一條件滿足 — 待確認  進場區：$1,751.2 ~ $1,786.4  止損：$1,707.2
10:09:50  INFO    [美] AMD          AMD          $    220.18  +1.23% 多空分歧
10:09:50  INFO             買入點：— 目前無買入信號  進場區：$187.8 ~ $191.6  止損：$183.3
10:09:51  INFO    [美] TSM          台積電ADR       $    341.76  +0.80% 偏多
10:09:51  INFO             買入點：🎯 一條件滿足 — 待確認  進場區：$312.2 ~ $318.5  止損：$304.4
10:09:52  INFO    [台] 2317.TW      鴻海           $    192.00  -0.52% 偏空
10:09:52  INFO             買入點：🎯 一條件滿足 — 待確認  進場區：$183.9 ~ $187.6  止損：$181.9
10:09:53  INFO    [台] 2530.TW      華建           $     24.05  +0.00% 三線空頭
10:09:53  INFO             買入點：🎯 一條件滿足 — 待確認  進場區：$23.1 ~ $23.6  止損：$22.6
10:09:54  INFO    [美] MU           美光           $    377.76  +3.15% 多空分歧
10:09:54  INFO             買入點：🎯 一條件滿足 — 待確認  進場區：$309.9 ~ $316.2  止損：$302.1
10:09:54  INFO    [美] LRCX         科林研發         $    220.65  +1.01% 三線多頭
10:09:54  INFO             買入點：🎯 一條件滿足 — 待確認  進場區：$193.1 ~ $197.0  止損：$188.3
10:09:55  INFO    [台] 00631L.TW    元大台灣50正2     $     20.65  +3.25% 多空分歧
10:09:55  INFO             買入點：🎯 一條件滿足 — 待確認  進場區：$-215.1 ~ $-219.4  止損：$18.5
10:09:56  INFO    [台] 00910.TW     第一金太空衛星      $     63.00  +8.25% 三線多頭
10:09:56  INFO             買入點：🎯 一條件滿足 — 待確認  進場區：$52.1 ~ $53.1  止損：$50.8
10:09:57  INFO    [台] 2308.TW      台達電          $  1,515.00  +5.94% 三線多頭
10:09:57  INFO             買入點：— 目前無買入信號  進場區：$1,189.0 ~ $1,212.9  止損：$1,159.1
10:09:57  INFO    ⏰ 10:xx 外資 16:30 後更新
10:09:57  INFO    ✅ 股票 20 筆
10:09:57  INFO  
③ 🌟  生活熱門趨勢
10:09:57  INFO    📊 Google Trends 台灣（生活/食衣住行）...
10:09:58  WARNING    [食品飲料] The request failed: Google returned a response with code 429
10:10:01  INFO    [服飾美妝] 熱度:28 動能:-26% 最熱關鍵字：穿搭 ❄️
10:10:03  INFO    [居家生活] 熱度:31 動能:+1% 最熱關鍵字：家具 🔥
10:10:06  INFO    [娛樂3C] 熱度:32 動能:-20% 最熱關鍵字：手機 ❄️
10:10:08  INFO    [健康運動] 熱度:37 動能:+0% 最熱關鍵字：健身 🔥
10:10:11  INFO    [旅遊交通] 熱度:26 動能:-1% 最熱關鍵字：機票 ❄️
10:10:13  INFO    💬 Dcard 熱門...
10:10:13  WARNING      ⚠️  www.dcard.tw → 403 Client Error: Forbidden for url: https://www.dcard.tw/f/trending
10:10:13  INFO    📋 PTT 熱門...
10:10:13  WARNING      ⚠️  www.ptt.cc → ('Connection aborted.', ConnectionResetError(104, 'Connection reset by peer'))
10:10:14  INFO    [PTT/Stock] [5] [情報] 2360 致茂 3月營收
10:10:14  INFO    [PTT/Stock] [44] [情報] 友達轉型扇形封裝？
10:10:14  INFO    [PTT/Stock] [4] [情報] 7744 崴寶 3月營收
10:10:14  INFO    [PTT/Stock] [28] [新聞] 伊朗青少年人肉保護發電廠 川普打嗎
10:10:15  INFO    [PTT/beauty] [] [正妹] 窗邊
10:10:15  INFO    [PTT/beauty] [13] [正妹] 烏克蘭 身材暴力
10:10:15  INFO    [PTT/beauty] [35] [正妹] Jisoo
10:10:15  INFO    [PTT/beauty] [4] [神人] 4/6天母棒球場-啦啦隊
10:10:15  INFO    [PTT/beauty] [4] [正妹] 陪姊姊拼拼圖吧？
10:10:16  INFO    [PTT/movie] [3] [好雷] 抓馬戀人
10:10:16  INFO    [PTT/movie] [2] [普雷] 超級瑪利歐銀河大電影 童年下的心情分享
10:10:16  INFO    [PTT/movie] [3] [好雷] 超級瑪利歐銀河 3D
10:10:16  INFO    [PTT/movie] [4] [好雷] 超級馬利歐銀河(滿滿情懷)
10:10:16  INFO    [PTT/movie] [2] [請益] 抓馬戀人 的小問題（有雷）
10:10:17  INFO    [PTT/food] [] [食記] 伊娜飛魚餐廳 花蓮豐濱 飛魚卵香腸燻飛魚
10:10:17  INFO    [PTT/food] [4] [食記] 台北 祥星記一鴨三吃 好吃燒臘便當店
10:10:17  INFO    [PTT/food] [] [食記] 東京 居酒家 さいたどう燒鳥串燒 等很久
10:10:17  INFO    [PTT/food] [] [食記] 台北 士林區｜筠芝和牛本舖
10:10:17  INFO    [PTT/food] [] [食記] 吉隆坡 甲洞興記肉骨茶(分店)
10:10:18  INFO    📺 YouTube 台灣熱門...
10:10:18  INFO    🎵 TikTok...
10:10:19  INFO    [TikTok] #1 #easter
10:10:19  INFO    🛍️  Shopee 台灣熱銷...
10:10:23  INFO    💬 Reddit 熱賣（本週）...
10:10:23  INFO    ✅ 生活趨勢完成
10:10:23  INFO  
④ 📰  消息面
10:10:23  INFO    [🇹🇼 台灣] 美軍不惜代價救出F-15E飛行員 伊朗質疑是竊取濃縮鈾障眼法
10:10:23  INFO    [🇹🇼 台灣] 和平之旅展開！鄭麗文飛抵上海 宋濤親自接機
10:10:23  INFO    [🇹🇼 台灣] 阿提米絲2號近距直擊月球背面隕石坑命名「卡洛爾」有洋蔥| 科技
10:10:23  INFO    [🇹🇼 台灣] 川普揚言攻擊伊朗能源設施歐盟警告：打民生目標違法不可接受| 國際
10:10:23  INFO    [🇹🇼 台灣] 彰化竹縣恐分裂／彰化謝家內戰卡提名　絲襪天王被推上火線內幕
10:10:23  INFO    [🇹🇼 台灣] 快訊／雨神上班！　鋒面抵達了
10:10:24  INFO    [🇯🇵 日本] 川普總統重申開放霍爾木茲海峽的最後期限是「明天上午 9 點」…敦促伊朗同意
10:10:24  INFO    [🇯🇵 日本] 超過122兆日圓的初始預算獲得通過，11年來首次延後至4月
10:10:26  INFO    [🇯🇵 日本] 川崎市碼頭40m鷹架倒塌，5人墜落，3人昏迷【神奈川縣】
10:10:26  INFO    [🇯🇵 日本] 【突發新聞】京都小學生在孩子家附近山區失蹤 警方解除限制警戒線。經過約10個小時的搜尋，“沒有什麼可公佈的”
10:10:27  INFO    [🇯🇵 日本] 260Mbps連接月球與地球－支援「阿爾忒彌斯二號」的通訊技術
10:10:27  INFO    [🇯🇵 日本] 伊朗當局保釋被拘留的NHK德黑蘭分社社長，因為他無法離開該國，未來將面臨審判
10:10:28  INFO    [🇰🇷 韓國] 美伊戰爭「命運倒數」…停火的突破還是巨大的打擊？
10:10:29  INFO    [🇰🇷 韓國] 停火破壞者內塔尼亞胡恢復對川普禁止的伊朗石油設施的攻擊
10:10:33  INFO    [🇰🇷 韓國] [突發新聞]前京畿道知事候選人秋美愛...「最佳人選」韓俊浩被淘汰
10:10:34  INFO    [🇰🇷 韓國] 姜勳植訪問沙烏地阿拉伯、阿曼、哈薩克“原油特使”…“確保至少一桶”
10:10:36  INFO    [🇰🇷 韓國] 伊朗拒絕“先停火，後結束戰爭”的調解建議…“襲擊民用設施時多次報復”
10:10:37  INFO    [🇰🇷 韓國] 受中東戰爭影響的醫療產品…「不公平行為一律嚴格處理」。
10:10:38  INFO    [🇺🇸 美國] Live Updates: Trump warns of "critical period" in Iran war, threatening severe strikes if there's no deal by Tuesday night
10:10:38  INFO    [🇺🇸 美國] Risky rescue of US crew downed in Iran relied on dozens of aircraft and subterfuge, Trump says
10:10:38  INFO    [🇺🇸 美國] What to expect in Georgia's special congressional runoff to replace Marjorie Taylor Greene
10:10:38  INFO    [🇺🇸 美國] Under airstrikes, Iran defiant on eve of Trump's ceasefire deadline
10:10:38  INFO    [🇺🇸 美國] Between Easter Eggs and Bunny Hops, Trump Talks of War and Autopens
10:10:38  INFO    [🇺🇸 美國] Artemis 2 astronauts fly around the moon in record-breaking lunar loop by NASA
10:10:51  INFO  
🖥️  產生 HTML 報告...
10:10:51  INFO  
✅  HTML：報告_20260407_1010.html
10:10:51  INFO  ✅  CSV：機會分析_20260407_1010.csv
10:10:51  INFO  📝  Log：logs/scan_20260407_100938.log
