23:23:09  INFO  ======================================================================
23:23:09  INFO  🔥  每日機會分析系統 v10
23:23:09  INFO  📅  2026-03-22 23:23
23:23:09  INFO  ======================================================================
23:23:09  INFO  
① 🌕  CRYPTO
23:23:09  ERROR    BTC-USD: float() argument must be a string or a real number, not 'Series'
23:23:10  ERROR    ETH-USD: float() argument must be a string or a real number, not 'Series'
23:23:10  ERROR    SOL-USD: float() argument must be a string or a real number, not 'Series'
23:23:11  ERROR    BNB-USD: float() argument must be a string or a real number, not 'Series'
23:23:11  ERROR    XRP-USD: float() argument must be a string or a real number, not 'Series'
23:23:12  INFO    ✅ Crypto 0 筆
23:23:12  INFO  
② 📈  股票
23:23:12  INFO    [台] 3293.TWO     鈊象電子         $    744.00  +0.13% 多空分歧
23:23:12  INFO             買入點：— 目前無買入信號  進場區：$659.5 ~ $672.8  止損：$649.9
23:23:13  INFO    [台] 00909.TW     國泰智能電動車ETF   $     39.81  -0.10% 多空分歧
23:23:13  INFO             買入點：— 目前無買入信號  進場區：$36.2 ~ $36.9  止損：$35.3
23:23:14  INFO    [台] 0056.TW      元大高股息        $     38.77  -0.28% 多空分歧
23:23:14  INFO             買入點：🎯 一條件滿足 — 待確認  進場區：$36.3 ~ $37.0  止損：$35.4
23:23:15  INFO    [台] 6111.TWO     6111擎亞       $     44.60  +1.25% 多空分歧
23:23:15  INFO             買入點：🎯 一條件滿足 — 待確認  進場區：$40.8 ~ $41.6  止損：$39.8
23:23:16  INFO    [台] 00878.TW     國泰永續高股息      $     22.47  +0.00% 多空分歧
23:23:16  INFO             買入點：🎯 一條件滿足 — 待確認  進場區：$21.2 ~ $21.6  止損：$20.6
23:23:17  INFO    [台] 3017.TW      奇鋐           $  2,050.00  +1.74% 三線多頭
23:23:17  INFO             買入點：— 目前無買入信號  進場區：$1,500.9 ~ $1,531.1  止損：$1,464.7
23:23:18  INFO    [台] 00713.TW     元大高息低波       $     51.70  -0.04% 多空分歧
23:23:18  INFO             買入點：🎯 一條件滿足 — 待確認  進場區：$49.8 ~ $50.8  止損：$48.6
23:23:19  INFO    [台] 00919.TW     群益台灣精選高息     $     22.97  -0.13% 多空分歧
23:23:19  INFO             買入點：🎯 一條件滿足 — 待確認  進場區：$21.7 ~ $22.2  止損：$21.2
23:23:19  INFO    [美] NVDA         NVIDIA       $    172.93  -3.15% 三線空頭
23:23:19  INFO             買入點：🎯 一條件滿足 — 待確認  進場區：$170.9 ~ $174.3  止損：$166.6
23:23:20  INFO    [美] GEV          GE Vernova   $    851.07  -3.00% 多空分歧
23:23:20  INFO             買入點：🎯 一條件滿足 — 待確認  進場區：$772.6 ~ $788.2  止損：$753.2
23:23:21  INFO    [台] 2330.TW      台積電          $  1,840.00  -0.54% 多空分歧
23:23:21  INFO             買入點：🎯 一條件滿足 — 待確認  進場區：$1,755.4 ~ $1,790.7  止損：$1,711.3
23:23:22  INFO    [美] AMD          AMD          $    201.33  -1.92% 多空分歧
23:23:22  INFO             買入點：🎯 一條件滿足 — 待確認  進場區：$187.3 ~ $191.0  止損：$182.6
23:23:23  INFO    [美] TSM          台積電ADR       $    329.24  -2.82% 多空分歧
23:23:23  INFO             買入點：🎯 一條件滿足 — 待確認  進場區：$317.6 ~ $324.0  止損：$315.4
23:23:24  INFO    [台] 2317.TW      鴻海           $    203.00  -0.98% 三線空頭
23:23:24  INFO             買入點：🎯 一條件滿足 — 待確認  進場區：$195.5 ~ $199.4  止損：$194.5
23:23:24  INFO    [台] 2530.TW      華建           $     24.90  +0.40% 三線空頭
23:23:24  INFO             買入點：🎯 一條件滿足 — 待確認  進場區：$24.3 ~ $24.7  止損：$23.8
23:23:25  INFO    [美] MU           美光           $    422.88  -4.81% 多空分歧
23:23:25  INFO             買入點：— 目前無買入信號  進場區：$355.9 ~ $363.0  止損：$346.9
23:23:26  INFO    [美] LRCX         科林研發         $    228.36  -2.41% 多空分歧
23:23:26  INFO             買入點：— 目前無買入信號  進場區：$193.1 ~ $197.0  止損：$188.3
23:23:27  INFO    [台] 00631L.TW    元大台灣50正2     $    469.35  -0.67% 多空分歧
23:23:27  INFO             買入點：🎯 一條件滿足 — 待確認  進場區：$414.4 ~ $422.7  止損：$404.0
23:23:28  INFO    [台] 00910.TW     第一金太空衛星      $     57.25  +0.88% 三線多頭
23:23:28  INFO             買入點：— 目前無買入信號  進場區：$52.1 ~ $53.1  止損：$50.8
23:23:28  INFO    [台] 2308.TW      台達電          $  1,475.00  +1.37% 三線多頭
23:23:28  INFO             買入點：— 目前無買入信號  進場區：$1,184.0 ~ $1,207.8  止損：$1,154.3
23:23:31  INFO    ✅ 股票 20 筆
23:23:31  INFO  
③ 🌟  生活熱門趨勢
23:23:31  INFO    📊 Google Trends 台灣（生活/食衣住行）...
23:23:32  INFO    [食品飲料] 熱度:7 動能:-42% 最熱關鍵字：美食 ❄️
23:23:34  INFO    [服飾美妝] 熱度:27 動能:-9% 最熱關鍵字：穿搭 ❄️
23:23:37  INFO    [居家生活] 熱度:26 動能:-22% 最熱關鍵字：家具 ❄️
23:23:39  INFO    [娛樂3C] 熱度:38 動能:-0% 最熱關鍵字：手機 ❄️
23:23:42  INFO    [健康運動] 熱度:29 動能:-25% 最熱關鍵字：健身 ❄️
23:23:44  INFO    [旅遊交通] 熱度:27 動能:-1% 最熱關鍵字：機票 ❄️
23:23:46  INFO    💬 Dcard 熱門...
23:23:47  WARNING      ⚠️  www.dcard.tw → 403 Client Error: Forbidden for url: https://www.dcard.tw/f/trending
23:23:47  INFO    📋 PTT 熱門...
23:23:47  WARNING      ⚠️  www.ptt.cc → ('Connection aborted.', ConnectionResetError(104, 'Connection reset by peer'))
23:23:48  INFO    [PTT/Stock] [5] Re: [情報] 伊朗提出4項措施回應川普威脅
23:23:48  INFO    [PTT/Stock] [52] Re: [新聞] 貝森特：川普將不惜一切代價達成中東目標
23:23:48  INFO    [PTT/Stock] [] Re: [情報] 伊朗提出4項措施回應川普威脅
23:23:49  INFO    [PTT/beauty] [5] [正妹] Rona 張競
23:23:49  INFO    [PTT/beauty] [11] [正妹] 故意抖出來也遮住,五年後再給你看
23:23:49  INFO    [PTT/beauty] [6] [正妹] 大野愛実
23:23:49  INFO    [PTT/beauty] [8] [正妹] 柚子主播 林佑之
23:23:49  INFO    [PTT/beauty] [5] [正妹] 小日向ゆり 現役看護師
23:23:50  INFO    [PTT/movie] [8] Re: [贈票]【他們要殺你】 特映搶先看
23:23:50  INFO    [PTT/movie] [] [公告] 電影板板規 2025/10/26
23:23:50  INFO    [PTT/movie] [X1] [公告] 政治電影新聞張貼規範
23:23:51  INFO    [PTT/food] [] [食記] 台北士林區 Subber潛艇堡
23:23:51  INFO    [PTT/food] [] [食記] 宜蘭羅東白橡｜WhiteOak│路過的美味甜點
23:23:51  INFO    [PTT/food] [] [食記] 日本 旭川成吉思汗大黑屋 無腥味羔羊炙烤
23:23:51  INFO    [PTT/food] [] [食記] 劉家蝦公粄 屏東內埔 酥脆九層塔香蝦公粄
23:23:51  INFO    [PTT/food] [] [公告] Food板 板規 V3.91
23:23:51  INFO    📺 YouTube 台灣熱門...
23:23:52  INFO    🎵 TikTok...
23:23:53  INFO    [TikTok] #1 #eidmubarak
23:23:53  INFO    🛍️  Shopee 台灣熱銷...
23:23:57  INFO    💬 Reddit 熱賣（本週）...
23:23:57  INFO    ✅ 生活趨勢完成
23:23:57  INFO  
④ 📰  消息面
23:23:58  INFO    [🇹🇼 台灣] 賴總統拋重啟核電 反核團體：可能總統以前就愛核電…只是沒讓大家知道
23:23:58  INFO    [🇹🇼 台灣] 明起3波冷空氣接力報到！未來一週天氣趨勢一圖看| 生活
23:23:58  INFO    [🇹🇼 台灣] 對伊朗下最後通牒！ 川普：不開放荷姆茲海峽就轟炸最大發電廠
23:23:58  INFO    [🇹🇼 台灣] 影／「經過加油站應跟中油說謝謝」 卓榮泰：油價原本應漲15元
23:23:58  INFO    [🇹🇼 台灣] 伊朗擴大報復 揚言攻擊全球景點
23:23:58  INFO    [🇹🇼 台灣] 打造「台灣之盾」！ 卓榮泰：5年442億扶植無人機產業
23:23:59  INFO    [🇯🇵 日本] 川普總統要求48小時內開放霍爾木茲海峽...伊朗將“如果襲擊核電廠將完全封鎖霍爾木茲海峽”
23:24:01  INFO    [🇯🇵 日本] 中國進行大規模認知之爭，去年高市首相回應後批評日本的貼文激增…讀賣新聞與Sakana AI聯合分析（讀賣新聞在線）
23:24:02  INFO    [🇯🇵 日本] 「投資阿拉斯加原油」成功避開了派遣軍艦的要求 茂木外相
23:24:03  INFO    [🇯🇵 日本] 「平和丸」船長現場檢查，一聲不吭地離開； 23日邊野古號翻船一週後
23:24:05  INFO    [🇯🇵 日本] 伊朗代表「與國際海事組織合作」促進霍爾木茲海峽安全航行
23:24:07  INFO    [🇯🇵 日本] 車外1人死亡…新明神事故造成6人死亡，其中包括3名兒童。大貨車因「超速」追尾
23:24:08  INFO    [🇰🇷 韓國] 開放式結構油跡、疏散通道缺乏…大田工廠火災升級
23:24:11  INFO    [🇰🇷 韓國] 國家力量、大邱市長朱浩英和李陣淑的意外中斷…“我不明白他們為什麼要以無黨派身份參選”
23:24:14  INFO    [🇰🇷 韓國] 川普的“焦土”最後通牒D-1…戰爭緊張局勢“達到頂峰”
23:24:15  INFO    [🇰🇷 韓國] 伊朗：「我們正在與日本討論前往霍爾木茲海峽的問題」…韓國呢？
23:24:18  INFO    [🇰🇷 韓國] 防彈少年團回歸吸引全世界關注...免票參觀現場記錄
23:24:19  INFO    [🇰🇷 韓國] 釜山和慶尚南道天氣晴朗...謹防晨霜
23:24:20  INFO    [🇺🇸 美國] Iran threatens to 'completely' close Strait of Hormuz and hit power plants after Trump ultimatum
23:24:20  INFO    [🇺🇸 美國] ICE officers set to deploy to airports as delays mount, border czar Homan confirms
23:24:20  INFO    [🇺🇸 美國] Travelers flying out of NYC area airports: Be prepared to wait
23:24:20  INFO    [🇺🇸 美國] More than half a million ballots seized by top GOP candidate in California governor’s race
23:24:20  INFO    [🇺🇸 美國] Robert Mueller: ex-FBI head, Trump investigator dies at 81
23:24:20  INFO    [🇺🇸 美國] Cuban military is ‘prepared’ for potential US aggression, deputy foreign minister says
23:24:35  INFO  
🖥️  產生 HTML 報告...
23:24:35  INFO  
✅  HTML：報告_20260322_2324.html
23:24:35  INFO  ✅  CSV：機會分析_20260322_2324.csv
23:24:35  INFO  📝  Log：logs/scan_20260322_232309.log
