23:28:13  INFO  ======================================================================
23:28:13  INFO  🔥  每日機會分析系統 v10
23:28:13  INFO  📅  2026-03-29 23:28
23:28:13  INFO  ======================================================================
23:28:13  INFO  
① 🌕  CRYPTO
23:28:15  ERROR    BTC-USD: float() argument must be a string or a real number, not 'Series'
23:28:16  ERROR    ETH-USD: float() argument must be a string or a real number, not 'Series'
23:28:17  ERROR    SOL-USD: float() argument must be a string or a real number, not 'Series'
23:28:18  ERROR    BNB-USD: float() argument must be a string or a real number, not 'Series'
23:28:19  ERROR    XRP-USD: float() argument must be a string or a real number, not 'Series'
23:28:19  INFO    ✅ Crypto 0 筆
23:28:19  INFO  
② 📈  股票
23:28:20  INFO    [台] 3293.TWO     鈊象電子         $    796.00  +1.53% 三線多頭
23:28:20  INFO             買入點：— 目前無買入信號  進場區：$658.8 ~ $672.0  止損：$649.9
23:28:21  INFO    [台] 00909.TW     國泰智能電動車ETF   $     38.47  -2.98% 多空分歧
23:28:21  INFO             買入點：🎯🎯 兩條件滿足 — 觀察買入點  進場區：$36.2 ~ $36.9  止損：$35.3
23:28:23  INFO    [台] 0056.TW      元大高股息        $     38.43  -0.34% 多空分歧
23:28:23  INFO             買入點：🎯🎯 兩條件滿足 — 觀察買入點  進場區：$36.3 ~ $37.0  止損：$35.4
23:28:24  INFO    [台] 6111.TWO     6111擎亞       $     42.75  +0.83% 偏空
23:28:24  INFO             買入點：🎯🎯 兩條件滿足 — 觀察買入點  進場區：$40.8 ~ $41.6  止損：$39.8
23:28:25  INFO    [台] 00878.TW     國泰永續高股息      $     22.39  -0.22% 多空分歧
23:28:25  INFO             買入點：🎯 一條件滿足 — 待確認  進場區：$21.2 ~ $21.6  止損：$20.6
23:28:27  INFO    [台] 3017.TW      奇鋐           $  2,195.00  -3.52% 三線多頭
23:28:27  INFO             買入點：— 目前無買入信號  進場區：$1,577.9 ~ $1,609.6  止損：$1,615.0
23:28:28  INFO    [台] 00713.TW     元大高息低波       $     51.60  -0.19% 多空分歧
23:28:28  INFO             買入點：🎯🎯 兩條件滿足 — 觀察買入點  進場區：$49.8 ~ $50.8  止損：$48.6
23:28:29  INFO    [台] 00919.TW     群益台灣精選高息     $     22.52  -0.49% 多空分歧
23:28:29  INFO             買入點：🎯🎯 兩條件滿足 — 觀察買入點  進場區：$21.7 ~ $22.2  止損：$21.2
23:28:31  INFO    [美] NVDA         NVIDIA       $    167.52  -2.17% 三線空頭
23:28:31  INFO             買入點：🎯 一條件滿足 — 待確認  進場區：$166.2 ~ $169.5  止損：$162.0
23:28:32  INFO    [美] GEV          GE Vernova   $    853.16  -2.29% 偏多
23:28:32  INFO             買入點：🎯 一條件滿足 — 待確認  進場區：$772.6 ~ $788.2  止損：$753.2
23:28:33  INFO    [台] 2330.TW      台積電          $  1,820.00  -1.09% 多空分歧
23:28:33  INFO             買入點：🎯🎯 兩條件滿足 — 觀察買入點  進場區：$1,755.4 ~ $1,790.7  止損：$1,711.3
23:28:35  INFO    [美] AMD          AMD          $    201.99  -0.87% 多空分歧
23:28:35  INFO             買入點：🎯 一條件滿足 — 待確認  進場區：$187.3 ~ $191.0  止損：$182.6
23:28:36  INFO    [美] TSM          台積電ADR       $    326.74  +0.19% 多空分歧
23:28:36  INFO             買入點：🎯 一條件滿足 — 待確認  進場區：$320.6 ~ $327.1  止損：$312.6
23:28:37  INFO    [台] 2317.TW      鴻海           $    199.50  -0.50% 多空分歧
23:28:37  INFO             買入點：🎯 一條件滿足 — 待確認  進場區：$187.9 ~ $191.7  止損：$188.2
23:28:39  INFO    [台] 2530.TW      華建           $     25.35  +1.20% 多空分歧
23:28:39  INFO             買入點：🎯 一條件滿足 — 待確認  進場區：$24.0 ~ $24.5  止損：$23.8
23:28:40  INFO    [美] MU           美光           $    357.22  +0.50% 多空分歧
23:28:40  INFO             買入點：🎯 一條件滿足 — 待確認  進場區：$343.5 ~ $350.4  止損：$339.5
23:28:41  INFO    [美] LRCX         科林研發         $    211.41  -0.10% 多空分歧
23:28:41  INFO             買入點：🎯 一條件滿足 — 待確認  進場區：$193.1 ~ $197.0  止損：$188.3
23:28:43  INFO    [台] 00631L.TW    元大台灣50正2     $    443.15  +0.00% 多空分歧
23:28:43  INFO             買入點：🎯🎯 兩條件滿足 — 觀察買入點  進場區：$414.4 ~ $422.7  止損：$404.0
23:28:44  INFO    [台] 00910.TW     第一金太空衛星      $     60.30  -1.15% 三線多頭
23:28:44  INFO             買入點：— 目前無買入信號  進場區：$52.1 ~ $53.1  止損：$50.8
23:28:45  INFO    [台] 2308.TW      台達電          $  1,510.00  -0.33% 三線多頭
23:28:45  INFO             買入點：— 目前無買入信號  進場區：$1,189.0 ~ $1,212.9  止損：$1,159.1
23:28:47  INFO    ✅ 股票 20 筆
23:28:47  INFO  
③ 🌟  生活熱門趨勢
23:28:47  INFO    📊 Google Trends 台灣（生活/食衣住行）...
23:28:48  INFO    [食品飲料] 熱度:6 動能:-45% 最熱關鍵字：美食 ❄️
23:28:51  INFO    [服飾美妝] 熱度:30 動能:-11% 最熱關鍵字：穿搭 ❄️
23:28:54  INFO    [居家生活] 熱度:22 動能:-13% 最熱關鍵字：家具 ❄️
23:28:57  INFO    [娛樂3C] 熱度:38 動能:-5% 最熱關鍵字：手機 ❄️
23:28:59  INFO    [健康運動] 熱度:30 動能:-13% 最熱關鍵字：健身 ❄️
23:29:02  INFO    [旅遊交通] 熱度:33 動能:+6% 最熱關鍵字：機票 🔥🔥
23:29:04  INFO    💬 Dcard 熱門...
23:29:04  WARNING      ⚠️  www.dcard.tw → 403 Client Error: Forbidden for url: https://www.dcard.tw/f/trending
23:29:04  INFO    📋 PTT 熱門...
23:29:05  INFO    [PTT/Gossiping] [8] [問卦] 為什麼川普本週末這麼安靜
23:29:05  INFO    [PTT/Gossiping] [] [問卦] 法律系判決這麼自由心證 該廢了吧？
23:29:05  INFO    [PTT/Gossiping] [3] [問卦] 日幣跌到歷史新低了
23:29:05  INFO    [PTT/Gossiping] [1] [新聞] 歐洲驚爆巧克力失竊案 逾41萬條12公噸KitKat下落不明
23:29:05  INFO    [PTT/Gossiping] [86] [公告] 豐川祥子誕生日八卦板主徵選報名開始
23:29:06  INFO    [PTT/Stock] [4] [心得] 未來大盤解說
23:29:06  INFO    [PTT/Stock] [34] [新聞] 記憶體供應鏈雪上加霜 美祭337
23:29:06  INFO    [PTT/Stock] [12] [請益] 0050/00692更換00631L
23:29:06  INFO    [PTT/Stock] [3] [新聞] 比亞迪利潤降幅超預期 受激烈競爭與監管
23:29:07  INFO    [PTT/beauty] [2] [帥哥]  F4
23:29:07  INFO    [PTT/beauty] [4] [正妹] R・I・P 女孩
23:29:07  INFO    [PTT/beauty] [] [正妹] 穆又甯
23:29:07  INFO    [PTT/beauty] [1] [正妹] 峮峮
23:29:08  INFO    [PTT/movie] [18] [新聞] 爭議 《陽光女子合唱團》掀出台片制度困境
23:29:08  INFO    [PTT/movie] [1] [LIVE] 好萊塢電影 22:30 頭獎危機
23:29:08  INFO    [PTT/movie] [1] [討論] 《廉政風雲 煙幕》和《內幕》編導演員及票房的二三事
23:29:09  INFO    [PTT/food] [2] [食記] Tacos Luca 新北新店 餅香脆豬腿肉酥Taco
23:29:09  INFO    [PTT/food] [] Fw: [食記] 慶豐牛排
23:29:09  INFO    [PTT/food] [] [公告] Food板 板規 V3.91
23:29:09  INFO    [PTT/food] [18] [公告] 發文請在標題加上地區及提供地址電話。^^
23:29:09  INFO    [PTT/food] [] [公告] 文章被刪除者請洽精華區的資源回收桶
23:29:10  INFO    📺 YouTube 台灣熱門...
23:29:10  INFO    🎵 TikTok...
23:29:11  INFO    [TikTok] #1 #strangerstofriends
23:29:11  INFO    🛍️  Shopee 台灣熱銷...
23:29:15  INFO    💬 Reddit 熱賣（本週）...
23:29:15  INFO    ✅ 生活趨勢完成
23:29:15  INFO  
④ 📰  消息面
23:29:16  INFO    [🇹🇼 台灣] 挺柯造勢破3萬人！常行深罵藍委、吃屎哥喊「柯文哲貪污」被抬走| 政治
23:29:16  INFO    [🇹🇼 台灣] 周三降溫全台有雨　清明連假又有鋒面再轉濕涼
23:29:16  INFO    [🇹🇼 台灣] 國防部：82套海馬士多管火箭系統首期款 美方同意展延期限
23:29:16  INFO    [🇹🇼 台灣] 伊朗政權爆分裂！革命衛隊堅持猛攻 總統批：再打下去經濟恐全面崩潰
23:29:16  INFO    [🇹🇼 台灣] 為何美國一出手就見陸戰隊？他們為何總能最快到場背後原因曝光
23:29:16  INFO    [🇹🇼 台灣] 徐欣瑩哭了！1.2％險勝陳見賢將代表國民黨出戰新竹縣長| 政治
23:29:17  INFO    [🇯🇵 日本] 巴基斯坦稱和平談判將在幾天內舉行，伊朗指責美國計畫地面攻擊
23:29:18  INFO    [🇯🇵 日本] 中東衝突一個月後數千人死亡；隨著胡塞武裝加入戰爭，戰爭升級（法新社= Jiji）
23:29:21  INFO    [🇯🇵 日本] 自民黨和維信推薦的新面孔在兵庫·西宮市長選舉中以655票之差輸給現任議員【兵庫縣】
23:29:22  INFO    [🇯🇵 日本] 京都南丹市山中發現失蹤五年級男孩背包（2026年3月29日發布）|日本電視台新聞 NNN
23:29:24  INFO    [🇯🇵 日本] 自民黨將與保守派舉行會談投票支持預算法案...反間諜法談判開始，執政黨在參議院獲得多數席位勢頭增強
23:29:25  INFO    [🇯🇵 日本] 天氣預報今天3月30日（星期一）日本西部將開始下雨。日本東部的陣雨也令人擔憂。
23:29:28  INFO    [🇰🇷 韓國] 美軍地面部隊將部署在哪裡？ 「霍爾木茲七島」取代了哈爾格島
23:29:29  INFO    [🇰🇷 韓國] 就連親伊朗的胡塞武裝也「參戰」…飽和，有可能蔓延到整個中東
23:29:30  INFO    [🇰🇷 韓國] 金富謙領導的共同民主黨被寄予厚望...“大邱、佛慶值得一試”
23:29:30  INFO    [🇰🇷 韓國] 【獨家】撰寫「金健熙無罪報告」的檢察官目前正在美國接受培訓 特別檢察官正在考慮國內傳喚調查
23:29:31  INFO    [🇰🇷 韓國] 美國公民「我無法忍受」…「沒有國王」怒火中燒
23:29:33  INFO    [🇰🇷 韓國] 大約3000名工人擠滿了4月3日爆發疫情的地點觀德亭…“反對戰爭，贏得勞工權利”
23:29:34  INFO    [🇺🇸 美國] Iran warns U.S. troops will be "set on fire" if Americans launch ground operation
23:29:34  INFO    [🇺🇸 美國] Crowds gather across Tampa Bay for ‘No Kings’ protests
23:29:34  INFO    [🇺🇸 美國] Border czar says ICE may not leave airports once TSA officers are paid
23:29:34  INFO    [🇺🇸 美國] U.S. to Allow Russian Oil Tanker to Reach Cuba, Breaking Blockade
23:29:34  INFO    [🇺🇸 美國] Strikes Continue as Houthis Join Iran War, US Troops Arrive
23:29:34  INFO    [🇺🇸 美國] Israeli police block Catholic cardinal from Holy Sepulchre on Palm Sunday
23:29:50  INFO  
🖥️  產生 HTML 報告...
23:29:50  INFO  
✅  HTML：報告_20260329_2329.html
23:29:50  INFO  ✅  CSV：機會分析_20260329_2329.csv
23:29:50  INFO  📝  Log：logs/scan_20260329_232813.log
