23:38:33  INFO  ======================================================================
23:38:33  INFO  🔥  每日機會分析系統 v10
23:38:33  INFO  📅  2026-04-13 23:38
23:38:33  INFO  ======================================================================
23:38:33  INFO  
① 🌕  CRYPTO
23:38:33  ERROR    BTC-USD: float() argument must be a string or a real number, not 'Series'
23:38:34  ERROR    ETH-USD: float() argument must be a string or a real number, not 'Series'
23:38:34  ERROR    SOL-USD: float() argument must be a string or a real number, not 'Series'
23:38:35  ERROR    BNB-USD: float() argument must be a string or a real number, not 'Series'
23:38:36  ERROR    XRP-USD: float() argument must be a string or a real number, not 'Series'
23:38:36  INFO    ✅ Crypto 0 筆
23:38:36  INFO  
② 📈  股票
23:38:36  INFO    [台] 3293.TWO     鈊象電子         $    766.00  -0.39% 偏多
23:38:36  INFO             買入點：— 目前無買入信號  進場區：$707.4 ~ $721.6  止損：$694.5
23:38:37  INFO    [台] 00909.TW     國泰智能電動車ETF   $       nan   +nan% 多空分歧
23:38:37  INFO             買入點：— 目前無買入信號  進場區：$35.1 ~ $35.8  止損：$34.2
23:38:38  INFO    [台] 0056.TW      元大高股息        $       nan   +nan% 偏多
23:38:38  INFO             買入點：— 目前無買入信號  進場區：$36.9 ~ $37.6  止損：$35.9
23:38:39  INFO    [台] 6111.TWO     6111擎亞       $     44.50  +1.02% 多空分歧
23:38:39  INFO             買入點：— 目前無買入信號  進場區：$39.7 ~ $40.5  止損：$38.7
23:38:40  INFO    [台] 00878.TW     國泰永續高股息      $     23.01  -0.04% 三線多頭
23:38:40  INFO             買入點：— 目前無買入信號  進場區：$21.6 ~ $22.1  止損：$21.1
23:38:40  INFO    [台] 3017.TW      奇鋐           $  2,200.00  -2.87% 三線多頭
23:38:40  INFO             買入點：— 目前無買入信號  進場區：$1,773.0 ~ $1,808.6  止損：$1,760.5
23:38:41  INFO    [台] 00713.TW     元大高息低波       $     52.87  +0.70% 三線多頭
23:38:41  INFO             買入點：— 目前無買入信號  進場區：$50.4 ~ $51.4  止損：$49.1
23:38:42  INFO    [台] 00919.TW     群益台灣精選高息     $     22.81  -0.52% 三線多頭
23:38:42  INFO             買入點：🎯 一條件滿足 — 待確認  進場區：$21.9 ~ $22.3  止損：$21.3
23:38:43  INFO    [美] NVDA         NVIDIA       $    189.31  +0.36% 多空分歧
23:38:43  INFO             買入點：— 目前無買入信號  進場區：$163.4 ~ $166.7  止損：$159.3
23:38:44  INFO    [美] GEV          GE Vernova   $    991.12  -0.02% 三線多頭
23:38:44  INFO             買入點：— 目前無買入信號  進場區：$791.0 ~ $806.9  止損：$782.8
23:38:44  INFO    [台] 2330.TW      台積電          $  1,990.00  -0.50% 三線多頭
23:38:44  INFO             買入點：— 目前無買入信號  進場區：$1,721.8 ~ $1,756.4  止損：$1,707.2
23:38:45  INFO    [美] AMD          AMD          $    246.83  +0.73% 多空分歧
23:38:45  INFO             買入點：— 目前無買入信號  進場區：$179.9 ~ $183.5  止損：$187.0
23:38:46  INFO    [美] TSM          台積電ADR       $    369.57  -0.28% 三線多頭
23:38:46  INFO             買入點：— 目前無買入信號  進場區：$312.2 ~ $318.5  止損：$304.4
23:38:47  INFO    [台] 2317.TW      鴻海           $    200.00  -0.25% 多空分歧
23:38:47  INFO             買入點：🎯 一條件滿足 — 待確認  進場區：$184.7 ~ $188.4  止損：$181.9
23:38:48  INFO    [台] 2530.TW      華建           $     22.85  -1.72% 三線空頭
23:38:48  INFO             買入點：🎯 一條件滿足 — 待確認  進場區：$22.4 ~ $22.8  止損：$21.8
23:38:49  INFO    [美] MU           美光           $    426.56  +1.42% 三線多頭
23:38:49  INFO             買入點：🎯 一條件滿足 — 待確認  進場區：$309.9 ~ $316.2  止損：$302.1
23:38:50  INFO    [美] LRCX         科林研發         $    267.32  +1.39% 三線多頭
23:38:50  INFO             買入點：— 目前無買入信號  進場區：$193.1 ~ $197.0  止損：$192.6
23:38:50  INFO    [台] 00631L.TW    元大台灣50正2     $     23.62  -0.34% 多空分歧
23:38:50  INFO             買入點：🎯 一條件滿足 — 待確認  進場區：$-268.0 ~ $-273.4  止損：$18.5
23:38:51  INFO    [台] 00910.TW     第一金太空衛星      $       nan   +nan% 三線多頭
23:38:51  INFO             買入點：— 目前無買入信號  進場區：$54.2 ~ $55.3  止損：$52.9
23:38:52  INFO    [台] 2308.TW      台達電          $  1,740.00  +0.29% 三線多頭
23:38:52  INFO             買入點：— 目前無買入信號  進場區：$1,271.4 ~ $1,297.0  止損：$1,299.8
23:38:56  INFO    ✅ 股票 20 筆
23:38:56  INFO  
③ 🌟  生活熱門趨勢
23:38:56  INFO    📊 Google Trends 台灣（生活/食衣住行）...
23:38:56  INFO    [食品飲料] 熱度:7 動能:-35% 最熱關鍵字：美食 ❄️
23:38:59  INFO    [服飾美妝] 熱度:28 動能:-7% 最熱關鍵字：防曬 ❄️
23:39:01  INFO    [居家生活] 熱度:25 動能:-28% 最熱關鍵字：家具 ❄️
23:39:04  INFO    [娛樂3C] 熱度:37 動能:-4% 最熱關鍵字：手機 ❄️
23:39:06  INFO    [健康運動] 熱度:35 動能:-10% 最熱關鍵字：健身 ❄️
23:39:09  INFO    [旅遊交通] 熱度:25 動能:-20% 最熱關鍵字：機票 ❄️
23:39:11  INFO    💬 Dcard 熱門...
23:39:11  WARNING      ⚠️  www.dcard.tw → 403 Client Error: Forbidden for url: https://www.dcard.tw/f/trending
23:39:11  INFO    📋 PTT 熱門...
23:39:12  WARNING      ⚠️  www.ptt.cc → ('Connection aborted.', ConnectionResetError(104, 'Connection reset by peer'))
23:39:12  INFO    [PTT/Stock] [] [公告] Stock 樂透開獎
23:39:12  INFO    [PTT/Stock] [39] [請益] 高點操作，Allin 0050 VS 50/50 正二
23:39:12  INFO    [PTT/Stock] [31] [新聞] 大門並未關閉，調解人加緊重啟美伊談判
23:39:13  INFO    [PTT/beauty] [22] [正妹] 明明就是極品 丹丹
23:39:13  INFO    [PTT/beauty] [1] [正妹] 文藻新潮爵士舞蹈社
23:39:13  INFO    [PTT/beauty] [11] [正妹] 一粒
23:39:13  INFO    [PTT/beauty] [2] [正妹] 豐商進修部才藝競賽
23:39:13  INFO    [PTT/beauty] [] [正妹] Rose Ma
23:39:14  INFO    [PTT/movie] [17] [討論] 早期史蒂芬席格電影的問題
23:39:14  INFO    [PTT/movie] [12] [新聞]《復仇者聯盟5》試映！傳出內部反響正面！
23:39:15  INFO    [PTT/movie] [5] [新聞]馬斯克再批好萊塢！指經典角色換種族並非
23:39:15  INFO    [PTT/movie] [6] [閒聊] 最近還有類似總舖師的台片嗎
23:39:16  INFO    [PTT/food] [] [食記] 吉隆坡 甲洞興記肉骨茶(分店)
23:39:16  INFO    [PTT/food] [] [食記] 桃園市中壢區。扯厚腿
23:39:16  INFO    [PTT/food] [] [食記] 泰馬里 台北中正 參巴炸雞腿蝶豆花椰漿飯
23:39:16  INFO    [PTT/food] [] [食記] 尚品甜湯 台中西屯 滑嫩薑香奶香薑汁撞奶
23:39:16  INFO    [PTT/food] [] [食記] 桃園市中壢區。PUNJABI BISTRO & BAR
23:39:16  INFO    📺 YouTube 台灣熱門...
23:39:16  INFO    🎵 TikTok...
23:39:17  INFO    [TikTok] #1 #coachella
23:39:17  INFO    🛍️  Shopee 台灣熱銷...
23:39:21  INFO    💬 Reddit 熱賣（本週）...
23:39:21  INFO    ✅ 生活趨勢完成
23:39:21  INFO  
④ 📰  消息面
23:39:21  INFO    [🇹🇼 台灣] 「以前很歡迎」白沙屯媽祖進香爆亂象 在地崩潰點名3類人：拜託別來
23:39:21  INFO    [🇹🇼 台灣] 玉石俱焚？伊朗回嗆川普封鎖：阿曼海危險了、美油價「剉著等」
23:39:21  INFO    [🇹🇼 台灣] 歐爾班慘了! 不是敗選就沒事 匈牙利新領袖 : 要追究「叛國之人」責任
23:39:21  INFO    [🇹🇼 台灣] 美伊協商破局未撕破臉 雙方互留餘地
23:39:21  INFO    [🇹🇼 台灣] 中國10惠台政策藍將成立對接窗口總統府：有誠意的話跟我政府協商| 政治
23:39:21  INFO    [🇹🇼 台灣] 李貞秀遭民眾黨開除黨籍喪失不分區立委資格| 政治
23:39:23  INFO    [🇯🇵 日本] 在發現一具據信是兒童的屍體後，與京都府警察調查第一課的高層進行了問答。完整的 48 分鐘新聞回應
23:39:24  INFO    [🇯🇵 日本] 美國開始封鎖霍爾木茲海峽 原油價格一度突破100美元 伊朗威脅報復
23:39:24  INFO    [🇯🇵 日本] 與美國直接談判在伊朗是“禁忌”，極不尋常的面對面談判中的握手……晚宴持續一整夜後，伊朗突然結束
23:39:25  INFO    [🇯🇵 日本] 【解說】歐爾班總理的「實驗」最終被民眾拒絕，導致匈牙利政府更迭
23:39:28  INFO    [🇯🇵 日本] 川普總統發布了一張以基督形象描繪自己的照片，但在遭到保守派支持者批評後被刪除
23:39:31  INFO    [🇯🇵 日本] 每週天氣預報：15日（週三）大面積降雨可能性 小笠原群島需注意颱風影響
23:39:32  INFO    [🇰🇷 韓國] 川普稱讚自己海上封鎖：「伊朗迫切希望達成協議」 船隻陷入困境
23:39:32  INFO    [🇰🇷 韓國] [獨家]綜合特別檢察官在美國研修期間撰寫「金健熙無罪報告書」檢察官調查面臨困難
23:39:32  INFO    [🇰🇷 韓國] 許泰中是民主黨大田市長候選人…與國家權力李章宇面對面
23:39:34  INFO    [🇰🇷 韓國] 白天氣溫高達28度…初夏來得早
23:39:35  INFO    [🇰🇷 韓國] 張東赫方面「去美國給選民一個選擇」…這是什麼意思？
23:39:35  INFO    [🇰🇷 韓國] 李總統“韓波同意在全球供應鏈中合作應對中東戰爭危機”
23:39:35  INFO    [🇺🇸 美國] Tony Gonzales, a Texas Congressman, Says He Will Resign
23:39:35  INFO    [🇺🇸 美國] Live Updates: U.S. military blockade on Iranian ports in the Strait of Hormuz begins
23:39:35  INFO    [🇺🇸 美國] Rep. Eric Swalwell resigns from U.S. House after sexual misconduct allegations
23:39:35  INFO    [🇺🇸 美國] Italy's Meloni issues rare criticism of Trump after his attack on pope
23:39:35  INFO    [🇺🇸 美國] Péter Magyar vows to pursue those who ‘plundered’ Hungary after election win
23:39:35  INFO    [🇺🇸 美國] U.S. asked Iran to freeze uranium enrichment for 20 years, sources say
23:39:49  INFO  
🖥️  產生 HTML 報告...
23:39:49  INFO  
✅  HTML：報告_20260413_2339.html
23:39:49  INFO  ✅  CSV：機會分析_20260413_2339.csv
23:39:49  INFO  📝  Log：logs/scan_20260413_233833.log
