23:38:31  INFO  ======================================================================
23:38:31  INFO  🔥  每日機會分析系統 v10
23:38:31  INFO  📅  2026-04-15 23:38
23:38:31  INFO  ======================================================================
23:38:31  INFO  
① 🌕  CRYPTO
23:38:33  ERROR    BTC-USD: float() argument must be a string or a real number, not 'Series'
23:38:33  ERROR    ETH-USD: float() argument must be a string or a real number, not 'Series'
23:38:34  ERROR    SOL-USD: float() argument must be a string or a real number, not 'Series'
23:38:35  ERROR    BNB-USD: float() argument must be a string or a real number, not 'Series'
23:38:36  ERROR    XRP-USD: float() argument must be a string or a real number, not 'Series'
23:38:37  INFO    ✅ Crypto 0 筆
23:38:37  INFO  
② 📈  股票
23:38:38  INFO    [台] 3293.TWO     鈊象電子         $    747.00  -1.58% 多空分歧
23:38:38  INFO             買入點：🎯 一條件滿足 — 待確認  進場區：$716.7 ~ $731.1  止損：$701.3
23:38:39  INFO    [台] 00909.TW     國泰智能電動車ETF   $       nan   +nan% 多空分歧
23:38:39  INFO             買入點：— 目前無買入信號  進場區：$35.1 ~ $35.8  止損：$34.2
23:38:40  INFO    [台] 0056.TW      元大高股息        $       nan   +nan% 三線多頭
23:38:40  INFO             買入點：— 目前無買入信號  進場區：$36.9 ~ $37.6  止損：$35.9
23:38:41  INFO    [台] 6111.TWO     6111擎亞       $     45.40  +0.89% 多空分歧
23:38:41  INFO             買入點：— 目前無買入信號  進場區：$39.7 ~ $40.5  止損：$38.7
23:38:43  INFO    [台] 00878.TW     國泰永續高股息      $       nan   +nan% 三線多頭
23:38:43  INFO             買入點：— 目前無買入信號  進場區：$21.7 ~ $22.1  止損：$21.1
23:38:44  INFO    [台] 3017.TW      奇鋐           $  2,325.00  +0.65% 三線多頭
23:38:44  INFO             買入點：— 目前無買入信號  進場區：$1,823.8 ~ $1,860.4  止損：$1,780.0
23:38:45  INFO    [台] 00713.TW     元大高息低波       $       nan   +nan% 三線多頭
23:38:45  INFO             買入點：— 目前無買入信號  進場區：$50.4 ~ $51.4  止損：$49.1
23:38:46  INFO    [台] 00919.TW     群益台灣精選高息     $       nan   +nan% 偏多
23:38:46  INFO             買入點：— 目前無買入信號  進場區：$21.9 ~ $22.3  止損：$21.3
23:38:48  INFO    [美] NVDA         NVIDIA       $    198.87  +1.20% 多空分歧
23:38:48  INFO             買入點：— 目前無買入信號  進場區：$161.3 ~ $164.5  止損：$159.3
23:38:49  INFO    [美] GEV          GE Vernova   $    985.92  -0.16% 三線多頭
23:38:49  INFO             買入點：— 目前無買入信號  進場區：$800.2 ~ $816.3  止損：$782.8
23:38:50  INFO    [台] 2330.TW      台積電          $  2,080.00  +1.22% 三線多頭
23:38:50  INFO             買入點：— 目前無買入信號  進場區：$1,693.9 ~ $1,727.9  止損：$1,707.2
23:38:51  INFO    [美] AMD          AMD          $    258.12  +1.20% 多空分歧
23:38:51  INFO             買入點：— 目前無買入信號  進場區：$178.6 ~ $182.2  止損：$187.0
23:38:52  INFO    [美] TSM          台積電ADR       $    375.10  -1.26% 三線多頭
23:38:52  INFO             買入點：— 目前無買入信號  進場區：$309.4 ~ $315.6  止損：$304.4
23:38:54  INFO    [台] 2317.TW      鴻海           $    207.50  +0.00% 多空分歧
23:38:54  INFO             買入點：— 目前無買入信號  進場區：$186.6 ~ $190.3  止損：$181.9
23:38:55  INFO    [台] 2530.TW      華建           $     22.85  +0.66% 三線空頭
23:38:55  INFO             買入點：🎯 一條件滿足 — 待確認  進場區：$22.4 ~ $22.8  止損：$21.8
23:38:57  INFO    [美] MU           美光           $    456.23  -2.03% 三線多頭
23:38:57  INFO             買入點：— 目前無買入信號  進場區：$309.9 ~ $316.2  止損：$302.1
23:38:58  INFO    [美] LRCX         科林研發         $    265.16  -2.66% 三線多頭
23:38:58  INFO             買入點：— 目前無買入信號  進場區：$190.9 ~ $194.8  止損：$192.6
23:38:59  INFO    [台] 00631L.TW    元大台灣50正2     $       nan   +nan% 多空分歧
23:38:59  INFO             買入點：— 目前無買入信號  進場區：$19.0 ~ $19.4  止損：$18.5
23:39:00  INFO    [台] 00910.TW     第一金太空衛星      $       nan   +nan% 三線多頭
23:39:00  INFO             買入點：— 目前無買入信號  進場區：$54.2 ~ $55.3  止損：$52.9
23:39:02  INFO    [台] 2308.TW      台達電          $  1,785.00  +2.00% 三線多頭
23:39:02  INFO             買入點：— 目前無買入信號  進場區：$1,277.8 ~ $1,303.5  止損：$1,324.0
23:39:09  INFO    ✅ 股票 20 筆
23:39:09  INFO  
③ 🌟  生活熱門趨勢
23:39:09  INFO    📊 Google Trends 台灣（生活/食衣住行）...
23:39:11  INFO    [食品飲料] 熱度:6 動能:-44% 最熱關鍵字：美食 ❄️
23:39:14  INFO    [服飾美妝] 熱度:29 動能:-8% 最熱關鍵字：防曬 ❄️
23:39:17  INFO    [居家生活] 熱度:27 動能:-25% 最熱關鍵字：家具 ❄️
23:39:20  INFO    [娛樂3C] 熱度:41 動能:-0% 最熱關鍵字：手機 ❄️
23:39:22  INFO    [健康運動] 熱度:38 動能:-16% 最熱關鍵字：健身 ❄️
23:39:25  INFO    [旅遊交通] 熱度:30 動能:-11% 最熱關鍵字：機票 ❄️
23:39:27  INFO    💬 Dcard 熱門...
23:39:27  WARNING      ⚠️  www.dcard.tw → 403 Client Error: Forbidden for url: https://www.dcard.tw/f/trending
23:39:27  INFO    📋 PTT 熱門...
23:39:28  WARNING      ⚠️  www.ptt.cc → ('Connection aborted.', ConnectionResetError(104, 'Connection reset by peer'))
23:39:28  INFO    [PTT/Stock] [55] [情報] Firstrade用戶最受歡迎的前25熱門股票排行 : 3月份
23:39:28  INFO    [PTT/Stock] [15] [標的] ALLO.US CAT-T新篇章 抄底賭併購多
23:39:28  INFO    [PTT/Stock] [19] Re: [新聞] 川普樂觀喊盤！美伊戰事接近落幕、股市要
23:39:28  INFO    [PTT/Stock] [75] Re: [新聞] 迪士尼大規模裁員千人　曾獲奧斯卡肯定「
23:39:29  INFO    [PTT/beauty] [7] [正妹] 金雪炫
23:39:29  INFO    [PTT/beauty] [2] [正妹] 柚乃りか
23:39:29  INFO    [PTT/beauty] [1] [正妹] HDO
23:39:29  INFO    [PTT/beauty] [] [正妹] 言兒
23:39:29  INFO    [PTT/beauty] [1] [正妹] 柳柳
23:39:30  INFO    [PTT/movie] [5] [新聞]更多明星抵制派拉蒙買華納！詹姆士逆風挺派
23:39:30  INFO    [PTT/movie] [] [不全知雷] 全知讀者視角（韓影2025年）
23:39:30  INFO    [PTT/movie] [] [公告] 電影板板規 2025/10/26
23:39:30  INFO    [PTT/movie] [X1] [公告] 政治電影新聞張貼規範
23:39:31  INFO    [PTT/food] [] [食記] 桃園市龍潭區。佟記蔥油餅
23:39:31  INFO    [PTT/food] [] [食記] 台北大安 水粵香10人桌招牌菜色開箱
23:39:31  INFO    [PTT/food] [1] [食記] 苗栗縣頭屋鄉-禪廚蔬食餐廳
23:39:31  INFO    [PTT/food] [] [公告] Food板 板規 V3.91
23:39:32  INFO    📺 YouTube 台灣熱門...
23:39:32  INFO    🎵 TikTok...
23:39:34  INFO    [TikTok] #1 #euphoria
23:39:34  INFO    🛍️  Shopee 台灣熱銷...
23:39:37  INFO    💬 Reddit 熱賣（本週）...
23:39:38  INFO    ✅ 生活趨勢完成
23:39:38  INFO  
④ 📰  消息面
23:39:38  INFO    [🇹🇼 台灣] 明天水氣仍多！週五起鋒面+東北季風陸續到 整個週末溼涼
23:39:38  INFO    [🇹🇼 台灣] 驚喜變驚嚇！粉紅超跑欲駐駕賓士展示中心都下班了 副理急衝回迎接
23:39:38  INFO    [🇹🇼 台灣] 快訊》川普曾要求中國「別給伊朗武器」 習近平回信了- 兩岸
23:39:38  INFO    [🇹🇼 台灣] 美軍可能會結束打伊朗? 范斯漏口風: 美國已達目標可透過談判解決| 國際
23:39:38  INFO    [🇹🇼 台灣] 總預算有解…朝野同意4/21付委 政院半年內提軍人待遇修法
23:39:38  INFO    [🇹🇼 台灣] 美軍中央司令部：封鎖伊朗港口36小時 全面切斷海上貿易
23:39:40  INFO    [🇯🇵 日本] 京都小學6遺體事件》「不要談論你的父親」被捕的岳父與由希的「扭曲的親子關係」（周刊喬希PRIME）
23:39:42  INFO    [🇯🇵 日本] 美國對與伊朗的協議持樂觀態度，有重新談判的跡象，警告經濟壓力
23:39:43  INFO    [🇯🇵 日本] 【突發新聞】立命館批評首相呼籲修改皇室法
23:39:44  INFO    [🇯🇵 日本] 美國警告買家伊朗原油製裁；中國因海上封鎖預計將暫停採購
23:39:47  INFO    [🇯🇵 日本] 同誌社國際免費遊學導遊突然批評安倍政府，引起校友和在校學生的不安
23:39:50  INFO    [🇯🇵 日本] 伊朗考慮允許霍爾木茲海峽阿曼一側航行，但前提是美國同意=消息來源
23:39:51  INFO    [🇰🇷 韓國] 白宮：“我們不會要求伊朗延長停火……達成協議的前景是積極的”
23:39:53  INFO    [🇰🇷 韓國] 張東赫前往美國...與選舉舞弊支持者和親Coupang議員“點擊”
23:39:54  INFO    [🇰🇷 韓國] 我無法忍受對教宗的批評…「川普的關鍵盟友」轉而反對梅洛尼
23:39:55  INFO    [🇰🇷 韓國] 「已經入夏了嗎？」今日西部地區再次高溫…森林火災風險↑
23:39:56  INFO    [🇰🇷 韓國] 伊朗軍方“紅海封鎖”首次警告…“美國的封鎖是違反停火的前兆”
23:39:57  INFO    [🇰🇷 韓國] 樸珠裡「消除選舉浪費」......為什麼環保政治家團結起來
23:39:58  INFO    [🇺🇸 美國] MAGA’s Reaction to Trump’s Jesus Post Is Surprising—and Revealing
23:39:58  INFO    [🇺🇸 美國] Inside the sudden downfall of Eric Swalwell
23:39:58  INFO    [🇺🇸 美國] Iran War News Live Updates: Blockade ‘Fully Implemented’ as Mediators Push for U.S.-Iran Ceasefire Extension
23:39:58  INFO    [🇺🇸 美國] Senate rejects resolution to block Trump from striking Iran
23:39:58  INFO    [🇺🇸 美國] Justice Sonia Sotomayor apologizes for swipe at Kavanaugh
23:39:58  INFO    [🇺🇸 美國] Pope at orphanage in Cameroon: No one is ever forgotten
23:40:08  WARNING      ⚠️  www.koreatimes.co.kr → 404 Client Error: Not Found for url: https://www.koreatimes.co.kr/www/biz/
23:40:12  INFO  
🖥️  產生 HTML 報告...
23:40:12  INFO  
✅  HTML：報告_20260415_2340.html
23:40:12  INFO  ✅  CSV：機會分析_20260415_2340.csv
23:40:12  INFO  📝  Log：logs/scan_20260415_233831.log
