09:36:06  INFO  ======================================================================
09:36:06  INFO  🔥  每日機會分析系統 v10
09:36:06  INFO  📅  2026-03-21 09:36
09:36:06  INFO  ======================================================================
09:36:06  INFO  
① 🌕  CRYPTO
09:36:07  ERROR    BTC-USD: float() argument must be a string or a real number, not 'Series'
09:36:08  ERROR    ETH-USD: float() argument must be a string or a real number, not 'Series'
09:36:09  ERROR    SOL-USD: float() argument must be a string or a real number, not 'Series'
09:36:10  ERROR    BNB-USD: float() argument must be a string or a real number, not 'Series'
09:36:11  ERROR    XRP-USD: float() argument must be a string or a real number, not 'Series'
09:36:11  INFO    ✅ Crypto 0 筆
09:36:11  INFO  
② 📈  股票
09:36:12  INFO    [台] 3293.TWO     鈊象電子         $    744.00  +0.13% 多空分歧
09:36:12  INFO             買入點：— 目前無買入信號  進場區：$659.5 ~ $672.8  止損：$649.9
09:36:13  INFO    [台] 00909.TW     國泰智能電動車ETF   $     39.81  -0.10% 多空分歧
09:36:13  INFO             買入點：— 目前無買入信號  進場區：$36.2 ~ $36.9  止損：$35.3
09:36:14  INFO    [台] 0056.TW      元大高股息        $     38.77  -0.28% 多空分歧
09:36:14  INFO             買入點：🎯 一條件滿足 — 待確認  進場區：$36.3 ~ $37.0  止損：$35.4
09:36:16  INFO    [台] 6111.TWO     6111擎亞       $     44.60  +1.25% 多空分歧
09:36:16  INFO             買入點：🎯 一條件滿足 — 待確認  進場區：$40.8 ~ $41.6  止損：$39.8
09:36:17  INFO    [台] 00878.TW     國泰永續高股息      $     22.47  +0.00% 多空分歧
09:36:17  INFO             買入點：🎯 一條件滿足 — 待確認  進場區：$21.2 ~ $21.6  止損：$20.6
09:36:18  INFO    [台] 3017.TW      奇鋐           $  2,050.00  +1.74% 三線多頭
09:36:18  INFO             買入點：— 目前無買入信號  進場區：$1,500.9 ~ $1,531.1  止損：$1,464.7
09:36:19  INFO    [台] 00713.TW     元大高息低波       $     51.70  -0.04% 多空分歧
09:36:19  INFO             買入點：🎯 一條件滿足 — 待確認  進場區：$49.8 ~ $50.8  止損：$48.6
09:36:20  INFO    [台] 00919.TW     群益台灣精選高息     $     22.97  -0.13% 多空分歧
09:36:20  INFO             買入點：🎯 一條件滿足 — 待確認  進場區：$21.7 ~ $22.2  止損：$21.2
09:36:21  INFO    [美] NVDA         NVIDIA       $    172.70  -3.28% 三線空頭
09:36:21  INFO             買入點：🎯 一條件滿足 — 待確認  進場區：$170.9 ~ $174.3  止損：$166.6
09:36:22  INFO    [美] GEV          GE Vernova   $    851.07  -3.00% 多空分歧
09:36:22  INFO             買入點：🎯 一條件滿足 — 待確認  進場區：$772.6 ~ $788.2  止損：$753.2
09:36:23  INFO    [台] 2330.TW      台積電          $  1,840.00  -0.54% 多空分歧
09:36:23  INFO             買入點：🎯 一條件滿足 — 待確認  進場區：$1,755.4 ~ $1,790.7  止損：$1,711.3
09:36:24  INFO    [美] AMD          AMD          $    201.33  -1.92% 多空分歧
09:36:24  INFO             買入點：🎯 一條件滿足 — 待確認  進場區：$187.3 ~ $191.0  止損：$182.6
09:36:25  INFO    [美] TSM          台積電ADR       $    329.24  -2.82% 多空分歧
09:36:25  INFO             買入點：🎯 一條件滿足 — 待確認  進場區：$317.6 ~ $324.0  止損：$315.4
09:36:27  INFO    [台] 2317.TW      鴻海           $    203.00  -0.98% 三線空頭
09:36:27  INFO             買入點：🎯 一條件滿足 — 待確認  進場區：$195.5 ~ $199.4  止損：$194.5
09:36:28  INFO    [台] 2530.TW      華建           $     24.90  +0.40% 三線空頭
09:36:28  INFO             買入點：🎯 一條件滿足 — 待確認  進場區：$24.3 ~ $24.7  止損：$23.8
09:36:29  INFO    [美] MU           美光           $    422.90  -4.81% 多空分歧
09:36:29  INFO             買入點：— 目前無買入信號  進場區：$355.9 ~ $363.0  止損：$346.9
09:36:30  INFO    [美] LRCX         科林研發         $    228.36  -2.41% 多空分歧
09:36:30  INFO             買入點：— 目前無買入信號  進場區：$193.1 ~ $197.0  止損：$188.3
09:36:31  INFO    [台] 00631L.TW    元大台灣50正2     $    469.35  -0.67% 多空分歧
09:36:31  INFO             買入點：🎯 一條件滿足 — 待確認  進場區：$414.4 ~ $422.7  止損：$404.0
09:36:32  INFO    [台] 00910.TW     第一金太空衛星      $     57.25  +0.88% 三線多頭
09:36:32  INFO             買入點：— 目前無買入信號  進場區：$52.1 ~ $53.1  止損：$50.8
09:36:33  INFO    [台] 2308.TW      台達電          $  1,475.00  +1.37% 三線多頭
09:36:33  INFO             買入點：— 目前無買入信號  進場區：$1,184.0 ~ $1,207.8  止損：$1,154.3
09:36:34  INFO    ⏰ 9:xx 外資 16:30 後更新
09:36:34  INFO    ✅ 股票 20 筆
09:36:34  INFO  
③ 🌟  生活熱門趨勢
09:36:34  INFO    📊 Google Trends 台灣（生活/食衣住行）...
09:36:35  INFO    [食品飲料] 熱度:20 動能:+68% 最熱關鍵字：美食 🔥🔥🔥
09:36:38  INFO    [服飾美妝] 熱度:33 動能:+6% 最熱關鍵字：穿搭 🔥🔥
09:36:41  INFO    [居家生活] 熱度:28 動能:+10% 最熱關鍵字：家具 🔥🔥
09:36:43  INFO    [娛樂3C] 熱度:44 動能:+7% 最熱關鍵字：手機 🔥🔥
09:36:46  INFO    [健康運動] 熱度:42 動能:-3% 最熱關鍵字：健身 ❄️
09:36:49  INFO    [旅遊交通] 熱度:23 動能:-17% 最熱關鍵字：機票 ❄️
09:36:51  INFO    💬 Dcard 熱門...
09:36:51  WARNING      ⚠️  www.dcard.tw → 403 Client Error: Forbidden for url: https://www.dcard.tw/f/trending
09:36:51  INFO    📋 PTT 熱門...
09:36:51  WARNING      ⚠️  www.ptt.cc → ('Connection aborted.', ConnectionResetError(104, 'Connection reset by peer'))
09:36:52  INFO    [PTT/Stock] [4] Re: [新聞] 臥底投資詐騙line群組實測：大河證券X大河智贏
09:36:52  INFO    [PTT/Stock] [爆] [請益] 所以到底有沒有真正的避險資產
09:36:52  INFO    [PTT/Stock] [56] [新聞] 女生不愛玩股「只會定期定額？」一票搖頭
09:36:52  INFO    [PTT/Stock] [21] [請益] 這幾年來的3月、4月股市表現好像都不好？
09:36:52  INFO    [PTT/Stock] [12] Re: [請益] 這波戰爭有機會讓台積回到1000以下嗎？
09:36:53  INFO    [PTT/beauty] [12] [正妹] 崔荷潾
09:36:53  INFO    [PTT/beauty] [14] [正妹] 星期六早晨
09:36:53  INFO    [PTT/beauty] [] [正妹] Cosplay 2647 中國 米哈拉 莉央
09:36:53  INFO    [PTT/beauty] [11] [正妹] 乃木坂46 川崎櫻
09:36:53  INFO    [PTT/beauty] [92] [公告] 不願上表特 ＆ 優文推薦 ＆ 檢舉建議專區
09:36:54  INFO    [PTT/movie] [爆] ［情報］羅禮士過世
09:36:54  INFO    [PTT/movie] [2] [新聞] 阿湯哥有望在新片《邁阿密風雲》中飾演反
09:36:54  INFO    [PTT/movie] [] [討論] 馬克華柏格《凸槌拍檔》預告！
09:36:54  INFO    [PTT/movie] [5] [新聞]本來要拍《蜘蛛人》反派《邪惡六人組》！
09:36:55  INFO    [PTT/food] [] [食記] 宜蘭羅東 隱藏在住宅區的美味台式料理
09:36:55  INFO    [PTT/food] [] [食記] 台南南區 玉翠越南河粉 好吃平價
09:36:55  INFO    [PTT/food] [] [食記] 台南南區 阿美肉燥飯 真的在地人才知道
09:36:55  INFO    [PTT/food] [] [食記] 泰國曼谷 Fika&Co
09:36:55  INFO    📺 YouTube 台灣熱門...
09:36:56  INFO    🎵 TikTok...
09:36:57  INFO    [TikTok] #1 #eidmubarak
09:36:57  INFO    🛍️  Shopee 台灣熱銷...
09:37:05  INFO    💬 Reddit 熱賣（本週）...
09:37:05  INFO    ✅ 生活趨勢完成
09:37:05  INFO  
④ 📰  消息面
09:37:06  INFO    [🇹🇼 台灣] 核二、核三具備重啟條件！賴總統：月底重啟計畫送核安會審議
09:37:06  INFO    [🇹🇼 台灣] 李貞秀稱5中配村里長無春節獎金 內政部：不具合法資格、不享公職權益
09:37:06  INFO    [🇹🇼 台灣] 川普稱擬逐步結束對伊朗行動荷莫茲海峽維安應由他國負責| 國際
09:37:06  INFO    [🇹🇼 台灣] 共同社：伊朗準備放行日本船隻通過荷莫茲海峽| 國際
09:37:06  INFO    [🇹🇼 台灣] 大快人心！惡女狠甩律師巴掌 囂張多日今狼狽遭收押
09:37:06  INFO    [🇹🇼 台灣] 為何打伊朗不告訴盟友？日媒記者被川普「珍珠港」殺球！身分和立場遭起底| 國際
09:37:08  INFO    [🇯🇵 日本] 高市川普會晤以「良好交流」開始，日美進入「新蜜月時代」平井文雄
09:37:08  INFO    [🇯🇵 日本] 伊朗外長稱已準備好允許日本船隻通過霍爾木茲海峽
09:37:10  INFO    [🇯🇵 日本] 伊朗向英國和美國在印度洋的軍事基地發射飛彈=報告
09:37:11  INFO    [🇯🇵 日本] 川普：「日本別無選擇，只能參與」確保霍爾木茲海峽的安全
09:37:12  INFO    [🇯🇵 日本] 新名神高速公路事故造成6人死亡；三重縣警察以涉嫌過失殺人罪突擊搜查嫌疑人的工作場所
09:37:14  INFO    [🇯🇵 日本] 板垣泰輔出獄後立即從陸奧宗光那裡發現了價值數百萬日元的借款憑證……講述了“逆境時代”兩人關係的新史料
09:37:16  INFO    [🇰🇷 韓國] BTS展板上的「他很帥」…帶著外國口音的韓語感嘆
09:37:17  INFO    [🇰🇷 韓國] 大田汽車零件工廠火災、發現9人死亡的健身房“不在計劃中”
09:37:18  INFO    [🇰🇷 韓國] 李總統警告說，“用商業貸款買房是一種欺詐行為”，並建議“在受到懲罰之前先自願還款”。
09:37:18  INFO    [🇰🇷 韓國] SBS《G-R》因無端懷疑「李在明參與黑幫」而道歉
09:37:18  INFO    [🇰🇷 韓國] 이란 “日 선박 호르무즈 통과 허용”...전쟁 속 ‘선별 개방’ 카드 꺼내나
09:37:21  INFO    [🇰🇷 韓國] 트럼프 "군사작전 점진적 축소"…지상군 투입 '연막작전'일까 [이상은의 워싱턴나우]
09:37:21  INFO    [🇺🇸 美國] Iran war latest: Trump says US considering 'winding down' war but other nations must guard Hormuz
09:37:21  INFO    [🇺🇸 美國] Arizona desert town breaks record for hottest March temperature in US history
09:37:21  INFO    [🇺🇸 美國] Striking Down Pentagon Press Limits, Judge Vindicates Independent Journalism
09:37:21  INFO    [🇺🇸 美國] Hawaii dam at risk of ‘imminent failure’; people swept into water on Oahu
09:37:21  INFO    [🇺🇸 美國] The worst heat wave to hit Southern California in March is finally coming to an end
09:37:21  INFO    [🇺🇸 美國] 2nd Marine Expeditionary Unit of around 2,200 Marines, 3 warships headed to Middle East as Iran war continues
09:37:36  INFO  
🖥️  產生 HTML 報告...
09:37:36  INFO  
✅  HTML：報告_20260321_0937.html
09:37:36  INFO  ✅  CSV：機會分析_20260321_0937.csv
09:37:36  INFO  📝  Log：logs/scan_20260321_093606.log
