17:31:15  INFO  ======================================================================
17:31:15  INFO  🔥  每日機會分析系統 v10
17:31:15  INFO  📅  2026-04-07 17:31
17:31:15  INFO  ======================================================================
17:31:15  INFO  
① 🌕  CRYPTO
17:31:15  ERROR    BTC-USD: float() argument must be a string or a real number, not 'Series'
17:31:16  ERROR    ETH-USD: float() argument must be a string or a real number, not 'Series'
17:31:17  ERROR    SOL-USD: float() argument must be a string or a real number, not 'Series'
17:31:17  ERROR    BNB-USD: float() argument must be a string or a real number, not 'Series'
17:31:18  ERROR    XRP-USD: float() argument must be a string or a real number, not 'Series'
17:31:18  INFO    ✅ Crypto 0 筆
17:31:18  INFO  
② 📈  股票
17:31:18  INFO    [台] 3293.TWO     鈊象電子         $       nan   +nan% 多空分歧
17:31:18  INFO             買入點：— 目前無買入信號  進場區：$676.6 ~ $690.2  止損：$659.6
17:31:19  INFO    [台] 00909.TW     國泰智能電動車ETF   $     37.50  +4.20% 三線空頭
17:31:19  INFO             買入點：🎯 一條件滿足 — 待確認  進場區：$35.1 ~ $35.8  止損：$34.2
17:31:20  INFO    [台] 0056.TW      元大高股息        $     38.07  +0.66% 多空分歧
17:31:20  INFO             買入點：🎯 一條件滿足 — 待確認  進場區：$36.3 ~ $37.0  止損：$35.4
17:31:21  INFO    [台] 6111.TWO     6111擎亞       $       nan   +nan% 多空分歧
17:31:21  INFO             買入點：— 目前無買入信號  進場區：$39.7 ~ $40.5  止損：$38.7
17:31:22  INFO    [台] 00878.TW     國泰永續高股息      $     22.30  +1.23% 多空分歧
17:31:22  INFO             買入點：🎯 一條件滿足 — 待確認  進場區：$21.2 ~ $21.6  止損：$20.6
17:31:22  INFO    [台] 3017.TW      奇鋐           $       nan   +nan% 多空分歧
17:31:22  INFO             買入點：— 目前無買入信號  進場區：$1,656.7 ~ $1,690.0  止損：$1,615.0
17:31:23  INFO    [台] 00713.TW     元大高息低波       $     51.80  +0.88% 偏多
17:31:23  INFO             買入點：🎯 一條件滿足 — 待確認  進場區：$49.8 ~ $50.8  止損：$48.6
17:31:24  INFO    [台] 00919.TW     群益台灣精選高息     $     22.62  +1.43% 多空分歧
17:31:24  INFO             買入點：🎯 一條件滿足 — 待確認  進場區：$21.7 ~ $22.2  止損：$21.2
17:31:25  INFO    [美] NVDA         NVIDIA       $    175.37  -1.28% 多空分歧
17:31:25  INFO             買入點：🎯 一條件滿足 — 待確認  進場區：$163.4 ~ $166.7  止損：$159.3
17:31:26  INFO    [美] GEV          GE Vernova   $    898.46  +0.12% 三線多頭
17:31:26  INFO             買入點：— 目前無買入信號  進場區：$795.4 ~ $811.3  止損：$778.2
17:31:27  INFO    [台] 2330.TW      台積電          $       nan   +nan% 多空分歧
17:31:27  INFO             買入點：— 目前無買入信號  進場區：$1,751.2 ~ $1,786.4  止損：$1,707.2
17:31:27  INFO    [美] AMD          AMD          $    218.45  -0.79% 多空分歧
17:31:27  INFO             買入點：— 目前無買入信號  進場區：$187.4 ~ $191.1  止損：$186.5
17:31:28  INFO    [美] TSM          台積電ADR       $    340.22  -0.45% 偏多
17:31:28  INFO             買入點：🎯 一條件滿足 — 待確認  進場區：$312.2 ~ $318.5  止損：$304.4
17:31:29  INFO    [台] 2317.TW      鴻海           $       nan   +nan% 多空分歧
17:31:29  INFO             買入點：— 目前無買入信號  進場區：$186.6 ~ $190.3  止損：$181.9
17:31:30  INFO    [台] 2530.TW      華建           $       nan   +nan% 三線空頭
17:31:30  INFO             買入點：— 目前無買入信號  進場區：$23.8 ~ $24.3  止損：$23.2
17:31:31  INFO    [美] MU           美光           $    375.09  -0.71% 多空分歧
17:31:31  INFO             買入點：🎯 一條件滿足 — 待確認  進場區：$309.9 ~ $316.2  止損：$302.1
17:31:32  INFO    [美] LRCX         科林研發         $    221.39  +0.34% 三線多頭
17:31:32  INFO             買入點：🎯 一條件滿足 — 待確認  進場區：$197.6 ~ $201.6  止損：$192.6
17:31:33  INFO    [台] 00631L.TW    元大台灣50正2     $     20.65  +3.25% 多空分歧
17:31:33  INFO             買入點：🎯 一條件滿足 — 待確認  進場區：$-215.1 ~ $-219.4  止損：$18.5
17:31:34  INFO    [台] 00910.TW     第一金太空衛星      $     63.00  +8.25% 三線多頭
17:31:34  INFO             買入點：🎯 一條件滿足 — 待確認  進場區：$52.1 ~ $53.1  止損：$50.8
17:31:35  INFO    [台] 2308.TW      台達電          $       nan   +nan% 偏多
17:31:35  INFO             買入點：— 目前無買入信號  進場區：$1,189.0 ~ $1,212.9  止損：$1,159.1
17:31:38  INFO    ✅ 股票 20 筆
17:31:38  INFO  
③ 🌟  生活熱門趨勢
17:31:38  INFO    📊 Google Trends 台灣（生活/食衣住行）...
17:31:38  WARNING    [食品飲料] The request failed: Google returned a response with code 429
17:31:42  WARNING    [服飾美妝] The request failed: Google returned a response with code 429
17:31:45  WARNING    [居家生活] The request failed: Google returned a response with code 429
17:31:48  WARNING    [娛樂3C] The request failed: Google returned a response with code 429
17:31:52  WARNING    [健康運動] The request failed: Google returned a response with code 429
17:31:55  WARNING    [旅遊交通] The request failed: Google returned a response with code 429
17:31:58  INFO    💬 Dcard 熱門...
17:31:58  WARNING      ⚠️  www.dcard.tw → 403 Client Error: Forbidden for url: https://www.dcard.tw/f/trending
17:31:58  INFO    📋 PTT 熱門...
17:31:59  WARNING      ⚠️  www.ptt.cc → ('Connection aborted.', ConnectionResetError(104, 'Connection reset by peer'))
17:31:59  INFO    [PTT/Stock] [99] [情報]伊朗聲明:絕不會向戀童癖者和屠殺者屈服！
17:31:59  INFO    [PTT/Stock] [3] [標的] DXYZ 火箭多
17:31:59  INFO    [PTT/Stock] [] [公告] 股票板板規 v4.7 (2024/10/06 修正)
17:31:59  INFO    [PTT/Stock] [6] [公告] 4-6-1罰則將在1/22開始到年底加重至30天
17:31:59  INFO    [PTT/Stock] [爆] [閒聊] 2026/04/07 盤後閒聊
17:32:01  INFO    [PTT/beauty] [7] [正妹] Winter
17:32:01  INFO    [PTT/beauty] [1] [正妹] 結實的臀部
17:32:01  INFO    [PTT/beauty] [] [正妹] 泰國大學制服
17:32:01  INFO    [PTT/beauty] [4] [正妹] 阮多慧
17:32:01  INFO    [PTT/beauty] [3] [正妹] Cospaly 2675 中國 大河
17:32:02  INFO    [PTT/movie] [1] [新聞] 金穗影展推16部「台味」片　陳雪甄黃迪揚沙龍對談
17:32:02  INFO    [PTT/movie] [6] [新聞] 《沙丘：第三部》IMAX版超前預售 美、英1
17:32:02  INFO    [PTT/movie] [] [好雷] 《殘菊物語》- 含與《國寶》的比較
17:32:02  INFO    [PTT/movie] [14] [片單] 想再找一些超自然恐怖片
17:32:02  INFO    [PTT/movie] [] [新聞] 《極限返航》北美飆破2.17億美金！全球
17:32:03  INFO    [PTT/food] [] [食記] 伊娜飛魚餐廳 花蓮豐濱 飛魚卵香腸燻飛魚
17:32:03  INFO    [PTT/food] [5] [食記] 台北 祥星記一鴨三吃 好吃燒臘便當店
17:32:03  INFO    [PTT/food] [] [食記] 東京 居酒家 さいたどう燒鳥串燒 等很久
17:32:03  INFO    [PTT/food] [] [食記] 台北 士林區｜筠芝和牛本舖
17:32:03  INFO    [PTT/food] [] [食記] 吉隆坡 甲洞興記肉骨茶(分店)
17:32:03  INFO    📺 YouTube 台灣熱門...
17:32:04  INFO    🎵 TikTok...
17:32:04  INFO    [TikTok] #1 #easter
17:32:04  INFO    🛍️  Shopee 台灣熱銷...
17:32:14  INFO    💬 Reddit 熱賣（本週）...
17:32:14  INFO    ✅ 生活趨勢完成
17:32:14  INFO  
④ 📰  消息面
17:32:14  INFO    [🇹🇼 台灣] 伊朗革命衛隊回擊川普最後通牒！官員號召「人肉盾牌」圍電廠
17:32:14  INFO    [🇹🇼 台灣] 川普最後通牒截止前美軍驚傳空襲伊朗哈格島逾50處軍事目標| 國際
17:32:14  INFO    [🇹🇼 台灣] 沈伯洋戰台北仇恨值高？學者：因為他選擇承擔王義川力挺喊願上戰場值得尊敬| 政治
17:32:14  INFO    [🇹🇼 台灣] 和平之旅展開！鄭麗文飛抵上海 宋濤親自接機
17:32:14  INFO    [🇹🇼 台灣] 塑膠袋之亂查源頭 士檢再度約談台塑石化6幹部作證
17:32:14  INFO    [🇹🇼 台灣] 走漏消息險害營救破局？川普2日未眠怒查誰洩密傳助美飛官伊數十居民被捕| 國際
17:32:18  INFO    [🇯🇵 日本] 川普總統：「勝利者將獲得戰利品」…希望戰鬥結束後控制伊朗石油
17:32:18  INFO    [🇯🇵 日本] 伊朗計劃在數年內切斷對美國及其盟國的石油和天然氣供應
17:32:19  INFO    [🇯🇵 日本] 自民黨官員「因為首相辦公室不喜歡」......首相高市為了通過預算而減少了出席國會的人數，並忙於在SNS上發文。
17:32:20  INFO    [🇯🇵 日本] 川崎市一家工廠鷹架倒塌，造成5人墜落。涉嫌因工作過失造成傷害的調查。 4人獲救，但3人昏迷不醒，1人失蹤。
17:32:20  INFO    [🇯🇵 日本] 據《泰晤士報》報道，伊朗新任最高領導人病情危重，“無法治理國家”
17:32:21  INFO    [🇯🇵 日本] 伊朗提議在與美國停火談判期間支付超過3億日圓通過霍爾木茲海峽
17:32:23  INFO    [🇰🇷 韓國] 川普：「今晚整個文明將消失」…在最後通牒期限前向伊朗施壓
17:32:24  INFO    [🇰🇷 韓國] 副總統萬斯：“我們可能會使用以前沒有使用過的措施……我相信伊朗會在最後期限前做出回應。”
17:32:24  INFO    [🇰🇷 韓國] 民主黨京畿道知事候選人秋美愛…首位女性地方長官會誕生嗎？
17:32:27  INFO    [🇰🇷 韓國] 美國在談判截止日期前襲擊哈格島軍事設施
17:32:28  INFO    [🇰🇷 韓國] 在川普最後期限前一天，伊朗各地的橋樑和鐵路都受到輻射。
17:32:30  INFO    [🇰🇷 韓國] 川普：「我們在金正恩身邊部署軍隊」…再次抨擊韓國
17:32:30  INFO    [🇺🇸 美國] Trump says 'a whole civilization will die tonight' ahead of deadline for Iran
17:32:30  INFO    [🇺🇸 美國] Iran Cuts Off Direct Diplomacy With U.S.
17:32:30  INFO    [🇺🇸 美國] Iran war: What is happening on day 39 of US-Israeli attacks?
17:32:30  INFO    [🇺🇸 美國] Trump Live Updates: JD Vance Visits Hungary to Support Orban’s Election Prospects
17:32:30  INFO    [🇺🇸 美國] ‘Vile on every level’: Tucker Carlson rips Donald Trump over Easter Sunday ‘f-word’ post
17:32:30  INFO    [🇺🇸 美國] Georgia runoff to decide who replaces Marjorie Taylor Greene after her spat with Trump
17:32:44  INFO  
🖥️  產生 HTML 報告...
17:32:44  INFO  
✅  HTML：報告_20260407_1732.html
17:32:44  INFO  ✅  CSV：機會分析_20260407_1732.csv
17:32:44  INFO  📝  Log：logs/scan_20260407_173115.log
