10:03:40  INFO  ======================================================================
10:03:40  INFO  🔥  每日機會分析系統 v10
10:03:40  INFO  📅  2026-03-26 10:03
10:03:40  INFO  ======================================================================
10:03:40  INFO  
① 🌕  CRYPTO
10:03:40  ERROR    BTC-USD: float() argument must be a string or a real number, not 'Series'
10:03:41  ERROR    ETH-USD: float() argument must be a string or a real number, not 'Series'
10:03:41  ERROR    SOL-USD: float() argument must be a string or a real number, not 'Series'
10:03:42  ERROR    BNB-USD: float() argument must be a string or a real number, not 'Series'
10:03:42  ERROR    XRP-USD: float() argument must be a string or a real number, not 'Series'
10:03:43  INFO    ✅ Crypto 0 筆
10:03:43  INFO  
② 📈  股票
10:03:43  INFO    [台] 3293.TWO     鈊象電子         $    784.00  +4.67% 三線多頭
10:03:43  INFO             買入點：— 目前無買入信號  進場區：$662.1 ~ $675.4  止損：$649.9
10:03:44  INFO    [台] 00909.TW     國泰智能電動車ETF   $     39.65  +0.03% 多空分歧
10:03:44  INFO             買入點：🎯 一條件滿足 — 待確認  進場區：$36.2 ~ $36.9  止損：$35.3
10:03:45  INFO    [台] 0056.TW      元大高股息        $     38.56  -0.05% 多空分歧
10:03:45  INFO             買入點：🎯 一條件滿足 — 待確認  進場區：$36.3 ~ $37.0  止損：$35.4
10:03:45  INFO    [台] 6111.TWO     6111擎亞       $     42.40  -0.24% 偏空
10:03:45  INFO             買入點：🎯 一條件滿足 — 待確認  進場區：$40.8 ~ $41.6  止損：$39.8
10:03:46  INFO    [台] 00878.TW     國泰永續高股息      $     22.44  +0.00% 多空分歧
10:03:46  INFO             買入點：🎯 一條件滿足 — 待確認  進場區：$21.2 ~ $21.6  止損：$20.6
10:03:47  INFO    [台] 3017.TW      奇鋐           $  2,275.00  +8.33% 三線多頭
10:03:47  INFO             買入點：— 目前無買入信號  進場區：$1,581.8 ~ $1,613.5  止損：$1,615.0
10:03:48  INFO    [台] 00713.TW     元大高息低波       $     51.70  -0.29% 多空分歧
10:03:48  INFO             買入點：🎯 一條件滿足 — 待確認  進場區：$49.8 ~ $50.8  止損：$48.6
10:03:49  INFO    [台] 00919.TW     群益台灣精選高息     $     22.63  -0.96% 多空分歧
10:03:49  INFO             買入點：🎯 一條件滿足 — 待確認  進場區：$21.7 ~ $22.2  止損：$21.2
10:03:49  INFO    [美] NVDA         NVIDIA       $    178.68  +1.99% 偏空
10:03:49  INFO             買入點：🎯 一條件滿足 — 待確認  進場區：$170.9 ~ $174.3  止損：$166.6
10:03:50  INFO    [美] GEV          GE Vernova   $    923.69  +1.57% 三線多頭
10:03:50  INFO             買入點：— 目前無買入信號  進場區：$772.6 ~ $788.2  止損：$753.2
10:03:51  INFO    [台] 2330.TW      台積電          $  1,840.00  -0.27% 多空分歧
10:03:51  INFO             買入點：🎯 一條件滿足 — 待確認  進場區：$1,755.4 ~ $1,790.7  止損：$1,711.3
10:03:52  INFO    [美] AMD          AMD          $    220.27  +7.26% 多空分歧
10:03:52  INFO             買入點：— 目前無買入信號  進場區：$187.3 ~ $191.0  止損：$182.6
10:03:53  INFO    [美] TSM          台積電ADR       $    347.75  +1.31% 多空分歧
10:03:53  INFO             買入點：🎯 一條件滿足 — 待確認  進場區：$321.1 ~ $327.5  止損：$315.4
10:03:53  INFO    [台] 2317.TW      鴻海           $    200.50  +0.25% 三線空頭
10:03:53  INFO             買入點：🎯 一條件滿足 — 待確認  進場區：$187.0 ~ $190.8  止損：$188.2
10:03:54  INFO    [台] 2530.TW      華建           $     25.05  -0.20% 多空分歧
10:03:54  INFO             買入點：🎯 一條件滿足 — 待確認  進場區：$24.0 ~ $24.5  止損：$23.8
10:03:55  INFO    [美] MU           美光           $    382.09  -3.40% 多空分歧
10:03:55  INFO             買入點：🎯 一條件滿足 — 待確認  進場區：$355.9 ~ $363.0  止損：$346.9
10:03:56  INFO    [美] LRCX         科林研發         $    233.45  -2.26% 偏多
10:03:56  INFO             買入點：— 目前無買入信號  進場區：$193.1 ~ $197.0  止損：$188.3
10:03:57  INFO    [台] 00631L.TW    元大台灣50正2     $    443.15  +0.00% 多空分歧
10:03:57  INFO             買入點：🎯 一條件滿足 — 待確認  進場區：$412.9 ~ $421.2  止損：$404.0
10:03:57  INFO    [台] 00910.TW     第一金太空衛星      $     61.00  +4.10% 三線多頭
10:03:57  INFO             買入點：— 目前無買入信號  進場區：$52.1 ~ $53.1  止損：$50.8
10:03:58  INFO    [台] 2308.TW      台達電          $  1,515.00  -2.26% 三線多頭
10:03:58  INFO             買入點：— 目前無買入信號  進場區：$1,189.0 ~ $1,212.9  止損：$1,159.1
10:03:59  INFO    ⏰ 10:xx 外資 16:30 後更新
10:03:59  INFO    ✅ 股票 20 筆
10:03:59  INFO  
③ 🌟  生活熱門趨勢
10:03:59  INFO    📊 Google Trends 台灣（生活/食衣住行）...
10:03:59  INFO    [食品飲料] 熱度:12 動能:+15% 最熱關鍵字：美食 🔥🔥
10:04:02  INFO    [服飾美妝] 熱度:21 動能:-31% 最熱關鍵字：穿搭 ❄️
10:04:04  INFO    [居家生活] 熱度:20 動能:-10% 最熱關鍵字：家具 ❄️
10:04:07  INFO    [娛樂3C] 熱度:32 動能:-13% 最熱關鍵字：手機 ❄️
10:04:09  INFO    [健康運動] 熱度:33 動能:+4% 最熱關鍵字：健身 🔥
10:04:12  INFO    [旅遊交通] 熱度:25 動能:-5% 最熱關鍵字：機票 ❄️
10:04:14  INFO    💬 Dcard 熱門...
10:04:14  WARNING      ⚠️  www.dcard.tw → 403 Client Error: Forbidden for url: https://www.dcard.tw/f/trending
10:04:14  INFO    📋 PTT 熱門...
10:04:14  WARNING      ⚠️  www.ptt.cc → ('Connection aborted.', ConnectionResetError(104, 'Connection reset by peer'))
10:04:15  INFO    [PTT/Stock] [1] [情報] 4743 合一 董事會決議擬申請股票轉上市
10:04:15  INFO    [PTT/Stock] [12] [標的] 2454 聯發科 接刀多
10:04:15  INFO    [PTT/Stock] [32] [新聞] Google壓縮技術可省記憶體大小達6X
10:04:15  INFO    [PTT/Stock] [] [情報] 7847豊漁 2025 EPS -3.24
10:04:15  INFO    [PTT/Stock] [] [公告] 股票板板規 v4.7 (2024/10/06 修正)
10:04:16  INFO    [PTT/beauty] [6] [正妹] 姊妹合照, 不相上下
10:04:16  INFO    [PTT/beauty] [4] [正妹] 小雲
10:04:16  INFO    [PTT/beauty] [3] [正妹] 飛飛
10:04:17  INFO    [PTT/movie] [7] [討論] 極限返航的外星人問題（有雷）
10:04:17  INFO    [PTT/movie] [10] [新聞] 千黛亞和湯姆霍蘭德聊<抓馬戀人>戲內老公
10:04:17  INFO    [PTT/movie] [9] [情報] 王者天下5 秦軍核心七人卡司公開
10:04:17  INFO    [PTT/movie] [2] [問片] 找一部男主是高中生去城裡讀大學
10:04:18  INFO    [PTT/food] [] [食記] 台北士林區 Subber潛艇堡
10:04:18  INFO    [PTT/food] [] [食記] 宜蘭羅東白橡｜WhiteOak│路過的美味甜點
10:04:18  INFO    [PTT/food] [] [食記] 日本 旭川成吉思汗大黑屋 無腥味羔羊炙烤
10:04:18  INFO    [PTT/food] [] [食記] 劉家蝦公粄 屏東內埔 酥脆九層塔香蝦公粄
10:04:18  INFO    [PTT/food] [] [食記] 香港 HashtagB 超酥脆蛋撻大推開心果口味
10:04:19  INFO    📺 YouTube 台灣熱門...
10:04:19  INFO    🎵 TikTok...
10:04:20  INFO    [TikTok] #1 #sparemomentslive
10:04:20  INFO    🛍️  Shopee 台灣熱銷...
10:04:25  INFO    💬 Reddit 熱賣（本週）...
10:04:25  INFO    ✅ 生活趨勢完成
10:04:25  INFO  
④ 📰  消息面
10:04:25  INFO    [🇹🇼 台灣] 柯文哲涉京華城等案一審判有期徒刑17年、褫奪公權6年[影]
10:04:25  INFO    [🇹🇼 台灣] 徐春鶯起訴書曝光 她驚呼：內容太驚悚！民眾黨遭滲透「已成共產黨支部」
10:04:25  INFO    [🇹🇼 台灣] 蕭旭岑暗示馬英九失智？　周玉蔻提關鍵人物：金溥聰大動作必有她力挺
10:04:25  INFO    [🇹🇼 台灣] 溼答答！　「最強春雨鋒面」下周到
10:04:25  INFO    [🇹🇼 台灣] 對獎了！1-2月統一發票千萬獎「87510041」 完整獎號在這裡
10:04:25  INFO    [🇹🇼 台灣] 核廢有解 經長：可放乾式貯存場
10:04:27  INFO    [🇯🇵 日本] 伊朗將提出五項啟動談判條件，包括完全停止攻擊、保​​證主權……有可能在紅海關鍵戰略要地霍爾木茲開闢「新戰線」。
10:04:28  INFO    [🇯🇵 日本] 焦點：霍爾木茲海峽保護上空的烏雲，紅海失敗的陰影；伊朗威脅威脅供應
10:04:30  INFO    [🇯🇵 日本] 伊朗駐日本大使與前首相岸田等人會談“日本在阻止衝突中的作用”
10:04:32  INFO    [🇯🇵 日本] 小學五年級因霸凌而轉學；班主任「堅持」抱怨...學校不允許使用另一層樓的洗手間（讀賣新聞在線）
10:04:34  INFO    [🇯🇵 日本] 東武頂級旅遊公司就邊野古海岸的翻船事故致歉：“寄宿計劃將由學校直接安排。”
10:04:35  INFO    [🇯🇵 日本] 【突發新聞】國防部表示被捕自衛隊軍官工作行為沒有問題
10:04:37  INFO    [🇰🇷 韓國] 「川普所說的『來自伊朗的禮物』透過霍爾木茲油輪」…以色列報道文學
10:04:40  INFO    [🇰🇷 韓國] 即使大田火災警報正常響起…“警報響起後立即響起，導致疏散延誤。”
10:04:43  INFO    [🇰🇷 韓國] [突發新聞]伊朗大使：“韓國是一個非敵對國家…”如果美國武官得到確認，霍爾木茲海峽將被通過”
10:04:43  INFO    [🇰🇷 韓國] 張東赫處置了6棟房屋中的4棟，僅留下首爾和保寧公寓
10:04:46  INFO    [🇰🇷 韓國] 【爆料】張藝燦被罰款150萬韓元，不能參選…涉嫌扭曲民調
10:04:47  INFO    [🇰🇷 韓國] 鄭清來“大邱市長金富謙的必勝牌”...金“30日立場公告”
10:04:48  INFO    [🇺🇸 美國] Trump says Iran 'afraid' to admit to talks as Tehran rejects reports of dialogue
10:04:48  INFO    [🇺🇸 美國] White House delays permanent CDC director pick
10:04:48  INFO    [🇺🇸 美國] ICE Agents at Some Airports Begin Checking IDs in Security Lines
10:04:48  INFO    [🇺🇸 美國] Houston airport has become a symbol for the shutdown’s impacts on air travel
10:04:48  INFO    [🇺🇸 美國] GOP lawmakers vent frustration over Trump administration’s lack of info on Iran war
10:04:48  INFO    [🇺🇸 美國] Senate locked in staring contest on DHS as insults fly
10:05:03  INFO  
🖥️  產生 HTML 報告...
10:05:03  INFO  
✅  HTML：報告_20260326_1005.html
10:05:03  INFO  ✅  CSV：機會分析_20260326_1005.csv
10:05:03  INFO  📝  Log：logs/scan_20260326_100340.log
