23:26:53  INFO  ======================================================================
23:26:53  INFO  🔥  每日機會分析系統 v10
23:26:53  INFO  📅  2026-04-04 23:26
23:26:53  INFO  ======================================================================
23:26:53  INFO  
① 🌕  CRYPTO
23:26:54  ERROR    BTC-USD: float() argument must be a string or a real number, not 'Series'
23:26:55  ERROR    ETH-USD: float() argument must be a string or a real number, not 'Series'
23:26:55  ERROR    SOL-USD: float() argument must be a string or a real number, not 'Series'
23:26:56  ERROR    BNB-USD: float() argument must be a string or a real number, not 'Series'
23:26:57  ERROR    XRP-USD: float() argument must be a string or a real number, not 'Series'
23:26:57  INFO    ✅ Crypto 0 筆
23:26:57  INFO  
② 📈  股票
23:26:58  INFO    [台] 3293.TWO     鈊象電子         $    755.00  -1.56% 多空分歧
23:26:58  INFO             買入點：— 目前無買入信號  進場區：$676.6 ~ $690.2  止損：$659.6
23:26:59  INFO    [台] 00909.TW     國泰智能電動車ETF   $     35.99  -1.83% 三線空頭
23:26:59  INFO             買入點：🎯 一條件滿足 — 待確認  進場區：$35.1 ~ $35.8  止損：$34.2
23:27:00  INFO    [台] 0056.TW      元大高股息        $     37.82  -0.76% 多空分歧
23:27:00  INFO             買入點：🎯 一條件滿足 — 待確認  進場區：$36.3 ~ $37.0  止損：$35.4
23:27:01  INFO    [台] 6111.TWO     6111擎亞       $     43.00  +1.65% 偏空
23:27:01  INFO             買入點：🎯 一條件滿足 — 待確認  進場區：$39.7 ~ $40.5  止損：$38.7
23:27:02  INFO    [台] 00878.TW     國泰永續高股息      $     22.03  -1.21% 多空分歧
23:27:02  INFO             買入點：🎯 一條件滿足 — 待確認  進場區：$21.2 ~ $21.6  止損：$20.6
23:27:03  INFO    [台] 3017.TW      奇鋐           $  2,070.00  -1.90% 多空分歧
23:27:03  INFO             買入點：— 目前無買入信號  進場區：$1,637.0 ~ $1,669.9  止損：$1,615.0
23:27:04  INFO    [台] 00713.TW     元大高息低波       $     51.35  -0.29% 多空分歧
23:27:04  INFO             買入點：🎯 一條件滿足 — 待確認  進場區：$49.8 ~ $50.8  止損：$48.6
23:27:05  INFO    [台] 00919.TW     群益台灣精選高息     $     22.30  -0.89% 多空分歧
23:27:05  INFO             買入點：🎯 一條件滿足 — 待確認  進場區：$21.7 ~ $22.2  止損：$21.2
23:27:06  INFO    [美] NVDA         NVIDIA       $    177.39  +0.93% 多空分歧
23:27:06  INFO             買入點：🎯 一條件滿足 — 待確認  進場區：$163.4 ~ $166.7  止損：$159.3
23:27:07  INFO    [美] GEV          GE Vernova   $    898.57  +0.42% 三線多頭
23:27:07  INFO             買入點：— 目前無買入信號  進場區：$772.6 ~ $788.2  止損：$753.2
23:27:08  INFO    [台] 2330.TW      台積電          $  1,810.00  -2.43% 多空分歧
23:27:08  INFO             買入點：🎯 一條件滿足 — 待確認  進場區：$1,750.5 ~ $1,785.7  止損：$1,707.2
23:27:09  INFO    [美] AMD          AMD          $    217.50  +3.47% 多空分歧
23:27:09  INFO             買入點：— 目前無買入信號  進場區：$187.6 ~ $191.4  止損：$183.3
23:27:10  INFO    [美] TSM          台積電ADR       $    339.04  -0.72% 多空分歧
23:27:10  INFO             買入點：🎯 一條件滿足 — 待確認  進場區：$312.2 ~ $318.5  止損：$304.4
23:27:11  INFO    [台] 2317.TW      鴻海           $    193.00  -2.03% 三線空頭
23:27:11  INFO             買入點：🎯 一條件滿足 — 待確認  進場區：$184.3 ~ $188.0  止損：$181.9
23:27:12  INFO    [台] 2530.TW      華建           $     24.05  -3.41% 三線空頭
23:27:12  INFO             買入點：🎯 一條件滿足 — 待確認  進場區：$23.8 ~ $24.3  止損：$23.2
23:27:13  INFO    [美] MU           美光           $    366.24  -0.44% 多空分歧
23:27:13  INFO             買入點：🎯 一條件滿足 — 待確認  進場區：$309.9 ~ $316.2  止損：$302.1
23:27:14  INFO    [美] LRCX         科林研發         $    218.44  -1.61% 三線多頭
23:27:14  INFO             買入點：🎯 一條件滿足 — 待確認  進場區：$193.1 ~ $197.0  止損：$188.3
23:27:15  INFO    [台] 00631L.TW    元大台灣50正2     $     20.00  -4.76% 偏空
23:27:15  INFO             買入點：🎯 一條件滿足 — 待確認  進場區：$-191.0 ~ $-194.8  止損：$18.5
23:27:16  INFO    [台] 00910.TW     第一金太空衛星      $     58.20  +1.31% 多空分歧
23:27:16  INFO             買入點：— 目前無買入信號  進場區：$52.1 ~ $53.1  止損：$50.8
23:27:17  INFO    [台] 2308.TW      台達電          $  1,430.00  -3.05% 多空分歧
23:27:17  INFO             買入點：🎯 一條件滿足 — 待確認  進場區：$1,189.0 ~ $1,212.9  止損：$1,159.1
23:27:19  INFO    ✅ 股票 20 筆
23:27:19  INFO  
③ 🌟  生活熱門趨勢
23:27:19  INFO    📊 Google Trends 台灣（生活/食衣住行）...
23:27:20  INFO    [食品飲料] 熱度:6 動能:-42% 最熱關鍵字：美食 ❄️
23:27:23  INFO    [服飾美妝] 熱度:34 動能:-8% 最熱關鍵字：穿搭 ❄️
23:27:26  INFO    [居家生活] 熱度:17 動能:-42% 最熱關鍵字：家具 ❄️
23:27:28  INFO    [娛樂3C] 熱度:40 動能:-4% 最熱關鍵字：手機 ❄️
23:27:31  INFO    [健康運動] 熱度:18 動能:-30% 最熱關鍵字：健身 ❄️
23:27:33  INFO    [旅遊交通] 熱度:21 動能:-19% 最熱關鍵字：機票 ❄️
23:27:35  INFO    💬 Dcard 熱門...
23:27:36  WARNING      ⚠️  www.dcard.tw → 403 Client Error: Forbidden for url: https://www.dcard.tw/f/trending
23:27:36  INFO    📋 PTT 熱門...
23:27:36  WARNING      ⚠️  www.ptt.cc → ('Connection aborted.', ConnectionResetError(104, 'Connection reset by peer'))
23:27:36  INFO    [PTT/Stock] [58] [新聞] 獨／美伊戰爭股市劇烈震盪 胡瓜台積電、
23:27:36  INFO    [PTT/Stock] [27] [新聞] 記憶體漲價變武器！蘋果巨資買斷行動DRAM
23:27:36  INFO    [PTT/Stock] [] Re: [新聞] 美以轟伊朗石化經濟區傷亡不明　空襲最
23:27:36  INFO    [PTT/Stock] [68] [新聞] 產能充足 龔明鑫：平均全台每人可分得10
23:27:36  INFO    [PTT/Stock] [85] [新聞] 經濟部：每月增產5000噸塑膠袋 平價機制
23:27:37  INFO    [PTT/beauty] [2] [正妹] 謝夏天
23:27:37  INFO    [PTT/beauty] [] [正妹] Cosplay 2670 韓國 洛卿 芙莉蓮
23:27:37  INFO    [PTT/beauty] [18] [正妹] 鄭熙靜
23:27:37  INFO    [PTT/beauty] [X1] [正妹] 伊織萌 日本金世星
23:27:37  INFO    [PTT/beauty] [28] [正妹] BABYMONSTER ASA
23:27:38  INFO    [PTT/movie] [] [請益] 捕風追影 怎麼指認的？
23:27:38  INFO    [PTT/movie] [1] [情報] 名探偵柯南 高速公路的堕天使 上映前夕PV
23:27:38  INFO    [PTT/movie] [28] [新聞]超級瑪利歐銀河全球票房破39億！觀眾打臉影
23:27:38  INFO    [PTT/movie] [2] [負微雷] 《弒婚遊戲：2度開局》
23:27:38  INFO    [PTT/movie] [8] Re: [討論] 超級瑪利歐銀河電影版 爛番茄44%
23:27:39  INFO    [PTT/food] [] [轉讓] （已轉讓）NAGOMI ( 新光A8店）4/5 晚餐
23:27:39  INFO    [PTT/food] [] [食記] Proi Kitchen 台中超大份量的澳式早午餐
23:27:39  INFO    [PTT/food] [] [食記] Bogart's Smokehouse 台北南港 煙燻牛胸
23:27:39  INFO    [PTT/food] [] [食記] 台北 鮨岡心二訪
23:27:39  INFO    [PTT/food] [] [食記] 新北 猴硐貓村 Murmur Land
23:27:40  INFO    📺 YouTube 台灣熱門...
23:27:40  INFO    🎵 TikTok...
23:27:41  INFO    [TikTok] #1 #semanasanta
23:27:41  INFO    🛍️  Shopee 台灣熱銷...
23:27:44  INFO    💬 Reddit 熱賣（本週）...
23:27:44  INFO    ✅ 生活趨勢完成
23:27:44  INFO  
④ 📰  消息面
23:27:45  INFO    [🇹🇼 台灣] 花蓮規模5.7地震「今年最大」 氣象署：未來3天恐有規模5.5餘震
23:27:45  INFO    [🇹🇼 台灣] 還沒下完！最強春雨發威「雨區再擴大」 最新降雨趨勢一圖看| 生活
23:27:45  INFO    [🇹🇼 台灣] 苗栗暴雨成災卓榮泰：總預算沒過、災損金與第二預備金都無法動支| 政治
23:27:45  INFO    [🇹🇼 台灣] 鄭麗文訪中！黃暐瀚籲國民黨勿忘曾對人民承諾不接受中國反分裂法| 政治
23:27:45  INFO    [🇹🇼 台灣] 不只轟核電廠！伊朗水泥廠與石化中心遇襲 至少造成2死7傷
23:27:45  INFO    [🇹🇼 台灣] 快訊／川普下最後通牒！嗆伊朗「48小時內不讓步　地獄降臨」
23:27:47  INFO    [🇯🇵 日本] 美軍飛機被擊落與川普“伊朗軍隊將被摧毀”的說法相矛盾……如果伊朗俘虜美軍，可能是一張“外交牌”
23:27:48  INFO    [🇯🇵 日本] 賓州通報攻擊事件的汽車看起來與醫院附近的汽車非常相似；調查懷疑是同一名伊朗男子死亡
23:27:49  INFO    [🇯🇵 日本] 今天4月5日（星期日）天氣預報：日本西部天氣晴朗，天氣晴朗，季節溫暖提前，夏季天氣預報
23:27:50  INFO    [🇯🇵 日本] 商船三井液化石油氣運輸船通過霍爾木茲海峽，第二艘與日本有關的船隻
23:27:51  INFO    [🇯🇵 日本] 六年級男孩失蹤；警方繼續在京都市南丹市進行全城搜查（2026 年 4 月 4 日發布）|日本電視台新聞 NNN
23:27:52  INFO    [🇯🇵 日本] 北海道男子誤食附子致死
23:27:53  INFO    [🇰🇷 韓國] 川普：距離伊朗打開地獄之門還剩48小時
23:27:53  INFO    [🇰🇷 韓國] 美國情報機構：“伊朗暫時可能不會解除對霍爾木茲海峽的封鎖”
23:27:54  INFO    [🇰🇷 韓國] 市民們再次聚集在負責解僱尹錫烈的組織所在的廣場...“偉大的社會改革，現在開始”
23:27:55  INFO    [🇰🇷 韓國] 民主黨忠清北道知事候選人申新韓在決選中擊敗前幕僚長盧英民。
23:27:56  INFO    [🇰🇷 韓國] 週日早上多雲，逐漸放晴…享受櫻花盛開的季節
23:27:56  INFO    [🇰🇷 韓國] “속도 생명인데”…26조 추경, 집행 부진 사업 수두룩
23:27:56  INFO    [🇺🇸 美國] Second US fighter jet downed by Strait of Hormuz as search for F-15E crew member in Iran continues
23:27:56  INFO    [🇺🇸 美國] Pam Bondi's Humiliating Last-Ditch Bid to Keep Her Job Exposed
23:27:56  INFO    [🇺🇸 美國] Trump gives Iran 48 hours to open Strait of Hormuz as search continues for missing US pilot
23:27:56  INFO    [🇺🇸 美國] More than 20 people injured after driver crashes into crowd at Louisiana parade
23:27:56  INFO    [🇺🇸 美國] US says its agents arrested Qassem Soleimani's relatives after revoking green cards
23:27:56  INFO    [🇺🇸 美國] Chinese firms market Iran war intelligence ‘exposing’ U.S. forces
23:28:11  INFO  
🖥️  產生 HTML 報告...
23:28:11  INFO  
✅  HTML：報告_20260404_2328.html
23:28:11  INFO  ✅  CSV：機會分析_20260404_2328.csv
23:28:11  INFO  📝  Log：logs/scan_20260404_232653.log
