23:34:14  INFO  ======================================================================
23:34:14  INFO  🔥  每日機會分析系統 v10
23:34:14  INFO  📅  2026-04-08 23:34
23:34:14  INFO  ======================================================================
23:34:14  INFO  
① 🌕  CRYPTO
23:34:14  ERROR    BTC-USD: float() argument must be a string or a real number, not 'Series'
23:34:15  ERROR    ETH-USD: float() argument must be a string or a real number, not 'Series'
23:34:16  ERROR    SOL-USD: float() argument must be a string or a real number, not 'Series'
23:34:16  ERROR    BNB-USD: float() argument must be a string or a real number, not 'Series'
23:34:17  ERROR    XRP-USD: float() argument must be a string or a real number, not 'Series'
23:34:17  INFO    ✅ Crypto 0 筆
23:34:17  INFO  
② 📈  股票
23:34:18  INFO    [台] 3293.TWO     鈊象電子         $    772.00  -0.39% 三線多頭
23:34:18  INFO             買入點：— 目前無買入信號  進場區：$693.5 ~ $707.5  止損：$679.0
23:34:18  INFO    [台] 00909.TW     國泰智能電動車ETF   $       nan   +nan% 多空分歧
23:34:18  INFO             買入點：— 目前無買入信號  進場區：$35.1 ~ $35.8  止損：$34.2
23:34:19  INFO    [台] 0056.TW      元大高股息        $       nan   +nan% 多空分歧
23:34:19  INFO             買入點：— 目前無買入信號  進場區：$36.9 ~ $37.6  止損：$35.9
23:34:20  INFO    [台] 6111.TWO     6111擎亞       $     44.00  +2.21% 多空分歧
23:34:20  INFO             買入點：🎯 一條件滿足 — 待確認  進場區：$39.7 ~ $40.5  止損：$38.7
23:34:21  INFO    [台] 00878.TW     國泰永續高股息      $       nan   +nan% 多空分歧
23:34:21  INFO             買入點：— 目前無買入信號  進場區：$21.7 ~ $22.1  止損：$21.1
23:34:22  INFO    [台] 3017.TW      奇鋐           $  2,230.00  +9.85% 三線多頭
23:34:22  INFO             買入點：— 目前無買入信號  進場區：$1,656.7 ~ $1,690.0  止損：$1,615.0
23:34:22  INFO    [台] 00713.TW     元大高息低波       $       nan   +nan% 三線多頭
23:34:22  INFO             買入點：— 目前無買入信號  進場區：$50.4 ~ $51.4  止損：$49.1
23:34:23  INFO    [台] 00919.TW     群益台灣精選高息     $       nan   +nan% 偏多
23:34:23  INFO             買入點：— 目前無買入信號  進場區：$21.9 ~ $22.3  止損：$21.3
23:34:24  INFO    [美] NVDA         NVIDIA       $    182.08  +2.23% 多空分歧
23:34:24  INFO             買入點：🎯 一條件滿足 — 待確認  進場區：$163.4 ~ $166.7  止損：$159.3
23:34:25  INFO    [美] GEV          GE Vernova   $    936.07  +2.78% 三線多頭
23:34:25  INFO             買入點：— 目前無買入信號  進場區：$793.7 ~ $809.6  止損：$778.2
23:34:26  INFO    [台] 2330.TW      台積電          $  1,950.00  +4.84% 偏多
23:34:26  INFO             買入點：🎯 一條件滿足 — 待確認  進場區：$1,746.9 ~ $1,782.0  止損：$1,707.2
23:34:27  INFO    [美] AMD          AMD          $    231.82  +4.64% 多空分歧
23:34:27  INFO             買入點：— 目前無買入信號  進場區：$184.7 ~ $188.4  止損：$186.5
23:34:27  INFO    [美] TSM          台積電ADR       $    365.90  +5.96% 三線多頭
23:34:27  INFO             買入點：🎯 一條件滿足 — 待確認  進場區：$312.2 ~ $318.5  止損：$304.4
23:34:28  INFO    [台] 2317.TW      鴻海           $    201.50  +4.95% 多空分歧
23:34:28  INFO             買入點：🎯 一條件滿足 — 待確認  進場區：$183.7 ~ $187.4  止損：$181.9
23:34:29  INFO    [台] 2530.TW      華建           $     23.95  -0.42% 三線空頭
23:34:29  INFO             買入點：🎯 一條件滿足 — 待確認  進場區：$23.1 ~ $23.6  止損：$22.6
23:34:30  INFO    [美] MU           美光           $    406.73  +7.72% 多空分歧
23:34:30  INFO             買入點：🎯 一條件滿足 — 待確認  進場區：$309.9 ~ $316.2  止損：$302.1
23:34:31  INFO    [美] LRCX         科林研發         $    246.49  +9.87% 三線多頭
23:34:31  INFO             買入點：🎯 一條件滿足 — 待確認  進場區：$197.6 ~ $201.6  止損：$192.6
23:34:32  INFO    [台] 00631L.TW    元大台灣50正2     $       nan   +nan% 多空分歧
23:34:32  INFO             買入點：— 目前無買入信號  進場區：$19.0 ~ $19.4  止損：$18.5
23:34:33  INFO    [台] 00910.TW     第一金太空衛星      $       nan   +nan% 三線多頭
23:34:33  INFO             買入點：— 目前無買入信號  進場區：$54.2 ~ $55.3  止損：$52.9
23:34:33  INFO    [台] 2308.TW      台達電          $  1,665.00  +9.90% 三線多頭
23:34:33  INFO             買入點：— 目前無買入信號  進場區：$1,268.6 ~ $1,294.1  止損：$1,236.8
23:34:37  INFO    ✅ 股票 20 筆
23:34:37  INFO  
③ 🌟  生活熱門趨勢
23:34:37  INFO    📊 Google Trends 台灣（生活/食衣住行）...
23:34:38  INFO    [食品飲料] 熱度:6 動能:-49% 最熱關鍵字：美食 ❄️
23:34:40  INFO    [服飾美妝] 熱度:33 動能:-10% 最熱關鍵字：穿搭 ❄️
23:34:43  INFO    [居家生活] 熱度:18 動能:-42% 最熱關鍵字：家具 ❄️
23:34:45  INFO    [娛樂3C] 熱度:34 動能:-13% 最熱關鍵字：手機 ❄️
23:34:48  INFO    [健康運動] 熱度:31 動能:-19% 最熱關鍵字：健身 ❄️
23:34:50  INFO    [旅遊交通] 熱度:19 動能:-22% 最熱關鍵字：機票 ❄️
23:34:52  INFO    💬 Dcard 熱門...
23:34:52  WARNING      ⚠️  www.dcard.tw → 403 Client Error: Forbidden for url: https://www.dcard.tw/f/trending
23:34:52  INFO    📋 PTT 熱門...
23:34:53  WARNING      ⚠️  www.ptt.cc → ('Connection aborted.', ConnectionResetError(104, 'Connection reset by peer'))
23:34:53  INFO    [PTT/Stock] [65] [情報] 以色列襲擊黎巴嫩後霍爾木茲海峽油輪通
23:34:53  INFO    [PTT/Stock] [32] [新聞] 伊朗嗆退出停火 荷莫茲海峽暫停通行
23:34:53  INFO    [PTT/Stock] [49] [新聞] 美國伊朗停火後　川普又喊「加徵50％關稅
23:34:54  INFO    [PTT/beauty] [1] [正妹] 米朵粒 神似多位短髮女星的廣告女主角
23:34:54  INFO    [PTT/beauty] [2] [正妹] 八蜜凛
23:34:54  INFO    [PTT/beauty] [1] [正妹] 蘇兒
23:34:54  INFO    [PTT/beauty] [23] [正妹] 銅鑼灣
23:34:54  INFO    [PTT/beauty] [11] [正妹] 髙野真央
23:34:56  INFO    [PTT/movie] [6] [討論] 麥可傑克森(Michael)最終預告片
23:34:56  INFO    [PTT/movie] [7] [新聞] 克里斯汀貝爾主演科學新娘！負評連連！好
23:34:56  INFO    [PTT/movie] [4] [新聞] 【抓馬戀人】台灣上映5天票房勇破千萬！
23:34:56  INFO    [PTT/movie] [2] [好雷] 抓馬戀人 女主角有夠可憐的吧
23:34:56  INFO    [PTT/movie] [] [新聞] 真人版《小美人魚》女星無畏「種族歧視」
23:34:57  INFO    [PTT/food] [] [食記] 伊娜飛魚餐廳 花蓮豐濱 飛魚卵香腸燻飛魚
23:34:57  INFO    [PTT/food] [5] [食記] 台北 祥星記一鴨三吃 好吃燒臘便當店
23:34:57  INFO    [PTT/food] [] [食記] 東京 居酒家 さいたどう燒鳥串燒 等很久
23:34:57  INFO    [PTT/food] [] [食記] 台北 士林區｜筠芝和牛本舖
23:34:57  INFO    [PTT/food] [] [食記] 吉隆坡 甲洞興記肉骨茶(分店)
23:34:57  INFO    📺 YouTube 台灣熱門...
23:34:57  INFO    🎵 TikTok...
23:34:59  INFO    [TikTok] #1 #livemonetization
23:34:59  INFO    🛍️  Shopee 台灣熱銷...
23:35:03  INFO    💬 Reddit 熱賣（本週）...
23:35:03  INFO    ✅ 生活趨勢完成
23:35:03  INFO  
④ 📰  消息面
23:35:03  INFO    [🇹🇼 台灣] 川普停火「連幕僚都猜錯」！穆吉塔巴「開綠燈」成關鍵
23:35:03  INFO    [🇹🇼 台灣] 不滿以色列狂轟　伊朗嗆退出停火協議、暫停荷莫茲通行
23:35:03  INFO    [🇹🇼 台灣] 鄭麗文赴中山陵11次提日本! 矢板明夫：台人最擔心的是眼前的中國| 政治
23:35:03  INFO    [🇹🇼 台灣] 謝步智觀點》重點在奪鈾不在救人! 美救第二飛行員行動的4大疑點| 國際
23:35:03  INFO    [🇹🇼 台灣] 伊朗忘了跟它說好? 阿曼稱將不對任何通過荷姆茲海峽的船隻收取通行費| 國際
23:35:03  INFO    [🇹🇼 台灣] 新店便當店疑食物中毒118人送醫 11人驗出沙門氏桿菌、業者移送北檢
23:35:04  INFO    [🇯🇵 日本] 重新關閉霍爾木茲海峽？伊朗媒體通報對以色列的抵制
23:35:05  INFO    [🇯🇵 日本] イスラエル、レバノンに大規模攻撃 ヒズボラは停戦合意に従い戦闘一時停止
23:35:05  INFO    [🇯🇵 日本] 停火協議後戰鬥仍在繼續 霍爾木茲海峽開放再次變得不確定 美伊和談11日開始
23:35:06  INFO    [🇯🇵 日本] 伊朗議會議長批評與美國的談判不合理並違反停火提案的三項條款
23:35:06  INFO    [🇯🇵 日本] 事故當天，那個對著便當盒說「好吧，好吧」的善良孩子在鷹架倒塌中喪生。
23:35:07  INFO    [🇯🇵 日本] 【爆料】霍爾木茲海峽與伊朗媒體“全面封鎖”
23:35:08  INFO    [🇰🇷 韓國] 一項非常不穩定的停火協議……美國和伊朗在細節上仍然存在著相互矛盾的說法
23:35:09  INFO    [🇰🇷 韓國] 【突發新聞】伊朗媒體《伊朗宣布通往霍爾木茲的替代路線》
23:35:10  INFO    [🇰🇷 韓國] 白宮：“霍爾木茲海峽重新封閉的說法並不真實……聯合徵收通行費是一個想法。”
23:35:10  INFO    [🇰🇷 韓國] 與韓國工會聯合會分開，與韓國工會聯合會分開......分包商工會允許“分裂談判”
23:35:14  INFO    [🇰🇷 韓國] 「帶傘」上班路上全國下雨...南海岸和濟州島雷電交加
23:35:15  INFO    [🇰🇷 韓國] “川普考慮從不與伊朗戰爭合作的北約成員國撤軍”
23:35:15  INFO    [🇺🇸 美國] President Trump’s ceasefire with Iran draws praise from world leaders
23:35:15  INFO    [🇺🇸 美國] Vance: Israel offered to restrain strikes in Lebanon during U.S.-Iran talks
23:35:15  INFO    [🇺🇸 美國] Oil industry pleads its Hormuz case with White House
23:35:15  INFO    [🇺🇸 美國] Pakistan Says Iran Confirms to Attend Talks With US in Islamabad
23:35:15  INFO    [🇺🇸 美國] Live Updates: Rex Heuermann Pleads Guilty to Gilgo Beach Serial Killings
23:35:15  INFO    [🇺🇸 美國] Democrats keep doing better in elections since Trump returned to office
23:35:30  INFO  
🖥️  產生 HTML 報告...
23:35:30  INFO  
✅  HTML：報告_20260408_2335.html
23:35:30  INFO  ✅  CSV：機會分析_20260408_2335.csv
23:35:30  INFO  📝  Log：logs/scan_20260408_233414.log
