17:52:20  INFO  ======================================================================
17:52:20  INFO  🔥  每日機會分析系統 v10
17:52:20  INFO  📅  2026-04-23 17:52
17:52:20  INFO  ======================================================================
17:52:20  INFO  
① 🌕  CRYPTO
17:52:21  ERROR    BTC-USD: float() argument must be a string or a real number, not 'Series'
17:52:21  ERROR    ETH-USD: float() argument must be a string or a real number, not 'Series'
17:52:22  ERROR    SOL-USD: float() argument must be a string or a real number, not 'Series'
17:52:23  ERROR    BNB-USD: float() argument must be a string or a real number, not 'Series'
17:52:24  ERROR    XRP-USD: float() argument must be a string or a real number, not 'Series'
17:52:24  INFO    ✅ Crypto 0 筆
17:52:24  INFO  
② 📈  股票
17:52:25  INFO    [台] 3293.TWO     鈊象電子         $       nan   +nan% 偏多
17:52:25  INFO             買入點：— 目前無買入信號  進場區：$727.3 ~ $742.0  止損：$709.1
17:52:25  INFO    [台] 00909.TW     國泰智能電動車ETF   $       nan   +nan% 多空分歧
17:52:25  INFO             買入點：— 目前無買入信號  進場區：$32.9 ~ $33.5  止損：$32.1
17:52:26  INFO    [台] 0056.TW      元大高股息        $       nan   +nan% 三線多頭
17:52:26  INFO             買入點：— 目前無買入信號  進場區：$36.9 ~ $37.6  止損：$35.9
17:52:27  INFO    [台] 6111.TWO     6111擎亞       $       nan   +nan% 多空分歧
17:52:27  INFO             買入點：— 目前無買入信號  進場區：$39.7 ~ $40.5  止損：$38.7
17:52:28  INFO    [台] 00878.TW     國泰永續高股息      $       nan   +nan% 三線多頭
17:52:28  INFO             買入點：— 目前無買入信號  進場區：$21.7 ~ $22.1  止損：$21.1
17:52:29  INFO    [台] 3017.TW      奇鋐           $       nan   +nan% 三線多頭
17:52:29  INFO             買入點：— 目前無買入信號  進場區：$1,935.3 ~ $1,974.2  止損：$1,886.6
17:52:30  INFO    [台] 00713.TW     元大高息低波       $       nan   +nan% 偏多
17:52:30  INFO             買入點：— 目前無買入信號  進場區：$50.4 ~ $51.4  止損：$49.1
17:52:30  INFO    [台] 00919.TW     群益台灣精選高息     $       nan   +nan% 三線多頭
17:52:30  INFO             買入點：— 目前無買入信號  進場區：$21.9 ~ $22.3  止損：$21.3
17:52:31  INFO    [美] NVDA         NVIDIA       $    197.52  -2.46% 多空分歧
17:52:31  INFO             買入點：— 目前無買入信號  進場區：$160.5 ~ $163.7  止損：$159.3
17:52:32  INFO    [美] GEV          GE Vernova   $  1,154.42  +2.38% 三線多頭
17:52:32  INFO             買入點：— 目前無買入信號  進場區：$783.7 ~ $799.4  止損：$782.8
17:52:33  INFO    [台] 2330.TW      台積電          $       nan   +nan% 偏多
17:52:33  INFO             買入點：— 目前無買入信號  進場區：$1,751.2 ~ $1,786.4  止損：$1,707.2
17:52:34  INFO    [美] AMD          AMD          $    300.14  -1.09% 三線多頭
17:52:34  INFO             買入點：— 目前無買入信號  進場區：$173.8 ~ $177.3  止損：$187.1
17:52:35  INFO    [美] TSM          台積電ADR       $    376.58  -2.80% 三線多頭
17:52:35  INFO             買入點：— 目前無買入信號  進場區：$312.2 ~ $318.5  止損：$304.4
17:52:36  INFO    [台] 2317.TW      鴻海           $       nan   +nan% 多空分歧
17:52:36  INFO             買入點：— 目前無買入信號  進場區：$186.6 ~ $190.3  止損：$181.9
17:52:37  INFO    [台] 2530.TW      華建           $       nan   +nan% 三線空頭
17:52:37  INFO             買入點：— 目前無買入信號  進場區：$21.5 ~ $22.0  止損：$21.0
17:52:38  INFO    [美] MU           美光           $    473.65  -2.84% 三線多頭
17:52:38  INFO             買入點：— 目前無買入信號  進場區：$309.8 ~ $316.0  止損：$302.1
17:52:38  INFO    [美] LRCX         科林研發         $    255.12  -3.93% 多空分歧
17:52:38  INFO             買入點：— 目前無買入信號  進場區：$193.3 ~ $197.2  止損：$192.6
17:52:39  INFO    [台] 00631L.TW    元大台灣50正2     $       nan   +nan% 多空分歧
17:52:39  INFO             買入點：— 目前無買入信號  進場區：$19.1 ~ $19.5  止損：$18.7
17:52:40  INFO    [台] 00910.TW     第一金太空衛星      $       nan   +nan% 三線多頭
17:52:40  INFO             買入點：— 目前無買入信號  進場區：$54.2 ~ $55.3  止損：$52.9
17:52:41  INFO    [台] 2308.TW      台達電          $       nan   +nan% 三線多頭
17:52:41  INFO             買入點：— 目前無買入信號  進場區：$1,358.2 ~ $1,385.5  止損：$1,324.0
17:52:44  INFO    ✅ 股票 20 筆
17:52:44  INFO  
③ 🌟  生活熱門趨勢
17:52:44  INFO    📊 Google Trends 台灣（生活/食衣住行）...
17:52:45  WARNING    [食品飲料] The request failed: Google returned a response with code 429
17:52:48  WARNING    [服飾美妝] The request failed: Google returned a response with code 429
17:52:51  WARNING    [居家生活] The request failed: Google returned a response with code 429
17:52:55  WARNING    [娛樂3C] The request failed: Google returned a response with code 429
17:52:58  WARNING    [健康運動] The request failed: Google returned a response with code 429
17:53:01  WARNING    [旅遊交通] The request failed: Google returned a response with code 429
17:53:04  INFO    💬 Dcard 熱門...
17:53:05  WARNING      ⚠️  www.dcard.tw → 403 Client Error: Forbidden for url: https://www.dcard.tw/f/trending
17:53:05  INFO    📋 PTT 熱門...
17:53:05  WARNING      ⚠️  www.ptt.cc → ('Connection aborted.', ConnectionResetError(104, 'Connection reset by peer'))
17:53:06  INFO    [PTT/Stock] [17] [新聞] 外傳拿下台北車站商場經營權 新光三越回
17:53:06  INFO    [PTT/Stock] [13] [新聞] 特斯拉：第三代人形機器人年中登場，三季
17:53:06  INFO    [PTT/Stock] [7] [新聞] 內捲新亂象！一單網購蛋糕揭中國食品黑產
17:53:06  INFO    [PTT/Stock] [7] [新聞]力積電攜手美光衝刺先進DRAM，1P製程拚
17:53:06  INFO    [PTT/Stock] [11] [新聞] 微軟(MSFT.US)推自願退休計劃 涉約7%美
17:53:07  INFO    [PTT/beauty] [27] [正妹] 韓國大肌肌 金賢姈
17:53:07  INFO    [PTT/beauty] [2] [正妹] 泡泡
17:53:07  INFO    [PTT/beauty] [] [正妹] 姚璟浩
17:53:07  INFO    [PTT/beauty] [2] [正妹] 陳明曦
17:53:08  INFO    [PTT/movie] [] [新聞]Netflix開拍真人版《鋼彈》！好萊塢最美胸
17:53:08  INFO    [PTT/movie] [] [新聞]前福斯高層認為休傑克曼《X戰警》是災難！
17:53:08  INFO    [PTT/movie] [4] [好雷] 0時盜數(Fuze) 非常有趣的反轉劇本
17:53:08  INFO    [PTT/movie] [] [新聞]《穿著PRADA的惡魔2》安海瑟薇前男友沒回
17:53:08  INFO    [PTT/movie] [] [新聞]《捍衛戰士》40 週年了！重返 IMAX、4DX
17:53:09  INFO    [PTT/food] [] [食記] 韓國首爾弘大花蟹世界
17:53:09  INFO    [PTT/food] [] [食記] 手打神代蕎麥 日本島根 三彩十割蕎麥麵
17:53:09  INFO    [PTT/food] [] [食記] 美國-華盛頓特區| Ben's Chili Bowl
17:53:09  INFO    [PTT/food] [] [食記] 茨城 四〇屋 水戶車站旁的必嘗痛風鍋
17:53:09  INFO    [PTT/food] [1] [食記]首爾明洞 庭院嫩豆腐鍋
17:53:09  INFO    📺 YouTube 台灣熱門...
17:53:10  INFO    🎵 TikTok...
17:53:11  INFO    [TikTok] #1 #golivegrowfast
17:53:11  INFO    🛍️  Shopee 台灣熱銷...
17:53:15  INFO    💬 Reddit 熱賣（本週）...
17:53:15  INFO    ✅ 生活趨勢完成
17:53:15  INFO  
④ 📰  消息面
17:53:16  INFO    [🇹🇼 台灣] 說好的下雨呢？ 最新雲圖曝鋒面位置 颱風論壇：降雨時程稍延
17:53:16  INFO    [🇹🇼 台灣] 紅綠燈倒數精準爆資安疑慮顧立雄下令禁用高德地圖：通令全體國軍遵循| 軍事 | 要聞
17:53:16  INFO    [🇹🇼 台灣] 中正一分局女警官產後身亡！姪女白沙屯媽祖進香祈福畫面曝感動網友| 社會
17:53:16  INFO    [🇹🇼 台灣] 賴總統專機遭撤飛航許可 美國務院：這些國家在中國要求下行事
17:53:16  INFO    [🇹🇼 台灣] 歹徒仍在逃！台南女學生放學遭隨機擄人「全身傷勢曝光」　她機警拍下嫌犯背影照
17:53:16  INFO    [🇹🇼 台灣] 馬鈴薯發芽不代表就有龍葵鹼？農業部次長：日本根本就不檢查
17:53:17  INFO    [🇯🇵 日本] 米、ホルムズ海峡「完全掌握」 トランプ氏主張
17:53:17  INFO    [🇯🇵 日本] 三國取消台灣總統專機飛行許可 日本政府密切關注「飛行自由」影響...中方讚揚回應
17:53:18  INFO    [🇯🇵 日本] <突發新聞>2020年全國學業成績考試期末考題及正確答案舉例
17:53:20  INFO    [🇯🇵 日本] 下一任聯合國秘書長將關注川普政府的意圖並對永續發展目標持負面態度
17:53:21  INFO    [🇯🇵 日本] 美國總統稱不會限制延長停火，不考慮11月中期選舉－伊朗要求解除海上封鎖
17:53:22  INFO    [🇯🇵 日本] 大槌森林火災開設新疏散中心
17:53:24  INFO    [🇰🇷 韓國] 川普下令擊斃所有在霍爾木茲佈設水雷的船隻
17:53:24  INFO    [🇰🇷 韓國] 桂陽「李的親密夥伴」金南俊...延壽甲宋英吉的策略提名
17:53:26  INFO    [🇰🇷 韓國] CNN：“與川普的分裂主張相反，伊朗在戰時加強了團結”
17:53:27  INFO    [🇰🇷 韓國] 不參加大邱市長選舉的朱浩英表示：“張東赫，希望你知道什麼時候下台。”
17:53:29  INFO    [🇰🇷 韓國] 美軍再次扣押載有伊朗原油的油輪…在從印度洋到中國的途中
17:53:29  INFO    [🇰🇷 韓國] 韓越高科技產業供應鏈合作...簽署核電廠等73份諒解備忘錄
17:53:30  INFO    [🇺🇸 美國] Senate Adopts GOP Budget, Laying the Groundwork to Fund ICE and Reopen DHS
17:53:30  INFO    [🇺🇸 美國] Trump orders Navy to 'shoot and kill any boat' laying mines in Hormuz Strait
17:53:30  INFO    [🇺🇸 美國] Trump administration moves to ease federal restrictions on marijuana
17:53:30  INFO    [🇺🇸 美國] Rivals Target Steyer, Becerra in Debate as California Governor Race Tightens
17:53:30  INFO    [🇺🇸 美國] Live Updates: Iran touts video of Strait of Hormuz cargo ship seizures as Trump keeps quiet on next move
17:53:30  INFO    [🇺🇸 美國] A New Era and New Leadership: The Generals Who Are Running Iran
17:53:44  INFO  
🖥️  產生 HTML 報告...
17:53:44  INFO  
✅  HTML：報告_20260423_1753.html
17:53:44  INFO  ✅  CSV：機會分析_20260423_1753.csv
17:53:44  INFO  📝  Log：logs/scan_20260423_175220.log
