23:29:39  INFO  ======================================================================
23:29:39  INFO  🔥  每日機會分析系統 v10
23:29:39  INFO  📅  2026-04-05 23:29
23:29:39  INFO  ======================================================================
23:29:39  INFO  
① 🌕  CRYPTO
23:29:39  ERROR    BTC-USD: float() argument must be a string or a real number, not 'Series'
23:29:40  ERROR    ETH-USD: float() argument must be a string or a real number, not 'Series'
23:29:40  ERROR    SOL-USD: float() argument must be a string or a real number, not 'Series'
23:29:41  ERROR    BNB-USD: float() argument must be a string or a real number, not 'Series'
23:29:41  ERROR    XRP-USD: float() argument must be a string or a real number, not 'Series'
23:29:42  INFO    ✅ Crypto 0 筆
23:29:42  INFO  
② 📈  股票
23:29:42  INFO    [台] 3293.TWO     鈊象電子         $    755.00  -1.56% 多空分歧
23:29:42  INFO             買入點：— 目前無買入信號  進場區：$676.6 ~ $690.2  止損：$659.6
23:29:43  INFO    [台] 00909.TW     國泰智能電動車ETF   $     35.99  -1.83% 三線空頭
23:29:43  INFO             買入點：🎯 一條件滿足 — 待確認  進場區：$35.1 ~ $35.8  止損：$34.2
23:29:44  INFO    [台] 0056.TW      元大高股息        $     37.82  -0.76% 多空分歧
23:29:44  INFO             買入點：🎯 一條件滿足 — 待確認  進場區：$36.3 ~ $37.0  止損：$35.4
23:29:45  INFO    [台] 6111.TWO     6111擎亞       $     43.00  +1.65% 偏空
23:29:45  INFO             買入點：🎯 一條件滿足 — 待確認  進場區：$39.7 ~ $40.5  止損：$38.7
23:29:45  INFO    [台] 00878.TW     國泰永續高股息      $     22.03  -1.21% 多空分歧
23:29:45  INFO             買入點：🎯 一條件滿足 — 待確認  進場區：$21.2 ~ $21.6  止損：$20.6
23:29:46  INFO    [台] 3017.TW      奇鋐           $  2,070.00  -1.90% 多空分歧
23:29:46  INFO             買入點：— 目前無買入信號  進場區：$1,637.0 ~ $1,669.9  止損：$1,615.0
23:29:47  INFO    [台] 00713.TW     元大高息低波       $     51.35  -0.29% 多空分歧
23:29:47  INFO             買入點：🎯 一條件滿足 — 待確認  進場區：$49.8 ~ $50.8  止損：$48.6
23:29:48  INFO    [台] 00919.TW     群益台灣精選高息     $     22.30  -0.89% 多空分歧
23:29:48  INFO             買入點：🎯 一條件滿足 — 待確認  進場區：$21.7 ~ $22.2  止損：$21.2
23:29:49  INFO    [美] NVDA         NVIDIA       $    177.39  +0.93% 多空分歧
23:29:49  INFO             買入點：🎯 一條件滿足 — 待確認  進場區：$163.4 ~ $166.7  止損：$159.3
23:29:49  INFO    [美] GEV          GE Vernova   $    898.57  +0.42% 三線多頭
23:29:49  INFO             買入點：— 目前無買入信號  進場區：$772.6 ~ $788.2  止損：$753.2
23:29:50  INFO    [台] 2330.TW      台積電          $  1,810.00  -2.43% 多空分歧
23:29:50  INFO             買入點：🎯 一條件滿足 — 待確認  進場區：$1,750.5 ~ $1,785.7  止損：$1,707.2
23:29:51  INFO    [美] AMD          AMD          $    217.50  +3.47% 多空分歧
23:29:51  INFO             買入點：— 目前無買入信號  進場區：$187.6 ~ $191.4  止損：$183.3
23:29:52  INFO    [美] TSM          台積電ADR       $    339.04  -0.72% 多空分歧
23:29:52  INFO             買入點：🎯 一條件滿足 — 待確認  進場區：$312.2 ~ $318.5  止損：$304.4
23:29:53  INFO    [台] 2317.TW      鴻海           $    193.00  -2.03% 三線空頭
23:29:53  INFO             買入點：🎯 一條件滿足 — 待確認  進場區：$184.3 ~ $188.0  止損：$181.9
23:29:54  INFO    [台] 2530.TW      華建           $     24.05  -3.41% 三線空頭
23:29:54  INFO             買入點：🎯 一條件滿足 — 待確認  進場區：$23.8 ~ $24.3  止損：$23.2
23:29:54  INFO    [美] MU           美光           $    366.24  -0.44% 多空分歧
23:29:54  INFO             買入點：🎯 一條件滿足 — 待確認  進場區：$309.9 ~ $316.2  止損：$302.1
23:29:55  INFO    [美] LRCX         科林研發         $    218.44  -1.61% 三線多頭
23:29:55  INFO             買入點：🎯 一條件滿足 — 待確認  進場區：$193.1 ~ $197.0  止損：$188.3
23:29:56  INFO    [台] 00631L.TW    元大台灣50正2     $     20.00  -4.76% 偏空
23:29:56  INFO             買入點：🎯 一條件滿足 — 待確認  進場區：$-191.0 ~ $-194.8  止損：$18.5
23:29:57  INFO    [台] 00910.TW     第一金太空衛星      $     58.20  +1.31% 多空分歧
23:29:57  INFO             買入點：— 目前無買入信號  進場區：$52.1 ~ $53.1  止損：$50.8
23:29:58  INFO    [台] 2308.TW      台達電          $  1,430.00  -3.05% 多空分歧
23:29:58  INFO             買入點：🎯 一條件滿足 — 待確認  進場區：$1,189.0 ~ $1,212.9  止損：$1,159.1
23:30:00  INFO    ✅ 股票 20 筆
23:30:00  INFO  
③ 🌟  生活熱門趨勢
23:30:00  INFO    📊 Google Trends 台灣（生活/食衣住行）...
23:30:01  INFO    [食品飲料] 熱度:7 動能:-45% 最熱關鍵字：美食 ❄️
23:30:04  INFO    [服飾美妝] 熱度:28 動能:-21% 最熱關鍵字：穿搭 ❄️
23:30:07  INFO    [居家生活] 熱度:26 動能:-16% 最熱關鍵字：家具 ❄️
23:30:10  INFO    [娛樂3C] 熱度:38 動能:-4% 最熱關鍵字：手機 ❄️
23:30:12  INFO    [健康運動] 熱度:21 動能:-17% 最熱關鍵字：健身 ❄️
23:30:15  INFO    [旅遊交通] 熱度:24 動能:-9% 最熱關鍵字：機票 ❄️
23:30:17  INFO    💬 Dcard 熱門...
23:30:17  WARNING      ⚠️  www.dcard.tw → 403 Client Error: Forbidden for url: https://www.dcard.tw/f/trending
23:30:17  INFO    📋 PTT 熱門...
23:30:18  WARNING      ⚠️  www.ptt.cc → ('Connection aborted.', ConnectionResetError(104, 'Connection reset by peer'))
23:30:18  INFO    [PTT/Stock] [爆] [情報] 川普：快打開他媽的霍爾木茲海峽
23:30:18  INFO    [PTT/Stock] [43] [新聞] 伊朗局部解封荷莫茲海峽 允許基本物資船
23:30:18  INFO    [PTT/Stock] [44] [新聞] 大陸「天龍三號」運載火箭發射再次失敗
23:30:18  INFO    [PTT/Stock] [23] [新聞] 中東有事、土耳其有事？兩週狂拋118噸黃
23:30:19  INFO    [PTT/beauty] [] [正妹] Cosplay 2672 日本 奇樹
23:30:19  INFO    [PTT/beauty] [3] [正妹] 水原 KT 代班啦啦隊
23:30:19  INFO    [PTT/beauty] [3] [正妹] 韓國啦啦隊 調電風扇
23:30:19  INFO    [PTT/beauty] [5] [正妹] Korea Tattoo
23:30:19  INFO    [PTT/beauty] [3] [正妹] 頌樂
23:30:20  INFO    [PTT/movie] [4] [好雷] 秒速五公分 導演特別映像版
23:30:20  INFO    [PTT/movie] [3] [問片] 想問一部驅魔電影
23:30:20  INFO    [PTT/movie] [2] [好無雷] 《搖曳露營劇場版》
23:30:20  INFO    [PTT/movie] [] [鳥雷] 歌劇魅影
23:30:20  INFO    [PTT/movie] [1] [情報] 《Killhouse》烏克蘭現代戰爭電影預告
23:30:21  INFO    [PTT/food] [] [轉讓] （已轉讓）NAGOMI ( 新光A8店）4/5 晚餐
23:30:21  INFO    [PTT/food] [] [食記] Proi Kitchen 台中超大份量的澳式早午餐
23:30:21  INFO    [PTT/food] [] [食記] Bogart's Smokehouse 台北南港 煙燻牛胸
23:30:21  INFO    [PTT/food] [] [食記] 台北 鮨岡心二訪
23:30:21  INFO    [PTT/food] [] [食記] 新北 猴硐貓村 Murmur Land
23:30:22  INFO    📺 YouTube 台灣熱門...
23:30:22  INFO    🎵 TikTok...
23:30:23  INFO    [TikTok] #1 #semanasanta
23:30:23  INFO    🛍️  Shopee 台灣熱銷...
23:30:26  INFO    💬 Reddit 熱賣（本週）...
23:30:26  INFO    ✅ 生活趨勢完成
23:30:26  INFO  
④ 📰  消息面
23:30:26  INFO    [🇹🇼 台灣] 美軍F-15E失事飛官從伊朗境內成功救出川普：絕不丟下任何一位戰士| 國際
23:30:26  INFO    [🇹🇼 台灣] 高雄久旱下大雷雨 重啟越域引水至南化水庫
23:30:26  INFO    [🇹🇼 台灣] 川普稱大規模攻擊德黑蘭 多名伊朗軍方領導人喪命[影]
23:30:26  INFO    [🇹🇼 台灣] 瀋陽爆砍人事件 傳6死10餘傷 1人被砍頭
23:30:26  INFO    [🇹🇼 台灣] 鄭麗文訪中來回搭中籍航空 范雲發文批：自登機就被鎖進「一中枷鎖」
23:30:26  INFO    [🇹🇼 台灣] 盧比歐撤蘇萊曼尼姪女綠卡啟動遣返劍指親伊朗勢力滲透| 國際
23:30:29  INFO    [🇯🇵 日本] 川普威脅稱，如果海峽在7日之前關閉，他將攻擊伊朗，但他也表示“可能會在6日之前達成協議”
23:30:30  INFO    [🇯🇵 日本] 美軍飛機機組人員救援是一場「兩天生死戰」…他們逃脫了伊朗軍方的追擊，爬上了海拔約2100公尺的山脊
23:30:32  INFO    [🇯🇵 日本] 一名 11 歲男孩失踪兩週後，由於缺乏安全攝像頭，搜尋工作十分困難……京都府警察部署了 600 名人員（讀賣新聞在線）
23:30:34  INFO    [🇯🇵 日本] 真相/實地消息：記者被迫離開 第一次來大阪時所面臨的特區私人住宿的不合理
23:30:35  INFO    [🇯🇵 日本] 再審制度檢討：「這不是左右的問題」眾議員柴山正彥
23:30:36  INFO    [🇯🇵 日本] 名古屋市東區兩處發生致命搶劫案。四名年輕嫌犯正在逃亡，疑似攜帶刀具或電擊槍。
23:30:38  INFO    [🇰🇷 韓國] 川普將伊朗協議期限延長一天…“直到7日晚上”
23:30:38  INFO    [🇰🇷 韓國] 36小時奮戰...又一位美國「大兵瑞恩」獲救
23:30:39  INFO    [🇰🇷 韓國] 伊朗威脅封鎖紅海…“美國給了我們‘大規模混亂的武器’”
23:30:39  INFO    [🇰🇷 韓國] [獨家]李總統：“向伊朗提供人道主義援助，並考慮如何拆除船隻。”
23:30:40  INFO    [🇰🇷 韓國] 張東赫：“日本船從霍爾木茲駛出，我們陷入困境……李總統，我們能做什麼？”
23:30:40  INFO    [🇰🇷 韓國] 「有人幫我說服這個瘋子」…伊朗核電廠第四次遭遇攻擊
23:30:41  INFO    [🇺🇸 美國] Trump issues expletive-laden threat to Iran over Hormuz Strait blockage
23:30:41  INFO    [🇺🇸 美國] U.S. rescues missing airman from Iranian mountains after fighter jet was shot down
23:30:41  INFO    [🇺🇸 美國] Pope calls for peace, Trump vows hell for Iran on Easter
23:30:41  INFO    [🇺🇸 美國] In Lebanon, more than 50 medics have been killed by Israel. Some say they're targeted
23:30:41  INFO    [🇺🇸 美國] 2 Republican election officials say Trump’s mail-in voting order will be overturned
23:30:41  INFO    [🇺🇸 美國] Artemis II crew capture new photo of far side of the moon
23:30:53  INFO  
🖥️  產生 HTML 報告...
23:30:53  INFO  
✅  HTML：報告_20260405_2330.html
23:30:53  INFO  ✅  CSV：機會分析_20260405_2330.csv
23:30:53  INFO  📝  Log：logs/scan_20260405_232939.log
