17:02:00  INFO  ======================================================================
17:02:00  INFO  🔥  每日機會分析系統 v10
17:02:00  INFO  📅  2026-04-03 17:02
17:02:00  INFO  ======================================================================
17:02:00  INFO  
① 🌕  CRYPTO
17:02:00  ERROR    BTC-USD: float() argument must be a string or a real number, not 'Series'
17:02:01  ERROR    ETH-USD: float() argument must be a string or a real number, not 'Series'
17:02:02  ERROR    SOL-USD: float() argument must be a string or a real number, not 'Series'
17:02:02  ERROR    BNB-USD: float() argument must be a string or a real number, not 'Series'
17:02:03  ERROR    XRP-USD: float() argument must be a string or a real number, not 'Series'
17:02:03  INFO    ✅ Crypto 0 筆
17:02:03  INFO  
② 📈  股票
17:02:04  INFO    [台] 3293.TWO     鈊象電子         $    755.00  -1.56% 多空分歧
17:02:04  INFO             買入點：— 目前無買入信號  進場區：$676.6 ~ $690.2  止損：$659.6
17:02:05  INFO    [台] 00909.TW     國泰智能電動車ETF   $     35.99  -1.83% 三線空頭
17:02:05  INFO             買入點：🎯 一條件滿足 — 待確認  進場區：$35.1 ~ $35.8  止損：$34.2
17:02:06  INFO    [台] 0056.TW      元大高股息        $     37.82  -0.76% 多空分歧
17:02:06  INFO             買入點：🎯 一條件滿足 — 待確認  進場區：$36.3 ~ $37.0  止損：$35.4
17:02:08  INFO    [台] 6111.TWO     6111擎亞       $     43.00  +1.65% 偏空
17:02:08  INFO             買入點：🎯 一條件滿足 — 待確認  進場區：$39.7 ~ $40.5  止損：$38.7
17:02:09  INFO    [台] 00878.TW     國泰永續高股息      $     22.03  -1.21% 多空分歧
17:02:09  INFO             買入點：🎯 一條件滿足 — 待確認  進場區：$21.2 ~ $21.6  止損：$20.6
17:02:10  INFO    [台] 3017.TW      奇鋐           $  2,070.00  -1.90% 多空分歧
17:02:10  INFO             買入點：— 目前無買入信號  進場區：$1,637.0 ~ $1,669.9  止損：$1,615.0
17:02:11  INFO    [台] 00713.TW     元大高息低波       $     51.35  -0.29% 多空分歧
17:02:11  INFO             買入點：🎯 一條件滿足 — 待確認  進場區：$49.8 ~ $50.8  止損：$48.6
17:02:12  INFO    [台] 00919.TW     群益台灣精選高息     $     22.30  -0.89% 多空分歧
17:02:12  INFO             買入點：🎯 一條件滿足 — 待確認  進場區：$21.7 ~ $22.2  止損：$21.2
17:02:13  INFO    [美] NVDA         NVIDIA       $    177.39  +0.93% 多空分歧
17:02:13  INFO             買入點：🎯 一條件滿足 — 待確認  進場區：$163.4 ~ $166.7  止損：$159.3
17:02:14  INFO    [美] GEV          GE Vernova   $    898.57  +0.42% 三線多頭
17:02:14  INFO             買入點：— 目前無買入信號  進場區：$772.6 ~ $788.2  止損：$753.2
17:02:14  INFO    [台] 2330.TW      台積電          $  1,810.00  -2.43% 多空分歧
17:02:14  INFO             買入點：🎯 一條件滿足 — 待確認  進場區：$1,750.5 ~ $1,785.7  止損：$1,707.2
17:02:15  INFO    [美] AMD          AMD          $    217.50  +3.47% 多空分歧
17:02:15  INFO             買入點：— 目前無買入信號  進場區：$187.6 ~ $191.4  止損：$183.3
17:02:16  INFO    [美] TSM          台積電ADR       $    339.04  -0.72% 多空分歧
17:02:16  INFO             買入點：🎯 一條件滿足 — 待確認  進場區：$312.2 ~ $318.5  止損：$304.4
17:02:17  INFO    [台] 2317.TW      鴻海           $    193.00  -2.03% 三線空頭
17:02:17  INFO             買入點：🎯 一條件滿足 — 待確認  進場區：$184.3 ~ $188.0  止損：$181.9
17:02:18  INFO    [台] 2530.TW      華建           $     24.05  -3.41% 三線空頭
17:02:18  INFO             買入點：🎯 一條件滿足 — 待確認  進場區：$23.8 ~ $24.3  止損：$23.2
17:02:19  INFO    [美] MU           美光           $    366.24  -0.44% 多空分歧
17:02:19  INFO             買入點：🎯 一條件滿足 — 待確認  進場區：$309.9 ~ $316.2  止損：$302.1
17:02:20  INFO    [美] LRCX         科林研發         $    218.44  -1.61% 三線多頭
17:02:20  INFO             買入點：🎯 一條件滿足 — 待確認  進場區：$193.1 ~ $197.0  止損：$188.3
17:02:21  INFO    [台] 00631L.TW    元大台灣50正2     $     20.00  -4.76% 偏空
17:02:21  INFO             買入點：🎯 一條件滿足 — 待確認  進場區：$-191.0 ~ $-194.8  止損：$18.5
17:02:22  INFO    [台] 00910.TW     第一金太空衛星      $     58.20  +1.31% 多空分歧
17:02:22  INFO             買入點：— 目前無買入信號  進場區：$52.1 ~ $53.1  止損：$50.8
17:02:23  INFO    [台] 2308.TW      台達電          $  1,430.00  -3.05% 多空分歧
17:02:23  INFO             買入點：🎯 一條件滿足 — 待確認  進場區：$1,189.0 ~ $1,212.9  止損：$1,159.1
17:02:25  INFO    ✅ 股票 20 筆
17:02:25  INFO  
③ 🌟  生活熱門趨勢
17:02:25  INFO    📊 Google Trends 台灣（生活/食衣住行）...
17:02:26  WARNING    [食品飲料] The request failed: Google returned a response with code 429
17:02:29  WARNING    [服飾美妝] The request failed: Google returned a response with code 429
17:02:33  INFO    [居家生活] 熱度:30 動能:+4% 最熱關鍵字：家具 🔥
17:02:35  INFO    [娛樂3C] 熱度:44 動能:+8% 最熱關鍵字：手機 🔥🔥
17:02:38  INFO    [健康運動] 熱度:26 動能:-6% 最熱關鍵字：健身 ❄️
17:02:40  WARNING    [旅遊交通] The request failed: Google returned a response with code 429
17:02:43  INFO    💬 Dcard 熱門...
17:02:44  WARNING      ⚠️  www.dcard.tw → 403 Client Error: Forbidden for url: https://www.dcard.tw/f/trending
17:02:44  INFO    📋 PTT 熱門...
17:02:44  WARNING      ⚠️  www.ptt.cc → ('Connection aborted.', ConnectionResetError(104, 'Connection reset by peer'))
17:02:45  INFO    [PTT/Stock] [62] [新聞] 荷姆茲海峽航運陷緊張 印尼與伊朗談判確保
17:02:45  INFO    [PTT/Stock] [8] Re: [心得] 台指期貨操作的勸世文
17:02:45  INFO    [PTT/Stock] [57] Re: [新聞] 伊朗允菲律賓船隻安全通行霍爾木茲海峽
17:02:45  INFO    [PTT/Stock] [3] [標的] 8038 長園科 該出脫嗎？
17:02:45  INFO    [PTT/Stock] [60] [新聞] 傳黑鷹直升機深入伊朗搜救F-15E飛行員
17:02:46  INFO    [PTT/beauty] [20] [正妹] 禹洙漢
17:02:46  INFO    [PTT/beauty] [] [正妹] 萱萱
17:02:46  INFO    [PTT/beauty] [4] [正妹] 許芸
17:02:46  INFO    [PTT/beauty] [1] [正妹] 薇薇
17:02:46  INFO    [PTT/beauty] [] [正妹] 吳瑞律
17:02:47  INFO    [PTT/movie] [1] [新聞] 《超級瑪利歐銀河電影版》大賣！33年前真人版黑歷史　主演
17:02:47  INFO    [PTT/movie] [20] [新聞] 亨利卡維爾很想出演《007》中的反派角色
17:02:47  INFO    [PTT/movie] [2] [情報] 王者天下5 宮女兩人卡司公開
17:02:47  INFO    [PTT/movie] [5] [無雷] 超級瑪利歐銀河
17:02:47  INFO    [PTT/movie] [2] [684雷] 實尾島風雲（韓國電影，2003年）
17:02:48  INFO    [PTT/food] [] [食記] Onigiri Takeya 日本福島 平價又好吃飯糰
17:02:48  INFO    [PTT/food] [] [食記] 桃園市八德區。桃鶯生炒羊肉
17:02:48  INFO    [PTT/food] [] [食記] 新北蘆洲 Yoooi Yakiniku有壹燒肉
17:02:48  INFO    [PTT/food] [] [食記] 磐石坊 台北大安 椰香微辣巴東牛肉薑黃飯
17:02:48  INFO    📺 YouTube 台灣熱門...
17:02:49  INFO    🎵 TikTok...
17:02:50  INFO    [TikTok] #1 #aprilfools
17:02:50  INFO    🛍️  Shopee 台灣熱銷...
17:02:56  INFO    💬 Reddit 熱賣（本週）...
17:02:56  INFO    ✅ 生活趨勢完成
17:02:56  INFO  
④ 📰  消息面
17:02:57  INFO    [🇹🇼 台灣] 立委當不好又被說是「抓耙仔」？傳民眾黨下週開鍘 李貞秀臉書發聲
17:02:57  INFO    [🇹🇼 台灣] 抓到了？陳佩琪發文抱怨北檢 一句「我們的錢」驚露餡
17:02:57  INFO    [🇹🇼 台灣] 雲雨帶通過中…重頭戲是「明天凌晨」鋒面主體報到 不排除全台大雷雨
17:02:57  INFO    [🇹🇼 台灣] 美伊終戰倒數炸一波大的？學者解讀川普勝利宣言「台灣警示」：說給這群人聽的 | 李瑋萱 | 新聞
17:02:57  INFO    [🇹🇼 台灣] 傳黑鷹直升機深入伊朗搜救F-15E飛行員 遭防空系統擊落畫面曝
17:02:57  INFO    [🇹🇼 台灣] 白沙屯進香突變「3尊媽祖同行」內幕曝光！拱天宮幹事喊「山邊媽不知珍惜」信眾炸鍋
17:03:01  INFO    [🇯🇵 日本] 穿越霍爾木茲海峽，各國自行行動，部分「友好國家」獲得優惠【美以襲擊伊朗、伊朗局勢】
17:03:03  INFO    [🇯🇵 日本] 美國戰鬥機在伊朗上空被擊落，這是對伊朗發動攻擊以來的首次
17:03:06  INFO    [🇯🇵 日本] 大阪維新期間提出了將大阪府議會數量從79個減少到29個、減少50個的提案，並將在明年春天的統一選舉中公開承諾。
17:03:06  INFO    [🇯🇵 日本] 【突發新聞】京都府南丹市失蹤男童家長說明會即將舉行 同學監護人“很慢”
17:03:09  INFO    [🇯🇵 日本] 為什麼來廣島原子彈博物館？外國遊客的感受和言論
17:03:10  INFO    [🇯🇵 日本] 澀谷十字路口發生液體篝火，無人受傷，男子自首 - 警視廳
17:03:12  INFO    [🇰🇷 韓國] 川普：“不久之後，我們將打開霍爾木茲海峽並接管石油……我們會賺很多錢。”
17:03:13  INFO    [🇰🇷 韓國] 日本和法國船隻相繼通過霍爾木茲海峽…這是與伊朗交戰後的第一次
17:03:13  INFO    [🇰🇷 韓國] 李真淑暗示將以無黨派人士身份競選大邱市長……“我將通過公民競賽選出。”
17:03:14  INFO    [🇰🇷 韓國] 馬克宏：“法國比美國更容易預測” 金正恩總理：“我們合作克服不確定性”
17:03:16  INFO    [🇰🇷 韓國] 民主黨48%，國家力量黨18%……李明博政府上台以來的最大差距。
17:03:18  INFO    [🇰🇷 韓國] 涉嫌安撫李華英言論的樸尚龍拒絕作為國家證人宣誓…“違憲且非法程序”
17:03:19  INFO    [🇺🇸 美國] Live Updates: U.S. fighter jet downed over Iran, 1 crew member rescued by American forces
17:03:19  INFO    [🇺🇸 美國] Trump threatens to break NATO's promise over Iran war
17:03:19  INFO    [🇺🇸 美國] Trump asks Congress to supersize military budget, slash domestic programs
17:03:19  INFO    [🇺🇸 美國] Who is Christopher LaNeve, set to lead the US Army?
17:03:19  INFO    [🇺🇸 美國] Pam Bondi Wanted a Graceful Exit. But Trump Wanted Her Gone.
17:03:19  INFO    [🇺🇸 美國] US intelligence said to assess around half of Iran’s missile launchers still intact
17:03:34  INFO  
🖥️  產生 HTML 報告...
17:03:34  INFO  
✅  HTML：報告_20260403_1703.html
17:03:34  INFO  ✅  CSV：機會分析_20260403_1703.csv
17:03:34  INFO  📝  Log：logs/scan_20260403_170200.log
