09:50:32  INFO  ======================================================================
09:50:32  INFO  🔥  每日機會分析系統 v10
09:50:32  INFO  📅  2026-04-12 09:50
09:50:32  INFO  ======================================================================
09:50:32  INFO  
① 🌕  CRYPTO
09:50:32  ERROR    BTC-USD: float() argument must be a string or a real number, not 'Series'
09:50:33  ERROR    ETH-USD: float() argument must be a string or a real number, not 'Series'
09:50:33  ERROR    SOL-USD: float() argument must be a string or a real number, not 'Series'
09:50:34  ERROR    BNB-USD: float() argument must be a string or a real number, not 'Series'
09:50:34  ERROR    XRP-USD: float() argument must be a string or a real number, not 'Series'
09:50:35  INFO    ✅ Crypto 0 筆
09:50:35  INFO  
② 📈  股票
09:50:35  INFO    [台] 3293.TWO     鈊象電子         $    769.00  +0.65% 偏多
09:50:35  INFO             買入點：— 目前無買入信號  進場區：$704.4 ~ $718.5  止損：$691.6
09:50:36  INFO    [台] 00909.TW     國泰智能電動車ETF   $     39.99  +0.88% 多空分歧
09:50:36  INFO             買入點：🎯 一條件滿足 — 待確認  進場區：$35.1 ~ $35.8  止損：$34.2
09:50:37  INFO    [台] 0056.TW      元大高股息        $     39.41  +0.84% 偏多
09:50:37  INFO             買入點：🎯 一條件滿足 — 待確認  進場區：$36.9 ~ $37.6  止損：$35.9
09:50:38  INFO    [台] 6111.TWO     6111擎亞       $     44.05  +0.92% 多空分歧
09:50:38  INFO             買入點：🎯 一條件滿足 — 待確認  進場區：$39.7 ~ $40.5  止損：$38.7
09:50:38  INFO    [台] 00878.TW     國泰永續高股息      $     23.02  +0.52% 偏多
09:50:38  INFO             買入點：— 目前無買入信號  進場區：$21.7 ~ $22.1  止損：$21.1
09:50:39  INFO    [台] 3017.TW      奇鋐           $  2,265.00  +1.34% 三線多頭
09:50:39  INFO             買入點：— 目前無買入信號  進場區：$1,752.3 ~ $1,787.5  止損：$1,760.5
09:50:40  INFO    [台] 00713.TW     元大高息低波       $     52.50  +0.19% 三線多頭
09:50:40  INFO             買入點：— 目前無買入信號  進場區：$50.4 ~ $51.4  止損：$49.1
09:50:41  INFO    [台] 00919.TW     群益台灣精選高息     $     22.93  +0.31% 偏多
09:50:41  INFO             買入點：🎯 一條件滿足 — 待確認  進場區：$21.9 ~ $22.3  止損：$21.3
09:50:41  INFO    [美] NVDA         NVIDIA       $    188.63  +2.57% 多空分歧
09:50:41  INFO             買入點：— 目前無買入信號  進場區：$163.4 ~ $166.7  止損：$159.3
09:50:42  INFO    [美] GEV          GE Vernova   $    991.32  +2.41% 三線多頭
09:50:42  INFO             買入點：— 目前無買入信號  進場區：$785.1 ~ $800.9  止損：$778.2
09:50:43  INFO    [台] 2330.TW      台積電          $  2,000.00  +2.30% 三線多頭
09:50:43  INFO             買入點：— 目前無買入信號  進場區：$1,730.2 ~ $1,765.0  止損：$1,707.2
09:50:44  INFO    [美] AMD          AMD          $    245.04  +3.55% 多空分歧
09:50:44  INFO             買入點：— 目前無買入信號  進場區：$180.2 ~ $183.9  止損：$186.5
09:50:45  INFO    [美] TSM          台積電ADR       $    370.60  +1.40% 三線多頭
09:50:45  INFO             買入點：— 目前無買入信號  進場區：$312.2 ~ $318.5  止損：$304.4
09:50:46  INFO    [台] 2317.TW      鴻海           $    200.50  +0.25% 多空分歧
09:50:46  INFO             買入點：🎯 一條件滿足 — 待確認  進場區：$184.3 ~ $188.0  止損：$181.9
09:50:46  INFO    [台] 2530.TW      華建           $     23.25  -1.27% 三線空頭
09:50:46  INFO             買入點：🎯 一條件滿足 — 待確認  進場區：$22.9 ~ $23.3  止損：$22.3
09:50:47  INFO    [美] MU           美光           $    420.59  -0.22% 多空分歧
09:50:47  INFO             買入點：— 目前無買入信號  進場區：$309.9 ~ $316.2  止損：$302.1
09:50:48  INFO    [美] LRCX         科林研發         $    263.66  +1.89% 三線多頭
09:50:48  INFO             買入點：— 目前無買入信號  進場區：$194.2 ~ $198.1  止損：$192.6
09:50:49  INFO    [台] 00631L.TW    元大台灣50正2     $     23.70  +3.90% 多空分歧
09:50:49  INFO             買入點：🎯 一條件滿足 — 待確認  進場區：$-262.7 ~ $-268.0  止損：$18.5
09:50:50  INFO    [台] 00910.TW     第一金太空衛星      $     65.70  -0.53% 三線多頭
09:50:50  INFO             買入點：— 目前無買入信號  進場區：$51.2 ~ $52.2  止損：$52.9
09:50:51  INFO    [台] 2308.TW      台達電          $  1,735.00  +5.47% 三線多頭
09:50:51  INFO             買入點：— 目前無買入信號  進場區：$1,275.5 ~ $1,301.1  止損：$1,299.8
09:50:51  INFO    ⏰ 9:xx 外資 16:30 後更新
09:50:51  INFO    ✅ 股票 20 筆
09:50:51  INFO  
③ 🌟  生活熱門趨勢
09:50:51  INFO    📊 Google Trends 台灣（生活/食衣住行）...
09:50:52  INFO    [食品飲料] 熱度:16 動能:+61% 最熱關鍵字：美食 🔥🔥🔥
09:50:54  INFO    [服飾美妝] 熱度:41 動能:+30% 最熱關鍵字：穿搭 🔥🔥🔥
09:50:56  INFO    [居家生活] 熱度:43 動能:+26% 最熱關鍵字：家具 🔥🔥🔥
09:50:59  INFO    [娛樂3C] 熱度:38 動能:-0% 最熱關鍵字：手機 ❄️
09:51:01  INFO    [健康運動] 熱度:38 動能:+5% 最熱關鍵字：健身 🔥
09:51:04  INFO    [旅遊交通] 熱度:22 動能:-8% 最熱關鍵字：機票 ❄️
09:51:06  INFO    💬 Dcard 熱門...
09:51:06  WARNING      ⚠️  www.dcard.tw → 403 Client Error: Forbidden for url: https://www.dcard.tw/f/trending
09:51:06  INFO    📋 PTT 熱門...
09:51:06  WARNING      ⚠️  www.ptt.cc → ('Connection aborted.', ConnectionResetError(104, 'Connection reset by peer'))
09:51:07  INFO    [PTT/Stock] [14] Re: [新聞] 快訊／陸宣布10項對台政策！開放上海、福
09:51:07  INFO    [PTT/Stock] [6] [新聞] 美情報：中國擬向伊朗提供MANPADS　川普
09:51:07  INFO    [PTT/Stock] [] Re: [請益] 請問股版前輩，etf有進出的時機嗎？
09:51:08  INFO    [PTT/beauty] [6] [正妹] 桃子
09:51:08  INFO    [PTT/beauty] [21] [正妹] 台啦天花板 = =
09:51:08  INFO    [PTT/beauty] [36] [正妹] 許斐棋
09:51:08  INFO    [PTT/beauty] [1] [正妹] 元元
09:51:08  INFO    [PTT/beauty] [5] [正妹] Lucy
09:51:09  INFO    [PTT/movie] [3] [ 好雷] 比陽光好哭的no good歐吉桑
09:51:09  INFO    [PTT/movie] [9] [好雷] 極限返航──原本只是隨便吐槽的……
09:51:09  INFO    [PTT/movie] [1] [好雷] 1982 龍少爺
09:51:09  INFO    [PTT/movie] [12] [請益] 追殺比爾：完全血腥事件 已經沒場次了嗎?
09:51:09  INFO    [PTT/movie] [7] [討論] John Nolan辭世，享壽87歲
09:51:10  INFO    [PTT/food] [] [食記] 吉隆坡 甲洞興記肉骨茶(分店)
09:51:10  INFO    [PTT/food] [] [食記] 桃園市中壢區。扯厚腿
09:51:10  INFO    [PTT/food] [] [食記] 泰馬里 台北中正 參巴炸雞腿蝶豆花椰漿飯
09:51:10  INFO    [PTT/food] [] [食記] 尚品甜湯 台中西屯 滑嫩薑香奶香薑汁撞奶
09:51:10  INFO    [PTT/food] [] [食記] 桃園市中壢區。PUNJABI BISTRO & BAR
09:51:11  INFO    📺 YouTube 台灣熱門...
09:51:11  INFO    🎵 TikTok...
09:51:11  INFO    [TikTok] #1 #coachella
09:51:11  INFO    🛍️  Shopee 台灣熱銷...
09:51:15  INFO    💬 Reddit 熱賣（本週）...
09:51:16  INFO    ✅ 生活趨勢完成
09:51:16  INFO  
④ 📰  消息面
09:51:16  INFO    [🇹🇼 台灣] 鄭習會後中共國台辦宣布10項涉台措施
09:51:16  INFO    [🇹🇼 台灣] 美伊談判破局後首發文！川普暗示仍握1王牌 可能波及中國印度
09:51:16  INFO    [🇹🇼 台灣] 辛樂克今晚轉強颱！「大迴轉」路徑曝光| 生活
09:51:16  INFO    [🇹🇼 台灣] 大馬網紅「露奶拜拜」被轟褻瀆神明！　網抓包：連香都沒點
09:51:16  INFO    [🇹🇼 台灣] 中國武統台灣紅線不只台獨？作家鄭習會後揭新台海危機：「賴川會」不無可能 | 李瑋萱 | 新聞
09:51:16  INFO    [🇹🇼 台灣] 白沙屯媽祖4月12日起駕！近46萬人創新高 「18禁忌曝光」3類人不能鑽轎
09:51:18  INFO    [🇯🇵 日本] 美伊談判未能達成協議；霍爾木茲海峽：核相似之處－停火的未來尚不明朗
09:51:19  INFO    [🇯🇵 日本] 縣警在京都南丹市的山區找到了據信屬於失蹤男孩的鞋子
09:51:21  INFO    [🇯🇵 日本] 男子涉嫌遺棄屍體被捕；在山中發現屍體；少女失蹤的可能性[大分縣]
09:51:22  INFO    [🇯🇵 日本] 高市自民黨新願景「對抗民粹主義迎合」 社會保險改革的嚴肅性
09:51:22  INFO    [🇯🇵 日本] 美軍開始清除霍爾木茲海峽的水雷，中央司令部司令稱「安全通道將很快建立」...兩艘美國驅逐艦通過該海峽
09:51:23  INFO    [🇯🇵 日本] 【突發新聞】中國宣布對台經濟優惠
09:51:24  INFO    [🇰🇷 韓國] 美伊談判劃出平行線…核武、霍爾木茲地雷等衝突。
09:51:24  INFO    [🇰🇷 韓國] 「三個兄弟姊妹的父親，準丈夫」…兩名消防員始終沒有出來。
09:51:25  INFO    [🇰🇷 韓國] 這位總統對以色列的罪行進行了直接打擊……“我說了其他國家做不到的事情。”
09:51:25  INFO    [🇰🇷 韓國] Won-oh Won、Choo Mi-ae和Chan-dae Park手牽著手，“在李政府的支持下......促進共同承諾”
09:51:27  INFO    [🇰🇷 韓國] 배현진 “장동혁 미국 왜 갔나…애먼 데서 후보들 발목 잡아”
09:51:28  INFO    [🇰🇷 韓國] 民主黨稱河正宇的招募「已跨過8師嶺」…要求鄭清來本週參選
09:51:28  INFO    [🇺🇸 美國] Middle East crisis live: US and Iran fail to reach a deal after marathon peace talks in Pakistan
09:51:28  INFO    [🇺🇸 美國] Many Polls Say Orban Will Lose. But He Has an Edge Even Before Voting Begins.
09:51:28  INFO    [🇺🇸 美國] Eric Swalwell abuse claims investigated by Manhattan district attorney
09:51:28  INFO    [🇺🇸 美國] White House ballroom construction can continue for now, appeals court says
09:51:28  INFO    [🇺🇸 美國] Russian Offensive Campaign Assessment, April 11, 2026
09:51:28  INFO    [🇺🇸 美國] Trump says plans filed for huge triumphal arch in Washington
09:51:44  INFO  
🖥️  產生 HTML 報告...
09:51:44  INFO  
✅  HTML：報告_20260412_0951.html
09:51:44  INFO  ✅  CSV：機會分析_20260412_0951.csv
09:51:44  INFO  📝  Log：logs/scan_20260412_095032.log
