09:58:02  INFO  ======================================================================
09:58:02  INFO  🔥  每日機會分析系統 v10
09:58:02  INFO  📅  2026-03-25 09:58
09:58:02  INFO  ======================================================================
09:58:02  INFO  
① 🌕  CRYPTO
09:58:03  ERROR    BTC-USD: float() argument must be a string or a real number, not 'Series'
09:58:04  ERROR    ETH-USD: float() argument must be a string or a real number, not 'Series'
09:58:05  ERROR    SOL-USD: float() argument must be a string or a real number, not 'Series'
09:58:06  ERROR    BNB-USD: float() argument must be a string or a real number, not 'Series'
09:58:06  ERROR    XRP-USD: float() argument must be a string or a real number, not 'Series'
09:58:07  INFO    ✅ Crypto 0 筆
09:58:07  INFO  
② 📈  股票
09:58:08  INFO    [台] 3293.TWO     鈊象電子         $    749.00  +1.90% 多空分歧
09:58:08  INFO             買入點：— 目前無買入信號  進場區：$666.6 ~ $680.0  止損：$649.9
09:58:09  INFO    [台] 00909.TW     國泰智能電動車ETF   $     39.64  +0.84% 多空分歧
09:58:09  INFO             買入點：— 目前無買入信號  進場區：$36.2 ~ $36.9  止損：$35.3
09:58:10  INFO    [台] 0056.TW      元大高股息        $     38.58  +1.42% 多空分歧
09:58:10  INFO             買入點：🎯 一條件滿足 — 待確認  進場區：$36.3 ~ $37.0  止損：$35.4
09:58:11  INFO    [台] 6111.TWO     6111擎亞       $     42.50  +0.95% 偏空
09:58:11  INFO             買入點：🎯 一條件滿足 — 待確認  進場區：$40.8 ~ $41.6  止損：$39.8
09:58:13  INFO    [台] 00878.TW     國泰永續高股息      $     22.44  +1.63% 多空分歧
09:58:13  INFO             買入點：🎯 一條件滿足 — 待確認  進場區：$21.2 ~ $21.6  止損：$20.6
09:58:14  INFO    [台] 3017.TW      奇鋐           $  2,100.00  +7.97% 三線多頭
09:58:14  INFO             買入點：— 目前無買入信號  進場區：$1,552.2 ~ $1,583.4  止損：$1,513.2
09:58:15  INFO    [台] 00713.TW     元大高息低波       $     51.85  +0.97% 多空分歧
09:58:15  INFO             買入點：🎯 一條件滿足 — 待確認  進場區：$49.8 ~ $50.8  止損：$48.6
09:58:16  INFO    [台] 00919.TW     群益台灣精選高息     $     22.85  +1.96% 多空分歧
09:58:16  INFO             買入點：🎯 一條件滿足 — 待確認  進場區：$21.7 ~ $22.2  止損：$21.2
09:58:17  INFO    [美] NVDA         NVIDIA       $    175.20  -0.25% 三線空頭
09:58:17  INFO             買入點：🎯 一條件滿足 — 待確認  進場區：$170.8 ~ $174.3  止損：$166.6
09:58:18  INFO    [美] GEV          GE Vernova   $    909.41  +3.03% 三線多頭
09:58:18  INFO             買入點：— 目前無買入信號  進場區：$772.6 ~ $788.2  止損：$753.2
09:58:20  INFO    [台] 2330.TW      台積電          $  1,845.00  +1.93% 多空分歧
09:58:20  INFO             買入點：🎯 一條件滿足 — 待確認  進場區：$1,754.8 ~ $1,790.1  止損：$1,711.3
09:58:21  INFO    [美] AMD          AMD          $    205.37  +1.33% 多空分歧
09:58:21  INFO             買入點：— 目前無買入信號  進場區：$187.3 ~ $191.0  止損：$182.6
09:58:22  INFO    [美] TSM          台積電ADR       $    343.25  +1.42% 多空分歧
09:58:22  INFO             買入點：🎯 一條件滿足 — 待確認  進場區：$317.7 ~ $324.1  止損：$315.4
09:58:23  INFO    [台] 2317.TW      鴻海           $    200.00  +2.56% 三線空頭
09:58:23  INFO             買入點：🎯 一條件滿足 — 待確認  進場區：$186.4 ~ $190.2  止損：$188.2
09:58:24  INFO    [台] 2530.TW      華建           $     25.10  +0.20% 多空分歧
09:58:24  INFO             買入點：🎯 一條件滿足 — 待確認  進場區：$24.1 ~ $24.6  止損：$23.8
09:58:26  INFO    [美] MU           美光           $    395.53  -2.18% 多空分歧
09:58:26  INFO             買入點：🎯 一條件滿足 — 待確認  進場區：$355.9 ~ $363.0  止損：$346.9
09:58:27  INFO    [美] LRCX         科林研發         $    238.84  +2.37% 偏多
09:58:27  INFO             買入點：— 目前無買入信號  進場區：$193.1 ~ $197.0  止損：$188.3
09:58:28  INFO    [台] 00631L.TW    元大台灣50正2     $    443.15  +0.08% 多空分歧
09:58:28  INFO             買入點：🎯 一條件滿足 — 待確認  進場區：$414.4 ~ $422.7  止損：$404.0
09:58:29  INFO    [台] 00910.TW     第一金太空衛星      $     58.60  +1.12% 偏多
09:58:29  INFO             買入點：— 目前無買入信號  進場區：$52.1 ~ $53.1  止損：$50.8
09:58:30  INFO    [台] 2308.TW      台達電          $  1,550.00  +9.54% 偏多
09:58:30  INFO             買入點：🎯 一條件滿足 — 待確認  進場區：$1,189.0 ~ $1,212.9  止損：$1,159.1
09:58:31  INFO    ⏰ 9:xx 外資 16:30 後更新
09:58:31  INFO    ✅ 股票 20 筆
09:58:31  INFO  
③ 🌟  生活熱門趨勢
09:58:31  INFO    📊 Google Trends 台灣（生活/食衣住行）...
09:58:32  INFO    [食品飲料] 熱度:11 動能:+3% 最熱關鍵字：美食 🔥
09:58:35  INFO    [服飾美妝] 熱度:24 動能:-17% 最熱關鍵字：穿搭 ❄️
09:58:38  INFO    [居家生活] 熱度:24 動能:+2% 最熱關鍵字：家具 🔥
09:58:40  INFO    [娛樂3C] 熱度:31 動能:-17% 最熱關鍵字：手機 ❄️
09:58:43  INFO    [健康運動] 熱度:35 動能:+3% 最熱關鍵字：健身 🔥
09:58:46  INFO    [旅遊交通] 熱度:26 動能:-5% 最熱關鍵字：機票 ❄️
09:58:48  INFO    💬 Dcard 熱門...
09:58:49  WARNING      ⚠️  www.dcard.tw → 403 Client Error: Forbidden for url: https://www.dcard.tw/f/trending
09:58:49  INFO    📋 PTT 熱門...
09:58:49  WARNING      ⚠️  www.ptt.cc → ('Connection aborted.', ConnectionResetError(104, 'Connection reset by peer'))
09:58:49  INFO    [PTT/Stock] [1] [情報] 0325 上市櫃外資投信買超金額排行
09:58:49  INFO    [PTT/Stock] [1] Re: [新聞] 伊朗戰爭燃氣變多貴？經長：每艘多10億
09:58:49  INFO    [PTT/Stock] [1] [情報] 韓國3月1日至3月20日進出口狀況
09:58:49  INFO    [PTT/Stock] [] [公告] 股票板板規 v4.7 (2024/10/06 修正)
09:58:49  INFO    [PTT/Stock] [6] [公告] 4-6-1罰則將在1/22開始到年底加重至30天
09:58:51  INFO    [PTT/beauty] [17] [正妹] 田中美久 水藍色的誘惑
09:58:51  INFO    [PTT/beauty] [10] [正妹] YUNA
09:58:51  INFO    [PTT/beauty] [22] [正妹] 微微肉
09:58:51  INFO    [PTT/beauty] [11] [正妹] 有顆淚痣的女生
09:58:52  INFO    [PTT/movie] [5] [新聞]「獨眼龍」詹姆斯馬斯登坦承說謊！否認回歸
09:58:52  INFO    [PTT/movie] [24] [新聞]復仇者聯盟5》揭露MCU史上「最黑暗結局」！
09:58:52  INFO    [PTT/movie] [1] Re: [新聞] 覺醒記者罵Chuck Norris
09:58:53  INFO    [PTT/food] [] [食記] 台北士林區 Subber潛艇堡
09:58:53  INFO    [PTT/food] [] [食記] 宜蘭羅東白橡｜WhiteOak│路過的美味甜點
09:58:53  INFO    [PTT/food] [] [食記] 日本 旭川成吉思汗大黑屋 無腥味羔羊炙烤
09:58:53  INFO    [PTT/food] [] [食記] 劉家蝦公粄 屏東內埔 酥脆九層塔香蝦公粄
09:58:53  INFO    [PTT/food] [] [食記] 香港 HashtagB 超酥脆蛋撻大推開心果口味
09:58:53  INFO    📺 YouTube 台灣熱門...
09:58:53  INFO    🎵 TikTok...
09:58:55  INFO    [TikTok] #1 #sparemomentslive
09:58:55  INFO    🛍️  Shopee 台灣熱銷...
09:58:58  INFO    💬 Reddit 熱賣（本週）...
09:58:59  INFO    ✅ 生活趨勢完成
09:58:59  INFO  
④ 📰  消息面
09:58:59  INFO    [🇹🇼 台灣] 京華城案宣判倒數！沈慶京突說明「小沈1500」 控萬惡之源是他
09:58:59  INFO    [🇹🇼 台灣] 統一發票115年1-2月中獎號碼開獎 最新完整獎號出爐
09:58:59  INFO    [🇹🇼 台灣] 抓到了？中共官員問「李貞秀接班沒問題吧」！徐春鶯向中國通報「白營布局」內幕曝
09:58:59  INFO    [🇹🇼 台灣] 最強春雨鋒面要來了 他指這天不排除強風、雷電劇烈天氣
09:58:59  INFO    [🇹🇼 台灣] 林秉文遭槍殺！王浩宇 ：他最不爽民眾黨跟他募款、借88會館還罵他| 政治
09:58:59  INFO    [🇹🇼 台灣] 伊朗向聯合國重大宣告
09:59:02  INFO    [🇯🇵 日本] 焦點：巴基斯坦成為美伊衝突調解人，與雙方建立深厚關係
09:59:04  INFO    [🇯🇵 日本] 茂木外相表示，“我沒有這麼說。”據報道，在就他自己的計劃發表聲明後，“首相解釋了對第 9 條的限制”
09:59:06  INFO    [🇯🇵 日本] 日本內閣官房長官木原對陸上自衛隊人員闖入表示遺憾並加強中國大使館安全：時事網
09:59:07  INFO    [🇯🇵 日本] 【突發新聞】美軍傘兵奉命出動中東報道
09:59:08  INFO    [🇯🇵 日本] 邊野沖傾覆；家長在學校簡報會上指出“放棄作為教師的責任”
09:59:09  INFO    [🇯🇵 日本] 日本艦船能否通過霍爾木茲海峽？已經過去的一百多艘是什麼船？ 「有史以來最嚴重」的能源威脅的現實
09:59:12  INFO    [🇰🇷 韓國] 伊朗軍方：「美國正處於與自己談判的階段」 川普的「15項要求」是一年前的重述
09:59:14  INFO    [🇰🇷 韓國] 與跨國犯罪特別工作小組合作，「毒梟」從菲律賓暫時引渡回韓國
09:59:16  INFO    [🇰🇷 韓國] 이 대통령 “초음속 전투기 KF-21 성공…우리 기술로 자주국방”
09:59:19  INFO    [🇰🇷 韓國] 【獨家】大田火災突發新聞報道‘0’……安全工業是故意關掉的嗎？
09:59:21  INFO    [🇰🇷 韓國] 聚集國家能力應對中東曠日持久的戰爭…政府運作“緊急經濟總部”
09:59:23  INFO    [🇰🇷 韓國] 鄭東泳在正式場合首次提及“朝鮮民主主義人民共和國”
09:59:23  INFO    [🇺🇸 美國] Army paratroopers ordered to Middle East as U.S. weighs next move in Iran conflict
09:59:23  INFO    [🇺🇸 美國] Iran has ceasefire plan from US but Tehran dismisses idea of negotiating with Washington
09:59:23  INFO    [🇺🇸 美國] Democrats flip Florida state seat that includes Trump's Mar-a-Lago home
09:59:23  INFO    [🇺🇸 美國] Exclusive: Trump's approval hits new 36% low as fuel prices surge amid Iran war, Reuters/Ipsos poll finds
09:59:23  INFO    [🇺🇸 美國] Middle East crisis live: Iran launches strikes on US bases in Gulf; oil prices drop after Trump ‘peace plan’ report
09:59:23  INFO    [🇺🇸 美國] Iran Says ‘Non-Hostile’ Ships Can Sail Through the Strait of Hormuz
09:59:39  INFO  
🖥️  產生 HTML 報告...
09:59:39  INFO  
✅  HTML：報告_20260325_0959.html
09:59:39  INFO  ✅  CSV：機會分析_20260325_0959.csv
09:59:39  INFO  📝  Log：logs/scan_20260325_095802.log
