23:32:52  INFO  ======================================================================
23:32:52  INFO  🔥  每日機會分析系統 v10
23:32:52  INFO  📅  2026-04-01 23:32
23:32:52  INFO  ======================================================================
23:32:52  INFO  
① 🌕  CRYPTO
23:32:53  ERROR    BTC-USD: float() argument must be a string or a real number, not 'Series'
23:32:54  ERROR    ETH-USD: float() argument must be a string or a real number, not 'Series'
23:32:54  ERROR    SOL-USD: float() argument must be a string or a real number, not 'Series'
23:32:55  ERROR    BNB-USD: float() argument must be a string or a real number, not 'Series'
23:32:55  ERROR    XRP-USD: float() argument must be a string or a real number, not 'Series'
23:32:56  INFO    ✅ Crypto 0 筆
23:32:56  INFO  
② 📈  股票
23:32:56  INFO    [台] 3293.TWO     鈊象電子         $    767.00  +1.86% 多空分歧
23:32:56  INFO             買入點：— 目前無買入信號  進場區：$669.6 ~ $683.1  止損：$652.8
23:32:57  INFO    [台] 00909.TW     國泰智能電動車ETF   $       nan   +nan% 三線空頭
23:32:57  INFO             買入點：— 目前無買入信號  進場區：$35.1 ~ $35.8  止損：$34.2
23:32:58  INFO    [台] 0056.TW      元大高股息        $       nan   +nan% 多空分歧
23:32:58  INFO             買入點：— 目前無買入信號  進場區：$36.3 ~ $37.0  止損：$35.4
23:32:59  INFO    [台] 6111.TWO     6111擎亞       $     42.30  +2.79% 三線空頭
23:32:59  INFO             買入點：🎯 一條件滿足 — 待確認  進場區：$39.7 ~ $40.5  止損：$38.7
23:33:00  INFO    [台] 00878.TW     國泰永續高股息      $       nan   +nan% 多空分歧
23:33:00  INFO             買入點：— 目前無買入信號  進場區：$21.2 ~ $21.6  止損：$20.6
23:33:00  INFO    [台] 3017.TW      奇鋐           $  2,110.00  +6.03% 多空分歧
23:33:00  INFO             買入點：— 目前無買入信號  進場區：$1,622.5 ~ $1,655.1  止損：$1,615.0
23:33:01  INFO    [台] 00713.TW     元大高息低波       $       nan   +nan% 多空分歧
23:33:01  INFO             買入點：— 目前無買入信號  進場區：$49.8 ~ $50.8  止損：$48.6
23:33:02  INFO    [台] 00919.TW     群益台灣精選高息     $       nan   +nan% 多空分歧
23:33:02  INFO             買入點：— 目前無買入信號  進場區：$21.7 ~ $22.2  止損：$21.2
23:33:03  INFO    [美] NVDA         NVIDIA       $    175.75  +0.77% 偏空
23:33:03  INFO             買入點：🎯 一條件滿足 — 待確認  進場區：$163.4 ~ $166.7  止損：$159.3
23:33:04  INFO    [美] GEV          GE Vernova   $    894.78  +2.51% 多空分歧
23:33:04  INFO             買入點：— 目前無買入信號  進場區：$772.6 ~ $788.2  止損：$753.2
23:33:05  INFO    [台] 2330.TW      台積電          $  1,855.00  +5.40% 多空分歧
23:33:05  INFO             買入點：🎯 一條件滿足 — 待確認  進場區：$1,751.2 ~ $1,786.4  止損：$1,707.2
23:33:05  INFO    [美] AMD          AMD          $    210.21  +3.33% 多空分歧
23:33:05  INFO             買入點：🎯 一條件滿足 — 待確認  進場區：$188.1 ~ $191.9  止損：$183.3
23:33:06  INFO    [美] TSM          台積電ADR       $    341.49  +1.05% 多空分歧
23:33:06  INFO             買入點：🎯🎯 兩條件滿足 — 觀察買入點  進場區：$312.2 ~ $318.5  止損：$304.4
23:33:07  INFO    [台] 2317.TW      鴻海           $    197.00  +5.07% 三線空頭
23:33:07  INFO             買入點：🎯 一條件滿足 — 待確認  進場區：$185.0 ~ $188.7  止損：$181.9
23:33:08  INFO    [台] 2530.TW      華建           $     24.90  +1.22% 三線空頭
23:33:08  INFO             買入點：🎯 一條件滿足 — 待確認  進場區：$24.2 ~ $24.7  止損：$23.8
23:33:09  INFO    [美] MU           美光           $    367.85  +8.88% 多空分歧
23:33:09  INFO             買入點：🎯 一條件滿足 — 待確認  進場區：$309.9 ~ $316.2  止損：$302.1
23:33:10  INFO    [美] LRCX         科林研發         $    222.01  +3.91% 多空分歧
23:33:10  INFO             買入點：🎯 一條件滿足 — 待確認  進場區：$193.1 ~ $197.0  止損：$188.3
23:33:10  INFO    [台] 00631L.TW    元大台灣50正2     $       nan   +nan% 三線空頭
23:33:10  INFO             買入點：— 目前無買入信號  進場區：$19.0 ~ $19.4  止損：$18.5
23:33:11  INFO    [台] 00910.TW     第一金太空衛星      $       nan   +nan% 多空分歧
23:33:11  INFO             買入點：— 目前無買入信號  進場區：$52.1 ~ $53.1  止損：$50.8
23:33:12  INFO    [台] 2308.TW      台達電          $  1,475.00  +6.88% 多空分歧
23:33:12  INFO             買入點：🎯 一條件滿足 — 待確認  進場區：$1,189.0 ~ $1,212.9  止損：$1,159.1
23:33:15  INFO    ✅ 股票 20 筆
23:33:15  INFO  
③ 🌟  生活熱門趨勢
23:33:15  INFO    📊 Google Trends 台灣（生活/食衣住行）...
23:33:16  INFO    [食品飲料] 熱度:6 動能:-42% 最熱關鍵字：美食 ❄️
23:33:19  INFO    [服飾美妝] 熱度:13 動能:-60% 最熱關鍵字：穿搭 ❄️
23:33:21  INFO    [居家生活] 熱度:8 動能:-73% 最熱關鍵字：家具 ❄️
23:33:24  INFO    [娛樂3C] 熱度:35 動能:-7% 最熱關鍵字：手機 ❄️
23:33:27  INFO    [健康運動] 熱度:18 動能:-34% 最熱關鍵字：健身 ❄️
23:33:29  INFO    [旅遊交通] 熱度:20 動能:-25% 最熱關鍵字：機票 ❄️
23:33:31  INFO    💬 Dcard 熱門...
23:33:31  WARNING      ⚠️  www.dcard.tw → 403 Client Error: Forbidden for url: https://www.dcard.tw/f/trending
23:33:31  INFO    📋 PTT 熱門...
23:33:32  INFO    [PTT/Gossiping] [] Re: [問卦] 所以無菸城市喊到哪了？
23:33:32  INFO    [PTT/Gossiping] [6] [問卦] 現在律師是比傭人便宜嗎 ？？？
23:33:32  INFO    [PTT/Gossiping] [7] [新聞] 拿棍活虐嫌犯害脾臟破裂大出血亡　屏警
23:33:32  INFO    [PTT/Gossiping] [1] [問卦] 影片台詞都互相模仿的八卦？
23:33:32  INFO    [PTT/Gossiping] [1] Re: [新聞] 拿棍活虐嫌犯害脾臟破裂大出血亡　屏警
23:33:33  INFO    [PTT/Stock] [爆] [新聞] 路透：川普要范斯轉達 願用停火換開放荷
23:33:33  INFO    [PTT/Stock] [36] [新聞] 彭博：SpaceX已提交IPO申請
23:33:33  INFO    [PTT/Stock] [1] Re: [新聞] 巴菲特：伊朗有核武，全球核災更難避免
23:33:34  INFO    [PTT/beauty] [] [正妹] 獸醫
23:33:34  INFO    [PTT/beauty] [1] [正妹] 長腿外拍
23:33:34  INFO    [PTT/beauty] [] [正妹] 玥晨
23:33:34  INFO    [PTT/beauty] [1] [正妹] Cosplay 2666 泰國 蜘蛛人
23:33:34  INFO    [PTT/beauty] [92] [公告] 不願上表特 ＆ 優文推薦 ＆ 檢舉建議專區
23:33:35  INFO    [PTT/movie] [8] [討論] 電影票現場換票有什麼方法可以先劃位嗎？
23:33:35  INFO    [PTT/movie] [13] [片單] 麻煩推薦那種「熱鬧的港片鬼片」
23:33:35  INFO    [PTT/movie] [3] [好雷] 完成度稍差的超級瑪利歐銀河
23:33:35  INFO    [PTT/movie] [8] [討論]  《李克寧 墓乃伊》引進IMAX、4DX、SX版
23:33:35  INFO    [PTT/movie] [] [好雷] 深度安靜-明明什麼也沒有 卻無處不在
23:33:36  INFO    [PTT/food] [2] [食記] Tacos Luca 新北新店 餅香脆豬腿肉酥Taco
23:33:36  INFO    [PTT/food] [] Fw: [食記] 慶豐牛排
23:33:36  INFO    [PTT/food] [] [食記] [新竹] 福記包子饅頭 ～買2送1／買5送1
23:33:36  INFO    [PTT/food] [] [食記] 雙喜饅頭 新北新莊 抹茶紅豆雜糧起司饅頭
23:33:36  INFO    📺 YouTube 台灣熱門...
23:33:36  INFO    🎵 TikTok...
23:33:38  INFO    [TikTok] #1 #semanasanta
23:33:38  INFO    🛍️  Shopee 台灣熱銷...
23:33:41  INFO    💬 Reddit 熱賣（本週）...
23:33:41  INFO    ✅ 生活趨勢完成
23:33:41  INFO  
④ 📰  消息面
23:33:41  INFO    [🇹🇼 台灣] 把伊朗打回「石器時代」就停戰! 川普: 不必達成協議兩到三周內結束戰爭| 國際
23:33:41  INFO    [🇹🇼 台灣] 連假最糟一天「紅爆雷雨」猛灌　2波鋒面變天！圖看降雨熱區
23:33:41  INFO    [🇹🇼 台灣] 快訊／好市多「塑膠袋限購令」擴及14品項　拋棄式手套也入列
23:33:41  INFO    [🇹🇼 台灣] 外送員上下半身分離慘死！生前「疑比神秘手勢」家屬回應了
23:33:41  INFO    [🇹🇼 台灣] 鄭麗文稱「全世界都奉行一中政策共識」 李明哲：國民黨正式認輸了| 政治
23:33:41  INFO    [🇹🇼 台灣] 閃兵案第4波搜索 警方拘提藝人「王子」邱勝翊
23:33:43  INFO    [🇯🇵 日本] 川普暗示提前結束伊朗行動，也提到考慮退出北約
23:33:45  INFO    [🇯🇵 日本] 54年來人類首次透過阿爾忒彌斯計畫登陸月球引力場的原因
23:33:46  INFO    [🇯🇵 日本] 京都南丹市不明少年「Lanruck」被搜身3次，學校笨拙且看不見的腳步
23:33:47  INFO    [🇯🇵 日本] 川普就霍爾木茲海峽向歐洲施壓，警告停止向沙烏地阿拉伯供應武器 = 報告
23:33:48  INFO    [🇯🇵 日本] 與《龍珠》粉絲的法國總統馬克宏、首相高市一起“卡美哈美哈”
23:33:50  INFO    [🇯🇵 日本] 自行車藍票系統啟動，上午1小時18名警察盯緊…16起違法行為福井縣警方一次嚴厲打擊引導
23:33:52  INFO    [🇰🇷 韓國] 「我來了，我看到了，我征服了」…預計川普將在向全國發表的演講中宣布勝利後的兩到三週內重申他結束戰爭的意圖。
23:33:53  INFO    [🇰🇷 韓國] 川普：「韓國，沒有幫助」…不滿不出兵，卻提到駐韓美軍
23:33:54  INFO    [🇰🇷 韓國] 8日起，公共機構車輛實施2天制，公共停車場實施5天制。
23:33:56  INFO    [🇰🇷 韓國] 4 月 2 日起實施毒駕...藥局藥師需要了解的關鍵事項 [Q&A]
23:33:58  INFO    [🇰🇷 韓國] 民主黨因涉嫌行賄而開除全北知事金寬永
23:34:00  INFO    [🇰🇷 韓國] 立法院通過的《醫療糾紛處理法》修正案為何不像《基本病人法》那樣提交全體會議？
23:34:01  INFO    [🇺🇸 美國] 4 astronauts launch on historic moon mission
23:34:01  INFO    [🇺🇸 美國] Fate of Trump’s Birthright Citizenship Order in Doubt After Supreme Court Hearing: Live Updates
23:34:01  INFO    [🇺🇸 美國] ‘I came, I saw, I conquered:’ Trump set to claim victory in Iran at primetime address
23:34:01  INFO    [🇺🇸 美國] House and Senate Republicans Reach Deal to End Homeland Security Shutdown
23:34:01  INFO    [🇺🇸 美國] New York Times reporter Shawn McCreesh was in the right place at the right time to write about Bryon Noem
23:34:01  INFO    [🇺🇸 美國] Risky commando plan to seize Iran’s uranium came at Trump’s request
23:34:13  INFO  
🖥️  產生 HTML 報告...
23:34:13  INFO  
✅  HTML：報告_20260401_2334.html
23:34:13  INFO  ✅  CSV：機會分析_20260401_2334.csv
23:34:13  INFO  📝  Log：logs/scan_20260401_233252.log
