05:59:36  INFO  ======================================================================
05:59:36  INFO  🔥  每日機會分析系統 v10
05:59:36  INFO  📅  2026-03-21 05:59
05:59:36  INFO  ======================================================================
05:59:36  INFO  
① 🌕  CRYPTO
05:59:36  ERROR    BTC-USD: float() argument must be a string or a real number, not 'Series'
05:59:37  ERROR    ETH-USD: float() argument must be a string or a real number, not 'Series'
05:59:37  ERROR    SOL-USD: float() argument must be a string or a real number, not 'Series'
05:59:38  ERROR    BNB-USD: float() argument must be a string or a real number, not 'Series'
05:59:38  ERROR    XRP-USD: float() argument must be a string or a real number, not 'Series'
05:59:39  INFO    ✅ Crypto 0 筆
05:59:39  INFO  
② 📈  股票
05:59:39  INFO    [台] 3293.TWO     鈊象電子         $    744.00  +0.13% 多空分歧
05:59:39  INFO             買入點：— 目前無買入信號  進場區：$659.5 ~ $672.8  止損：$649.9
05:59:40  INFO    [台] 00909.TW     國泰智能電動車ETF   $     39.81  -0.10% 多空分歧
05:59:40  INFO             買入點：— 目前無買入信號  進場區：$36.2 ~ $36.9  止損：$35.3
05:59:41  INFO    [台] 0056.TW      元大高股息        $     38.77  -0.28% 多空分歧
05:59:41  INFO             買入點：🎯 一條件滿足 — 待確認  進場區：$36.3 ~ $37.0  止損：$35.4
05:59:42  INFO    [台] 6111.TWO     6111擎亞       $     44.60  +1.25% 多空分歧
05:59:42  INFO             買入點：🎯 一條件滿足 — 待確認  進場區：$40.8 ~ $41.6  止損：$39.8
05:59:42  INFO    [台] 00878.TW     國泰永續高股息      $     22.47  +0.00% 多空分歧
05:59:42  INFO             買入點：🎯 一條件滿足 — 待確認  進場區：$21.2 ~ $21.6  止損：$20.6
05:59:43  INFO    [台] 3017.TW      奇鋐           $  2,050.00  +1.74% 三線多頭
05:59:43  INFO             買入點：— 目前無買入信號  進場區：$1,500.9 ~ $1,531.1  止損：$1,464.7
05:59:44  INFO    [台] 00713.TW     元大高息低波       $     51.70  -0.04% 多空分歧
05:59:44  INFO             買入點：🎯 一條件滿足 — 待確認  進場區：$49.8 ~ $50.8  止損：$48.6
05:59:45  INFO    [台] 00919.TW     群益台灣精選高息     $     22.97  -0.13% 多空分歧
05:59:45  INFO             買入點：🎯 一條件滿足 — 待確認  進場區：$21.7 ~ $22.2  止損：$21.2
05:59:46  INFO    [美] NVDA         NVIDIA       $    172.70  -3.28% 三線空頭
05:59:46  INFO             買入點：🎯 一條件滿足 — 待確認  進場區：$170.9 ~ $174.3  止損：$166.6
05:59:46  INFO    [美] GEV          GE Vernova   $    851.07  -3.00% 多空分歧
05:59:46  INFO             買入點：🎯 一條件滿足 — 待確認  進場區：$772.6 ~ $788.2  止損：$753.2
05:59:47  INFO    [台] 2330.TW      台積電          $  1,840.00  -0.54% 多空分歧
05:59:47  INFO             買入點：🎯 一條件滿足 — 待確認  進場區：$1,755.4 ~ $1,790.7  止損：$1,711.3
05:59:48  INFO    [美] AMD          AMD          $    201.33  -1.92% 多空分歧
05:59:48  INFO             買入點：🎯 一條件滿足 — 待確認  進場區：$187.3 ~ $191.0  止損：$182.6
05:59:49  INFO    [美] TSM          台積電ADR       $    329.24  -2.82% 多空分歧
05:59:49  INFO             買入點：🎯 一條件滿足 — 待確認  進場區：$317.6 ~ $324.0  止損：$315.4
05:59:50  INFO    [台] 2317.TW      鴻海           $    203.00  -0.98% 三線空頭
05:59:50  INFO             買入點：🎯 一條件滿足 — 待確認  進場區：$195.5 ~ $199.4  止損：$194.5
05:59:51  INFO    [台] 2530.TW      華建           $     24.90  +0.40% 三線空頭
05:59:51  INFO             買入點：🎯 一條件滿足 — 待確認  進場區：$24.3 ~ $24.7  止損：$23.8
05:59:52  INFO    [美] MU           美光           $    422.90  -4.81% 多空分歧
05:59:52  INFO             買入點：— 目前無買入信號  進場區：$355.9 ~ $363.0  止損：$346.9
05:59:52  INFO    [美] LRCX         科林研發         $    228.36  -2.41% 多空分歧
05:59:52  INFO             買入點：— 目前無買入信號  進場區：$193.1 ~ $197.0  止損：$188.3
05:59:53  INFO    [台] 00631L.TW    元大台灣50正2     $    469.35  -0.67% 多空分歧
05:59:53  INFO             買入點：🎯 一條件滿足 — 待確認  進場區：$414.4 ~ $422.7  止損：$404.0
05:59:54  INFO    [台] 00910.TW     第一金太空衛星      $     57.25  +0.88% 三線多頭
05:59:54  INFO             買入點：— 目前無買入信號  進場區：$52.1 ~ $53.1  止損：$50.8
05:59:55  INFO    [台] 2308.TW      台達電          $  1,475.00  +1.37% 三線多頭
05:59:55  INFO             買入點：— 目前無買入信號  進場區：$1,184.0 ~ $1,207.8  止損：$1,154.3
05:59:55  INFO    ⏰ 5:xx 外資 16:30 後更新
05:59:55  INFO    ✅ 股票 20 筆
05:59:55  INFO  
③ 🌟  生活熱門趨勢
05:59:55  INFO    📊 Google Trends 台灣（生活/食衣住行）...
05:59:56  INFO    [食品飲料] 熱度:17 動能:+53% 最熱關鍵字：美食 🔥🔥🔥
05:59:58  INFO    [服飾美妝] 熱度:32 動能:+9% 最熱關鍵字：穿搭 🔥🔥
06:00:01  INFO    [居家生活] 熱度:24 動能:+5% 最熱關鍵字：家具 🔥🔥
06:00:03  INFO    [娛樂3C] 熱度:38 動能:-2% 最熱關鍵字：手機 ❄️
06:00:05  INFO    [健康運動] 熱度:39 動能:-6% 最熱關鍵字：健身 ❄️
06:00:08  INFO    [旅遊交通] 熱度:22 動能:-21% 最熱關鍵字：機票 ❄️
06:00:10  INFO    💬 Dcard 熱門...
06:00:10  WARNING      ⚠️  www.dcard.tw → 403 Client Error: Forbidden for url: https://www.dcard.tw/f/trending
06:00:10  INFO    📋 PTT 熱門...
06:00:11  WARNING      ⚠️  www.ptt.cc → ('Connection aborted.', ConnectionResetError(104, 'Connection reset by peer'))
06:00:11  WARNING      ⚠️  www.ptt.cc → ('Connection aborted.', RemoteDisconnected('Remote end closed connection without response'))
06:00:12  INFO    [PTT/beauty] [9] [正妹] 崔荷潾
06:00:12  INFO    [PTT/beauty] [6] [正妹] 星期六早晨
06:00:12  INFO    [PTT/beauty] [] [正妹] Cosplay 2647 中國 米哈拉 莉央
06:00:12  INFO    [PTT/beauty] [2] [正妹] 乃木坂46 川崎櫻
06:00:12  INFO    [PTT/beauty] [92] [公告] 不願上表特 ＆ 優文推薦 ＆ 檢舉建議專區
06:00:13  INFO    [PTT/movie] [爆] ［情報］羅禮士過世
06:00:13  INFO    [PTT/movie] [2] [新聞] 阿湯哥有望在新片《邁阿密風雲》中飾演反
06:00:13  INFO    [PTT/movie] [] [討論] 馬克華柏格《凸槌拍檔》預告！
06:00:13  INFO    [PTT/movie] [4] [新聞]本來要拍《蜘蛛人》反派《邪惡六人組》！
06:00:14  INFO    [PTT/food] [] [食記] 宜蘭羅東 隱藏在住宅區的美味台式料理
06:00:14  INFO    [PTT/food] [] [食記] 台南南區 玉翠越南河粉 好吃平價
06:00:14  INFO    [PTT/food] [] [食記] 台南南區 阿美肉燥飯 真的在地人才知道
06:00:14  INFO    [PTT/food] [] [食記] 泰國曼谷 Fika&Co
06:00:15  INFO    📺 YouTube 台灣熱門...
06:00:15  INFO    🎵 TikTok...
06:00:15  INFO    [TikTok] #1 #eidmubarak
06:00:15  INFO    🛍️  Shopee 台灣熱銷...
06:00:19  INFO    💬 Reddit 熱賣（本週）...
06:00:20  INFO    ✅ 生活趨勢完成
06:00:20  INFO  
④ 📰  消息面
06:00:20  INFO    [🇹🇼 台灣] 美以伊開戰第21天！川普：我不想要停火
06:00:20  INFO    [🇹🇼 台灣] 為何打伊朗不告訴盟友？日媒記者被川普「珍珠港」殺球！身分和立場遭起底| 國際
06:00:20  INFO    [🇹🇼 台灣] 週日起回暖「冬裝可以收了嗎」？專家解答了
06:00:20  INFO    [🇹🇼 台灣] 大快人心！惡女狠甩律師巴掌 囂張多日今狼狽遭收押
06:00:20  INFO    [🇹🇼 台灣] 嗆完「有本事宣布一邊一國」綠委秒照做 陳昭姿又爆氣：你們不配
06:00:20  INFO    [🇹🇼 台灣] 台灣中油下週原應漲5.3元 亞鄰機制下恐又凍漲
06:00:22  INFO    [🇯🇵 日本] 日美首腦會談成功「忠誠度考驗」與「霍爾木茲海峽繞道建設」 日美中三方思考 高橋洋一 日本如何解決問題
06:00:23  INFO    [🇯🇵 日本] 川普：美國距離實現伊朗戰爭目標又更近了一步
06:00:24  INFO    [🇯🇵 日本] 伊朗外長稱已準備好允許日本船隻通過霍爾木茲海峽
06:00:27  INFO    [🇯🇵 日本] 新名神隧道多起事故，造成6人死亡；追撞大貨車司機工作場所因涉嫌疏忽駕駛致人死亡被搜查（讀賣新聞在線）
06:00:28  INFO    [🇯🇵 日本] 【突發新聞】伊朗向美英聯合基地發射飛彈
06:00:29  INFO    [🇯🇵 日本] 美國向中東增兵4,500人，考慮佔領哈爾格島，呼籲日本、中國、韓國和歐洲確保霍爾木茲海峽穩定
06:00:31  INFO    [🇰🇷 韓國] 「我來參加婚禮了」 「以前也參加過，但又來了」 市民對警察在光化門廣場搜查表示不滿
06:00:33  INFO    [🇰🇷 韓國] 【大田火災現場】像「火柴盒」一樣的預製工廠瞬間被大火燒毀。
06:00:34  INFO    [🇰🇷 韓國] 李在明警告不要用商業貸款“購房”…“自願還款是合理的”
06:00:36  INFO    [🇰🇷 韓國] SBS《G-R》因無端懷疑「李在明參與黑幫」而道歉
06:00:36  INFO    [🇰🇷 韓國] 伊朗表示與日本協商後願意允許船隻通過霍爾木茲海峽
06:00:38  INFO    [🇰🇷 韓國] 川普再次指出韓國、中國和日本“必須支持霍爾木茲海峽正常化”
06:00:38  INFO    [🇺🇸 美國] Iran war latest: Trump says US considering winding down war but other nations must guard Hormuz
06:00:38  INFO    [🇺🇸 美國] Pentagon press policy ruled unconstitutional in case brought by N.Y. Times
06:00:38  INFO    [🇺🇸 美國] Arizona desert town breaks record for hottest March temperature in US history
06:00:38  INFO    [🇺🇸 美國] 2nd Marine Expeditionary Unit of around 2,200 Marines, 3 warships headed to Middle East as Iran war continues
06:00:38  INFO    [🇺🇸 美國] White House revises its DHS offer as talks to end shutdown pick up
06:00:38  INFO    [🇺🇸 美國] Murder, Arson Charges Filed In Chicago Firefighter’s Death
06:00:54  INFO  
🖥️  產生 HTML 報告...
06:00:54  INFO  
✅  HTML：報告_20260321_0600.html
06:00:54  INFO  ✅  CSV：機會分析_20260321_0600.csv
06:00:54  INFO  📝  Log：logs/scan_20260321_055936.log
