06:37:22  INFO  ======================================================================
06:37:22  INFO  🔥  每日機會分析系統 v10
06:37:22  INFO  📅  2026-03-21 06:37
06:37:22  INFO  ======================================================================
06:37:22  INFO  
① 🌕  CRYPTO
06:37:23  ERROR    BTC-USD: float() argument must be a string or a real number, not 'Series'
06:37:23  ERROR    ETH-USD: float() argument must be a string or a real number, not 'Series'
06:37:24  ERROR    SOL-USD: float() argument must be a string or a real number, not 'Series'
06:37:24  ERROR    BNB-USD: float() argument must be a string or a real number, not 'Series'
06:37:25  ERROR    XRP-USD: float() argument must be a string or a real number, not 'Series'
06:37:25  INFO    ✅ Crypto 0 筆
06:37:25  INFO  
② 📈  股票
06:37:26  INFO    [台] 3293.TWO     鈊象電子         $    744.00  +0.13% 多空分歧
06:37:26  INFO             買入點：— 目前無買入信號  進場區：$659.5 ~ $672.8  止損：$649.9
06:37:27  INFO    [台] 00909.TW     國泰智能電動車ETF   $     39.81  -0.10% 多空分歧
06:37:27  INFO             買入點：— 目前無買入信號  進場區：$36.2 ~ $36.9  止損：$35.3
06:37:27  INFO    [台] 0056.TW      元大高股息        $     38.77  -0.28% 多空分歧
06:37:27  INFO             買入點：🎯 一條件滿足 — 待確認  進場區：$36.3 ~ $37.0  止損：$35.4
06:37:28  INFO    [台] 6111.TWO     6111擎亞       $     44.60  +1.25% 多空分歧
06:37:28  INFO             買入點：🎯 一條件滿足 — 待確認  進場區：$40.8 ~ $41.6  止損：$39.8
06:37:29  INFO    [台] 00878.TW     國泰永續高股息      $     22.47  +0.00% 多空分歧
06:37:29  INFO             買入點：🎯 一條件滿足 — 待確認  進場區：$21.2 ~ $21.6  止損：$20.6
06:37:30  INFO    [台] 3017.TW      奇鋐           $  2,050.00  +1.74% 三線多頭
06:37:30  INFO             買入點：— 目前無買入信號  進場區：$1,500.9 ~ $1,531.1  止損：$1,464.7
06:37:31  INFO    [台] 00713.TW     元大高息低波       $     51.70  -0.04% 多空分歧
06:37:31  INFO             買入點：🎯 一條件滿足 — 待確認  進場區：$49.8 ~ $50.8  止損：$48.6
06:37:32  INFO    [台] 00919.TW     群益台灣精選高息     $     22.97  -0.13% 多空分歧
06:37:32  INFO             買入點：🎯 一條件滿足 — 待確認  進場區：$21.7 ~ $22.2  止損：$21.2
06:37:33  INFO    [美] NVDA         NVIDIA       $    172.70  -3.28% 三線空頭
06:37:33  INFO             買入點：🎯 一條件滿足 — 待確認  進場區：$170.9 ~ $174.3  止損：$166.6
06:37:34  INFO    [美] GEV          GE Vernova   $    851.07  -3.00% 多空分歧
06:37:34  INFO             買入點：🎯 一條件滿足 — 待確認  進場區：$772.6 ~ $788.2  止損：$753.2
06:37:35  INFO    [台] 2330.TW      台積電          $  1,840.00  -0.54% 多空分歧
06:37:35  INFO             買入點：🎯 一條件滿足 — 待確認  進場區：$1,755.4 ~ $1,790.7  止損：$1,711.3
06:37:35  INFO    [美] AMD          AMD          $    201.33  -1.92% 多空分歧
06:37:35  INFO             買入點：🎯 一條件滿足 — 待確認  進場區：$187.3 ~ $191.0  止損：$182.6
06:37:36  INFO    [美] TSM          台積電ADR       $    329.24  -2.82% 多空分歧
06:37:36  INFO             買入點：🎯 一條件滿足 — 待確認  進場區：$317.6 ~ $324.0  止損：$315.4
06:37:37  INFO    [台] 2317.TW      鴻海           $    203.00  -0.98% 三線空頭
06:37:37  INFO             買入點：🎯 一條件滿足 — 待確認  進場區：$195.5 ~ $199.4  止損：$194.5
06:37:38  INFO    [台] 2530.TW      華建           $     24.90  +0.40% 三線空頭
06:37:38  INFO             買入點：🎯 一條件滿足 — 待確認  進場區：$24.3 ~ $24.7  止損：$23.8
06:37:39  INFO    [美] MU           美光           $    422.90  -4.81% 多空分歧
06:37:39  INFO             買入點：— 目前無買入信號  進場區：$355.9 ~ $363.0  止損：$346.9
06:37:40  INFO    [美] LRCX         科林研發         $    228.36  -2.41% 多空分歧
06:37:40  INFO             買入點：— 目前無買入信號  進場區：$193.1 ~ $197.0  止損：$188.3
06:37:41  INFO    [台] 00631L.TW    元大台灣50正2     $    469.35  -0.67% 多空分歧
06:37:41  INFO             買入點：🎯 一條件滿足 — 待確認  進場區：$414.4 ~ $422.7  止損：$404.0
06:37:42  INFO    [台] 00910.TW     第一金太空衛星      $     57.25  +0.88% 三線多頭
06:37:42  INFO             買入點：— 目前無買入信號  進場區：$52.1 ~ $53.1  止損：$50.8
06:37:43  INFO    [台] 2308.TW      台達電          $  1,475.00  +1.37% 三線多頭
06:37:43  INFO             買入點：— 目前無買入信號  進場區：$1,184.0 ~ $1,207.8  止損：$1,154.3
06:37:43  INFO    ⏰ 6:xx 外資 16:30 後更新
06:37:43  INFO    ✅ 股票 20 筆
06:37:43  INFO  
③ 🌟  生活熱門趨勢
06:37:43  INFO    📊 Google Trends 台灣（生活/食衣住行）...
06:37:44  INFO    [食品飲料] 熱度:18 動能:+65% 最熱關鍵字：美食 🔥🔥🔥
06:37:46  INFO    [服飾美妝] 熱度:33 動能:+9% 最熱關鍵字：穿搭 🔥🔥
06:37:49  INFO    [居家生活] 熱度:30 動能:+10% 最熱關鍵字：家具 🔥🔥
06:37:51  INFO    [娛樂3C] 熱度:40 動能:+1% 最熱關鍵字：手機 🔥
06:37:53  INFO    [健康運動] 熱度:38 動能:-8% 最熱關鍵字：健身 ❄️
06:37:56  INFO    [旅遊交通] 熱度:23 動能:-18% 最熱關鍵字：機票 ❄️
06:37:58  INFO    💬 Dcard 熱門...
06:37:58  WARNING      ⚠️  www.dcard.tw → 403 Client Error: Forbidden for url: https://www.dcard.tw/f/trending
06:37:58  INFO    📋 PTT 熱門...
06:37:58  WARNING      ⚠️  www.ptt.cc → ('Connection aborted.', ConnectionResetError(104, 'Connection reset by peer'))
06:37:59  INFO    [PTT/Stock] [2] Re: [新聞] 臥底投資詐騙line群組實測：大河證券X大河智贏
06:37:59  INFO    [PTT/Stock] [70] [請益] 所以到底有沒有真正的避險資產
06:37:59  INFO    [PTT/Stock] [30] [新聞] 女生不愛玩股「只會定期定額？」一票搖頭
06:37:59  INFO    [PTT/Stock] [] [公告] 股票板板規 v4.7 (2024/10/06 修正)
06:37:59  INFO    [PTT/Stock] [6] [公告] 4-6-1罰則將在1/22開始到年底加重至30天
06:38:00  INFO    [PTT/beauty] [10] [正妹] 崔荷潾
06:38:00  INFO    [PTT/beauty] [8] [正妹] 星期六早晨
06:38:00  INFO    [PTT/beauty] [] [正妹] Cosplay 2647 中國 米哈拉 莉央
06:38:00  INFO    [PTT/beauty] [4] [正妹] 乃木坂46 川崎櫻
06:38:00  INFO    [PTT/beauty] [92] [公告] 不願上表特 ＆ 優文推薦 ＆ 檢舉建議專區
06:38:01  INFO    [PTT/movie] [爆] ［情報］羅禮士過世
06:38:01  INFO    [PTT/movie] [2] [新聞] 阿湯哥有望在新片《邁阿密風雲》中飾演反
06:38:01  INFO    [PTT/movie] [] [討論] 馬克華柏格《凸槌拍檔》預告！
06:38:01  INFO    [PTT/movie] [4] [新聞]本來要拍《蜘蛛人》反派《邪惡六人組》！
06:38:02  INFO    [PTT/food] [] [食記] 宜蘭羅東 隱藏在住宅區的美味台式料理
06:38:02  INFO    [PTT/food] [] [食記] 台南南區 玉翠越南河粉 好吃平價
06:38:02  INFO    [PTT/food] [] [食記] 台南南區 阿美肉燥飯 真的在地人才知道
06:38:02  INFO    [PTT/food] [] [食記] 泰國曼谷 Fika&Co
06:38:02  INFO    📺 YouTube 台灣熱門...
06:38:03  INFO    🎵 TikTok...
06:38:04  INFO    [TikTok] #1 #eidmubarak
06:38:04  INFO    🛍️  Shopee 台灣熱銷...
06:38:07  INFO    💬 Reddit 熱賣（本週）...
06:38:07  INFO    ✅ 生活趨勢完成
06:38:07  INFO  
④ 📰  消息面
06:38:07  INFO    [🇹🇼 台灣] 快訊／川普：考慮「逐步減少」在伊朗的軍事行動
06:38:07  INFO    [🇹🇼 台灣] 為何打伊朗不告訴盟友？日媒記者被川普「珍珠港」殺球！身分和立場遭起底| 國際
06:38:07  INFO    [🇹🇼 台灣] 週日起回暖「冬裝可以收了嗎」？專家解答了
06:38:07  INFO    [🇹🇼 台灣] 大快人心！惡女狠甩律師巴掌 囂張多日今狼狽遭收押
06:38:07  INFO    [🇹🇼 台灣] 嗆完「有本事宣布一邊一國」綠委秒照做 陳昭姿又爆氣：你們不配
06:38:07  INFO    [🇹🇼 台灣] 台灣中油下週原應漲5.3元 亞鄰機制下恐又凍漲
06:38:08  INFO    [🇯🇵 日本] 日美首腦會談成功「忠誠度考驗」與「霍爾木茲海峽繞道建設」 日美中三方思考 高橋洋一 日本如何解決問題
06:38:09  INFO    [🇯🇵 日本] 川普：美國距離實現伊朗戰爭目標又更近了一步
06:38:09  INFO    [🇯🇵 日本] 伊朗外長稱已準備好允許日本船隻通過霍爾木茲海峽
06:38:09  INFO    [🇯🇵 日本] 新名神隧道多起事故，造成6人死亡；追撞大貨車司機工作場所因涉嫌疏忽駕駛致人死亡被搜查（讀賣新聞在線）
06:38:09  INFO    [🇯🇵 日本] 在邊野古海岸傾覆的抗議船「平和丸號」的船長自願接受審訊，或許是為了確認出發後的情況？第11管
06:38:12  INFO    [🇯🇵 日本] 一名漁民落海身亡，三人失蹤……一名獲救者已被發現，無生命危險。搜救工作仍在福井縣堺市、福井海上保安廳等地繼續進行。
06:38:13  INFO    [🇰🇷 韓國] 「我來參加婚禮了」 「以前也參加過，但又來了」 市民對警察在光化門廣場搜查表示不滿
06:38:14  INFO    [🇰🇷 韓國] 【現場】大田火災已造成11人死亡…預製工廠瞬間崩塌倒塌
06:38:14  INFO    [🇰🇷 韓國] 李在明警告不要用商業貸款“購房”…“自願還款是合理的”
06:38:14  INFO    [🇰🇷 韓國] SBS《G-R》因無端懷疑「李在明參與黑幫」而道歉
06:38:14  INFO    [🇰🇷 韓國] 金總理就將柳時敏稱為「享有盛名的江南知識分子」表示歉意
06:38:15  INFO    [🇰🇷 韓國] 伊朗表示與日本協商後願意允許船隻通過霍爾木茲海峽
06:38:15  INFO    [🇺🇸 美國] Iran war latest: Trump says US considering 'winding down' war but other nations must guard Hormuz
06:38:15  INFO    [🇺🇸 美國] Trump administration lifts sanctions on millions of barrels of Iranian oil
06:38:15  INFO    [🇺🇸 美國] Arizona desert town breaks record for hottest March temperature in US history
06:38:15  INFO    [🇺🇸 美國] Striking Down Pentagon Press Limits, Judge Vindicates Independent Journalism
06:38:15  INFO    [🇺🇸 美國] White House revises its DHS offer as talks to end shutdown pick up
06:38:15  INFO    [🇺🇸 美國] Murder, Arson Charges Filed In Chicago Firefighter’s Death
06:38:29  INFO  
🖥️  產生 HTML 報告...
06:38:29  INFO  
✅  HTML：報告_20260321_0638.html
06:38:29  INFO  ✅  CSV：機會分析_20260321_0638.csv
06:38:29  INFO  📝  Log：logs/scan_20260321_063722.log
