09:59:57  INFO  ======================================================================
09:59:57  INFO  🔥  每日機會分析系統 v10
09:59:57  INFO  📅  2026-05-02 09:59
09:59:57  INFO  ======================================================================
09:59:57  INFO  
① 🌕  CRYPTO
09:59:57  ERROR    BTC-USD: float() argument must be a string or a real number, not 'Series'
09:59:58  ERROR    ETH-USD: float() argument must be a string or a real number, not 'Series'
09:59:58  ERROR    SOL-USD: float() argument must be a string or a real number, not 'Series'
09:59:59  ERROR    BNB-USD: float() argument must be a string or a real number, not 'Series'
09:59:59  ERROR    XRP-USD: float() argument must be a string or a real number, not 'Series'
09:59:59  INFO    ✅ Crypto 0 筆
09:59:59  INFO  
② 📈  股票
10:00:00  INFO    [台] 3293.TWO     鈊象電子         $    748.00  -1.06% 多空分歧
10:00:00  INFO             買入點：🎯 一條件滿足 — 待確認  進場區：$734.3 ~ $749.1  止損：$715.9
10:00:01  INFO    [台] 00909.TW     國泰智能電動車ETF   $     41.43  -1.52% 多空分歧
10:00:01  INFO             買入點：— 目前無買入信號  進場區：$33.4 ~ $34.1  止損：$32.6
10:00:02  INFO    [台] 0056.TW      元大高股息        $     40.90  -0.07% 偏多
10:00:02  INFO             買入點：— 目前無買入信號  進場區：$36.4 ~ $37.1  止損：$35.7
10:00:02  INFO    [台] 6111.TWO     6111擎亞       $     45.05  +0.45% 多空分歧
10:00:02  INFO             買入點：🎯 一條件滿足 — 待確認  進場區：$40.7 ~ $41.6  止損：$39.7
10:00:03  INFO    [台] 00878.TW     國泰永續高股息      $     25.39  +0.36% 三線多頭
10:00:03  INFO             買入點：— 目前無買入信號  進場區：$21.5 ~ $21.9  止損：$21.3
10:00:04  INFO    [台] 3017.TW      奇鋐           $  2,835.00  +0.00% 偏多
10:00:04  INFO             買入點：— 目前無買入信號  進場區：$1,876.1 ~ $1,913.8  止損：$1,954.5
10:00:05  INFO    [台] 00713.TW     元大高息低波       $     52.85  -0.28% 多空分歧
10:00:05  INFO             買入點：🎯 一條件滿足 — 待確認  進場區：$50.8 ~ $51.9  止損：$49.6
10:00:06  INFO    [台] 00919.TW     群益台灣精選高息     $     23.65  +0.00% 三線多頭
10:00:06  INFO             買入點：— 目前無買入信號  進場區：$22.1 ~ $22.6  止損：$21.6
10:00:06  INFO    [美] NVDA         NVIDIA       $    198.45  -0.56% 多空分歧
10:00:06  INFO             買入點：🎯 一條件滿足 — 待確認  進場區：$172.8 ~ $176.3  止損：$168.5
10:00:07  INFO    [美] GEV          GE Vernova   $  1,062.95  -1.89% 多空分歧
10:00:07  INFO             買入點：— 目前無買入信號  進場區：$866.1 ~ $883.5  止損：$852.8
10:00:08  INFO    [台] 2330.TW      台積電          $  2,135.00  -2.06% 偏多
10:00:08  INFO             買入點：— 目前無買入信號  進場區：$1,792.8 ~ $1,828.9  止損：$1,750.8
10:00:09  INFO    [美] AMD          AMD          $    360.54  +1.71% 三線多頭
10:00:09  INFO             買入點：— 目前無買入信號  進場區：$192.0 ~ $195.9  止損：$208.9
10:00:10  INFO    [美] TSM          台積電ADR       $    397.67  +0.41% 多空分歧
10:00:10  INFO             買入點：— 目前無買入信號  進場區：$334.0 ~ $340.7  止損：$325.6
10:00:10  INFO    [台] 2317.TW      鴻海           $    219.50  -2.44% 多空分歧
10:00:10  INFO             買入點：— 目前無買入信號  進場區：$185.7 ~ $189.4  止損：$183.8
10:00:11  INFO    [台] 2530.TW      華建           $     20.85  -1.65% 三線空頭
10:00:11  INFO             買入點：🎯 一條件滿足 — 待確認  進場區：$20.3 ~ $20.7  止損：$19.9
10:00:12  INFO    [美] MU           美光           $    542.21  +4.84% 三線多頭
10:00:12  INFO             買入點：— 目前無買入信號  進場區：$362.3 ~ $369.6  止損：$353.2
10:00:13  INFO    [美] LRCX         科林研發         $    256.72  -0.44% 多空分歧
10:00:13  INFO             買入點：🎯 一條件滿足 — 待確認  進場區：$215.4 ~ $219.7  止損：$210.0
10:00:14  INFO    [台] 00631L.TW    元大台灣50正2     $     28.61  -0.73% 三線多頭
10:00:14  INFO             買入點：— 目前無買入信號  進場區：$19.4 ~ $19.8  止損：$19.3
10:00:14  INFO    [台] 00910.TW     第一金太空衛星      $     64.35  -0.46% 多空分歧
10:00:14  INFO             買入點：🎯 一條件滿足 — 待確認  進場區：$56.6 ~ $57.7  止損：$55.1
10:00:15  INFO    [台] 2308.TW      台達電          $  2,165.00  +0.00% 三線多頭
10:00:15  INFO             買入點：— 目前無買入信號  進場區：$1,384.9 ~ $1,412.8  止損：$1,377.4
10:00:16  INFO    ⏰ 10:xx 外資 16:30 後更新
10:00:16  INFO    ✅ 股票 20 筆
10:00:16  INFO  
③ 🌟  生活熱門趨勢
10:00:16  INFO    📊 Google Trends 台灣（生活/食衣住行）...
10:00:16  INFO    [食品飲料] 熱度:20 動能:+70% 最熱關鍵字：美食 🔥🔥🔥
10:00:19  INFO    [服飾美妝] 熱度:43 動能:+12% 最熱關鍵字：防曬 🔥🔥
10:00:21  INFO    [居家生活] 熱度:40 動能:+22% 最熱關鍵字：家具 🔥🔥🔥
10:00:23  INFO    [娛樂3C] 熱度:34 動能:+10% 最熱關鍵字：手機 🔥🔥
10:00:26  WARNING    [健康運動] The request failed: Google returned a response with code 429
10:00:29  WARNING    [旅遊交通] The request failed: Google returned a response with code 429
10:00:32  INFO    💬 Dcard 熱門...
10:00:32  WARNING      ⚠️  www.dcard.tw → 403 Client Error: Forbidden for url: https://www.dcard.tw/f/trending
10:00:32  INFO    📋 PTT 熱門...
10:00:33  WARNING      ⚠️  www.ptt.cc → ('Connection aborted.', ConnectionResetError(104, 'Connection reset by peer'))
10:00:33  INFO    [PTT/Stock] [] [公告] skyringcha, agoodjob 分身水桶
10:00:33  INFO    [PTT/Stock] [20] [新聞] 油價連五凍 中油宣布5/4起汽、柴油價格
10:00:33  INFO    [PTT/Stock] [9] [新聞] 台泥80歲》辜家最大公約數 傳辜仲諒接棒
10:00:33  INFO    [PTT/Stock] [28] [情報] 4919 新唐 115年Q1:0.02
10:00:33  INFO    [PTT/Stock] [2] [公告] Jaygo5566, loveoichi, sunblues 分身水桶
10:00:34  INFO    [PTT/beauty] [35] [正妹] 簡單暴力
10:00:34  INFO    [PTT/beauty] [4] [正妹] 海莉 電豹女
10:00:34  INFO    [PTT/beauty] [1] [正妹] 吳以悠
10:00:34  INFO    [PTT/beauty] [6] [正妹] 牛牛妹
10:00:34  INFO    [PTT/beauty] [4] [正妹] 謹夏
10:00:35  INFO    [PTT/movie] [4] [新聞] 珍妮佛羅培茲和下屬大談辦公室戀情！Netf
10:00:35  INFO    [PTT/movie] [2] [討論] 香港電影公司老闆和製作電影的二三事
10:00:35  INFO    [PTT/movie] [1] [ 好雷] 穿著Prada的惡魔2
10:00:35  INFO    [PTT/movie] [4] [新聞]《蜘蛛人：重生日》劇本首度公開！彼得孤
10:00:37  INFO    [PTT/food] [] [食記] 台北南港 島語自助餐吃到飽 假日下午茶
10:00:37  INFO    [PTT/food] [] [食記] 新北蘆洲 火岩堂職人三火封香雞排
10:00:37  INFO    [PTT/food] [] [食記] 牛莊園牛肉麵 台北大安 鮮清燉莊園牛肉麵
10:00:37  INFO    [PTT/food] [] [食記] 台北 涮乃葉日式涮涮鍋統一時代市府店
10:00:37  INFO    📺 YouTube 台灣熱門...
10:00:37  INFO    🎵 TikTok...
10:00:38  INFO    [TikTok] #1 #prom
10:00:38  INFO    🛍️  Shopee 台灣熱銷...
10:00:41  INFO    💬 Reddit 熱賣（本週）...
10:00:42  INFO    ✅ 生活趨勢完成
10:00:42  INFO  
④ 📰  消息面
10:00:42  INFO    [🇹🇼 台灣] 張雅屏諷否定黨團軍購決策成政治秀 藍委嗆：隨時可提修正 去問傅崐萁
10:00:42  INFO    [🇹🇼 台灣] 1家3口遊高雄散步挨撞婦人、女婿不治| 社會
10:00:42  INFO    [🇹🇼 台灣] 台南女警遭追撞輾斃 涉案女大生現身靈堂鞠躬致意
10:00:42  INFO    [🇹🇼 台灣] 北約自救 ! 德公開「去美國化」白皮書 川普氣炸要從這「不聽話3國」撤軍.....
10:00:42  INFO    [🇹🇼 台灣] 快訊／中油宣布「下週油價」 汽、柴油維持不調整
10:00:42  INFO    [🇹🇼 台灣] 美伊戰爭突顯台灣危機？學者看「川普一招閃過」撤軍要求：讓步北京沒人能擋 | 李瑋萱 | 新聞
10:00:44  INFO    [🇯🇵 日本] 奈良縣發生M5.7級地震，奈良、和歌山、三重縣地震強度4級，無懼海嘯
10:00:45  INFO    [🇯🇵 日本] 5000名美軍將從德國撤軍報復對伊朗攻擊的批評？
10:00:46  INFO    [🇯🇵 日本] 川普告知美國國會，與伊朗的敵對行動將隨著實現「停火」而結束，並堅稱不再需要國會批准
10:00:46  INFO    [🇯🇵 日本] 借金、別れ話の果てに…大阪母娘殺害、警察がリレー捜査で割り出した容疑者の素顔と足取り
10:00:48  INFO    [🇯🇵 日本] 黃金週後半段天氣：什麼時候最適合旅遊？ （氣象預報員白石惠子2026年5月2日）
10:00:48  INFO    [🇯🇵 日本] 大槌町森林大火爆發第11天宣布被撲滅
10:00:50  INFO    [🇰🇷 韓國] 京畿道知事國家權力候選人楊香子…與民主黨秋美愛對抗
10:00:51  INFO    [🇰🇷 韓國] 總理勞動節買法國俱樂部…佛教勞工組織“停止政治表演”
10:00:51  INFO    [🇰🇷 韓國] 曹景泰在張東赫面前說：“緊急戒嚴是錯的。張東赫，別喊時代了，回家吧。”
10:00:52  INFO    [🇰🇷 韓國] 政府擔憂“霍爾木茲聯盟”…原油運輸路線“困境”
10:00:52  INFO    [🇰🇷 韓國] 最後撤走5000駐德美軍…川普警告成真
10:00:53  INFO    [🇰🇷 韓國] 國家權力集團首腦候選人“李想成為尼祿皇帝嗎…必須接受審判”
10:00:54  INFO    [🇺🇸 美國] US to withdraw thousands of troops from Germany
10:00:54  INFO    [🇺🇸 美國] Trump says Iran conflict is ‘terminated’ as he hits congressional deadline
10:00:54  INFO    [🇺🇸 美國] Court restricts abortion access across the US by blocking the mailing of mifepristone
10:00:54  INFO    [🇺🇸 美國] ‘What’s a more secure place than The Villages?’: Trump finds his people again in Florida
10:00:54  INFO    [🇺🇸 美國] Alabama Governor Calls Special Session to Adopt New House Maps
10:00:54  INFO    [🇺🇸 美國] Pirro says video shows moment gunman fired outside correspondents’ dinner
10:01:09  INFO  
🖥️  產生 HTML 報告...
10:01:09  INFO  
✅  HTML：報告_20260502_1001.html
10:01:09  INFO  ✅  CSV：機會分析_20260502_1001.csv
10:01:09  INFO  📝  Log：logs/scan_20260502_095957.log
