23:32:14  INFO  ======================================================================
23:32:14  INFO  🔥  每日機會分析系統 v10
23:32:14  INFO  📅  2026-04-19 23:32
23:32:14  INFO  ======================================================================
23:32:14  INFO  
① 🌕  CRYPTO
23:32:15  ERROR    BTC-USD: float() argument must be a string or a real number, not 'Series'
23:32:15  ERROR    ETH-USD: float() argument must be a string or a real number, not 'Series'
23:32:16  ERROR    SOL-USD: float() argument must be a string or a real number, not 'Series'
23:32:16  ERROR    BNB-USD: float() argument must be a string or a real number, not 'Series'
23:32:17  ERROR    XRP-USD: float() argument must be a string or a real number, not 'Series'
23:32:17  INFO    ✅ Crypto 0 筆
23:32:17  INFO  
② 📈  股票
23:32:18  INFO    [台] 3293.TWO     鈊象電子         $    775.00  +0.91% 偏多
23:32:18  INFO             買入點：— 目前無買入信號  進場區：$719.4 ~ $733.8  止損：$701.3
23:32:18  INFO    [台] 00909.TW     國泰智能電動車ETF   $     44.31  +0.73% 多空分歧
23:32:18  INFO             買入點：— 目前無買入信號  進場區：$34.4 ~ $35.1  止損：$34.2
23:32:19  INFO    [台] 0056.TW      元大高股息        $     40.98  +0.44% 三線多頭
23:32:19  INFO             買入點：— 目前無買入信號  進場區：$36.6 ~ $37.3  止損：$35.9
23:32:20  INFO    [台] 6111.TWO     6111擎亞       $     48.10  +1.80% 多空分歧
23:32:20  INFO             買入點：— 目前無買入信號  進場區：$39.7 ~ $40.5  止損：$38.7
23:32:21  INFO    [台] 00878.TW     國泰永續高股息      $     24.06  +1.09% 三線多頭
23:32:21  INFO             買入點：— 目前無買入信號  進場區：$21.3 ~ $21.8  止損：$21.1
23:32:22  INFO    [台] 3017.TW      奇鋐           $  2,400.00  -1.64% 三線多頭
23:32:22  INFO             買入點：— 目前無買入信號  進場區：$1,825.8 ~ $1,862.5  止損：$1,780.0
23:32:23  INFO    [台] 00713.TW     元大高息低波       $     54.00  +0.75% 三線多頭
23:32:23  INFO             買入點：— 目前無買入信號  進場區：$50.0 ~ $51.0  止損：$49.1
23:32:23  INFO    [台] 00919.TW     群益台灣精選高息     $     23.43  +0.56% 三線多頭
23:32:23  INFO             買入點：— 目前無買入信號  進場區：$21.9 ~ $22.3  止損：$21.3
23:32:24  INFO    [美] NVDA         NVIDIA       $    201.68  +1.68% 偏多
23:32:24  INFO             買入點：— 目前無買入信號  進場區：$159.2 ~ $162.4  止損：$159.3
23:32:25  INFO    [美] GEV          GE Vernova   $  1,002.75  +2.50% 偏多
23:32:25  INFO             買入點：— 目前無買入信號  進場區：$803.0 ~ $819.1  止損：$782.8
23:32:26  INFO    [台] 2330.TW      台積電          $  2,030.00  -2.64% 三線多頭
23:32:26  INFO             買入點：— 目前無買入信號  進場區：$1,681.4 ~ $1,715.2  止損：$1,707.2
23:32:27  INFO    [美] AMD          AMD          $    278.39  +0.05% 三線多頭
23:32:27  INFO             買入點：— 目前無買入信號  進場區：$174.0 ~ $177.5  止損：$187.1
23:32:27  INFO    [美] TSM          台積電ADR       $    370.50  +1.97% 多空分歧
23:32:27  INFO             買入點：— 目前無買入信號  進場區：$310.6 ~ $316.8  止損：$304.4
23:32:28  INFO    [台] 2317.TW      鴻海           $    206.00  -0.48% 多空分歧
23:32:28  INFO             買入點：— 目前無買入信號  進場區：$186.6 ~ $190.3  止損：$181.9
23:32:29  INFO    [台] 2530.TW      華建           $     22.60  -0.22% 三線空頭
23:32:29  INFO             買入點：🎯 一條件滿足 — 待確認  進場區：$22.0 ~ $22.5  止損：$21.8
23:32:30  INFO    [美] MU           美光           $    455.07  -0.47% 三線多頭
23:32:30  INFO             買入點：— 目前無買入信號  進場區：$309.9 ~ $316.2  止損：$302.1
23:32:31  INFO    [美] LRCX         科林研發         $    267.60  +2.54% 多空分歧
23:32:31  INFO             買入點：— 目前無買入信號  進場區：$191.0 ~ $194.8  止損：$192.6
23:32:32  INFO    [台] 00631L.TW    元大台灣50正2     $     25.59  -1.50% 多空分歧
23:32:32  INFO             買入點：🎯 一條件滿足 — 待確認  進場區：$-208.4 ~ $-212.6  止損：$18.5
23:32:33  INFO    [台] 00910.TW     第一金太空衛星      $     71.75  +5.44% 三線多頭
23:32:33  INFO             買入點：— 目前無買入信號  進場區：$51.3 ~ $52.3  止損：$52.9
23:32:34  INFO    [台] 2308.TW      台達電          $  1,840.00  -0.27% 三線多頭
23:32:34  INFO             買入點：— 目前無買入信號  進場區：$1,267.1 ~ $1,292.5  止損：$1,324.0
23:32:36  INFO    ✅ 股票 20 筆
23:32:36  INFO  
③ 🌟  生活熱門趨勢
23:32:36  INFO    📊 Google Trends 台灣（生活/食衣住行）...
23:32:37  INFO    [食品飲料] 熱度:7 動能:-36% 最熱關鍵字：美食 ❄️
23:32:39  INFO    [服飾美妝] 熱度:34 動能:+2% 最熱關鍵字：防曬 🔥
23:32:42  INFO    [居家生活] 熱度:22 動能:-34% 最熱關鍵字：家具 ❄️
23:32:44  INFO    [娛樂3C] 熱度:37 動能:-4% 最熱關鍵字：手機 ❄️
23:32:47  INFO    [健康運動] 熱度:41 動能:-6% 最熱關鍵字：健身 ❄️
23:32:49  INFO    [旅遊交通] 熱度:29 動能:-1% 最熱關鍵字：機票 ❄️
23:32:51  INFO    💬 Dcard 熱門...
23:32:52  WARNING      ⚠️  www.dcard.tw → 403 Client Error: Forbidden for url: https://www.dcard.tw/f/trending
23:32:52  INFO    📋 PTT 熱門...
23:32:52  WARNING      ⚠️  www.ptt.cc → ('Connection aborted.', ConnectionResetError(104, 'Connection reset by peer'))
23:32:53  INFO    [PTT/Stock] [5] [請益] 買2867三商壽 換 2884玉山金 划算？
23:32:53  INFO    [PTT/Stock] [1] [新聞] 陸電影龍頭去年營收增長5.65％ 淨利下滑1
23:32:53  INFO    [PTT/Stock] [8] [新聞] 決戰埃米世代！JSR攜手應材在台打造「
23:32:53  INFO    [PTT/Stock] [11] [心得] 買原油 是不是很好賺??有高手分享嗎?
23:32:54  INFO    [PTT/beauty] [74] [正妹] 爆乳草裙舞
23:32:54  INFO    [PTT/beauty] [14] [正妹] 新來的桃氣女同事 金佳垠
23:32:54  INFO    [PTT/beauty] [] [正妹] 徐賢淑
23:32:54  INFO    [PTT/beauty] [] [正妹] Cosplay 2696 日本 繩子
23:32:54  INFO    [PTT/beauty] [94] [公告] 不願上表特 ＆ 優文推薦 ＆ 檢舉建議專區
23:32:55  INFO    [PTT/movie] [] [新聞]沒破19億就算失敗？《無家日》超狂票房意
23:32:55  INFO    [PTT/movie] [4] [新聞]預告細節全解密！末日博士狂虐多重宇宙！
23:32:55  INFO    [PTT/movie] [] [ 好雷] 極限返航
23:32:55  INFO    [PTT/movie] [6] [新聞] 《麥可傑克森》首波評價出爐，觀眾看完
23:32:56  INFO    [PTT/food] [] [廣宣] 台北 台式頂級蝦湯鍋物-聚食釜
23:32:56  INFO    [PTT/food] [] [食記] 桃園市龍潭區。佟記蔥油餅
23:32:56  INFO    [PTT/food] [] [食記] 台北大安 水粵香10人桌招牌菜色開箱
23:32:56  INFO    [PTT/food] [1] [食記] 苗栗縣頭屋鄉-禪廚蔬食餐廳
23:32:56  INFO    [PTT/food] [] [食記] 新北市林口區。eat enjoy 意享美式廚房
23:32:57  INFO    📺 YouTube 台灣熱門...
23:32:57  INFO    🎵 TikTok...
23:32:57  INFO    [TikTok] #1 #mothersday
23:32:57  INFO    🛍️  Shopee 台灣熱銷...
23:33:01  INFO    💬 Reddit 熱賣（本週）...
23:33:02  INFO    ✅ 生活趨勢完成
23:33:02  INFO  
④ 📰  消息面
23:33:02  INFO    [🇹🇼 台灣] 伊朗短暫開放荷莫茲海峽8艘油輪與天然氣船通過| 國際
23:33:02  INFO    [🇹🇼 台灣] 高溫飆34度後大降溫！雷雨連炸3天 下最猛時間曝
23:33:02  INFO    [🇹🇼 台灣] 快訊／伊朗拒絕新一輪「與美對話」 轟川普海上封鎖太過分
23:33:02  INFO    [🇹🇼 台灣] 影／大甲媽起駕千里眼落地 民俗專家提醒顏清標二件事都應驗
23:33:02  INFO    [🇹🇼 台灣] 白沙屯媽祖心繫住院爐主阿公 「粉紅超跑」甩尾停駕童綜合
23:33:02  INFO    [🇹🇼 台灣] 陳智菡被說薪水太高落淚! 詹凌瑀嗆憑什麼領20萬：就是民眾黨蛀蟲| 政治
23:33:03  INFO    [🇯🇵 日本] 美軍在阿曼灣扣押了一艘懸掛伊朗國旗的大型貨船…川普在社群媒體上宣布
23:33:04  INFO    [🇯🇵 日本] 政治讀本：高內內閣：支持率變化的跡象…年輕人如何看待男女之間不斷擴大的差距？
23:33:06  INFO    [🇯🇵 日本] 美國南部路易斯安那州發生槍擊事件，造成8名1歲至14歲兒童死亡，包括親屬，警方開槍打死一名逃跑男子，可能因家庭糾紛
23:33:06  INFO    [🇯🇵 日本] 川普警告稱，如果伊朗拒絕達成協議，將“摧毀所有發電廠”；美國報告稱“將於21日重新談判”
23:33:07  INFO    [🇯🇵 日本] 埼玉縣久喜市長選舉岸信友首次當選，自民黨落敗
23:33:07  INFO    [🇯🇵 日本] 【突發新聞】仙台一公寓內的一隻熊被鎮靜劑槍催眠後被消滅。
23:33:08  INFO    [🇰🇷 韓國] 川普砲擊機艙扣押伊朗貨船 談判關鍵變數
23:33:09  INFO    [🇰🇷 韓國] 伊朗總統對調解國巴基斯坦表示，“美國試圖再次背叛我們……我們懷疑其誠意”
23:33:10  INFO    [🇰🇷 韓國] 李“印度，一個對未來充滿期待的國家……將兩國關係提升到一個完全不同的水平。”
23:33:12  INFO    [🇰🇷 韓國] “樸元淳的第二季…這座城市變成了左翼ATM機”
23:33:13  INFO    [🇰🇷 韓國] 李總統“源自大韓民國憲法的4月19日精神戰勝了內戰之夜。”
23:33:14  INFO    [🇰🇷 韓國] [獨家]「國會決議解除戒嚴後，參謀長聯席會議被要求增派部隊」…確認了尹錫烈企圖「第二次戒嚴」的情況
23:33:15  INFO    [🇺🇸 美國] Mass shooting rampage in Louisiana leaves eight children dead and others wounded
23:33:15  INFO    [🇺🇸 美國] U.S. takes Iran-flagged ship into custody, Trump says
23:33:15  INFO    [🇺🇸 美國] Businesses can claim refunds for Trump tariffs ruled unconstitutional starting Monday
23:33:15  INFO    [🇺🇸 美國] 5 people wounded in shooting near University of Iowa campus, including 3 students
23:33:15  INFO    [🇺🇸 美國] Activists Tear-Gassed at Failed Raid of Beagle Research Facility
23:33:15  INFO    [🇺🇸 美國] Republican senator criticizes Trump’s ‘holy war’ with Pope Leo
23:33:31  INFO  
🖥️  產生 HTML 報告...
23:33:31  INFO  
✅  HTML：報告_20260419_2333.html
23:33:31  INFO  ✅  CSV：機會分析_20260419_2333.csv
23:33:31  INFO  📝  Log：logs/scan_20260419_233214.log
