10:15:32  INFO  ======================================================================
10:15:32  INFO  🔥  每日機會分析系統 v10
10:15:32  INFO  📅  2026-04-09 10:15
10:15:32  INFO  ======================================================================
10:15:32  INFO  
① 🌕  CRYPTO
10:15:32  ERROR    BTC-USD: float() argument must be a string or a real number, not 'Series'
10:15:32  ERROR    ETH-USD: float() argument must be a string or a real number, not 'Series'
10:15:33  ERROR    SOL-USD: float() argument must be a string or a real number, not 'Series'
10:15:34  ERROR    BNB-USD: float() argument must be a string or a real number, not 'Series'
10:15:34  ERROR    XRP-USD: float() argument must be a string or a real number, not 'Series'
10:15:34  INFO    ✅ Crypto 0 筆
10:15:34  INFO  
② 📈  股票
10:15:35  INFO    [台] 3293.TWO     鈊象電子         $    764.00  -1.04% 三線多頭
10:15:35  INFO             買入點：— 目前無買入信號  進場區：$700.8 ~ $714.9  止損：$685.8
10:15:36  INFO    [台] 00909.TW     國泰智能電動車ETF   $     39.64  -0.10% 多空分歧
10:15:36  INFO             買入點：— 目前無買入信號  進場區：$35.1 ~ $35.8  止損：$34.2
10:15:37  INFO    [台] 0056.TW      元大高股息        $     39.08  +0.15% 偏多
10:15:37  INFO             買入點：— 目前無買入信號  進場區：$36.9 ~ $37.6  止損：$35.9
10:15:38  INFO    [台] 6111.TWO     6111擎亞       $     43.65  -0.80% 多空分歧
10:15:38  INFO             買入點：— 目前無買入信號  進場區：$39.7 ~ $40.5  止損：$38.7
10:15:39  INFO    [台] 00878.TW     國泰永續高股息      $     22.90  -0.09% 偏多
10:15:39  INFO             買入點：— 目前無買入信號  進場區：$21.7 ~ $22.1  止損：$21.1
10:15:40  INFO    [台] 3017.TW      奇鋐           $  2,235.00  +0.22% 三線多頭
10:15:40  INFO             買入點：— 目前無買入信號  進場區：$1,731.3 ~ $1,766.1  止損：$1,687.8
10:15:41  INFO    [台] 00713.TW     元大高息低波       $     52.40  +0.19% 三線多頭
10:15:41  INFO             買入點：— 目前無買入信號  進場區：$50.4 ~ $51.4  止損：$49.1
10:15:41  INFO    [台] 00919.TW     群益台灣精選高息     $     22.86  -0.61% 多空分歧
10:15:41  INFO             買入點：🎯 一條件滿足 — 待確認  進場區：$21.9 ~ $22.3  止損：$21.3
10:15:42  INFO    [美] NVDA         NVIDIA       $    182.08  +2.23% 多空分歧
10:15:42  INFO             買入點：🎯 一條件滿足 — 待確認  進場區：$163.4 ~ $166.7  止損：$159.3
10:15:43  INFO    [美] GEV          GE Vernova   $    936.07  +2.78% 三線多頭
10:15:43  INFO             買入點：— 目前無買入信號  進場區：$793.7 ~ $809.6  止損：$778.2
10:15:44  INFO    [台] 2330.TW      台積電          $  1,955.00  +0.26% 偏多
10:15:44  INFO             買入點：— 目前無買入信號  進場區：$1,740.9 ~ $1,775.9  止損：$1,707.2
10:15:45  INFO    [美] AMD          AMD          $    231.82  +4.64% 多空分歧
10:15:45  INFO             買入點：— 目前無買入信號  進場區：$184.7 ~ $188.4  止損：$186.5
10:15:46  INFO    [美] TSM          台積電ADR       $    365.90  +5.96% 三線多頭
10:15:46  INFO             買入點：🎯 一條件滿足 — 待確認  進場區：$312.2 ~ $318.5  止損：$304.4
10:15:46  INFO    [台] 2317.TW      鴻海           $    200.00  -0.74% 多空分歧
10:15:46  INFO             買入點：🎯 一條件滿足 — 待確認  進場區：$183.5 ~ $187.2  止損：$181.9
10:15:47  INFO    [台] 2530.TW      華建           $     23.55  -1.67% 三線空頭
10:15:47  INFO             買入點：🎯 一條件滿足 — 待確認  進場區：$23.1 ~ $23.6  止損：$22.6
10:15:48  INFO    [美] MU           美光           $    406.73  +7.72% 多空分歧
10:15:48  INFO             買入點：🎯 一條件滿足 — 待確認  進場區：$309.9 ~ $316.2  止損：$302.1
10:15:49  INFO    [美] LRCX         科林研發         $    246.49  +9.87% 三線多頭
10:15:49  INFO             買入點：🎯 一條件滿足 — 待確認  進場區：$197.6 ~ $201.6  止損：$192.6
10:15:50  INFO    [台] 00631L.TW    元大台灣50正2     $     22.81  -0.52% 多空分歧
10:15:50  INFO             買入點：🎯 一條件滿足 — 待確認  進場區：$-253.4 ~ $-258.5  止損：$18.5
10:15:51  INFO    [台] 00910.TW     第一金太空衛星      $     66.05  -2.00% 三線多頭
10:15:51  INFO             買入點：— 目前無買入信號  進場區：$51.3 ~ $52.4  止損：$52.9
10:15:52  INFO    [台] 2308.TW      台達電          $  1,645.00  -1.20% 三線多頭
10:15:52  INFO             買入點：— 目前無買入信號  進場區：$1,293.7 ~ $1,319.7  止損：$1,285.2
10:15:52  INFO    ⏰ 10:xx 外資 16:30 後更新
10:15:52  INFO    ✅ 股票 20 筆
10:15:52  INFO  
③ 🌟  生活熱門趨勢
10:15:52  INFO    📊 Google Trends 台灣（生活/食衣住行）...
10:15:53  INFO    [食品飲料] 熱度:11 動能:-8% 最熱關鍵字：美食 ❄️
10:15:55  INFO    [服飾美妝] 熱度:27 動能:-19% 最熱關鍵字：穿搭 ❄️
10:15:58  INFO    [居家生活] 熱度:33 動能:+4% 最熱關鍵字：家具 🔥
10:16:01  INFO    [娛樂3C] 熱度:30 動能:-19% 最熱關鍵字：手機 ❄️
10:16:03  INFO    [健康運動] 熱度:38 動能:-1% 最熱關鍵字：健身 ❄️
10:16:06  INFO    [旅遊交通] 熱度:22 動能:-10% 最熱關鍵字：機票 ❄️
10:16:08  INFO    💬 Dcard 熱門...
10:16:08  WARNING      ⚠️  www.dcard.tw → 403 Client Error: Forbidden for url: https://www.dcard.tw/f/trending
10:16:08  INFO    📋 PTT 熱門...
10:16:08  WARNING      ⚠️  www.ptt.cc → ('Connection aborted.', ConnectionResetError(104, 'Connection reset by peer'))
10:16:09  INFO    [PTT/Stock] [28] [情報] 8112 至上 3月營收
10:16:09  INFO    [PTT/Stock] [7] [新聞] 美伊和談帶動美股上漲！500大富豪單日財
10:16:09  INFO    [PTT/Stock] [2] [情報] 7892 元鈦科 三月營收
10:16:09  INFO    [PTT/Stock] [10] [情報] 2357 華碩 3月營收
10:16:09  INFO    [PTT/Stock] [10] Re: [標的] 00662 富邦納斯達克 買入報酬設算
10:16:10  INFO    [PTT/beauty] [1] [正妹] JuJu_貴婦臉+比基尼
10:16:10  INFO    [PTT/beauty] [18] [正妹] Julia
10:16:10  INFO    [PTT/beauty] [1] [正妹] Snoop Dogg帶你遊玩大型春季活動
10:16:10  INFO    [PTT/beauty] [5] [正妹] 小迪 冼迪琦
10:16:10  INFO    [PTT/beauty] [] [正妹] 年輕女大生
10:16:11  INFO    [PTT/movie] [27] [討論] 麥可傑克森(Michael)最終預告片
10:16:11  INFO    [PTT/movie] [10] [新聞] 克里斯汀貝爾主演科學新娘！負評連連！好
10:16:11  INFO    [PTT/movie] [7] [新聞] 【抓馬戀人】台灣上映5天票房勇破千萬！
10:16:11  INFO    [PTT/movie] [5] [好雷] 抓馬戀人 女主角有夠可憐的吧
10:16:11  INFO    [PTT/movie] [] [新聞] 真人版《小美人魚》女星無畏「種族歧視」
10:16:12  INFO    [PTT/food] [] [食記] 伊娜飛魚餐廳 花蓮豐濱 飛魚卵香腸燻飛魚
10:16:12  INFO    [PTT/food] [5] [食記] 台北 祥星記一鴨三吃 好吃燒臘便當店
10:16:12  INFO    [PTT/food] [] [食記] 東京 居酒家 さいたどう燒鳥串燒 等很久
10:16:12  INFO    [PTT/food] [] [食記] 台北 士林區｜筠芝和牛本舖
10:16:12  INFO    [PTT/food] [] [食記] 吉隆坡 甲洞興記肉骨茶(分店)
10:16:12  INFO    📺 YouTube 台灣熱門...
10:16:13  INFO    🎵 TikTok...
10:16:14  INFO    [TikTok] #1 #keniaos
10:16:14  INFO    🛍️  Shopee 台灣熱銷...
10:16:18  INFO    💬 Reddit 熱賣（本週）...
10:16:18  INFO    ✅ 生活趨勢完成
10:16:18  INFO  
④ 📰  消息面
10:16:18  INFO    [🇹🇼 台灣] 中山陵喊「下架民進黨」被鎖喉押走！網諷荒謬：在中國根本是造反
10:16:18  INFO    [🇹🇼 台灣] 伊朗停火10點方案非美國同意版本! 川普轟不實：他們完全就是騙子| 國際
10:16:18  INFO    [🇹🇼 台灣] 準颱風辛樂克有機會變強颱 下周2波微弱鋒面北東轉雨
10:16:18  INFO    [🇹🇼 台灣] 鄭麗文訪中喊「和平之旅」又被打臉 中共突宣布今黃海實彈射擊
10:16:18  INFO    [🇹🇼 台灣] 藍委集體缺席軍購條例協商 提附帶決議確立沒「+N」
10:16:18  INFO    [🇹🇼 台灣] 有罪！爆陳時中、蘇貞昌「靠疫苗A了1億美金」 吳子嘉判8月定讞
10:16:19  INFO    [🇯🇵 日本] 伊朗宣布再次關閉霍爾木茲海峽；日本內閣官房長官木原「提及評論」強調42艘日本船隻擱淺局勢已趨於平靜
10:16:20  INFO    [🇯🇵 日本] 高市首相與歐洲領導人發表聯合聲明，呼籲「包括在黎巴嫩」停火
10:16:22  INFO    [🇯🇵 日本] 54 歲司機在 Shin-Meishin 事故中因“看智慧型手機”而被控過失殺人罪，導致 6 人死亡
10:16:23  INFO    [🇯🇵 日本] 「馬赫電氣維修」男子因涉嫌收取高額不必要的斷路器維修費用而被捕
10:16:25  INFO    [🇯🇵 日本] 京都/南丹市六年級男孩失蹤市教育委員會計劃在小學和初中安裝更多安全攝影機（2026年4月8日發布）
10:16:26  INFO    [🇯🇵 日本] 巴基斯坦連夜趕赴美伊停火協議
10:16:29  INFO    [🇰🇷 韓國] 【突發新聞】鄭元午當選首爾市長民主黨候選人…以多數票直接晉級決賽
10:16:30  INFO    [🇰🇷 韓國] “10分鐘內擊中100個目標”以色列對黎巴嫩的空襲……韓國大使：“在為時已晚之前離開”
10:16:32  INFO    [🇰🇷 韓國] 綜合特檢檢察官樸相龍涉嫌“向北韓匯款調查”，被立案並禁止出境
10:16:35  INFO    [🇰🇷 韓國] 伊朗宣布通往霍爾木茲海峽的替代路線...在現有路線上標記“危險區”
10:16:37  INFO    [🇰🇷 韓國] HD現代重工紅範島船維修時起火，60多歲工人失蹤
10:16:38  INFO    [🇰🇷 韓國] 李總統提出加強稅收的目標是“企業非商業用地”，但“賬簿上的內容很少”
10:16:39  INFO    [🇺🇸 美國] 36 Hours of Chaos: The Scramble for a Cease-Fire in Iran
10:16:39  INFO    [🇺🇸 美國] US man arrested in case of Michigan woman's disappearance in Bahamas
10:16:39  INFO    [🇺🇸 美國] Trump's abrupt Iran reversal exposes limits of his leverage
10:16:39  INFO    [🇺🇸 美國] Gilgo Beach suspect pleads guilty, admits killing 8 women over 3 decades
10:16:39  INFO    [🇺🇸 美國] Trump to Discuss Leaving NATO When He Meets Alliance Chief
10:16:39  INFO    [🇺🇸 美國] Shipping stalls as Tehran dictates terms in Hormuz
10:16:53  INFO  
🖥️  產生 HTML 報告...
10:16:53  INFO  
✅  HTML：報告_20260409_1016.html
10:16:53  INFO  ✅  CSV：機會分析_20260409_1016.csv
10:16:53  INFO  📝  Log：logs/scan_20260409_101532.log
