16:52:44  INFO  ======================================================================
16:52:44  INFO  🔥  每日機會分析系統 v10
16:52:44  INFO  📅  2026-03-21 16:52
16:52:44  INFO  ======================================================================
16:52:44  INFO  
① 🌕  CRYPTO
16:52:45  ERROR    BTC-USD: float() argument must be a string or a real number, not 'Series'
16:52:46  ERROR    ETH-USD: float() argument must be a string or a real number, not 'Series'
16:52:46  ERROR    SOL-USD: float() argument must be a string or a real number, not 'Series'
16:52:47  ERROR    BNB-USD: float() argument must be a string or a real number, not 'Series'
16:52:47  ERROR    XRP-USD: float() argument must be a string or a real number, not 'Series'
16:52:48  INFO    ✅ Crypto 0 筆
16:52:48  INFO  
② 📈  股票
16:52:48  INFO    [台] 3293.TWO     鈊象電子         $    744.00  +0.13% 多空分歧
16:52:48  INFO             買入點：— 目前無買入信號  進場區：$659.5 ~ $672.8  止損：$649.9
16:52:49  INFO    [台] 00909.TW     國泰智能電動車ETF   $     39.81  -0.10% 多空分歧
16:52:49  INFO             買入點：— 目前無買入信號  進場區：$36.2 ~ $36.9  止損：$35.3
16:52:50  INFO    [台] 0056.TW      元大高股息        $     38.77  -0.28% 多空分歧
16:52:50  INFO             買入點：🎯 一條件滿足 — 待確認  進場區：$36.3 ~ $37.0  止損：$35.4
16:52:51  INFO    [台] 6111.TWO     6111擎亞       $     44.60  +1.25% 多空分歧
16:52:51  INFO             買入點：🎯 一條件滿足 — 待確認  進場區：$40.8 ~ $41.6  止損：$39.8
16:52:52  INFO    [台] 00878.TW     國泰永續高股息      $     22.47  +0.00% 多空分歧
16:52:52  INFO             買入點：🎯 一條件滿足 — 待確認  進場區：$21.2 ~ $21.6  止損：$20.6
16:52:53  INFO    [台] 3017.TW      奇鋐           $  2,050.00  +1.74% 三線多頭
16:52:53  INFO             買入點：— 目前無買入信號  進場區：$1,500.9 ~ $1,531.1  止損：$1,464.7
16:52:53  INFO    [台] 00713.TW     元大高息低波       $     51.70  -0.04% 多空分歧
16:52:53  INFO             買入點：🎯 一條件滿足 — 待確認  進場區：$49.8 ~ $50.8  止損：$48.6
16:52:54  INFO    [台] 00919.TW     群益台灣精選高息     $     22.97  -0.13% 多空分歧
16:52:54  INFO             買入點：🎯 一條件滿足 — 待確認  進場區：$21.7 ~ $22.2  止損：$21.2
16:52:55  INFO    [美] NVDA         NVIDIA       $    172.70  -3.28% 三線空頭
16:52:55  INFO             買入點：🎯 一條件滿足 — 待確認  進場區：$170.9 ~ $174.3  止損：$166.6
16:52:56  INFO    [美] GEV          GE Vernova   $    851.07  -3.00% 多空分歧
16:52:56  INFO             買入點：🎯 一條件滿足 — 待確認  進場區：$772.6 ~ $788.2  止損：$753.2
16:52:57  INFO    [台] 2330.TW      台積電          $  1,840.00  -0.54% 多空分歧
16:52:57  INFO             買入點：🎯 一條件滿足 — 待確認  進場區：$1,755.4 ~ $1,790.7  止損：$1,711.3
16:52:57  INFO    [美] AMD          AMD          $    201.33  -1.92% 多空分歧
16:52:57  INFO             買入點：🎯 一條件滿足 — 待確認  進場區：$187.3 ~ $191.0  止損：$182.6
16:52:58  INFO    [美] TSM          台積電ADR       $    329.24  -2.82% 多空分歧
16:52:58  INFO             買入點：🎯 一條件滿足 — 待確認  進場區：$317.6 ~ $324.0  止損：$315.4
16:52:59  INFO    [台] 2317.TW      鴻海           $    203.00  -0.98% 三線空頭
16:52:59  INFO             買入點：🎯 一條件滿足 — 待確認  進場區：$195.5 ~ $199.4  止損：$194.5
16:53:00  INFO    [台] 2530.TW      華建           $     24.90  +0.40% 三線空頭
16:53:00  INFO             買入點：🎯 一條件滿足 — 待確認  進場區：$24.3 ~ $24.7  止損：$23.8
16:53:01  INFO    [美] MU           美光           $    422.90  -4.81% 多空分歧
16:53:01  INFO             買入點：— 目前無買入信號  進場區：$355.9 ~ $363.0  止損：$346.9
16:53:02  INFO    [美] LRCX         科林研發         $    228.36  -2.41% 多空分歧
16:53:02  INFO             買入點：— 目前無買入信號  進場區：$193.1 ~ $197.0  止損：$188.3
16:53:03  INFO    [台] 00631L.TW    元大台灣50正2     $    469.35  -0.67% 多空分歧
16:53:03  INFO             買入點：🎯 一條件滿足 — 待確認  進場區：$414.4 ~ $422.7  止損：$404.0
16:53:03  INFO    [台] 00910.TW     第一金太空衛星      $     57.25  +0.88% 三線多頭
16:53:03  INFO             買入點：— 目前無買入信號  進場區：$52.1 ~ $53.1  止損：$50.8
16:53:04  INFO    [台] 2308.TW      台達電          $  1,475.00  +1.37% 三線多頭
16:53:04  INFO             買入點：— 目前無買入信號  進場區：$1,184.0 ~ $1,207.8  止損：$1,154.3
16:53:07  INFO    ✅ 股票 20 筆
16:53:07  INFO  
③ 🌟  生活熱門趨勢
16:53:07  INFO    📊 Google Trends 台灣（生活/食衣住行）...
16:53:07  INFO    [食品飲料] 熱度:10 動能:-5% 最熱關鍵字：美食 ❄️
16:53:10  INFO    [服飾美妝] 熱度:32 動能:+8% 最熱關鍵字：穿搭 🔥🔥
16:53:13  INFO    [居家生活] 熱度:26 動能:-0% 最熱關鍵字：家具 ❄️
16:53:15  INFO    [娛樂3C] 熱度:43 動能:+8% 最熱關鍵字：手機 🔥🔥
16:53:18  INFO    [健康運動] 熱度:38 動能:-7% 最熱關鍵字：健身 ❄️
16:53:20  INFO    [旅遊交通] 熱度:26 動能:-6% 最熱關鍵字：機票 ❄️
16:53:22  INFO    💬 Dcard 熱門...
16:53:22  WARNING      ⚠️  www.dcard.tw → 403 Client Error: Forbidden for url: https://www.dcard.tw/f/trending
16:53:22  INFO    📋 PTT 熱門...
16:53:23  WARNING      ⚠️  www.ptt.cc → ('Connection aborted.', ConnectionResetError(104, 'Connection reset by peer'))
16:53:23  INFO    [PTT/Stock] [29] [新聞] 伊拉克「斷供」核彈引爆！油市最慘劇本上
16:53:23  INFO    [PTT/Stock] [37] Re: [心得] 山椒魚：補充一下本週離場說
16:53:23  INFO    [PTT/Stock] [5] Re: [情報] 6869 雲豹能源 114年EPS、股利
16:53:23  INFO    [PTT/Stock] [17] Re: [請益] 混沌不明局勢下的出手對策
16:53:24  INFO    [PTT/beauty] [16] [正妹] 崔荷潾
16:53:24  INFO    [PTT/beauty] [16] [正妹] 星期六早晨
16:53:24  INFO    [PTT/beauty] [] [正妹] Cosplay 2647 中國 米哈拉 莉央
16:53:24  INFO    [PTT/beauty] [21] [正妹] 乃木坂46 川崎櫻
16:53:25  INFO    [PTT/movie] [1] Re: [討論] 當兵看過印象深刻的電影
16:53:25  INFO    [PTT/movie] [1] [ 好雷] 極限返航
16:53:25  INFO    [PTT/movie] [] Re: [新聞] 羅禮士曾為金馬獎氣炸！苦等1小時沒人接機　 未被邀請上
16:53:25  INFO    [PTT/movie] [1] [好雷] 極限返航 主角的孤獨，我太懂了...
16:53:25  INFO    [PTT/movie] [1] [討論] 凱克帕瑪《I Love Boosters》預告！
16:53:26  INFO    [PTT/food] [] [食記] 宜蘭羅東 隱藏在住宅區的美味台式料理
16:53:26  INFO    [PTT/food] [] [食記] 台南南區 玉翠越南河粉 好吃平價
16:53:26  INFO    [PTT/food] [] [食記] 台南南區 阿美肉燥飯 真的在地人才知道
16:53:26  INFO    [PTT/food] [] [食記] 泰國曼谷 Fika&Co
16:53:26  INFO    📺 YouTube 台灣熱門...
16:53:27  INFO    🎵 TikTok...
16:53:27  INFO    [TikTok] #1 #eidmubarak
16:53:27  INFO    🛍️  Shopee 台灣熱銷...
16:53:30  INFO    💬 Reddit 熱賣（本週）...
16:53:30  INFO    ✅ 生活趨勢完成
16:53:30  INFO  
④ 📰  消息面
16:53:31  INFO    [🇹🇼 台灣] AI龐大電力需求！賴清德：核二、核三重啟計畫月底送核安會審議
16:53:31  INFO    [🇹🇼 台灣] 漲價了！擴大吸收還是撐不住 中油宣布下周汽油漲1.8元
16:53:31  INFO    [🇹🇼 台灣] 老本快被挖光！擁1200萬全告訴兒子 公務員阿北被情勒悲劇了
16:53:31  INFO    [🇹🇼 台灣] 美國及盟國出動戰機直升機打擊伊朗力圖重啟荷莫茲海峽| 國際
16:53:31  INFO    [🇹🇼 台灣] 為何打伊朗不告訴盟友？日媒記者被川普「珍珠港」殺球！身分和立場遭起底| 國際
16:53:31  INFO    [🇹🇼 台灣] 影／美軍F-35緊急迫降！伊朗稱防空火力擊中 衝擊畫面曝光
16:53:32  INFO    [🇯🇵 日本] 突然陪同首相訪美的茂木外相，在回答川普意想不到的問題時，向川普提供了一艘“救命船”，讓川普心情大好……他還利用自己豐富的外交經驗，提供了側面支持。
16:53:32  INFO    [🇯🇵 日本] 川普考慮縮減針對伊朗的行動，美軍向中東增派部隊－在印度洋的英國基地部署飛彈？
16:53:33  INFO    [🇯🇵 日本] 明治維新、社會保障改革褪色、自民黨、民族民主黨、婦女參政論與「右轉」競爭
16:53:34  INFO    [🇯🇵 日本] 【突發新聞】伊朗鈾濃縮設施遇襲及當地報道
16:53:34  INFO    [🇯🇵 日本] 新名神高速公路事故造成6人死亡 司機公司搜索 疑因疏忽駕駛致人死亡
16:53:35  INFO    [🇯🇵 日本] 靜岡縣葵區縣道發生「山崩」…飯店住客等79人被困，泥漿堆積20米
16:53:36  INFO    [🇰🇷 韓國] 「在首爾市中心的演出讓我興奮不已」…防彈少年團復出舞台有序結束
16:53:37  INFO    [🇰🇷 韓國] 大田火災失蹤14人已被發現死亡...60人受傷
16:53:38  INFO    [🇰🇷 韓國] 美軍計畫再增派2,500人…伊朗：對中東以外的美軍指揮官進行追擊與報復
16:53:39  INFO    [🇰🇷 韓國] 週日早上『冷』…全國多雲，日溫差達20度
16:53:40  INFO    [🇰🇷 韓國] 全羅北道長壽養鴨場確診高致病性禽流感…全國第60例
16:53:40  INFO    [🇰🇷 韓國] 伊朗革命衛隊發言人在以色列空襲中喪生
16:53:41  INFO    [🇺🇸 美國] Iran’s Strike Attempt on Diego Garcia Reveals Missile Range
16:53:41  INFO    [🇺🇸 美國] Trump considers "winding down" Iran war without opening Hormuz Strait
16:53:41  INFO    [🇺🇸 美國] Public References to Cesar Chavez Are Being Removed Across the U.S.
16:53:41  INFO    [🇺🇸 美國] U.S. judge rules against Pentagon restrictions on press coverage
16:53:41  INFO    [🇺🇸 美國] Iran fired missiles at UK-US base on Diego Garcia, BBC understands
16:53:41  INFO    [🇺🇸 美國] 4 pivotal questions that could define the Iran war's next phase
16:53:53  INFO  
🖥️  產生 HTML 報告...
16:53:53  INFO  
✅  HTML：報告_20260321_1653.html
16:53:53  INFO  ✅  CSV：機會分析_20260321_1653.csv
16:53:53  INFO  📝  Log：logs/scan_20260321_165244.log
