23:40:51  INFO  ======================================================================
23:40:51  INFO  🔥  每日機會分析系統 v10
23:40:51  INFO  📅  2026-04-23 23:40
23:40:51  INFO  ======================================================================
23:40:51  INFO  
① 🌕  CRYPTO
23:40:51  ERROR    BTC-USD: float() argument must be a string or a real number, not 'Series'
23:40:52  ERROR    ETH-USD: float() argument must be a string or a real number, not 'Series'
23:40:52  ERROR    SOL-USD: float() argument must be a string or a real number, not 'Series'
23:40:53  ERROR    BNB-USD: float() argument must be a string or a real number, not 'Series'
23:40:53  ERROR    XRP-USD: float() argument must be a string or a real number, not 'Series'
23:40:53  INFO    ✅ Crypto 0 筆
23:40:53  INFO  
② 📈  股票
23:40:54  INFO    [台] 3293.TWO     鈊象電子         $    761.00  -3.67% 多空分歧
23:40:54  INFO             買入點：🎯 一條件滿足 — 待確認  進場區：$727.3 ~ $742.0  止損：$709.1
23:40:55  INFO    [台] 00909.TW     國泰智能電動車ETF   $       nan   +nan% 多空分歧
23:40:55  INFO             買入點：— 目前無買入信號  進場區：$32.9 ~ $33.5  止損：$32.1
23:40:56  INFO    [台] 0056.TW      元大高股息        $       nan   +nan% 三線多頭
23:40:56  INFO             買入點：— 目前無買入信號  進場區：$36.0 ~ $36.7  止損：$35.1
23:40:57  INFO    [台] 6111.TWO     6111擎亞       $     48.60  -1.62% 多空分歧
23:40:57  INFO             買入點：— 目前無買入信號  進場區：$39.3 ~ $40.1  止損：$38.7
23:40:57  INFO    [台] 00878.TW     國泰永續高股息      $       nan   +nan% 三線多頭
23:40:57  INFO             買入點：— 目前無買入信號  進場區：$21.7 ~ $22.1  止損：$21.1
23:40:58  INFO    [台] 3017.TW      奇鋐           $  2,680.00  -0.56% 三線多頭
23:40:58  INFO             買入點：— 目前無買入信號  進場區：$1,869.5 ~ $1,907.1  止損：$1,886.6
23:40:59  INFO    [台] 00713.TW     元大高息低波       $       nan   +nan% 偏多
23:40:59  INFO             買入點：— 目前無買入信號  進場區：$50.4 ~ $51.4  止損：$49.1
23:41:00  INFO    [台] 00919.TW     群益台灣精選高息     $       nan   +nan% 三線多頭
23:41:00  INFO             買入點：— 目前無買入信號  進場區：$21.9 ~ $22.3  止損：$21.3
23:41:01  INFO    [美] NVDA         NVIDIA       $    199.64  -1.41% 多空分歧
23:41:01  INFO             買入點：— 目前無買入信號  進場區：$160.4 ~ $163.6  止損：$159.3
23:41:02  INFO    [美] GEV          GE Vernova   $  1,149.53  +1.95% 三線多頭
23:41:02  INFO             買入點：— 目前無買入信號  進場區：$784.6 ~ $800.4  止損：$782.8
23:41:02  INFO    [台] 2330.TW      台積電          $  2,080.00  +1.46% 三線多頭
23:41:02  INFO             買入點：— 目前無買入信號  進場區：$1,712.3 ~ $1,746.7  止損：$1,707.2
23:41:03  INFO    [美] AMD          AMD          $    305.33  +0.62% 三線多頭
23:41:03  INFO             買入點：— 目前無買入信號  進場區：$173.2 ~ $176.6  止損：$187.1
23:41:04  INFO    [美] TSM          台積電ADR       $    382.66  -1.23% 三線多頭
23:41:04  INFO             買入點：— 目前無買入信號  進場區：$312.2 ~ $318.5  止損：$304.4
23:41:05  INFO    [台] 2317.TW      鴻海           $    225.00  +1.81% 多空分歧
23:41:05  INFO             買入點：— 目前無買入信號  進場區：$183.7 ~ $187.4  止損：$181.9
23:41:06  INFO    [台] 2530.TW      華建           $     21.75  +0.00% 三線空頭
23:41:06  INFO             買入點：🎯 一條件滿足 — 待確認  進場區：$21.1 ~ $21.5  止損：$20.8
23:41:07  INFO    [美] MU           美光           $    481.72  -1.18% 三線多頭
23:41:07  INFO             買入點：— 目前無買入信號  進場區：$309.1 ~ $315.3  止損：$302.1
23:41:08  INFO    [美] LRCX         科林研發         $    258.56  -2.63% 多空分歧
23:41:08  INFO             買入點：— 目前無買入信號  進場區：$193.2 ~ $197.1  止損：$192.6
23:41:08  INFO    [台] 00631L.TW    元大台灣50正2     $       nan   +nan% 多空分歧
23:41:08  INFO             買入點：— 目前無買入信號  進場區：$19.1 ~ $19.5  止損：$18.7
23:41:09  INFO    [台] 00910.TW     第一金太空衛星      $       nan   +nan% 三線多頭
23:41:09  INFO             買入點：— 目前無買入信號  進場區：$54.2 ~ $55.3  止損：$52.9
23:41:10  INFO    [台] 2308.TW      台達電          $  1,980.00  -1.74% 三線多頭
23:41:10  INFO             買入點：— 目前無買入信號  進場區：$1,279.5 ~ $1,305.2  止損：$1,324.0
23:41:13  INFO    ✅ 股票 20 筆
23:41:13  INFO  
③ 🌟  生活熱門趨勢
23:41:13  INFO    📊 Google Trends 台灣（生活/食衣住行）...
23:41:14  INFO    [食品飲料] 熱度:6 動能:-40% 最熱關鍵字：美食 ❄️
23:41:16  INFO    [服飾美妝] 熱度:30 動能:-11% 最熱關鍵字：防曬 ❄️
23:41:19  INFO    [居家生活] 熱度:22 動能:-32% 最熱關鍵字：家具 ❄️
23:41:21  INFO    [娛樂3C] 熱度:39 動能:-2% 最熱關鍵字：手機 ❄️
23:41:23  INFO    [健康運動] 熱度:36 動能:-11% 最熱關鍵字：健身 ❄️
23:41:26  INFO    [旅遊交通] 熱度:23 動能:-18% 最熱關鍵字：機票 ❄️
23:41:28  INFO    💬 Dcard 熱門...
23:41:28  WARNING      ⚠️  www.dcard.tw → 403 Client Error: Forbidden for url: https://www.dcard.tw/f/trending
23:41:28  INFO    📋 PTT 熱門...
23:41:28  WARNING      ⚠️  www.ptt.cc → ('Connection aborted.', ConnectionResetError(104, 'Connection reset by peer'))
23:41:29  INFO    [PTT/Stock] [21] [新聞] 外傳拿下台北車站商場經營權 新光三越回
23:41:29  INFO    [PTT/Stock] [16] [新聞] 特斯拉：第三代人形機器人年中登場，三季
23:41:29  INFO    [PTT/Stock] [11] [新聞] 內捲新亂象！一單網購蛋糕揭中國食品黑產
23:41:29  INFO    [PTT/Stock] [15] [新聞]力積電攜手美光衝刺先進DRAM，1P製程拚
23:41:29  INFO    [PTT/Stock] [15] [新聞] 微軟(MSFT.US)推自願退休計劃 涉約7%美
23:41:30  INFO    [PTT/beauty] [27] [正妹] 韓國大肌肌 金賢姈
23:41:30  INFO    [PTT/beauty] [2] [正妹] 泡泡
23:41:30  INFO    [PTT/beauty] [] [正妹] 姚璟浩
23:41:30  INFO    [PTT/beauty] [2] [正妹] 陳明曦
23:41:31  INFO    [PTT/movie] [] [新聞]Netflix開拍真人版《鋼彈》！好萊塢最美胸
23:41:31  INFO    [PTT/movie] [1] [新聞]前福斯高層認為休傑克曼《X戰警》是災難！
23:41:31  INFO    [PTT/movie] [4] [好雷] 0時盜數(Fuze) 非常有趣的反轉劇本
23:41:31  INFO    [PTT/movie] [] [新聞]《穿著PRADA的惡魔2》安海瑟薇前男友沒回
23:41:31  INFO    [PTT/movie] [] [新聞]《捍衛戰士》40 週年了！重返 IMAX、4DX
23:41:32  INFO    [PTT/food] [] [食記] 韓國首爾弘大花蟹世界
23:41:32  INFO    [PTT/food] [] [食記] 手打神代蕎麥 日本島根 三彩十割蕎麥麵
23:41:32  INFO    [PTT/food] [] [食記] 美國-華盛頓特區| Ben's Chili Bowl
23:41:32  INFO    [PTT/food] [] [食記] 茨城 四〇屋 水戶車站旁的必嘗痛風鍋
23:41:32  INFO    [PTT/food] [1] [食記]首爾明洞 庭院嫩豆腐鍋
23:41:33  INFO    📺 YouTube 台灣熱門...
23:41:33  INFO    🎵 TikTok...
23:41:34  INFO    [TikTok] #1 #golivegrowfast
23:41:34  INFO    🛍️  Shopee 台灣熱銷...
23:41:38  INFO    💬 Reddit 熱賣（本週）...
23:41:38  INFO    ✅ 生活趨勢完成
23:41:38  INFO  
④ 📰  消息面
23:41:39  INFO    [🇹🇼 台灣] 淑麗氣象／雨神來了！大雨「連下3天」越晚雨越大
23:41:39  INFO    [🇹🇼 台灣] 美高層警告韓國瑜　國防預算要在川習會前通過！否則付出慘痛代價
23:41:39  INFO    [🇹🇼 台灣] 美國譴責中國施壓阻撓賴清德出訪 北京「這8字」重砲回擊….
23:41:39  INFO    [🇹🇼 台灣] 紅綠燈倒數精準爆資安疑慮顧立雄下令禁用高德地圖：通令全體國軍遵循| 軍事 | 要聞
23:41:39  INFO    [🇹🇼 台灣] 快訊／川普發飆！命美軍「摧毀」荷姆茲佈雷船隻：一律開火
23:41:39  INFO    [🇹🇼 台灣] 台南女高中生放學遭摀嘴拖行 警持拘票逮捕42歲嫌犯
23:41:40  INFO    [🇯🇵 日本] 美國聲稱要壓制伊朗的說法受到質疑，「大批」高速船用來扣押商船
23:41:41  INFO    [🇯🇵 日本] 川普下令襲擊霍爾木茲海峽的布雷艇
23:41:42  INFO    [🇯🇵 日本] 同居丈夫「闖入設施而不被發現」這是母親因涉嫌謀殺而逮捕女兒的指南嗎？
23:41:42  INFO    [🇯🇵 日本] 川普否認對伊朗使用核武器，希望達成永久協議
23:41:44  INFO    [🇯🇵 日本] 一億年前的章魚是歷史上最大的無脊椎動物，北海道採集的化石顯示咀嚼獵物的痕跡…研究團隊稱它是頂級掠食者
23:41:44  INFO    [🇯🇵 日本] 66名「高市兒童」中有62名參加；自民黨新人同儕團體「六命會」成立；謹慎招募派系
23:41:46  INFO    [🇰🇷 韓國] 張東赫在美國遇到的“幕後”身份…“副部長幕僚長”，而不是部長助理
23:41:47  INFO    [🇰🇷 韓國] 駐韓美軍司令布倫森向眾議院報告“2029 年第一季戰時作戰控制權過渡的目標”
23:41:49  INFO    [🇰🇷 韓國] 川普：“我們不會對伊朗使用核武……任何人都不應該使用它們。”
23:41:51  INFO    [🇰🇷 韓國] 個人資訊外洩後，Coupang「針對美國的遊說成本」增加了一倍…聯繫了白宮和副總統
23:41:51  INFO    [🇰🇷 韓國] 桂陽「李的親密夥伴」金南俊...延壽甲宋英吉的策略提名
23:41:52  INFO    [🇰🇷 韓國] 身穿奧黛的金女士說：「她看起來像個越南女孩」…第一夫人們很和諧
23:41:52  INFO    [🇺🇸 美國] Stock futures are little changed after Trump announces 3-week extension to Israel-Lebanon ceasefire: Live updates
23:41:52  INFO    [🇺🇸 美國] 1 dead, 5 injured and several in custody in Mall of Louisiana shooting
23:41:52  INFO    [🇺🇸 美國] Trump claims US has total control over strait of Hormuz after Iran seizes two container ships
23:41:52  INFO    [🇺🇸 美國] New Republican plan would fund ICE for rest of Trump’s term
23:41:52  INFO    [🇺🇸 美國] Tensions rise in two ceasefires in the Middle East. And, the Navy secretary ousted
23:41:52  INFO    [🇺🇸 美國] U.S. Soldier Charged With Using Classified Information To Profit From Prediction Market Bets
23:42:07  INFO  
🖥️  產生 HTML 報告...
23:42:07  INFO  
✅  HTML：報告_20260423_2342.html
23:42:07  INFO  ✅  CSV：機會分析_20260423_2342.csv
23:42:07  INFO  📝  Log：logs/scan_20260423_234051.log
