10:11:14  INFO  ======================================================================
10:11:14  INFO  🔥  每日機會分析系統 v10
10:11:14  INFO  📅  2026-04-08 10:11
10:11:14  INFO  ======================================================================
10:11:14  INFO  
① 🌕  CRYPTO
10:11:14  ERROR    BTC-USD: float() argument must be a string or a real number, not 'Series'
10:11:15  ERROR    ETH-USD: float() argument must be a string or a real number, not 'Series'
10:11:15  ERROR    SOL-USD: float() argument must be a string or a real number, not 'Series'
10:11:16  ERROR    BNB-USD: float() argument must be a string or a real number, not 'Series'
10:11:16  ERROR    XRP-USD: float() argument must be a string or a real number, not 'Series'
10:11:17  INFO    ✅ Crypto 0 筆
10:11:17  INFO  
② 📈  股票
10:11:17  INFO    [台] 3293.TWO     鈊象電子         $    772.00  -0.39% 三線多頭
10:11:17  INFO             買入點：— 目前無買入信號  進場區：$693.5 ~ $707.5  止損：$679.0
10:11:18  INFO    [台] 00909.TW     國泰智能電動車ETF   $     39.68  +5.81% 多空分歧
10:11:18  INFO             買入點：— 目前無買入信號  進場區：$35.1 ~ $35.8  止損：$34.2
10:11:19  INFO    [台] 0056.TW      元大高股息        $     39.02  +2.50% 多空分歧
10:11:19  INFO             買入點：— 目前無買入信號  進場區：$36.9 ~ $37.6  止損：$35.9
10:11:20  INFO    [台] 6111.TWO     6111擎亞       $     44.00  +2.21% 多空分歧
10:11:20  INFO             買入點：🎯 一條件滿足 — 待確認  進場區：$39.7 ~ $40.5  止損：$38.7
10:11:21  INFO    [台] 00878.TW     國泰永續高股息      $     22.92  +2.78% 偏多
10:11:21  INFO             買入點：🎯🎯 兩條件滿足 — 觀察買入點  進場區：$21.7 ~ $22.1  止損：$21.1
10:11:22  INFO    [台] 3017.TW      奇鋐           $  2,230.00  +9.85% 三線多頭
10:11:22  INFO             買入點：— 目前無買入信號  進場區：$1,656.7 ~ $1,690.0  止損：$1,615.0
10:11:23  INFO    [台] 00713.TW     元大高息低波       $     52.30  +0.97% 三線多頭
10:11:23  INFO             買入點：— 目前無買入信號  進場區：$50.4 ~ $51.4  止損：$49.1
10:11:23  INFO    [台] 00919.TW     群益台灣精選高息     $     23.00  +1.68% 偏多
10:11:23  INFO             買入點：— 目前無買入信號  進場區：$21.9 ~ $22.3  止損：$21.3
10:11:24  INFO    [美] NVDA         NVIDIA       $    178.10  +0.26% 多空分歧
10:11:24  INFO             買入點：🎯 一條件滿足 — 待確認  進場區：$163.4 ~ $166.7  止損：$159.3
10:11:25  INFO    [美] GEV          GE Vernova   $    910.75  +1.49% 三線多頭
10:11:25  INFO             買入點：— 目前無買入信號  進場區：$794.4 ~ $810.4  止損：$778.2
10:11:26  INFO    [台] 2330.TW      台積電          $  1,950.00  +4.84% 偏多
10:11:26  INFO             買入點：🎯 一條件滿足 — 待確認  進場區：$1,746.9 ~ $1,782.0  止損：$1,707.2
10:11:27  INFO    [美] AMD          AMD          $    221.53  +0.61% 多空分歧
10:11:27  INFO             買入點：— 目前無買入信號  進場區：$186.9 ~ $190.7  止損：$186.5
10:11:28  INFO    [美] TSM          台積電ADR       $    345.32  +1.04% 三線多頭
10:11:28  INFO             買入點：— 目前無買入信號  進場區：$312.2 ~ $318.5  止損：$304.4
10:11:28  INFO    [台] 2317.TW      鴻海           $    201.50  +4.95% 多空分歧
10:11:28  INFO             買入點：🎯 一條件滿足 — 待確認  進場區：$183.7 ~ $187.4  止損：$181.9
10:11:29  INFO    [台] 2530.TW      華建           $     23.95  -0.42% 三線空頭
10:11:29  INFO             買入點：🎯 一條件滿足 — 待確認  進場區：$23.1 ~ $23.6  止損：$22.6
10:11:30  INFO    [美] MU           美光           $    377.58  -0.05% 多空分歧
10:11:30  INFO             買入點：🎯 一條件滿足 — 待確認  進場區：$309.9 ~ $316.2  止損：$302.1
10:11:31  INFO    [美] LRCX         科林研發         $    224.35  +1.68% 三線多頭
10:11:31  INFO             買入點：— 目前無買入信號  進場區：$197.6 ~ $201.6  止損：$192.6
10:11:32  INFO    [台] 00631L.TW    元大台灣50正2     $     22.93 +11.04% 多空分歧
10:11:32  INFO             買入點：🎯 一條件滿足 — 待確認  進場區：$-236.7 ~ $-241.5  止損：$18.5
10:11:33  INFO    [台] 00910.TW     第一金太空衛星      $     67.40  +6.98% 三線多頭
10:11:33  INFO             買入點：— 目前無買入信號  進場區：$51.7 ~ $52.7  止損：$52.9
10:11:34  INFO    [台] 2308.TW      台達電          $  1,665.00  +9.90% 三線多頭
10:11:34  INFO             買入點：— 目前無買入信號  進場區：$1,268.6 ~ $1,294.1  止損：$1,236.8
10:11:34  INFO    ⏰ 10:xx 外資 16:30 後更新
10:11:34  INFO    ✅ 股票 20 筆
10:11:34  INFO  
③ 🌟  生活熱門趨勢
10:11:34  INFO    📊 Google Trends 台灣（生活/食衣住行）...
10:11:35  INFO    [食品飲料] 熱度:10 動能:-16% 最熱關鍵字：美食 ❄️
10:11:38  INFO    [服飾美妝] 熱度:27 動能:-26% 最熱關鍵字：穿搭 ❄️
10:11:40  INFO    [居家生活] 熱度:29 動能:-7% 最熱關鍵字：家具 ❄️
10:11:43  INFO    [娛樂3C] 熱度:31 動能:-21% 最熱關鍵字：手機 ❄️
10:11:45  INFO    [健康運動] 熱度:39 動能:-3% 最熱關鍵字：健身 ❄️
10:11:47  INFO    [旅遊交通] 熱度:22 動能:-11% 最熱關鍵字：機票 ❄️
10:11:49  INFO    💬 Dcard 熱門...
10:11:49  WARNING      ⚠️  www.dcard.tw → 403 Client Error: Forbidden for url: https://www.dcard.tw/f/trending
10:11:49  INFO    📋 PTT 熱門...
10:11:50  WARNING      ⚠️  www.ptt.cc → ('Connection aborted.', ConnectionResetError(104, 'Connection reset by peer'))
10:11:50  INFO    [PTT/Stock] [17] [情報] 7760 享溫馨 上市承銷價 30元
10:11:50  INFO    [PTT/Stock] [8] [情報] 6223 旺矽 115年3月營收
10:11:50  INFO    [PTT/Stock] [10] Re: [請益] 何時應該開槓桿？
10:11:50  INFO    [PTT/Stock] [5] [情報] 8436 大江 股東會紀念品
10:11:51  INFO    [PTT/beauty] [13] [正妹] Winter
10:11:51  INFO    [PTT/beauty] [1] [正妹] 結實的臀部
10:11:51  INFO    [PTT/beauty] [2] [正妹] 泰國大學制服
10:11:51  INFO    [PTT/beauty] [6] [正妹] 阮多慧
10:11:51  INFO    [PTT/beauty] [3] [正妹] Cospaly 2675 中國 大河
10:11:52  INFO    [PTT/movie] [1] [新聞] 金穗影展推16部「台味」片　陳雪甄黃迪揚沙龍對談
10:11:52  INFO    [PTT/movie] [5] [新聞] 《沙丘：第三部》IMAX版超前預售 美、英1
10:11:52  INFO    [PTT/movie] [] [好雷] 《殘菊物語》- 含與《國寶》的比較
10:11:52  INFO    [PTT/movie] [56] [片單] 想再找一些超自然恐怖片
10:11:52  INFO    [PTT/movie] [1] [新聞] 《極限返航》北美飆破2.17億美金！全球
10:11:54  INFO    [PTT/food] [] [食記] 伊娜飛魚餐廳 花蓮豐濱 飛魚卵香腸燻飛魚
10:11:54  INFO    [PTT/food] [5] [食記] 台北 祥星記一鴨三吃 好吃燒臘便當店
10:11:54  INFO    [PTT/food] [] [食記] 東京 居酒家 さいたどう燒鳥串燒 等很久
10:11:54  INFO    [PTT/food] [] [食記] 台北 士林區｜筠芝和牛本舖
10:11:54  INFO    [PTT/food] [] [食記] 吉隆坡 甲洞興記肉骨茶(分店)
10:11:54  INFO    📺 YouTube 台灣熱門...
10:11:54  INFO    🎵 TikTok...
10:11:56  INFO    [TikTok] #1 #livemonetization
10:11:56  INFO    🛍️  Shopee 台灣熱銷...
10:11:59  INFO    💬 Reddit 熱賣（本週）...
10:11:59  INFO    ✅ 生活趨勢完成
10:11:59  INFO  
④ 📰  消息面
10:12:00  INFO    [🇹🇼 台灣] 鄭麗文訪陸第二天 拜謁中山陵談話數度哽咽 提及「中華民國」「九二共識」
10:12:00  INFO    [🇹🇼 台灣] 美將出手解決荷姆茲壅塞！川普：伊朗開始重建「要發大財了」
10:12:00  INFO    [🇹🇼 台灣] 荷姆茲海峽真的開放兩周? 伊朗 : 雖然協議停火但「通行費」要照收| 國際
10:12:00  INFO    [🇹🇼 台灣] 吊車大王胡漢龑女兒正臉曝光 網驚呆：笑容把我帶走
10:12:00  INFO    [🇹🇼 台灣] 阿提米絲二號近距直擊月球背面，隕石坑命名「卡洛爾」有洋蔥
10:12:00  INFO    [🇹🇼 台灣] 新店便當店疑食物中毒飆升共118人送醫 新北市政府助民眾求償
10:12:03  INFO    [🇯🇵 日本] 【不時更新】美國和伊朗同意停火兩週；會談將於10日在巴基斯坦開始
10:12:06  INFO    [🇯🇵 日本] 川普表示支持霍爾木茲海峽船隻受困問題
10:12:07  INFO    [🇯🇵 日本] 尼康相機前往月球背面 兩台 D5 和 Z 9 相機支援阿耳忒彌斯二號獵戶座太空船
10:12:09  INFO    [🇯🇵 日本] JFE崩落事故で亡くなった千葉ケン志朗さんは千葉県の元高校球児 まとめ役の捕手
10:12:11  INFO    [🇯🇵 日本] 京都南丹男孩失蹤；男孩就讀的小學在「高度戒備」下舉行了開學典禮；新學期充滿焦慮
10:12:13  INFO    [🇯🇵 日本] 東京世田谷區大倉的衣田公園前，一棵倒下的樹擋住了道路，但空無一人。砍伐和移除樹木的工作仍在繼續。警察廳
10:12:15  INFO    [🇰🇷 韓國] 「地獄之門」開啟前88分鐘停火…直到美伊戰爭結束，我們還要翻山越嶺
10:12:17  INFO    [🇰🇷 韓國] 殺了婆婆後被遺棄在袋子裡…26歲趙在福個人資料曝光
10:12:19  INFO    [🇰🇷 韓國] 政府「與相關國家溝通，確保滯留在霍爾木茲的26艘韓國船隻能夠盡快通過」。
10:12:21  INFO    [🇰🇷 韓國] 特別檢察官二審判處金建熙15年有期徒刑…“請求原諒”
10:12:24  INFO    [🇰🇷 韓國] 最後，川普在生意中透露，“霍爾木茲會賺很多錢。”
10:12:26  INFO    [🇰🇷 韓國] 【突發新聞】法院駁回暫緩對金寬泳開除黨籍的臨時禁令
10:12:27  INFO    [🇺🇸 美國] U.S. and Iran agree to 2-week ceasefire
10:12:27  INFO    [🇺🇸 美國] Iran ceasefire fails to quiet Democrats as over 85 lawmakers demand Trump's removal
10:12:27  INFO    [🇺🇸 美國] Trump’s Iran Threats Look Like Self-Incrimination for Potential War Crimes
10:12:27  INFO    [🇺🇸 美國] Republican wins runoff to replace Marjorie Taylor Greene in Congress
10:12:27  INFO    [🇺🇸 美國] Did Trump—Or Another U.S. Partner—Actually Write Pakistan PM Sharif’s X Post?
10:12:27  INFO    [🇺🇸 美國] Telehealth abortion will remain available for now, after a federal judge's ruling
10:12:42  INFO  
🖥️  產生 HTML 報告...
10:12:42  INFO  
✅  HTML：報告_20260408_1012.html
10:12:42  INFO  ✅  CSV：機會分析_20260408_1012.csv
10:12:42  INFO  📝  Log：logs/scan_20260408_101114.log
