23:31:41  INFO  ======================================================================
23:31:41  INFO  🔥  每日機會分析系統 v10
23:31:41  INFO  📅  2026-04-06 23:31
23:31:41  INFO  ======================================================================
23:31:41  INFO  
① 🌕  CRYPTO
23:31:41  ERROR    BTC-USD: float() argument must be a string or a real number, not 'Series'
23:31:42  ERROR    ETH-USD: float() argument must be a string or a real number, not 'Series'
23:31:42  ERROR    SOL-USD: float() argument must be a string or a real number, not 'Series'
23:31:43  ERROR    BNB-USD: float() argument must be a string or a real number, not 'Series'
23:31:43  ERROR    XRP-USD: float() argument must be a string or a real number, not 'Series'
23:31:44  INFO    ✅ Crypto 0 筆
23:31:44  INFO  
② 📈  股票
23:31:45  INFO    [台] 3293.TWO     鈊象電子         $    755.00  -1.56% 多空分歧
23:31:45  INFO             買入點：— 目前無買入信號  進場區：$676.6 ~ $690.2  止損：$659.6
23:31:46  INFO    [台] 00909.TW     國泰智能電動車ETF   $     35.99  -1.83% 三線空頭
23:31:46  INFO             買入點：🎯 一條件滿足 — 待確認  進場區：$35.1 ~ $35.8  止損：$34.2
23:31:47  INFO    [台] 0056.TW      元大高股息        $     37.82  -0.76% 多空分歧
23:31:47  INFO             買入點：🎯 一條件滿足 — 待確認  進場區：$36.3 ~ $37.0  止損：$35.4
23:31:48  INFO    [台] 6111.TWO     6111擎亞       $     43.00  +1.65% 偏空
23:31:48  INFO             買入點：🎯 一條件滿足 — 待確認  進場區：$39.7 ~ $40.5  止損：$38.7
23:31:49  INFO    [台] 00878.TW     國泰永續高股息      $     22.03  -1.21% 多空分歧
23:31:49  INFO             買入點：🎯 一條件滿足 — 待確認  進場區：$21.2 ~ $21.6  止損：$20.6
23:31:50  INFO    [台] 3017.TW      奇鋐           $  2,070.00  -1.90% 多空分歧
23:31:50  INFO             買入點：— 目前無買入信號  進場區：$1,637.0 ~ $1,669.9  止損：$1,615.0
23:31:51  INFO    [台] 00713.TW     元大高息低波       $     51.35  -0.29% 多空分歧
23:31:51  INFO             買入點：🎯 一條件滿足 — 待確認  進場區：$49.8 ~ $50.8  止損：$48.6
23:31:52  INFO    [台] 00919.TW     群益台灣精選高息     $     22.30  -0.89% 多空分歧
23:31:52  INFO             買入點：🎯 一條件滿足 — 待確認  進場區：$21.7 ~ $22.2  止損：$21.2
23:31:53  INFO    [美] NVDA         NVIDIA       $    177.64  +0.14% 多空分歧
23:31:53  INFO             買入點：🎯 一條件滿足 — 待確認  進場區：$163.4 ~ $166.7  止損：$159.3
23:31:54  INFO    [美] GEV          GE Vernova   $    897.36  -0.13% 三線多頭
23:31:54  INFO             買入點：— 目前無買入信號  進場區：$772.6 ~ $788.2  止損：$753.2
23:31:55  INFO    [台] 2330.TW      台積電          $  1,810.00  -2.43% 多空分歧
23:31:55  INFO             買入點：🎯 一條件滿足 — 待確認  進場區：$1,750.5 ~ $1,785.7  止損：$1,707.2
23:31:56  INFO    [美] AMD          AMD          $    220.18  +1.23% 多空分歧
23:31:56  INFO             買入點：— 目前無買入信號  進場區：$187.8 ~ $191.6  止損：$183.3
23:31:57  INFO    [美] TSM          台積電ADR       $    341.76  +0.80% 偏多
23:31:57  INFO             買入點：🎯 一條件滿足 — 待確認  進場區：$312.2 ~ $318.5  止損：$304.4
23:31:58  INFO    [台] 2317.TW      鴻海           $    193.00  -2.03% 三線空頭
23:31:58  INFO             買入點：🎯 一條件滿足 — 待確認  進場區：$184.3 ~ $188.0  止損：$181.9
23:31:59  INFO    [台] 2530.TW      華建           $     24.05  -3.41% 三線空頭
23:31:59  INFO             買入點：🎯 一條件滿足 — 待確認  進場區：$23.8 ~ $24.3  止損：$23.2
23:32:00  INFO    [美] MU           美光           $    377.76  +3.15% 多空分歧
23:32:00  INFO             買入點：🎯 一條件滿足 — 待確認  進場區：$309.9 ~ $316.2  止損：$302.1
23:32:01  INFO    [美] LRCX         科林研發         $    220.65  +1.01% 三線多頭
23:32:01  INFO             買入點：🎯 一條件滿足 — 待確認  進場區：$193.1 ~ $197.0  止損：$188.3
23:32:02  INFO    [台] 00631L.TW    元大台灣50正2     $     20.00  -4.76% 偏空
23:32:02  INFO             買入點：🎯 一條件滿足 — 待確認  進場區：$-191.0 ~ $-194.8  止損：$18.5
23:32:03  INFO    [台] 00910.TW     第一金太空衛星      $     58.20  +1.31% 多空分歧
23:32:03  INFO             買入點：— 目前無買入信號  進場區：$52.1 ~ $53.1  止損：$50.8
23:32:05  INFO    [台] 2308.TW      台達電          $  1,430.00  -3.05% 多空分歧
23:32:05  INFO             買入點：🎯 一條件滿足 — 待確認  進場區：$1,189.0 ~ $1,212.9  止損：$1,159.1
23:32:07  INFO    ✅ 股票 20 筆
23:32:07  INFO  
③ 🌟  生活熱門趨勢
23:32:07  INFO    📊 Google Trends 台灣（生活/食衣住行）...
23:32:08  INFO    [食品飲料] 熱度:5 動能:-53% 最熱關鍵字：美食 ❄️
23:32:11  INFO    [服飾美妝] 熱度:31 動能:-21% 最熱關鍵字：穿搭 ❄️
23:32:13  INFO    [居家生活] 熱度:19 動能:-40% 最熱關鍵字：家具 ❄️
23:32:16  INFO    [娛樂3C] 熱度:34 動能:-12% 最熱關鍵字：手機 ❄️
23:32:18  INFO    [健康運動] 熱度:35 動能:-13% 最熱關鍵字：健身 ❄️
23:32:21  INFO    [旅遊交通] 熱度:20 動能:-22% 最熱關鍵字：機票 ❄️
23:32:23  INFO    💬 Dcard 熱門...
23:32:23  WARNING      ⚠️  www.dcard.tw → 403 Client Error: Forbidden for url: https://www.dcard.tw/f/trending
23:32:23  INFO    📋 PTT 熱門...
23:32:23  WARNING      ⚠️  www.ptt.cc → ('Connection aborted.', ConnectionResetError(104, 'Connection reset by peer'))
23:32:24  INFO    [PTT/Stock] [26] [心得] 終端AI的時代來臨了
23:32:24  INFO    [PTT/Stock] [57] [新聞] 美伊和談等結果 川普拋美國在荷莫茲海峽
23:32:24  INFO    [PTT/Stock] [] [公告] 股票板板規 v4.7 (2024/10/06 修正)
23:32:24  INFO    [PTT/Stock] [6] [公告] 4-6-1罰則將在1/22開始到年底加重至30天
23:32:24  INFO    [PTT/Stock] [爆] [閒聊] 2026/04/03 盤後閒聊
23:32:25  INFO    [PTT/beauty] [] [正妹] 窗邊
23:32:25  INFO    [PTT/beauty] [9] [正妹] 烏克蘭
23:32:25  INFO    [PTT/beauty] [27] [正妹] Jisoo
23:32:25  INFO    [PTT/beauty] [4] [神人] 4/6天母棒球場-啦啦隊
23:32:25  INFO    [PTT/beauty] [4] [正妹] 陪姊姊拼拼圖吧？
23:32:26  INFO    [PTT/movie] [2] [好雷] 抓馬戀人
23:32:26  INFO    [PTT/movie] [2] [普雷] 超級瑪利歐銀河大電影 童年下的心情分享
23:32:26  INFO    [PTT/movie] [3] [好雷] 超級瑪利歐銀河 3D
23:32:26  INFO    [PTT/movie] [2] [好雷] 超級馬利歐銀河(滿滿情懷)
23:32:26  INFO    [PTT/movie] [1] [請益] 抓馬戀人 的小問題（有雷）
23:32:27  INFO    [PTT/food] [] [食記] 伊娜飛魚餐廳 花蓮豐濱 飛魚卵香腸燻飛魚
23:32:27  INFO    [PTT/food] [4] [食記] 台北 祥星記一鴨三吃 好吃燒臘便當店
23:32:27  INFO    [PTT/food] [] [食記] 東京 居酒家 さいたどう燒鳥串燒 等很久
23:32:27  INFO    [PTT/food] [] [食記] 台北 士林區｜筠芝和牛本舖
23:32:27  INFO    [PTT/food] [] [食記] 吉隆坡 甲洞興記肉骨茶(分店)
23:32:27  INFO    📺 YouTube 台灣熱門...
23:32:28  INFO    🎵 TikTok...
23:32:29  INFO    [TikTok] #1 #easter
23:32:29  INFO    🛍️  Shopee 台灣熱銷...
23:32:41  WARNING    Shopee [3C配件]: HTTPSConnectionPool(host='shopee.tw', port=443): Max retries exceeded with url: /api/v4/recommend/recommend?bundle=category_landing_page&cat_id=11036246&limit=10&offset=0&sort_type=2 (Caused by ConnectTimeoutError(<HTTPSConnection(host='shopee.tw', port=443) at 0x7fd5c09b5910>, 'Connection to shopee.tw timed out. (connect timeout=12)'))
23:32:54  WARNING    Shopee [美妝保養]: HTTPSConnectionPool(host='shopee.tw', port=443): Max retries exceeded with url: /api/v4/recommend/recommend?bundle=category_landing_page&cat_id=11036279&limit=10&offset=0&sort_type=2 (Caused by ConnectTimeoutError(<HTTPSConnection(host='shopee.tw', port=443) at 0x7fd5c09b7790>, 'Connection to shopee.tw timed out. (connect timeout=12)'))
23:33:07  WARNING    Shopee [家電]: HTTPSConnectionPool(host='shopee.tw', port=443): Max retries exceeded with url: /api/v4/recommend/recommend?bundle=category_landing_page&cat_id=11036239&limit=10&offset=0&sort_type=2 (Caused by ConnectTimeoutError(<HTTPSConnection(host='shopee.tw', port=443) at 0x7fd5c09b9750>, 'Connection to shopee.tw timed out. (connect timeout=12)'))
23:33:20  WARNING    Shopee [服飾]: HTTPSConnectionPool(host='shopee.tw', port=443): Max retries exceeded with url: /api/v4/recommend/recommend?bundle=category_landing_page&cat_id=11036257&limit=10&offset=0&sort_type=2 (Caused by ConnectTimeoutError(<HTTPSConnection(host='shopee.tw', port=443) at 0x7fd5c09b5c50>, 'Connection to shopee.tw timed out. (connect timeout=12)'))
23:33:33  WARNING    Shopee [食品飲料]: HTTPSConnectionPool(host='shopee.tw', port=443): Max retries exceeded with url: /api/v4/recommend/recommend?bundle=category_landing_page&cat_id=11036228&limit=10&offset=0&sort_type=2 (Caused by ConnectTimeoutError(<HTTPSConnection(host='shopee.tw', port=443) at 0x7fd5c09b9b10>, 'Connection to shopee.tw timed out. (connect timeout=12)'))
23:33:34  INFO    💬 Reddit 熱賣（本週）...
23:33:34  INFO    ✅ 生活趨勢完成
23:33:34  INFO  
④ 📰  消息面
23:33:35  INFO    [🇹🇼 台灣] 美伊最新停火協議曝光! 伊棄核換美不制裁伊仍拒開放荷姆茲海峽| 國際
23:33:35  INFO    [🇹🇼 台灣] 明天全台降溫有雨　中部以北防劇烈天氣
23:33:35  INFO    [🇹🇼 台灣] 收到風聲最先開跑? 川普轟炸電廠時限將至伊朗核電廠198俄員工急回國| 國際
23:33:35  INFO    [🇹🇼 台灣] 鄭麗文明啟程訪中會習近平 昔日偕夫雲南祭祖照被翻出
23:33:35  INFO    [🇹🇼 台灣] 美軍失聯飛官1句話報平安引川普疑心 驚恐伊朗設圈套
23:33:35  INFO    [🇹🇼 台灣] 酷的夢前員工揭內幕！私下嘴「台灣人就是自卑」拍什麼都看
23:33:38  INFO    [🇯🇵 日本] 川普稱伊朗將“在一夜之間被摧毀”，要求披露營救美軍士兵的報告來源
23:33:39  INFO    [🇯🇵 日本] 「アルテミス２」宇宙船にアポロ１３号船長の生前のメッセージ「その旅は、全ての人々のためにある」
23:33:40  INFO    [🇯🇵 日本] 京都男孩失蹤兩週；學校在家長簡報會上宣布加強監管；證詞揭示了當天上午的情況[news23]
23:33:42  INFO    [🇯🇵 日本] 川普：未公開身份的記者“被送進監獄”，對美國士兵在伊朗擊落事件中失踪的報導不滿意
23:33:43  INFO    [🇯🇵 日本] 高市首相：「我手上的是桑名的烤蛤蜊。」用雙關語迴避問題 - 參議院預算委員會
23:33:45  INFO    [🇯🇵 日本] 伊拉克石油公司領導人打算在霍爾木茲海峽重新開放後立即恢復原油出口
23:33:46  INFO    [🇰🇷 韓國] 川普：“伊朗可以在一天之內被消滅……可能是明天晚上”
23:33:49  INFO    [🇰🇷 韓國] 이란, 휴전 거부…‘재공격 없는 영구 종전만 수용’
23:33:50  INFO    [🇰🇷 韓國] 李鎮淑「火車已經開走了」…「大邱市場四路爭奪戰」模式正在固化
23:33:53  INFO    [🇰🇷 韓國] 美國揭秘墜機戰鬥機乘員救援行動全文…“復活節歸來”
23:33:56  INFO    [🇰🇷 韓國] 隨著處理材料成本的增加，正在考慮額外調整...政府：“補充匯率反映”
23:33:57  INFO    [🇰🇷 韓國] 카타르서 출발 LNG선 2척 호르무즈에서 회항
23:33:57  INFO    [🇺🇸 美國] Live Updates: Trump's threat to blow "everything up" if Iran won't make a deal hangs over new ceasefire bid
23:33:57  INFO    [🇺🇸 美國] Trump threatens to jail journalist to find source of second missing airman report
23:33:57  INFO    [🇺🇸 美國] U.S. launched "air armada" to rescue F-15 crew in Iran
23:33:57  INFO    [🇺🇸 美國] Melania Trump’s Unexpected Easter Look
23:33:57  INFO    [🇺🇸 美國] When War Crimes Rhetoric Becomes Battlefield Reality: The Slippery Slope to Total War on Iran
23:33:57  INFO    [🇺🇸 美國] Ten killed in Israeli strikes and clashes between Hamas and militia in Gaza, local sources say
23:34:12  INFO  
🖥️  產生 HTML 報告...
23:34:12  INFO  
✅  HTML：報告_20260406_2334.html
23:34:12  INFO  ✅  CSV：機會分析_20260406_2334.csv
23:34:12  INFO  📝  Log：logs/scan_20260406_233141.log
