17:01:07  INFO  ======================================================================
17:01:07  INFO  🔥  每日機會分析系統 v10
17:01:07  INFO  📅  2026-04-05 17:01
17:01:07  INFO  ======================================================================
17:01:07  INFO  
① 🌕  CRYPTO
17:01:07  ERROR    BTC-USD: float() argument must be a string or a real number, not 'Series'
17:01:08  ERROR    ETH-USD: float() argument must be a string or a real number, not 'Series'
17:01:09  ERROR    SOL-USD: float() argument must be a string or a real number, not 'Series'
17:01:09  ERROR    BNB-USD: float() argument must be a string or a real number, not 'Series'
17:01:10  ERROR    XRP-USD: float() argument must be a string or a real number, not 'Series'
17:01:10  INFO    ✅ Crypto 0 筆
17:01:10  INFO  
② 📈  股票
17:01:11  INFO    [台] 3293.TWO     鈊象電子         $    755.00  -1.56% 多空分歧
17:01:11  INFO             買入點：— 目前無買入信號  進場區：$676.6 ~ $690.2  止損：$659.6
17:01:11  INFO    [台] 00909.TW     國泰智能電動車ETF   $     35.99  -1.83% 三線空頭
17:01:11  INFO             買入點：🎯 一條件滿足 — 待確認  進場區：$35.1 ~ $35.8  止損：$34.2
17:01:12  INFO    [台] 0056.TW      元大高股息        $     37.82  -0.76% 多空分歧
17:01:12  INFO             買入點：🎯 一條件滿足 — 待確認  進場區：$36.3 ~ $37.0  止損：$35.4
17:01:13  INFO    [台] 6111.TWO     6111擎亞       $     43.00  +1.65% 偏空
17:01:13  INFO             買入點：🎯 一條件滿足 — 待確認  進場區：$39.7 ~ $40.5  止損：$38.7
17:01:14  INFO    [台] 00878.TW     國泰永續高股息      $     22.03  -1.21% 多空分歧
17:01:14  INFO             買入點：🎯 一條件滿足 — 待確認  進場區：$21.2 ~ $21.6  止損：$20.6
17:01:14  INFO    [台] 3017.TW      奇鋐           $  2,070.00  -1.90% 多空分歧
17:01:14  INFO             買入點：— 目前無買入信號  進場區：$1,637.0 ~ $1,669.9  止損：$1,615.0
17:01:15  INFO    [台] 00713.TW     元大高息低波       $     51.35  -0.29% 多空分歧
17:01:15  INFO             買入點：🎯 一條件滿足 — 待確認  進場區：$49.8 ~ $50.8  止損：$48.6
17:01:16  INFO    [台] 00919.TW     群益台灣精選高息     $     22.30  -0.89% 多空分歧
17:01:16  INFO             買入點：🎯 一條件滿足 — 待確認  進場區：$21.7 ~ $22.2  止損：$21.2
17:01:17  INFO    [美] NVDA         NVIDIA       $    177.39  +0.93% 多空分歧
17:01:17  INFO             買入點：🎯 一條件滿足 — 待確認  進場區：$163.4 ~ $166.7  止損：$159.3
17:01:18  INFO    [美] GEV          GE Vernova   $    898.57  +0.42% 三線多頭
17:01:18  INFO             買入點：— 目前無買入信號  進場區：$772.6 ~ $788.2  止損：$753.2
17:01:19  INFO    [台] 2330.TW      台積電          $  1,810.00  -2.43% 多空分歧
17:01:19  INFO             買入點：🎯 一條件滿足 — 待確認  進場區：$1,750.5 ~ $1,785.7  止損：$1,707.2
17:01:19  INFO    [美] AMD          AMD          $    217.50  +3.47% 多空分歧
17:01:19  INFO             買入點：— 目前無買入信號  進場區：$187.6 ~ $191.4  止損：$183.3
17:01:20  INFO    [美] TSM          台積電ADR       $    339.04  -0.72% 多空分歧
17:01:20  INFO             買入點：🎯 一條件滿足 — 待確認  進場區：$312.2 ~ $318.5  止損：$304.4
17:01:21  INFO    [台] 2317.TW      鴻海           $    193.00  -2.03% 三線空頭
17:01:21  INFO             買入點：🎯 一條件滿足 — 待確認  進場區：$184.3 ~ $188.0  止損：$181.9
17:01:22  INFO    [台] 2530.TW      華建           $     24.05  -3.41% 三線空頭
17:01:22  INFO             買入點：🎯 一條件滿足 — 待確認  進場區：$23.8 ~ $24.3  止損：$23.2
17:01:23  INFO    [美] MU           美光           $    366.24  -0.44% 多空分歧
17:01:23  INFO             買入點：🎯 一條件滿足 — 待確認  進場區：$309.9 ~ $316.2  止損：$302.1
17:01:24  INFO    [美] LRCX         科林研發         $    218.44  -1.61% 三線多頭
17:01:24  INFO             買入點：🎯 一條件滿足 — 待確認  進場區：$193.1 ~ $197.0  止損：$188.3
17:01:25  INFO    [台] 00631L.TW    元大台灣50正2     $     20.00  -4.76% 偏空
17:01:25  INFO             買入點：🎯 一條件滿足 — 待確認  進場區：$-191.0 ~ $-194.8  止損：$18.5
17:01:25  INFO    [台] 00910.TW     第一金太空衛星      $     58.20  +1.31% 多空分歧
17:01:25  INFO             買入點：— 目前無買入信號  進場區：$52.1 ~ $53.1  止損：$50.8
17:01:26  INFO    [台] 2308.TW      台達電          $  1,430.00  -3.05% 多空分歧
17:01:26  INFO             買入點：🎯 一條件滿足 — 待確認  進場區：$1,189.0 ~ $1,212.9  止損：$1,159.1
17:01:29  INFO    ✅ 股票 20 筆
17:01:29  INFO  
③ 🌟  生活熱門趨勢
17:01:29  INFO    📊 Google Trends 台灣（生活/食衣住行）...
17:01:30  INFO    [食品飲料] 熱度:11 動能:-9% 最熱關鍵字：美食 ❄️
17:01:32  INFO    [服飾美妝] 熱度:38 動能:+5% 最熱關鍵字：穿搭 🔥🔥
17:01:35  INFO    [居家生活] 熱度:36 動能:+13% 最熱關鍵字：家具 🔥🔥
17:01:37  INFO    [娛樂3C] 熱度:35 動能:+6% 最熱關鍵字：手機 🔥🔥
17:01:40  INFO    [健康運動] 熱度:26 動能:+0% 最熱關鍵字：健身 🔥
17:01:42  INFO    [旅遊交通] 熱度:28 動能:+7% 最熱關鍵字：機票 🔥🔥
17:01:44  INFO    💬 Dcard 熱門...
17:01:44  WARNING      ⚠️  www.dcard.tw → 403 Client Error: Forbidden for url: https://www.dcard.tw/f/trending
17:01:44  INFO    📋 PTT 熱門...
17:01:45  INFO    [PTT/Gossiping] [15] [問卦] 沒人發現草漯一坪買30萬腦袋有問題嗎！
17:01:45  INFO    [PTT/Gossiping] [2] [問卦] 鄰兵偷吃甜點害全隊被連坐怎麼辦
17:01:45  INFO    [PTT/Gossiping] [1] Re: [問卦] 有沒有卡拉揚的八卦
17:01:45  INFO    [PTT/Gossiping] [2] Re: [新聞] 快訊／清明吃春捲中毒擴大！人數飆至67人
17:01:45  INFO    [PTT/Gossiping] [2] [問卦] 為什麼陳都靈永遠是配角
17:01:46  INFO    [PTT/Stock] [爆] [情報] 川普：快打開他媽的霍爾木茲海峽
17:01:46  INFO    [PTT/Stock] [37] [新聞] 伊朗局部解封荷莫茲海峽 允許基本物資船
17:01:46  INFO    [PTT/Stock] [38] [新聞] 大陸「天龍三號」運載火箭發射再次失敗
17:01:46  INFO    [PTT/Stock] [19] [新聞] 中東有事、土耳其有事？兩週狂拋118噸黃
17:01:47  INFO    [PTT/beauty] [] [正妹] Cosplay 2672 日本 奇樹
17:01:47  INFO    [PTT/beauty] [3] [正妹] 水原 KT 代班啦啦隊
17:01:47  INFO    [PTT/beauty] [3] [正妹] 韓國啦啦隊 調電風扇
17:01:47  INFO    [PTT/beauty] [5] [正妹] Korea Tattoo
17:01:47  INFO    [PTT/beauty] [3] [正妹] 頌樂
17:01:48  INFO    [PTT/movie] [4] [好雷] 秒速五公分 導演特別映像版
17:01:48  INFO    [PTT/movie] [3] [問片] 想問一部驅魔電影
17:01:48  INFO    [PTT/movie] [1] [好無雷] 《搖曳露營劇場版》
17:01:48  INFO    [PTT/movie] [] [鳥雷] 歌劇魅影
17:01:48  INFO    [PTT/movie] [1] [情報] 《Killhouse》烏克蘭現代戰爭電影預告
17:01:49  INFO    [PTT/food] [] [轉讓] （已轉讓）NAGOMI ( 新光A8店）4/5 晚餐
17:01:49  INFO    [PTT/food] [] [食記] Proi Kitchen 台中超大份量的澳式早午餐
17:01:49  INFO    [PTT/food] [] [食記] Bogart's Smokehouse 台北南港 煙燻牛胸
17:01:49  INFO    [PTT/food] [] [食記] 台北 鮨岡心二訪
17:01:49  INFO    [PTT/food] [] [食記] 新北 猴硐貓村 Murmur Land
17:01:49  INFO    📺 YouTube 台灣熱門...
17:01:50  INFO    🎵 TikTok...
17:01:50  INFO    [TikTok] #1 #semanasanta
17:01:50  INFO    🛍️  Shopee 台灣熱銷...
17:01:53  INFO    💬 Reddit 熱賣（本週）...
17:01:54  INFO    ✅ 生活趨勢完成
17:01:54  INFO  
④ 📰  消息面
17:01:54  INFO    [🇹🇼 台灣] 找到了！半島電視台：美軍尋獲失聯F-15飛官 與伊朗激烈交戰
17:01:54  INFO    [🇹🇼 台灣] 她收到「賴祥德飯撒」釣出本尊神回應 網笑翻︰台灣總統屈服了！
17:01:54  INFO    [🇹🇼 台灣] 開戰就移民？CNN揭台灣有錢人「逃離計畫」 謝金河嘆：這種人才是真正最可怕 | 張大任 | 新聞
17:01:54  INFO    [🇹🇼 台灣] 盧比歐撤蘇萊曼尼姪女綠卡啟動遣返劍指親伊朗勢力滲透| 國際
17:01:54  INFO    [🇹🇼 台灣] 川普下通牒！警告伊朗「地獄之門」即將開啟
17:01:54  INFO    [🇹🇼 台灣] 瀋陽爆砍人事件 傳6死10餘傷 1人被砍頭
17:01:55  INFO    [🇯🇵 日本] 獲救的美國 F-15 戰鬥機飛行員川普“被孤立在敵方領土深處，並被逼近的敵人追趕。”
17:01:57  INFO    [🇯🇵 日本] 美國總統7日凌晨召開記者會：「開放海峽」混蛋們。 」
17:01:59  INFO    [🇯🇵 日本] 「又為什麼？」「財政資源沒有解釋」 大阪市議會維信，在關於都市計畫的對話會議上發表負面意見，憤怒的叫喊
17:02:00  INFO    [🇯🇵 日本] 「警察來到焚化爐……還帶著一隻狗。」京都小學六年級學生足立由紀（11 歲）在失踪消息公佈前接受了搜查……「背包被發現」「有可能是第三方把它留在那裡」「也許目的是為了製造騷亂”，前偵探指出（ABEMA TIMES）
17:02:02  INFO    [🇯🇵 日本] 現任京都府知事西脅擊敗各派系及兩名共產黨認可的新人，第三次當選京都府知事
17:02:03  INFO    [🇯🇵 日本] 解除霍爾木茲海峽封鎖的設想方案
17:02:06  INFO    [🇰🇷 韓國] 川普：“有可能在6日與伊朗達成協議……如果達不到，我們就會把它全部炸毀。”
17:02:07  INFO    [🇰🇷 韓國] 伊朗部落成員攜帶步槍在岩石中搜尋…「被隔離在敵後」的飛行員在伊朗的圍困中倖存下來
17:02:09  INFO    [🇰🇷 韓國] 民主黨全南光統一特別市長初選 金英祿、閔亨培進入決選
17:02:10  INFO    [🇰🇷 韓國] 伊朗威脅封鎖紅海…“美國給了我們‘大規模混亂的武器’”
17:02:12  INFO    [🇰🇷 韓國] 李總統夫婦出現在汝矣島櫻花路上，民眾為他們歡呼
17:02:13  INFO    [🇰🇷 韓國] 張東赫：“日本船從霍爾木茲駛出，我們陷入困境……李總統，我們能做什麼？”
17:02:14  INFO    [🇺🇸 美國] Exclusive: Trump says U.S. feared Iran trap during F-15 crew rescue
17:02:14  INFO    [🇺🇸 美國] Middle East crisis live: Trump uses expletive-ridden social media post to threaten Iran’s infrastructure
17:02:14  INFO    [🇺🇸 美國] On Easter, Pope Leo delivers commanding message of peace to a world at war
17:02:14  INFO    [🇺🇸 美國] Iran war: Trump sees 'good chance' of deal, warns of 'hell'
17:02:14  INFO    [🇺🇸 美國] Explosives found near pipeline in Serbia that carries Russian gas, leaders say
17:02:14  INFO    [🇺🇸 美國] At Least 15 Injured After Driver Plows Into a Louisiana Parade
17:02:28  INFO  
🖥️  產生 HTML 報告...
17:02:28  INFO  
✅  HTML：報告_20260405_1702.html
17:02:28  INFO  ✅  CSV：機會分析_20260405_1702.csv
17:02:28  INFO  📝  Log：logs/scan_20260405_170107.log
