17:00:10  INFO  ======================================================================
17:00:10  INFO  🔥  每日機會分析系統 v10
17:00:10  INFO  📅  2026-03-29 17:00
17:00:10  INFO  ======================================================================
17:00:10  INFO  
① 🌕  CRYPTO
17:00:11  ERROR    BTC-USD: float() argument must be a string or a real number, not 'Series'
17:00:12  ERROR    ETH-USD: float() argument must be a string or a real number, not 'Series'
17:00:12  ERROR    SOL-USD: float() argument must be a string or a real number, not 'Series'
17:00:14  ERROR    BNB-USD: float() argument must be a string or a real number, not 'Series'
17:00:14  ERROR    XRP-USD: float() argument must be a string or a real number, not 'Series'
17:00:14  INFO    ✅ Crypto 0 筆
17:00:14  INFO  
② 📈  股票
17:00:15  INFO    [台] 3293.TWO     鈊象電子         $    796.00  +1.53% 三線多頭
17:00:15  INFO             買入點：— 目前無買入信號  進場區：$658.8 ~ $672.0  止損：$649.9
17:00:16  INFO    [台] 00909.TW     國泰智能電動車ETF   $     38.47  -2.98% 多空分歧
17:00:16  INFO             買入點：🎯🎯 兩條件滿足 — 觀察買入點  進場區：$36.2 ~ $36.9  止損：$35.3
17:00:17  INFO    [台] 0056.TW      元大高股息        $     38.43  -0.34% 多空分歧
17:00:17  INFO             買入點：🎯🎯 兩條件滿足 — 觀察買入點  進場區：$36.3 ~ $37.0  止損：$35.4
17:00:17  INFO    [台] 6111.TWO     6111擎亞       $     42.75  +0.83% 偏空
17:00:17  INFO             買入點：🎯🎯 兩條件滿足 — 觀察買入點  進場區：$40.8 ~ $41.6  止損：$39.8
17:00:18  INFO    [台] 00878.TW     國泰永續高股息      $     22.39  -0.22% 多空分歧
17:00:18  INFO             買入點：🎯 一條件滿足 — 待確認  進場區：$21.2 ~ $21.6  止損：$20.6
17:00:19  INFO    [台] 3017.TW      奇鋐           $  2,195.00  -3.52% 三線多頭
17:00:19  INFO             買入點：— 目前無買入信號  進場區：$1,577.9 ~ $1,609.6  止損：$1,615.0
17:00:20  INFO    [台] 00713.TW     元大高息低波       $     51.60  -0.19% 多空分歧
17:00:20  INFO             買入點：🎯🎯 兩條件滿足 — 觀察買入點  進場區：$49.8 ~ $50.8  止損：$48.6
17:00:21  INFO    [台] 00919.TW     群益台灣精選高息     $     22.52  -0.49% 多空分歧
17:00:21  INFO             買入點：🎯🎯 兩條件滿足 — 觀察買入點  進場區：$21.7 ~ $22.2  止損：$21.2
17:00:22  INFO    [美] NVDA         NVIDIA       $    167.52  -2.17% 三線空頭
17:00:22  INFO             買入點：🎯 一條件滿足 — 待確認  進場區：$166.2 ~ $169.5  止損：$162.0
17:00:22  INFO    [美] GEV          GE Vernova   $    853.16  -2.29% 偏多
17:00:23  INFO             買入點：🎯 一條件滿足 — 待確認  進場區：$772.6 ~ $788.2  止損：$753.2
17:00:24  INFO    [台] 2330.TW      台積電          $  1,820.00  -1.09% 多空分歧
17:00:24  INFO             買入點：🎯🎯 兩條件滿足 — 觀察買入點  進場區：$1,755.4 ~ $1,790.7  止損：$1,711.3
17:00:24  INFO    [美] AMD          AMD          $    201.99  -0.87% 多空分歧
17:00:24  INFO             買入點：🎯 一條件滿足 — 待確認  進場區：$187.3 ~ $191.0  止損：$182.6
17:00:25  INFO    [美] TSM          台積電ADR       $    326.74  +0.19% 多空分歧
17:00:25  INFO             買入點：🎯 一條件滿足 — 待確認  進場區：$320.6 ~ $327.1  止損：$312.6
17:00:26  INFO    [台] 2317.TW      鴻海           $    199.50  -0.50% 多空分歧
17:00:26  INFO             買入點：🎯 一條件滿足 — 待確認  進場區：$187.9 ~ $191.7  止損：$188.2
17:00:27  INFO    [台] 2530.TW      華建           $     25.35  +1.20% 多空分歧
17:00:27  INFO             買入點：🎯 一條件滿足 — 待確認  進場區：$24.0 ~ $24.5  止損：$23.8
17:00:28  INFO    [美] MU           美光           $    357.22  +0.50% 多空分歧
17:00:28  INFO             買入點：🎯 一條件滿足 — 待確認  進場區：$343.5 ~ $350.4  止損：$339.5
17:00:29  INFO    [美] LRCX         科林研發         $    211.41  -0.10% 多空分歧
17:00:29  INFO             買入點：🎯 一條件滿足 — 待確認  進場區：$193.1 ~ $197.0  止損：$188.3
17:00:30  INFO    [台] 00631L.TW    元大台灣50正2     $    443.15  +0.00% 多空分歧
17:00:30  INFO             買入點：🎯🎯 兩條件滿足 — 觀察買入點  進場區：$414.4 ~ $422.7  止損：$404.0
17:00:31  INFO    [台] 00910.TW     第一金太空衛星      $     60.30  -1.15% 三線多頭
17:00:31  INFO             買入點：— 目前無買入信號  進場區：$52.1 ~ $53.1  止損：$50.8
17:00:31  INFO    [台] 2308.TW      台達電          $  1,510.00  -0.33% 三線多頭
17:00:31  INFO             買入點：— 目前無買入信號  進場區：$1,189.0 ~ $1,212.9  止損：$1,159.1
17:00:34  INFO    ✅ 股票 20 筆
17:00:34  INFO  
③ 🌟  生活熱門趨勢
17:00:34  INFO    📊 Google Trends 台灣（生活/食衣住行）...
17:00:35  INFO    [食品飲料] 熱度:10 動能:-16% 最熱關鍵字：美食 ❄️
17:00:37  INFO    [服飾美妝] 熱度:39 動能:+13% 最熱關鍵字：穿搭 🔥🔥
17:00:40  INFO    [居家生活] 熱度:26 動能:+15% 最熱關鍵字：家具 🔥🔥
17:00:43  INFO    [娛樂3C] 熱度:41 動能:+4% 最熱關鍵字：手機 🔥
17:00:45  INFO    [健康運動] 熱度:37 動能:+6% 最熱關鍵字：健身 🔥🔥
17:00:48  INFO    [旅遊交通] 熱度:36 動能:+17% 最熱關鍵字：機票 🔥🔥
17:00:50  INFO    💬 Dcard 熱門...
17:00:50  WARNING      ⚠️  www.dcard.tw → 403 Client Error: Forbidden for url: https://www.dcard.tw/f/trending
17:00:50  INFO    📋 PTT 熱門...
17:00:51  WARNING      ⚠️  www.ptt.cc → ('Connection aborted.', ConnectionResetError(104, 'Connection reset by peer'))
17:00:51  INFO    [PTT/Stock] [3] [心得] 未來大盤解說
17:00:51  INFO    [PTT/Stock] [29] [新聞] 記憶體供應鏈雪上加霜 美祭337
17:00:51  INFO    [PTT/Stock] [9] [請益] 0050/00692更換00631L
17:00:51  INFO    [PTT/Stock] [3] [新聞] 比亞迪利潤降幅超預期 受激烈競爭與監管
17:00:52  INFO    [PTT/beauty] [1] [帥哥]  F4
17:00:52  INFO    [PTT/beauty] [92] [公告] 不願上表特 ＆ 優文推薦 ＆ 檢舉建議專區
17:00:52  INFO    [PTT/beauty] [1] [公告] 口罩文會退文
17:00:52  INFO    [PTT/beauty] [] [公告] 表特板板規(2022.10.22)
17:00:53  INFO    [PTT/movie] [15] [新聞] 爭議 《陽光女子合唱團》掀出台片制度困境
17:00:53  INFO    [PTT/movie] [1] [LIVE] 好萊塢電影 22:30 頭獎危機
17:00:53  INFO    [PTT/movie] [1] [討論] 《廉政風雲 煙幕》和《內幕》編導演員及票房的二三事
17:00:55  INFO    [PTT/food] [2] [食記] Tacos Luca 新北新店 餅香脆豬腿肉酥Taco
17:00:55  INFO    [PTT/food] [] Fw: [食記] 慶豐牛排
17:00:55  INFO    [PTT/food] [] [公告] Food板 板規 V3.91
17:00:55  INFO    [PTT/food] [18] [公告] 發文請在標題加上地區及提供地址電話。^^
17:00:55  INFO    [PTT/food] [] [公告] 文章被刪除者請洽精華區的資源回收桶
17:00:55  INFO    📺 YouTube 台灣熱門...
17:00:55  INFO    🎵 TikTok...
17:00:57  INFO    [TikTok] #1 #strangerstofriends
17:00:57  INFO    🛍️  Shopee 台灣熱銷...
17:01:01  INFO    💬 Reddit 熱賣（本週）...
17:01:02  INFO    ✅ 生活趨勢完成
17:01:02  INFO  
④ 📰  消息面
17:01:02  INFO    [🇹🇼 台灣] 挺柯造勢破3萬人！常行深罵藍委、吃屎哥喊「柯文哲貪污」被抬走| 政治
17:01:02  INFO    [🇹🇼 台灣] 把握最後暖陽！專家示警：清明連假大雨炸全台
17:01:02  INFO    [🇹🇼 台灣] 國防部：82套海馬士多管火箭系統首期款 美方同意展延期限
17:01:02  INFO    [🇹🇼 台灣] 獨家／震撼彈！知名連鎖火鍋 7間分店關了
17:01:02  INFO    [🇹🇼 台灣] 伊朗政權爆分裂！革命衛隊堅持猛攻 總統批：再打下去經濟恐全面崩潰
17:01:02  INFO    [🇹🇼 台灣] 顏慧欣生前疑遭職場霸凌 錯誤歸咎派系鬥爭？經濟部發聲了
17:01:04  INFO    [🇯🇵 日本] 伊朗議會議長警告稱，如果發生地面入侵，將“等待美國士兵並將其燒死”，勸阻海灣國家不要參戰
17:01:06  INFO    [🇯🇵 日本] 共產黨和社會民主黨推薦的原田博美在東京清瀨市長選舉中擊敗自民黨【東京】【日本共產黨】【社會民主黨（社會民主黨）】首次獲勝
17:01:08  INFO    [🇯🇵 日本] 高內內閣支持率上升3個百分點至72%； 65%的人表示「讚賞」日美首腦會談
17:01:09  INFO    [🇯🇵 日本] 【突發新聞】京都府南丹市失蹤男孩背包被山裡親戚發現
17:01:10  INFO    [🇯🇵 日本] 一名男子在首都高速公路上從出租車下車並穿越車道時被撞身亡…橫羽線
17:01:11  INFO    [🇯🇵 日本] 【突發新聞】胡塞武裝發言人稱攻擊將僅限於以色列
17:01:12  INFO    [🇰🇷 韓國] 美國公民「我無法忍受」…「沒有國王」怒火中燒
17:01:13  INFO    [🇰🇷 韓國] 金富謙領導的共同民主黨被寄予厚望...“大邱、佛慶值得一試”
17:01:15  INFO    [🇰🇷 韓國] 美國4500億美元贏得的「天空之眼」...在伊朗襲擊沙烏地阿拉伯基地期間被摧毀
17:01:16  INFO    [🇰🇷 韓國] 美國副總統萬斯：“我們很快就會結束與伊朗的戰爭……我們期待穩定油價。”
17:01:17  INFO    [🇰🇷 韓國] 李總統：“4/3國家暴力將像納粹戰犯一樣受到永久懲罰。”
17:01:19  INFO    [🇰🇷 韓國] 伊朗議會議長引起美國注意：“當美軍抵達地面時，我們將燒毀他們。”
17:01:19  INFO    [🇺🇸 美國] 5 Takeaways From the ‘No Kings’ Rallies as the Midterms Heat Up
17:01:19  INFO    [🇺🇸 美國] Iran war: Tehran warns US against ground assault
17:01:19  INFO    [🇺🇸 美國] Daughter of immigrants brings history to bear in fight for birthright citizenship
17:01:19  INFO    [🇺🇸 美國] Israel bars church leaders from Palm Sunday mass ‘for the first time in centuries,’ church says
17:01:19  INFO    [🇺🇸 美國] The War With Iran May Be Ushering in a New Nuclear Age
17:01:19  INFO    [🇺🇸 美國] Pope Leo XIV rejects claims that God justifies war in Palm Sunday Mass message
17:01:36  INFO  
🖥️  產生 HTML 報告...
17:01:36  INFO  
✅  HTML：報告_20260329_1701.html
17:01:36  INFO  ✅  CSV：機會分析_20260329_1701.csv
17:01:36  INFO  📝  Log：logs/scan_20260329_170010.log
