10:22:32  INFO  ======================================================================
10:22:32  INFO  🔥  每日機會分析系統 v10
10:22:32  INFO  📅  2026-04-23 10:22
10:22:32  INFO  ======================================================================
10:22:32  INFO  
① 🌕  CRYPTO
10:22:32  ERROR    BTC-USD: float() argument must be a string or a real number, not 'Series'
10:22:33  ERROR    ETH-USD: float() argument must be a string or a real number, not 'Series'
10:22:33  ERROR    SOL-USD: float() argument must be a string or a real number, not 'Series'
10:22:34  ERROR    BNB-USD: float() argument must be a string or a real number, not 'Series'
10:22:35  ERROR    XRP-USD: float() argument must be a string or a real number, not 'Series'
10:22:35  INFO    ✅ Crypto 0 筆
10:22:35  INFO  
② 📈  股票
10:22:36  INFO    [台] 3293.TWO     鈊象電子         $    761.00  -3.67% 多空分歧
10:22:36  INFO             買入點：🎯 一條件滿足 — 待確認  進場區：$727.3 ~ $742.0  止損：$709.1
10:22:37  INFO    [台] 00909.TW     國泰智能電動車ETF   $     42.86  +0.68% 多空分歧
10:22:37  INFO             買入點：— 目前無買入信號  進場區：$31.6 ~ $32.2  止損：$32.1
10:22:37  INFO    [台] 0056.TW      元大高股息        $     40.65  -4.60% 三線多頭
10:22:37  INFO             買入點：— 目前無買入信號  進場區：$36.3 ~ $37.0  止損：$35.9
10:22:38  INFO    [台] 6111.TWO     6111擎亞       $     48.60  -1.62% 多空分歧
10:22:38  INFO             買入點：— 目前無買入信號  進場區：$39.3 ~ $40.1  止損：$38.7
10:22:39  INFO    [台] 00878.TW     國泰永續高股息      $     24.66  -1.75% 三線多頭
10:22:39  INFO             買入點：— 目前無買入信號  進場區：$21.0 ~ $21.5  止損：$21.1
10:22:40  INFO    [台] 3017.TW      奇鋐           $  2,680.00  -0.56% 三線多頭
10:22:40  INFO             買入點：— 目前無買入信號  進場區：$1,869.5 ~ $1,907.1  止損：$1,886.6
10:22:41  INFO    [台] 00713.TW     元大高息低波       $     53.35  -1.39% 偏多
10:22:41  INFO             買入點：— 目前無買入信號  進場區：$50.1 ~ $51.1  止損：$49.1
10:22:42  INFO    [台] 00919.TW     群益台灣精選高息     $     23.45  -2.05% 三線多頭
10:22:42  INFO             買入點：— 目前無買入信號  進場區：$21.8 ~ $22.2  止損：$21.3
10:22:43  INFO    [美] NVDA         NVIDIA       $    202.50  +1.31% 偏多
10:22:43  INFO             買入點：— 目前無買入信號  進場區：$159.9 ~ $163.1  止損：$159.3
10:22:44  INFO    [美] GEV          GE Vernova   $  1,127.56 +13.75% 三線多頭
10:22:44  INFO             買入點：— 目前無買入信號  進場區：$799.9 ~ $816.0  止損：$782.8
10:22:44  INFO    [台] 2330.TW      台積電          $  2,080.00  +1.46% 三線多頭
10:22:44  INFO             買入點：— 目前無買入信號  進場區：$1,712.3 ~ $1,746.7  止損：$1,707.2
10:22:45  INFO    [美] AMD          AMD          $    303.46  +6.67% 三線多頭
10:22:45  INFO             買入點：— 目前無買入信號  進場區：$174.6 ~ $178.1  止損：$187.1
10:22:46  INFO    [美] TSM          台積電ADR       $    387.44  +5.26% 三線多頭
10:22:46  INFO             買入點：— 目前無買入信號  進場區：$312.2 ~ $318.5  止損：$304.4
10:22:47  INFO    [台] 2317.TW      鴻海           $    225.00  +1.81% 多空分歧
10:22:47  INFO             買入點：— 目前無買入信號  進場區：$183.7 ~ $187.4  止損：$181.9
10:22:48  INFO    [台] 2530.TW      華建           $     21.75  +0.00% 三線空頭
10:22:48  INFO             買入點：🎯 一條件滿足 — 待確認  進場區：$21.1 ~ $21.5  止損：$20.8
10:22:49  INFO    [美] MU           美光           $    487.48  +8.48% 三線多頭
10:22:49  INFO             買入點：— 目前無買入信號  進場區：$308.9 ~ $315.1  止損：$302.1
10:22:50  INFO    [美] LRCX         科林研發         $    265.55  +2.78% 多空分歧
10:22:50  INFO             買入點：— 目前無買入信號  進場區：$192.3 ~ $196.2  止損：$192.6
10:22:51  INFO    [台] 00631L.TW    元大台灣50正2     $     26.60  -1.74% 多空分歧
10:22:51  INFO             買入點：— 目前無買入信號  進場區：$17.9 ~ $18.3  止損：$18.7
10:22:51  INFO    [台] 00910.TW     第一金太空衛星      $     69.95  -1.34% 偏多
10:22:51  INFO             買入點：— 目前無買入信號  進場區：$53.5 ~ $54.6  止損：$52.9
10:22:52  INFO    [台] 2308.TW      台達電          $  1,980.00  -1.74% 三線多頭
10:22:52  INFO             買入點：— 目前無買入信號  進場區：$1,279.5 ~ $1,305.2  止損：$1,324.0
10:22:53  INFO    ⏰ 10:xx 外資 16:30 後更新
10:22:53  INFO    ✅ 股票 20 筆
10:22:53  INFO  
③ 🌟  生活熱門趨勢
10:22:53  INFO    📊 Google Trends 台灣（生活/食衣住行）...
10:22:53  WARNING    [食品飲料] The request failed: Google returned a response with code 429
10:22:57  WARNING    [服飾美妝] The request failed: Google returned a response with code 429
10:23:00  WARNING    [居家生活] The request failed: Google returned a response with code 429
10:23:03  WARNING    [娛樂3C] The request failed: Google returned a response with code 429
10:23:07  WARNING    [健康運動] The request failed: Google returned a response with code 429
10:23:10  INFO    [旅遊交通] 熱度:28 動能:-5% 最熱關鍵字：機票 ❄️
10:23:12  INFO    💬 Dcard 熱門...
10:23:12  WARNING      ⚠️  www.dcard.tw → 403 Client Error: Forbidden for url: https://www.dcard.tw/f/trending
10:23:12  INFO    📋 PTT 熱門...
10:23:13  WARNING      ⚠️  www.ptt.cc → ('Connection aborted.', ConnectionResetError(104, 'Connection reset by peer'))
10:23:13  INFO    [PTT/Stock] [33] [情報] 0423 上市投信買賣超排行
10:23:13  INFO    [PTT/Stock] [10] [請益] 股票掛賣　不到十分鐘被借走　然後
10:23:13  INFO    [PTT/Stock] [爆] [情報] 115年04月23日 三大法人買賣金額統計表
10:23:13  INFO    [PTT/Stock] [31] [新聞] 電力成 AI 新戰場！GEV 財報超預期 00920
10:23:13  INFO    [PTT/Stock] [7] Re: [標的] 美股CIVI
10:23:14  INFO    [PTT/beauty] [25] [正妹] 韓國大肌肌 金賢姈
10:23:14  INFO    [PTT/beauty] [2] [正妹] 泡泡
10:23:14  INFO    [PTT/beauty] [] [正妹] 姚璟浩
10:23:14  INFO    [PTT/beauty] [2] [正妹] 陳明曦
10:23:15  INFO    [PTT/movie] [7] 特技玩家  觀後感
10:23:15  INFO    [PTT/movie] [] [新聞]《穿著Prada的惡魔2》好評爆棚！諷刺媒體
10:23:15  INFO    [PTT/movie] [6] [新聞]不只是金鋼狼！萊恩雷諾斯點名《死侍4》想
10:23:15  INFO    [PTT/movie] [22] [新聞]傳記片《麥可傑克森》外媒負評如潮！遭砲
10:23:16  INFO    [PTT/food] [] [食記] 韓國首爾弘大花蟹世界
10:23:16  INFO    [PTT/food] [] [食記] 手打神代蕎麥 日本島根 三彩十割蕎麥麵
10:23:16  INFO    [PTT/food] [] [食記] 美國-華盛頓特區| Ben's Chili Bowl
10:23:16  INFO    [PTT/food] [] [食記] 茨城 四〇屋 水戶車站旁的必嘗痛風鍋
10:23:16  INFO    [PTT/food] [1] [食記]首爾明洞 庭院嫩豆腐鍋
10:23:17  INFO    📺 YouTube 台灣熱門...
10:23:17  INFO    🎵 TikTok...
10:23:18  INFO    [TikTok] #1 #golivegrowfast
10:23:18  INFO    🛍️  Shopee 台灣熱銷...
10:23:22  INFO    💬 Reddit 熱賣（本週）...
10:23:22  INFO    ✅ 生活趨勢完成
10:23:22  INFO  
④ 📰  消息面
10:23:22  INFO    [🇹🇼 台灣] 賴總統專機遭撤飛航許可 美國務院：這些國家在中國要求下行事
10:23:22  INFO    [🇹🇼 台灣] 說好的下雨呢？ 最新雲圖曝鋒面位置 颱風論壇：降雨時程稍延
10:23:22  INFO    [🇹🇼 台灣] 中國高德地圖登台爆紅！秒查看「紅綠燈倒數」藏資安疑慮？　數發部回應了
10:23:22  INFO    [🇹🇼 台灣] 中正一分局女警官產後身亡！姪女白沙屯媽祖進香祈福畫面曝感動網友| 社會
10:23:22  INFO    [🇹🇼 台灣] 吃素卻被柯文哲端走燙青菜 吳亞倫發文澄清「吃很飽」網酸爆
10:23:22  INFO    [🇹🇼 台灣] 川普：最快72小時內有好消息
10:23:25  INFO    [🇯🇵 日本] 岩手縣森林火災導致 Docomo 通訊中斷 首次「日本漫遊」的機制及注意事項
10:23:26  INFO    [🇯🇵 日本] 京都南丹男孩被遺棄，死因不明一個月後龜岡車禍受害者家屬在花攤上“我為他感到難過”
10:23:29  INFO    [🇯🇵 日本] 川村隆 (Takashi Kawamura) 投票反對國家情報委員會法案：“與個人號碼系統自相矛盾。人們太好了。”
10:23:30  INFO    [🇯🇵 日本] 知事們與東京討論稅收差距問題，東京都知事小池百合子中途離任缺席…九縣市首腦會議
10:23:31  INFO    [🇯🇵 日本] 川普的威脅言論適得其反，給伊朗帶來了優勢，前總統助理博爾頓的觀點延長停火的背景#專家話題
10:23:32  INFO    [🇯🇵 日本] 一名值班男子因涉嫌闖入一名女醫生正在工作的醫院值班室閣樓而被捕……“毫無疑問，存在闖入行為。”
10:23:35  INFO    [🇰🇷 韓國] 【突發新聞】民主黨「總統區」桂陽、仁川「王山南」金南俊戰略提名...宋英吉代表延壽浦
10:23:37  INFO    [🇰🇷 韓國] 戴著口罩在梯子上進行威脅…伊朗公開提倡扣押船隻
10:23:39  INFO    [🇰🇷 韓國] 伊朗內亂談判破裂？ ……「悄悄放鬆封鎖」會成為突破口嗎？
10:23:42  INFO    [🇰🇷 韓國] 造成貨運聯盟成員死亡的司機因涉嫌謀殺被捕
10:23:44  INFO    [🇰🇷 韓國] 駐韓美軍司令：“作戰指揮權移交的條件將於 2029 年第一季實現…條件良好”
10:23:46  INFO    [🇰🇷 韓國] ‘컷오프’됐던 주호영 “대구시장 불출마하겠다”
10:23:46  INFO    [🇺🇸 美國] Iran tightens control of Hormuz after US calls off renewed attacks
10:23:46  INFO    [🇺🇸 美國] Senate adopts budget resolution after marathon "vote-a-rama" as GOP moves to fund ICE without Democrats
10:23:46  INFO    [🇺🇸 美國] Pete Hegseth fires U.S. Navy Secretary John Phelan
10:23:46  INFO    [🇺🇸 美國] Lebanese journalist Amal Khalil killed in Israeli strike on a house where she took cover, paper says
10:23:46  INFO    [🇺🇸 美國] Candidates for California Governor Debate: 5 Takeaways
10:23:46  INFO    [🇺🇸 美國] Trump team defends redistricting push as GOP faces limited gains
10:24:00  INFO  
🖥️  產生 HTML 報告...
10:24:00  INFO  
✅  HTML：報告_20260423_1024.html
10:24:00  INFO  ✅  CSV：機會分析_20260423_1024.csv
10:24:00  INFO  📝  Log：logs/scan_20260423_102232.log
