23:31:16  INFO  ======================================================================
23:31:16  INFO  🔥  每日機會分析系統 v10
23:31:16  INFO  📅  2026-04-21 23:31
23:31:16  INFO  ======================================================================
23:31:16  INFO  
① 🌕  CRYPTO
23:31:16  ERROR    BTC-USD: float() argument must be a string or a real number, not 'Series'
23:31:17  ERROR    ETH-USD: float() argument must be a string or a real number, not 'Series'
23:31:18  ERROR    SOL-USD: float() argument must be a string or a real number, not 'Series'
23:31:18  ERROR    BNB-USD: float() argument must be a string or a real number, not 'Series'
23:31:19  ERROR    XRP-USD: float() argument must be a string or a real number, not 'Series'
23:31:19  INFO    ✅ Crypto 0 筆
23:31:19  INFO  
② 📈  股票
23:31:19  INFO    [台] 3293.TWO     鈊象電子         $    779.00  -0.76% 三線多頭
23:31:19  INFO             買入點：🎯 一條件滿足 — 待確認  進場區：$719.4 ~ $733.8  止損：$701.3
23:31:20  INFO    [台] 00909.TW     國泰智能電動車ETF   $       nan   +nan% 多空分歧
23:31:20  INFO             買入點：— 目前無買入信號  進場區：$32.9 ~ $33.5  止損：$32.1
23:31:21  INFO    [台] 0056.TW      元大高股息        $       nan   +nan% 三線多頭
23:31:21  INFO             買入點：— 目前無買入信號  進場區：$36.9 ~ $37.6  止損：$35.9
23:31:22  INFO    [台] 6111.TWO     6111擎亞       $     48.90  +2.30% 多空分歧
23:31:22  INFO             買入點：— 目前無買入信號  進場區：$39.4 ~ $40.2  止損：$38.7
23:31:23  INFO    [台] 00878.TW     國泰永續高股息      $       nan   +nan% 三線多頭
23:31:23  INFO             買入點：— 目前無買入信號  進場區：$21.7 ~ $22.1  止損：$21.1
23:31:24  INFO    [台] 3017.TW      奇鋐           $  2,565.00  +3.01% 三線多頭
23:31:24  INFO             買入點：— 目前無買入信號  進場區：$1,859.7 ~ $1,897.1  止損：$1,857.5
23:31:25  INFO    [台] 00713.TW     元大高息低波       $       nan   +nan% 三線多頭
23:31:25  INFO             買入點：— 目前無買入信號  進場區：$50.4 ~ $51.4  止損：$49.1
23:31:25  INFO    [台] 00919.TW     群益台灣精選高息     $       nan   +nan% 三線多頭
23:31:25  INFO             買入點：— 目前無買入信號  進場區：$21.9 ~ $22.3  止損：$21.3
23:31:26  INFO    [美] NVDA         NVIDIA       $    199.88  -1.08% 多空分歧
23:31:26  INFO             買入點：— 目前無買入信號  進場區：$159.5 ~ $162.7  止損：$159.3
23:31:27  INFO    [美] GEV          GE Vernova   $    991.30  +0.11% 三線多頭
23:31:27  INFO             買入點：— 目前無買入信號  進場區：$803.0 ~ $819.1  止損：$782.8
23:31:28  INFO    [台] 2330.TW      台積電          $  2,050.00  +1.23% 多空分歧
23:31:28  INFO             買入點：— 目前無買入信號  進場區：$1,689.2 ~ $1,723.1  止損：$1,707.2
23:31:29  INFO    [美] AMD          AMD          $    284.49  +3.47% 三線多頭
23:31:29  INFO             買入點：— 目前無買入信號  進場區：$175.6 ~ $179.1  止損：$187.1
23:31:30  INFO    [美] TSM          台積電ADR       $    368.08  +0.50% 多空分歧
23:31:30  INFO             買入點：— 目前無買入信號  進場區：$312.2 ~ $318.5  止損：$304.4
23:31:31  INFO    [台] 2317.TW      鴻海           $    211.00  +1.69% 多空分歧
23:31:31  INFO             買入點：— 目前無買入信號  進場區：$186.6 ~ $190.3  止損：$181.9
23:31:32  INFO    [台] 2530.TW      華建           $     22.30  +0.00% 三線空頭
23:31:32  INFO             買入點：🎯 一條件滿足 — 待確認  進場區：$21.6 ~ $22.0  止損：$21.5
23:31:33  INFO    [美] MU           美光           $    449.38  +0.21% 多空分歧
23:31:33  INFO             買入點：— 目前無買入信號  進場區：$309.9 ~ $316.2  止損：$302.1
23:31:33  INFO    [美] LRCX         科林研發         $    258.37  -1.82% 多空分歧
23:31:33  INFO             買入點：— 目前無買入信號  進場區：$192.2 ~ $196.1  止損：$192.6
23:31:34  INFO    [台] 00631L.TW    元大台灣50正2     $       nan   +nan% 多空分歧
23:31:34  INFO             買入點：— 目前無買入信號  進場區：$19.0 ~ $19.4  止損：$18.5
23:31:35  INFO    [台] 00910.TW     第一金太空衛星      $       nan   +nan% 三線多頭
23:31:35  INFO             買入點：— 目前無買入信號  進場區：$54.2 ~ $55.3  止損：$52.9
23:31:36  INFO    [台] 2308.TW      台達電          $  2,015.00  +6.05% 三線多頭
23:31:36  INFO             買入點：— 目前無買入信號  進場區：$1,250.1 ~ $1,275.2  止損：$1,324.0
23:31:38  INFO    ✅ 股票 20 筆
23:31:38  INFO  
③ 🌟  生活熱門趨勢
23:31:38  INFO    📊 Google Trends 台灣（生活/食衣住行）...
23:31:39  INFO    [食品飲料] 熱度:6 動能:-47% 最熱關鍵字：美食 ❄️
23:31:41  INFO    [服飾美妝] 熱度:25 動能:-22% 最熱關鍵字：防曬 ❄️
23:31:44  INFO    [居家生活] 熱度:14 動能:-58% 最熱關鍵字：家具 ❄️
23:31:47  WARNING    [娛樂3C] The request failed: Google returned a response with code 429
23:31:50  INFO    [健康運動] 熱度:31 動能:-21% 最熱關鍵字：健身 ❄️
23:31:53  INFO    [旅遊交通] 熱度:23 動能:-19% 最熱關鍵字：機票 ❄️
23:31:55  INFO    💬 Dcard 熱門...
23:31:55  WARNING      ⚠️  www.dcard.tw → 403 Client Error: Forbidden for url: https://www.dcard.tw/f/trending
23:31:55  INFO    📋 PTT 熱門...
23:31:55  WARNING      ⚠️  www.ptt.cc → ('Connection aborted.', ConnectionResetError(104, 'Connection reset by peer'))
23:31:56  INFO    [PTT/Stock] [] 6696仁新子公司向美國FDA申請LBS008新藥查驗登記
23:31:56  INFO    [PTT/Stock] [59] [新聞] 川普應巴基斯坦要求，無限期延長美伊停火
23:31:56  INFO    [PTT/Stock] [] [公告] 股票板板規 v4.7 (2024/10/06 修正)
23:31:56  INFO    [PTT/Stock] [6] [公告] 4-6-1罰則將在1/22開始到年底加重至30天
23:31:56  INFO    [PTT/Stock] [爆] [閒聊] 2026/04/21 盤後閒聊
23:31:57  INFO    [PTT/beauty] [4] [正妹] Uni-Girls 練習生 沐沐 自製表情包
23:31:57  INFO    [PTT/beauty] [2] [正妹] UU
23:31:57  INFO    [PTT/beauty] [] [正妹] 黑絲
23:31:57  INFO    [PTT/beauty] [2] [正妹] 韓國
23:31:58  INFO    [PTT/movie] [19] [討論] 《麥可傑克森》爛番茄 27%
23:31:58  INFO    [PTT/movie] [1] [新聞]《穿著PRADA的惡魔2》紐約首映！女神卡卡
23:31:58  INFO    [PTT/movie] [1] [普雷]《愛·死·療養院》，永遠在一起。
23:31:58  INFO    [PTT/movie] [11] [討論]妮可基嫚珊卓布拉克《超異能快感2》預告！
23:31:58  INFO    [PTT/movie] [7] [新聞]64歲劉德華少年感爆表！網驚帥了一輩子！
23:31:59  INFO    [PTT/food] [] [食記] 韓國首爾弘大花蟹世界
23:31:59  INFO    [PTT/food] [] [食記] 手打神代蕎麥 日本島根 三彩十割蕎麥麵
23:31:59  INFO    [PTT/food] [] [食記] 美國-華盛頓特區| Ben's Chili Bowl
23:31:59  INFO    [PTT/food] [] [食記] 茨城 四〇屋 水戶車站旁的必嘗痛風鍋
23:31:59  INFO    [PTT/food] [1] [食記]首爾明洞 庭院嫩豆腐鍋
23:31:59  INFO    📺 YouTube 台灣熱門...
23:31:59  INFO    🎵 TikTok...
23:32:00  INFO    [TikTok] #1 #justinbieber
23:32:00  INFO    🛍️  Shopee 台灣熱銷...
23:32:04  INFO    💬 Reddit 熱賣（本週）...
23:32:04  INFO    ✅ 生活趨勢完成
23:32:04  INFO  
④ 📰  消息面
23:32:04  INFO    [🇹🇼 台灣] 歷史絕無僅有！國安團隊揭暫緩賴清德出訪考量潘孟安轟中國荒唐| 政治
23:32:04  INFO    [🇹🇼 台灣] 川普：美國獲取伊朗濃縮鈾 將會漫長且艱難
23:32:04  INFO    [🇹🇼 台灣] 柯文哲吸辣椒水搞烏龍 民眾黨這人先道歉了
23:32:04  INFO    [🇹🇼 台灣] 春雨鋒面逼近 專家指這3天全台雷雨 中南部恐較大雨勢
23:32:04  INFO    [🇹🇼 台灣] 全素顏、急促喘息聲！NHK女主播地震休假「10分鐘衝回棚內」　敬業播報惹哭日網
23:32:04  INFO    [🇹🇼 台灣] 「發芽馬鈴薯絕不會進入市場」　卓榮泰：會整櫃拿出來檢查每一顆
23:32:06  INFO    [🇯🇵 日本] 巴基斯坦總理歡迎延長美伊停火
23:32:06  INFO    [🇯🇵 日本] 日本自衛隊坦克死傷4人，正常射擊直至砲彈爆炸…成員震驚稱“這是不可想像的”
23:32:06  INFO    [🇯🇵 日本] 白宮官員：萬斯尚未前往伊朗會談
23:32:07  INFO    [🇯🇵 日本] 日本首相高市「防止衝突」取消「5類」國防裝備轉讓，原則上允許武器出口
23:32:08  INFO    [🇯🇵 日本] 日本西部夜間有雨；日本北部突然下雨和雷暴；大面積黃沙；今天, 4月22日 (星期三) (天氣預報員 Satoko Ono, 2026年4月22日)
23:32:09  INFO    [🇯🇵 日本] 「全家人都反對這門婚事」養父假裝是「關心家庭」，卻從第一天開始「分崩離析」…被蒙面警車跟蹤時表現得像個猴子【京都小學6廢棄…被捕一週後】（集英社在線）
23:32:12  INFO    [🇰🇷 韓國] 最後通牒一個月六次被推翻…川普失信後的“輕嘴”
23:32:15  INFO    [🇰🇷 韓國] 【獨家】尿袋‘3天供應’·胸管引流瓶‘停產’·國大醫院必需品庫存‘紅燈’
23:32:15  INFO    [🇰🇷 韓國] 鄭東泳有關朝鮮核設施的言論引起反響…專家：“安全需要兩黨合作”
23:32:18  INFO    [🇰🇷 韓國] [北韓專欄] 張東赫社長，現在是下台的好時機
23:32:19  INFO    [🇰🇷 韓國] 李總統今天與越南秘書長朗姆舉行首腦會談...包括核電站在內的能源合作
23:32:21  INFO    [🇰🇷 韓國] 勞工部、貨運工人和小型企業法規......批評蔓延“破壞了黃袋法案的目的”
23:32:22  INFO    [🇺🇸 美國] Live Updates: Trump extends ceasefire as uncertainty over U.S.-Iran peace talks remains
23:32:22  INFO    [🇺🇸 美國] Live Results: Virginia redistricting special election
23:32:22  INFO    [🇺🇸 美國] Southern Poverty Law Center says it's being 'targeted' by Trump administration
23:32:22  INFO    [🇺🇸 美國] Florida Democrat Rep. Sheila Cherfilus-McCormick, facing possible expulsion, resigns
23:32:22  INFO    [🇺🇸 美國] Teotihuacán Pyramids Shooting: Gunman Carried Notes on U.S. Mass Shootings
23:32:22  INFO    [🇺🇸 美國] US forces board a sanctioned oil tanker in the Indian Ocean, the Pentagon says
23:32:34  INFO  
🖥️  產生 HTML 報告...
23:32:34  INFO  
✅  HTML：報告_20260421_2332.html
23:32:34  INFO  ✅  CSV：機會分析_20260421_2332.csv
23:32:34  INFO  📝  Log：logs/scan_20260421_233116.log
