17:11:38  INFO  ======================================================================
17:11:38  INFO  🔥  每日機會分析系統 v10
17:11:38  INFO  📅  2026-05-02 17:11
17:11:38  INFO  ======================================================================
17:11:38  INFO  
① 🌕  CRYPTO
17:11:39  ERROR    BTC-USD: float() argument must be a string or a real number, not 'Series'
17:11:39  ERROR    ETH-USD: float() argument must be a string or a real number, not 'Series'
17:11:40  ERROR    SOL-USD: float() argument must be a string or a real number, not 'Series'
17:11:40  ERROR    BNB-USD: float() argument must be a string or a real number, not 'Series'
17:11:41  ERROR    XRP-USD: float() argument must be a string or a real number, not 'Series'
17:11:41  INFO    ✅ Crypto 0 筆
17:11:41  INFO  
② 📈  股票
17:11:42  INFO    [台] 3293.TWO     鈊象電子         $    748.00  -1.06% 多空分歧
17:11:42  INFO             買入點：🎯 一條件滿足 — 待確認  進場區：$734.3 ~ $749.1  止損：$715.9
17:11:42  INFO    [台] 00909.TW     國泰智能電動車ETF   $     41.43  -1.52% 多空分歧
17:11:42  INFO             買入點：— 目前無買入信號  進場區：$33.4 ~ $34.1  止損：$32.6
17:11:43  INFO    [台] 0056.TW      元大高股息        $     40.90  -0.07% 偏多
17:11:43  INFO             買入點：— 目前無買入信號  進場區：$36.4 ~ $37.1  止損：$35.7
17:11:44  INFO    [台] 6111.TWO     6111擎亞       $     45.05  +0.45% 多空分歧
17:11:44  INFO             買入點：🎯 一條件滿足 — 待確認  進場區：$40.7 ~ $41.6  止損：$39.7
17:11:45  INFO    [台] 00878.TW     國泰永續高股息      $     25.39  +0.36% 三線多頭
17:11:45  INFO             買入點：— 目前無買入信號  進場區：$21.5 ~ $21.9  止損：$21.3
17:11:46  INFO    [台] 3017.TW      奇鋐           $  2,835.00  +0.00% 偏多
17:11:46  INFO             買入點：— 目前無買入信號  進場區：$1,876.1 ~ $1,913.8  止損：$1,954.5
17:11:47  INFO    [台] 00713.TW     元大高息低波       $     52.85  -0.28% 多空分歧
17:11:47  INFO             買入點：🎯 一條件滿足 — 待確認  進場區：$50.8 ~ $51.9  止損：$49.6
17:11:47  INFO    [台] 00919.TW     群益台灣精選高息     $     23.65  +0.00% 三線多頭
17:11:47  INFO             買入點：— 目前無買入信號  進場區：$22.1 ~ $22.6  止損：$21.6
17:11:48  INFO    [美] NVDA         NVIDIA       $    198.45  -0.56% 多空分歧
17:11:48  INFO             買入點：🎯 一條件滿足 — 待確認  進場區：$172.8 ~ $176.3  止損：$168.5
17:11:49  INFO    [美] GEV          GE Vernova   $  1,062.95  -1.89% 多空分歧
17:11:49  INFO             買入點：— 目前無買入信號  進場區：$866.1 ~ $883.5  止損：$852.8
17:11:50  INFO    [台] 2330.TW      台積電          $  2,135.00  -2.06% 偏多
17:11:50  INFO             買入點：— 目前無買入信號  進場區：$1,792.8 ~ $1,828.9  止損：$1,750.8
17:11:51  INFO    [美] AMD          AMD          $    360.54  +1.71% 三線多頭
17:11:51  INFO             買入點：— 目前無買入信號  進場區：$192.0 ~ $195.9  止損：$208.9
17:11:51  INFO    [美] TSM          台積電ADR       $    397.67  +0.41% 多空分歧
17:11:51  INFO             買入點：— 目前無買入信號  進場區：$334.0 ~ $340.7  止損：$325.6
17:11:52  INFO    [台] 2317.TW      鴻海           $    219.50  -2.44% 多空分歧
17:11:52  INFO             買入點：— 目前無買入信號  進場區：$185.7 ~ $189.4  止損：$183.8
17:11:53  INFO    [台] 2530.TW      華建           $     20.85  -1.65% 三線空頭
17:11:53  INFO             買入點：🎯 一條件滿足 — 待確認  進場區：$20.3 ~ $20.7  止損：$19.9
17:11:54  INFO    [美] MU           美光           $    542.21  +4.84% 三線多頭
17:11:54  INFO             買入點：— 目前無買入信號  進場區：$362.3 ~ $369.6  止損：$353.2
17:11:55  INFO    [美] LRCX         科林研發         $    256.72  -0.44% 多空分歧
17:11:55  INFO             買入點：🎯 一條件滿足 — 待確認  進場區：$215.4 ~ $219.7  止損：$210.0
17:11:56  INFO    [台] 00631L.TW    元大台灣50正2     $     28.61  -0.73% 三線多頭
17:11:56  INFO             買入點：— 目前無買入信號  進場區：$19.4 ~ $19.8  止損：$19.3
17:11:57  INFO    [台] 00910.TW     第一金太空衛星      $     64.35  -0.46% 多空分歧
17:11:57  INFO             買入點：🎯 一條件滿足 — 待確認  進場區：$56.6 ~ $57.7  止損：$55.1
17:11:58  INFO    [台] 2308.TW      台達電          $  2,165.00  +0.00% 三線多頭
17:11:58  INFO             買入點：— 目前無買入信號  進場區：$1,384.9 ~ $1,412.8  止損：$1,377.4
17:12:00  INFO    ✅ 股票 20 筆
17:12:00  INFO  
③ 🌟  生活熱門趨勢
17:12:00  INFO    📊 Google Trends 台灣（生活/食衣住行）...
17:12:01  INFO    [食品飲料] 熱度:10 動能:-18% 最熱關鍵字：美食 ❄️
17:12:03  INFO    [服飾美妝] 熱度:48 動能:+22% 最熱關鍵字：防曬 🔥🔥🔥
17:12:06  INFO    [居家生活] 熱度:37 動能:+16% 最熱關鍵字：家具 🔥🔥
17:12:08  INFO    [娛樂3C] 熱度:32 動能:+14% 最熱關鍵字：手機 🔥🔥
17:12:11  INFO    [健康運動] 熱度:38 動能:+0% 最熱關鍵字：健身 🔥
17:12:13  INFO    [旅遊交通] 熱度:30 動能:+1% 最熱關鍵字：機票 🔥
17:12:15  INFO    💬 Dcard 熱門...
17:12:16  WARNING      ⚠️  www.dcard.tw → 403 Client Error: Forbidden for url: https://www.dcard.tw/f/trending
17:12:16  INFO    📋 PTT 熱門...
17:12:16  WARNING      ⚠️  www.ptt.cc → ('Connection aborted.', ConnectionResetError(104, 'Connection reset by peer'))
17:12:17  INFO    [PTT/Stock] [18] Re: [新聞] 日本衛浴大廠TOTO攻AI 股價狂飆18%
17:12:17  INFO    [PTT/Stock] [10] [新聞] 要當海賊王？川普稱美軍扣押伊朗船隻
17:12:17  INFO    [PTT/Stock] [] [公告] 本保羅要跟大家說對不起的05/03水桶公告
17:12:17  INFO    [PTT/Stock] [5] [請益] 股票質押問題
17:12:18  INFO    [PTT/beauty] [3] [正妹] Hina
17:12:18  INFO    [PTT/beauty] [1] [正妹] 田野憂 一張
17:12:18  INFO    [PTT/beauty] [4] [正妹] 休士頓太空人啦啦隊
17:12:18  INFO    [PTT/beauty] [] [正妹] 一張黑白
17:12:18  INFO    [PTT/beauty] [5] [正妹] 日劇 102次求婚 女主角
17:12:19  INFO    [PTT/movie] [2] [好雷] 狙擊之王：暗殺
17:12:19  INFO    [PTT/movie] [2] [心得] 香港娛樂廣東話教學（二）《寒戰1994》篇
17:12:19  INFO    [PTT/movie] [1] [好雷] 穿著Prada的惡魔2 自我感動的好雷
17:12:19  INFO    [PTT/movie] [4] Re: [普雷] 寒戰1994：嘆一口氣
17:12:19  INFO    [PTT/movie] [] [好雷] 超級瑪利歐銀河，角色多也能流暢講完故事
17:12:20  INFO    [PTT/food] [] [食記] 台北南港 島語自助餐吃到飽 假日下午茶
17:12:20  INFO    [PTT/food] [] [食記] 新北蘆洲 火岩堂職人三火封香雞排
17:12:20  INFO    [PTT/food] [] [食記] 牛莊園牛肉麵 台北大安 鮮清燉莊園牛肉麵
17:12:20  INFO    [PTT/food] [] [食記] 台北 涮乃葉日式涮涮鍋統一時代市府店
17:12:21  INFO    📺 YouTube 台灣熱門...
17:12:21  INFO    🎵 TikTok...
17:12:22  INFO    [TikTok] #1 #prom
17:12:22  INFO    🛍️  Shopee 台灣熱銷...
17:12:26  INFO    💬 Reddit 熱賣（本週）...
17:12:26  INFO    ✅ 生活趨勢完成
17:12:26  INFO  
④ 📰  消息面
17:12:27  INFO    [🇹🇼 台灣] 賴清德遭中國阻撓10天後抵達史瓦帝尼林佳龍：外交國安團隊審慎推進各項安排| 政治
17:12:27  INFO    [🇹🇼 台灣] 台南女警遭追撞輾斃 涉案女大生現身靈堂鞠躬致意
17:12:27  INFO    [🇹🇼 台灣] 張雅屏諷否定黨團軍購決策成政治秀 藍委嗆：隨時可提修正 去問傅崐萁
17:12:27  INFO    [🇹🇼 台灣] 蔣萬安、沈伯洋全錯了？前社會局長揪「鼠亂源頭」：台北市長選舉第一戰 | 李瑋萱 | 新聞
17:12:27  INFO    [🇹🇼 台灣] 獨／趕去餵貓撞死人免關！25歲女當運將又肇逃　瞎喊：要被開除了
17:12:27  INFO    [🇹🇼 台灣] 川普通知國會對伊朗結束「敵對行動」 指伊是重大威脅| 美以轟炸伊朗| 全球
17:12:29  INFO    [🇯🇵 日本] 高市首相提出反霸權「印太」概念，走向不依賴中國的經濟安全
17:12:30  INFO    [🇯🇵 日本] 台灣總統出國旅行遭印度洋三國“封鎖”，竟能乘坐訪問國私人飛機實現……中方批評
17:12:30  INFO    [🇯🇵 日本] 撈蛤時失蹤…茨城縣接連死亡（2026年5月2日發表）|日本電視台新聞 NNN
17:12:31  INFO    [🇯🇵 日本] 莫斯科一座廢棄的購物中心講述了俄羅斯經濟困境的故事 (CNN.co.jp)
17:12:32  INFO    [🇯🇵 日本] 由於兩國領導人因伊朗戰爭發生衝突，美國將減少駐德美軍5,000人
17:12:33  INFO    [🇯🇵 日本] 京都、滋賀縣發生3度地震，震央位於奈良，奈良、和歌山、三重縣觀測到4度地震
17:12:35  INFO    [🇰🇷 韓國] 趙賢與伊朗外長通話，「霍爾木茲船需要安全通行」。
17:12:35  INFO    [🇰🇷 韓國] 京畿道知事國家權力候選人楊香子…與民主黨秋美愛對抗
17:12:35  INFO    [🇰🇷 韓國] 美國從德國撤軍5000人…這是美軍全球重新部署的訊號，包括亞？
17:12:36  INFO    [🇰🇷 韓國] 美國警告如果伊朗付費通過霍爾木茲海峽將實施制裁
17:12:37  INFO    [🇰🇷 韓國] 週日全國各地春雨...濟州島/南海岸陣風和閃電
17:12:37  INFO    [🇰🇷 韓國] “伊朗‘先結束戰爭，後進行核談判’的提議……川普‘斷然拒絕’”
17:12:38  INFO    [🇺🇸 美國] US to withdraw thousands of troops from Germany
17:12:38  INFO    [🇺🇸 美國] 2026 Senate races to watch: From most likely to flip to Democratic long shots
17:12:38  INFO    [🇺🇸 美國] Court restricts abortion access across the US by blocking the mailing of mifepristone
17:12:38  INFO    [🇺🇸 美國] Iranian proposal rejected by Trump would open strait before nuclear talks, Iran official says
17:12:38  INFO    [🇺🇸 美國] Trump says Iran conflict is ‘terminated’ as he hits congressional deadline
17:12:38  INFO    [🇺🇸 美國] ‘Six months to catch up’: What the shutdown cost DHS
17:12:55  INFO  
🖥️  產生 HTML 報告...
17:12:55  INFO  
✅  HTML：報告_20260502_1712.html
17:12:55  INFO  ✅  CSV：機會分析_20260502_1712.csv
17:12:55  INFO  📝  Log：logs/scan_20260502_171138.log
