09:51:08  INFO  ======================================================================
09:51:08  INFO  🔥  每日機會分析系統 v10
09:51:08  INFO  📅  2026-04-19 09:51
09:51:08  INFO  ======================================================================
09:51:08  INFO  
① 🌕  CRYPTO
09:51:09  ERROR    BTC-USD: float() argument must be a string or a real number, not 'Series'
09:51:10  ERROR    ETH-USD: float() argument must be a string or a real number, not 'Series'
09:51:11  ERROR    SOL-USD: float() argument must be a string or a real number, not 'Series'
09:51:12  ERROR    BNB-USD: float() argument must be a string or a real number, not 'Series'
09:51:12  ERROR    XRP-USD: float() argument must be a string or a real number, not 'Series'
09:51:13  INFO    ✅ Crypto 0 筆
09:51:13  INFO  
② 📈  股票
09:51:14  INFO    [台] 3293.TWO     鈊象電子         $    775.00  +0.91% 偏多
09:51:14  INFO             買入點：— 目前無買入信號  進場區：$719.4 ~ $733.8  止損：$701.3
09:51:14  INFO    [台] 00909.TW     國泰智能電動車ETF   $     44.31  +0.73% 多空分歧
09:51:14  INFO             買入點：— 目前無買入信號  進場區：$34.4 ~ $35.1  止損：$34.2
09:51:15  INFO    [台] 0056.TW      元大高股息        $     40.98  +0.44% 三線多頭
09:51:15  INFO             買入點：— 目前無買入信號  進場區：$36.6 ~ $37.3  止損：$35.9
09:51:16  INFO    [台] 6111.TWO     6111擎亞       $     48.10  +1.80% 多空分歧
09:51:16  INFO             買入點：— 目前無買入信號  進場區：$39.7 ~ $40.5  止損：$38.7
09:51:17  INFO    [台] 00878.TW     國泰永續高股息      $     24.06  +1.09% 三線多頭
09:51:17  INFO             買入點：— 目前無買入信號  進場區：$21.3 ~ $21.8  止損：$21.1
09:51:18  INFO    [台] 3017.TW      奇鋐           $  2,400.00  -1.64% 三線多頭
09:51:18  INFO             買入點：— 目前無買入信號  進場區：$1,825.8 ~ $1,862.5  止損：$1,780.0
09:51:19  INFO    [台] 00713.TW     元大高息低波       $     54.00  +0.75% 三線多頭
09:51:19  INFO             買入點：— 目前無買入信號  進場區：$50.0 ~ $51.0  止損：$49.1
09:51:20  INFO    [台] 00919.TW     群益台灣精選高息     $     23.43  +0.56% 三線多頭
09:51:20  INFO             買入點：— 目前無買入信號  進場區：$21.9 ~ $22.3  止損：$21.3
09:51:21  INFO    [美] NVDA         NVIDIA       $    201.68  +1.68% 偏多
09:51:21  INFO             買入點：— 目前無買入信號  進場區：$159.2 ~ $162.4  止損：$159.3
09:51:22  INFO    [美] GEV          GE Vernova   $  1,002.75  +2.50% 偏多
09:51:22  INFO             買入點：— 目前無買入信號  進場區：$803.0 ~ $819.1  止損：$782.8
09:51:23  INFO    [台] 2330.TW      台積電          $  2,030.00  -2.64% 三線多頭
09:51:23  INFO             買入點：— 目前無買入信號  進場區：$1,681.4 ~ $1,715.2  止損：$1,707.2
09:51:24  INFO    [美] AMD          AMD          $    278.39  +0.05% 三線多頭
09:51:24  INFO             買入點：— 目前無買入信號  進場區：$174.0 ~ $177.5  止損：$187.1
09:51:25  INFO    [美] TSM          台積電ADR       $    370.50  +1.97% 多空分歧
09:51:25  INFO             買入點：— 目前無買入信號  進場區：$310.6 ~ $316.8  止損：$304.4
09:51:26  INFO    [台] 2317.TW      鴻海           $    206.00  -0.48% 多空分歧
09:51:26  INFO             買入點：— 目前無買入信號  進場區：$186.6 ~ $190.3  止損：$181.9
09:51:27  INFO    [台] 2530.TW      華建           $     22.60  -0.22% 三線空頭
09:51:27  INFO             買入點：🎯 一條件滿足 — 待確認  進場區：$22.0 ~ $22.5  止損：$21.8
09:51:29  INFO    [美] MU           美光           $    455.07  -0.47% 三線多頭
09:51:29  INFO             買入點：— 目前無買入信號  進場區：$309.9 ~ $316.2  止損：$302.1
09:51:29  INFO    [美] LRCX         科林研發         $    267.60  +2.54% 多空分歧
09:51:29  INFO             買入點：— 目前無買入信號  進場區：$191.0 ~ $194.8  止損：$192.6
09:51:30  INFO    [台] 00631L.TW    元大台灣50正2     $     25.59  -1.50% 多空分歧
09:51:30  INFO             買入點：🎯 一條件滿足 — 待確認  進場區：$-208.4 ~ $-212.6  止損：$18.5
09:51:31  INFO    [台] 00910.TW     第一金太空衛星      $     71.75  +5.44% 三線多頭
09:51:31  INFO             買入點：— 目前無買入信號  進場區：$51.3 ~ $52.3  止損：$52.9
09:51:32  INFO    [台] 2308.TW      台達電          $  1,840.00  -0.27% 三線多頭
09:51:32  INFO             買入點：— 目前無買入信號  進場區：$1,267.1 ~ $1,292.5  止損：$1,324.0
09:51:33  INFO    ⏰ 9:xx 外資 16:30 後更新
09:51:33  INFO    ✅ 股票 20 筆
09:51:33  INFO  
③ 🌟  生活熱門趨勢
09:51:33  INFO    📊 Google Trends 台灣（生活/食衣住行）...
09:51:34  INFO    [食品飲料] 熱度:22 動能:+83% 最熱關鍵字：美食 🔥🔥🔥
09:51:37  INFO    [服飾美妝] 熱度:39 動能:+18% 最熱關鍵字：防曬 🔥🔥
09:51:39  INFO    [居家生活] 熱度:41 動能:+27% 最熱關鍵字：家具 🔥🔥🔥
09:51:42  INFO    [娛樂3C] 熱度:45 動能:+9% 最熱關鍵字：手機 🔥🔥
09:51:44  INFO    [健康運動] 熱度:45 動能:-0% 最熱關鍵字：健身 ❄️
09:51:47  INFO    [旅遊交通] 熱度:31 動能:-1% 最熱關鍵字：機票 ❄️
09:51:49  INFO    💬 Dcard 熱門...
09:51:49  WARNING      ⚠️  www.dcard.tw → 403 Client Error: Forbidden for url: https://www.dcard.tw/f/trending
09:51:49  INFO    📋 PTT 熱門...
09:51:49  WARNING      ⚠️  www.ptt.cc → ('Connection aborted.', ConnectionResetError(104, 'Connection reset by peer'))
09:51:50  INFO    [PTT/Stock] [29] [新聞] 統一投信推主動式ETF 00403A鎖定台股前2
09:51:50  INFO    [PTT/Stock] [27] Re: [心得] 財報季對美股大盤的影響
09:51:50  INFO    [PTT/Stock] [] [公告] 股票板板規 v4.7 (2024/10/06 修正)
09:51:50  INFO    [PTT/Stock] [6] [公告] 4-6-1罰則將在1/22開始到年底加重至30天
09:51:50  INFO    [PTT/Stock] [爆] [閒聊] 2026/04/17 盤後閒聊
09:51:51  INFO    [PTT/beauty] [6] [正妹] 吳允芊
09:51:51  INFO    [PTT/beauty] [8] [正妹] 草帽☆澳洲☆膚色讚
09:51:51  INFO    [PTT/beauty] [1] [正妹] Cosplay 2693 俄羅斯 EVA
09:51:51  INFO    [PTT/beauty] [30] [正妹] 胸圍130CM
09:51:51  INFO    [PTT/beauty] [3] Re: [正妹] 胸圍130CM
09:51:52  INFO    [PTT/movie] [6] [新聞]賽琳娜戈梅茲主演《粗獷派》導演史詩新作！
09:51:52  INFO    [PTT/movie] [11] [新聞]史特龍回歸《第一滴血》前傳公開新卡司！大
09:51:52  INFO    [PTT/movie] [7] [真假雷] 密陽（韓國電影，2007年）
09:51:52  INFO    [PTT/movie] [3] [好無雷] 《李克寧 墓乃伊》久違的恐怖片佳作！
09:51:52  INFO    [PTT/movie] [] [ 好雷] 風箏 性與暴力美學的極致饗宴
09:51:53  INFO    [PTT/food] [] [廣宣] 台北 台式頂級蝦湯鍋物-聚食釜
09:51:53  INFO    [PTT/food] [] [食記] 桃園市龍潭區。佟記蔥油餅
09:51:53  INFO    [PTT/food] [] [食記] 台北大安 水粵香10人桌招牌菜色開箱
09:51:53  INFO    [PTT/food] [1] [食記] 苗栗縣頭屋鄉-禪廚蔬食餐廳
09:51:53  INFO    [PTT/food] [] [食記] 新北市林口區。eat enjoy 意享美式廚房
09:51:53  INFO    📺 YouTube 台灣熱門...
09:51:54  INFO    🎵 TikTok...
09:51:54  INFO    [TikTok] #1 #mothersday
09:51:54  INFO    🛍️  Shopee 台灣熱銷...
09:51:57  INFO    💬 Reddit 熱賣（本週）...
09:51:57  INFO    ✅ 生活趨勢完成
09:51:57  INFO  
④ 📰  消息面
09:51:58  INFO    [🇹🇼 台灣] 「香燈腳」繳700元報名費居然怒犯天條？ 命理師全說了
09:51:58  INFO    [🇹🇼 台灣] 伊朗短暫開放荷莫茲海峽8艘油輪與天然氣船通過| 國際
09:51:58  INFO    [🇹🇼 台灣] 大甲媽遶境千里眼摔落 民俗專家預言成真？
09:51:58  INFO    [🇹🇼 台灣] 全台下3天！　鋒面周四到
09:51:58  INFO    [🇹🇼 台灣] 白沙屯媽祖突「急轉彎衝醫院」 探視住院86歲爐主伯
09:51:58  INFO    [🇹🇼 台灣] 快訊／新北鐵道馬拉松傳意外！47歲男跑者「口吐鮮血」倒地命危
09:52:01  INFO    [🇯🇵 日本] 伊朗宣布再次封鎖霍爾木茲海峽，英國當局稱革命衛隊向船隻開火
09:52:02  INFO    [🇯🇵 日本] 一輛單廂車的司機撞上澀谷的公車站，導致司機死亡。行人是一名80多歲的男子，也受了輕傷。
09:52:03  INFO    [🇯🇵 日本] 為什麼這麼「高一藍」？憂鬱症患者的真相
09:52:04  INFO    [🇯🇵 日本] [更新]宮城縣發布熊出沒警告，四月首次出現熊居住在仙台市中心的公寓場地
09:52:05  INFO    [🇯🇵 日本] 「當我談論火災時，他們生氣了...」[京都小學六年級屍體遺棄事件] 親屬透露「由紀君的抱怨」（週五）
09:52:05  INFO    [🇯🇵 日本] 曾經有200名士兵睡覺的軍營無法承受40公分積雪的重量…戰後，這裡被用作住房和學校。 “到目前為止，他們做得很好。”
09:52:07  INFO    [🇰🇷 韓國] 霍爾木茲重新開放，一天10艘船返回…“即使開放，正常化也需要幾個月”
09:52:08  INFO    [🇰🇷 韓國] 李總統為何再次提及特別監察長的任命？
09:52:10  INFO    [🇰🇷 韓國] 정동영 발언에…美, 대북 위성정보 제공 축소
09:52:11  INFO    [🇰🇷 韓國] 人民力量黨“李總統建議廢除特別行動？這是因為對稅收原則的無知。”
09:52:12  INFO    [🇰🇷 韓國] 李總統表示，「基於4月19日的民主意識形態，我們將成為世界十大經濟文化強國之一」。
09:52:14  INFO    [🇰🇷 韓國] 李在鎔和鄭義善出境...陪同經濟代表團訪問印度和越南
09:52:14  INFO    [🇺🇸 美國] Live updates: Iran says it’s ‘far from final agreement’ with US, as Strait of Hormuz traffic halts
09:52:14  INFO    [🇺🇸 美國] Trump voters say the pope should 'stay in his lane' and butt out of the Iran war
09:52:14  INFO    [🇺🇸 美國] Far from Rome, Pope Leo's missionary instincts take center stage
09:52:14  INFO    [🇺🇸 美國] Hundreds trying to storm Wisconsin beagle research facility met with rubber bullets and pepper spray
09:52:14  INFO    [🇺🇸 美國] Trump, Iran cite progress in talks as uncertainty hangs over Strait
09:52:14  INFO    [🇺🇸 美國] Trump speeds review of psychedelics after Joe Rogan texted him about ibogaine. 'Let's do it'
09:52:29  INFO  
🖥️  產生 HTML 報告...
09:52:29  INFO  
✅  HTML：報告_20260419_0952.html
09:52:29  INFO  ✅  CSV：機會分析_20260419_0952.csv
09:52:29  INFO  📝  Log：logs/scan_20260419_095108.log
