23:34:00  INFO  ======================================================================
23:34:00  INFO  🔥  每日機會分析系統 v10
23:34:00  INFO  📅  2026-04-07 23:34
23:34:00  INFO  ======================================================================
23:34:00  INFO  
① 🌕  CRYPTO
23:34:01  ERROR    BTC-USD: float() argument must be a string or a real number, not 'Series'
23:34:02  ERROR    ETH-USD: float() argument must be a string or a real number, not 'Series'
23:34:03  ERROR    SOL-USD: float() argument must be a string or a real number, not 'Series'
23:34:04  ERROR    BNB-USD: float() argument must be a string or a real number, not 'Series'
23:34:05  ERROR    XRP-USD: float() argument must be a string or a real number, not 'Series'
23:34:05  INFO    ✅ Crypto 0 筆
23:34:05  INFO  
② 📈  股票
23:34:07  INFO    [台] 3293.TWO     鈊象電子         $    775.00  +2.65% 偏多
23:34:07  INFO             買入點：— 目前無買入信號  進場區：$676.6 ~ $690.2  止損：$659.6
23:34:08  INFO    [台] 00909.TW     國泰智能電動車ETF   $     37.50  +4.20% 三線空頭
23:34:08  INFO             買入點：🎯 一條件滿足 — 待確認  進場區：$35.1 ~ $35.8  止損：$34.2
23:34:09  INFO    [台] 0056.TW      元大高股息        $     38.07  +0.66% 多空分歧
23:34:09  INFO             買入點：🎯 一條件滿足 — 待確認  進場區：$36.3 ~ $37.0  止損：$35.4
23:34:10  INFO    [台] 6111.TWO     6111擎亞       $     43.05  +0.12% 多空分歧
23:34:10  INFO             買入點：🎯 一條件滿足 — 待確認  進場區：$39.7 ~ $40.5  止損：$38.7
23:34:11  INFO    [台] 00878.TW     國泰永續高股息      $     22.30  +1.23% 多空分歧
23:34:11  INFO             買入點：🎯 一條件滿足 — 待確認  進場區：$21.2 ~ $21.6  止損：$20.6
23:34:12  INFO    [台] 3017.TW      奇鋐           $  2,030.00  -1.93% 多空分歧
23:34:12  INFO             買入點：— 目前無買入信號  進場區：$1,649.9 ~ $1,683.1  止損：$1,615.0
23:34:14  INFO    [台] 00713.TW     元大高息低波       $     51.80  +0.88% 偏多
23:34:14  INFO             買入點：🎯 一條件滿足 — 待確認  進場區：$49.8 ~ $50.8  止損：$48.6
23:34:15  INFO    [台] 00919.TW     群益台灣精選高息     $     22.62  +1.43% 多空分歧
23:34:15  INFO             買入點：🎯 一條件滿足 — 待確認  進場區：$21.7 ~ $22.2  止損：$21.2
23:34:16  INFO    [美] NVDA         NVIDIA       $    178.10  +0.26% 多空分歧
23:34:16  INFO             買入點：🎯 一條件滿足 — 待確認  進場區：$163.4 ~ $166.7  止損：$159.3
23:34:17  INFO    [美] GEV          GE Vernova   $    910.75  +1.49% 三線多頭
23:34:17  INFO             買入點：— 目前無買入信號  進場區：$794.4 ~ $810.4  止損：$778.2
23:34:18  INFO    [台] 2330.TW      台積電          $  1,860.00  +2.76% 多空分歧
23:34:18  INFO             買入點：🎯 一條件滿足 — 待確認  進場區：$1,751.2 ~ $1,786.4  止損：$1,707.2
23:34:19  INFO    [美] AMD          AMD          $    221.53  +0.61% 多空分歧
23:34:19  INFO             買入點：— 目前無買入信號  進場區：$186.9 ~ $190.7  止損：$186.5
23:34:21  INFO    [美] TSM          台積電ADR       $    345.32  +1.04% 三線多頭
23:34:21  INFO             買入點：— 目前無買入信號  進場區：$312.2 ~ $318.5  止損：$304.4
23:34:22  INFO    [台] 2317.TW      鴻海           $    192.00  -0.52% 偏空
23:34:22  INFO             買入點：🎯 一條件滿足 — 待確認  進場區：$183.9 ~ $187.6  止損：$181.9
23:34:23  INFO    [台] 2530.TW      華建           $     24.05  +0.00% 三線空頭
23:34:23  INFO             買入點：🎯 一條件滿足 — 待確認  進場區：$23.1 ~ $23.6  止損：$22.6
23:34:25  INFO    [美] MU           美光           $    377.58  -0.05% 多空分歧
23:34:25  INFO             買入點：🎯 一條件滿足 — 待確認  進場區：$309.9 ~ $316.2  止損：$302.1
23:34:26  INFO    [美] LRCX         科林研發         $    224.35  +1.68% 三線多頭
23:34:26  INFO             買入點：— 目前無買入信號  進場區：$197.6 ~ $201.6  止損：$192.6
23:34:27  INFO    [台] 00631L.TW    元大台灣50正2     $     20.65  +3.25% 多空分歧
23:34:27  INFO             買入點：🎯 一條件滿足 — 待確認  進場區：$-215.1 ~ $-219.4  止損：$18.5
23:34:28  INFO    [台] 00910.TW     第一金太空衛星      $     63.00  +8.25% 三線多頭
23:34:28  INFO             買入點：🎯 一條件滿足 — 待確認  進場區：$52.1 ~ $53.1  止損：$50.8
23:34:29  INFO    [台] 2308.TW      台達電          $  1,515.00  +5.94% 三線多頭
23:34:29  INFO             買入點：— 目前無買入信號  進場區：$1,189.0 ~ $1,212.9  止損：$1,159.1
23:34:33  INFO    ✅ 股票 20 筆
23:34:33  INFO  
③ 🌟  生活熱門趨勢
23:34:33  INFO    📊 Google Trends 台灣（生活/食衣住行）...
23:34:34  INFO    [食品飲料] 熱度:6 動能:-46% 最熱關鍵字：美食 ❄️
23:34:37  INFO    [服飾美妝] 熱度:27 動能:-24% 最熱關鍵字：穿搭 ❄️
23:34:40  INFO    [居家生活] 熱度:23 動能:-26% 最熱關鍵字：家具 ❄️
23:34:43  INFO    [娛樂3C] 熱度:35 動能:-13% 最熱關鍵字：手機 ❄️
23:34:46  INFO    [健康運動] 熱度:35 動能:-10% 最熱關鍵字：健身 ❄️
23:34:48  INFO    [旅遊交通] 熱度:18 動能:-29% 最熱關鍵字：機票 ❄️
23:34:50  INFO    💬 Dcard 熱門...
23:34:51  WARNING      ⚠️  www.dcard.tw → 403 Client Error: Forbidden for url: https://www.dcard.tw/f/trending
23:34:51  INFO    📋 PTT 熱門...
23:34:51  WARNING      ⚠️  www.ptt.cc → ('Connection aborted.', ConnectionResetError(104, 'Connection reset by peer'))
23:34:52  INFO    [PTT/Stock] [爆] [情報]伊朗聲明:絕不會向戀童癖者和屠殺者屈服！
23:34:52  INFO    [PTT/Stock] [4] [標的] DXYZ 火箭多
23:34:52  INFO    [PTT/Stock] [8] [請益] 現代化戰爭是心戰佔多數時間嗎？
23:34:52  INFO    [PTT/Stock] [48] [新聞] 巴基斯坦要求川普延長　好消息很快來到
23:34:53  INFO    [PTT/beauty] [9] [正妹] Winter
23:34:53  INFO    [PTT/beauty] [1] [正妹] 結實的臀部
23:34:53  INFO    [PTT/beauty] [] [正妹] 泰國大學制服
23:34:53  INFO    [PTT/beauty] [5] [正妹] 阮多慧
23:34:53  INFO    [PTT/beauty] [3] [正妹] Cospaly 2675 中國 大河
23:34:54  INFO    [PTT/movie] [1] [新聞] 金穗影展推16部「台味」片　陳雪甄黃迪揚沙龍對談
23:34:54  INFO    [PTT/movie] [6] [新聞] 《沙丘：第三部》IMAX版超前預售 美、英1
23:34:54  INFO    [PTT/movie] [] [好雷] 《殘菊物語》- 含與《國寶》的比較
23:34:54  INFO    [PTT/movie] [29] [片單] 想再找一些超自然恐怖片
23:34:54  INFO    [PTT/movie] [] [新聞] 《極限返航》北美飆破2.17億美金！全球
23:34:55  INFO    [PTT/food] [] [食記] 伊娜飛魚餐廳 花蓮豐濱 飛魚卵香腸燻飛魚
23:34:55  INFO    [PTT/food] [5] [食記] 台北 祥星記一鴨三吃 好吃燒臘便當店
23:34:55  INFO    [PTT/food] [] [食記] 東京 居酒家 さいたどう燒鳥串燒 等很久
23:34:55  INFO    [PTT/food] [] [食記] 台北 士林區｜筠芝和牛本舖
23:34:55  INFO    [PTT/food] [] [食記] 吉隆坡 甲洞興記肉骨茶(分店)
23:34:55  INFO    📺 YouTube 台灣熱門...
23:34:56  INFO    🎵 TikTok...
23:34:56  INFO    [TikTok] #1 #easter
23:34:56  INFO    🛍️  Shopee 台灣熱銷...
23:35:00  INFO    💬 Reddit 熱賣（本週）...
23:35:00  INFO    ✅ 生活趨勢完成
23:35:00  INFO  
④ 📰  消息面
23:35:01  INFO    [🇹🇼 台灣] 伊朗革命衛隊回擊川普最後通牒！官員號召「人肉盾牌」圍電廠
23:35:01  INFO    [🇹🇼 台灣] 川普最後通牒截止前美軍驚傳空襲伊朗哈格島逾50處軍事目標| 國際
23:35:01  INFO    [🇹🇼 台灣] 鄭麗文飛抵上海獲禮遇 宋濤：奉習近平指示來迎接
23:35:01  INFO    [🇹🇼 台灣] 塑膠袋之亂查源頭 士檢再度約談台塑石化6幹部作證
23:35:01  INFO    [🇹🇼 台灣] 雨擴全台！　強對流鋒面來了
23:35:01  INFO    [🇹🇼 台灣] 走漏消息險害營救破局？川普2日未眠怒查誰洩密傳助美飛官伊數十居民被捕| 國際
23:35:03  INFO    [🇯🇵 日本] 川普表示，他同意因伊朗軍事行動而停止攻擊兩週
23:35:04  INFO    [🇯🇵 日本] 【突發新聞】川普總統：“我很快就會收到關於延長兩週提議的詳細解釋”；關於巴基斯坦總理：“他是一位受人尊敬的人。”
23:35:06  INFO    [🇯🇵 日本] iPhone 和 Nikon 相機在太空中拍攝的照片 由 NASA 發布的 Artemis II 拍攝的照片
23:35:07  INFO    [🇯🇵 日本] 美軍襲擊伊朗哈格島軍事基地…川普：“一個文明已經滅亡，永遠不會再崛起。”
23:35:10  INFO    [🇯🇵 日本] 京都失蹤六年級男孩新進展》滿山空置別墅10小時搜尋當地居民透露「調查動向」「大部分別墅已荒廢，部分建築看起來像廢墟」（新聞七報）
23:35:11  INFO    [🇯🇵 日本] 據《泰晤士報》報道，伊朗新任最高領導人病情危重，“無法治理國家”
23:35:14  INFO    [🇰🇷 韓國] 【突發新聞】川普：兩週內停止攻擊伊朗
23:35:16  INFO    [🇰🇷 韓國] 「Chudark」秋美愛確認為京畿道知事民主黨候選人…明確贏得選票
23:35:18  INFO    [🇰🇷 韓國] 「科特桑冷」即將來臨……請注意早晨0度左右的日溫差較大。
23:35:19  INFO    [🇰🇷 韓國] 외교부, 한국 겨냥 트럼프 발언에 "신중히 검토해서 판단"
23:35:20  INFO    [🇰🇷 韓國] 【問答】公共停車場明日起實行5天制…“我的車也是活車嗎？”
23:35:21  INFO    [🇰🇷 韓國] 被困霍爾木茲的韓國水手…“如果它們是自殺式無人機，只要看著一群鳥就令人驚訝”
23:35:22  INFO    [🇺🇸 美國] Live Updates: Trump says "whole civilization will die tonight" as strikes on Iran ramp up ahead of his deadline
23:35:22  INFO    [🇺🇸 美國] 4 ways Trump has suggested the Strait of Hormuz could be reopened — and why they're a tough lift
23:35:22  INFO    [🇺🇸 美國] Trump's Iran post causes talk of his impeachment, removal to erupt among Hill Democrats
23:35:22  INFO    [🇺🇸 美國] Pope Leo condemns Trump’s latest threats against Iran
23:35:22  INFO    [🇺🇸 美國] Iranian Officials Say Indirect Talks With U.S. Ended After Trump’s Latest Threat
23:35:22  INFO    [🇺🇸 美國] Live Results: Georgia special election to replace Marjorie Taylor Greene
23:35:38  INFO  
🖥️  產生 HTML 報告...
23:35:38  INFO  
✅  HTML：報告_20260407_2335.html
23:35:38  INFO  ✅  CSV：機會分析_20260407_2335.csv
23:35:38  INFO  📝  Log：logs/scan_20260407_233400.log
