10:24:44  INFO  ======================================================================
10:24:44  INFO  🔥  每日機會分析系統 v10
10:24:44  INFO  📅  2026-04-24 10:24
10:24:44  INFO  ======================================================================
10:24:44  INFO  
① 🌕  CRYPTO
10:24:45  ERROR    BTC-USD: float() argument must be a string or a real number, not 'Series'
10:24:45  ERROR    ETH-USD: float() argument must be a string or a real number, not 'Series'
10:24:46  ERROR    SOL-USD: float() argument must be a string or a real number, not 'Series'
10:24:47  ERROR    BNB-USD: float() argument must be a string or a real number, not 'Series'
10:24:47  ERROR    XRP-USD: float() argument must be a string or a real number, not 'Series'
10:24:47  INFO    ✅ Crypto 0 筆
10:24:47  INFO  
② 📈  股票
10:24:48  INFO    [台] 3293.TWO     鈊象電子         $    753.00  -1.05% 多空分歧
10:24:48  INFO             買入點：🎯 一條件滿足 — 待確認  進場區：$727.3 ~ $742.0  止損：$709.1
10:24:49  INFO    [台] 00909.TW     國泰智能電動車ETF   $     42.99  +0.30% 多空分歧
10:24:49  INFO             買入點：— 目前無買入信號  進場區：$31.6 ~ $32.2  止損：$32.1
10:24:49  INFO    [台] 0056.TW      元大高股息        $     40.95  +0.74% 三線多頭
10:24:49  INFO             買入點：— 目前無買入信號  進場區：$35.4 ~ $36.1  止損：$35.1
10:24:50  INFO    [台] 6111.TWO     6111擎亞       $     47.80  -1.65% 多空分歧
10:24:50  INFO             買入點：— 目前無買入信號  進場區：$39.5 ~ $40.3  止損：$38.7
10:24:51  INFO    [台] 00878.TW     國泰永續高股息      $     25.00  +1.38% 三線多頭
10:24:51  INFO             買入點：— 目前無買入信號  進場區：$21.0 ~ $21.5  止損：$21.1
10:24:52  INFO    [台] 3017.TW      奇鋐           $  2,945.00  +9.89% 三線多頭
10:24:52  INFO             買入點：— 目前無買入信號  進場區：$1,827.3 ~ $1,864.1  止損：$1,886.6
10:24:53  INFO    [台] 00713.TW     元大高息低波       $     53.45  +0.19% 多空分歧
10:24:53  INFO             買入點：— 目前無買入信號  進場區：$50.2 ~ $51.2  止損：$49.1
10:24:53  INFO    [台] 00919.TW     群益台灣精選高息     $     23.50  +0.21% 偏多
10:24:53  INFO             買入點：— 目前無買入信號  進場區：$21.8 ~ $22.2  止損：$21.3
10:24:54  INFO    [美] NVDA         NVIDIA       $    199.64  -1.41% 多空分歧
10:24:54  INFO             買入點：— 目前無買入信號  進場區：$160.4 ~ $163.6  止損：$159.3
10:24:55  INFO    [美] GEV          GE Vernova   $  1,149.53  +1.95% 三線多頭
10:24:55  INFO             買入點：— 目前無買入信號  進場區：$784.6 ~ $800.4  止損：$782.8
10:24:56  INFO    [台] 2330.TW      台積電          $  2,185.00  +5.05% 三線多頭
10:24:56  INFO             買入點：— 目前無買入信號  進場區：$1,710.8 ~ $1,745.2  止損：$1,707.2
10:24:57  INFO    [美] AMD          AMD          $    305.33  +0.62% 三線多頭
10:24:57  INFO             買入點：— 目前無買入信號  進場區：$173.2 ~ $176.6  止損：$187.1
10:24:57  INFO    [美] TSM          台積電ADR       $    382.66  -1.23% 三線多頭
10:24:57  INFO             買入點：— 目前無買入信號  進場區：$312.2 ~ $318.5  止損：$304.4
10:24:58  INFO    [台] 2317.TW      鴻海           $    221.50  -1.56% 多空分歧
10:24:58  INFO             買入點：— 目前無買入信號  進場區：$183.0 ~ $186.7  止損：$181.9
10:24:59  INFO    [台] 2530.TW      華建           $     21.85  +0.46% 三線空頭
10:24:59  INFO             買入點：🎯 一條件滿足 — 待確認  進場區：$20.9 ~ $21.3  止損：$20.8
10:25:00  INFO    [美] MU           美光           $    481.72  -1.18% 三線多頭
10:25:00  INFO             買入點：— 目前無買入信號  進場區：$309.1 ~ $315.3  止損：$302.1
10:25:01  INFO    [美] LRCX         科林研發         $    258.56  -2.63% 多空分歧
10:25:01  INFO             買入點：— 目前無買入信號  進場區：$193.2 ~ $197.1  止損：$192.6
10:25:02  INFO    [台] 00631L.TW    元大台灣50正2     $     28.44  +6.92% 多空分歧
10:25:02  INFO             買入點：— 目前無買入信號  進場區：$17.9 ~ $18.2  止損：$18.7
10:25:02  INFO    [台] 00910.TW     第一金太空衛星      $     67.50  -3.50% 多空分歧
10:25:02  INFO             買入點：— 目前無買入信號  進場區：$54.2 ~ $55.3  止損：$52.9
10:25:03  INFO    [台] 2308.TW      台達電          $  2,075.00  +4.80% 三線多頭
10:25:03  INFO             買入點：— 目前無買入信號  進場區：$1,276.4 ~ $1,302.1  止損：$1,324.0
10:25:04  INFO    ⏰ 10:xx 外資 16:30 後更新
10:25:04  INFO    ✅ 股票 20 筆
10:25:04  INFO  
③ 🌟  生活熱門趨勢
10:25:04  INFO    📊 Google Trends 台灣（生活/食衣住行）...
10:25:04  WARNING    [食品飲料] The request failed: Google returned a response with code 429
10:25:08  INFO    [服飾美妝] 熱度:25 動能:-22% 最熱關鍵字：防曬 ❄️
10:25:10  INFO    [居家生活] 熱度:29 動能:-3% 最熱關鍵字：家具 ❄️
10:25:13  INFO    [娛樂3C] 熱度:34 動能:-10% 最熱關鍵字：手機 ❄️
10:25:16  INFO    [健康運動] 熱度:35 動能:-11% 最熱關鍵字：健身 ❄️
10:25:18  INFO    [旅遊交通] 熱度:27 動能:-7% 最熱關鍵字：機票 ❄️
10:25:20  INFO    💬 Dcard 熱門...
10:25:20  WARNING      ⚠️  www.dcard.tw → 403 Client Error: Forbidden for url: https://www.dcard.tw/f/trending
10:25:20  INFO    📋 PTT 熱門...
10:25:21  WARNING      ⚠️  www.ptt.cc → ('Connection aborted.', ConnectionResetError(104, 'Connection reset by peer'))
10:25:21  INFO    [PTT/Stock] [66] [情報] 0424 上市投信買賣超排行
10:25:21  INFO    [PTT/Stock] [44] Re: [標的] 台指期 紅色 有角 六倍多
10:25:21  INFO    [PTT/Stock] [91] [心得] 操盤蛙覺醒轉當指數仔
10:25:21  INFO    [PTT/Stock] [爆] [情報] 115年04月24日 三大法人買賣金額統計表
10:25:22  INFO    [PTT/beauty] [1] [正妹] 下面還有
10:25:22  INFO    [PTT/beauty] [94] [公告] 不願上表特 ＆ 優文推薦 ＆ 檢舉建議專區
10:25:22  INFO    [PTT/beauty] [2] [公告] 口罩文會退文
10:25:22  INFO    [PTT/beauty] [] [公告] 表特板板規(2022.10.22)
10:25:23  INFO    [PTT/movie] [4] [新聞]Netflix開拍真人版《鋼彈》！好萊塢最美胸
10:25:23  INFO    [PTT/movie] [20] [新聞]前福斯高層認為休傑克曼《X戰警》是災難！
10:25:23  INFO    [PTT/movie] [4] [好雷] 0時盜數(Fuze) 非常有趣的反轉劇本
10:25:23  INFO    [PTT/movie] [22] [新聞]《穿著PRADA的惡魔2》安海瑟薇前男友沒回
10:25:23  INFO    [PTT/movie] [9] [新聞]《捍衛戰士》40 週年了！重返 IMAX、4DX
10:25:24  INFO    [PTT/food] [] [食記] 韓國首爾弘大花蟹世界
10:25:24  INFO    [PTT/food] [] [食記] 手打神代蕎麥 日本島根 三彩十割蕎麥麵
10:25:24  INFO    [PTT/food] [] [食記] 美國-華盛頓特區| Ben's Chili Bowl
10:25:24  INFO    [PTT/food] [] [食記] 茨城 四〇屋 水戶車站旁的必嘗痛風鍋
10:25:24  INFO    [PTT/food] [1] [食記]首爾明洞 庭院嫩豆腐鍋
10:25:25  INFO    📺 YouTube 台灣熱門...
10:25:25  INFO    🎵 TikTok...
10:25:26  INFO    [TikTok] #1 #earthday
10:25:26  INFO    🛍️  Shopee 台灣熱銷...
10:25:29  INFO    💬 Reddit 熱賣（本週）...
10:25:29  INFO    ✅ 生活趨勢完成
10:25:29  INFO  
④ 📰  消息面
10:25:29  INFO    [🇹🇼 台灣] 北市東區銀行傳搶案！歹徒持BB槍挾持行員 警方已制服
10:25:29  INFO    [🇹🇼 台灣] 徐瑞希敗部復活！陳智菡當不上立委 柯文哲喊不想批評：這是不好的示範
10:25:29  INFO    [🇹🇼 台灣] 北車商場易主1／微風廖鎮漢痛失北車「金雞母」　昔日商場創新王下一步該如何走？
10:25:29  INFO    [🇹🇼 台灣] 南珉貞廣告多到數不清還要出片　呼籲台男「來追我想生寶寶」
10:25:29  INFO    [🇹🇼 台灣] 外媒分析台灣危險了！ 伊朗間接造成的
10:25:29  INFO    [🇹🇼 台灣] 被爆去醫院「看病歷施壓」 柯文哲：我醫療專家
10:25:31  INFO    [🇯🇵 日本] [原創] 30多歲的妻子的屍體被遺棄在旭山動物園的焚化爐裡。警方因涉嫌遺棄屍體而對一名在動物園工作的 30 多歲男子進行訊問。該名男子23日在北海道旭川市照常返回工作崗位。
10:25:32  INFO    [🇯🇵 日本] 挪威著名設計師製作的兒童椅：「版權不被承認」…最高法院裁決
10:25:32  INFO    [🇯🇵 日本] 機雷敷設船への攻撃命令 トランプ米大統領：時事ドットコム
10:25:34  INFO    [🇯🇵 日本] 中國對川普扣押伊朗船隻的「禮物」評論作出反應
10:25:35  INFO    [🇯🇵 日本] 疏散指示範圍擴大 大槌町森林火災 火災逼近切切四丁目
10:25:37  INFO    [🇯🇵 日本] 「一位能看見靈魂的熟人說，『由紀君的姿勢發生了變化，他正在『移動』。」足立由紀的母親向一位朋友坦白了她如何相信『生存』[京都小學六年級屍體被遺棄]（新聞七號）
10:25:39  INFO    [🇰🇷 韓國] 吳世勳、裴賢真、朱浩英、張東赫儘管面臨做出決定的壓力，仍堅持…全國暴力蔓延
10:25:40  INFO    [🇰🇷 韓國] 朴智元表示：“該演員張東赫在美國會見了四級公務員。”
10:25:41  INFO    [🇰🇷 韓國] 李總統：“實際居住期間的轉讓稅減免是必要的”
10:25:43  INFO    [🇰🇷 韓國] Kang Hoon-sik“5月份確保了7462萬桶原油…是去年月平均進口量的87%。”
10:25:46  INFO    [🇰🇷 韓國] “美國正在製定一項計劃，以防戰爭結束談判失敗，攻擊霍爾木茲海峽。”
10:25:47  INFO    [🇰🇷 韓國] 檢察官駁回方時赫的逮捕令…“請求警方進行補充調查”
10:25:47  INFO    [🇺🇸 美國] Stock futures trade mixed after Trump announces 3-week extension to Israel-Lebanon ceasefire: Live updates
10:25:47  INFO    [🇺🇸 美國] Trump’s navy secretary ousted over dispute about shipbuilding
10:25:47  INFO    [🇺🇸 美國] U.S. special forces soldier arrested over Polymarket bets on Maduro raid
10:25:47  INFO    [🇺🇸 美國] Who will blink first as the Iran war hits the world economy?
10:25:47  INFO    [🇺🇸 美國] US Reduces Marijuana Restrictions in Lift to Ailing Industry
10:25:47  INFO    [🇺🇸 美國] Trump orders U.S. military to 'shoot and kill' Iranian small boats choking Strait of Hormuz
10:26:00  INFO  
🖥️  產生 HTML 報告...
10:26:00  INFO  
✅  HTML：報告_20260424_1026.html
10:26:00  INFO  ✅  CSV：機會分析_20260424_1026.csv
10:26:00  INFO  📝  Log：logs/scan_20260424_102444.log
