09:42:10  INFO  ======================================================================
09:42:10  INFO  🔥  每日機會分析系統 v10
09:42:10  INFO  📅  2026-04-05 09:42
09:42:10  INFO  ======================================================================
09:42:10  INFO  
① 🌕  CRYPTO
09:42:11  ERROR    BTC-USD: float() argument must be a string or a real number, not 'Series'
09:42:11  ERROR    ETH-USD: float() argument must be a string or a real number, not 'Series'
09:42:12  ERROR    SOL-USD: float() argument must be a string or a real number, not 'Series'
09:42:12  ERROR    BNB-USD: float() argument must be a string or a real number, not 'Series'
09:42:13  ERROR    XRP-USD: float() argument must be a string or a real number, not 'Series'
09:42:13  INFO    ✅ Crypto 0 筆
09:42:13  INFO  
② 📈  股票
09:42:14  INFO    [台] 3293.TWO     鈊象電子         $    755.00  -1.56% 多空分歧
09:42:14  INFO             買入點：— 目前無買入信號  進場區：$676.6 ~ $690.2  止損：$659.6
09:42:14  INFO    [台] 00909.TW     國泰智能電動車ETF   $     35.99  -1.83% 三線空頭
09:42:14  INFO             買入點：🎯 一條件滿足 — 待確認  進場區：$35.1 ~ $35.8  止損：$34.2
09:42:16  INFO    [台] 0056.TW      元大高股息        $     37.82  -0.76% 多空分歧
09:42:16  INFO             買入點：🎯 一條件滿足 — 待確認  進場區：$36.3 ~ $37.0  止損：$35.4
09:42:16  INFO    [台] 6111.TWO     6111擎亞       $     43.00  +1.65% 偏空
09:42:16  INFO             買入點：🎯 一條件滿足 — 待確認  進場區：$39.7 ~ $40.5  止損：$38.7
09:42:17  INFO    [台] 00878.TW     國泰永續高股息      $     22.03  -1.21% 多空分歧
09:42:17  INFO             買入點：🎯 一條件滿足 — 待確認  進場區：$21.2 ~ $21.6  止損：$20.6
09:42:18  INFO    [台] 3017.TW      奇鋐           $  2,070.00  -1.90% 多空分歧
09:42:18  INFO             買入點：— 目前無買入信號  進場區：$1,637.0 ~ $1,669.9  止損：$1,615.0
09:42:19  INFO    [台] 00713.TW     元大高息低波       $     51.35  -0.29% 多空分歧
09:42:19  INFO             買入點：🎯 一條件滿足 — 待確認  進場區：$49.8 ~ $50.8  止損：$48.6
09:42:20  INFO    [台] 00919.TW     群益台灣精選高息     $     22.30  -0.89% 多空分歧
09:42:20  INFO             買入點：🎯 一條件滿足 — 待確認  進場區：$21.7 ~ $22.2  止損：$21.2
09:42:20  INFO    [美] NVDA         NVIDIA       $    177.39  +0.93% 多空分歧
09:42:20  INFO             買入點：🎯 一條件滿足 — 待確認  進場區：$163.4 ~ $166.7  止損：$159.3
09:42:21  INFO    [美] GEV          GE Vernova   $    898.57  +0.42% 三線多頭
09:42:21  INFO             買入點：— 目前無買入信號  進場區：$772.6 ~ $788.2  止損：$753.2
09:42:22  INFO    [台] 2330.TW      台積電          $  1,810.00  -2.43% 多空分歧
09:42:22  INFO             買入點：🎯 一條件滿足 — 待確認  進場區：$1,750.5 ~ $1,785.7  止損：$1,707.2
09:42:23  INFO    [美] AMD          AMD          $    217.50  +3.47% 多空分歧
09:42:23  INFO             買入點：— 目前無買入信號  進場區：$187.6 ~ $191.4  止損：$183.3
09:42:24  INFO    [美] TSM          台積電ADR       $    339.04  -0.72% 多空分歧
09:42:24  INFO             買入點：🎯 一條件滿足 — 待確認  進場區：$312.2 ~ $318.5  止損：$304.4
09:42:25  INFO    [台] 2317.TW      鴻海           $    193.00  -2.03% 三線空頭
09:42:25  INFO             買入點：🎯 一條件滿足 — 待確認  進場區：$184.3 ~ $188.0  止損：$181.9
09:42:25  INFO    [台] 2530.TW      華建           $     24.05  -3.41% 三線空頭
09:42:25  INFO             買入點：🎯 一條件滿足 — 待確認  進場區：$23.8 ~ $24.3  止損：$23.2
09:42:26  INFO    [美] MU           美光           $    366.24  -0.44% 多空分歧
09:42:26  INFO             買入點：🎯 一條件滿足 — 待確認  進場區：$309.9 ~ $316.2  止損：$302.1
09:42:27  INFO    [美] LRCX         科林研發         $    218.44  -1.61% 三線多頭
09:42:27  INFO             買入點：🎯 一條件滿足 — 待確認  進場區：$193.1 ~ $197.0  止損：$188.3
09:42:28  INFO    [台] 00631L.TW    元大台灣50正2     $     20.00  -4.76% 偏空
09:42:28  INFO             買入點：🎯 一條件滿足 — 待確認  進場區：$-191.0 ~ $-194.8  止損：$18.5
09:42:29  INFO    [台] 00910.TW     第一金太空衛星      $     58.20  +1.31% 多空分歧
09:42:29  INFO             買入點：— 目前無買入信號  進場區：$52.1 ~ $53.1  止損：$50.8
09:42:29  INFO    [台] 2308.TW      台達電          $  1,430.00  -3.05% 多空分歧
09:42:29  INFO             買入點：🎯 一條件滿足 — 待確認  進場區：$1,189.0 ~ $1,212.9  止損：$1,159.1
09:42:30  INFO    ⏰ 9:xx 外資 16:30 後更新
09:42:30  INFO    ✅ 股票 20 筆
09:42:30  INFO  
③ 🌟  生活熱門趨勢
09:42:30  INFO    📊 Google Trends 台灣（生活/食衣住行）...
09:42:31  INFO    [食品飲料] 熱度:21 動能:+74% 最熱關鍵字：美食 🔥🔥🔥
09:42:33  INFO    [服飾美妝] 熱度:40 動能:+7% 最熱關鍵字：穿搭 🔥🔥
09:42:36  INFO    [居家生活] 熱度:38 動能:+23% 最熱關鍵字：家具 🔥🔥🔥
09:42:38  INFO    [娛樂3C] 熱度:40 動能:+3% 最熱關鍵字：手機 🔥
09:42:41  INFO    [健康運動] 熱度:25 動能:-6% 最熱關鍵字：健身 ❄️
09:42:43  INFO    [旅遊交通] 熱度:23 動能:-15% 最熱關鍵字：機票 ❄️
09:42:45  INFO    💬 Dcard 熱門...
09:42:45  WARNING      ⚠️  www.dcard.tw → 403 Client Error: Forbidden for url: https://www.dcard.tw/f/trending
09:42:45  INFO    📋 PTT 熱門...
09:42:46  WARNING      ⚠️  www.ptt.cc → ('Connection aborted.', ConnectionResetError(104, 'Connection reset by peer'))
09:42:46  INFO    [PTT/Stock] [51] [新聞] 伊朗允許伊拉克船隻通過海峽 對與以色列
09:42:46  INFO    [PTT/Stock] [38] [新聞] 1檔ETF要下市了！「月配息也撐不住、規模
09:42:46  INFO    [PTT/Stock] [40] [新聞] 川普、荷姆茲海峽與搭便車時代的終結
09:42:47  INFO    [PTT/beauty] [] [正妹] Cosplay 2672 日本 奇樹
09:42:47  INFO    [PTT/beauty] [3] [正妹] 水原 KT 代班啦啦隊
09:42:47  INFO    [PTT/beauty] [2] [正妹] 韓國啦啦隊 調電風扇
09:42:47  INFO    [PTT/beauty] [] [正妹] Korea Tattoo
09:42:47  INFO    [PTT/beauty] [93] [公告] 不願上表特 ＆ 優文推薦 ＆ 檢舉建議專區
09:42:48  INFO    [PTT/movie] [] [好雷] 秒速五公分 導演特別映像版
09:42:48  INFO    [PTT/movie] [] [問片] 想問一部驅魔電影
09:42:48  INFO    [PTT/movie] [] [公告] 電影板板規 2025/10/26
09:42:48  INFO    [PTT/movie] [X1] [公告] 政治電影新聞張貼規範
09:42:49  INFO    [PTT/food] [] [轉讓] （已轉讓）NAGOMI ( 新光A8店）4/5 晚餐
09:42:49  INFO    [PTT/food] [] [食記] Proi Kitchen 台中超大份量的澳式早午餐
09:42:49  INFO    [PTT/food] [] [食記] Bogart's Smokehouse 台北南港 煙燻牛胸
09:42:49  INFO    [PTT/food] [] [食記] 台北 鮨岡心二訪
09:42:49  INFO    [PTT/food] [] [食記] 新北 猴硐貓村 Murmur Land
09:42:49  INFO    📺 YouTube 台灣熱門...
09:42:50  INFO    🎵 TikTok...
09:42:51  INFO    [TikTok] #1 #semanasanta
09:42:51  INFO    🛍️  Shopee 台灣熱銷...
09:42:54  INFO    💬 Reddit 熱賣（本週）...
09:42:54  INFO    ✅ 生活趨勢完成
09:42:54  INFO  
④ 📰  消息面
09:42:54  INFO    [🇹🇼 台灣] 美軍營救失聯F-15飛官內幕曝！特種部隊已撤離伊朗 川普全程緊盯行動
09:42:54  INFO    [🇹🇼 台灣] 還沒下完！最強春雨發威「雨區再擴大」 最新降雨趨勢一圖看| 生活
09:42:54  INFO    [🇹🇼 台灣] 花蓮深夜清晨連2震規模5.7、4.8 未來3天可能餘震| 生活
09:42:54  INFO    [🇹🇼 台灣] 大雷雨釀災多處淹水 竹市地下道封閉 苗栗高鐵停車場宛如池塘
09:42:54  INFO    [🇹🇼 台灣] 鄭麗文訪中來回搭中籍航空 范雲發文批：自登機就被鎖進「一中枷鎖」
09:42:54  INFO    [🇹🇼 台灣] 川普親曝「德黑蘭大空襲」殲高層！戰火進第六週美伊衝突全面升級| 國際
09:42:55  INFO    [🇯🇵 日本] 美國營救失蹤伊朗戰鬥機機組人員，川普稱這是史上最大膽的營救行動之一
09:42:58  INFO    [🇯🇵 日本] 政府的目標是確保「明年初」之前的原油供應 擴大霍爾木茲海峽繞行路線，替代性採購將從五月開始全面展開
09:43:00  INFO    [🇯🇵 日本] 美國國務院暫停永久居留權並拘留已故伊朗革命衛隊指揮官蘇萊馬尼的侄女和女兒，因為他們在洛杉磯過著奢華的生活並公開支持伊朗。
09:43:01  INFO    [🇯🇵 日本] 常磐高速公路友部 JCT 附近警車翻車，1 名警察被救（2026 年 4 月 4 日發布）|日本電視台新聞 NNN
09:43:03  INFO    [🇯🇵 日本] 川普：「地獄48小時」迫使伊朗同意停火或開放海峽
09:43:04  INFO    [🇯🇵 日本] 週二左右，大面積地區將再次下雨。雨後，氣溫會下降。
09:43:05  INFO    [🇰🇷 韓國] 川普吹噓「拯救戰鬥機飛行員」：值得聽的話
09:43:06  INFO    [🇰🇷 韓國] 伊朗警告“150美元油價地獄”…“我們也知道如何生火。”
09:43:07  INFO    [🇰🇷 韓國] 「瘋狂的川普，請有人說服我」…伊朗核電廠第四次遭遇攻擊
09:43:09  INFO    [🇰🇷 韓國] 張東赫“請李陣淑來國會戰鬥吧”，建議補選招募
09:43:10  INFO    [🇰🇷 韓國] 伊朗有選擇地開放霍爾木茲…“伊拉克船隻允許日常必需品通過伊朗”
09:43:11  INFO    [🇰🇷 韓國] [獨家] 稱「李在明毀了」的YouTuber成濟俊因酒後駕車被判吊銷駕照
09:43:11  INFO    [🇺🇸 美國] Live updates: Iran war news; US forces rescue missing F-15 crew member, Trump says
09:43:11  INFO    [🇺🇸 美國] Trump files emergency appeal to keep building White House ballroom
09:43:11  INFO    [🇺🇸 美國] White House Forced to Address Claims of Trump Health Crisis
09:43:11  INFO    [🇺🇸 美國] Trump threatens Iran with "hell" if Hormuz strait isn't open in 48 hours
09:43:11  INFO    [🇺🇸 美國] Man charged with impaired driving after car plows into pedestrians during Louisiana parade: Authorities
09:43:11  INFO    [🇺🇸 美國] What Artemis II’s astronauts will look for on the Moon’s far side
09:43:24  INFO  
🖥️  產生 HTML 報告...
09:43:25  INFO  
✅  HTML：報告_20260405_0943.html
09:43:25  INFO  ✅  CSV：機會分析_20260405_0943.csv
09:43:25  INFO  📝  Log：logs/scan_20260405_094210.log
