09:40:56  INFO  ======================================================================
09:40:56  INFO  🔥  每日機會分析系統 v10
09:40:56  INFO  📅  2026-03-29 09:40
09:40:56  INFO  ======================================================================
09:40:56  INFO  
① 🌕  CRYPTO
09:40:57  ERROR    BTC-USD: float() argument must be a string or a real number, not 'Series'
09:40:57  ERROR    ETH-USD: float() argument must be a string or a real number, not 'Series'
09:40:58  ERROR    SOL-USD: float() argument must be a string or a real number, not 'Series'
09:40:58  ERROR    BNB-USD: float() argument must be a string or a real number, not 'Series'
09:40:59  ERROR    XRP-USD: float() argument must be a string or a real number, not 'Series'
09:40:59  INFO    ✅ Crypto 0 筆
09:40:59  INFO  
② 📈  股票
09:41:00  INFO    [台] 3293.TWO     鈊象電子         $    796.00  +1.53% 三線多頭
09:41:00  INFO             買入點：— 目前無買入信號  進場區：$658.8 ~ $672.0  止損：$649.9
09:41:00  INFO    [台] 00909.TW     國泰智能電動車ETF   $     38.47  -2.98% 多空分歧
09:41:00  INFO             買入點：🎯🎯 兩條件滿足 — 觀察買入點  進場區：$36.2 ~ $36.9  止損：$35.3
09:41:01  INFO    [台] 0056.TW      元大高股息        $     38.43  -0.34% 多空分歧
09:41:01  INFO             買入點：🎯🎯 兩條件滿足 — 觀察買入點  進場區：$36.3 ~ $37.0  止損：$35.4
09:41:02  INFO    [台] 6111.TWO     6111擎亞       $     42.75  +0.83% 偏空
09:41:02  INFO             買入點：🎯🎯 兩條件滿足 — 觀察買入點  進場區：$40.8 ~ $41.6  止損：$39.8
09:41:03  INFO    [台] 00878.TW     國泰永續高股息      $     22.39  -0.22% 多空分歧
09:41:03  INFO             買入點：🎯 一條件滿足 — 待確認  進場區：$21.2 ~ $21.6  止損：$20.6
09:41:03  INFO    [台] 3017.TW      奇鋐           $  2,195.00  -3.52% 三線多頭
09:41:03  INFO             買入點：— 目前無買入信號  進場區：$1,577.9 ~ $1,609.6  止損：$1,615.0
09:41:04  INFO    [台] 00713.TW     元大高息低波       $     51.60  -0.19% 多空分歧
09:41:04  INFO             買入點：🎯🎯 兩條件滿足 — 觀察買入點  進場區：$49.8 ~ $50.8  止損：$48.6
09:41:05  INFO    [台] 00919.TW     群益台灣精選高息     $     22.52  -0.49% 多空分歧
09:41:05  INFO             買入點：🎯🎯 兩條件滿足 — 觀察買入點  進場區：$21.7 ~ $22.2  止損：$21.2
09:41:06  INFO    [美] NVDA         NVIDIA       $    167.52  -2.17% 三線空頭
09:41:06  INFO             買入點：🎯 一條件滿足 — 待確認  進場區：$166.2 ~ $169.5  止損：$162.0
09:41:07  INFO    [美] GEV          GE Vernova   $    853.16  -2.29% 偏多
09:41:07  INFO             買入點：🎯 一條件滿足 — 待確認  進場區：$772.6 ~ $788.2  止損：$753.2
09:41:08  INFO    [台] 2330.TW      台積電          $  1,820.00  -1.09% 多空分歧
09:41:08  INFO             買入點：🎯🎯 兩條件滿足 — 觀察買入點  進場區：$1,755.4 ~ $1,790.7  止損：$1,711.3
09:41:08  INFO    [美] AMD          AMD          $    201.99  -0.87% 多空分歧
09:41:08  INFO             買入點：🎯 一條件滿足 — 待確認  進場區：$187.3 ~ $191.0  止損：$182.6
09:41:09  INFO    [美] TSM          台積電ADR       $    326.74  +0.19% 多空分歧
09:41:09  INFO             買入點：🎯 一條件滿足 — 待確認  進場區：$320.6 ~ $327.1  止損：$312.6
09:41:10  INFO    [台] 2317.TW      鴻海           $    199.50  -0.50% 多空分歧
09:41:10  INFO             買入點：🎯 一條件滿足 — 待確認  進場區：$187.9 ~ $191.7  止損：$188.2
09:41:11  INFO    [台] 2530.TW      華建           $     25.35  +1.20% 多空分歧
09:41:11  INFO             買入點：🎯 一條件滿足 — 待確認  進場區：$24.0 ~ $24.5  止損：$23.8
09:41:12  INFO    [美] MU           美光           $    357.22  +0.50% 多空分歧
09:41:12  INFO             買入點：🎯 一條件滿足 — 待確認  進場區：$343.5 ~ $350.4  止損：$339.5
09:41:13  INFO    [美] LRCX         科林研發         $    211.41  -0.10% 多空分歧
09:41:13  INFO             買入點：🎯 一條件滿足 — 待確認  進場區：$193.1 ~ $197.0  止損：$188.3
09:41:13  INFO    [台] 00631L.TW    元大台灣50正2     $    443.15  +0.00% 多空分歧
09:41:13  INFO             買入點：🎯🎯 兩條件滿足 — 觀察買入點  進場區：$414.4 ~ $422.7  止損：$404.0
09:41:14  INFO    [台] 00910.TW     第一金太空衛星      $     60.30  -1.15% 三線多頭
09:41:14  INFO             買入點：— 目前無買入信號  進場區：$52.1 ~ $53.1  止損：$50.8
09:41:15  INFO    [台] 2308.TW      台達電          $  1,510.00  -0.33% 三線多頭
09:41:15  INFO             買入點：— 目前無買入信號  進場區：$1,189.0 ~ $1,212.9  止損：$1,159.1
09:41:15  INFO    ⏰ 9:xx 外資 16:30 後更新
09:41:15  INFO    ✅ 股票 20 筆
09:41:15  INFO  
③ 🌟  生活熱門趨勢
09:41:15  INFO    📊 Google Trends 台灣（生活/食衣住行）...
09:41:16  INFO    [食品飲料] 熱度:22 動能:+74% 最熱關鍵字：美食 🔥🔥🔥
09:41:19  INFO    [服飾美妝] 熱度:36 動能:+7% 最熱關鍵字：穿搭 🔥🔥
09:41:21  INFO    [居家生活] 熱度:33 動能:+27% 最熱關鍵字：家具 🔥🔥🔥
09:41:24  INFO    [娛樂3C] 熱度:43 動能:+5% 最熱關鍵字：手機 🔥🔥
09:41:26  INFO    [健康運動] 熱度:36 動能:+2% 最熱關鍵字：健身 🔥
09:41:28  INFO    [旅遊交通] 熱度:30 動能:-0% 最熱關鍵字：機票 ❄️
09:41:30  INFO    💬 Dcard 熱門...
09:41:31  WARNING      ⚠️  www.dcard.tw → 403 Client Error: Forbidden for url: https://www.dcard.tw/f/trending
09:41:31  INFO    📋 PTT 熱門...
09:41:31  WARNING      ⚠️  www.ptt.cc → ('Connection aborted.', ConnectionResetError(104, 'Connection reset by peer'))
09:41:32  INFO    [PTT/Stock] [3] [創作]台股股利除息填息查詢工具
09:41:32  INFO    [PTT/Stock] [64] [新聞] 美軍E-3預警機被伊朗飛彈打爛 沙國基地現
09:41:32  INFO    [PTT/Stock] [16] [請益] 大家有準備抄底計劃了嗎？
09:41:32  INFO    [PTT/Stock] [30] Re: [新聞] 伊朗爆分裂！伊朗總統槓上革命衛隊　警
09:41:33  INFO    [PTT/beauty] [16] [正妹] 包你發不停 慈妹
09:41:33  INFO    [PTT/beauty] [2] [正妹] Cosplay 2658 日本 啦啦隊
09:41:33  INFO    [PTT/beauty] [] [正妹] 矢澤サエ
09:41:33  INFO    [PTT/beauty] [4] [正妹] 喜歡旅遊
09:41:33  INFO    [PTT/beauty] [31] [正妹] 三上悠亞 台中放風
09:41:34  INFO    [PTT/movie] [10] Re: [新聞] 快新聞／《陽光女子合唱團》自稱「中國台
09:41:34  INFO    [PTT/movie] [] [公告] 電影板板規 2025/10/26
09:41:34  INFO    [PTT/movie] [X1] [公告] 政治電影新聞張貼規範
09:41:35  INFO    [PTT/food] [] [食記] Tacos Luca 新北新店 餅香脆豬腿肉酥Taco
09:41:35  INFO    [PTT/food] [] [公告] Food板 板規 V3.91
09:41:35  INFO    [PTT/food] [18] [公告] 發文請在標題加上地區及提供地址電話。^^
09:41:35  INFO    [PTT/food] [] [公告] 文章被刪除者請洽精華區的資源回收桶
09:41:35  INFO    [PTT/food] [4] [公告] 新增板規22：發文禁附延伸閱讀連結
09:41:35  INFO    📺 YouTube 台灣熱門...
09:41:36  INFO    🎵 TikTok...
09:41:36  INFO    [TikTok] #1 #strangerstofriends
09:41:36  INFO    🛍️  Shopee 台灣熱銷...
09:41:40  INFO    💬 Reddit 熱賣（本週）...
09:41:40  INFO    ✅ 生活趨勢完成
09:41:40  INFO  
④ 📰  消息面
09:41:40  INFO    [🇹🇼 台灣] 上凱道挺柯文哲只為「藍白合」？ 趙少康坦言：應從大局思考| 政治
09:41:40  INFO    [🇹🇼 台灣] 伊朗空襲疑似摧毀美軍「空中之眼」 網傳E-3預警機斷成兩截照片
09:41:40  INFO    [🇹🇼 台灣] 中東戰爭第29天》美傳準備發動地面行動最新發展一次看| 國際
09:41:40  INFO    [🇹🇼 台灣] 地震速報！ 03/29 11:12左右 南部地區發生有感地震
09:41:40  INFO    [🇹🇼 台灣] 把握最後暖陽！專家示警：清明連假大雨炸全台
09:41:40  INFO    [🇹🇼 台灣] 伊朗同意：20艘巴基斯坦籍船隻通過荷莫茲海峽　每周2艘
09:41:42  INFO    [🇯🇵 日本] 美軍兩棲攻擊部隊抵達中東，伊朗地面戰爭「數週」持續進行
09:41:43  INFO    [🇯🇵 日本] 【突發新聞】胡塞武裝發言人稱攻擊將僅限於以色列
09:41:45  INFO    [🇯🇵 日本] 中國大使館闖入事件——駐軍搜尋被捕的三級中尉，他“躲在灌木叢中向他喊話”
09:41:46  INFO    [🇯🇵 日本] 一名男子在首都高速公路橫羽線下出租車後過馬路時被撞身亡。
09:41:47  INFO    [🇯🇵 日本] 對下屆美國總統候選人的共和黨候選人進行的模擬民意調查顯示，國務卿盧比歐以 35% 的支持率位居第二…小川普以 2% 的支持率（讀賣新聞在線）
09:41:50  INFO    [🇯🇵 日本] 兵庫縣的舉報問題在兩年後仍然存在分歧......縣議員：「如果你批評，你會立即在SNS上被貼上『反知事』的標籤」（讀賣新聞在線）
09:41:53  INFO    [🇰🇷 韓國] 李總統“準備撤銷濟州4月3日鎮壓貢獻獎的理由…永久廢除國家暴力時效”
09:41:54  INFO    [🇰🇷 韓國] 「親伊朗」胡塞武裝對透過原油繞道封鎖曼德海峽感到非常緊張
09:41:55  INFO    [🇰🇷 韓國] 大邱市長選舉升溫…金富謙30日宣布參選，人民力量黨舉行首次6人初選辯論
09:41:58  INFO    [🇰🇷 韓國] 前水原地方檢察廳表示，「沒有對李華英施壓或綏靖」。
09:41:59  INFO    [🇰🇷 韓國] 巴基斯坦：伊朗允許20艘船通過霍爾木茲；川普轉發推文
09:41:59  INFO    [🇰🇷 韓國] 國務特別委員會“政治檢察機關為‘罷免李在明’作出結論並交織聲明”
09:42:00  INFO    [🇺🇸 美國] Trump news at a glance: No Kings rallies draw millions to US streets in protest against president
09:42:00  INFO    [🇺🇸 美國] Live updates: Iran war, heavy bombardment in Tehran as conflict expands
09:42:00  INFO    [🇺🇸 美國] Missing Cuba-bound aid boats arrive safely in Havana
09:42:00  INFO    [🇺🇸 美國] As historic March heatwave finally fades, a brief cooler/wetter interlude will occur across the U.S. West in early April before warmth & dryness likely return
09:42:00  INFO    [🇺🇸 美國] Pentagon prepares for weeks of ground operations in Iran
09:42:00  INFO    [🇺🇸 美國] Bills to pay FAA and TSA workers during shutdowns get introduced but keep stalling in Congress
09:42:15  INFO  
🖥️  產生 HTML 報告...
09:42:15  INFO  
✅  HTML：報告_20260329_0942.html
09:42:15  INFO  ✅  CSV：機會分析_20260329_0942.csv
09:42:15  INFO  📝  Log：logs/scan_20260329_094056.log
