10:51:53  INFO  ======================================================================
10:51:53  INFO  🔥  每日機會分析系統 v10
10:51:53  INFO  📅  2026-04-20 10:51
10:51:53  INFO  ======================================================================
10:51:53  INFO  
① 🌕  CRYPTO
10:51:54  ERROR    BTC-USD: float() argument must be a string or a real number, not 'Series'
10:51:54  ERROR    ETH-USD: float() argument must be a string or a real number, not 'Series'
10:51:55  ERROR    SOL-USD: float() argument must be a string or a real number, not 'Series'
10:51:56  ERROR    BNB-USD: float() argument must be a string or a real number, not 'Series'
10:51:57  ERROR    XRP-USD: float() argument must be a string or a real number, not 'Series'
10:51:57  INFO    ✅ Crypto 0 筆
10:51:57  INFO  
② 📈  股票
10:51:58  INFO    [台] 3293.TWO     鈊象電子         $    785.00  +1.29% 三線多頭
10:51:58  INFO             買入點：— 目前無買入信號  進場區：$719.4 ~ $733.8  止損：$701.3
10:51:59  INFO    [台] 00909.TW     國泰智能電動車ETF   $     42.01  -5.19% 多空分歧
10:51:59  INFO             買入點：— 目前無買入信號  進場區：$34.4 ~ $35.1  止損：$34.2
10:52:00  INFO    [台] 0056.TW      元大高股息        $     41.47  +1.20% 三線多頭
10:52:00  INFO             買入點：— 目前無買入信號  進場區：$36.4 ~ $37.2  止損：$35.9
10:52:01  INFO    [台] 6111.TWO     6111擎亞       $     47.80  -0.62% 多空分歧
10:52:01  INFO             買入點：— 目前無買入信號  進場區：$39.7 ~ $40.5  止損：$38.7
10:52:02  INFO    [台] 00878.TW     國泰永續高股息      $     24.51  +1.87% 三線多頭
10:52:02  INFO             買入點：— 目前無買入信號  進場區：$21.2 ~ $21.6  止損：$21.1
10:52:03  INFO    [台] 3017.TW      奇鋐           $  2,490.00  +3.75% 三線多頭
10:52:03  INFO             買入點：— 目前無買入信號  進場區：$1,868.6 ~ $1,906.1  止損：$1,857.5
10:52:04  INFO    [台] 00713.TW     元大高息低波       $     54.20  +0.37% 三線多頭
10:52:04  INFO             買入點：— 目前無買入信號  進場區：$49.9 ~ $50.9  止損：$49.1
10:52:05  INFO    [台] 00919.TW     群益台灣精選高息     $     23.67  +1.02% 三線多頭
10:52:05  INFO             買入點：— 目前無買入信號  進場區：$21.8 ~ $22.3  止損：$21.3
10:52:06  INFO    [美] NVDA         NVIDIA       $    201.68  +1.68% 偏多
10:52:06  INFO             買入點：— 目前無買入信號  進場區：$159.2 ~ $162.4  止損：$159.3
10:52:07  INFO    [美] GEV          GE Vernova   $  1,002.75  +2.50% 偏多
10:52:07  INFO             買入點：— 目前無買入信號  進場區：$803.0 ~ $819.1  止損：$782.8
10:52:08  INFO    [台] 2330.TW      台積電          $  2,025.00  -0.25% 偏多
10:52:08  INFO             買入點：— 目前無買入信號  進場區：$1,684.7 ~ $1,718.6  止損：$1,707.2
10:52:09  INFO    [美] AMD          AMD          $    278.39  +0.05% 三線多頭
10:52:09  INFO             買入點：— 目前無買入信號  進場區：$174.0 ~ $177.5  止損：$187.1
10:52:10  INFO    [美] TSM          台積電ADR       $    370.50  +1.97% 多空分歧
10:52:10  INFO             買入點：— 目前無買入信號  進場區：$310.6 ~ $316.8  止損：$304.4
10:52:11  INFO    [台] 2317.TW      鴻海           $    207.50  +0.73% 多空分歧
10:52:11  INFO             買入點：— 目前無買入信號  進場區：$186.6 ~ $190.3  止損：$181.9
10:52:12  INFO    [台] 2530.TW      華建           $     22.30  -1.33% 三線空頭
10:52:12  INFO             買入點：🎯 一條件滿足 — 待確認  進場區：$21.8 ~ $22.2  止損：$21.5
10:52:13  INFO    [美] MU           美光           $    455.07  -0.47% 三線多頭
10:52:13  INFO             買入點：— 目前無買入信號  進場區：$309.9 ~ $316.2  止損：$302.1
10:52:14  INFO    [美] LRCX         科林研發         $    267.60  +2.54% 多空分歧
10:52:14  INFO             買入點：— 目前無買入信號  進場區：$191.0 ~ $194.8  止損：$192.6
10:52:15  INFO    [台] 00631L.TW    元大台灣50正2     $     25.99  +1.56% 多空分歧
10:52:15  INFO             買入點：🎯 一條件滿足 — 待確認  進場區：$-154.6 ~ $-157.7  止損：$18.5
10:52:16  INFO    [台] 00910.TW     第一金太空衛星      $     71.25  -0.70% 三線多頭
10:52:16  INFO             買入點：— 目前無買入信號  進場區：$51.5 ~ $52.6  止損：$52.9
10:52:17  INFO    [台] 2308.TW      台達電          $  1,900.00  +3.26% 三線多頭
10:52:17  INFO             買入點：— 目前無買入信號  進場區：$1,264.3 ~ $1,289.7  止損：$1,324.0
10:52:17  INFO    ⏰ 10:xx 外資 16:30 後更新
10:52:17  INFO    ✅ 股票 20 筆
10:52:17  INFO  
③ 🌟  生活熱門趨勢
10:52:17  INFO    📊 Google Trends 台灣（生活/食衣住行）...
10:52:19  INFO    [食品飲料] 熱度:12 動能:+5% 最熱關鍵字：美食 🔥
10:52:21  INFO    [服飾美妝] 熱度:26 動能:-17% 最熱關鍵字：防曬 ❄️
10:52:24  INFO    [居家生活] 熱度:36 動能:+4% 最熱關鍵字：家具 🔥
10:52:27  INFO    [娛樂3C] 熱度:33 動能:-16% 最熱關鍵字：手機 ❄️
10:52:30  INFO    [健康運動] 熱度:42 動能:+3% 最熱關鍵字：健身 🔥
10:52:32  INFO    [旅遊交通] 熱度:30 動能:-0% 最熱關鍵字：機票 ❄️
10:52:34  INFO    💬 Dcard 熱門...
10:52:34  WARNING      ⚠️  www.dcard.tw → 403 Client Error: Forbidden for url: https://www.dcard.tw/f/trending
10:52:34  INFO    📋 PTT 熱門...
10:52:35  WARNING      ⚠️  www.ptt.cc → ('Connection aborted.', ConnectionResetError(104, 'Connection reset by peer'))
10:52:35  INFO    [PTT/Stock] [] [情報] 0420 上市櫃股票週轉率排行
10:52:35  INFO    [PTT/Stock] [44] [新聞] 普丁：俄羅斯GDP萎縮1.8%　宏觀經濟低於
10:52:35  INFO    [PTT/Stock] [1] [情報] 2515 中工 召開記者會相關說明
10:52:35  INFO    [PTT/Stock] [19] [新聞] 英特爾14A製程傳獲輝達、蘋果等青睞 年
10:52:35  INFO    [PTT/Stock] [10] [情報] 2323 中環 買威剛，賣群聯賠3,157,901元
10:52:37  INFO    [PTT/beauty] [爆] [正妹] 爆乳草裙舞
10:52:37  INFO    [PTT/beauty] [40] [正妹] 新來的桃氣女同事 金佳垠
10:52:37  INFO    [PTT/beauty] [3] [正妹] 徐賢淑
10:52:37  INFO    [PTT/beauty] [] [正妹] Cosplay 2696 日本 繩子
10:52:37  INFO    [PTT/beauty] [1] [正妹] 絲襪
10:52:38  INFO    [PTT/movie] [3] [新聞]沒破19億就算失敗？《無家日》超狂票房意
10:52:38  INFO    [PTT/movie] [6] [新聞]預告細節全解密！末日博士狂虐多重宇宙！
10:52:38  INFO    [PTT/movie] [6] [ 好雷] 極限返航
10:52:38  INFO    [PTT/movie] [26] [新聞] 《麥可傑克森》首波評價出爐，觀眾看完
10:52:39  INFO    [PTT/food] [] [食記] 韓國首爾弘大花蟹世界
10:52:39  INFO    [PTT/food] [] [公告] Food板 板規 V3.91
10:52:39  INFO    [PTT/food] [18] [公告] 發文請在標題加上地區及提供地址電話。^^
10:52:39  INFO    [PTT/food] [] [公告] 文章被刪除者請洽精華區的資源回收桶
10:52:39  INFO    [PTT/food] [4] [公告] 新增板規22：發文禁附延伸閱讀連結
10:52:39  INFO    📺 YouTube 台灣熱門...
10:52:39  INFO    🎵 TikTok...
10:52:41  INFO    [TikTok] #1 #sidemen
10:52:41  INFO    🛍️  Shopee 台灣熱銷...
10:52:45  INFO    💬 Reddit 熱賣（本週）...
10:52:45  INFO    ✅ 生活趨勢完成
10:52:45  INFO  
④ 📰  消息面
10:52:45  INFO    [🇹🇼 台灣] 快訊／日本發生規模7.4強震 發布海嘯警報
10:52:45  INFO    [🇹🇼 台灣] 美軍扣押貨輪還開火！伊朗無人機反轟 傷亡不明
10:52:45  INFO    [🇹🇼 台灣] 柯文哲遭噴辣椒水？台中警分局長試噴飄散惹禍拔官、傷害罪送辦| 社會
10:52:45  INFO    [🇹🇼 台灣] 李貞秀為保黨籍聲請假處分 黃國昌有最新回應了！
10:52:45  INFO    [🇹🇼 台灣] 國防部建軍處長報退因不堪長官壓力？顧立雄：倦勤說法非事實
10:52:45  INFO    [🇹🇼 台灣] 青鳥瘋洗「發芽馬鈴薯國外照吃」 最強菜農回擊轟7字
10:52:48  INFO    [🇯🇵 日本] 三陸海域發生M7.5地震；宮城縣和秋田縣觀測到3級長週期地震動
10:52:48  INFO    [🇯🇵 日本] 美軍向伊朗貨船開火並扣押，伊朗軍方警告將進行報復
10:52:50  INFO    [🇯🇵 日本] 一名男子因在參議院大樓持有刀而被捕，“一名議員告訴我這樣做”，沒有人受傷 - 警視廳
10:52:51  INFO    [🇯🇵 日本] 「我去學校後，在其他地方殺了他。」京都南丹被遺棄男孩的養父嫌疑人安達承認道
10:52:52  INFO    [🇯🇵 日本] 39歲小學教師因偷拍女童裙底被警視廳逮捕
10:52:53  INFO    [🇯🇵 日本] 明天天氣預報 4月21日（星期二） 鋒線過境，日本北部及北陸地區將有雷陣雨，晴天地區請注意黃塵。
10:52:55  INFO    [🇰🇷 韓國] 就在談判前夕，一艘伊朗船被『刺穿』……我又用了川普式的邊緣政策，但是
10:52:56  INFO    [🇰🇷 韓國] 李總統“韓印關係具有發展到完全不同水平的巨大潛力”
10:52:57  INFO    [🇰🇷 韓國] 《My Way》張東赫與美國官員的會面未公開…黨內反應是“也還給英國”
10:52:59  INFO    [🇰🇷 韓國] “一艘從霍爾木茲逃逸的100萬桶油輪計劃抵達韓國。”
10:53:00  INFO    [🇰🇷 韓國] CU原合約談判集會上貨運聯盟一人死亡…2.5噸卡車四面八方衝來
10:53:02  INFO    [🇰🇷 韓國] 好像冰雹落在了島嶼目標上…北韓試射“集束炸彈飛彈”
10:53:02  INFO    [🇺🇸 美國] US navy attacks and seizes Iranian cargo ship, with peace talks due to take place in Pakistan
10:53:02  INFO    [🇺🇸 美國] Man facing divorce kills 8 children, including 7 of his own, in shooting rampage
10:53:02  INFO    [🇺🇸 美國] Strong earthquake hits off Japan’s coast, tsunami warning issued
10:53:02  INFO    [🇺🇸 美國] Trump Administration to Begin Refunding $166 Billion in Tariffs
10:53:02  INFO    [🇺🇸 美國] The pope's English fuels a Trump feud
10:53:02  INFO    [🇺🇸 美國] Bulgaria's former President Rumen Radev set to win parliamentary vote
10:53:17  INFO  
🖥️  產生 HTML 報告...
10:53:17  INFO  
✅  HTML：報告_20260420_1053.html
10:53:17  INFO  ✅  CSV：機會分析_20260420_1053.csv
10:53:17  INFO  📝  Log：logs/scan_20260420_105153.log
