17:29:25  INFO  ======================================================================
17:29:25  INFO  🔥  每日機會分析系統 v10
17:29:25  INFO  📅  2026-03-24 17:29
17:29:25  INFO  ======================================================================
17:29:25  INFO  
① 🌕  CRYPTO
17:29:25  ERROR    BTC-USD: float() argument must be a string or a real number, not 'Series'
17:29:26  ERROR    ETH-USD: float() argument must be a string or a real number, not 'Series'
17:29:27  ERROR    SOL-USD: float() argument must be a string or a real number, not 'Series'
17:29:27  ERROR    BNB-USD: float() argument must be a string or a real number, not 'Series'
17:29:28  ERROR    XRP-USD: float() argument must be a string or a real number, not 'Series'
17:29:28  INFO    ✅ Crypto 0 筆
17:29:28  INFO  
② 📈  股票
17:29:29  INFO    [台] 3293.TWO     鈊象電子         $    735.00  +1.24% 多空分歧
17:29:29  INFO             買入點：— 目前無買入信號  進場區：$666.5 ~ $679.9  止損：$649.9
17:29:29  INFO    [台] 00909.TW     國泰智能電動車ETF   $     39.31  +2.45% 偏空
17:29:29  INFO             買入點：🎯🎯 兩條件滿足 — 觀察買入點  進場區：$36.2 ~ $36.9  止損：$35.3
17:29:30  INFO    [台] 0056.TW      元大高股息        $     38.04  +0.18% 多空分歧
17:29:30  INFO             買入點：🎯🎯 兩條件滿足 — 觀察買入點  進場區：$36.3 ~ $37.0  止損：$35.4
17:29:31  INFO    [台] 6111.TWO     6111擎亞       $     42.10  -2.21% 三線空頭
17:29:31  INFO             買入點：🎯 一條件滿足 — 待確認  進場區：$40.8 ~ $41.6  止損：$39.8
17:29:32  INFO    [台] 00878.TW     國泰永續高股息      $     22.08  +0.00% 多空分歧
17:29:32  INFO             買入點：🎯🎯 兩條件滿足 — 觀察買入點  進場區：$21.2 ~ $21.6  止損：$20.6
17:29:33  INFO    [台] 3017.TW      奇鋐           $  1,945.00  -2.51% 三線多頭
17:29:33  INFO             買入點：— 目前無買入信號  進場區：$1,502.5 ~ $1,532.6  止損：$1,464.7
17:29:34  INFO    [台] 00713.TW     元大高息低波       $     51.35  +0.79% 多空分歧
17:29:34  INFO             買入點：🎯🎯 兩條件滿足 — 觀察買入點  進場區：$49.8 ~ $50.8  止損：$48.6
17:29:35  INFO    [台] 00919.TW     群益台灣精選高息     $     22.41  -0.13% 多空分歧
17:29:35  INFO             買入點：🎯 一條件滿足 — 待確認  進場區：$21.7 ~ $22.2  止損：$21.2
17:29:36  INFO    [美] NVDA         NVIDIA       $    174.67  -0.55% 三線空頭
17:29:36  INFO             買入點：🎯 一條件滿足 — 待確認  進場區：$170.7 ~ $174.2  止損：$166.6
17:29:37  INFO    [美] GEV          GE Vernova   $    896.56  +1.58% 三線多頭
17:29:37  INFO             買入點：— 目前無買入信號  進場區：$772.6 ~ $788.2  止損：$753.2
17:29:37  INFO    [台] 2330.TW      台積電          $  1,810.00  +0.00% 多空分歧
17:29:37  INFO             買入點：🎯 一條件滿足 — 待確認  進場區：$1,755.4 ~ $1,790.7  止損：$1,711.3
17:29:38  INFO    [美] AMD          AMD          $    201.23  -0.72% 多空分歧
17:29:38  INFO             買入點：🎯 一條件滿足 — 待確認  進場區：$187.3 ~ $191.0  止損：$182.6
17:29:39  INFO    [美] TSM          台積電ADR       $    341.21  +0.82% 多空分歧
17:29:39  INFO             買入點：🎯 一條件滿足 — 待確認  進場區：$317.5 ~ $323.9  止損：$315.4
17:29:40  INFO    [台] 2317.TW      鴻海           $    195.00  -0.51% 三線空頭
17:29:40  INFO             買入點：🎯 一條件滿足 — 待確認  進場區：$188.3 ~ $192.1  止損：$188.2
17:29:41  INFO    [台] 2530.TW      華建           $     25.05  -0.20% 偏空
17:29:41  INFO             買入點：🎯 一條件滿足 — 待確認  進場區：$24.2 ~ $24.6  止損：$23.8
17:29:42  INFO    [美] MU           美光           $    391.55  -3.17% 多空分歧
17:29:42  INFO             買入點：🎯 一條件滿足 — 待確認  進場區：$355.9 ~ $363.0  止損：$346.9
17:29:43  INFO    [美] LRCX         科林研發         $    238.21  +2.10% 偏多
17:29:43  INFO             買入點：— 目前無買入信號  進場區：$193.1 ~ $197.0  止損：$188.3
17:29:44  INFO    [台] 00631L.TW    元大台灣50正2     $    443.15  +0.08% 多空分歧
17:29:44  INFO             買入點：🎯 一條件滿足 — 待確認  進場區：$414.4 ~ $422.7  止損：$404.0
17:29:45  INFO    [台] 00910.TW     第一金太空衛星      $     57.95  +3.76% 偏多
17:29:45  INFO             買入點：🎯🎯 兩條件滿足 — 觀察買入點  進場區：$52.1 ~ $53.1  止損：$50.8
17:29:45  INFO    [台] 2308.TW      台達電          $  1,415.00  +0.35% 多空分歧
17:29:45  INFO             買入點：— 目前無買入信號  進場區：$1,189.0 ~ $1,212.9  止損：$1,159.1
17:29:49  INFO    ✅ 股票 20 筆
17:29:49  INFO  
③ 🌟  生活熱門趨勢
17:29:49  INFO    📊 Google Trends 台灣（生活/食衣住行）...
17:29:50  INFO    [食品飲料] 熱度:8 動能:-22% 最熱關鍵字：美食 ❄️
17:29:53  INFO    [服飾美妝] 熱度:31 動能:+7% 最熱關鍵字：穿搭 🔥🔥
17:29:55  INFO    [居家生活] 熱度:29 動能:-3% 最熱關鍵字：家具 ❄️
17:29:58  INFO    [娛樂3C] 熱度:38 動能:+2% 最熱關鍵字：手機 🔥
17:30:01  INFO    [健康運動] 熱度:43 動能:+21% 最熱關鍵字：健身 🔥🔥🔥
17:30:03  INFO    [旅遊交通] 熱度:31 動能:+17% 最熱關鍵字：機票 🔥🔥
17:30:05  INFO    💬 Dcard 熱門...
17:30:07  WARNING      ⚠️  www.dcard.tw → 403 Client Error: Forbidden for url: https://www.dcard.tw/f/trending
17:30:07  INFO    📋 PTT 熱門...
17:30:07  WARNING      ⚠️  www.ptt.cc → ('Connection aborted.', ConnectionResetError(104, 'Connection reset by peer'))
17:30:08  INFO    [PTT/Stock] [6] [新聞] 哪些晶片股可望受惠馬斯克Terafab超級
17:30:08  INFO    [PTT/Stock] [4] [新聞] 中東戰事衝擊能源供應! 比亞迪、寧德、華
17:30:08  INFO    [PTT/Stock] [5] Re: [新聞] 打造有別台積電的世界工廠 馬斯克恐重蹈
17:30:08  INFO    [PTT/Stock] [13] [新聞] 美伊衝突 無人機商機升空 概念股受惠
17:30:08  INFO    [PTT/Stock] [] [新聞] 中東戰事衝擊顯現！美國3月企業活動轉弱
17:30:09  INFO    [PTT/beauty] [3] [正妹] 田中美久 水藍色的誘惑
17:30:09  INFO    [PTT/beauty] [2] [正妹] YUNA
17:30:09  INFO    [PTT/beauty] [92] [公告] 不願上表特 ＆ 優文推薦 ＆ 檢舉建議專區
17:30:09  INFO    [PTT/beauty] [1] [公告] 口罩文會退文
17:30:10  INFO    [PTT/movie] [] [新聞]「獨眼龍」詹姆斯馬斯登坦承說謊！否認回歸
17:30:10  INFO    [PTT/movie] [3] [新聞]復仇者聯盟5》揭露MCU史上「最黑暗結局」！
17:30:10  INFO    [PTT/movie] [1] Re: [新聞] 覺醒記者罵Chuck Norris
17:30:11  INFO    [PTT/food] [] [食記] 台北士林區 Subber潛艇堡
17:30:11  INFO    [PTT/food] [] [食記] 宜蘭羅東白橡｜WhiteOak│路過的美味甜點
17:30:11  INFO    [PTT/food] [] [食記] 日本 旭川成吉思汗大黑屋 無腥味羔羊炙烤
17:30:11  INFO    [PTT/food] [] [食記] 劉家蝦公粄 屏東內埔 酥脆九層塔香蝦公粄
17:30:11  INFO    [PTT/food] [] [食記] 香港 HashtagB 超酥脆蛋撻大推開心果口味
17:30:12  INFO    📺 YouTube 台灣熱門...
17:30:12  INFO    🎵 TikTok...
17:30:12  INFO    [TikTok] #1 #arsenal
17:30:12  INFO    🛍️  Shopee 台灣熱銷...
17:30:33  INFO    💬 Reddit 熱賣（本週）...
17:30:33  INFO    ✅ 生活趨勢完成
17:30:33  INFO  
④ 📰  消息面
17:30:33  INFO    [🇹🇼 台灣] 川普點名伊朗戰爭「始作俑者」 他「當場」變成代罪羔羊了
17:30:33  INFO    [🇹🇼 台灣] 涉貪被判25年棄保潛逃 中油「最貪執行長」徐漢台東落網
17:30:33  INFO    [🇹🇼 台灣] 林秉文遭槍殺亡！回顧鱸鰻一生：涉職棒簽賭後成「百億賭王」再回台陷洗錢糾紛
17:30:33  INFO    [🇹🇼 台灣] 稱「新式核能」是選項遭酸牆頭草 苗博雅曝信念
17:30:33  INFO    [🇹🇼 台灣] 蔡壁如揪1點跳針護航「李貞秀沒有中國護照」？他秒看穿「荒謬」：站不住腳
17:30:33  INFO    [🇹🇼 台灣] 李貞秀突自爆「高虹安拿了柯文哲700萬」　高虹安回應了
17:30:35  INFO    [🇯🇵 日本] 巴基斯坦最早可能於本週進行停火談判...美國總統川普“未來共同管理霍爾木茲海峽”，據報道伊朗拒絕談判
17:30:36  INFO    [🇯🇵 日本] 自衛隊高級官員因涉嫌入侵中國大使館而被捕：“我試圖告訴大使不要發表強硬言論”“如果他不接受，他就會自殺”
17:30:38  INFO    [🇯🇵 日本] 中間派和公民支持臨時預算：時事網
17:30:40  INFO    [🇯🇵 日本] 【突發新聞】宮內廳正式宣布延後天皇家人對岩手縣和宮城縣的訪問。宮內廳打算重新安排訪問時間。 「我們對推遲訪問表示誠摯的歉意，並向所有相關人員表示感謝。」宮內廳
17:30:42  INFO    [🇯🇵 日本] 「我不想在這樣的船上......」對同誌社國際高中在邊野古海岸傾覆後感到憤怒的家長舉行了簡報會
17:30:44  INFO    [🇯🇵 日本] 歐美關係分裂，堪比入侵烏克蘭，無法恢復正常=德國總統
17:30:46  INFO    [🇰🇷 韓國] 伊朗：“不與川普談判…霍爾木茲海峽不能回到以前的樣子”
17:30:47  INFO    [🇰🇷 韓國] 卡達、韓國等宣布長期液化天然氣合約不可抗力
17:30:50  INFO    [🇰🇷 韓國] 李總統：「剷除惡性房地產犯罪」…「抓捕7人」專案打擊結果揭曉
17:30:52  INFO    [🇰🇷 韓國] 李總統分享了「看到這個之後我選了尹錫烈」的文章，並表示「捏造的報道是對選舉的干擾」。
17:30:53  INFO    [🇰🇷 韓國] 李真淑急速轉向汝矣島……張東赫的「安全盟友」情景浮現
17:30:56  INFO    [🇰🇷 韓國] 「尹錫烈的謊言」審判開庭 涉案金額達397億韓元
17:30:57  INFO    [🇺🇸 美國] Senate closes in on potential deal to end DHS shutdown
17:30:57  INFO    [🇺🇸 美國] Trump news at a glance: president touts ‘strong talks’ with Iran that Iran says have not happened
17:30:57  INFO    [🇺🇸 美國] Israel and Iran exchange strikes as Trump says U.S. is negotiating end to war
17:30:57  INFO    [🇺🇸 美國] Houston airport's only 2 TSA checkpoints pass 4-hour waits after ICE arrival
17:30:57  INFO    [🇺🇸 美國] As parents age, their children face hard choices about when to take the car keys
17:30:57  INFO    [🇺🇸 美國] TSA wait times stretch up to 6 hours as ICE and other Homeland Security agents deployed to 14 airports
17:31:13  INFO  
🖥️  產生 HTML 報告...
17:31:13  INFO  
✅  HTML：報告_20260324_1731.html
17:31:13  INFO  ✅  CSV：機會分析_20260324_1731.csv
17:31:13  INFO  📝  Log：logs/scan_20260324_172925.log
