23:29:56  INFO  ======================================================================
23:29:56  INFO  🔥  每日機會分析系統 v10
23:29:56  INFO  📅  2026-04-03 23:29
23:29:56  INFO  ======================================================================
23:29:56  INFO  
① 🌕  CRYPTO
23:29:57  ERROR    BTC-USD: float() argument must be a string or a real number, not 'Series'
23:29:58  ERROR    ETH-USD: float() argument must be a string or a real number, not 'Series'
23:29:58  ERROR    SOL-USD: float() argument must be a string or a real number, not 'Series'
23:29:59  ERROR    BNB-USD: float() argument must be a string or a real number, not 'Series'
23:30:00  ERROR    XRP-USD: float() argument must be a string or a real number, not 'Series'
23:30:00  INFO    ✅ Crypto 0 筆
23:30:00  INFO  
② 📈  股票
23:30:01  INFO    [台] 3293.TWO     鈊象電子         $    755.00  -1.56% 多空分歧
23:30:01  INFO             買入點：— 目前無買入信號  進場區：$676.6 ~ $690.2  止損：$659.6
23:30:02  INFO    [台] 00909.TW     國泰智能電動車ETF   $     35.99  -1.83% 三線空頭
23:30:02  INFO             買入點：🎯 一條件滿足 — 待確認  進場區：$35.1 ~ $35.8  止損：$34.2
23:30:03  INFO    [台] 0056.TW      元大高股息        $     37.82  -0.76% 多空分歧
23:30:03  INFO             買入點：🎯 一條件滿足 — 待確認  進場區：$36.3 ~ $37.0  止損：$35.4
23:30:04  INFO    [台] 6111.TWO     6111擎亞       $     43.00  +1.65% 偏空
23:30:04  INFO             買入點：🎯 一條件滿足 — 待確認  進場區：$39.7 ~ $40.5  止損：$38.7
23:30:05  INFO    [台] 00878.TW     國泰永續高股息      $     22.03  -1.21% 多空分歧
23:30:05  INFO             買入點：🎯 一條件滿足 — 待確認  進場區：$21.2 ~ $21.6  止損：$20.6
23:30:06  INFO    [台] 3017.TW      奇鋐           $  2,070.00  -1.90% 多空分歧
23:30:06  INFO             買入點：— 目前無買入信號  進場區：$1,637.0 ~ $1,669.9  止損：$1,615.0
23:30:07  INFO    [台] 00713.TW     元大高息低波       $     51.35  -0.29% 多空分歧
23:30:07  INFO             買入點：🎯 一條件滿足 — 待確認  進場區：$49.8 ~ $50.8  止損：$48.6
23:30:08  INFO    [台] 00919.TW     群益台灣精選高息     $     22.30  -0.89% 多空分歧
23:30:08  INFO             買入點：🎯 一條件滿足 — 待確認  進場區：$21.7 ~ $22.2  止損：$21.2
23:30:09  INFO    [美] NVDA         NVIDIA       $    177.39  +0.93% 多空分歧
23:30:09  INFO             買入點：🎯 一條件滿足 — 待確認  進場區：$163.4 ~ $166.7  止損：$159.3
23:30:10  INFO    [美] GEV          GE Vernova   $    898.57  +0.42% 三線多頭
23:30:10  INFO             買入點：— 目前無買入信號  進場區：$772.6 ~ $788.2  止損：$753.2
23:30:11  INFO    [台] 2330.TW      台積電          $  1,810.00  -2.43% 多空分歧
23:30:11  INFO             買入點：🎯 一條件滿足 — 待確認  進場區：$1,750.5 ~ $1,785.7  止損：$1,707.2
23:30:12  INFO    [美] AMD          AMD          $    217.50  +3.47% 多空分歧
23:30:12  INFO             買入點：— 目前無買入信號  進場區：$187.6 ~ $191.4  止損：$183.3
23:30:13  INFO    [美] TSM          台積電ADR       $    339.04  -0.72% 多空分歧
23:30:13  INFO             買入點：🎯 一條件滿足 — 待確認  進場區：$312.2 ~ $318.5  止損：$304.4
23:30:14  INFO    [台] 2317.TW      鴻海           $    193.00  -2.03% 三線空頭
23:30:14  INFO             買入點：🎯 一條件滿足 — 待確認  進場區：$184.3 ~ $188.0  止損：$181.9
23:30:15  INFO    [台] 2530.TW      華建           $     24.05  -3.41% 三線空頭
23:30:15  INFO             買入點：🎯 一條件滿足 — 待確認  進場區：$23.8 ~ $24.3  止損：$23.2
23:30:16  INFO    [美] MU           美光           $    366.24  -0.44% 多空分歧
23:30:16  INFO             買入點：🎯 一條件滿足 — 待確認  進場區：$309.9 ~ $316.2  止損：$302.1
23:30:17  INFO    [美] LRCX         科林研發         $    218.44  -1.61% 三線多頭
23:30:17  INFO             買入點：🎯 一條件滿足 — 待確認  進場區：$193.1 ~ $197.0  止損：$188.3
23:30:18  INFO    [台] 00631L.TW    元大台灣50正2     $     20.00  -4.76% 偏空
23:30:18  INFO             買入點：🎯 一條件滿足 — 待確認  進場區：$-191.0 ~ $-194.8  止損：$18.5
23:30:19  INFO    [台] 00910.TW     第一金太空衛星      $     58.20  +1.31% 多空分歧
23:30:19  INFO             買入點：— 目前無買入信號  進場區：$52.1 ~ $53.1  止損：$50.8
23:30:20  INFO    [台] 2308.TW      台達電          $  1,430.00  -3.05% 多空分歧
23:30:20  INFO             買入點：🎯 一條件滿足 — 待確認  進場區：$1,189.0 ~ $1,212.9  止損：$1,159.1
23:30:22  INFO    ✅ 股票 20 筆
23:30:22  INFO  
③ 🌟  生活熱門趨勢
23:30:22  INFO    📊 Google Trends 台灣（生活/食衣住行）...
23:30:23  INFO    [食品飲料] 熱度:6 動能:-39% 最熱關鍵字：美食 ❄️
23:30:26  INFO    [服飾美妝] 熱度:29 動能:-13% 最熱關鍵字：穿搭 ❄️
23:30:29  INFO    [居家生活] 熱度:24 動能:-21% 最熱關鍵字：家具 ❄️
23:30:31  INFO    [娛樂3C] 熱度:40 動能:-1% 最熱關鍵字：手機 ❄️
23:30:34  INFO    [健康運動] 熱度:18 動能:-34% 最熱關鍵字：健身 ❄️
23:30:36  INFO    [旅遊交通] 熱度:21 動能:-25% 最熱關鍵字：機票 ❄️
23:30:38  INFO    💬 Dcard 熱門...
23:30:39  WARNING      ⚠️  www.dcard.tw → 403 Client Error: Forbidden for url: https://www.dcard.tw/f/trending
23:30:39  INFO    📋 PTT 熱門...
23:30:39  WARNING      ⚠️  www.ptt.cc → ('Connection aborted.', ConnectionResetError(104, 'Connection reset by peer'))
23:30:39  INFO    [PTT/Stock] [22] [新聞] 川普：戰機墜毀不影響跟伊朗談判進度「這
23:30:39  INFO    [PTT/Stock] [] [公告] 股票板板規 v4.7 (2024/10/06 修正)
23:30:39  INFO    [PTT/Stock] [6] [公告] 4-6-1罰則將在1/22開始到年底加重至30天
23:30:39  INFO    [PTT/Stock] [爆] [閒聊] 2026/04/03 盤後閒聊
23:30:40  INFO    [PTT/beauty] [22] [正妹] 禹洙漢
23:30:40  INFO    [PTT/beauty] [] [正妹] 萱萱
23:30:40  INFO    [PTT/beauty] [6] [正妹] 許芸
23:30:40  INFO    [PTT/beauty] [1] [正妹] 薇薇
23:30:40  INFO    [PTT/beauty] [] [正妹] 吳瑞律
23:30:41  INFO    [PTT/movie] [2] [新聞] 《超級瑪利歐銀河電影版》大賣！33年前真人版黑歷史　主演
23:30:41  INFO    [PTT/movie] [21] [新聞] 亨利卡維爾很想出演《007》中的反派角色
23:30:41  INFO    [PTT/movie] [2] [情報] 王者天下5 宮女兩人卡司公開
23:30:41  INFO    [PTT/movie] [8] [無雷] 超級瑪利歐銀河
23:30:41  INFO    [PTT/movie] [2] [684雷] 實尾島風雲（韓國電影，2003年）
23:30:42  INFO    [PTT/food] [] [食記] Onigiri Takeya 日本福島 平價又好吃飯糰
23:30:42  INFO    [PTT/food] [] [食記] 桃園市八德區。桃鶯生炒羊肉
23:30:42  INFO    [PTT/food] [] [食記] 新北蘆洲 Yoooi Yakiniku有壹燒肉
23:30:42  INFO    [PTT/food] [] [食記] 磐石坊 台北大安 椰香微辣巴東牛肉薑黃飯
23:30:43  INFO    📺 YouTube 台灣熱門...
23:30:43  INFO    🎵 TikTok...
23:30:45  INFO    [TikTok] #1 #aprilfools
23:30:45  INFO    🛍️  Shopee 台灣熱銷...
23:30:48  INFO    💬 Reddit 熱賣（本週）...
23:30:48  INFO    ✅ 生活趨勢完成
23:30:48  INFO  
④ 📰  消息面
23:30:48  INFO    [🇹🇼 台灣] 荷姆茲海峽通行費曝光！全球分5級 須與伊朗IRGC協商
23:30:48  INFO    [🇹🇼 台灣] 雲雨帶通過中…重頭戲是「明天凌晨」鋒面主體報到 不排除全台大雷雨
23:30:48  INFO    [🇹🇼 台灣] 伊朗為何不打電話？川普公開嗆「打回石器時代」 私下急找退場
23:30:48  INFO    [🇹🇼 台灣] 李貞秀慘了！被疑是高虹安涉貪案檢舉人之一 民眾黨「下週開鍘」
23:30:48  INFO    [🇹🇼 台灣] 伊朗聲稱再次擊中F-35戰機! 公布碎片稱飛行員凶多吉少 專家 : 應是F-15
23:30:48  INFO    [🇹🇼 台灣] 管仁健觀點》鄭麗文為何要把「舔支團」變成「不舔整支團」？
23:30:51  INFO    [🇯🇵 日本] 美國戰鬥機在伊朗上空被擊落，一名機組人員獲救，這是自發射以來首次對伊朗發動攻擊
23:30:52  INFO    [🇯🇵 日本] 【突發新聞】川普警告伊朗核電廠遭受攻擊
23:30:53  INFO    [🇯🇵 日本] 整形醫師在麻醉下性侵不反抗女患者，致21人受傷，其中包括一名9歲兒童…因「惡意卑鄙犯罪」被判入獄25年
23:30:54  INFO    [🇯🇵 日本] 一名50多歲的男子因在澀谷十字路口點燃煤油而被傳喚，他將因涉嫌妨礙交通而被捕。
23:30:55  INFO    [🇯🇵 日本] 《產經翔》和平學習期間翻船事故奪走了一名學生的生命
23:30:58  INFO    [🇯🇵 日本] 美國提議“48小時停火”，但伊朗拒絕“以猛烈攻擊回應”革命衛隊通訊社報道
23:30:58  INFO    [🇰🇷 韓國] 川普：“不久之後，我們將打開霍爾木茲海峽並接管石油……我們會賺很多錢。”
23:31:01  INFO    [🇰🇷 韓國] “我們將使伊朗回到石器時代”......川普向全國發表的演講宣布戰爭“擴大”，而不是“戰爭結束”[報紙頭版照片]
23:31:02  INFO    [🇰🇷 韓國] 日本和法國船隻相繼通過霍爾木茲海峽…這是與伊朗交戰後的第一次
23:31:04  INFO    [🇰🇷 韓國] 青瓦台“審查乘坐公共交通以避免高峰時段的激勵措施”
23:31:05  INFO    [🇰🇷 韓國] 民主黨最高為48%，國家力量黨最低為18%…支持率差距最大[蓋洛普]
23:31:07  INFO    [🇰🇷 韓國] 全國各地下雨直到白天...全羅南道和慶尚道有大雨和大風
23:31:07  INFO    [🇺🇸 美國] US fighter jet shot down over Iran, search under way for crew member, US officials say
23:31:07  INFO    [🇺🇸 美國] Trump’s budget calls for 2027 pay freeze
23:31:07  INFO    [🇺🇸 美國] Trump's ballroom fight sheds new light on an underground White House bunker
23:31:07  INFO    [🇺🇸 美國] Brush fire breaks out in Moreno Valley amid Santa Ana winds
23:31:07  INFO    [🇺🇸 美國] Liberating the Department of Homeland Security From the Democrat-Caused Shutdown
23:31:07  INFO    [🇺🇸 美國] Russian strikes on Ukraine kill 8 as Kyiv holds door open for Easter truce
23:31:23  INFO  
🖥️  產生 HTML 報告...
23:31:23  INFO  
✅  HTML：報告_20260403_2331.html
23:31:23  INFO  ✅  CSV：機會分析_20260403_2331.csv
23:31:23  INFO  📝  Log：logs/scan_20260403_232956.log
