09:40:55  INFO  ======================================================================
09:40:55  INFO  🔥  每日機會分析系統 v10
09:40:55  INFO  📅  2026-03-28 09:40
09:40:55  INFO  ======================================================================
09:40:55  INFO  
① 🌕  CRYPTO
09:40:56  ERROR    BTC-USD: float() argument must be a string or a real number, not 'Series'
09:40:57  ERROR    ETH-USD: float() argument must be a string or a real number, not 'Series'
09:40:58  ERROR    SOL-USD: float() argument must be a string or a real number, not 'Series'
09:40:59  ERROR    BNB-USD: float() argument must be a string or a real number, not 'Series'
09:41:00  ERROR    XRP-USD: float() argument must be a string or a real number, not 'Series'
09:41:01  INFO    ✅ Crypto 0 筆
09:41:01  INFO  
② 📈  股票
09:41:02  INFO    [台] 3293.TWO     鈊象電子         $    796.00  +1.53% 三線多頭
09:41:02  INFO             買入點：— 目前無買入信號  進場區：$658.8 ~ $672.0  止損：$649.9
09:41:03  INFO    [台] 00909.TW     國泰智能電動車ETF   $     38.47  -2.98% 多空分歧
09:41:03  INFO             買入點：🎯🎯 兩條件滿足 — 觀察買入點  進場區：$36.2 ~ $36.9  止損：$35.3
09:41:05  INFO    [台] 0056.TW      元大高股息        $     38.43  -0.34% 多空分歧
09:41:05  INFO             買入點：🎯🎯 兩條件滿足 — 觀察買入點  進場區：$36.3 ~ $37.0  止損：$35.4
09:41:06  INFO    [台] 6111.TWO     6111擎亞       $     42.75  +0.83% 偏空
09:41:06  INFO             買入點：🎯🎯 兩條件滿足 — 觀察買入點  進場區：$40.8 ~ $41.6  止損：$39.8
09:41:07  INFO    [台] 00878.TW     國泰永續高股息      $     22.39  -0.22% 多空分歧
09:41:07  INFO             買入點：🎯 一條件滿足 — 待確認  進場區：$21.2 ~ $21.6  止損：$20.6
09:41:09  INFO    [台] 3017.TW      奇鋐           $  2,195.00  -3.52% 三線多頭
09:41:09  INFO             買入點：— 目前無買入信號  進場區：$1,577.9 ~ $1,609.6  止損：$1,615.0
09:41:10  INFO    [台] 00713.TW     元大高息低波       $     51.60  -0.19% 多空分歧
09:41:10  INFO             買入點：🎯🎯 兩條件滿足 — 觀察買入點  進場區：$49.8 ~ $50.8  止損：$48.6
09:41:11  INFO    [台] 00919.TW     群益台灣精選高息     $     22.52  -0.49% 多空分歧
09:41:11  INFO             買入點：🎯🎯 兩條件滿足 — 觀察買入點  進場區：$21.7 ~ $22.2  止損：$21.2
09:41:12  INFO    [美] NVDA         NVIDIA       $    167.52  -2.17% 三線空頭
09:41:12  INFO             買入點：🎯 一條件滿足 — 待確認  進場區：$166.2 ~ $169.5  止損：$162.0
09:41:13  INFO    [美] GEV          GE Vernova   $    853.16  -2.29% 偏多
09:41:13  INFO             買入點：🎯 一條件滿足 — 待確認  進場區：$772.6 ~ $788.2  止損：$753.2
09:41:15  INFO    [台] 2330.TW      台積電          $  1,820.00  -1.09% 多空分歧
09:41:15  INFO             買入點：🎯🎯 兩條件滿足 — 觀察買入點  進場區：$1,755.4 ~ $1,790.7  止損：$1,711.3
09:41:16  INFO    [美] AMD          AMD          $    201.99  -0.87% 多空分歧
09:41:16  INFO             買入點：🎯 一條件滿足 — 待確認  進場區：$187.3 ~ $191.0  止損：$182.6
09:41:17  INFO    [美] TSM          台積電ADR       $    326.74  +0.19% 多空分歧
09:41:17  INFO             買入點：🎯 一條件滿足 — 待確認  進場區：$320.6 ~ $327.1  止損：$312.6
09:41:19  INFO    [台] 2317.TW      鴻海           $    199.50  -0.50% 多空分歧
09:41:19  INFO             買入點：🎯 一條件滿足 — 待確認  進場區：$187.9 ~ $191.7  止損：$188.2
09:41:20  INFO    [台] 2530.TW      華建           $     25.35  +1.20% 多空分歧
09:41:20  INFO             買入點：🎯 一條件滿足 — 待確認  進場區：$24.0 ~ $24.5  止損：$23.8
09:41:21  INFO    [美] MU           美光           $    357.22  +0.50% 多空分歧
09:41:21  INFO             買入點：🎯 一條件滿足 — 待確認  進場區：$343.5 ~ $350.4  止損：$339.5
09:41:23  INFO    [美] LRCX         科林研發         $    211.41  -0.10% 多空分歧
09:41:23  INFO             買入點：🎯 一條件滿足 — 待確認  進場區：$193.1 ~ $197.0  止損：$188.3
09:41:24  INFO    [台] 00631L.TW    元大台灣50正2     $    443.15  +0.00% 多空分歧
09:41:24  INFO             買入點：🎯🎯 兩條件滿足 — 觀察買入點  進場區：$414.4 ~ $422.7  止損：$404.0
09:41:25  INFO    [台] 00910.TW     第一金太空衛星      $     60.30  -1.15% 三線多頭
09:41:25  INFO             買入點：— 目前無買入信號  進場區：$52.1 ~ $53.1  止損：$50.8
09:41:26  INFO    [台] 2308.TW      台達電          $  1,510.00  -0.33% 三線多頭
09:41:26  INFO             買入點：— 目前無買入信號  進場區：$1,189.0 ~ $1,212.9  止損：$1,159.1
09:41:27  INFO    ⏰ 9:xx 外資 16:30 後更新
09:41:27  INFO    ✅ 股票 20 筆
09:41:27  INFO  
③ 🌟  生活熱門趨勢
09:41:27  INFO    📊 Google Trends 台灣（生活/食衣住行）...
09:41:28  INFO    [食品飲料] 熱度:21 動能:+73% 最熱關鍵字：美食 🔥🔥🔥
09:41:30  INFO    [服飾美妝] 熱度:35 動能:+7% 最熱關鍵字：穿搭 🔥🔥
09:41:34  INFO    [居家生活] 熱度:30 動能:+26% 最熱關鍵字：家具 🔥🔥🔥
09:41:36  INFO    [娛樂3C] 熱度:40 動能:+7% 最熱關鍵字：手機 🔥🔥
09:41:39  INFO    [健康運動] 熱度:32 動能:+3% 最熱關鍵字：健身 🔥
09:41:42  INFO    [旅遊交通] 熱度:29 動能:-7% 最熱關鍵字：機票 ❄️
09:41:44  INFO    💬 Dcard 熱門...
09:41:44  WARNING      ⚠️  www.dcard.tw → 403 Client Error: Forbidden for url: https://www.dcard.tw/f/trending
09:41:44  INFO    📋 PTT 熱門...
09:41:44  WARNING      ⚠️  www.ptt.cc → ('Connection aborted.', ConnectionResetError(104, 'Connection reset by peer'))
09:41:45  INFO    [PTT/Stock] [33] Re: [心得] TQQQ這五年定期定額，績效輸0056
09:41:45  INFO    [PTT/Stock] [23] [新聞] 預防伊朗戰火讓原油斷供！日本調用中亞現
09:41:45  INFO    [PTT/Stock] [79] [新聞] 美情報：伊朗僅1/3導彈被摧毀！荷姆茲海
09:41:45  INFO    [PTT/Stock] [3] [情報] 3095 及成 買黃金存摺之黃金223.32盎司
09:41:45  INFO    [PTT/Stock] [35] [新聞] 拉加德：美伊戰爭衝擊恐延燒數年 全球經
09:41:46  INFO    [PTT/beauty] [42] [正妹] 木村愛心攝影見面會
09:41:46  INFO    [PTT/beauty] [6] [正妹] 藤本彩花
09:41:46  INFO    [PTT/beauty] [] [正妹] Elisa Valoren 法國模特兒
09:41:46  INFO    [PTT/beauty] [18] [正妹] 韓國人妻的極致誘惑
09:41:46  INFO    [PTT/beauty] [12] [正妹] 賴可
09:41:47  INFO    [PTT/movie] [8] [新聞]兩位好萊塢知名女星婉拒《蜘蛛人4》演出！
09:41:47  INFO    [PTT/movie] [38] [新聞]新《哈利波特》選角被罵爆！JK羅琳表示滿
09:41:47  INFO    [PTT/movie] [7] Re: [普雷] 極限返航心得及問題
09:41:47  INFO    [PTT/movie] [14] [好雷] 《捕風追影》老人是最偉大的
09:41:47  INFO    [PTT/movie] [13] [討論] 極限返航的問題 有雷
09:41:48  INFO    [PTT/food] [] [食記] 冬山春捲蝦餅 宜蘭冬山 外酥內軟地瓜蝦餅
09:41:48  INFO    [PTT/food] [1] [食記] 【臺北南港】欣葉小聚平價版欣葉台菜，必
09:41:48  INFO    [PTT/food] [] [食記] 桃園市中壢區。焦糖楓串燒
09:41:48  INFO    [PTT/food] [] [食記] 日本東京 河童壽司Kappa 百元迴轉壽司
09:41:48  INFO    [PTT/food] [] [食記] 臺北信義欣葉台菜四十餘年的台菜先鋒好味
09:41:48  INFO    📺 YouTube 台灣熱門...
09:41:49  INFO    🎵 TikTok...
09:41:50  INFO    [TikTok] #1 #worldcup
09:41:50  INFO    🛍️  Shopee 台灣熱銷...
09:41:54  INFO    💬 Reddit 熱賣（本週）...
09:41:54  INFO    ✅ 生活趨勢完成
09:41:54  INFO  
④ 📰  消息面
09:41:55  INFO    [🇹🇼 台灣] 「華人神探」李昌鈺辭世享壽87歲！曾調查甘迺迪遇刺、319槍擊案| 政治
09:41:55  INFO    [🇹🇼 台灣] 明日凱道聲援柯文哲 國民黨團：超過20位藍委參加
09:41:55  INFO    [🇹🇼 台灣] 恐怖前任情殺後亂竄！台南男卡死巷狼狽落網 警移送中檢建請羈押
09:41:55  INFO    [🇹🇼 台灣] 柯文哲一審重判！小草崩潰哭整晚 被問上凱道「超現實回應」網笑爆
09:41:55  INFO    [🇹🇼 台灣] 卓榮泰不捨黃文啓立院哽咽籲在野黨支持國防| 政治
09:41:55  INFO    [🇹🇼 台灣] 顏慧欣家屬婉拒榮勳？她揪行政院2大「心虛」動作：恐調查到最後某人已退休 | 李瑋萱 | 新聞
09:41:57  INFO    [🇯🇵 日本] 池袋刺傷嫌疑人告別了女受害者在神奇寶貝中心的工作，並說：“我不適合這份工作，所以辭職吧。”
09:41:59  INFO    [🇯🇵 日本] 胡塞武裝襲擊以色列，也門親伊朗民兵威脅加劇緊張局勢
09:42:01  INFO    [🇯🇵 日本] 根據美國報紙報道，美軍在伊朗使用了850把“戰斧”，“子彈用完了”，可能會從印太地區轉移
09:42:03  INFO    [🇯🇵 日本] “我們不需要國際法”川普：無法遵循的“戰爭規則”
09:42:03  INFO    [🇯🇵 日本] [突發新聞] 也門和以色列軍方發射飛彈
09:42:04  INFO    [🇯🇵 日本] 英國野生動物園狼群互相殘殺，導致整群狼被安樂死 (1/2)
09:42:05  INFO    [🇰🇷 韓國] 樸亨俊和朱鎮宇在開幕式上發生衝突…“釜山像孫興慜”vs“世代更迭”
09:42:06  INFO    [🇰🇷 韓國] 川普稱「幾乎不可能」的伊朗飛彈，肯定只能摧毀三分之一……關鍵是發射能力
09:42:08  INFO    [🇰🇷 韓國] 川普：古巴是下一個…還有「退出北約」的可能
09:42:09  INFO    [🇰🇷 韓國] 伊朗布希爾核電廠遇襲...以色列定點暗殺後加強攻勢，攻擊核設施
09:42:09  INFO    [🇰🇷 韓國] 胡塞武裝向以色列發射飛彈，正式戰爭…紅海威脅升級
09:42:10  INFO    [🇰🇷 韓國] 伊朗和中國船隻也被封鎖…打擊核設施
09:42:11  INFO    [🇺🇸 美國] House Vote Sets Up Clash With the Senate on D.H.S. Funding, Prolonging Shutdown
09:42:11  INFO    [🇺🇸 美國] At least 10 U.S. troops wounded in Iranian attack on Saudi air base
09:42:11  INFO    [🇺🇸 美國] Yemen’s Houthis launch first attack on Israel since outbreak of conflict, as Rubio says war to end in ‘weeks’
09:42:11  INFO    [🇺🇸 美國] Trump signs order to pay TSA employees amid shutdown standoff
09:42:11  INFO    [🇺🇸 美國] Iran-linked hackers breach FBI director's personal email, publish photos and documents
09:42:11  INFO    [🇺🇸 美國] Global markets recoil as Marco Rubio warns war in Iran could stretch for weeks
09:42:27  INFO  
🖥️  產生 HTML 報告...
09:42:27  INFO  
✅  HTML：報告_20260328_0942.html
09:42:27  INFO  ✅  CSV：機會分析_20260328_0942.csv
09:42:27  INFO  📝  Log：logs/scan_20260328_094055.log
