10:12:42  INFO  ======================================================================
10:12:42  INFO  🔥  每日機會分析系統 v10
10:12:42  INFO  📅  2026-04-06 10:12
10:12:42  INFO  ======================================================================
10:12:42  INFO  
① 🌕  CRYPTO
10:12:43  ERROR    BTC-USD: float() argument must be a string or a real number, not 'Series'
10:12:43  ERROR    ETH-USD: float() argument must be a string or a real number, not 'Series'
10:12:44  ERROR    SOL-USD: float() argument must be a string or a real number, not 'Series'
10:12:44  ERROR    BNB-USD: float() argument must be a string or a real number, not 'Series'
10:12:45  ERROR    XRP-USD: float() argument must be a string or a real number, not 'Series'
10:12:45  INFO    ✅ Crypto 0 筆
10:12:45  INFO  
② 📈  股票
10:12:46  INFO    [台] 3293.TWO     鈊象電子         $    755.00  -1.56% 多空分歧
10:12:46  INFO             買入點：— 目前無買入信號  進場區：$676.6 ~ $690.2  止損：$659.6
10:12:46  INFO    [台] 00909.TW     國泰智能電動車ETF   $     35.99  -1.83% 三線空頭
10:12:46  INFO             買入點：🎯 一條件滿足 — 待確認  進場區：$35.1 ~ $35.8  止損：$34.2
10:12:47  INFO    [台] 0056.TW      元大高股息        $     37.82  -0.76% 多空分歧
10:12:47  INFO             買入點：🎯 一條件滿足 — 待確認  進場區：$36.3 ~ $37.0  止損：$35.4
10:12:48  INFO    [台] 6111.TWO     6111擎亞       $     43.00  +1.65% 偏空
10:12:48  INFO             買入點：🎯 一條件滿足 — 待確認  進場區：$39.7 ~ $40.5  止損：$38.7
10:12:49  INFO    [台] 00878.TW     國泰永續高股息      $     22.03  -1.21% 多空分歧
10:12:49  INFO             買入點：🎯 一條件滿足 — 待確認  進場區：$21.2 ~ $21.6  止損：$20.6
10:12:50  INFO    [台] 3017.TW      奇鋐           $  2,070.00  -1.90% 多空分歧
10:12:50  INFO             買入點：— 目前無買入信號  進場區：$1,637.0 ~ $1,669.9  止損：$1,615.0
10:12:51  INFO    [台] 00713.TW     元大高息低波       $     51.35  -0.29% 多空分歧
10:12:51  INFO             買入點：🎯 一條件滿足 — 待確認  進場區：$49.8 ~ $50.8  止損：$48.6
10:12:51  INFO    [台] 00919.TW     群益台灣精選高息     $     22.30  -0.89% 多空分歧
10:12:51  INFO             買入點：🎯 一條件滿足 — 待確認  進場區：$21.7 ~ $22.2  止損：$21.2
10:12:52  INFO    [美] NVDA         NVIDIA       $    177.39  +0.93% 多空分歧
10:12:52  INFO             買入點：🎯 一條件滿足 — 待確認  進場區：$163.4 ~ $166.7  止損：$159.3
10:12:53  INFO    [美] GEV          GE Vernova   $    898.57  +0.42% 三線多頭
10:12:53  INFO             買入點：— 目前無買入信號  進場區：$772.6 ~ $788.2  止損：$753.2
10:12:54  INFO    [台] 2330.TW      台積電          $  1,810.00  -2.43% 多空分歧
10:12:54  INFO             買入點：🎯 一條件滿足 — 待確認  進場區：$1,750.5 ~ $1,785.7  止損：$1,707.2
10:12:55  INFO    [美] AMD          AMD          $    217.50  +3.47% 多空分歧
10:12:55  INFO             買入點：— 目前無買入信號  進場區：$187.6 ~ $191.4  止損：$183.3
10:12:55  INFO    [美] TSM          台積電ADR       $    339.04  -0.72% 多空分歧
10:12:55  INFO             買入點：🎯 一條件滿足 — 待確認  進場區：$312.2 ~ $318.5  止損：$304.4
10:12:56  INFO    [台] 2317.TW      鴻海           $    193.00  -2.03% 三線空頭
10:12:56  INFO             買入點：🎯 一條件滿足 — 待確認  進場區：$184.3 ~ $188.0  止損：$181.9
10:12:57  INFO    [台] 2530.TW      華建           $     24.05  -3.41% 三線空頭
10:12:57  INFO             買入點：🎯 一條件滿足 — 待確認  進場區：$23.8 ~ $24.3  止損：$23.2
10:12:58  INFO    [美] MU           美光           $    366.24  -0.44% 多空分歧
10:12:58  INFO             買入點：🎯 一條件滿足 — 待確認  進場區：$309.9 ~ $316.2  止損：$302.1
10:12:59  INFO    [美] LRCX         科林研發         $    218.44  -1.61% 三線多頭
10:12:59  INFO             買入點：🎯 一條件滿足 — 待確認  進場區：$193.1 ~ $197.0  止損：$188.3
10:13:00  INFO    [台] 00631L.TW    元大台灣50正2     $     20.00  -4.76% 偏空
10:13:00  INFO             買入點：🎯 一條件滿足 — 待確認  進場區：$-191.0 ~ $-194.8  止損：$18.5
10:13:00  INFO    [台] 00910.TW     第一金太空衛星      $     58.20  +1.31% 多空分歧
10:13:00  INFO             買入點：— 目前無買入信號  進場區：$52.1 ~ $53.1  止損：$50.8
10:13:01  INFO    [台] 2308.TW      台達電          $  1,430.00  -3.05% 多空分歧
10:13:01  INFO             買入點：🎯 一條件滿足 — 待確認  進場區：$1,189.0 ~ $1,212.9  止損：$1,159.1
10:13:02  INFO    ⏰ 10:xx 外資 16:30 後更新
10:13:02  INFO    ✅ 股票 20 筆
10:13:02  INFO  
③ 🌟  生活熱門趨勢
10:13:02  INFO    📊 Google Trends 台灣（生活/食衣住行）...
10:13:02  INFO    [食品飲料] 熱度:16 動能:+35% 最熱關鍵字：美食 🔥🔥🔥
10:13:05  INFO    [服飾美妝] 熱度:40 動能:+2% 最熱關鍵字：穿搭 🔥
10:13:07  INFO    [居家生活] 熱度:40 動能:+28% 最熱關鍵字：家具 🔥🔥🔥
10:13:10  INFO    [娛樂3C] 熱度:38 動能:-3% 最熱關鍵字：手機 ❄️
10:13:12  INFO    [健康運動] 熱度:26 動能:-2% 最熱關鍵字：健身 ❄️
10:13:15  INFO    [旅遊交通] 熱度:26 動能:+0% 最熱關鍵字：機票 🔥
10:13:17  INFO    💬 Dcard 熱門...
10:13:17  WARNING      ⚠️  www.dcard.tw → 403 Client Error: Forbidden for url: https://www.dcard.tw/f/trending
10:13:17  INFO    📋 PTT 熱門...
10:13:17  WARNING      ⚠️  www.ptt.cc → ('Connection aborted.', ConnectionResetError(104, 'Connection reset by peer'))
10:13:18  INFO    [PTT/Stock] [2] Re: [請益] 大家還想看到什麼被動型台股ETF
10:13:18  INFO    [PTT/Stock] [82] [新聞] DDR5價格崩盤 黃牛套牢
10:13:18  INFO    [PTT/Stock] [45] [新聞] 詳訊：高市稱正在協調與美伊分別舉行首腦
10:13:18  INFO    [PTT/Stock] [25] Re: [新聞] 川普要求重啟荷姆茲海峽 最後通牒美東4/7
10:13:18  INFO    [PTT/Stock] [爆] [新聞] Axios：美國伊朗等多方擬停火45天 續談永久終戰協議
10:13:19  INFO    [PTT/beauty] [] [正妹] 窗邊
10:13:19  INFO    [PTT/beauty] [5] [正妹] 烏克蘭
10:13:19  INFO    [PTT/beauty] [93] [公告] 不願上表特 ＆ 優文推薦 ＆ 檢舉建議專區
10:13:19  INFO    [PTT/beauty] [1] [公告] 口罩文會退文
10:13:19  INFO    [PTT/beauty] [] [公告] 表特板板規(2022.10.22)
10:13:20  INFO    [PTT/movie] [] [好雷] 抓馬戀人
10:13:20  INFO    [PTT/movie] [] [公告] 電影板板規 2025/10/26
10:13:20  INFO    [PTT/movie] [X1] [公告] 政治電影新聞張貼規範
10:13:21  INFO    [PTT/food] [] [食記] 伊娜飛魚餐廳 花蓮豐濱 飛魚卵香腸燻飛魚
10:13:21  INFO    [PTT/food] [] [食記] 台北 祥星記一鴨三吃 好吃燒臘便當店
10:13:21  INFO    [PTT/food] [] [公告] Food板 板規 V3.91
10:13:21  INFO    [PTT/food] [18] [公告] 發文請在標題加上地區及提供地址電話。^^
10:13:21  INFO    [PTT/food] [] [公告] 文章被刪除者請洽精華區的資源回收桶
10:13:21  INFO    📺 YouTube 台灣熱門...
10:13:21  INFO    🎵 TikTok...
10:13:22  INFO    [TikTok] #1 #easter
10:13:22  INFO    🛍️  Shopee 台灣熱銷...
10:13:26  INFO    💬 Reddit 熱賣（本週）...
10:13:26  INFO    ✅ 生活趨勢完成
10:13:26  INFO  
④ 📰  消息面
10:13:26  INFO    [🇹🇼 台灣] 阻美營救F-15E飛官伊朗4軍官陣亡! 以特種部隊「翠鳥」傳也加入營救| 國際
10:13:26  INFO    [🇹🇼 台灣] Axios：美國伊朗等多方擬停火45天續談永久終戰協議| 國際
10:13:26  INFO    [🇹🇼 台灣] 內鬥浮上檯面！曾姸潔曬對話揭李貞秀痛罵高虹安「民眾黨的罪人」
10:13:26  INFO    [🇹🇼 台灣] 快訊／8縣市大雨特報！影響範圍、時間曝光
10:13:26  INFO    [🇹🇼 台灣] 高雄春捲中毒案被害人暴增至134人 業者涉隱匿內容物移送地檢署偵辦
10:13:26  INFO    [🇹🇼 台灣] 鄭麗文明訪陸！早年回雲南祭祖相片曝光 彝族背景引熱議
10:13:27  INFO    [🇯🇵 日本] 川普用禁用字眼對伊朗發出強烈威脅，設定開放霍爾木茲海峽的最後期限為7日晚
10:13:28  INFO    [🇯🇵 日本] 商船三井Lines的第三艘液化石油氣運輸船通過霍爾木茲海峽
10:13:30  INFO    [🇯🇵 日本] 批評川普的宗教言論“拯救美國士兵是復活節奇蹟”
10:13:31  INFO    [🇯🇵 日本] 一名80多歲的女性因保險卡被盜用的特殊騙局而損失12億日元，她自證清白。
10:13:32  INFO    [🇯🇵 日本] 高市首相稱願意與伊朗領導人通話「準備工作正在進行中」…自民黨提議7日就預算法案進行投票
10:13:33  INFO    [🇯🇵 日本] 大河原家人誣告「法官的決定非法」提起訴訟，儘管患有癌症卻被拒絕保釋
10:13:35  INFO    [🇰🇷 韓國] “45일 휴전 합의 후 종전 논의... 美·이란, 2단계 중재안 수령”
10:13:36  INFO    [🇰🇷 韓國] [突發新聞] 法務部長官因「涉嫌安撫言論」而停職檢察官樸相龍
10:13:36  INFO    [🇰🇷 韓國] [獨家]李總統：“向伊朗提供人道主義援助，並考慮如何拆除船隻。”
10:13:37  INFO    [🇰🇷 韓國] “川普的戰爭”，對戰爭罪行的公然警告，拋棄了規範和道德
10:13:38  INFO    [🇰🇷 韓國] 李陣淑「黨搭火車離開北韓」…大邱市長選舉四輪角逐進入倒數計時？
10:13:40  INFO    [🇰🇷 韓國] 尹錫烈因「妨礙逮捕令執行」上訴...特別檢察官尋求10年監禁
10:13:40  INFO    [🇺🇸 美國] Trump threatens Iran with a new deadline: What we know about the war, now in its 6th week
10:13:40  INFO    [🇺🇸 美國] Exclusive: Trump says U.S. feared Iran trap during F-15 crew rescue
10:13:40  INFO    [🇺🇸 美國] Artemis II arrives in lunar space ahead of its trip around the Moon
10:13:40  INFO    [🇺🇸 美國] ‘Choose peace,’ Pope Leo implores world leaders in first Easter address
10:13:40  INFO    [🇺🇸 美國] Peace out, Pam
10:13:40  INFO    [🇺🇸 美國] Iran Update Special Report, April 4, 2026
10:13:53  INFO  
🖥️  產生 HTML 報告...
10:13:53  INFO  
✅  HTML：報告_20260406_1013.html
10:13:53  INFO  ✅  CSV：機會分析_20260406_1013.csv
10:13:53  INFO  📝  Log：logs/scan_20260406_101242.log
