23:30:21  INFO  ======================================================================
23:30:21  INFO  🔥  每日機會分析系統 v10
23:30:21  INFO  📅  2026-03-25 23:30
23:30:21  INFO  ======================================================================
23:30:21  INFO  
① 🌕  CRYPTO
23:30:22  ERROR    BTC-USD: float() argument must be a string or a real number, not 'Series'
23:30:23  ERROR    ETH-USD: float() argument must be a string or a real number, not 'Series'
23:30:23  ERROR    SOL-USD: float() argument must be a string or a real number, not 'Series'
23:30:24  ERROR    BNB-USD: float() argument must be a string or a real number, not 'Series'
23:30:24  ERROR    XRP-USD: float() argument must be a string or a real number, not 'Series'
23:30:25  INFO    ✅ Crypto 0 筆
23:30:25  INFO  
② 📈  股票
23:30:25  INFO    [台] 3293.TWO     鈊象電子         $    749.00  +1.90% 多空分歧
23:30:25  INFO             買入點：— 目前無買入信號  進場區：$666.6 ~ $680.0  止損：$649.9
23:30:26  INFO    [台] 00909.TW     國泰智能電動車ETF   $     39.64  +0.84% 多空分歧
23:30:26  INFO             買入點：— 目前無買入信號  進場區：$36.2 ~ $36.9  止損：$35.3
23:30:27  INFO    [台] 0056.TW      元大高股息        $     38.58  +1.42% 多空分歧
23:30:27  INFO             買入點：🎯 一條件滿足 — 待確認  進場區：$36.3 ~ $37.0  止損：$35.4
23:30:28  INFO    [台] 6111.TWO     6111擎亞       $     42.50  +0.95% 偏空
23:30:28  INFO             買入點：🎯 一條件滿足 — 待確認  進場區：$40.8 ~ $41.6  止損：$39.8
23:30:29  INFO    [台] 00878.TW     國泰永續高股息      $     22.44  +1.63% 多空分歧
23:30:29  INFO             買入點：🎯 一條件滿足 — 待確認  進場區：$21.2 ~ $21.6  止損：$20.6
23:30:30  INFO    [台] 3017.TW      奇鋐           $  2,100.00  +7.97% 三線多頭
23:30:30  INFO             買入點：— 目前無買入信號  進場區：$1,552.2 ~ $1,583.4  止損：$1,513.2
23:30:31  INFO    [台] 00713.TW     元大高息低波       $     51.85  +0.97% 多空分歧
23:30:31  INFO             買入點：🎯 一條件滿足 — 待確認  進場區：$49.8 ~ $50.8  止損：$48.6
23:30:32  INFO    [台] 00919.TW     群益台灣精選高息     $     22.85  +1.96% 多空分歧
23:30:32  INFO             買入點：🎯 一條件滿足 — 待確認  進場區：$21.7 ~ $22.2  止損：$21.2
23:30:33  INFO    [美] NVDA         NVIDIA       $    178.68  +1.99% 偏空
23:30:33  INFO             買入點：🎯 一條件滿足 — 待確認  進場區：$170.9 ~ $174.3  止損：$166.6
23:30:34  INFO    [美] GEV          GE Vernova   $    923.69  +1.57% 三線多頭
23:30:34  INFO             買入點：— 目前無買入信號  進場區：$772.6 ~ $788.2  止損：$753.2
23:30:35  INFO    [台] 2330.TW      台積電          $  1,845.00  +1.93% 多空分歧
23:30:35  INFO             買入點：🎯 一條件滿足 — 待確認  進場區：$1,754.8 ~ $1,790.1  止損：$1,711.3
23:30:36  INFO    [美] AMD          AMD          $    220.27  +7.26% 多空分歧
23:30:36  INFO             買入點：— 目前無買入信號  進場區：$187.3 ~ $191.0  止損：$182.6
23:30:37  INFO    [美] TSM          台積電ADR       $    347.75  +1.31% 多空分歧
23:30:37  INFO             買入點：🎯 一條件滿足 — 待確認  進場區：$321.1 ~ $327.5  止損：$315.4
23:30:38  INFO    [台] 2317.TW      鴻海           $    200.00  +2.56% 三線空頭
23:30:38  INFO             買入點：🎯 一條件滿足 — 待確認  進場區：$186.4 ~ $190.2  止損：$188.2
23:30:39  INFO    [台] 2530.TW      華建           $     25.10  +0.20% 多空分歧
23:30:39  INFO             買入點：🎯 一條件滿足 — 待確認  進場區：$24.1 ~ $24.6  止損：$23.8
23:30:40  INFO    [美] MU           美光           $    382.09  -3.40% 多空分歧
23:30:40  INFO             買入點：🎯 一條件滿足 — 待確認  進場區：$355.9 ~ $363.0  止損：$346.9
23:30:41  INFO    [美] LRCX         科林研發         $    233.45  -2.26% 偏多
23:30:41  INFO             買入點：— 目前無買入信號  進場區：$193.1 ~ $197.0  止損：$188.3
23:30:42  INFO    [台] 00631L.TW    元大台灣50正2     $    443.15  +0.08% 多空分歧
23:30:42  INFO             買入點：🎯 一條件滿足 — 待確認  進場區：$414.4 ~ $422.7  止損：$404.0
23:30:43  INFO    [台] 00910.TW     第一金太空衛星      $     58.60  +1.12% 偏多
23:30:43  INFO             買入點：— 目前無買入信號  進場區：$52.1 ~ $53.1  止損：$50.8
23:30:44  INFO    [台] 2308.TW      台達電          $  1,550.00  +9.54% 偏多
23:30:44  INFO             買入點：🎯 一條件滿足 — 待確認  進場區：$1,189.0 ~ $1,212.9  止損：$1,159.1
23:30:47  INFO    ✅ 股票 20 筆
23:30:47  INFO  
③ 🌟  生活熱門趨勢
23:30:47  INFO    📊 Google Trends 台灣（生活/食衣住行）...
23:30:48  INFO    [食品飲料] 熱度:7 動能:-29% 最熱關鍵字：美食 ❄️
23:30:50  INFO    [服飾美妝] 熱度:29 動能:-6% 最熱關鍵字：穿搭 ❄️
23:30:53  INFO    [居家生活] 熱度:14 動能:-36% 最熱關鍵字：家具 ❄️
23:30:55  INFO    [娛樂3C] 熱度:37 動能:-1% 最熱關鍵字：手機 ❄️
23:30:58  INFO    [健康運動] 熱度:35 動能:+0% 最熱關鍵字：健身 🔥
23:31:00  INFO    [旅遊交通] 熱度:22 動能:-19% 最熱關鍵字：機票 ❄️
23:31:02  INFO    💬 Dcard 熱門...
23:31:02  WARNING      ⚠️  www.dcard.tw → 403 Client Error: Forbidden for url: https://www.dcard.tw/f/trending
23:31:02  INFO    📋 PTT 熱門...
23:31:03  WARNING      ⚠️  www.ptt.cc → ('Connection aborted.', ConnectionResetError(104, 'Connection reset by peer'))
23:31:05  INFO    [PTT/Stock] [88] [新聞] 美眾院議長：對伊朗「史詩憤怒行動」已進
23:31:05  INFO    [PTT/Stock] [24] [新聞] 台積電美國新廠動工前「訂單已滿排至2027
23:31:05  INFO    [PTT/Stock] [6] Re: [新聞] 美日韓大咖來了！南亞科787億私募　Sandisk、海力士入列
23:31:05  INFO    [PTT/Stock] [5] [新聞] 緯穎第二次海外無擔保可轉換公司債完成訂
23:31:06  INFO    [PTT/beauty] [2] [正妹] 姊妹合照, 不相上下
23:31:06  INFO    [PTT/beauty] [] [正妹] 小雲
23:31:06  INFO    [PTT/beauty] [] [正妹] 飛飛
23:31:06  INFO    [PTT/beauty] [2] [正妹] 希美
23:31:07  INFO    [PTT/movie] [3] [討論] 極限返航的外星人問題（有雷）
23:31:07  INFO    [PTT/movie] [4] [新聞] 千黛亞和湯姆霍蘭德聊<抓馬戀人>戲內老公
23:31:07  INFO    [PTT/movie] [1] [情報] 王者天下5 秦軍核心七人卡司公開
23:31:07  INFO    [PTT/movie] [] [問片] 找一部男主是高中生去城裡讀大學
23:31:08  INFO    [PTT/food] [] [食記] 台北士林區 Subber潛艇堡
23:31:08  INFO    [PTT/food] [] [食記] 宜蘭羅東白橡｜WhiteOak│路過的美味甜點
23:31:08  INFO    [PTT/food] [] [食記] 日本 旭川成吉思汗大黑屋 無腥味羔羊炙烤
23:31:08  INFO    [PTT/food] [] [食記] 劉家蝦公粄 屏東內埔 酥脆九層塔香蝦公粄
23:31:08  INFO    [PTT/food] [] [食記] 香港 HashtagB 超酥脆蛋撻大推開心果口味
23:31:08  INFO    📺 YouTube 台灣熱門...
23:31:09  INFO    🎵 TikTok...
23:31:10  INFO    [TikTok] #1 #sparemomentslive
23:31:10  INFO    🛍️  Shopee 台灣熱銷...
23:31:13  INFO    💬 Reddit 熱賣（本週）...
23:31:14  INFO    ✅ 生活趨勢完成
23:31:14  INFO  
④ 📰  消息面
23:31:15  INFO    [🇹🇼 台灣] 川普高喊「贏了」! 稱伊朗已「政權更迭」想和談 還送「價值連城大禮」
23:31:15  INFO    [🇹🇼 台灣] 荷莫茲海峽有限開放！伊朗正式宣布：滿足「3條件」可安全通行
23:31:15  INFO    [🇹🇼 台灣] 柯文哲一審將宣判！柯文哲案怎麼發生的？為何北檢求刑28年6個月？藍綠白怎麼說？【Yahoo議點通】
23:31:15  INFO    [🇹🇼 台灣] 物流司機愛聽中獎音效 花350元包牌中頭獎1.1億
23:31:15  INFO    [🇹🇼 台灣] 蕭旭岑暗示馬英九失智？　周玉蔻提關鍵人物：金溥聰大動作必有她力挺
23:31:15  INFO    [🇹🇼 台灣] 乳癌、大腸癌是吃出來的！醫晚餐改「1抗癌食物」：能抗發炎
23:31:17  INFO    [🇯🇵 日本] 美國警告伊朗除非接受失敗否則將遭受“嚴厲攻擊”
23:31:18  INFO    [🇯🇵 日本] 亞洲原油供應危機加深；菲律賓宣布進入緊急狀態
23:31:19  INFO    [🇯🇵 日本] 沖繩縣警察向涉嫌爆炸成田飛機的基地組織高層發送文件...伊拉克國民在美國被監禁
23:31:22  INFO    [🇯🇵 日本] 【突發新聞】大阪市熊取鎮一所中小學因學校午餐麵包引發諾羅病毒大規模食物中毒 633人投訴腹瀉、嘔吐
23:31:23  INFO    [🇯🇵 日本] 每週天氣預報 週末是賞櫻的好日子，但溫暖的春季天氣加速了賞櫻高峰。
23:31:25  INFO    [🇯🇵 日本] 大阪野鹿事件後吉村知事不放心：“為鹿創造安全的棲息地”
23:31:26  INFO    [🇰🇷 韓國] 白宮：“如果伊朗不承認失敗，這將是更大的打擊……準備好發動地獄”
23:31:26  INFO    [🇰🇷 韓國] 股票大受歡迎……李世雄賺了542億韓元，李章亨賺了42億韓元，高東鎮賺了35億韓元。
23:31:28  INFO    [🇰🇷 韓國] 當塑膠危機來臨時，排放垃圾的替代方案有很多…你不必「囤積」即用即付的袋子
23:31:28  INFO    [🇰🇷 韓國] 與跨國犯罪特別工作小組合作，「毒梟」從菲律賓暫時引渡回韓國
23:31:28  INFO    [🇰🇷 韓國] 【梁尚勳專欄】李健熙的「叛徒」憤怒與韓國國防工業的命運
23:31:31  INFO    [🇰🇷 韓國] 「馬英浦上方，距監獄1公里」…日本報紙首次披露安重根遺骸所在地線索
23:31:31  INFO    [🇺🇸 美國] Trump Says He’s Talking With Iran. Iran Says He’s Not. Here’s Why.
23:31:31  INFO    [🇺🇸 美國] Trump accused of showing classified map to passengers on private flight
23:31:31  INFO    [🇺🇸 美國] Trump admin pitches 15-point Iran peace proposal as Pakistan offers to hold talks
23:31:31  INFO    [🇺🇸 美國] Iran building up defenses of Kharg Island to protect against potential US ground attack, sources say
23:31:31  INFO    [🇺🇸 美國] Travelers are facing the longest TSA wait times in history
23:31:31  INFO    [🇺🇸 美國] Another appeals court backs Trump administration’s mass detention policy
23:31:45  INFO  
🖥️  產生 HTML 報告...
23:31:45  INFO  
✅  HTML：報告_20260325_2331.html
23:31:45  INFO  ✅  CSV：機會分析_20260325_2331.csv
23:31:45  INFO  📝  Log：logs/scan_20260325_233021.log
