17:32:34  INFO  ======================================================================
17:32:34  INFO  🔥  每日機會分析系統 v10
17:32:34  INFO  📅  2026-04-21 17:32
17:32:34  INFO  ======================================================================
17:32:34  INFO  
① 🌕  CRYPTO
17:32:35  ERROR    BTC-USD: float() argument must be a string or a real number, not 'Series'
17:32:35  ERROR    ETH-USD: float() argument must be a string or a real number, not 'Series'
17:32:36  ERROR    SOL-USD: float() argument must be a string or a real number, not 'Series'
17:32:36  ERROR    BNB-USD: float() argument must be a string or a real number, not 'Series'
17:32:37  ERROR    XRP-USD: float() argument must be a string or a real number, not 'Series'
17:32:37  INFO    ✅ Crypto 0 筆
17:32:37  INFO  
② 📈  股票
17:32:38  INFO    [台] 3293.TWO     鈊象電子         $       nan   +nan% 三線多頭
17:32:38  INFO             買入點：— 目前無買入信號  進場區：$719.4 ~ $733.8  止損：$701.3
17:32:39  INFO    [台] 00909.TW     國泰智能電動車ETF   $       nan   +nan% 多空分歧
17:32:39  INFO             買入點：— 目前無買入信號  進場區：$32.9 ~ $33.5  止損：$32.1
17:32:40  INFO    [台] 0056.TW      元大高股息        $       nan   +nan% 三線多頭
17:32:40  INFO             買入點：— 目前無買入信號  進場區：$36.9 ~ $37.6  止損：$35.9
17:32:40  INFO    [台] 6111.TWO     6111擎亞       $       nan   +nan% 多空分歧
17:32:40  INFO             買入點：— 目前無買入信號  進場區：$39.7 ~ $40.5  止損：$38.7
17:32:41  INFO    [台] 00878.TW     國泰永續高股息      $       nan   +nan% 三線多頭
17:32:41  INFO             買入點：— 目前無買入信號  進場區：$21.7 ~ $22.1  止損：$21.1
17:32:42  INFO    [台] 3017.TW      奇鋐           $       nan   +nan% 三線多頭
17:32:42  INFO             買入點：— 目前無買入信號  進場區：$1,905.4 ~ $1,943.7  止損：$1,857.5
17:32:43  INFO    [台] 00713.TW     元大高息低波       $       nan   +nan% 三線多頭
17:32:43  INFO             買入點：— 目前無買入信號  進場區：$50.4 ~ $51.4  止損：$49.1
17:32:44  INFO    [台] 00919.TW     群益台灣精選高息     $       nan   +nan% 三線多頭
17:32:44  INFO             買入點：— 目前無買入信號  進場區：$21.9 ~ $22.3  止損：$21.3
17:32:45  INFO    [美] NVDA         NVIDIA       $    199.63  -1.20% 多空分歧
17:32:45  INFO             買入點：— 目前無買入信號  進場區：$159.5 ~ $162.7  止損：$159.3
17:32:45  INFO    [美] GEV          GE Vernova   $    993.48  +0.33% 三線多頭
17:32:45  INFO             買入點：— 目前無買入信號  進場區：$803.0 ~ $819.1  止損：$782.8
17:32:46  INFO    [台] 2330.TW      台積電          $       nan   +nan% 多空分歧
17:32:46  INFO             買入點：— 目前無買入信號  進場區：$1,751.2 ~ $1,786.4  止損：$1,707.2
17:32:47  INFO    [美] AMD          AMD          $    281.85  +2.51% 三線多頭
17:32:47  INFO             買入點：— 目前無買入信號  進場區：$175.9 ~ $179.5  止損：$187.1
17:32:48  INFO    [美] TSM          台積電ADR       $    366.18  -0.02% 多空分歧
17:32:48  INFO             買入點：— 目前無買入信號  進場區：$312.2 ~ $318.5  止損：$304.4
17:32:49  INFO    [台] 2317.TW      鴻海           $       nan   +nan% 多空分歧
17:32:49  INFO             買入點：— 目前無買入信號  進場區：$186.6 ~ $190.3  止損：$181.9
17:32:50  INFO    [台] 2530.TW      華建           $       nan   +nan% 三線空頭
17:32:50  INFO             買入點：— 目前無買入信號  進場區：$22.1 ~ $22.5  止損：$21.5
17:32:51  INFO    [美] MU           美光           $    450.54  +0.47% 多空分歧
17:32:51  INFO             買入點：— 目前無買入信號  進場區：$309.9 ~ $316.2  止損：$302.1
17:32:52  INFO    [美] LRCX         科林研發         $    260.37  -1.06% 多空分歧
17:32:52  INFO             買入點：— 目前無買入信號  進場區：$192.2 ~ $196.0  止損：$192.6
17:32:52  INFO    [台] 00631L.TW    元大台灣50正2     $       nan   +nan% 多空分歧
17:32:52  INFO             買入點：— 目前無買入信號  進場區：$19.0 ~ $19.4  止損：$18.5
17:32:53  INFO    [台] 00910.TW     第一金太空衛星      $       nan   +nan% 三線多頭
17:32:53  INFO             買入點：— 目前無買入信號  進場區：$54.2 ~ $55.3  止損：$52.9
17:32:54  INFO    [台] 2308.TW      台達電          $       nan   +nan% 三線多頭
17:32:54  INFO             買入點：— 目前無買入信號  進場區：$1,358.2 ~ $1,385.5  止損：$1,324.0
17:32:57  INFO    ✅ 股票 20 筆
17:32:57  INFO  
③ 🌟  生活熱門趨勢
17:32:57  INFO    📊 Google Trends 台灣（生活/食衣住行）...
17:32:58  INFO    [食品飲料] 熱度:8 動能:-28% 最熱關鍵字：美食 ❄️
17:33:01  INFO    [服飾美妝] 熱度:37 動能:+9% 最熱關鍵字：防曬 🔥🔥
17:33:04  INFO    [居家生活] 熱度:27 動能:-18% 最熱關鍵字：家具 ❄️
17:33:06  INFO    [娛樂3C] 熱度:36 動能:-6% 最熱關鍵字：手機 ❄️
17:33:08  WARNING    [健康運動] The request failed: Google returned a response with code 429
17:33:12  WARNING    [旅遊交通] The request failed: Google returned a response with code 429
17:33:15  INFO    💬 Dcard 熱門...
17:33:15  WARNING      ⚠️  www.dcard.tw → 403 Client Error: Forbidden for url: https://www.dcard.tw/f/trending
17:33:15  INFO    📋 PTT 熱門...
17:33:16  WARNING      ⚠️  www.ptt.cc → ('Connection aborted.', ConnectionResetError(104, 'Connection reset by peer'))
17:33:16  INFO    [PTT/Stock] [14] Re: [請益] 這波是不是股齡越老的越想空？
17:33:16  INFO    [PTT/Stock] [22] [新聞] 大摩點名傳統記憶體有不對稱風險，南亞
17:33:16  INFO    [PTT/Stock] [12] Re: [請益] 這波是不是股齡越老的越想空？
17:33:16  INFO    [PTT/Stock] [43] [情報] 115年04月21日信用交易統計
17:33:17  INFO    [PTT/beauty] [2] [正妹] Uni-Girls 練習生 沐沐 自製表情包
17:33:17  INFO    [PTT/beauty] [] [正妹] 清純銀行實習生下面淫水狂噴幹
17:33:17  INFO    [PTT/beauty] [94] [公告] 不願上表特 ＆ 優文推薦 ＆ 檢舉建議專區
17:33:17  INFO    [PTT/beauty] [2] [公告] 口罩文會退文
17:33:17  INFO    [PTT/beauty] [] [公告] 表特板板規(2022.10.22)
17:33:19  INFO    [PTT/movie] [15] [討論] 《麥可傑克森》爛番茄 27%
17:33:19  INFO    [PTT/movie] [] [新聞]《穿著PRADA的惡魔2》紐約首映！女神卡卡
17:33:19  INFO    [PTT/movie] [1] [普雷]《愛·死·療養院》，永遠在一起。
17:33:19  INFO    [PTT/movie] [9] [討論]妮可基嫚珊卓布拉克《超異能快感2》預告！
17:33:19  INFO    [PTT/movie] [5] [新聞]64歲劉德華少年感爆表！網驚帥了一輩子！
17:33:20  INFO    [PTT/food] [] [食記] 韓國首爾弘大花蟹世界
17:33:20  INFO    [PTT/food] [] [食記] 手打神代蕎麥 日本島根 三彩十割蕎麥麵
17:33:20  INFO    [PTT/food] [] [食記] 美國-華盛頓特區| Ben's Chili Bowl
17:33:20  INFO    [PTT/food] [] [食記] 茨城 四〇屋 水戶車站旁的必嘗痛風鍋
17:33:20  INFO    [PTT/food] [1] [食記]首爾明洞 庭院嫩豆腐鍋
17:33:20  INFO    📺 YouTube 台灣熱門...
17:33:20  INFO    🎵 TikTok...
17:33:21  INFO    [TikTok] #1 #justinbieber
17:33:21  INFO    🛍️  Shopee 台灣熱銷...
17:33:25  INFO    💬 Reddit 熱賣（本週）...
17:33:25  INFO    ✅ 生活趨勢完成
17:33:25  INFO  
④ 📰  消息面
17:33:25  INFO    [🇹🇼 台灣] 賴清德訪史瓦帝尼受阻總統府：中國強力施壓3國取消飛航許可| 政治
17:33:25  INFO    [🇹🇼 台灣] 川普：美國獲取伊朗濃縮鈾 將會漫長且艱難
17:33:25  INFO    [🇹🇼 台灣] 李乾龍追蹤器案升溫！黑金組出手偵辦 律師：恐從被害人變被告？
17:33:25  INFO    [🇹🇼 台灣] 春雨鋒面逼近 專家指這3天全台雷雨 中南部恐較大雨勢
17:33:25  INFO    [🇹🇼 台灣] 柯文哲吸辣椒水搞烏龍 民眾黨這人先道歉了
17:33:25  INFO    [🇹🇼 台灣] 「發芽馬鈴薯絕不會進入市場」　卓榮泰：會整櫃拿出來檢查每一顆
17:33:26  INFO    [🇯🇵 日本] 川普否認延長與伊朗的停火，表示如果達不成協議，他將恢復攻擊
17:33:27  INFO    [🇯🇵 日本] 射擊訓練期間，坦克上的砲彈破裂，造成四名陸上自衛隊傷亡 - 大分縣
17:33:31  INFO    [🇯🇵 日本] 日本首相高市「防止衝突」取消「5類」國防裝備轉讓，原則上允許武器出口
17:33:31  INFO    [🇯🇵 日本] 重審審查、原則上禁止起訴上訴 每五年審查一次 政府提案摘要公佈
17:33:33  INFO    [🇯🇵 日本] 美軍扣押的這艘貨船可能在伊朗和中國之間往返運輸軍用和民用貨物……事實表明，中國支持進行戰爭的能力。
17:33:34  INFO    [🇯🇵 日本] 「全家人都反對這門婚事」養父假裝是「關心家庭」，卻從第一天開始「分崩離析」…被蒙面警車跟蹤時表現得像個猴子【京都小學6廢棄…被捕一週後】（集英社在線）
17:33:36  INFO    [🇰🇷 韓國] 川普：“最終，我們將達成一項偉大協議……如果我們達不成協議，我們就會轟炸”
17:33:37  INFO    [🇰🇷 韓國] 「我的便當不見了」去便利商店後我很「尷尬」......發生了什麼事[Issue+]
17:33:39  INFO    [🇰🇷 韓國] 美國軍方扣押與伊朗有關的船隻...擴大對印度洋的封鎖
17:33:39  INFO    [🇰🇷 韓國] 特種部隊爭議中…吳世勳“不要沉默”VS鄭元吳“保護一棟實際居住的房子”
17:33:41  INFO    [🇰🇷 韓國] 用張東赫的話來說，「讓我們多留在美國吧」……國家權力訪美中出現了衝突。
17:33:41  INFO    [🇰🇷 韓國] 結束對印度的訪問後，李明博總統22日與越南國家主席​​舉行會談。
17:33:42  INFO    [🇺🇸 美國] Trump threatens more US strikes in Iran as ceasefire deadline looms
17:33:42  INFO    [🇺🇸 美國] Vance's Pakistan trip on hold as Iran refuses to commit to peace talks
17:33:42  INFO    [🇺🇸 美國] Gunman at Mexico's Teotihuacán pyramids kills Canadian woman, injures others
17:33:42  INFO    [🇺🇸 美國] Sen. Chris Murphy applauds Iranian ships against U.S. Navy
17:33:42  INFO    [🇺🇸 美國] Tucker Carlson says he regrets backing Donald Trump and is ‘tormented by it’
17:33:42  INFO    [🇺🇸 美國] 2 Americans Killed in Mexico Crash Were C.I.A. Members
17:33:59  INFO  
🖥️  產生 HTML 報告...
17:33:59  INFO  
✅  HTML：報告_20260421_1733.html
17:33:59  INFO  ✅  CSV：機會分析_20260421_1733.csv
17:33:59  INFO  📝  Log：logs/scan_20260421_173234.log
