23:35:35  INFO  ======================================================================
23:35:35  INFO  🔥  每日機會分析系統 v10
23:35:35  INFO  📅  2026-04-17 23:35
23:35:35  INFO  ======================================================================
23:35:35  INFO  
① 🌕  CRYPTO
23:35:35  ERROR    BTC-USD: float() argument must be a string or a real number, not 'Series'
23:35:36  ERROR    ETH-USD: float() argument must be a string or a real number, not 'Series'
23:35:37  ERROR    SOL-USD: float() argument must be a string or a real number, not 'Series'
23:35:37  ERROR    BNB-USD: float() argument must be a string or a real number, not 'Series'
23:35:38  ERROR    XRP-USD: float() argument must be a string or a real number, not 'Series'
23:35:38  INFO    ✅ Crypto 0 筆
23:35:38  INFO  
② 📈  股票
23:35:39  INFO    [台] 3293.TWO     鈊象電子         $    775.00  +0.91% 偏多
23:35:39  INFO             買入點：— 目前無買入信號  進場區：$719.4 ~ $733.8  止損：$701.3
23:35:40  INFO    [台] 00909.TW     國泰智能電動車ETF   $       nan   +nan% 多空分歧
23:35:40  INFO             買入點：— 目前無買入信號  進場區：$35.1 ~ $35.8  止損：$34.2
23:35:41  INFO    [台] 0056.TW      元大高股息        $       nan   +nan% 三線多頭
23:35:41  INFO             買入點：— 目前無買入信號  進場區：$36.9 ~ $37.6  止損：$35.9
23:35:41  INFO    [台] 6111.TWO     6111擎亞       $     48.10  +1.80% 多空分歧
23:35:41  INFO             買入點：— 目前無買入信號  進場區：$39.7 ~ $40.5  止損：$38.7
23:35:43  INFO    [台] 00878.TW     國泰永續高股息      $       nan   +nan% 三線多頭
23:35:43  INFO             買入點：— 目前無買入信號  進場區：$21.7 ~ $22.1  止損：$21.1
23:35:44  INFO    [台] 3017.TW      奇鋐           $  2,400.00  -1.64% 三線多頭
23:35:44  INFO             買入點：— 目前無買入信號  進場區：$1,825.8 ~ $1,862.5  止損：$1,780.0
23:35:44  INFO    [台] 00713.TW     元大高息低波       $       nan   +nan% 三線多頭
23:35:44  INFO             買入點：— 目前無買入信號  進場區：$50.4 ~ $51.4  止損：$49.1
23:35:45  INFO    [台] 00919.TW     群益台灣精選高息     $       nan   +nan% 三線多頭
23:35:45  INFO             買入點：— 目前無買入信號  進場區：$21.9 ~ $22.3  止損：$21.3
23:35:46  INFO    [美] NVDA         NVIDIA       $    201.68  +1.68% 偏多
23:35:46  INFO             買入點：— 目前無買入信號  進場區：$159.2 ~ $162.4  止損：$159.3
23:35:47  INFO    [美] GEV          GE Vernova   $  1,002.75  +2.50% 偏多
23:35:47  INFO             買入點：— 目前無買入信號  進場區：$803.0 ~ $819.1  止損：$782.8
23:35:48  INFO    [台] 2330.TW      台積電          $  2,030.00  -2.64% 三線多頭
23:35:48  INFO             買入點：— 目前無買入信號  進場區：$1,681.4 ~ $1,715.2  止損：$1,707.2
23:35:49  INFO    [美] AMD          AMD          $    278.39  +0.05% 三線多頭
23:35:49  INFO             買入點：— 目前無買入信號  進場區：$174.0 ~ $177.5  止損：$187.1
23:35:50  INFO    [美] TSM          台積電ADR       $    370.50  +1.97% 多空分歧
23:35:50  INFO             買入點：— 目前無買入信號  進場區：$310.6 ~ $316.8  止損：$304.4
23:35:51  INFO    [台] 2317.TW      鴻海           $    206.00  -0.48% 多空分歧
23:35:51  INFO             買入點：— 目前無買入信號  進場區：$186.6 ~ $190.3  止損：$181.9
23:35:52  INFO    [台] 2530.TW      華建           $     22.60  -0.22% 三線空頭
23:35:52  INFO             買入點：🎯 一條件滿足 — 待確認  進場區：$22.0 ~ $22.5  止損：$21.8
23:35:53  INFO    [美] MU           美光           $    455.07  -0.47% 三線多頭
23:35:53  INFO             買入點：— 目前無買入信號  進場區：$309.9 ~ $316.2  止損：$302.1
23:35:54  INFO    [美] LRCX         科林研發         $    267.60  +2.54% 多空分歧
23:35:54  INFO             買入點：— 目前無買入信號  進場區：$191.0 ~ $194.8  止損：$192.6
23:35:54  INFO    [台] 00631L.TW    元大台灣50正2     $       nan   +nan% 多空分歧
23:35:54  INFO             買入點：— 目前無買入信號  進場區：$19.0 ~ $19.4  止損：$18.5
23:35:55  INFO    [台] 00910.TW     第一金太空衛星      $       nan   +nan% 三線多頭
23:35:55  INFO             買入點：— 目前無買入信號  進場區：$54.2 ~ $55.3  止損：$52.9
23:35:56  INFO    [台] 2308.TW      台達電          $  1,840.00  -0.27% 三線多頭
23:35:56  INFO             買入點：— 目前無買入信號  進場區：$1,267.1 ~ $1,292.5  止損：$1,324.0
23:35:59  INFO    ✅ 股票 20 筆
23:35:59  INFO  
③ 🌟  生活熱門趨勢
23:35:59  INFO    📊 Google Trends 台灣（生活/食衣住行）...
23:36:00  INFO    [食品飲料] 熱度:7 動能:-34% 最熱關鍵字：美食 ❄️
23:36:02  INFO    [服飾美妝] 熱度:30 動能:-6% 最熱關鍵字：防曬 ❄️
23:36:05  INFO    [居家生活] 熱度:26 動能:-24% 最熱關鍵字：家具 ❄️
23:36:07  INFO    [娛樂3C] 熱度:42 動能:+4% 最熱關鍵字：手機 🔥
23:36:10  INFO    [健康運動] 熱度:31 動能:-29% 最熱關鍵字：健身 ❄️
23:36:12  INFO    [旅遊交通] 熱度:28 動能:-13% 最熱關鍵字：機票 ❄️
23:36:14  INFO    💬 Dcard 熱門...
23:36:14  WARNING      ⚠️  www.dcard.tw → 403 Client Error: Forbidden for url: https://www.dcard.tw/f/trending
23:36:14  INFO    📋 PTT 熱門...
23:36:15  WARNING      ⚠️  www.ptt.cc → ('Connection aborted.', ConnectionResetError(104, 'Connection reset by peer'))
23:36:15  INFO    [PTT/Stock] [25] [情報] 2376 技嘉 114年股利
23:36:15  INFO    [PTT/Stock] [7] [情報] 3581 博磊 3月自結 0.06 目前連5漲停中
23:36:15  INFO    [PTT/Stock] [26] [新聞] 荷姆茲開放了！美股嗨翻 道瓊盤中狂飆逾1
23:36:15  INFO    [PTT/Stock] [47] [請益] 這波是反彈是回歸基本面嗎
23:36:16  INFO    [PTT/beauty] [] [正妹] 鈴木優香
23:36:16  INFO    [PTT/beauty] [1] [正妹] 彤羽
23:36:16  INFO    [PTT/beauty] [94] [公告] 不願上表特 ＆ 優文推薦 ＆ 檢舉建議專區
23:36:16  INFO    [PTT/beauty] [2] [公告] 口罩文會退文
23:36:16  INFO    [PTT/beauty] [] [公告] 表特板板規(2022.10.22)
23:36:17  INFO    [PTT/movie] [1] [新聞]諾蘭公開《奧德賽》最新片揭劇情細節！
23:36:17  INFO    [PTT/movie] [6] [新聞]《復仇者5》新預告：雷神大戰末日博士！
23:36:17  INFO    [PTT/movie] [3] [粉絲雷] 魅影巨星
23:36:17  INFO    [PTT/movie] [] [討論] 東方不敗之風雲再起-左膠多元覺醒武俠片
23:36:17  INFO    [PTT/movie] [] [好雷] 抓馬戀人
23:36:19  INFO    [PTT/food] [] [食記] 桃園市龍潭區。佟記蔥油餅
23:36:19  INFO    [PTT/food] [] [食記] 台北大安 水粵香10人桌招牌菜色開箱
23:36:19  INFO    [PTT/food] [1] [食記] 苗栗縣頭屋鄉-禪廚蔬食餐廳
23:36:19  INFO    [PTT/food] [] [食記] 新北市林口區。eat enjoy 意享美式廚房
23:36:19  INFO    📺 YouTube 台灣熱門...
23:36:19  INFO    🎵 TikTok...
23:36:20  INFO    [TikTok] #1 #realmadrid
23:36:20  INFO    🛍️  Shopee 台灣熱銷...
23:36:24  INFO    💬 Reddit 熱賣（本週）...
23:36:24  INFO    ✅ 生活趨勢完成
23:36:24  INFO  
④ 📰  消息面
23:36:24  INFO    [🇹🇼 台灣] 6年香燈腳走到火大！怒曝「進香3亂象」：別再說是媽祖孩子
23:36:24  INFO    [🇹🇼 台灣] 大甲媽祖上轎千里眼神像落地 民俗專家：提醒主事者這些事
23:36:24  INFO    [🇹🇼 台灣] 「列隊式雲團」出現了！專家曝：是梅雨季致災性豪雨特徵
23:36:24  INFO    [🇹🇼 台灣] 除了荷姆茲美軍還有第二道封鎖! 與印尼達戰略協議麻六甲海峽控中船進出| 國際
23:36:24  INFO    [🇹🇼 台灣] 川普稱伊同意「幾乎所有要求」! 還說伊要棄核武伊嗆: 對美完全失去信任| 國際
23:36:24  INFO    [🇹🇼 台灣] 傳遞戰略訊號！「習鄭會」稱台海屬中國內海 日艦今駛入台灣海峽
23:36:26  INFO    [🇯🇵 日本] 川普稱伊朗開放霍爾木茲海峽：“結束戰爭的協議即將達成”
23:36:27  INFO    [🇯🇵 日本] 被遺棄的京都男孩；養父足立由紀打電話說“孩子失踪了”，然後接到電話說“孩子沒有上學”
23:36:28  INFO    [🇯🇵 日本] 川普接受彭博社採訪時表示，伊朗同意無限期暫停核子計劃
23:36:30  INFO    [🇯🇵 日本] 和平學習從「悲劇傳承」變成反基地 事故發生在連旅行社都不干涉的「庇護所」 核實報告/和平學習（下）
23:36:31  INFO    [🇯🇵 日本] 日本首相高市在創建國家情報委員會的法案中“不假設普通公民”
23:36:33  INFO    [🇯🇵 日本] Linux Japan 總裁因涉嫌將 50 多歲高管的屍體從公司辦公室搬走並遺棄而被捕。警察廳
23:36:34  INFO    [🇰🇷 韓國] 川普表示“感謝伊朗開放霍爾木茲海峽…維持反向封鎖”
23:36:35  INFO    [🇰🇷 韓國] 國會全體會議通過「引入部分中央選區制度並擴大地方比例」法案
23:36:35  INFO    [🇰🇷 韓國] 李洪俊杓總統90分鐘的馬格利午餐…洪“沒有談論選舉”
23:36:37  INFO    [🇰🇷 韓國] 法英呼籲永久保障霍爾木茲海峽「航行自由」…伊朗宣布開放海峽
23:36:39  INFO    [🇰🇷 韓國] 無理反對、造勢不力……這是39年來首次修憲？
23:36:39  INFO    [🇰🇷 韓國] 장동혁, 왜 미국서 민주당 빼고 공화당만 접촉했을까
23:36:40  INFO    [🇺🇸 美國] Live Updates: Trump says U.S. will continue blockade after Iran says Strait of Hormuz "completely open"
23:36:40  INFO    [🇺🇸 美國] ‘Pope Leo’ Disses Trump With ‘They Not Pious’ Kendrick Lamar Parody on ‘Late Show’
23:36:40  INFO    [🇺🇸 美國] Steve Kornacki: How a traditionally Republican area helped deliver a progressive victory in New Jersey
23:36:40  INFO    [🇺🇸 美國] US to recover uranium from Iran at a 'leisurely pace', Trump tells Reuters
23:36:40  INFO    [🇺🇸 美國] Trump suffers rare defeat with House Republicans on FISA
23:36:40  INFO    [🇺🇸 美國] What we know about the Israel-Lebanon ceasefire
23:36:54  INFO  
🖥️  產生 HTML 報告...
23:36:54  INFO  
✅  HTML：報告_20260417_2336.html
23:36:54  INFO  ✅  CSV：機會分析_20260417_2336.csv
23:36:54  INFO  📝  Log：logs/scan_20260417_233535.log
