17:07:29  INFO  ======================================================================
17:07:29  INFO  🔥  每日機會分析系統 v10
17:07:29  INFO  📅  2026-04-26 17:07
17:07:29  INFO  ======================================================================
17:07:29  INFO  
① 🌕  CRYPTO
17:07:29  ERROR    BTC-USD: float() argument must be a string or a real number, not 'Series'
17:07:30  ERROR    ETH-USD: float() argument must be a string or a real number, not 'Series'
17:07:31  ERROR    SOL-USD: float() argument must be a string or a real number, not 'Series'
17:07:32  ERROR    BNB-USD: float() argument must be a string or a real number, not 'Series'
17:07:32  ERROR    XRP-USD: float() argument must be a string or a real number, not 'Series'
17:07:32  INFO    ✅ Crypto 0 筆
17:07:32  INFO  
② 📈  股票
17:07:33  INFO    [台] 3293.TWO     鈊象電子         $    753.00  -1.05% 多空分歧
17:07:33  INFO             買入點：🎯 一條件滿足 — 待確認  進場區：$727.3 ~ $742.0  止損：$709.1
17:07:34  INFO    [台] 00909.TW     國泰智能電動車ETF   $     42.99  +0.30% 多空分歧
17:07:34  INFO             買入點：— 目前無買入信號  進場區：$31.6 ~ $32.2  止損：$32.1
17:07:35  INFO    [台] 0056.TW      元大高股息        $     40.95  +0.74% 三線多頭
17:07:35  INFO             買入點：— 目前無買入信號  進場區：$35.4 ~ $36.1  止損：$35.1
17:07:36  INFO    [台] 6111.TWO     6111擎亞       $     47.80  -1.65% 多空分歧
17:07:36  INFO             買入點：— 目前無買入信號  進場區：$39.5 ~ $40.3  止損：$38.7
17:07:37  INFO    [台] 00878.TW     國泰永續高股息      $     25.00  +1.38% 三線多頭
17:07:37  INFO             買入點：— 目前無買入信號  進場區：$21.0 ~ $21.5  止損：$21.1
17:07:38  INFO    [台] 3017.TW      奇鋐           $  2,945.00  +9.89% 三線多頭
17:07:38  INFO             買入點：— 目前無買入信號  進場區：$1,827.3 ~ $1,864.1  止損：$1,886.6
17:07:39  INFO    [台] 00713.TW     元大高息低波       $     53.45  +0.19% 多空分歧
17:07:39  INFO             買入點：— 目前無買入信號  進場區：$50.2 ~ $51.2  止損：$49.1
17:07:40  INFO    [台] 00919.TW     群益台灣精選高息     $     23.50  +0.21% 偏多
17:07:40  INFO             買入點：— 目前無買入信號  進場區：$21.8 ~ $22.2  止損：$21.3
17:07:40  INFO    [美] NVDA         NVIDIA       $    208.27  +4.32% 三線多頭
17:07:40  INFO             買入點：— 目前無買入信號  進場區：$161.5 ~ $164.8  止損：$159.3
17:07:41  INFO    [美] GEV          GE Vernova   $  1,149.19  -0.03% 三線多頭
17:07:41  INFO             買入點：— 目前無買入信號  進場區：$782.4 ~ $798.1  止損：$782.8
17:07:42  INFO    [台] 2330.TW      台積電          $  2,185.00  +5.05% 三線多頭
17:07:42  INFO             買入點：— 目前無買入信號  進場區：$1,710.8 ~ $1,745.2  止損：$1,707.2
17:07:43  INFO    [美] AMD          AMD          $    347.81 +13.91% 三線多頭
17:07:43  INFO             買入點：— 目前無買入信號  進場區：$168.9 ~ $172.3  止損：$187.1
17:07:44  INFO    [美] TSM          台積電ADR       $    402.46  +5.17% 三線多頭
17:07:44  INFO             買入點：— 目前無買入信號  進場區：$312.2 ~ $318.5  止損：$304.4
17:07:45  INFO    [台] 2317.TW      鴻海           $    221.50  -1.56% 多空分歧
17:07:45  INFO             買入點：— 目前無買入信號  進場區：$183.0 ~ $186.7  止損：$181.9
17:07:46  INFO    [台] 2530.TW      華建           $     21.85  +0.46% 三線空頭
17:07:46  INFO             買入點：🎯 一條件滿足 — 待確認  進場區：$20.9 ~ $21.3  止損：$20.8
17:07:48  INFO    [美] MU           美光           $    496.72  +3.11% 三線多頭
17:07:48  INFO             買入點：— 目前無買入信號  進場區：$309.9 ~ $316.2  止損：$302.1
17:07:49  INFO    [美] LRCX         科林研發         $    267.78  +3.57% 偏多
17:07:49  INFO             買入點：— 目前無買入信號  進場區：$197.3 ~ $201.3  止損：$192.6
17:07:49  INFO    [台] 00631L.TW    元大台灣50正2     $     28.44  +6.92% 三線多頭
17:07:49  INFO             買入點：— 目前無買入信號  進場區：$17.9 ~ $18.2  止損：$18.7
17:07:51  INFO    [台] 00910.TW     第一金太空衛星      $     67.50  -3.50% 多空分歧
17:07:51  INFO             買入點：— 目前無買入信號  進場區：$54.2 ~ $55.3  止損：$52.9
17:07:52  INFO    [台] 2308.TW      台達電          $  2,075.00  +4.80% 三線多頭
17:07:52  INFO             買入點：— 目前無買入信號  進場區：$1,276.4 ~ $1,302.1  止損：$1,324.0
17:07:53  INFO    ✅ 股票 20 筆
17:07:53  INFO  
③ 🌟  生活熱門趨勢
17:07:53  INFO    📊 Google Trends 台灣（生活/食衣住行）...
17:07:54  INFO    [食品飲料] 熱度:9 動能:-17% 最熱關鍵字：美食 ❄️
17:07:57  INFO    [服飾美妝] 熱度:41 動能:+13% 最熱關鍵字：防曬 🔥🔥
17:08:00  INFO    [居家生活] 熱度:30 動能:-5% 最熱關鍵字：家具 ❄️
17:08:02  INFO    [娛樂3C] 熱度:45 動能:+14% 最熱關鍵字：手機 🔥🔥
17:08:05  INFO    [健康運動] 熱度:40 動能:+7% 最熱關鍵字：健身 🔥🔥
17:08:08  INFO    [旅遊交通] 熱度:33 動能:+14% 最熱關鍵字：機票 🔥🔥
17:08:10  INFO    💬 Dcard 熱門...
17:08:10  WARNING      ⚠️  www.dcard.tw → 403 Client Error: Forbidden for url: https://www.dcard.tw/f/trending
17:08:10  INFO    📋 PTT 熱門...
17:08:10  WARNING      ⚠️  www.ptt.cc → ('Connection aborted.', ConnectionResetError(104, 'Connection reset by peer'))
17:08:11  INFO    [PTT/Stock] [99] [新聞] 市場過熱了嗎？專家預言：股市即將下跌
17:08:11  INFO    [PTT/Stock] [25] Re: [心得] 從0開始當沖，五年心得
17:08:11  INFO    [PTT/Stock] [8] Re: [請益] 質押+結構型金融商品
17:08:11  INFO    [PTT/Stock] [13] [新聞] 不只影子船隊 川普制裁中國煉油廠
17:08:12  INFO    [PTT/beauty] [2] [正妹] 姜秀京 培證英雄
17:08:12  INFO    [PTT/beauty] [] [正妹] Cosplay 2708 日本 逆兔
17:08:12  INFO    [PTT/beauty] [4] [正妹] 孔升妍
17:08:12  INFO    [PTT/beauty] [1] [正妹] 李藝斌
17:08:12  INFO    [PTT/beauty] [9] [正妹] 冼迪琦
17:08:13  INFO    [PTT/movie] [1] [好雷] 麥可傑克森  不錯看阿
17:08:13  INFO    [PTT/movie] [] [公告] 電影板板規 2025/10/26
17:08:13  INFO    [PTT/movie] [X1] [公告] 政治電影新聞張貼規範
17:08:14  INFO    [PTT/food] [] [食記] 台北 すし謙
17:08:14  INFO    [PTT/food] [] [食記] 沖繩那霸機場OKA ラウンジ華 Lounge hana
17:08:14  INFO    [PTT/food] [] [公告] Food板 板規 V3.91
17:08:14  INFO    [PTT/food] [18] [公告] 發文請在標題加上地區及提供地址電話。^^
17:08:14  INFO    [PTT/food] [] [公告] 文章被刪除者請洽精華區的資源回收桶
17:08:14  INFO    📺 YouTube 台灣熱門...
17:08:15  INFO    🎵 TikTok...
17:08:15  INFO    [TikTok] #1 #michaeljackson
17:08:15  INFO    🛍️  Shopee 台灣熱銷...
17:08:19  INFO    💬 Reddit 熱賣（本週）...
17:08:19  INFO    ✅ 生活趨勢完成
17:08:19  INFO  
④ 📰  消息面
17:08:20  INFO    [🇹🇼 台灣] 白宮記者晚宴槍手曾是優良教師擁加州理工學位| 國際
17:08:20  INFO    [🇹🇼 台灣] 爆炸頭真是票房毒藥？汪浩貼「CEO版沈伯洋」形象照 網友嗨喊：未來總統 | 張大任 | 新聞
17:08:20  INFO    [🇹🇼 台灣] 快訊/台中地院旁傳槍響！槍手剛剛抓到了
17:08:20  INFO    [🇹🇼 台灣] 尋找中獎人！去年11-12月千萬發票6張未領 消費地點一次看
17:08:20  INFO    [🇹🇼 台灣] 策略奏效！ 取消會談10分鐘後收到伊朗新提案 川普：比原本更好
17:08:20  INFO    [🇹🇼 台灣] 台灣團甘肅車禍揭「變形團」亂象 專家：禁團令只剩政治宣示意義
17:08:23  INFO    [🇯🇵 日本] 在川普總統參加的一次晚宴上，他試圖突破安全檢查時爆發槍聲……嫌疑人是一名教師兼遊戲開發者，他說：“我的目標是與政府有關的人。”
17:08:24  INFO    [🇯🇵 日本] 高內內閣的支持率下降3個百分點至69%，其中70%的人表示有必要節省用電/儲蓄。
17:08:25  INFO    [🇯🇵 日本] 一名視障婦女在一隻未拴繩的狗接近她的導盲犬並導致她摔倒並受傷後提起訴訟。 “我希望人們意識到讓狗接近導盲犬的危險。”
17:08:27  INFO    [🇯🇵 日本] 大槌森林大火蔓延 三陸高速公路部分路段封閉 國道45號線26日夜間起解除限制
17:08:29  INFO    [🇯🇵 日本] 明天27日上午，關東地區有大雨。黃金週期間，將有短暫的陽光和降雨（天氣預報員 Yukiyo Domoto 2026年4月26日）
17:08:29  INFO    [🇯🇵 日本] 福島縣喜多方市發生森林火災 178戶家庭下達撤離令
17:08:31  INFO    [🇰🇷 韓國] “槍手的目標可能是川普政府成員……一兩天前曾入住過該酒店。”
17:08:33  INFO    [🇰🇷 韓國] 「我不喜歡民主黨」「國家力量連預算都贏不了」…誰來當大邱市長？
17:08:34  INFO    [🇰🇷 韓國] 拒絕辭職的張東赫週末「活躍在Facebook」…照片誇張爭議持續
17:08:34  INFO    [🇰🇷 韓國] 明日起最高60萬韓元「高油價補貼」...免除居民登記等抽象費用
17:08:35  INFO    [🇰🇷 韓國] 「不要碰金範錫」…「Coupang風險」威脅外交與安全
17:08:36  INFO    [🇰🇷 韓國] 週日「初夏天氣」…早上氣溫升至 11 度，白天升至 26 度。
17:08:36  INFO    [🇺🇸 美國] Live Updates: Trump safe after shots fired at White House Correspondents' Dinner; suspect in custody
17:08:36  INFO    [🇺🇸 美國] Islamabad Reopens After U.S.-Iran Talks Fail to Materialize
17:08:36  INFO    [🇺🇸 美國] King Charles U.S. visit comes at tense moment in transatlantic relationship
17:08:36  INFO    [🇺🇸 美國] Swedish Hospital shooting: 17th District Chicago police officer John Bartholomew killed in shooting, other in critical condition
17:08:36  INFO    [🇺🇸 美國] Surviving in a poisoned land: Chernobyl's wildlife is different, but not in the ways you might think
17:08:36  INFO    [🇺🇸 美國] Mali rattled by ongoing armed attacks: What to know
17:08:50  INFO  
🖥️  產生 HTML 報告...
17:08:50  INFO  
✅  HTML：報告_20260426_1708.html
17:08:50  INFO  ✅  CSV：機會分析_20260426_1708.csv
17:08:50  INFO  📝  Log：logs/scan_20260426_170729.log
