17:27:23  INFO  ======================================================================
17:27:23  INFO  🔥  每日機會分析系統 v10
17:27:23  INFO  📅  2026-04-01 17:27
17:27:23  INFO  ======================================================================
17:27:23  INFO  
① 🌕  CRYPTO
17:27:24  ERROR    BTC-USD: float() argument must be a string or a real number, not 'Series'
17:27:25  ERROR    ETH-USD: float() argument must be a string or a real number, not 'Series'
17:27:26  ERROR    SOL-USD: float() argument must be a string or a real number, not 'Series'
17:27:27  ERROR    BNB-USD: float() argument must be a string or a real number, not 'Series'
17:27:28  ERROR    XRP-USD: float() argument must be a string or a real number, not 'Series'
17:27:28  INFO    ✅ Crypto 0 筆
17:27:28  INFO  
② 📈  股票
17:27:29  INFO    [台] 3293.TWO     鈊象電子         $       nan   +nan% 多空分歧
17:27:29  INFO             買入點：— 目前無買入信號  進場區：$669.6 ~ $683.1  止損：$652.8
17:27:30  INFO    [台] 00909.TW     國泰智能電動車ETF   $       nan   +nan% 三線空頭
17:27:30  INFO             買入點：— 目前無買入信號  進場區：$35.1 ~ $35.8  止損：$34.2
17:27:31  INFO    [台] 0056.TW      元大高股息        $       nan   +nan% 多空分歧
17:27:31  INFO             買入點：— 目前無買入信號  進場區：$36.3 ~ $37.0  止損：$35.4
17:27:33  INFO    [台] 6111.TWO     6111擎亞       $       nan   +nan% 三線空頭
17:27:33  INFO             買入點：— 目前無買入信號  進場區：$39.7 ~ $40.5  止損：$38.7
17:27:34  INFO    [台] 00878.TW     國泰永續高股息      $       nan   +nan% 多空分歧
17:27:34  INFO             買入點：— 目前無買入信號  進場區：$21.2 ~ $21.6  止損：$20.6
17:27:35  INFO    [台] 3017.TW      奇鋐           $       nan   +nan% 多空分歧
17:27:35  INFO             買入點：— 目前無買入信號  進場區：$1,656.7 ~ $1,690.0  止損：$1,615.0
17:27:36  INFO    [台] 00713.TW     元大高息低波       $       nan   +nan% 多空分歧
17:27:36  INFO             買入點：— 目前無買入信號  進場區：$49.8 ~ $50.8  止損：$48.6
17:27:37  INFO    [台] 00919.TW     群益台灣精選高息     $       nan   +nan% 多空分歧
17:27:37  INFO             買入點：— 目前無買入信號  進場區：$21.7 ~ $22.2  止損：$21.2
17:27:39  INFO    [美] NVDA         NVIDIA       $    176.76  +1.35% 偏空
17:27:39  INFO             買入點：🎯 一條件滿足 — 待確認  進場區：$163.4 ~ $166.7  止損：$159.3
17:27:40  INFO    [美] GEV          GE Vernova   $    911.60  +4.43% 多空分歧
17:27:40  INFO             買入點：— 目前無買入信號  進場區：$772.6 ~ $788.2  止損：$753.2
17:27:41  INFO    [台] 2330.TW      台積電          $       nan   +nan% 多空分歧
17:27:41  INFO             買入點：— 目前無買入信號  進場區：$1,751.2 ~ $1,786.4  止損：$1,707.2
17:27:42  INFO    [美] AMD          AMD          $    212.65  +4.53% 多空分歧
17:27:42  INFO             買入點：🎯 一條件滿足 — 待確認  進場區：$188.1 ~ $191.9  止損：$183.3
17:27:43  INFO    [美] TSM          台積電ADR       $    344.58  +1.96% 多空分歧
17:27:43  INFO             買入點：🎯 一條件滿足 — 待確認  進場區：$312.2 ~ $318.5  止損：$304.4
17:27:45  INFO    [台] 2317.TW      鴻海           $       nan   +nan% 三線空頭
17:27:45  INFO             買入點：— 目前無買入信號  進場區：$186.6 ~ $190.3  止損：$181.9
17:27:46  INFO    [台] 2530.TW      華建           $       nan   +nan% 三線空頭
17:27:46  INFO             買入點：— 目前無買入信號  進場區：$24.4 ~ $24.9  止損：$23.8
17:27:47  INFO    [美] MU           美光           $    375.91 +11.27% 多空分歧
17:27:47  INFO             買入點：🎯 一條件滿足 — 待確認  進場區：$309.9 ~ $316.2  止損：$302.1
17:27:48  INFO    [美] LRCX         科林研發         $    224.95  +5.28% 多空分歧
17:27:48  INFO             買入點：🎯 一條件滿足 — 待確認  進場區：$193.1 ~ $197.0  止損：$188.3
17:27:49  INFO    [台] 00631L.TW    元大台灣50正2     $       nan   +nan% 三線空頭
17:27:49  INFO             買入點：— 目前無買入信號  進場區：$19.0 ~ $19.4  止損：$18.5
17:27:51  INFO    [台] 00910.TW     第一金太空衛星      $       nan   +nan% 多空分歧
17:27:51  INFO             買入點：— 目前無買入信號  進場區：$52.1 ~ $53.1  止損：$50.8
17:27:52  INFO    [台] 2308.TW      台達電          $       nan   +nan% 多空分歧
17:27:52  INFO             買入點：— 目前無買入信號  進場區：$1,189.0 ~ $1,212.9  止損：$1,159.1
17:27:55  INFO    ✅ 股票 20 筆
17:27:55  INFO  
③ 🌟  生活熱門趨勢
17:27:55  INFO    📊 Google Trends 台灣（生活/食衣住行）...
17:27:56  INFO    [食品飲料] 熱度:10 動能:-15% 最熱關鍵字：美食 ❄️
17:27:58  INFO    [服飾美妝] 熱度:36 動能:+8% 最熱關鍵字：穿搭 🔥🔥
17:28:01  INFO    [居家生活] 熱度:31 動能:+3% 最熱關鍵字：家具 🔥
17:28:03  INFO    [娛樂3C] 熱度:40 動能:+3% 最熱關鍵字：手機 🔥
17:28:06  INFO    [健康運動] 熱度:27 動能:-2% 最熱關鍵字：健身 ❄️
17:28:09  INFO    [旅遊交通] 熱度:31 動能:+15% 最熱關鍵字：機票 🔥🔥
17:28:11  INFO    💬 Dcard 熱門...
17:28:11  WARNING      ⚠️  www.dcard.tw → 403 Client Error: Forbidden for url: https://www.dcard.tw/f/trending
17:28:11  INFO    📋 PTT 熱門...
17:28:12  INFO    [PTT/Gossiping] [] Re: [問卦] 中華民國統一中國 你會願意當中國人
17:28:12  INFO    [PTT/Gossiping] [3] [問卦] 要獨裁，就要先控制法院跟檢調？
17:28:12  INFO    [PTT/Gossiping] [3] [問卦] 100公斤一天吃1100大卡就想吐怎麼辦
17:28:12  INFO    [PTT/Gossiping] [1] Re: [新聞] 外送員遭疑「比中指」家屬心碎：搞不好
17:28:12  INFO    [PTT/Gossiping] [1] [問卦] 有沒有南韓電子入境卡程式很難的八卦？
17:28:13  INFO    [PTT/Stock] [爆] [新聞] 路透：川普要范斯轉達 願用停火換開放荷
17:28:13  INFO    [PTT/Stock] [24] [新聞] 彭博：SpaceX已提交IPO申請
17:28:13  INFO    [PTT/Stock] [] Re: [新聞] 巴菲特：伊朗有核武，全球核災更難避免
17:28:13  INFO    [PTT/Stock] [] [公告] 股票板板規 v4.7 (2024/10/06 修正)
17:28:14  INFO    [PTT/beauty] [7] [正妹] Alexis Bumgarner
17:28:14  INFO    [PTT/beauty] [3] [正妹] 笑容可掬
17:28:14  INFO    [PTT/beauty] [7] [正妹] 不是普但大！ 朴淡備
17:28:14  INFO    [PTT/beauty] [21] [正妹] 寵物溝通師
17:28:14  INFO    [PTT/beauty] [2] [正妹] 林米可
17:28:15  INFO    [PTT/movie] [6] [討論] 電影票現場換票有什麼方法可以先劃位嗎？
17:28:15  INFO    [PTT/movie] [11] [片單] 麻煩推薦那種「熱鬧的港片鬼片」
17:28:15  INFO    [PTT/movie] [3] [好雷] 完成度稍差的超級瑪利歐銀河
17:28:15  INFO    [PTT/movie] [6] [討論]  《李克寧 墓乃伊》引進IMAX、4DX、SX版
17:28:15  INFO    [PTT/movie] [] [好雷] 深度安靜-明明什麼也沒有 卻無處不在
17:28:16  INFO    [PTT/food] [2] [食記] Tacos Luca 新北新店 餅香脆豬腿肉酥Taco
17:28:16  INFO    [PTT/food] [] Fw: [食記] 慶豐牛排
17:28:16  INFO    [PTT/food] [] [食記] [新竹] 福記包子饅頭 ～買2送1／買5送1
17:28:16  INFO    [PTT/food] [] [食記] 雙喜饅頭 新北新莊 抹茶紅豆雜糧起司饅頭
17:28:16  INFO    📺 YouTube 台灣熱門...
17:28:17  INFO    🎵 TikTok...
17:28:18  INFO    [TikTok] #1 #semanasanta
17:28:18  INFO    🛍️  Shopee 台灣熱銷...
17:28:20  WARNING    Shopee [美妝保養]: 'NoneType' object is not subscriptable
17:28:23  INFO    💬 Reddit 熱賣（本週）...
17:28:23  INFO    ✅ 生活趨勢完成
17:28:23  INFO  
④ 📰  消息面
17:28:24  INFO    [🇹🇼 台灣] 把伊朗打回「石器時代」就停戰! 川普: 不必達成協議兩到三周內結束戰爭| 國際
17:28:24  INFO    [🇹🇼 台灣] 3波鋒面接力報到！ 全台迎雨神「降雨熱區」曝光
17:28:24  INFO    [🇹🇼 台灣] 直播變錄影！網友抓包法庭旁聽時打瞌睡 黃國昌：台灣法庭獨步全球
17:28:24  INFO    [🇹🇼 台灣] 林佳龍：顏慧欣家屬希望她的辭呈儘速生效、經貿辦問題是存在的| 政治
17:28:24  INFO    [🇹🇼 台灣] 快訊／好市多「塑膠袋限購令」擴及14品項　拋棄式手套也入列
17:28:24  INFO    [🇹🇼 台灣] 鄭麗文稱「全世界都奉行一中政策共識」 李明哲：國民黨正式認輸了| 政治
17:28:27  INFO    [🇯🇵 日本] 川普解除對霍爾木茲的封鎖，否認參與，將責任轉移給其他國家，不信任美國
17:28:30  INFO    [🇯🇵 日本] 「我不知道」 新的防雨系統「相當於一張藍票」 70%被雨傘覆蓋 113起新的自行車違規行為和識別障礙
17:28:32  INFO    [🇯🇵 日本] 伊朗巡航飛彈襲擊卡達附近的油輪，無人機停在科威特機場
17:28:33  INFO    [🇯🇵 日本] 共同監護的引入將會帶來什麼改變？思考系統的結構及其對兒童生活的影響#保護兒童
17:28:34  INFO    [🇯🇵 日本] 山路上發現書包：「奇怪。」即使是孩子也不應該在這樣的地方行走。 」當地人感到「不安」。11 歲男孩失蹤 9 天后，路邊非法傾倒垃圾
17:28:36  INFO    [🇯🇵 日本] 義大利為何能拒絕美軍飛機降落？專家談與日本的分歧【美國/以色列攻擊伊朗、伊朗局勢】
17:28:39  INFO    [🇰🇷 韓國] 川普：伊朗新總統要求美國停火…伊朗“否認”
17:28:40  INFO    [🇰🇷 韓國] 韓國-印尼‘特殊全面戰略夥伴關係’升級
17:28:41  INFO    [🇰🇷 韓國] 民主黨開除全北知事金寬永...“了解餐館現金發放情況”
17:28:44  INFO    [🇰🇷 韓國] 8日起，公共機構車輛實施「兩通制」…公共停車場私家車實施「五通制」。
17:28:47  INFO    [🇰🇷 韓國] 伊朗總統也表示，「我已準備好結束戰爭」…美國股市大火[紐約收盤]
17:28:50  INFO    [🇰🇷 韓國] 【突發新聞】政府將原油危機警報級別提升至「警戒」級別…天然氣也提升至「謹慎」級別
17:28:51  INFO    [🇺🇸 美國] Supreme Court’s Birthright Decision Could Deal a Heavy Blow to Asians
17:28:51  INFO    [🇺🇸 美國] Markets rally, oil prices fall as Trump prepares to address nation on Iran war
17:28:51  INFO    [🇺🇸 美國] Artemis II launch: crowds gather for glimpse of historic Nasa moon mission
17:28:51  INFO    [🇺🇸 美國] The Actual Danger of Trump’s Phony Vote-by-Mail Executive Order
17:28:51  INFO    [🇺🇸 美國] Nvidia, Apple, Tesla on Iran's Hit List as Tehran Warns of Imminent Attacks
17:28:51  INFO    [🇺🇸 美國] Suspension lifted for helicopter pilots who hovered near Kid Rock's home
17:29:06  INFO  
🖥️  產生 HTML 報告...
17:29:06  INFO  
✅  HTML：報告_20260401_1729.html
17:29:06  INFO  ✅  CSV：機會分析_20260401_1729.csv
17:29:06  INFO  📝  Log：logs/scan_20260401_172723.log
