17:03:18  INFO  ======================================================================
17:03:18  INFO  🔥  每日機會分析系統 v10
17:03:18  INFO  📅  2026-04-19 17:03
17:03:18  INFO  ======================================================================
17:03:18  INFO  
① 🌕  CRYPTO
17:03:19  ERROR    BTC-USD: float() argument must be a string or a real number, not 'Series'
17:03:19  ERROR    ETH-USD: float() argument must be a string or a real number, not 'Series'
17:03:20  ERROR    SOL-USD: float() argument must be a string or a real number, not 'Series'
17:03:20  ERROR    BNB-USD: float() argument must be a string or a real number, not 'Series'
17:03:21  ERROR    XRP-USD: float() argument must be a string or a real number, not 'Series'
17:03:21  INFO    ✅ Crypto 0 筆
17:03:21  INFO  
② 📈  股票
17:03:22  INFO    [台] 3293.TWO     鈊象電子         $    775.00  +0.91% 偏多
17:03:22  INFO             買入點：— 目前無買入信號  進場區：$719.4 ~ $733.8  止損：$701.3
17:03:23  INFO    [台] 00909.TW     國泰智能電動車ETF   $     44.31  +0.73% 多空分歧
17:03:23  INFO             買入點：— 目前無買入信號  進場區：$34.4 ~ $35.1  止損：$34.2
17:03:23  INFO    [台] 0056.TW      元大高股息        $     40.98  +0.44% 三線多頭
17:03:23  INFO             買入點：— 目前無買入信號  進場區：$36.6 ~ $37.3  止損：$35.9
17:03:24  INFO    [台] 6111.TWO     6111擎亞       $     48.10  +1.80% 多空分歧
17:03:24  INFO             買入點：— 目前無買入信號  進場區：$39.7 ~ $40.5  止損：$38.7
17:03:25  INFO    [台] 00878.TW     國泰永續高股息      $     24.06  +1.09% 三線多頭
17:03:25  INFO             買入點：— 目前無買入信號  進場區：$21.3 ~ $21.8  止損：$21.1
17:03:26  INFO    [台] 3017.TW      奇鋐           $  2,400.00  -1.64% 三線多頭
17:03:26  INFO             買入點：— 目前無買入信號  進場區：$1,825.8 ~ $1,862.5  止損：$1,780.0
17:03:27  INFO    [台] 00713.TW     元大高息低波       $     54.00  +0.75% 三線多頭
17:03:27  INFO             買入點：— 目前無買入信號  進場區：$50.0 ~ $51.0  止損：$49.1
17:03:28  INFO    [台] 00919.TW     群益台灣精選高息     $     23.43  +0.56% 三線多頭
17:03:28  INFO             買入點：— 目前無買入信號  進場區：$21.9 ~ $22.3  止損：$21.3
17:03:29  INFO    [美] NVDA         NVIDIA       $    201.68  +1.68% 偏多
17:03:29  INFO             買入點：— 目前無買入信號  進場區：$159.2 ~ $162.4  止損：$159.3
17:03:29  INFO    [美] GEV          GE Vernova   $  1,002.75  +2.50% 偏多
17:03:29  INFO             買入點：— 目前無買入信號  進場區：$803.0 ~ $819.1  止損：$782.8
17:03:30  INFO    [台] 2330.TW      台積電          $  2,030.00  -2.64% 三線多頭
17:03:30  INFO             買入點：— 目前無買入信號  進場區：$1,681.4 ~ $1,715.2  止損：$1,707.2
17:03:31  INFO    [美] AMD          AMD          $    278.39  +0.05% 三線多頭
17:03:31  INFO             買入點：— 目前無買入信號  進場區：$174.0 ~ $177.5  止損：$187.1
17:03:32  INFO    [美] TSM          台積電ADR       $    370.50  +1.97% 多空分歧
17:03:32  INFO             買入點：— 目前無買入信號  進場區：$310.6 ~ $316.8  止損：$304.4
17:03:33  INFO    [台] 2317.TW      鴻海           $    206.00  -0.48% 多空分歧
17:03:33  INFO             買入點：— 目前無買入信號  進場區：$186.6 ~ $190.3  止損：$181.9
17:03:34  INFO    [台] 2530.TW      華建           $     22.60  -0.22% 三線空頭
17:03:34  INFO             買入點：🎯 一條件滿足 — 待確認  進場區：$22.0 ~ $22.5  止損：$21.8
17:03:34  INFO    [美] MU           美光           $    455.07  -0.47% 三線多頭
17:03:34  INFO             買入點：— 目前無買入信號  進場區：$309.9 ~ $316.2  止損：$302.1
17:03:35  INFO    [美] LRCX         科林研發         $    267.60  +2.54% 多空分歧
17:03:35  INFO             買入點：— 目前無買入信號  進場區：$191.0 ~ $194.8  止損：$192.6
17:03:36  INFO    [台] 00631L.TW    元大台灣50正2     $     25.59  -1.50% 多空分歧
17:03:36  INFO             買入點：🎯 一條件滿足 — 待確認  進場區：$-208.4 ~ $-212.6  止損：$18.5
17:03:37  INFO    [台] 00910.TW     第一金太空衛星      $     71.75  +5.44% 三線多頭
17:03:37  INFO             買入點：— 目前無買入信號  進場區：$51.3 ~ $52.3  止損：$52.9
17:03:38  INFO    [台] 2308.TW      台達電          $  1,840.00  -0.27% 三線多頭
17:03:38  INFO             買入點：— 目前無買入信號  進場區：$1,267.1 ~ $1,292.5  止損：$1,324.0
17:03:40  INFO    ✅ 股票 20 筆
17:03:40  INFO  
③ 🌟  生活熱門趨勢
17:03:40  INFO    📊 Google Trends 台灣（生活/食衣住行）...
17:03:41  INFO    [食品飲料] 熱度:9 動能:-23% 最熱關鍵字：美食 ❄️
17:03:43  INFO    [服飾美妝] 熱度:20 動能:+23% 最熱關鍵字：防曬 🔥🔥🔥
17:03:46  INFO    [居家生活] 熱度:33 動能:-5% 最熱關鍵字：家具 ❄️
17:03:48  INFO    [娛樂3C] 熱度:39 動能:+9% 最熱關鍵字：手機 🔥🔥
17:03:51  INFO    [健康運動] 熱度:42 動能:-4% 最熱關鍵字：健身 ❄️
17:03:54  INFO    [旅遊交通] 熱度:31 動能:+31% 最熱關鍵字：機票 🔥🔥🔥
17:03:56  INFO    💬 Dcard 熱門...
17:03:56  WARNING      ⚠️  www.dcard.tw → 403 Client Error: Forbidden for url: https://www.dcard.tw/f/trending
17:03:56  INFO    📋 PTT 熱門...
17:03:56  WARNING      ⚠️  www.ptt.cc → ('Connection aborted.', ConnectionResetError(104, 'Connection reset by peer'))
17:03:57  INFO    [PTT/Stock] [3] [請益] 買2867三商壽 換 2884玉山金 划算？
17:03:57  INFO    [PTT/Stock] [3] [新聞] 陸電影龍頭去年營收增長5.65％ 淨利下滑1
17:03:57  INFO    [PTT/Stock] [2] [新聞] 決戰埃米世代！JSR攜手應材在台打造「
17:03:57  INFO    [PTT/Stock] [] [公告] 股票板板規 v4.7 (2024/10/06 修正)
17:03:57  INFO    [PTT/Stock] [6] [公告] 4-6-1罰則將在1/22開始到年底加重至30天
17:03:58  INFO    [PTT/beauty] [56] [正妹] 爆乳草裙舞
17:03:58  INFO    [PTT/beauty] [7] [正妹] 新來的桃氣女同事 金佳垠
17:03:58  INFO    [PTT/beauty] [1] [正妹] 徐賢淑
17:03:58  INFO    [PTT/beauty] [94] [公告] 不願上表特 ＆ 優文推薦 ＆ 檢舉建議專區
17:03:58  INFO    [PTT/beauty] [2] [公告] 口罩文會退文
17:03:59  INFO    [PTT/movie] [] [新聞]沒破19億就算失敗？《無家日》超狂票房意
17:03:59  INFO    [PTT/movie] [] [新聞]預告細節全解密！末日博士狂虐多重宇宙！
17:03:59  INFO    [PTT/movie] [] [ 好雷] 極限返航
17:03:59  INFO    [PTT/movie] [3] [新聞] 《麥可傑克森》首波評價出爐，觀眾看完
17:04:00  INFO    [PTT/food] [] [廣宣] 台北 台式頂級蝦湯鍋物-聚食釜
17:04:00  INFO    [PTT/food] [] [食記] 桃園市龍潭區。佟記蔥油餅
17:04:00  INFO    [PTT/food] [] [食記] 台北大安 水粵香10人桌招牌菜色開箱
17:04:00  INFO    [PTT/food] [1] [食記] 苗栗縣頭屋鄉-禪廚蔬食餐廳
17:04:00  INFO    [PTT/food] [] [食記] 新北市林口區。eat enjoy 意享美式廚房
17:04:01  INFO    📺 YouTube 台灣熱門...
17:04:01  INFO    🎵 TikTok...
17:04:02  INFO    [TikTok] #1 #mothersday
17:04:02  INFO    🛍️  Shopee 台灣熱銷...
17:04:07  INFO    💬 Reddit 熱賣（本週）...
17:04:07  INFO    ✅ 生活趨勢完成
17:04:07  INFO  
④ 📰  消息面
17:04:07  INFO    [🇹🇼 台灣] 高溫飆34度後大降溫！雷雨連炸3天 下最猛時間曝
17:04:07  INFO    [🇹🇼 台灣] 白沙屯媽祖心繫住院爐主阿公 「粉紅超跑」甩尾停駕童綜合
17:04:07  INFO    [🇹🇼 台灣] 陳智菡被說薪水太高落淚! 詹凌瑀嗆憑什麼領20萬：就是民眾黨蛀蟲| 政治
17:04:07  INFO    [🇹🇼 台灣] 川普對美伊戰事樂觀訊號連發 但與伊朗說法兜不攏
17:04:07  INFO    [🇹🇼 台灣] 快新聞／太誇張！商總驚傳「配合中共施壓台灣政府」 陸委會、綠委傻眼開砲了
17:04:07  INFO    [🇹🇼 台灣] 大甲格鬥盃3警受傷偵查隊長「鼻樑斷裂」　遭逮黑幫男搜出毒品
17:04:08  INFO    [🇯🇵 日本] 川普警告稱，如果伊朗拒絕達成協議，將“摧毀所有發電廠”；美國報告稱“將於21日重新談判”
17:04:09  INFO    [🇯🇵 日本] 總理對物價上漲的反應不夠充分；《朝日輿論》內閣支持率維持在64%的高位[首相、自民黨總裁高市早苗]
17:04:10  INFO    [🇯🇵 日本] 隨著霍爾木茲海峽停火即將結束，革命衛隊警告「接近的船隻將受到攻擊」…是否正在與美國進行幕後談判？
17:04:13  INFO    [🇯🇵 日本] 對修憲和戰爭說不！手持旗幟和標語牌在國會前示威
17:04:13  INFO    [🇯🇵 日本] 男孩屍體及財物在南丹市「離散」的原因是什麼？我們向神奈川縣警察搜查一課前任課長詢問兩個謎語【Bankisha！ ]
17:04:15  INFO    [🇯🇵 日本] 【突發新聞】仙台一公寓內的一隻熊被鎮靜劑槍催眠後被消滅。
17:04:18  INFO    [🇰🇷 韓國] 川普：“戰爭結束談判小組20日抵達巴基斯坦……如果伊朗拒絕，我們將摧毀核電廠”
17:04:18  INFO    [🇰🇷 韓國] 伊朗採取強硬立場襲擊船隻...美國：“如果沒有突破，戰爭將重新開始”
17:04:19  INFO    [🇰🇷 韓國] 川普的虛張聲勢背後隱藏著恐懼嗎？ “當一名警官失踪時，人們會尖叫數小時”
17:04:19  INFO    [🇰🇷 韓國] 李總統表示：“通過此次峰會，韓印兩國有可能實現完全不同水平的發展。”
17:04:20  INFO    [🇰🇷 韓國] 全元五「內戰的結束是城市管理的標準」吳世勳「檢視政府逃亡」…首爾市長陷入激烈的戰鬥
17:04:20  INFO    [🇰🇷 韓國] Wolf，我想你，但我會堅持下去…“直到O世界改變”
17:04:21  INFO    [🇺🇸 美國] 8 children killed in Louisiana mass shooting
17:04:21  INFO    [🇺🇸 美國] Trump says US negotiators to head to Pakistan for Iran talks
17:04:21  INFO    [🇺🇸 美國] 3 University of Iowa Students Injured During a Shooting Near Campus
17:04:21  INFO    [🇺🇸 美國] Hundreds trying to storm Wisconsin beagle research facility met with rubber bullets, pepper spray
17:04:21  INFO    [🇺🇸 美國] Trump threatens Iranian bridges as talks set to continue
17:04:21  INFO    [🇺🇸 美國] Pope Leo XIV's visit to an African church linked to slavery reflects on his own complex heritage
17:04:37  INFO  
🖥️  產生 HTML 報告...
17:04:37  INFO  
✅  HTML：報告_20260419_1704.html
17:04:37  INFO  ✅  CSV：機會分析_20260419_1704.csv
17:04:37  INFO  📝  Log：logs/scan_20260419_170318.log
