16:57:30  INFO  ======================================================================
16:57:30  INFO  🔥  每日機會分析系統 v10
16:57:30  INFO  📅  2026-03-28 16:57
16:57:30  INFO  ======================================================================
16:57:30  INFO  
① 🌕  CRYPTO
16:57:30  ERROR    BTC-USD: float() argument must be a string or a real number, not 'Series'
16:57:31  ERROR    ETH-USD: float() argument must be a string or a real number, not 'Series'
16:57:31  ERROR    SOL-USD: float() argument must be a string or a real number, not 'Series'
16:57:32  ERROR    BNB-USD: float() argument must be a string or a real number, not 'Series'
16:57:32  ERROR    XRP-USD: float() argument must be a string or a real number, not 'Series'
16:57:32  INFO    ✅ Crypto 0 筆
16:57:32  INFO  
② 📈  股票
16:57:33  INFO    [台] 3293.TWO     鈊象電子         $    796.00  +1.53% 三線多頭
16:57:33  INFO             買入點：— 目前無買入信號  進場區：$658.8 ~ $672.0  止損：$649.9
16:57:34  INFO    [台] 00909.TW     國泰智能電動車ETF   $     38.47  -2.98% 多空分歧
16:57:34  INFO             買入點：🎯🎯 兩條件滿足 — 觀察買入點  進場區：$36.2 ~ $36.9  止損：$35.3
16:57:35  INFO    [台] 0056.TW      元大高股息        $     38.43  -0.34% 多空分歧
16:57:35  INFO             買入點：🎯🎯 兩條件滿足 — 觀察買入點  進場區：$36.3 ~ $37.0  止損：$35.4
16:57:36  INFO    [台] 6111.TWO     6111擎亞       $     42.75  +0.83% 偏空
16:57:36  INFO             買入點：🎯🎯 兩條件滿足 — 觀察買入點  進場區：$40.8 ~ $41.6  止損：$39.8
16:57:36  INFO    [台] 00878.TW     國泰永續高股息      $     22.39  -0.22% 多空分歧
16:57:36  INFO             買入點：🎯 一條件滿足 — 待確認  進場區：$21.2 ~ $21.6  止損：$20.6
16:57:37  INFO    [台] 3017.TW      奇鋐           $  2,195.00  -3.52% 三線多頭
16:57:37  INFO             買入點：— 目前無買入信號  進場區：$1,577.9 ~ $1,609.6  止損：$1,615.0
16:57:38  INFO    [台] 00713.TW     元大高息低波       $     51.60  -0.19% 多空分歧
16:57:38  INFO             買入點：🎯🎯 兩條件滿足 — 觀察買入點  進場區：$49.8 ~ $50.8  止損：$48.6
16:57:39  INFO    [台] 00919.TW     群益台灣精選高息     $     22.52  -0.49% 多空分歧
16:57:39  INFO             買入點：🎯🎯 兩條件滿足 — 觀察買入點  進場區：$21.7 ~ $22.2  止損：$21.2
16:57:40  INFO    [美] NVDA         NVIDIA       $    167.52  -2.17% 三線空頭
16:57:40  INFO             買入點：🎯 一條件滿足 — 待確認  進場區：$166.2 ~ $169.5  止損：$162.0
16:57:40  INFO    [美] GEV          GE Vernova   $    853.16  -2.29% 偏多
16:57:40  INFO             買入點：🎯 一條件滿足 — 待確認  進場區：$772.6 ~ $788.2  止損：$753.2
16:57:41  INFO    [台] 2330.TW      台積電          $  1,820.00  -1.09% 多空分歧
16:57:41  INFO             買入點：🎯🎯 兩條件滿足 — 觀察買入點  進場區：$1,755.4 ~ $1,790.7  止損：$1,711.3
16:57:42  INFO    [美] AMD          AMD          $    201.99  -0.87% 多空分歧
16:57:42  INFO             買入點：🎯 一條件滿足 — 待確認  進場區：$187.3 ~ $191.0  止損：$182.6
16:57:43  INFO    [美] TSM          台積電ADR       $    326.74  +0.19% 多空分歧
16:57:43  INFO             買入點：🎯 一條件滿足 — 待確認  進場區：$320.6 ~ $327.1  止損：$312.6
16:57:44  INFO    [台] 2317.TW      鴻海           $    199.50  -0.50% 多空分歧
16:57:44  INFO             買入點：🎯 一條件滿足 — 待確認  進場區：$187.9 ~ $191.7  止損：$188.2
16:57:45  INFO    [台] 2530.TW      華建           $     25.35  +1.20% 多空分歧
16:57:45  INFO             買入點：🎯 一條件滿足 — 待確認  進場區：$24.0 ~ $24.5  止損：$23.8
16:57:46  INFO    [美] MU           美光           $    357.22  +0.50% 多空分歧
16:57:46  INFO             買入點：🎯 一條件滿足 — 待確認  進場區：$343.5 ~ $350.4  止損：$339.5
16:57:47  INFO    [美] LRCX         科林研發         $    211.41  -0.10% 多空分歧
16:57:47  INFO             買入點：🎯 一條件滿足 — 待確認  進場區：$193.1 ~ $197.0  止損：$188.3
16:57:47  INFO    [台] 00631L.TW    元大台灣50正2     $    443.15  +0.00% 多空分歧
16:57:47  INFO             買入點：🎯🎯 兩條件滿足 — 觀察買入點  進場區：$414.4 ~ $422.7  止損：$404.0
16:57:48  INFO    [台] 00910.TW     第一金太空衛星      $     60.30  -1.15% 三線多頭
16:57:48  INFO             買入點：— 目前無買入信號  進場區：$52.1 ~ $53.1  止損：$50.8
16:57:49  INFO    [台] 2308.TW      台達電          $  1,510.00  -0.33% 三線多頭
16:57:49  INFO             買入點：— 目前無買入信號  進場區：$1,189.0 ~ $1,212.9  止損：$1,159.1
16:57:51  INFO    ✅ 股票 20 筆
16:57:51  INFO  
③ 🌟  生活熱門趨勢
16:57:51  INFO    📊 Google Trends 台灣（生活/食衣住行）...
16:57:52  INFO    [食品飲料] 熱度:10 動能:-4% 最熱關鍵字：美食 ❄️
16:57:54  INFO    [服飾美妝] 熱度:37 動能:+10% 最熱關鍵字：穿搭 🔥🔥
16:57:57  INFO    [居家生活] 熱度:25 動能:+8% 最熱關鍵字：家具 🔥🔥
16:57:59  INFO    [娛樂3C] 熱度:40 動能:+10% 最熱關鍵字：手機 🔥🔥
16:58:02  INFO    [健康運動] 熱度:35 動能:-4% 最熱關鍵字：健身 ❄️
16:58:04  INFO    [旅遊交通] 熱度:32 動能:+6% 最熱關鍵字：機票 🔥🔥
16:58:06  INFO    💬 Dcard 熱門...
16:58:06  WARNING      ⚠️  www.dcard.tw → 403 Client Error: Forbidden for url: https://www.dcard.tw/f/trending
16:58:06  INFO    📋 PTT 熱門...
16:58:07  INFO    [PTT/Gossiping] [6] [問卦] 每月伙食費1.2萬~1.5萬 算是正常嗎?
16:58:07  INFO    [PTT/Gossiping] [4] [問卦] 想要賺多點錢最快是不是就是跑外送？
16:58:07  INFO    [PTT/Gossiping] [8] [問卦] 廣東炒麵到底什麼鬼料理
16:58:07  INFO    [PTT/Gossiping] [1] [問卦] 勇者欣梅爾會覺得硬查  210萬是清算嗎
16:58:07  INFO    [PTT/Gossiping] [] Re: [問卦] 沒人發現國小低年級只上半天課很莫名嗎！
16:58:08  INFO    [PTT/Stock] [6] [公告] 等到閒聊都看透 也許你會陪我看水桶長留
16:58:08  INFO    [PTT/Stock] [35] [標的] 有哪些石油危機受益趁機漲價概念股?
16:58:08  INFO    [PTT/Stock] [5] Re: [新聞] 川普揚言美軍再打擊伊朗3554個目標 傳航
16:58:08  INFO    [PTT/Stock] [99] [新聞] 伊朗變成煉獄！招募12歲兒童參與戰爭活
16:58:08  INFO    [PTT/Stock] [17] Re: [新聞] 油價再漲！ 中油：下週汽柴油各調漲1.7
16:58:09  INFO    [PTT/beauty] [1] [正妹] 今日壽星 Irene
16:58:09  INFO    [PTT/beauty] [92] [公告] 不願上表特 ＆ 優文推薦 ＆ 檢舉建議專區
16:58:09  INFO    [PTT/beauty] [1] [公告] 口罩文會退文
16:58:09  INFO    [PTT/beauty] [] [公告] 表特板板規(2022.10.22)
16:58:10  INFO    [PTT/movie] [] [討論] 戴夫法蘭柯《誤闖遺忘島》預告！
16:58:10  INFO    [PTT/movie] [] [新聞]安東尼奧班德拉斯被說西班牙只能扮壞蛋！
16:58:10  INFO    [PTT/movie] [3] [新聞]安德魯加菲最近才看《哈利波特》！大讚丹
16:58:10  INFO    [PTT/movie] [3] [好小雷] 極限返航- 太空孤獨&外星喜劇
16:58:10  INFO    [PTT/movie] [] [公告] 電影板板規 2025/10/26
16:58:12  INFO    [PTT/food] [] [食記] 冬山春捲蝦餅 宜蘭冬山 外酥內軟地瓜蝦餅
16:58:12  INFO    [PTT/food] [1] [食記] 【臺北南港】欣葉小聚平價版欣葉台菜，必
16:58:12  INFO    [PTT/food] [] [食記] 桃園市中壢區。焦糖楓串燒
16:58:12  INFO    [PTT/food] [] [食記] 日本東京 河童壽司Kappa 百元迴轉壽司
16:58:12  INFO    [PTT/food] [] [食記] 臺北信義欣葉台菜四十餘年的台菜先鋒好味
16:58:12  INFO    📺 YouTube 台灣熱門...
16:58:12  INFO    🎵 TikTok...
16:58:14  INFO    [TikTok] #1 #worldcup
16:58:14  INFO    🛍️  Shopee 台灣熱銷...
16:58:25  INFO    💬 Reddit 熱賣（本週）...
16:58:25  INFO    ✅ 生活趨勢完成
16:58:25  INFO  
④ 📰  消息面
16:58:25  INFO    [🇹🇼 台灣] 台中雙刀當街砍死前女友 金融男收押！求復合過年衝她家「蹲著哭」
16:58:25  INFO    [🇹🇼 台灣] 「華人神探」李昌鈺辭世享壽87歲！曾調查甘迺迪遇刺、319槍擊案| 政治
16:58:25  INFO    [🇹🇼 台灣] 國民黨新竹縣長初選揭曉！民調領先、黨員投票落後徐欣瑩勝出當場落淚| 縣市長議員選戰| 要聞
16:58:25  INFO    [🇹🇼 台灣] 塑膠袋喊漲台塑、台塑化吃補- 日報
16:58:25  INFO    [🇹🇼 台灣] 顏慧欣疑遭職場霸凌！賴中強曝她是「國貿幫」眼中釘
16:58:25  INFO    [🇹🇼 台灣] 柯案重判／高虹安QQ！柯文哲一審有罪「不用退黨、開除黨籍」　黃國昌曝原因
16:58:28  INFO    [🇯🇵 日本] 池袋 Poké 中心刺傷事件，監視器畫面顯示嫌疑人交替刺傷女子和自己，直至失去知覺
16:58:30  INFO    [🇯🇵 日本] 川普宣布延期取消攻擊後，以色列軍方對伊朗核設施發動空襲…革命衛隊對鄰國進行報復（讀賣新聞在線）
16:58:31  INFO    [🇯🇵 日本] 胡塞武裝對伊朗發動攻擊後首次參戰；如果船隻攻擊再次發生，油價可能會進一步上漲
16:58:33  INFO    [🇯🇵 日本] 掌握霍爾木茲海峽鑰匙的七個島嶼可能比哈爾格島更重要 (1/3)
16:58:36  INFO    [🇯🇵 日本] 自行車推出藍票制度：聽力障礙者戴耳機焦慮
16:58:37  INFO    [🇯🇵 日本] 茂木外相出席G7會議，努力充當美歐之間的「橋樑」…還有他就支持烏克蘭進行斡旋的場景
16:58:38  INFO    [🇰🇷 韓國] 親伊朗的「胡塞叛軍」正式加入戰爭…霍爾木茲和紅海封鎖引發的緊張局勢
16:58:39  INFO    [🇰🇷 韓國] 華爾街日報，17000名美軍待命…“談判壓力牌強勁”
16:58:41  INFO    [🇰🇷 韓國] 漢江遊輪陷入河床停泊…半夜300名乘客全數獲救
16:58:42  INFO    [🇰🇷 韓國] 注射異丙酚後，路燈『砰』的一聲響…車內有145支注射器
16:58:43  INFO    [🇰🇷 韓國] 政府正在努力製定「香菸1萬韓元的價格」…「目前我們還沒有審查健康費和酒類費」。
16:58:45  INFO    [🇰🇷 韓國] “川普考慮更改霍爾木茲海峽→川普海峽的名稱”
16:58:45  INFO    [🇺🇸 美國] No Kings protests 2026: List of locations for Southern California rallies, including Los Angeles, Orange and Riverside counties
16:58:45  INFO    [🇺🇸 美國] Iran war: Houthis claim attack on Israel, Zelenskyy in UAE
16:58:45  INFO    [🇺🇸 美國] Trump’s conflicting messages sow confusion over the Iran war
16:58:45  INFO    [🇺🇸 美國] 12 Americans injured in Iranian strike on Prince Sultan Air Base in Saudi Arabia
16:58:45  INFO    [🇺🇸 美國] US House passes stopgap DHS funding bill after Republicans reject Senate deal
16:58:45  INFO    [🇺🇸 美國] Iran-linked group claims hack of FBI Director Kash Patel
16:59:02  INFO  
🖥️  產生 HTML 報告...
16:59:02  INFO  
✅  HTML：報告_20260328_1659.html
16:59:02  INFO  ✅  CSV：機會分析_20260328_1659.csv
16:59:02  INFO  📝  Log：logs/scan_20260328_165730.log
