10:49:49  INFO  ======================================================================
10:49:49  INFO  🔥  每日機會分析系統 v10
10:49:49  INFO  📅  2026-04-13 10:49
10:49:49  INFO  ======================================================================
10:49:49  INFO  
① 🌕  CRYPTO
10:49:50  ERROR    BTC-USD: float() argument must be a string or a real number, not 'Series'
10:49:50  ERROR    ETH-USD: float() argument must be a string or a real number, not 'Series'
10:49:51  ERROR    SOL-USD: float() argument must be a string or a real number, not 'Series'
10:49:51  ERROR    BNB-USD: float() argument must be a string or a real number, not 'Series'
10:49:52  ERROR    XRP-USD: float() argument must be a string or a real number, not 'Series'
10:49:52  INFO    ✅ Crypto 0 筆
10:49:52  INFO  
② 📈  股票
10:49:53  INFO    [台] 3293.TWO     鈊象電子         $    766.00  -0.39% 偏多
10:49:53  INFO             買入點：— 目前無買入信號  進場區：$707.4 ~ $721.6  止損：$694.5
10:49:54  INFO    [台] 00909.TW     國泰智能電動車ETF   $     39.88  -0.28% 多空分歧
10:49:54  INFO             買入點：— 目前無買入信號  進場區：$35.1 ~ $35.8  止損：$34.2
10:49:55  INFO    [台] 0056.TW      元大高股息        $     39.52  +0.28% 偏多
10:49:55  INFO             買入點：— 目前無買入信號  進場區：$36.9 ~ $37.6  止損：$35.9
10:49:56  INFO    [台] 6111.TWO     6111擎亞       $     44.50  +1.02% 多空分歧
10:49:56  INFO             買入點：— 目前無買入信號  進場區：$39.7 ~ $40.5  止損：$38.7
10:49:57  INFO    [台] 00878.TW     國泰永續高股息      $     23.01  -0.04% 三線多頭
10:49:57  INFO             買入點：— 目前無買入信號  進場區：$21.6 ~ $22.1  止損：$21.1
10:49:58  INFO    [台] 3017.TW      奇鋐           $  2,200.00  -2.87% 三線多頭
10:49:58  INFO             買入點：— 目前無買入信號  進場區：$1,773.0 ~ $1,808.6  止損：$1,760.5
10:49:59  INFO    [台] 00713.TW     元大高息低波       $     52.50  +0.00% 三線多頭
10:49:59  INFO             買入點：— 目前無買入信號  進場區：$50.4 ~ $51.4  止損：$49.1
10:49:59  INFO    [台] 00919.TW     群益台灣精選高息     $     22.81  -0.52% 偏多
10:49:59  INFO             買入點：🎯 一條件滿足 — 待確認  進場區：$21.9 ~ $22.3  止損：$21.3
10:50:00  INFO    [美] NVDA         NVIDIA       $    188.63  +2.57% 多空分歧
10:50:00  INFO             買入點：— 目前無買入信號  進場區：$163.4 ~ $166.7  止損：$159.3
10:50:01  INFO    [美] GEV          GE Vernova   $    991.32  +2.41% 三線多頭
10:50:01  INFO             買入點：— 目前無買入信號  進場區：$785.1 ~ $800.9  止損：$778.2
10:50:02  INFO    [台] 2330.TW      台積電          $  1,990.00  -0.50% 三線多頭
10:50:02  INFO             買入點：— 目前無買入信號  進場區：$1,721.8 ~ $1,756.4  止損：$1,707.2
10:50:03  INFO    [美] AMD          AMD          $    245.04  +3.55% 多空分歧
10:50:03  INFO             買入點：— 目前無買入信號  進場區：$180.2 ~ $183.9  止損：$186.5
10:50:04  INFO    [美] TSM          台積電ADR       $    370.60  +1.40% 三線多頭
10:50:04  INFO             買入點：— 目前無買入信號  進場區：$312.2 ~ $318.5  止損：$304.4
10:50:05  INFO    [台] 2317.TW      鴻海           $    200.00  -0.25% 多空分歧
10:50:05  INFO             買入點：🎯 一條件滿足 — 待確認  進場區：$184.7 ~ $188.4  止損：$181.9
10:50:06  INFO    [台] 2530.TW      華建           $     22.85  -1.72% 三線空頭
10:50:06  INFO             買入點：🎯 一條件滿足 — 待確認  進場區：$22.4 ~ $22.8  止損：$21.8
10:50:07  INFO    [美] MU           美光           $    420.59  -0.22% 多空分歧
10:50:07  INFO             買入點：— 目前無買入信號  進場區：$309.9 ~ $316.2  止損：$302.1
10:50:08  INFO    [美] LRCX         科林研發         $    263.66  +1.89% 三線多頭
10:50:08  INFO             買入點：— 目前無買入信號  進場區：$194.2 ~ $198.1  止損：$192.6
10:50:09  INFO    [台] 00631L.TW    元大台灣50正2     $     23.62  -0.34% 多空分歧
10:50:09  INFO             買入點：🎯 一條件滿足 — 待確認  進場區：$-268.0 ~ $-273.4  止損：$18.5
10:50:10  INFO    [台] 00910.TW     第一金太空衛星      $     66.55  +1.29% 三線多頭
10:50:10  INFO             買入點：— 目前無買入信號  進場區：$51.2 ~ $52.2  止損：$52.9
10:50:11  INFO    [台] 2308.TW      台達電          $  1,740.00  +0.29% 三線多頭
10:50:11  INFO             買入點：— 目前無買入信號  進場區：$1,271.4 ~ $1,297.0  止損：$1,299.8
10:50:11  INFO    ⏰ 10:xx 外資 16:30 後更新
10:50:11  INFO    ✅ 股票 20 筆
10:50:11  INFO  
③ 🌟  生活熱門趨勢
10:50:11  INFO    📊 Google Trends 台灣（生活/食衣住行）...
10:50:12  INFO    [食品飲料] 熱度:11 動能:+4% 最熱關鍵字：美食 🔥
10:50:14  INFO    [服飾美妝] 熱度:29 動能:-8% 最熱關鍵字：防曬 ❄️
10:50:17  WARNING    [居家生活] The request failed: Google returned a response with code 429
10:50:20  INFO    [娛樂3C] 熱度:31 動能:-18% 最熱關鍵字：手機 ❄️
10:50:23  WARNING    [健康運動] The request failed: Google returned a response with code 429
10:50:26  WARNING    [旅遊交通] The request failed: Google returned a response with code 429
10:50:29  INFO    💬 Dcard 熱門...
10:50:29  WARNING      ⚠️  www.dcard.tw → 403 Client Error: Forbidden for url: https://www.dcard.tw/f/trending
10:50:29  INFO    📋 PTT 熱門...
10:50:29  WARNING      ⚠️  www.ptt.cc → ('Connection aborted.', ConnectionResetError(104, 'Connection reset by peer'))
10:50:30  INFO    [PTT/Stock] [29] [新聞] 聯亞列警示股 公告3月EPS 1.36元、年增35
10:50:30  INFO    [PTT/Stock] [69] [情報] 0413 上市外資買賣超排行
10:50:30  INFO    [PTT/Stock] [27] [情報] 2885 元大金 3月自結 0.35 累計 1.08
10:50:30  INFO    [PTT/Stock] [10] [情報] 2467 志聖 3月自結:1.47 年增:1370%
10:50:31  INFO    [PTT/beauty] [1] [正妹] 明明就是極品 丹丹
10:50:31  INFO    [PTT/beauty] [1] [正妹] 文藻新潮爵士舞蹈社
10:50:31  INFO    [PTT/beauty] [8] [正妹] 一粒
10:50:31  INFO    [PTT/beauty] [] [正妹] 豐商進修部才藝競賽
10:50:31  INFO    [PTT/beauty] [94] [公告] 不願上表特 ＆ 優文推薦 ＆ 檢舉建議專區
10:50:32  INFO    [PTT/movie] [4] [美麗雷] 生命之詩（韓影4K重映）
10:50:32  INFO    [PTT/movie] [18] [普雷] 高雄有顆藍寶石
10:50:32  INFO    [PTT/movie] [] [請益] 山羊巔峰中文配音歌
10:50:32  INFO    [PTT/movie] [4] [情報] 降世神通:最後的氣宗疑似被外流
10:50:32  INFO    [PTT/movie] [] [情報] 4/12 當週13部新片預告+Youtube觀看排行
10:50:33  INFO    [PTT/food] [] [食記] 吉隆坡 甲洞興記肉骨茶(分店)
10:50:33  INFO    [PTT/food] [] [食記] 桃園市中壢區。扯厚腿
10:50:33  INFO    [PTT/food] [] [食記] 泰馬里 台北中正 參巴炸雞腿蝶豆花椰漿飯
10:50:33  INFO    [PTT/food] [] [食記] 尚品甜湯 台中西屯 滑嫩薑香奶香薑汁撞奶
10:50:33  INFO    [PTT/food] [] [食記] 桃園市中壢區。PUNJABI BISTRO & BAR
10:50:34  INFO    📺 YouTube 台灣熱門...
10:50:34  INFO    🎵 TikTok...
10:50:34  INFO    [TikTok] #1 #coachella
10:50:34  INFO    🛍️  Shopee 台灣熱銷...
10:50:38  INFO    💬 Reddit 熱賣（本週）...
10:50:38  INFO    ✅ 生活趨勢完成
10:50:38  INFO  
④ 📰  消息面
10:50:38  INFO    [🇹🇼 台灣] 李貞秀遭民眾黨開除黨籍喪失不分區立委資格| 政治
10:50:38  INFO    [🇹🇼 台灣] 白沙屯媽祖進台中突停下交換花束 廟方曝背後原因
10:50:38  INFO    [🇹🇼 台灣] 談崩了就開打! 川普將封荷姆茲並對伊軍事打擊 伊 : 「戰敗」了還想封鎖 荒謬!
10:50:38  INFO    [🇹🇼 台灣] 匈牙利國會大選 總理奧班承認「痛苦」敗選
10:50:38  INFO    [🇹🇼 台灣] 天氣／颱風辛樂克「大甩尾」飆車了！專家驚：今年風王
10:50:38  INFO    [🇹🇼 台灣] 中國10惠台政策藍將成立對接窗口總統府：有誠意的話跟我政府協商| 政治
10:50:41  INFO    [🇯🇵 日本] 【速報】京都小学生行方不明 山の中から子どもとみられる遺体見つかる 南丹市
10:50:42  INFO    [🇯🇵 日本] 伊朗軍方稱美國封鎖霍爾木茲“無異於海盜行為”
10:50:43  INFO    [🇯🇵 日本] 【解說】歐爾班總理的「實驗」最終被民眾拒絕，導致匈牙利政府更迭
10:50:45  INFO    [🇯🇵 日本] 「核のゴミ」最終処分地を巡る南鳥島の文献調査、小笠原村の渋谷村長が実施容認の考え示す（読売新聞オンライン）
10:50:46  INFO    [🇯🇵 日本] 【突發新聞】美國總統譴責教皇
10:50:47  INFO    [🇯🇵 日本] 【突發新聞】總理表示將盡一切努力避免中東局勢產生任何影響
10:50:48  INFO    [🇰🇷 韓國] 霍爾木茲海峽前方，機頭轉動…巴基斯坦船隻試圖通過
10:50:51  INFO    [🇰🇷 韓國] 波蘭總理：“韓國是民主的典範”…李總統“瓦文薩同志”
10:50:53  INFO    [🇰🇷 韓國] 川普批評教宗後發布「假裝耶穌」的照片......「褻瀆」爭議
10:50:57  INFO    [🇰🇷 韓國] 全面審查不適當的政府獎勵...推動擴大取消原因的披露
10:51:00  INFO    [🇰🇷 韓國] 張東赫方面「去美國給選民一個選擇」…這是什麼意思？
10:51:02  INFO    [🇰🇷 韓國] 김건희, “마스크 안 돼” 재판장 지적에 “감기 심한데…”
10:51:02  INFO    [🇺🇸 美國] Oil prices surge past $103 a barrel after US announces blockade of Iran
10:51:02  INFO    [🇺🇸 美國] Pope Leo says he does not fear Trump, as he pushes back in feud over Iran war
10:51:02  INFO    [🇺🇸 美國] Swalwell exits California governor's race after assault allegations as rivals seek his supporters
10:51:02  INFO    [🇺🇸 美國] Hungary election: Orban concedes 'painful' defeat to Magyar
10:51:02  INFO    [🇺🇸 美國] "The door is not closed": Mediators rush to revive U.S.-Iran talks
10:51:02  INFO    [🇺🇸 美國] How a $75 billion windfall from Congress has insulated ICE
10:51:17  INFO  
🖥️  產生 HTML 報告...
10:51:17  INFO  
✅  HTML：報告_20260413_1051.html
10:51:17  INFO  ✅  CSV：機會分析_20260413_1051.csv
10:51:17  INFO  📝  Log：logs/scan_20260413_104949.log
