23:30:31  INFO  ======================================================================
23:30:31  INFO  🔥  每日機會分析系統 v10
23:30:31  INFO  📅  2026-03-31 23:30
23:30:31  INFO  ======================================================================
23:30:31  INFO  
① 🌕  CRYPTO
23:30:31  ERROR    BTC-USD: float() argument must be a string or a real number, not 'Series'
23:30:32  ERROR    ETH-USD: float() argument must be a string or a real number, not 'Series'
23:30:32  ERROR    SOL-USD: float() argument must be a string or a real number, not 'Series'
23:30:33  ERROR    BNB-USD: float() argument must be a string or a real number, not 'Series'
23:30:33  ERROR    XRP-USD: float() argument must be a string or a real number, not 'Series'
23:30:34  INFO    ✅ Crypto 0 筆
23:30:34  INFO  
② 📈  股票
23:30:34  INFO    [台] 3293.TWO     鈊象電子         $    753.00  +0.27% 多空分歧
23:30:34  INFO             買入點：— 目前無買入信號  進場區：$665.5 ~ $678.9  止損：$649.9
23:30:35  INFO    [台] 00909.TW     國泰智能電動車ETF   $       nan   +nan% 三線空頭
23:30:35  INFO             買入點：— 目前無買入信號  進場區：$35.6 ~ $36.3  止損：$34.7
23:30:36  INFO    [台] 0056.TW      元大高股息        $       nan   +nan% 多空分歧
23:30:36  INFO             買入點：— 目前無買入信號  進場區：$36.3 ~ $37.0  止損：$35.4
23:30:37  INFO    [台] 6111.TWO     6111擎亞       $     41.15  -0.84% 三線空頭
23:30:37  INFO             買入點：🎯 一條件滿足 — 待確認  進場區：$39.7 ~ $40.5  止損：$38.7
23:30:37  INFO    [台] 00878.TW     國泰永續高股息      $       nan   +nan% 多空分歧
23:30:37  INFO             買入點：— 目前無買入信號  進場區：$21.2 ~ $21.6  止損：$20.6
23:30:38  INFO    [台] 3017.TW      奇鋐           $  1,990.00  -6.79% 偏多
23:30:38  INFO             買入點：— 目前無買入信號  進場區：$1,601.8 ~ $1,634.0  止損：$1,615.0
23:30:39  INFO    [台] 00713.TW     元大高息低波       $       nan   +nan% 多空分歧
23:30:39  INFO             買入點：— 目前無買入信號  進場區：$49.8 ~ $50.8  止損：$48.6
23:30:40  INFO    [台] 00919.TW     群益台灣精選高息     $       nan   +nan% 多空分歧
23:30:40  INFO             買入點：— 目前無買入信號  進場區：$21.7 ~ $22.2  止損：$21.2
23:30:41  INFO    [美] NVDA         NVIDIA       $    174.40  +5.59% 三線空頭
23:30:41  INFO             買入點：🎯 一條件滿足 — 待確認  進場區：$163.4 ~ $166.7  止損：$159.3
23:30:41  INFO    [美] GEV          GE Vernova   $    872.90  +6.80% 多空分歧
23:30:41  INFO             買入點：🎯 一條件滿足 — 待確認  進場區：$772.6 ~ $788.2  止損：$753.2
23:30:42  INFO    [台] 2330.TW      台積電          $  1,760.00  -1.12% 多空分歧
23:30:42  INFO             買入點：🎯 一條件滿足 — 待確認  進場區：$1,751.2 ~ $1,786.4  止損：$1,707.2
23:30:43  INFO    [美] AMD          AMD          $    203.43  +3.77% 多空分歧
23:30:43  INFO             買入點：🎯 一條件滿足 — 待確認  進場區：$188.1 ~ $191.9  止損：$183.3
23:30:44  INFO    [美] TSM          台積電ADR       $    337.95  +6.78% 多空分歧
23:30:44  INFO             買入點：🎯 一條件滿足 — 待確認  進場區：$312.2 ~ $318.5  止損：$304.4
23:30:45  INFO    [台] 2317.TW      鴻海           $    187.50  -3.35% 三線空頭
23:30:45  INFO             買入點：🎯 一條件滿足 — 待確認  進場區：$186.0 ~ $189.7  止損：$181.9
23:30:46  INFO    [台] 2530.TW      華建           $     24.60  -1.60% 偏空
23:30:46  INFO             買入點：🎯 一條件滿足 — 待確認  進場區：$24.1 ~ $24.6  止損：$23.8
23:30:47  INFO    [美] MU           美光           $    337.84  +4.98% 多空分歧
23:30:47  INFO             買入點：🎯 一條件滿足 — 待確認  進場區：$309.9 ~ $316.2  止損：$302.1
23:30:48  INFO    [美] LRCX         科林研發         $    213.66  +6.87% 多空分歧
23:30:48  INFO             買入點：🎯 一條件滿足 — 待確認  進場區：$193.1 ~ $197.0  止損：$188.3
23:30:48  INFO    [台] 00631L.TW    元大台灣50正2     $       nan   +nan% 偏空
23:30:48  INFO             買入點：— 目前無買入信號  進場區：$19.7 ~ $20.1  止損：$19.2
23:30:49  INFO    [台] 00910.TW     第一金太空衛星      $       nan   +nan% 多空分歧
23:30:49  INFO             買入點：— 目前無買入信號  進場區：$52.1 ~ $53.1  止損：$50.8
23:30:50  INFO    [台] 2308.TW      台達電          $  1,380.00  -7.07% 多空分歧
23:30:50  INFO             買入點：🎯 一條件滿足 — 待確認  進場區：$1,189.0 ~ $1,212.9  止損：$1,159.1
23:30:55  INFO    ✅ 股票 20 筆
23:30:55  INFO  
③ 🌟  生活熱門趨勢
23:30:55  INFO    📊 Google Trends 台灣（生活/食衣住行）...
23:30:55  INFO    [食品飲料] 熱度:7 動能:-35% 最熱關鍵字：美食 ❄️
23:30:58  INFO    [服飾美妝] 熱度:29 動能:-14% 最熱關鍵字：穿搭 ❄️
23:31:01  INFO    [居家生活] 熱度:22 動能:-26% 最熱關鍵字：家具 ❄️
23:31:03  INFO    [娛樂3C] 熱度:37 動能:-5% 最熱關鍵字：手機 ❄️
23:31:05  INFO    [健康運動] 熱度:22 動能:-24% 最熱關鍵字：健身 ❄️
23:31:08  INFO    [旅遊交通] 熱度:25 動能:-10% 最熱關鍵字：機票 ❄️
23:31:10  INFO    💬 Dcard 熱門...
23:31:10  WARNING      ⚠️  www.dcard.tw → 403 Client Error: Forbidden for url: https://www.dcard.tw/f/trending
23:31:10  INFO    📋 PTT 熱門...
23:31:11  INFO    [PTT/Gossiping] [4] [問卦] 原來 PTT 支援兩種笑臉?!
23:31:11  INFO    [PTT/Gossiping] [] Re: [新聞] 「2到3周內」撤出！川普喊已達伊朗去核
23:31:11  INFO    [PTT/Gossiping] [] [問卦] 我會有乾淨的肺嗎？
23:31:11  INFO    [PTT/Gossiping] [1] [問卦] 少子化不就證明台男是廢物
23:31:11  INFO    [PTT/Gossiping] [] [問卦] 法院直播是不是就能叫醒睡覺的人
23:31:12  INFO    [PTT/Stock] [20] [新聞] 川普稱戰爭很快將結束 美撤出後海峽將自
23:31:12  INFO    [PTT/Stock] [17] [標的] 台指04空軍畢業日
23:31:12  INFO    [PTT/Stock] [9] [新聞] 台積電熊本廠改3奈米製程經部核准　預計
23:31:12  INFO    [PTT/Stock] [1] Re: [新聞] 伊朗總統：願獲和平保障下結束戰爭
23:31:12  INFO    [PTT/Stock] [26] Re: [新聞] 伊朗總統：願獲和平保障下結束戰爭
23:31:13  INFO    [PTT/beauty] [4] [正妹] Alexis Bumgarner
23:31:13  INFO    [PTT/beauty] [2] [正妹] 吊嘎(?)
23:31:13  INFO    [PTT/beauty] [3] [正妹] 不是普但大！ 朴淡備
23:31:13  INFO    [PTT/beauty] [4] [正妹] 寵物溝通師
23:31:13  INFO    [PTT/beauty] [1] [正妹] 林米可
23:31:14  INFO    [PTT/movie] [] [好雷] 日租家庭
23:31:14  INFO    [PTT/movie] [7] [新聞]DCU《超少女》結局基調更黑暗引討論！
23:31:14  INFO    [PTT/movie] [] [新聞]安德魯加菲爾德疑加盟《復聯秘密戰爭》！
23:31:14  INFO    [PTT/movie] [1] [情報] 火遮眼 The Furious
23:31:16  INFO    [PTT/food] [2] [食記] Tacos Luca 新北新店 餅香脆豬腿肉酥Taco
23:31:16  INFO    [PTT/food] [] Fw: [食記] 慶豐牛排
23:31:16  INFO    [PTT/food] [] [食記] [新竹] 福記包子饅頭 ～買2送1／買5送1
23:31:16  INFO    [PTT/food] [] [食記] 雙喜饅頭 新北新莊 抹茶紅豆雜糧起司饅頭
23:31:16  INFO    📺 YouTube 台灣熱門...
23:31:16  INFO    🎵 TikTok...
23:31:18  INFO    [TikTok] #1 #famous
23:31:18  INFO    🛍️  Shopee 台灣熱銷...
23:31:22  INFO    💬 Reddit 熱賣（本週）...
23:31:22  INFO    ✅ 生活趨勢完成
23:31:22  INFO  
④ 📰  消息面
23:31:22  INFO    [🇹🇼 台灣] 川普飆罵英國「自己去挖油吧！」、法國「非常沒有用」美將銘記於心
23:31:22  INFO    [🇹🇼 台灣] 鄭麗文成選票毒藥？作家從「鄭習會懸外之音」看台灣密室脫逃：民進黨也想談 | 李瑋萱 | 新聞
23:31:22  INFO    [🇹🇼 台灣] 柯文哲一審17年！「蔣萬安推了一把」北市府公文揭決策違法最快入獄時間曝| 政治
23:31:22  INFO    [🇹🇼 台灣] 顏家友人：顏慧欣第一天到OTN辦公室 就被咆哮
23:31:22  INFO    [🇹🇼 台灣] 馬辦風波延燒！邱毅正式告發金溥聰「強制、恐嚇罪」
23:31:22  INFO    [🇹🇼 台灣] 美參議員訪中科院勁蜂4型無人機掛載彈頭貫穿5公分高強度鋼板| 政治
23:31:24  INFO    [🇯🇵 日本] 川普稱針對伊朗的軍事行動「即將結束」 = 報告
23:31:25  INFO    [🇯🇵 日本] 明天起對自行車交通違規罰款：使用智慧型手機駕駛時罰款12,000日元，在人行道上騎車罰款6,000日元，雨傘架和耳機罰款5,000日元。
23:31:26  INFO    [🇯🇵 日本] 離婚後“共同監護”將阻止兒童拐賣；當事人的期望和擔憂：“法院能做出判決嗎？”
23:31:28  INFO    [🇯🇵 日本] 義大利拒絕允許前往中東的美國軍機降落，「沒有事先提出要求」[美以襲擊伊朗，伊朗局勢]
23:31:30  INFO    [🇯🇵 日本] [突發新聞] Meta 也針對蘋果、伊朗革命衛隊
23:31:31  INFO    [🇯🇵 日本] ZEN大學等合作證明和驗證極難數學題“ABC猜想”
23:31:32  INFO    [🇰🇷 韓國] 4.8兆韓元高油價補貼...對低收入和非都市地區的差別支付
23:31:33  INFO    [🇰🇷 韓國] 老年人免費乘車限制……全賢熙、樸柱民、鄭元午各有自己的解決方案
23:31:35  INFO    [🇰🇷 韓國] 川普的真實感受反映在他的助手身上...「即使不解除對霍爾木茲的封鎖，軍事行動也會結束」[李相恩的華盛頓現在]
23:31:36  INFO    [🇰🇷 韓國] “電話號碼被洩露”金富謙“我的手機著火了，但這是值得的……我會從跌倒的地方重新站起來。”
23:31:38  INFO    [🇰🇷 韓國] [突發新聞]大邱新川市因「遺棄女屍載體」事件緊急逮捕女兒和女婿
23:31:40  INFO    [🇰🇷 韓國] 公平貿易委員會「提出申訴的專有權利」46年後被廢除
23:31:40  INFO    [🇺🇸 美國] Judge halts construction on Trump’s ballroom, says Congress must decide
23:31:40  INFO    [🇺🇸 美國] Trump attacks allies, signals Iran war may end without opening Hormuz
23:31:40  INFO    [🇺🇸 美國] How in the World Was the Supreme Court’s Awful Conversion Therapy Ruling 8–1?
23:31:40  INFO    [🇺🇸 美國] ENSURING CITIZENSHIP VERIFICATION AND INTEGRITY IN FEDERAL ELECTIONS
23:31:40  INFO    [🇺🇸 美國] Pete Hegseth says "upcoming days will be decisive" in war against Iran
23:31:40  INFO    [🇺🇸 美國] Judge Blocks Trump’s Order to End Funding for NPR and PBS
23:31:57  INFO  
🖥️  產生 HTML 報告...
23:31:57  INFO  
✅  HTML：報告_20260331_2331.html
23:31:57  INFO  ✅  CSV：機會分析_20260331_2331.csv
23:31:57  INFO  📝  Log：logs/scan_20260331_233031.log
