23:30:33  INFO  ======================================================================
23:30:33  INFO  🔥  每日機會分析系統 v10
23:30:33  INFO  📅  2026-04-18 23:30
23:30:33  INFO  ======================================================================
23:30:33  INFO  
① 🌕  CRYPTO
23:30:34  ERROR    BTC-USD: float() argument must be a string or a real number, not 'Series'
23:30:35  ERROR    ETH-USD: float() argument must be a string or a real number, not 'Series'
23:30:36  ERROR    SOL-USD: float() argument must be a string or a real number, not 'Series'
23:30:37  ERROR    BNB-USD: float() argument must be a string or a real number, not 'Series'
23:30:38  ERROR    XRP-USD: float() argument must be a string or a real number, not 'Series'
23:30:38  INFO    ✅ Crypto 0 筆
23:30:38  INFO  
② 📈  股票
23:30:39  INFO    [台] 3293.TWO     鈊象電子         $    775.00  +0.91% 偏多
23:30:39  INFO             買入點：— 目前無買入信號  進場區：$719.4 ~ $733.8  止損：$701.3
23:30:41  INFO    [台] 00909.TW     國泰智能電動車ETF   $     44.31  +0.73% 多空分歧
23:30:41  INFO             買入點：— 目前無買入信號  進場區：$34.4 ~ $35.1  止損：$34.2
23:30:42  INFO    [台] 0056.TW      元大高股息        $     40.98  +0.44% 三線多頭
23:30:42  INFO             買入點：— 目前無買入信號  進場區：$36.6 ~ $37.3  止損：$35.9
23:30:43  INFO    [台] 6111.TWO     6111擎亞       $     48.10  +1.80% 多空分歧
23:30:43  INFO             買入點：— 目前無買入信號  進場區：$39.7 ~ $40.5  止損：$38.7
23:30:44  INFO    [台] 00878.TW     國泰永續高股息      $     24.06  +1.09% 三線多頭
23:30:44  INFO             買入點：— 目前無買入信號  進場區：$21.3 ~ $21.8  止損：$21.1
23:30:45  INFO    [台] 3017.TW      奇鋐           $  2,400.00  -1.64% 三線多頭
23:30:45  INFO             買入點：— 目前無買入信號  進場區：$1,825.8 ~ $1,862.5  止損：$1,780.0
23:30:46  INFO    [台] 00713.TW     元大高息低波       $     54.00  +0.75% 三線多頭
23:30:46  INFO             買入點：— 目前無買入信號  進場區：$50.0 ~ $51.0  止損：$49.1
23:30:48  INFO    [台] 00919.TW     群益台灣精選高息     $     23.43  +0.56% 三線多頭
23:30:48  INFO             買入點：— 目前無買入信號  進場區：$21.9 ~ $22.3  止損：$21.3
23:30:49  INFO    [美] NVDA         NVIDIA       $    201.68  +1.68% 偏多
23:30:49  INFO             買入點：— 目前無買入信號  進場區：$159.2 ~ $162.4  止損：$159.3
23:30:50  INFO    [美] GEV          GE Vernova   $  1,002.75  +2.50% 偏多
23:30:50  INFO             買入點：— 目前無買入信號  進場區：$803.0 ~ $819.1  止損：$782.8
23:30:51  INFO    [台] 2330.TW      台積電          $  2,030.00  -2.64% 三線多頭
23:30:51  INFO             買入點：— 目前無買入信號  進場區：$1,681.4 ~ $1,715.2  止損：$1,707.2
23:30:52  INFO    [美] AMD          AMD          $    278.39  +0.05% 三線多頭
23:30:52  INFO             買入點：— 目前無買入信號  進場區：$174.0 ~ $177.5  止損：$187.1
23:30:53  INFO    [美] TSM          台積電ADR       $    370.50  +1.97% 多空分歧
23:30:53  INFO             買入點：— 目前無買入信號  進場區：$310.6 ~ $316.8  止損：$304.4
23:30:55  INFO    [台] 2317.TW      鴻海           $    206.00  -0.48% 多空分歧
23:30:55  INFO             買入點：— 目前無買入信號  進場區：$186.6 ~ $190.3  止損：$181.9
23:30:56  INFO    [台] 2530.TW      華建           $     22.60  -0.22% 三線空頭
23:30:56  INFO             買入點：🎯 一條件滿足 — 待確認  進場區：$22.0 ~ $22.5  止損：$21.8
23:30:57  INFO    [美] MU           美光           $    455.07  -0.47% 三線多頭
23:30:57  INFO             買入點：— 目前無買入信號  進場區：$309.9 ~ $316.2  止損：$302.1
23:30:58  INFO    [美] LRCX         科林研發         $    267.60  +2.54% 多空分歧
23:30:58  INFO             買入點：— 目前無買入信號  進場區：$191.0 ~ $194.8  止損：$192.6
23:31:00  INFO    [台] 00631L.TW    元大台灣50正2     $     25.59  -1.50% 多空分歧
23:31:00  INFO             買入點：🎯 一條件滿足 — 待確認  進場區：$-208.4 ~ $-212.6  止損：$18.5
23:31:01  INFO    [台] 00910.TW     第一金太空衛星      $     71.75  +5.44% 三線多頭
23:31:01  INFO             買入點：— 目前無買入信號  進場區：$51.3 ~ $52.3  止損：$52.9
23:31:02  INFO    [台] 2308.TW      台達電          $  1,840.00  -0.27% 三線多頭
23:31:02  INFO             買入點：— 目前無買入信號  進場區：$1,267.1 ~ $1,292.5  止損：$1,324.0
23:31:05  INFO    ✅ 股票 20 筆
23:31:05  INFO  
③ 🌟  生活熱門趨勢
23:31:05  INFO    📊 Google Trends 台灣（生活/食衣住行）...
23:31:06  INFO    [食品飲料] 熱度:7 動能:-30% 最熱關鍵字：美食 ❄️
23:31:09  INFO    [服飾美妝] 熱度:26 動能:-17% 最熱關鍵字：防曬 ❄️
23:31:12  INFO    [居家生活] 熱度:23 動能:-36% 最熱關鍵字：家具 ❄️
23:31:15  INFO    [娛樂3C] 熱度:43 動能:+4% 最熱關鍵字：手機 🔥
23:31:17  INFO    [健康運動] 熱度:34 動能:-22% 最熱關鍵字：健身 ❄️
23:31:20  INFO    [旅遊交通] 熱度:30 動能:-1% 最熱關鍵字：機票 ❄️
23:31:22  INFO    💬 Dcard 熱門...
23:31:22  WARNING      ⚠️  www.dcard.tw → 403 Client Error: Forbidden for url: https://www.dcard.tw/f/trending
23:31:22  INFO    📋 PTT 熱門...
23:31:23  WARNING      ⚠️  www.ptt.cc → ('Connection aborted.', ConnectionResetError(104, 'Connection reset by peer'))
23:31:23  INFO    [PTT/Stock] [11] [新聞] 日本限制地方政府IT採購須認證　擬2027排
23:31:23  INFO    [PTT/Stock] [88] [新聞] 川普要求太過分！伊朗：「尚未同意」舉行
23:31:23  INFO    [PTT/Stock] [32] [公告] 水桶的需求實在是太過強勁了！
23:31:23  INFO    [PTT/Stock] [33] [新聞] 劍指台積 特斯拉挖角半導體工程師
23:31:23  INFO    [PTT/Stock] [28] [新聞] 聯電布局新技術 先進封裝、矽光子 扮新
23:31:24  INFO    [PTT/beauty] [4] [正妹] 吳允芊
23:31:24  INFO    [PTT/beauty] [8] [正妹] 草帽☆澳洲☆膚色讚
23:31:24  INFO    [PTT/beauty] [1] [正妹] Cosplay 2693 俄羅斯 EVA
23:31:24  INFO    [PTT/beauty] [21] [正妹] 胸圍130CM
23:31:24  INFO    [PTT/beauty] [2] Re: [正妹] 胸圍130CM
23:31:25  INFO    [PTT/movie] [2] [新聞]賽琳娜戈梅茲主演《粗獷派》導演史詩新作！
23:31:25  INFO    [PTT/movie] [4] [新聞]史特龍回歸《第一滴血》前傳公開新卡司！大
23:31:25  INFO    [PTT/movie] [2] [真假雷] 密陽（韓國電影，2007年）
23:31:25  INFO    [PTT/movie] [] [公告] 電影板板規 2025/10/26
23:31:25  INFO    [PTT/movie] [X1] [公告] 政治電影新聞張貼規範
23:31:26  INFO    [PTT/food] [] [廣宣] 台北 台式頂級蝦湯鍋物-聚食釜
23:31:26  INFO    [PTT/food] [] [食記] 桃園市龍潭區。佟記蔥油餅
23:31:26  INFO    [PTT/food] [] [食記] 台北大安 水粵香10人桌招牌菜色開箱
23:31:26  INFO    [PTT/food] [1] [食記] 苗栗縣頭屋鄉-禪廚蔬食餐廳
23:31:26  INFO    [PTT/food] [] [食記] 新北市林口區。eat enjoy 意享美式廚房
23:31:27  INFO    📺 YouTube 台灣熱門...
23:31:27  INFO    🎵 TikTok...
23:31:28  INFO    [TikTok] #1 #thingyan
23:31:28  INFO    🛍️  Shopee 台灣熱銷...
23:31:31  INFO    💬 Reddit 熱賣（本週）...
23:31:32  INFO    ✅ 生活趨勢完成
23:31:32  INFO  
④ 📰  消息面
23:31:32  INFO    [🇹🇼 台灣] 3年零暴力今破功！大甲媽還未到彰化市「一級戰區」 民眾就開打3警官掛彩
23:31:32  INFO    [🇹🇼 台灣] 伊朗革命衛隊：荷姆茲海峽再次關閉
23:31:32  INFO    [🇹🇼 台灣] 睽違20年「世紀雙媽會」成真？大甲媽、白沙屯媽最新路線曝光
23:31:32  INFO    [🇹🇼 台灣] 下週連3天飆33度！這天鋒面槽線掠過 雷雨炸全台
23:31:32  INFO    [🇹🇼 台灣] 川普稱伊朗同意交出濃縮鈾德黑蘭秒打臉：絕不轉移| 國際
23:31:32  INFO    [🇹🇼 台灣] 沈伯洋選北市長呼聲高簡舒培示警：「紅色通緝令」帶來重大挑戰- 政治
23:31:34  INFO    [🇯🇵 日本] 伊朗宣布重新封鎖霍爾木茲海峽…拒絕川普宣布繼續實施海上封鎖，並表示「美國總統的聲明沒有可信度」。
23:31:35  INFO    [🇯🇵 日本] 【爆料】南灘男孩遺棄案“岳父是中國人”不實謠言氾濫“跳著不實謠言填寫碎片信息”
23:31:35  INFO    [🇯🇵 日本] 伊朗副外長表示與美國下一輪談判“日期尚未確定”，首先是框架協議
23:31:36  INFO    [🇯🇵 日本] 即使停火後，以色列仍將繼續在黎巴嫩行動，無視川普的“轟炸禁令”
23:31:37  INFO    [🇯🇵 日本] 伊朗再次關閉霍爾木茲海峽，英國當局稱革命衛隊向船隻開火
23:31:40  INFO    [🇯🇵 日本] 今天4月19日（星期日）天气预报：日本北部和东部天气晴朗，适合外出。雨傘會派上用場，尤其是在九州。
23:31:42  INFO    [🇰🇷 韓國] 川普表示，儘管伊朗重新封鎖霍爾木茲海峽，談判仍進展順利
23:31:45  INFO    [🇰🇷 韓國] 【突發新聞】北韓和東方發射彈道飛彈，11天來首次挑釁
23:31:51  INFO    [🇰🇷 韓國] 「我按時納稅，卻被當作隱形人」…中國選民眼中的6月3日地方選舉
23:31:52  INFO    [🇰🇷 韓國] 週日，首爾和春川氣溫接近30度…四月中旬初夏炎熱
23:31:52  INFO    [🇰🇷 韓國] 「狼，我吃得很好。」恢復健康…第一餐是牛肉和雞肉的特色餐。
23:31:53  INFO    [🇰🇷 韓國] 濟州島知事民主黨候選人魏坤偉…與國家權力文成佑面對面
23:31:54  INFO    [🇺🇸 美國] Strait of Hormuz closed again, Iran says, as ships attacked
23:31:54  INFO    [🇺🇸 美國] Pope Leo says he was not ‘trying to debate’ Trump over US attack on Iran
23:31:54  INFO    [🇺🇸 美國] Trump signs order fast tracking review of psychedelics for mental health disorders
23:31:54  INFO    [🇺🇸 美國] Forced out of the military — and into the redistricting wars
23:31:54  INFO    [🇺🇸 美國] Midwest, Great Lakes brace for more severe storms after night of tornadoes
23:31:54  INFO    [🇺🇸 美國] Exclusive | U.S. Military Prepares to Board Iran-Linked Ships in Coming Days, Officials Say
23:32:15  WARNING      ⚠️  www.nikkei.com → HTTPSConnectionPool(host='www.nikkei.com', port=443): Read timed out. (read timeout=14)
23:32:21  INFO  
🖥️  產生 HTML 報告...
23:32:21  INFO  
✅  HTML：報告_20260418_2332.html
23:32:21  INFO  ✅  CSV：機會分析_20260418_2332.csv
23:32:21  INFO  📝  Log：logs/scan_20260418_233033.log
