09:55:39  INFO  ======================================================================
09:55:39  INFO  🔥  每日機會分析系統 v10
09:55:39  INFO  📅  2026-04-03 09:55
09:55:39  INFO  ======================================================================
09:55:39  INFO  
① 🌕  CRYPTO
09:55:39  ERROR    BTC-USD: float() argument must be a string or a real number, not 'Series'
09:55:40  ERROR    ETH-USD: float() argument must be a string or a real number, not 'Series'
09:55:40  ERROR    SOL-USD: float() argument must be a string or a real number, not 'Series'
09:55:41  ERROR    BNB-USD: float() argument must be a string or a real number, not 'Series'
09:55:41  ERROR    XRP-USD: float() argument must be a string or a real number, not 'Series'
09:55:42  INFO    ✅ Crypto 0 筆
09:55:42  INFO  
② 📈  股票
09:55:42  INFO    [台] 3293.TWO     鈊象電子         $    755.00  -1.56% 多空分歧
09:55:42  INFO             買入點：— 目前無買入信號  進場區：$676.6 ~ $690.2  止損：$659.6
09:55:43  INFO    [台] 00909.TW     國泰智能電動車ETF   $     35.99  -1.83% 三線空頭
09:55:43  INFO             買入點：🎯 一條件滿足 — 待確認  進場區：$35.1 ~ $35.8  止損：$34.2
09:55:44  INFO    [台] 0056.TW      元大高股息        $     37.82  -0.76% 多空分歧
09:55:44  INFO             買入點：🎯 一條件滿足 — 待確認  進場區：$36.3 ~ $37.0  止損：$35.4
09:55:44  INFO    [台] 6111.TWO     6111擎亞       $     43.00  +1.65% 偏空
09:55:44  INFO             買入點：🎯 一條件滿足 — 待確認  進場區：$39.7 ~ $40.5  止損：$38.7
09:55:45  INFO    [台] 00878.TW     國泰永續高股息      $     22.03  -1.21% 多空分歧
09:55:45  INFO             買入點：🎯 一條件滿足 — 待確認  進場區：$21.2 ~ $21.6  止損：$20.6
09:55:46  INFO    [台] 3017.TW      奇鋐           $  2,070.00  -1.90% 多空分歧
09:55:46  INFO             買入點：— 目前無買入信號  進場區：$1,637.0 ~ $1,669.9  止損：$1,615.0
09:55:47  INFO    [台] 00713.TW     元大高息低波       $     51.35  -0.29% 多空分歧
09:55:47  INFO             買入點：🎯 一條件滿足 — 待確認  進場區：$49.8 ~ $50.8  止損：$48.6
09:55:47  INFO    [台] 00919.TW     群益台灣精選高息     $     22.30  -0.89% 多空分歧
09:55:47  INFO             買入點：🎯 一條件滿足 — 待確認  進場區：$21.7 ~ $22.2  止損：$21.2
09:55:48  INFO    [美] NVDA         NVIDIA       $    177.39  +0.93% 多空分歧
09:55:48  INFO             買入點：🎯 一條件滿足 — 待確認  進場區：$163.4 ~ $166.7  止損：$159.3
09:55:49  INFO    [美] GEV          GE Vernova   $    898.57  +0.42% 三線多頭
09:55:49  INFO             買入點：— 目前無買入信號  進場區：$772.6 ~ $788.2  止損：$753.2
09:55:50  INFO    [台] 2330.TW      台積電          $  1,810.00  -2.43% 多空分歧
09:55:50  INFO             買入點：🎯 一條件滿足 — 待確認  進場區：$1,750.5 ~ $1,785.7  止損：$1,707.2
09:55:51  INFO    [美] AMD          AMD          $    217.50  +3.47% 多空分歧
09:55:51  INFO             買入點：— 目前無買入信號  進場區：$187.6 ~ $191.4  止損：$183.3
09:55:51  INFO    [美] TSM          台積電ADR       $    339.04  -0.72% 多空分歧
09:55:51  INFO             買入點：🎯 一條件滿足 — 待確認  進場區：$312.2 ~ $318.5  止損：$304.4
09:55:52  INFO    [台] 2317.TW      鴻海           $    193.00  -2.03% 三線空頭
09:55:52  INFO             買入點：🎯 一條件滿足 — 待確認  進場區：$184.3 ~ $188.0  止損：$181.9
09:55:53  INFO    [台] 2530.TW      華建           $     24.05  -3.41% 三線空頭
09:55:53  INFO             買入點：🎯 一條件滿足 — 待確認  進場區：$23.8 ~ $24.3  止損：$23.2
09:55:54  INFO    [美] MU           美光           $    366.24  -0.44% 多空分歧
09:55:54  INFO             買入點：🎯 一條件滿足 — 待確認  進場區：$309.9 ~ $316.2  止損：$302.1
09:55:55  INFO    [美] LRCX         科林研發         $    218.44  -1.61% 三線多頭
09:55:55  INFO             買入點：🎯 一條件滿足 — 待確認  進場區：$193.1 ~ $197.0  止損：$188.3
09:55:55  INFO    [台] 00631L.TW    元大台灣50正2     $     20.00  -4.76% 偏空
09:55:55  INFO             買入點：🎯 一條件滿足 — 待確認  進場區：$-191.0 ~ $-194.8  止損：$18.5
09:55:56  INFO    [台] 00910.TW     第一金太空衛星      $     58.20  +1.31% 多空分歧
09:55:56  INFO             買入點：— 目前無買入信號  進場區：$52.1 ~ $53.1  止損：$50.8
09:55:57  INFO    [台] 2308.TW      台達電          $  1,430.00  -3.05% 多空分歧
09:55:57  INFO             買入點：🎯 一條件滿足 — 待確認  進場區：$1,189.0 ~ $1,212.9  止損：$1,159.1
09:55:58  INFO    ⏰ 9:xx 外資 16:30 後更新
09:55:58  INFO    ✅ 股票 20 筆
09:55:58  INFO  
③ 🌟  生活熱門趨勢
09:55:58  INFO    📊 Google Trends 台灣（生活/食衣住行）...
09:55:58  INFO    [食品飲料] 熱度:20 動能:+70% 最熱關鍵字：美食 🔥🔥🔥
09:56:01  INFO    [服飾美妝] 熱度:34 動能:+3% 最熱關鍵字：穿搭 🔥
09:56:03  INFO    [居家生活] 熱度:39 動能:+25% 最熱關鍵字：家具 🔥🔥🔥
09:56:06  INFO    [娛樂3C] 熱度:43 動能:+6% 最熱關鍵字：手機 🔥🔥
09:56:08  INFO    [健康運動] 熱度:26 動能:-7% 最熱關鍵字：健身 ❄️
09:56:10  INFO    [旅遊交通] 熱度:24 動能:-11% 最熱關鍵字：機票 ❄️
09:56:12  INFO    💬 Dcard 熱門...
09:56:13  WARNING      ⚠️  www.dcard.tw → 403 Client Error: Forbidden for url: https://www.dcard.tw/f/trending
09:56:13  INFO    📋 PTT 熱門...
09:56:13  INFO    [PTT/Gossiping] [] Re: [問卦] 八又翻？軍武版說是F-15E被打？
09:56:13  INFO    [PTT/Gossiping] [4] [問卦] 大陸豬腳飯怎屌打台灣
09:56:13  INFO    [PTT/Gossiping] [1] [問卦] 多元男仕都如何邂逅O_o
09:56:13  INFO    [PTT/Gossiping] [] [問卦] 外雙溪哪家釣蝦場熱炒好吃？
09:56:13  INFO    [PTT/Gossiping] [] [問卦] 為何王文洋要把氣質女大生帶回給家人看
09:56:14  INFO    [PTT/Stock] [18] [新聞] 昔「明星股」股價跌回7000點時代！謝金河
09:56:14  INFO    [PTT/Stock] [29] [新聞] 川普關稅滿一年！台灣對美出口爆增81.8%
09:56:14  INFO    [PTT/Stock] [13] [情報] 1795美時 獲美國FDA核可並取得學名藥藥證
09:56:14  INFO    [PTT/Stock] [] [公告] Stock 板 開始舉辦樂透!
09:56:15  INFO    [PTT/beauty] [19] [正妹] 禹洙漢
09:56:15  INFO    [PTT/beauty] [] [正妹] 萱萱
09:56:15  INFO    [PTT/beauty] [2] [正妹] 許芸
09:56:15  INFO    [PTT/beauty] [2] [正妹] 薇薇
09:56:15  INFO    [PTT/beauty] [] [正妹] 吳瑞律
09:56:17  INFO    [PTT/movie] [] [新聞] 《超級瑪利歐銀河電影版》大賣！33年前真人版黑歷史　主演
09:56:17  INFO    [PTT/movie] [1] [新聞] 亨利卡維爾很想出演《007》中的反派角色
09:56:17  INFO    [PTT/movie] [] [情報] 王者天下5 宮女兩人卡司公開
09:56:17  INFO    [PTT/movie] [] [公告] 電影板板規 2025/10/26
09:56:17  INFO    [PTT/movie] [X1] [公告] 政治電影新聞張貼規範
09:56:18  INFO    [PTT/food] [] [食記] Onigiri Takeya 日本福島 平價又好吃飯糰
09:56:18  INFO    [PTT/food] [] [食記] 桃園市八德區。桃鶯生炒羊肉
09:56:18  INFO    [PTT/food] [] [食記] 新北蘆洲 Yoooi Yakiniku有壹燒肉
09:56:18  INFO    [PTT/food] [] [食記] 磐石坊 台北大安 椰香微辣巴東牛肉薑黃飯
09:56:18  INFO    📺 YouTube 台灣熱門...
09:56:18  INFO    🎵 TikTok...
09:56:19  INFO    [TikTok] #1 #aprilfools
09:56:19  INFO    🛍️  Shopee 台灣熱銷...
09:56:23  INFO    💬 Reddit 熱賣（本週）...
09:56:23  INFO    ✅ 生活趨勢完成
09:56:23  INFO  
④ 📰  消息面
09:56:23  INFO    [🇹🇼 台灣] 獨家》被爆是高虹安涉貪案的檢舉人之一 民眾黨預計下週火速開鍘李貞秀
09:56:23  INFO    [🇹🇼 台灣] 伊首度擊落中製「翼龍II」無人機! 海灣國家首次直接參戰曝光| 國際
09:56:23  INFO    [🇹🇼 台灣] 快訊／2縣「大雷雨」夜襲　新一波雨帶來了！連假4天全台溼答答
09:56:23  INFO    [🇹🇼 台灣] 美軍空襲伊朗大橋釀8死 川普嗆「繼續炸」不談什麼都不剩
09:56:23  INFO    [🇹🇼 台灣] 川普100％藥品懲罰關稅「豁免名單沒台灣」 食藥署回應了
09:56:23  INFO    [🇹🇼 台灣] 鄭麗文喊中國行「藍委不用跟團」！周軒曝「內部真相」：別高興太早
09:56:25  INFO    [🇯🇵 日本] 川普警告伊朗橋樑和發電廠遭受攻擊
09:56:26  INFO    [🇯🇵 日本] 據報道，川普可能考慮進一步更換內閣，商務部長盧特尼克在更換司法部長後
09:56:28  INFO    [🇯🇵 日本] 【突發新聞】霍爾木茲海峽最後一艘油輪抵達日本
09:56:29  INFO    [🇯🇵 日本] 大阪維新期間曾提出將縣議會席次減少50個的提案，如果實施的話，縣議會席次數將減少至29個。
09:56:30  INFO    [🇯🇵 日本] 美國陸軍最高參謀長蘭迪·喬治將軍辭職，實際上被替換……是否與國防部長赫格塞斯在人事問題上發生衝突？
09:56:31  INFO    [🇯🇵 日本] 【爆料】伊朗一半飛彈發射台完好無損？
09:56:32  INFO    [🇰🇷 韓國] [突發新聞]法院駁回暫停國力朱浩英「大邱市長斷電」的臨時禁令
09:56:33  INFO    [🇰🇷 韓國] 李總統會見馬克宏，“我們同意合作確保霍爾木茲運輸路線”
09:56:35  INFO    [🇰🇷 韓國] 靑 “利用公共交通避開尖峰時段的激勵措施”
09:56:36  INFO    [🇰🇷 韓國] 「李華英一會兒就離開」眾議員全勇基公開的另一段錄音…樸尚勇拒絕作證人宣誓
09:56:39  INFO    [🇰🇷 韓國] 金冠英申請開除禁令…“留黨的最後鬥爭”
09:56:41  INFO    [🇰🇷 韓國] 川普：對伊朗的毀滅還沒開始，接下來是橋樑和發電廠
09:56:41  INFO    [🇺🇸 美國] Pam Bondi Wanted a Graceful Exit. But Trump Wanted Her Gone.
09:56:41  INFO    [🇺🇸 美國] Army chief of staff fired by Hegseth, sources say
09:56:41  INFO    [🇺🇸 美國] Trump warns Tehran ‘more to follow’ after strike destroys Iran’s largest bridge
09:56:41  INFO    [🇺🇸 美國] Republican senators McConnell and Tillis break with Trump on Nato withdrawal
09:56:41  INFO    [🇺🇸 美國] Exclusive: US intelligence assesses Iran maintains significant missile launching capability, sources say
09:56:41  INFO    [🇺🇸 美國] Artemis II astronauts rocket toward the moon after spending a day around Earth
09:56:55  INFO  
🖥️  產生 HTML 報告...
09:56:55  INFO  
✅  HTML：報告_20260403_0956.html
09:56:55  INFO  ✅  CSV：機會分析_20260403_0956.csv
09:56:55  INFO  📝  Log：logs/scan_20260403_095539.log
