16:52:50  INFO  ======================================================================
16:52:50  INFO  🔥  每日機會分析系統 v10
16:52:50  INFO  📅  2026-03-22 16:52
16:52:50  INFO  ======================================================================
16:52:50  INFO  
① 🌕  CRYPTO
16:52:51  ERROR    BTC-USD: float() argument must be a string or a real number, not 'Series'
16:52:52  ERROR    ETH-USD: float() argument must be a string or a real number, not 'Series'
16:52:53  ERROR    SOL-USD: float() argument must be a string or a real number, not 'Series'
16:52:54  ERROR    BNB-USD: float() argument must be a string or a real number, not 'Series'
16:52:54  ERROR    XRP-USD: float() argument must be a string or a real number, not 'Series'
16:52:55  INFO    ✅ Crypto 0 筆
16:52:55  INFO  
② 📈  股票
16:52:56  INFO    [台] 3293.TWO     鈊象電子         $    744.00  +0.13% 多空分歧
16:52:56  INFO             買入點：— 目前無買入信號  進場區：$659.5 ~ $672.8  止損：$649.9
16:52:57  INFO    [台] 00909.TW     國泰智能電動車ETF   $     39.81  -0.10% 多空分歧
16:52:57  INFO             買入點：— 目前無買入信號  進場區：$36.2 ~ $36.9  止損：$35.3
16:52:58  INFO    [台] 0056.TW      元大高股息        $     38.77  -0.28% 多空分歧
16:52:58  INFO             買入點：🎯 一條件滿足 — 待確認  進場區：$36.3 ~ $37.0  止損：$35.4
16:52:59  INFO    [台] 6111.TWO     6111擎亞       $     44.60  +1.25% 多空分歧
16:52:59  INFO             買入點：🎯 一條件滿足 — 待確認  進場區：$40.8 ~ $41.6  止損：$39.8
16:53:00  INFO    [台] 00878.TW     國泰永續高股息      $     22.47  +0.00% 多空分歧
16:53:00  INFO             買入點：🎯 一條件滿足 — 待確認  進場區：$21.2 ~ $21.6  止損：$20.6
16:53:01  INFO    [台] 3017.TW      奇鋐           $  2,050.00  +1.74% 三線多頭
16:53:01  INFO             買入點：— 目前無買入信號  進場區：$1,500.9 ~ $1,531.1  止損：$1,464.7
16:53:02  INFO    [台] 00713.TW     元大高息低波       $     51.70  -0.04% 多空分歧
16:53:02  INFO             買入點：🎯 一條件滿足 — 待確認  進場區：$49.8 ~ $50.8  止損：$48.6
16:53:03  INFO    [台] 00919.TW     群益台灣精選高息     $     22.97  -0.13% 多空分歧
16:53:03  INFO             買入點：🎯 一條件滿足 — 待確認  進場區：$21.7 ~ $22.2  止損：$21.2
16:53:04  INFO    [美] NVDA         NVIDIA       $    172.70  -3.28% 三線空頭
16:53:04  INFO             買入點：🎯 一條件滿足 — 待確認  進場區：$170.9 ~ $174.3  止損：$166.6
16:53:05  INFO    [美] GEV          GE Vernova   $    851.07  -3.00% 多空分歧
16:53:05  INFO             買入點：🎯 一條件滿足 — 待確認  進場區：$772.6 ~ $788.2  止損：$753.2
16:53:06  INFO    [台] 2330.TW      台積電          $  1,840.00  -0.54% 多空分歧
16:53:06  INFO             買入點：🎯 一條件滿足 — 待確認  進場區：$1,755.4 ~ $1,790.7  止損：$1,711.3
16:53:07  INFO    [美] AMD          AMD          $    201.33  -1.92% 多空分歧
16:53:07  INFO             買入點：🎯 一條件滿足 — 待確認  進場區：$187.3 ~ $191.0  止損：$182.6
16:53:08  INFO    [美] TSM          台積電ADR       $    329.24  -2.82% 多空分歧
16:53:08  INFO             買入點：🎯 一條件滿足 — 待確認  進場區：$317.6 ~ $324.0  止損：$315.4
16:53:09  INFO    [台] 2317.TW      鴻海           $    203.00  -0.98% 三線空頭
16:53:09  INFO             買入點：🎯 一條件滿足 — 待確認  進場區：$195.5 ~ $199.4  止損：$194.5
16:53:10  INFO    [台] 2530.TW      華建           $     24.90  +0.40% 三線空頭
16:53:10  INFO             買入點：🎯 一條件滿足 — 待確認  進場區：$24.3 ~ $24.7  止損：$23.8
16:53:11  INFO    [美] MU           美光           $    422.90  -4.81% 多空分歧
16:53:11  INFO             買入點：— 目前無買入信號  進場區：$355.9 ~ $363.0  止損：$346.9
16:53:12  INFO    [美] LRCX         科林研發         $    228.36  -2.41% 多空分歧
16:53:12  INFO             買入點：— 目前無買入信號  進場區：$193.1 ~ $197.0  止損：$188.3
16:53:13  INFO    [台] 00631L.TW    元大台灣50正2     $    469.35  -0.67% 多空分歧
16:53:13  INFO             買入點：🎯 一條件滿足 — 待確認  進場區：$414.4 ~ $422.7  止損：$404.0
16:53:14  INFO    [台] 00910.TW     第一金太空衛星      $     57.25  +0.88% 三線多頭
16:53:14  INFO             買入點：— 目前無買入信號  進場區：$52.1 ~ $53.1  止損：$50.8
16:53:15  INFO    [台] 2308.TW      台達電          $  1,475.00  +1.37% 三線多頭
16:53:15  INFO             買入點：— 目前無買入信號  進場區：$1,184.0 ~ $1,207.8  止損：$1,154.3
16:53:18  INFO    ✅ 股票 20 筆
16:53:18  INFO  
③ 🌟  生活熱門趨勢
16:53:18  INFO    📊 Google Trends 台灣（生活/食衣住行）...
16:53:19  INFO    [食品飲料] 熱度:10 動能:-16% 最熱關鍵字：美食 ❄️
16:53:22  INFO    [服飾美妝] 熱度:35 動能:+12% 最熱關鍵字：穿搭 🔥🔥
16:53:24  INFO    [居家生活] 熱度:28 動能:+6% 最熱關鍵字：家具 🔥🔥
16:53:27  INFO    [娛樂3C] 熱度:39 動能:+4% 最熱關鍵字：手機 🔥
16:53:29  INFO    [健康運動] 熱度:37 動能:+6% 最熱關鍵字：健身 🔥🔥
16:53:32  INFO    [旅遊交通] 熱度:30 動能:+11% 最熱關鍵字：機票 🔥🔥
16:53:34  INFO    💬 Dcard 熱門...
16:53:34  WARNING      ⚠️  www.dcard.tw → 403 Client Error: Forbidden for url: https://www.dcard.tw/f/trending
16:53:34  INFO    📋 PTT 熱門...
16:53:35  WARNING      ⚠️  www.ptt.cc → ('Connection aborted.', ConnectionResetError(104, 'Connection reset by peer'))
16:53:35  INFO    [PTT/Stock] [14] Re: [情報] 伊朗提出4項措施回應川普威脅
16:53:35  INFO    [PTT/Stock] [10] Re: [新聞] 貝森特：川普將不惜一切代價達成中東目標
16:53:35  INFO    [PTT/Stock] [1] [心得] 我承認我當過外送妹....
16:53:35  INFO    [PTT/Stock] [] [公告] 股票板板規 v4.7 (2024/10/06 修正)
16:53:36  INFO    [PTT/beauty] [5] [正妹] Rona 張競
16:53:36  INFO    [PTT/beauty] [11] [正妹] 故意抖出來也遮住,五年後再給你看
16:53:36  INFO    [PTT/beauty] [5] [正妹] 大野愛実
16:53:36  INFO    [PTT/beauty] [8] [正妹] 柚子主播 林佑之
16:53:36  INFO    [PTT/beauty] [5] [正妹] 小日向ゆり 現役看護師
16:53:37  INFO    [PTT/movie] [39] [討論] 2026年對台灣男演員的看法
16:53:37  INFO    [PTT/movie] [7] [LIVE] HBO 21:00 壞蛋聯盟2
16:53:37  INFO    [PTT/movie] [12] [討論] 沒人討論邪降？
16:53:37  INFO    [PTT/movie] [7] [新聞]  梁朝偉確定來台！新片對戲母銀杏樹　外
16:53:37  INFO    [PTT/movie] [1] [ 我就雷] 極限返航ー鼓勵生育
16:53:38  INFO    [PTT/food] [] [食記] 台北士林區 Subber潛艇堡
16:53:38  INFO    [PTT/food] [] [食記] 宜蘭羅東白橡｜WhiteOak│路過的美味甜點
16:53:38  INFO    [PTT/food] [] [食記] 日本 旭川成吉思汗大黑屋 無腥味羔羊炙烤
16:53:38  INFO    [PTT/food] [] [食記] 劉家蝦公粄 屏東內埔 酥脆九層塔香蝦公粄
16:53:38  INFO    [PTT/food] [] [公告] Food板 板規 V3.91
16:53:39  INFO    📺 YouTube 台灣熱門...
16:53:39  INFO    🎵 TikTok...
16:53:39  INFO    [TikTok] #1 #eidmubarak
16:53:39  INFO    🛍️  Shopee 台灣熱銷...
16:53:43  INFO    💬 Reddit 熱賣（本週）...
16:53:43  INFO    ✅ 生活趨勢完成
16:53:43  INFO  
④ 📰  消息面
16:53:43  INFO    [🇹🇼 台灣] 影／「經過加油站應跟中油說謝謝」 卓榮泰：油價原本應漲15元
16:53:43  INFO    [🇹🇼 台灣] 賴總統拋重啟核電 反核團體：可能總統以前就愛核電…只是沒讓大家知道
16:53:43  INFO    [🇹🇼 台灣] 男子陳屍員林百果山路旁 眼珠被挖出、臉皮幾乎被削掉
16:53:43  INFO    [🇹🇼 台灣] 明起3波冷空氣接力報到！未來一週天氣趨勢一圖看| 生活
16:53:43  INFO    [🇹🇼 台灣] 誤會了！網傳南韓電子入境卡國籍改回台灣？真正爭議在「這格」未變
16:53:43  INFO    [🇹🇼 台灣] 川普限48小時內開放荷姆茲海峽「否則摧毀電廠」 伊朗火速回應了!
16:53:47  INFO    [🇯🇵 日本] 69%贊成日美首腦會談 71%支持內閣...讀賣新聞民調
16:53:49  INFO    [🇯🇵 日本] 伊朗代表「與國際海事組織合作」促進霍爾木茲海峽安全航行
16:53:50  INFO    [🇯🇵 日本] 「平和丸」船長現場檢查，一聲不吭地離開； 23日邊野古號翻船一週後
16:53:51  INFO    [🇯🇵 日本] 川普提到「採取強硬措施」來解決局勢；伊朗也威脅報復
16:53:54  INFO    [🇯🇵 日本] 今天22日晚，九州、近畿地區有雨，部分地區有大雨，23日明天早上，關東地區有雨（天氣預報員吉田友美2026年3月22日）
16:53:56  INFO    [🇯🇵 日本] 「為什麼你得不到選民的支持？」中間派代表小川純也眼中的在野黨青年 媒體觀察皆川剛司
16:53:58  INFO    [🇰🇷 韓國] 開放式結構油跡、缺乏疏散通道…大田工廠火災升級
16:54:00  INFO    [🇰🇷 韓國] 國家力量、大邱市長朱浩英和李陣淑的意外中斷…“我不明白他們為什麼要以無黨派身份參選”
16:54:03  INFO    [🇰🇷 韓國] 政府黨、政府“25兆韓元補充預算，計劃在不發行額外政府債券的情況下利用多餘的稅收收入”
16:54:03  INFO    [🇰🇷 韓國] 「BTSnomics」證明...雞肉、便利商店和百貨公司銷售激增
16:54:06  INFO    [🇰🇷 韓國] 李總統「連0.1%的漏洞都沒有」…將擁有多套房屋的公職人員排除在房地產政策之外
16:54:06  INFO    [🇰🇷 韓國] 元熙龍歡迎楊平高速公路重新通車，民主黨京畿道知府候選人紛紛“批評”…“無恥歸咎於他人”“出體”
16:54:07  INFO    [🇺🇸 美國] Middle East crisis live: Iran will completely close strait of Hormuz if Trump acts on infrastructure threats, says IRG
16:54:07  INFO    [🇺🇸 美國] Trump says he will deploy ICE to airports as TSA shortages drive delays
16:54:07  INFO    [🇺🇸 美國] Did Iran launch missiles at US-UK base on Diego Garcia? Here’s what to know
16:54:07  INFO    [🇺🇸 美國] Sudan drone attack on key hospital killed 64 people during Eid, WHO says
16:54:07  INFO    [🇺🇸 美國] Cuba’s power grid collapses leaving it without electricity for the 3rd time this month
16:54:07  INFO    [🇺🇸 美國] Nonprofits, unions and airports rally to feed TSA officers as shutdown drags
16:54:21  INFO  
🖥️  產生 HTML 報告...
16:54:21  INFO  
✅  HTML：報告_20260322_1654.html
16:54:21  INFO  ✅  CSV：機會分析_20260322_1654.csv
16:54:21  INFO  📝  Log：logs/scan_20260322_165250.log
