09:37:06  INFO  ======================================================================
09:37:06  INFO  🔥  每日機會分析系統 v10
09:37:06  INFO  📅  2026-03-22 09:37
09:37:06  INFO  ======================================================================
09:37:06  INFO  
① 🌕  CRYPTO
09:37:07  ERROR    BTC-USD: float() argument must be a string or a real number, not 'Series'
09:37:08  ERROR    ETH-USD: float() argument must be a string or a real number, not 'Series'
09:37:09  ERROR    SOL-USD: float() argument must be a string or a real number, not 'Series'
09:37:10  ERROR    BNB-USD: float() argument must be a string or a real number, not 'Series'
09:37:11  ERROR    XRP-USD: float() argument must be a string or a real number, not 'Series'
09:37:11  INFO    ✅ Crypto 0 筆
09:37:11  INFO  
② 📈  股票
09:37:12  INFO    [台] 3293.TWO     鈊象電子         $    744.00  +0.13% 多空分歧
09:37:12  INFO             買入點：— 目前無買入信號  進場區：$659.5 ~ $672.8  止損：$649.9
09:37:13  INFO    [台] 00909.TW     國泰智能電動車ETF   $     39.81  -0.10% 多空分歧
09:37:13  INFO             買入點：— 目前無買入信號  進場區：$36.2 ~ $36.9  止損：$35.3
09:37:15  INFO    [台] 0056.TW      元大高股息        $     38.77  -0.28% 多空分歧
09:37:15  INFO             買入點：🎯 一條件滿足 — 待確認  進場區：$36.3 ~ $37.0  止損：$35.4
09:37:16  INFO    [台] 6111.TWO     6111擎亞       $     44.60  +1.25% 多空分歧
09:37:16  INFO             買入點：🎯 一條件滿足 — 待確認  進場區：$40.8 ~ $41.6  止損：$39.8
09:37:17  INFO    [台] 00878.TW     國泰永續高股息      $     22.47  +0.00% 多空分歧
09:37:17  INFO             買入點：🎯 一條件滿足 — 待確認  進場區：$21.2 ~ $21.6  止損：$20.6
09:37:18  INFO    [台] 3017.TW      奇鋐           $  2,050.00  +1.74% 三線多頭
09:37:18  INFO             買入點：— 目前無買入信號  進場區：$1,500.9 ~ $1,531.1  止損：$1,464.7
09:37:20  INFO    [台] 00713.TW     元大高息低波       $     51.70  -0.04% 多空分歧
09:37:20  INFO             買入點：🎯 一條件滿足 — 待確認  進場區：$49.8 ~ $50.8  止損：$48.6
09:37:21  INFO    [台] 00919.TW     群益台灣精選高息     $     22.97  -0.13% 多空分歧
09:37:21  INFO             買入點：🎯 一條件滿足 — 待確認  進場區：$21.7 ~ $22.2  止損：$21.2
09:37:22  INFO    [美] NVDA         NVIDIA       $    172.70  -3.28% 三線空頭
09:37:22  INFO             買入點：🎯 一條件滿足 — 待確認  進場區：$170.9 ~ $174.3  止損：$166.6
09:37:24  INFO    [美] GEV          GE Vernova   $    851.07  -3.00% 多空分歧
09:37:24  INFO             買入點：🎯 一條件滿足 — 待確認  進場區：$772.6 ~ $788.2  止損：$753.2
09:37:25  INFO    [台] 2330.TW      台積電          $  1,840.00  -0.54% 多空分歧
09:37:25  INFO             買入點：🎯 一條件滿足 — 待確認  進場區：$1,755.4 ~ $1,790.7  止損：$1,711.3
09:37:26  INFO    [美] AMD          AMD          $    201.33  -1.92% 多空分歧
09:37:26  INFO             買入點：🎯 一條件滿足 — 待確認  進場區：$187.3 ~ $191.0  止損：$182.6
09:37:28  INFO    [美] TSM          台積電ADR       $    329.24  -2.82% 多空分歧
09:37:28  INFO             買入點：🎯 一條件滿足 — 待確認  進場區：$317.6 ~ $324.0  止損：$315.4
09:37:29  INFO    [台] 2317.TW      鴻海           $    203.00  -0.98% 三線空頭
09:37:29  INFO             買入點：🎯 一條件滿足 — 待確認  進場區：$195.5 ~ $199.4  止損：$194.5
09:37:30  INFO    [台] 2530.TW      華建           $     24.90  +0.40% 三線空頭
09:37:30  INFO             買入點：🎯 一條件滿足 — 待確認  進場區：$24.3 ~ $24.7  止損：$23.8
09:37:31  INFO    [美] MU           美光           $    422.90  -4.81% 多空分歧
09:37:31  INFO             買入點：— 目前無買入信號  進場區：$355.9 ~ $363.0  止損：$346.9
09:37:33  INFO    [美] LRCX         科林研發         $    228.36  -2.41% 多空分歧
09:37:33  INFO             買入點：— 目前無買入信號  進場區：$193.1 ~ $197.0  止損：$188.3
09:37:34  INFO    [台] 00631L.TW    元大台灣50正2     $    469.35  -0.67% 多空分歧
09:37:34  INFO             買入點：🎯 一條件滿足 — 待確認  進場區：$414.4 ~ $422.7  止損：$404.0
09:37:35  INFO    [台] 00910.TW     第一金太空衛星      $     57.25  +0.88% 三線多頭
09:37:35  INFO             買入點：— 目前無買入信號  進場區：$52.1 ~ $53.1  止損：$50.8
09:37:37  INFO    [台] 2308.TW      台達電          $  1,475.00  +1.37% 三線多頭
09:37:37  INFO             買入點：— 目前無買入信號  進場區：$1,184.0 ~ $1,207.8  止損：$1,154.3
09:37:37  INFO    ⏰ 9:xx 外資 16:30 後更新
09:37:37  INFO    ✅ 股票 20 筆
09:37:37  INFO  
③ 🌟  生活熱門趨勢
09:37:37  INFO    📊 Google Trends 台灣（生活/食衣住行）...
09:37:38  INFO    [食品飲料] 熱度:21 動能:+76% 最熱關鍵字：美食 🔥🔥🔥
09:37:41  INFO    [服飾美妝] 熱度:32 動能:+6% 最熱關鍵字：穿搭 🔥🔥
09:37:43  INFO    [居家生活] 熱度:33 動能:+22% 最熱關鍵字：家具 🔥🔥🔥
09:37:46  INFO    [娛樂3C] 熱度:42 動能:+2% 最熱關鍵字：手機 🔥
09:37:49  INFO    [健康運動] 熱度:39 動能:+1% 最熱關鍵字：健身 🔥
09:37:51  INFO    [旅遊交通] 熱度:25 動能:-8% 最熱關鍵字：機票 ❄️
09:37:53  INFO    💬 Dcard 熱門...
09:37:54  WARNING      ⚠️  www.dcard.tw → 403 Client Error: Forbidden for url: https://www.dcard.tw/f/trending
09:37:54  INFO    📋 PTT 熱門...
09:37:54  WARNING      ⚠️  www.ptt.cc → ('Connection aborted.', ConnectionResetError(104, 'Connection reset by peer'))
09:37:55  INFO    [PTT/Stock] [6] Re: [新聞] 魏哲家獲亞大名譽博士　直言中國機器人「
09:37:55  INFO    [PTT/Stock] [92] [新聞] 賽博果蠅活了，人類「數字永生」將成爲現
09:37:55  INFO    [PTT/Stock] [3] Re: [新聞] 魏哲家獲亞大名譽博士　直言中國機器人「
09:37:55  INFO    [PTT/Stock] [31] Re: [新聞] 魏哲家獲亞大名譽博士　直言中國機器人「
09:37:55  INFO    [PTT/Stock] [爆] [新聞] 伊朗放話「擴大報復至全世界」！
09:37:56  INFO    [PTT/beauty] [4] [正妹] Rona 張競
09:37:56  INFO    [PTT/beauty] [1] [正妹] 故意抖出來也遮住,五年後再給你看
09:37:56  INFO    [PTT/beauty] [92] [公告] 不願上表特 ＆ 優文推薦 ＆ 檢舉建議專區
09:37:56  INFO    [PTT/beauty] [1] [公告] 口罩文會退文
09:37:56  INFO    [PTT/beauty] [] [公告] 表特板板規(2022.10.22)
09:37:57  INFO    [PTT/movie] [17] [討論] 2026年對台灣男演員的看法
09:37:57  INFO    [PTT/movie] [3] [LIVE] HBO 21:00 壞蛋聯盟2
09:37:57  INFO    [PTT/movie] [2] [討論] 沒人討論邪降？
09:37:57  INFO    [PTT/movie] [] [新聞]  梁朝偉確定來台！新片對戲母銀杏樹　外
09:37:57  INFO    [PTT/movie] [] [公告] 電影板板規 2025/10/26
09:37:58  INFO    [PTT/food] [] [食記] 台南南區 玉翠越南河粉 好吃平價
09:37:58  INFO    [PTT/food] [] [食記] 台南南區 阿美肉燥飯 真的在地人才知道
09:37:58  INFO    [PTT/food] [] [食記] 泰國曼谷 Fika&Co
09:37:58  INFO    [PTT/food] [] [食記] 台北內湖 美福乾式熟成牛排館~牛排美味
09:37:58  INFO    [PTT/food] [] [食記] 台北士林區 美墨德州炸雞
09:37:58  INFO    📺 YouTube 台灣熱門...
09:37:59  INFO    🎵 TikTok...
09:38:00  INFO    [TikTok] #1 #eidmubarak
09:38:00  INFO    🛍️  Shopee 台灣熱銷...
09:38:04  INFO    💬 Reddit 熱賣（本週）...
09:38:04  INFO    ✅ 生活趨勢完成
09:38:04  INFO  
④ 📰  消息面
09:38:04  INFO    [🇹🇼 台灣] 賴總統「依法行政」估核二、核三重啟 詹順貴：把人民當笨蛋
09:38:04  INFO    [🇹🇼 台灣] 以色列南部兩城遭伊朗飛彈重創 傷者超過百人
09:38:04  INFO    [🇹🇼 台灣] 對伊朗下最後通牒！ 川普：不開放荷姆茲海峽就轟炸最大發電廠
09:38:04  INFO    [🇹🇼 台灣] 趕快加油！中油下週一汽、柴油各調漲1.8元及1.4元
09:38:04  INFO    [🇹🇼 台灣] 迎好天氣！明起全台高溫「直逼30度」 北、東下波轉雨時間曝
09:38:04  INFO    [🇹🇼 台灣] 為何對伊朗說法髮夾彎？紐時：川普面臨3意外 德黑蘭是另個層級的對手
09:38:08  INFO    [🇯🇵 日本] 美國總統警告48小時內解除對霍爾木茲的封鎖，威脅要摧毀伊朗核設施 - 交換對核設施的攻擊
09:38:09  INFO    [🇯🇵 日本] 茂木外相透露，日本首相高市向川普總統解釋“憲法第9條的限制”
09:38:11  INFO    [🇯🇵 日本] 「平和丸」船長の男性、記者の呼びかけに応じず 辺野古沖転覆で11管が実況見分
09:38:12  INFO    [🇯🇵 日本] 國際海事組織伊朗代表表示願意合作改善海上安全
09:38:16  INFO    [🇯🇵 日本] 伊朗釋放了一名去年六月被拘留的日本公民，但現已回國
09:38:17  INFO    [🇯🇵 日本] 與需要醫療的兒子相伴23年，短期停留已不再可用…“支持父母和孩子安心變老”
09:38:20  INFO    [🇰🇷 韓國] 「哎喲我的寶貝，我該怎麼辦？你怎麼在這裡？」…大田火聯香爐『淚海’
09:38:23  INFO    [🇰🇷 韓國] ‘BTS 2.0’의 화려한 출발…그리고 광화문 공연이 남긴 숙제
09:38:25  INFO    [🇰🇷 韓國] [社論] 排除公職人員在多處住宅中的“房地產工作”，這是增加政策信任的一種方式
09:38:27  INFO    [🇰🇷 韓國] 金藝智指著點字進行了長達17小時35分鐘的阻撓……朝野雙方都表示“幹得好”
09:38:29  INFO    [🇰🇷 韓國] 就審查削減伊朗行動的言論發表一天後發出48小時最後通牒…雙面戰略？沒有策略嗎？
09:38:31  INFO    [🇰🇷 韓國] 李總統回應反對“馴服媒體”的強烈反對，他說：“新聞自由並不意味著特權。”
09:38:32  INFO    [🇺🇸 美國] Middle East crisis live: Iranian official claims strait of Hormuz open to all but ships of ‘enemy’ countries
09:38:32  INFO    [🇺🇸 美國] Trump says he will order federal immigration officers to help with airport security unless Democrats end shutdown
09:38:32  INFO    [🇺🇸 美國] Iran launched missiles at US-UK military base in the Indian Ocean. Here’s what that says about its capabilities
09:38:32  INFO    [🇺🇸 美國] Trump continues to target Robert Mueller after his death
09:38:32  INFO    [🇺🇸 美國] Cuba’s power grid collapses leaving it without electricity for the 3rd time this month
09:38:32  INFO    [🇺🇸 美國] For airline travelers, the shutdown answer is simple: Pay TSA officers
09:38:48  INFO  
🖥️  產生 HTML 報告...
09:38:48  INFO  
✅  HTML：報告_20260322_0938.html
09:38:48  INFO  ✅  CSV：機會分析_20260322_0938.csv
09:38:48  INFO  📝  Log：logs/scan_20260322_093706.log
