23:27:19  INFO  ======================================================================
23:27:19  INFO  🔥  每日機會分析系統 v10
23:27:19  INFO  📅  2026-03-28 23:27
23:27:19  INFO  ======================================================================
23:27:19  INFO  
① 🌕  CRYPTO
23:27:19  ERROR    BTC-USD: float() argument must be a string or a real number, not 'Series'
23:27:20  ERROR    ETH-USD: float() argument must be a string or a real number, not 'Series'
23:27:21  ERROR    SOL-USD: float() argument must be a string or a real number, not 'Series'
23:27:21  ERROR    BNB-USD: float() argument must be a string or a real number, not 'Series'
23:27:22  ERROR    XRP-USD: float() argument must be a string or a real number, not 'Series'
23:27:22  INFO    ✅ Crypto 0 筆
23:27:22  INFO  
② 📈  股票
23:27:23  INFO    [台] 3293.TWO     鈊象電子         $    796.00  +1.53% 三線多頭
23:27:23  INFO             買入點：— 目前無買入信號  進場區：$658.8 ~ $672.0  止損：$649.9
23:27:24  INFO    [台] 00909.TW     國泰智能電動車ETF   $     38.47  -2.98% 多空分歧
23:27:24  INFO             買入點：🎯🎯 兩條件滿足 — 觀察買入點  進場區：$36.2 ~ $36.9  止損：$35.3
23:27:24  INFO    [台] 0056.TW      元大高股息        $     38.43  -0.34% 多空分歧
23:27:24  INFO             買入點：🎯🎯 兩條件滿足 — 觀察買入點  進場區：$36.3 ~ $37.0  止損：$35.4
23:27:25  INFO    [台] 6111.TWO     6111擎亞       $     42.75  +0.83% 偏空
23:27:25  INFO             買入點：🎯🎯 兩條件滿足 — 觀察買入點  進場區：$40.8 ~ $41.6  止損：$39.8
23:27:26  INFO    [台] 00878.TW     國泰永續高股息      $     22.39  -0.22% 多空分歧
23:27:26  INFO             買入點：🎯 一條件滿足 — 待確認  進場區：$21.2 ~ $21.6  止損：$20.6
23:27:27  INFO    [台] 3017.TW      奇鋐           $  2,195.00  -3.52% 三線多頭
23:27:27  INFO             買入點：— 目前無買入信號  進場區：$1,577.9 ~ $1,609.6  止損：$1,615.0
23:27:28  INFO    [台] 00713.TW     元大高息低波       $     51.60  -0.19% 多空分歧
23:27:28  INFO             買入點：🎯🎯 兩條件滿足 — 觀察買入點  進場區：$49.8 ~ $50.8  止損：$48.6
23:27:29  INFO    [台] 00919.TW     群益台灣精選高息     $     22.52  -0.49% 多空分歧
23:27:29  INFO             買入點：🎯🎯 兩條件滿足 — 觀察買入點  進場區：$21.7 ~ $22.2  止損：$21.2
23:27:29  INFO    [美] NVDA         NVIDIA       $    167.52  -2.17% 三線空頭
23:27:29  INFO             買入點：🎯 一條件滿足 — 待確認  進場區：$166.2 ~ $169.5  止損：$162.0
23:27:30  INFO    [美] GEV          GE Vernova   $    853.16  -2.29% 偏多
23:27:30  INFO             買入點：🎯 一條件滿足 — 待確認  進場區：$772.6 ~ $788.2  止損：$753.2
23:27:31  INFO    [台] 2330.TW      台積電          $  1,820.00  -1.09% 多空分歧
23:27:31  INFO             買入點：🎯🎯 兩條件滿足 — 觀察買入點  進場區：$1,755.4 ~ $1,790.7  止損：$1,711.3
23:27:32  INFO    [美] AMD          AMD          $    201.99  -0.87% 多空分歧
23:27:32  INFO             買入點：🎯 一條件滿足 — 待確認  進場區：$187.3 ~ $191.0  止損：$182.6
23:27:33  INFO    [美] TSM          台積電ADR       $    326.74  +0.19% 多空分歧
23:27:33  INFO             買入點：🎯 一條件滿足 — 待確認  進場區：$320.6 ~ $327.1  止損：$312.6
23:27:34  INFO    [台] 2317.TW      鴻海           $    199.50  -0.50% 多空分歧
23:27:34  INFO             買入點：🎯 一條件滿足 — 待確認  進場區：$187.9 ~ $191.7  止損：$188.2
23:27:35  INFO    [台] 2530.TW      華建           $     25.35  +1.20% 多空分歧
23:27:35  INFO             買入點：🎯 一條件滿足 — 待確認  進場區：$24.0 ~ $24.5  止損：$23.8
23:27:36  INFO    [美] MU           美光           $    357.22  +0.50% 多空分歧
23:27:36  INFO             買入點：🎯 一條件滿足 — 待確認  進場區：$343.5 ~ $350.4  止損：$339.5
23:27:36  INFO    [美] LRCX         科林研發         $    211.41  -0.10% 多空分歧
23:27:36  INFO             買入點：🎯 一條件滿足 — 待確認  進場區：$193.1 ~ $197.0  止損：$188.3
23:27:37  INFO    [台] 00631L.TW    元大台灣50正2     $    443.15  +0.00% 多空分歧
23:27:37  INFO             買入點：🎯🎯 兩條件滿足 — 觀察買入點  進場區：$414.4 ~ $422.7  止損：$404.0
23:27:38  INFO    [台] 00910.TW     第一金太空衛星      $     60.30  -1.15% 三線多頭
23:27:38  INFO             買入點：— 目前無買入信號  進場區：$52.1 ~ $53.1  止損：$50.8
23:27:39  INFO    [台] 2308.TW      台達電          $  1,510.00  -0.33% 三線多頭
23:27:39  INFO             買入點：— 目前無買入信號  進場區：$1,189.0 ~ $1,212.9  止損：$1,159.1
23:27:41  INFO    ✅ 股票 20 筆
23:27:41  INFO  
③ 🌟  生活熱門趨勢
23:27:41  INFO    📊 Google Trends 台灣（生活/食衣住行）...
23:27:42  INFO    [食品飲料] 熱度:7 動能:-32% 最熱關鍵字：美食 ❄️
23:27:45  INFO    [服飾美妝] 熱度:29 動能:-14% 最熱關鍵字：穿搭 ❄️
23:27:47  INFO    [居家生活] 熱度:19 動能:-28% 最熱關鍵字：家具 ❄️
23:27:49  INFO    [娛樂3C] 熱度:40 動能:-1% 最熱關鍵字：手機 ❄️
23:27:52  INFO    [健康運動] 熱度:26 動能:-20% 最熱關鍵字：健身 ❄️
23:27:54  INFO    [旅遊交通] 熱度:30 動能:-4% 最熱關鍵字：機票 ❄️
23:27:56  INFO    💬 Dcard 熱門...
23:27:56  WARNING      ⚠️  www.dcard.tw → 403 Client Error: Forbidden for url: https://www.dcard.tw/f/trending
23:27:56  INFO    📋 PTT 熱門...
23:27:57  WARNING      ⚠️  www.ptt.cc → ('Connection aborted.', ConnectionResetError(104, 'Connection reset by peer'))
23:27:57  INFO    [PTT/Stock] [13] Re: [請益] 指數化投資，是不是有個大問題？
23:27:57  INFO    [PTT/Stock] [6] [公告] 等到閒聊都看透 也許你會陪我看水桶長留
23:27:57  INFO    [PTT/Stock] [38] [標的] 有哪些石油危機受益趁機漲價概念股?
23:27:57  INFO    [PTT/Stock] [6] Re: [新聞] 川普揚言美軍再打擊伊朗3554個目標 傳航
23:27:57  INFO    [PTT/Stock] [99] [新聞] 伊朗變成煉獄！招募12歲兒童參與戰爭活
23:27:59  INFO    [PTT/beauty] [17] [正妹] 包你發不停 慈妹
23:27:59  INFO    [PTT/beauty] [2] [正妹] Cosplay 2658 日本 啦啦隊
23:27:59  INFO    [PTT/beauty] [] [正妹] 矢澤サエ
23:27:59  INFO    [PTT/beauty] [4] [正妹] 喜歡旅遊
23:27:59  INFO    [PTT/beauty] [13] [正妹] 三上悠亞 台中放風
23:28:00  INFO    [PTT/movie] [1] [討論] [好雷］極限返航感覺很滿的科幻電影
23:28:00  INFO    [PTT/movie] [] [好雷] 《詭孩》- 繞了一圈不得不迎合大人
23:28:00  INFO    [PTT/movie] [6] Re: [普雷] 極限返航心得及問題
23:28:00  INFO    [PTT/movie] [2] [超好雷] 童話般的書香世界《門對門移動書店》
23:28:00  INFO    [PTT/movie] [4] [好雷] 極限返航 Project Hail Mary
23:28:01  INFO    [PTT/food] [] [食記] 台南東區 張家涼麵 平價好吃份量大
23:28:01  INFO    [PTT/food] [] [食記] 台南東區 阿喬小吃店 超澎湃海產粥很便宜
23:28:01  INFO    [PTT/food] [5] [食記] 臺北大安鳳城燒臘粵菜台大店好吃又平價的
23:28:01  INFO    [PTT/food] [] [食記] 台中火車站旁高CP值韓式料理 鍋會長
23:28:01  INFO    [PTT/food] [] [食記] 宜蘭羅東愚人居酒屋一人作業的美味居酒屋
23:28:01  INFO    📺 YouTube 台灣熱門...
23:28:02  INFO    🎵 TikTok...
23:28:03  INFO    [TikTok] #1 #worldcup
23:28:03  INFO    🛍️  Shopee 台灣熱銷...
23:28:07  INFO    💬 Reddit 熱賣（本週）...
23:28:07  INFO    ✅ 生活趨勢完成
23:28:07  INFO  
④ 📰  消息面
23:28:07  INFO    [🇹🇼 台灣] 快訊/最新預報「天氣大翻轉」！
23:28:07  INFO    [🇹🇼 台灣] 台中雙刀當街砍死前女友 金融男收押！求復合過年衝她家「蹲著哭」
23:28:07  INFO    [🇹🇼 台灣] 徐欣瑩哭了！1.2％險勝陳見賢將代表國民黨出戰新竹縣長| 政治
23:28:07  INFO    [🇹🇼 台灣] 平靜面對病情…「華裔名探」李昌鈺腦瘤離世 享壽87歲
23:28:07  INFO    [🇹🇼 台灣] (影)329凱道遊行報名「爆表」！劉岑妤強調「自費參與」體現公民自主| 政治
23:28:07  INFO    [🇹🇼 台灣] 顏慧欣疑遭職場霸凌！賴中強曝她是「國貿幫」眼中釘
23:28:08  INFO    [🇯🇵 日本] 胡塞武裝對伊朗發動攻擊後首次參戰；如果船隻攻擊再次發生，油價可能會進一步上漲
23:28:09  INFO    [🇯🇵 日本] 川普宣布延長暫停攻擊後，以色列軍隊襲擊伊朗核設施…革命衛隊對鄰國進行報復
23:28:11  INFO    [🇯🇵 日本] 四斡旋國在巴基斯坦舉行外長會討論美伊停火談判
23:28:14  INFO    [🇯🇵 日本] 中國認知戰瞄準2月眾議院選舉……加強英語溝通，並著力操縱國際輿論（讀賣新聞在線）
23:28:15  INFO    [🇯🇵 日本] 今日天氣預報 3月29日（週日） 春季天氣持續，下午太平洋一側可能有雨
23:28:16  INFO    [🇯🇵 日本] 死者拒絕為跟蹤者提供諮詢——池袋女子被警視廳刺死
23:28:18  INFO    [🇰🇷 韓國] 親伊朗的「胡塞叛軍」正式加入戰爭…霍爾木茲和紅海封鎖引發的緊張局勢
23:28:18  INFO    [🇰🇷 韓國] 漢江遊輪陷入河床停泊…半夜300名乘客全數獲救
23:28:20  INFO    [🇰🇷 韓國] 內陸非常乾燥...全國各地雲層很多
23:28:21  INFO    [🇰🇷 韓國] 中東戰爭陰雲加劇…2500名美國海軍陸戰隊員抵達作戰區域
23:28:22  INFO    [🇰🇷 韓國] 鄭成浩部長：“我對哈登的死感到憤怒……我正在考慮提高對虐待兒童的法定處罰。”
23:28:24  INFO    [🇰🇷 韓國] 因涉嫌統一教而接受調查…釜山市長競選全在洙
23:28:24  INFO    [🇺🇸 美國] Millions are expected to protest Trump during Saturday’s ‘No Kings’ rallies
23:28:24  INFO    [🇺🇸 美國] Iran War Live Updates: U.S. Marines Arrive in Middle East After Houthi Missile Attack on Israel
23:28:24  INFO    [🇺🇸 美國] What to know about Trump's executive order to pay TSA officers and its impact on airport security lines
23:28:24  INFO    [🇺🇸 美國] More than 3,500 U.S. Troops arrive in Middle East as Iran war strikes intensify
23:28:24  INFO    [🇺🇸 美國] Iranian attack on Saudi base injures US troops. More American forces arrive in the Middle East
23:28:24  INFO    [🇺🇸 美國] US House passes stopgap DHS funding bill after Republicans reject Senate deal
23:28:40  INFO  
🖥️  產生 HTML 報告...
23:28:40  INFO  
✅  HTML：報告_20260328_2328.html
23:28:40  INFO  ✅  CSV：機會分析_20260328_2328.csv
23:28:40  INFO  📝  Log：logs/scan_20260328_232719.log
