10:24:51  INFO  ======================================================================
10:24:51  INFO  🔥  每日機會分析系統 v10
10:24:51  INFO  📅  2026-05-01 10:24
10:24:51  INFO  ======================================================================
10:24:51  INFO  
① 🌕  CRYPTO
10:24:52  ERROR    BTC-USD: float() argument must be a string or a real number, not 'Series'
10:24:52  ERROR    ETH-USD: float() argument must be a string or a real number, not 'Series'
10:24:53  ERROR    SOL-USD: float() argument must be a string or a real number, not 'Series'
10:24:53  ERROR    BNB-USD: float() argument must be a string or a real number, not 'Series'
10:24:54  ERROR    XRP-USD: float() argument must be a string or a real number, not 'Series'
10:24:54  INFO    ✅ Crypto 0 筆
10:24:54  INFO  
② 📈  股票
10:24:55  INFO    [台] 3293.TWO     鈊象電子         $    748.00  -1.06% 多空分歧
10:24:55  INFO             買入點：🎯 一條件滿足 — 待確認  進場區：$734.3 ~ $749.1  止損：$715.9
10:24:56  INFO    [台] 00909.TW     國泰智能電動車ETF   $     41.43  -1.52% 多空分歧
10:24:56  INFO             買入點：— 目前無買入信號  進場區：$33.4 ~ $34.1  止損：$32.6
10:24:56  INFO    [台] 0056.TW      元大高股息        $     40.90  -0.07% 偏多
10:24:56  INFO             買入點：— 目前無買入信號  進場區：$36.4 ~ $37.1  止損：$35.7
10:24:57  INFO    [台] 6111.TWO     6111擎亞       $     45.05  +0.45% 多空分歧
10:24:57  INFO             買入點：🎯 一條件滿足 — 待確認  進場區：$40.7 ~ $41.6  止損：$39.7
10:24:58  INFO    [台] 00878.TW     國泰永續高股息      $     25.39  +0.36% 三線多頭
10:24:58  INFO             買入點：— 目前無買入信號  進場區：$21.5 ~ $21.9  止損：$21.3
10:24:59  INFO    [台] 3017.TW      奇鋐           $  2,835.00  +0.00% 偏多
10:24:59  INFO             買入點：— 目前無買入信號  進場區：$1,876.1 ~ $1,913.8  止損：$1,954.5
10:25:00  INFO    [台] 00713.TW     元大高息低波       $     52.85  -0.28% 多空分歧
10:25:00  INFO             買入點：🎯 一條件滿足 — 待確認  進場區：$50.8 ~ $51.9  止損：$49.6
10:25:00  INFO    [台] 00919.TW     群益台灣精選高息     $     23.65  +0.00% 三線多頭
10:25:00  INFO             買入點：— 目前無買入信號  進場區：$22.1 ~ $22.6  止損：$21.6
10:25:01  INFO    [美] NVDA         NVIDIA       $    199.57  -4.63% 多空分歧
10:25:01  INFO             買入點：— 目前無買入信號  進場區：$170.5 ~ $173.9  止損：$166.2
10:25:02  INFO    [美] GEV          GE Vernova   $  1,083.46  +1.91% 多空分歧
10:25:02  INFO             買入點：— 目前無買入信號  進場區：$849.4 ~ $866.5  止損：$840.0
10:25:03  INFO    [台] 2330.TW      台積電          $  2,135.00  -2.06% 偏多
10:25:03  INFO             買入點：— 目前無買入信號  進場區：$1,792.8 ~ $1,828.9  止損：$1,750.8
10:25:03  INFO    [美] AMD          AMD          $    354.49  +5.16% 三線多頭
10:25:03  INFO             買入點：— 目前無買入信號  進場區：$187.4 ~ $191.2  止損：$194.6
10:25:04  INFO    [美] TSM          台積電ADR       $    396.06  +0.57% 多空分歧
10:25:04  INFO             買入點：— 目前無買入信號  進場區：$325.2 ~ $331.7  止損：$317.0
10:25:05  INFO    [台] 2317.TW      鴻海           $    219.50  -2.44% 多空分歧
10:25:05  INFO             買入點：— 目前無買入信號  進場區：$185.7 ~ $189.4  止損：$183.8
10:25:06  INFO    [台] 2530.TW      華建           $     20.85  -1.65% 三線空頭
10:25:06  INFO             買入點：🎯 一條件滿足 — 待確認  進場區：$20.3 ~ $20.7  止損：$19.9
10:25:07  INFO    [美] MU           美光           $    517.16  -0.25% 三線多頭
10:25:07  INFO             買入點：— 目前無買入信號  進場區：$338.5 ~ $345.3  止損：$330.0
10:25:08  INFO    [美] LRCX         科林研發         $    257.86  +3.66% 多空分歧
10:25:08  INFO             買入點：— 目前無買入信號  進場區：$207.8 ~ $211.9  止損：$202.5
10:25:08  INFO    [台] 00631L.TW    元大台灣50正2     $     28.61  -0.73% 三線多頭
10:25:08  INFO             買入點：— 目前無買入信號  進場區：$19.4 ~ $19.8  止損：$19.3
10:25:09  INFO    [台] 00910.TW     第一金太空衛星      $     64.35  -0.46% 多空分歧
10:25:09  INFO             買入點：🎯 一條件滿足 — 待確認  進場區：$56.6 ~ $57.7  止損：$55.1
10:25:10  INFO    [台] 2308.TW      台達電          $  2,165.00  +0.00% 三線多頭
10:25:10  INFO             買入點：— 目前無買入信號  進場區：$1,384.9 ~ $1,412.8  止損：$1,377.4
10:25:10  INFO    ⏰ 10:xx 外資 16:30 後更新
10:25:10  INFO    ✅ 股票 20 筆
10:25:10  INFO  
③ 🌟  生活熱門趨勢
10:25:10  INFO    📊 Google Trends 台灣（生活/食衣住行）...
10:25:11  INFO    [食品飲料] 熱度:21 動能:+77% 最熱關鍵字：美食 🔥🔥🔥
10:25:13  INFO    [服飾美妝] 熱度:44 動能:+14% 最熱關鍵字：防曬 🔥🔥
10:25:16  INFO    [居家生活] 熱度:39 動能:+22% 最熱關鍵字：家具 🔥🔥🔥
10:25:18  INFO    [娛樂3C] 熱度:37 動能:+17% 最熱關鍵字：手機 🔥🔥
10:25:21  INFO    [健康運動] 熱度:38 動能:+1% 最熱關鍵字：健身 🔥
10:25:23  INFO    [旅遊交通] 熱度:24 動能:-13% 最熱關鍵字：機票 ❄️
10:25:25  INFO    💬 Dcard 熱門...
10:25:26  WARNING      ⚠️  www.dcard.tw → 403 Client Error: Forbidden for url: https://www.dcard.tw/f/trending
10:25:26  INFO    📋 PTT 熱門...
10:25:26  WARNING      ⚠️  www.ptt.cc → ('Connection aborted.', ConnectionResetError(104, 'Connection reset by peer'))
10:25:26  INFO    [PTT/Stock] [46] [新聞] 談判13輪無果！三星生物發動罷工，要求
10:25:26  INFO    [PTT/Stock] [23] Re: [標的] 美股CIVI
10:25:26  INFO    [PTT/Stock] [6] Re: [新聞] 談判13輪無果！三星生物發動罷工，要求
10:25:26  INFO    [PTT/Stock] [37] [情報] 05/01 本週 SCFI 指數
10:25:27  INFO    [PTT/beauty] [19] [正妹] 簡單暴力
10:25:27  INFO    [PTT/beauty] [2] [正妹] 海莉 電豹女
10:25:27  INFO    [PTT/beauty] [] [正妹] 吳以悠
10:25:27  INFO    [PTT/beauty] [1] [正妹] 牛牛妹
10:25:27  INFO    [PTT/beauty] [] [正妹] 謹夏
10:25:28  INFO    [PTT/movie] [1] [好雷] 0時盜數 穩定輸出的警匪片
10:25:28  INFO    [PTT/movie] [25] [新聞] 「美國隊長」新片《沙漠戰士》耗資 1.5
10:25:28  INFO    [PTT/movie] [2] [  雷] 動物農莊
10:25:28  INFO    [PTT/movie] [] [新聞] 紀錄片《偷襲美國》首播 揭中共超限戰內幕
10:25:29  INFO    [PTT/food] [] [食記] 台北南港 島語自助餐吃到飽 假日下午茶
10:25:29  INFO    [PTT/food] [] [食記] 新北蘆洲 火岩堂職人三火封香雞排
10:25:29  INFO    [PTT/food] [] [公告] Food板 板規 V3.91
10:25:29  INFO    [PTT/food] [18] [公告] 發文請在標題加上地區及提供地址電話。^^
10:25:30  INFO    📺 YouTube 台灣熱門...
10:25:30  INFO    🎵 TikTok...
10:25:30  INFO    [TikTok] #1 #prom
10:25:30  INFO    🛍️  Shopee 台灣熱銷...
10:25:33  INFO    💬 Reddit 熱賣（本週）...
10:25:33  INFO    ✅ 生活趨勢完成
10:25:33  INFO  
④ 📰  消息面
10:25:34  INFO    [🇹🇼 台灣] 台南女警遭追撞輾斃 機車騎士、遊覽車司機過失致死罪嫌送辦
10:25:34  INFO    [🇹🇼 台灣] 快新聞／國民黨慘了！「這縣市」選戰恐淪三腳督 黃國昌透露：民眾黨有奇兵
10:25:34  INFO    [🇹🇼 台灣] 藍營軍購案內鬨！季麟連嗆開除韓國瑜黨籍 黃暐瀚轟藍中常會：尾巴搖狗 | 蕭宥宸 | 新聞
10:25:34  INFO    [🇹🇼 台灣] 台灣外交突破！領土比我國大11倍「這國家」總統將親自訪台
10:25:34  INFO    [🇹🇼 台灣] 快訊／不堪長年照顧！台南84歲婦砍死91歲病姐　雙刀割頸遭收押
10:25:34  INFO    [🇹🇼 台灣] 台北市長最新網路投票出爐! 沈伯洋挑戰蔣萬安戰況曝 7成民調碾壓「他」
10:25:37  INFO    [🇯🇵 日本] 【突發新聞】福生市「錘子敲擊」事件：逃亡嫌疑犯高林被捕 – 警視廳（2026年5月1日發布）|日本電視台新聞 NNN
10:25:41  INFO    [🇯🇵 日本] 美國政府“結束與伊朗的敵對行動”，戰爭權力法案的最後期限
10:25:44  INFO    [🇯🇵 日本] 在邊野古海岸發生翻船事故後，“直升機基地反對委員會”向女學生家屬道歉……“我們作為一方缺乏確保安全的意識。”
10:25:47  INFO    [🇯🇵 日本] 美軍軍官強調駐德好處，未提川普緊縮言論
10:25:51  INFO    [🇯🇵 日本] 暗殺川普總統的新鏡頭曝光：嫌疑人瞬間穿過安全網絡，並在襲擊前一天與酒店工作人員聊天
10:25:53  INFO    [🇯🇵 日本] 每週天氣預報/GW天氣 3、4日將下雨，假期結束時將迎來陽光
10:25:58  INFO    [🇰🇷 韓國] 國力邱達城李鎮淑提名...釜山北甲初選鄭鎮錫擱置
10:26:01  INFO    [🇰🇷 韓國] 李總統“過分要求”的第二天……三田工會主席“這是關於LG，而不是我們”
10:26:05  INFO    [🇰🇷 韓國] 川普暗示將效仿德國減少駐義大利和西班牙的美軍…“這根本沒有幫助”
10:26:07  INFO    [🇰🇷 韓國] 工人們擠滿市中心「贏得基本勞工權利」…勞動節集會，63年來第一個重新命名的法定節日
10:26:11  INFO    [🇰🇷 韓國] 《前往釜山的報告》河正宇…李彥珠，“保守派必須團結起來拯救韓東勳，如果你有信心，你就會大鼻子。”
10:26:15  INFO    [🇰🇷 韓國] 伊朗媒體評論“韓國為維持與伊朗關係所做的謹慎平衡努力”
10:26:15  INFO    [🇺🇸 美國] What to know after House passes Homeland Security funding and ends historic shutdown
10:26:15  INFO    [🇺🇸 美國] Takeaways From Hegseth’s Second Day of Testimony on the Iran War
10:26:15  INFO    [🇺🇸 美國] Jewish Londoners describe "utter horror" and living in fear after latest attack, demand government action
10:26:15  INFO    [🇺🇸 美國] Republicans say they will defer to Trump on Iran war despite arrival of deadline
10:26:15  INFO    [🇺🇸 美國] US prosecutors release new footage of Trump shooting suspect
10:26:15  INFO    [🇺🇸 美國] Democrats coalesce around Platner as Mills exits Maine Senate race
10:26:28  INFO  
🖥️  產生 HTML 報告...
10:26:28  INFO  
✅  HTML：報告_20260501_1026.html
10:26:28  INFO  ✅  CSV：機會分析_20260501_1026.csv
10:26:28  INFO  📝  Log：logs/scan_20260501_102451.log
