09:52:13  INFO  ======================================================================
09:52:13  INFO  🔥  每日機會分析系統 v10
09:52:13  INFO  📅  2026-04-18 09:52
09:52:13  INFO  ======================================================================
09:52:13  INFO  
① 🌕  CRYPTO
09:52:13  ERROR    BTC-USD: float() argument must be a string or a real number, not 'Series'
09:52:14  ERROR    ETH-USD: float() argument must be a string or a real number, not 'Series'
09:52:14  ERROR    SOL-USD: float() argument must be a string or a real number, not 'Series'
09:52:15  ERROR    BNB-USD: float() argument must be a string or a real number, not 'Series'
09:52:15  ERROR    XRP-USD: float() argument must be a string or a real number, not 'Series'
09:52:16  INFO    ✅ Crypto 0 筆
09:52:16  INFO  
② 📈  股票
09:52:16  INFO    [台] 3293.TWO     鈊象電子         $    775.00  +0.91% 偏多
09:52:16  INFO             買入點：— 目前無買入信號  進場區：$719.4 ~ $733.8  止損：$701.3
09:52:17  INFO    [台] 00909.TW     國泰智能電動車ETF   $     44.31  +0.73% 多空分歧
09:52:17  INFO             買入點：— 目前無買入信號  進場區：$34.4 ~ $35.1  止損：$34.2
09:52:18  INFO    [台] 0056.TW      元大高股息        $     40.98  +0.44% 三線多頭
09:52:18  INFO             買入點：— 目前無買入信號  進場區：$36.6 ~ $37.3  止損：$35.9
09:52:19  INFO    [台] 6111.TWO     6111擎亞       $     48.10  +1.80% 多空分歧
09:52:19  INFO             買入點：— 目前無買入信號  進場區：$39.7 ~ $40.5  止損：$38.7
09:52:19  INFO    [台] 00878.TW     國泰永續高股息      $     24.06  +1.09% 三線多頭
09:52:19  INFO             買入點：— 目前無買入信號  進場區：$21.3 ~ $21.8  止損：$21.1
09:52:20  INFO    [台] 3017.TW      奇鋐           $  2,400.00  -1.64% 三線多頭
09:52:20  INFO             買入點：— 目前無買入信號  進場區：$1,825.8 ~ $1,862.5  止損：$1,780.0
09:52:21  INFO    [台] 00713.TW     元大高息低波       $     54.00  +0.75% 三線多頭
09:52:21  INFO             買入點：— 目前無買入信號  進場區：$50.0 ~ $51.0  止損：$49.1
09:52:22  INFO    [台] 00919.TW     群益台灣精選高息     $     23.43  +0.56% 三線多頭
09:52:22  INFO             買入點：— 目前無買入信號  進場區：$21.9 ~ $22.3  止損：$21.3
09:52:23  INFO    [美] NVDA         NVIDIA       $    201.68  +1.68% 偏多
09:52:23  INFO             買入點：— 目前無買入信號  進場區：$159.2 ~ $162.4  止損：$159.3
09:52:23  INFO    [美] GEV          GE Vernova   $  1,002.75  +2.50% 偏多
09:52:23  INFO             買入點：— 目前無買入信號  進場區：$803.0 ~ $819.1  止損：$782.8
09:52:24  INFO    [台] 2330.TW      台積電          $  2,030.00  -2.64% 三線多頭
09:52:24  INFO             買入點：— 目前無買入信號  進場區：$1,681.4 ~ $1,715.2  止損：$1,707.2
09:52:25  INFO    [美] AMD          AMD          $    278.39  +0.05% 三線多頭
09:52:25  INFO             買入點：— 目前無買入信號  進場區：$174.0 ~ $177.5  止損：$187.1
09:52:26  INFO    [美] TSM          台積電ADR       $    370.50  +1.97% 多空分歧
09:52:26  INFO             買入點：— 目前無買入信號  進場區：$310.6 ~ $316.8  止損：$304.4
09:52:27  INFO    [台] 2317.TW      鴻海           $    206.00  -0.48% 多空分歧
09:52:27  INFO             買入點：— 目前無買入信號  進場區：$186.6 ~ $190.3  止損：$181.9
09:52:28  INFO    [台] 2530.TW      華建           $     22.60  -0.22% 三線空頭
09:52:28  INFO             買入點：🎯 一條件滿足 — 待確認  進場區：$22.0 ~ $22.5  止損：$21.8
09:52:29  INFO    [美] MU           美光           $    455.07  -0.47% 三線多頭
09:52:29  INFO             買入點：— 目前無買入信號  進場區：$309.9 ~ $316.2  止損：$302.1
09:52:29  INFO    [美] LRCX         科林研發         $    267.60  +2.54% 多空分歧
09:52:29  INFO             買入點：— 目前無買入信號  進場區：$191.0 ~ $194.8  止損：$192.6
09:52:30  INFO    [台] 00631L.TW    元大台灣50正2     $     25.59  -1.50% 多空分歧
09:52:30  INFO             買入點：🎯 一條件滿足 — 待確認  進場區：$-208.4 ~ $-212.6  止損：$18.5
09:52:31  INFO    [台] 00910.TW     第一金太空衛星      $     71.75  +5.44% 三線多頭
09:52:31  INFO             買入點：— 目前無買入信號  進場區：$51.3 ~ $52.3  止損：$52.9
09:52:32  INFO    [台] 2308.TW      台達電          $  1,840.00  -0.27% 三線多頭
09:52:32  INFO             買入點：— 目前無買入信號  進場區：$1,267.1 ~ $1,292.5  止損：$1,324.0
09:52:32  INFO    ⏰ 9:xx 外資 16:30 後更新
09:52:32  INFO    ✅ 股票 20 筆
09:52:32  INFO  
③ 🌟  生活熱門趨勢
09:52:32  INFO    📊 Google Trends 台灣（生活/食衣住行）...
09:52:33  INFO    [食品飲料] 熱度:19 動能:+71% 最熱關鍵字：美食 🔥🔥🔥
09:52:35  INFO    [服飾美妝] 熱度:33 動能:+5% 最熱關鍵字：防曬 🔥
09:52:38  INFO    [居家生活] 熱度:43 動能:+19% 最熱關鍵字：家具 🔥🔥
09:52:40  INFO    [娛樂3C] 熱度:43 動能:+10% 最熱關鍵字：手機 🔥🔥
09:52:43  INFO    [健康運動] 熱度:43 動能:-1% 最熱關鍵字：健身 ❄️
09:52:45  INFO    [旅遊交通] 熱度:28 動能:-12% 最熱關鍵字：機票 ❄️
09:52:47  INFO    💬 Dcard 熱門...
09:52:47  WARNING      ⚠️  www.dcard.tw → 403 Client Error: Forbidden for url: https://www.dcard.tw/f/trending
09:52:47  INFO    📋 PTT 熱門...
09:52:48  WARNING      ⚠️  www.ptt.cc → ('Connection aborted.', ConnectionResetError(104, 'Connection reset by peer'))
09:52:48  INFO    [PTT/Stock] [65] [新聞] 川普稱伊朗將暫停核計畫 且不會獲得被凍
09:52:48  INFO    [PTT/Stock] [47] [請益] 集保e手掌握 證券資產趨勢圖
09:52:48  INFO    [PTT/Stock] [99] [新聞] 川普警告：若未能與伊朗達協議　美國可能
09:52:48  INFO    [PTT/Stock] [64] [新聞] 黃仁勳：晶片與核武不能相提並論
09:52:49  INFO    [PTT/beauty] [1] [正妹] 鈴木優香
09:52:49  INFO    [PTT/beauty] [3] [正妹] 彤羽
09:52:49  INFO    [PTT/beauty] [9] [正妹] 根尾あかり
09:52:49  INFO    [PTT/beauty] [3] [正妹] 小龍女/電豹女/桃氣女孩 瑄瑄
09:52:49  INFO    [PTT/beauty] [15] [正妹] 公園捕捉到側躺滑手機的女生
09:52:51  INFO    [PTT/movie] [] [負雷] 青春養成記
09:52:51  INFO    [PTT/movie] [1] [討論] 死亡之握：鬼牽手(後段有雷)
09:52:51  INFO    [PTT/movie] [] [公告] 電影板板規 2025/10/26
09:52:51  INFO    [PTT/movie] [X1] [公告] 政治電影新聞張貼規範
09:52:52  INFO    [PTT/food] [] [食記] 桃園市龍潭區。佟記蔥油餅
09:52:52  INFO    [PTT/food] [] [食記] 台北大安 水粵香10人桌招牌菜色開箱
09:52:52  INFO    [PTT/food] [1] [食記] 苗栗縣頭屋鄉-禪廚蔬食餐廳
09:52:52  INFO    [PTT/food] [] [食記] 新北市林口區。eat enjoy 意享美式廚房
09:52:52  INFO    📺 YouTube 台灣熱門...
09:52:52  INFO    🎵 TikTok...
09:52:53  INFO    [TikTok] #1 #thingyan
09:52:53  INFO    🛍️  Shopee 台灣熱銷...
09:52:57  INFO    💬 Reddit 熱賣（本週）...
09:52:57  INFO    ✅ 生活趨勢完成
09:52:57  INFO  
④ 📰  消息面
09:52:57  INFO    [🇹🇼 台灣] 荷莫茲海峽恐再封鎖 伊朗稱通行必須經許可
09:52:57  INFO    [🇹🇼 台灣] 睽違20年「世紀雙媽會」成真？大甲媽、白沙屯媽最新路線曝光
09:52:57  INFO    [🇹🇼 台灣] 我不甩「惠台」10措施 傳北京動員台灣7大公協會表態
09:52:57  INFO    [🇹🇼 台灣] 新／台女羽田機場被逮 創史上最大宗紀錄
09:52:57  INFO    [🇹🇼 台灣] 淡江大橋今下午搶先登橋！3小時前突改「誰可上橋」挨轟 新北市府回應了
09:52:57  INFO    [🇹🇼 台灣] 本周最強內幕》習近平大脫稿，統一不急？鄭習會推手揭閉門內幕！台北市長沒人選？賴清德親喬，鄭麗君不滿「被逼」
09:52:59  INFO    [🇯🇵 日本] 京都南丹棄嬰：公廁現場檢查發現屍體是否遺留？養父智慧型手機上發現遺棄方法搜尋痕跡
09:53:00  INFO    [🇯🇵 日本] 「打通霍爾木茲海峽」的成果尚不明朗；伊朗主席警告，與外交部長阿拉格奇的聲明相矛盾； 20艘商船因開業資訊而移動，但停下來，部分返航（FNN Prime Online（富士電視台））
09:53:01  INFO    [🇯🇵 日本] [地震資訊]長野縣北部地震強度3級，無海嘯風險(16:21)
09:53:02  INFO    [🇯🇵 日本] 日本與澳洲簽署價值超1兆日元的下一代護衛艦計畫合約
09:53:04  INFO    [🇯🇵 日本] 街頭被潑液體的受害者因涉嫌1300萬日圓特別詐欺罪被捕【廣島縣】
09:53:04  INFO    [🇯🇵 日本] <獨特>京都府調查顯示，同誌社國際在邊野古考察旅行中沒有為惡劣天氣準備替代行程
09:53:09  INFO    [🇰🇷 韓國] 伊朗軍方：“美國海盜行為仍在繼續…霍爾木茲海峽重新獲得控制權”
09:53:09  INFO    [🇰🇷 韓國] 川普：如果不能與伊朗達成協議結束戰爭，我們將恢復空襲而不延長停火。
09:53:10  INFO    [🇰🇷 韓國] 【突發新聞】民主黨濟州島知事候選人魏坤偉…與人民力量黨文成佑面對面
09:53:12  INFO    [🇰🇷 韓國] 李總統：“取消長期特別扣除是對一套房業主的稅收炸彈嗎？這是虛假宣傳。”
09:53:12  INFO    [🇰🇷 韓國] Wolf回來的第一天……“我比逃亡前減了3公斤，吃了特殊食物後正在恢復。”
09:53:14  INFO    [🇰🇷 韓國] 보석 석방된 전광훈 "대한민국 망했다"
09:53:15  INFO    [🇺🇸 美國] Oil prices plunge as Iran says Strait of Hormuz 'open' during ceasefire
09:53:15  INFO    [🇺🇸 美國] US to recover uranium from Iran at a 'leisurely pace', Trump tells Reuters
09:53:15  INFO    [🇺🇸 美國] Live updates: Life-threatening storms target the Heartland, intense tornadoes and huge hail possible
09:53:15  INFO    [🇺🇸 美國] Trump shocked Netanyahu with post declaring Lebanon strikes "prohibited"
09:53:15  INFO    [🇺🇸 美國] US Congress passes 10-day extension of surveillance law amid Republican infighting
09:53:15  INFO    [🇺🇸 美國] Trump Extends Sanctions Exemption on Some Russian Oil as High Gas Prices Persist
09:53:29  INFO  
🖥️  產生 HTML 報告...
09:53:29  INFO  
✅  HTML：報告_20260418_0953.html
09:53:29  INFO  ✅  CSV：機會分析_20260418_0953.csv
09:53:29  INFO  📝  Log：logs/scan_20260418_095213.log
