10:20:15  INFO  ======================================================================
10:20:15  INFO  🔥  每日機會分析系統 v10
10:20:15  INFO  📅  2026-03-30 10:20
10:20:15  INFO  ======================================================================
10:20:15  INFO  
① 🌕  CRYPTO
10:20:15  ERROR    BTC-USD: float() argument must be a string or a real number, not 'Series'
10:20:16  ERROR    ETH-USD: float() argument must be a string or a real number, not 'Series'
10:20:17  ERROR    SOL-USD: float() argument must be a string or a real number, not 'Series'
10:20:18  ERROR    BNB-USD: float() argument must be a string or a real number, not 'Series'
10:20:18  ERROR    XRP-USD: float() argument must be a string or a real number, not 'Series'
10:20:18  INFO    ✅ Crypto 0 筆
10:20:18  INFO  
② 📈  股票
10:20:19  INFO    [台] 3293.TWO     鈊象電子         $    751.00  -5.65% 多空分歧
10:20:19  INFO             買入點：— 目前無買入信號  進場區：$662.1 ~ $675.4  止損：$649.9
10:20:20  INFO    [台] 00909.TW     國泰智能電動車ETF   $     36.69  -4.63% 三線空頭
10:20:20  INFO             買入點：🎯 一條件滿足 — 待確認  進場區：$35.6 ~ $36.3  止損：$34.7
10:20:21  INFO    [台] 0056.TW      元大高股息        $     37.85  -1.51% 多空分歧
10:20:21  INFO             買入點：🎯 一條件滿足 — 待確認  進場區：$36.3 ~ $37.0  止損：$35.4
10:20:21  INFO    [台] 6111.TWO     6111擎亞       $     41.50  -2.92% 三線空頭
10:20:21  INFO             買入點：🎯 一條件滿足 — 待確認  進場區：$40.8 ~ $41.6  止損：$39.8
10:20:22  INFO    [台] 00878.TW     國泰永續高股息      $     22.11  -1.25% 多空分歧
10:20:22  INFO             買入點：🎯 一條件滿足 — 待確認  進場區：$21.2 ~ $21.6  止損：$20.6
10:20:23  INFO    [台] 3017.TW      奇鋐           $  2,135.00  -2.73% 三線多頭
10:20:23  INFO             買入點：— 目前無買入信號  進場區：$1,587.6 ~ $1,619.5  止損：$1,615.0
10:20:24  INFO    [台] 00713.TW     元大高息低波       $     51.10  -0.97% 多空分歧
10:20:24  INFO             買入點：🎯 一條件滿足 — 待確認  進場區：$49.8 ~ $50.8  止損：$48.6
10:20:25  INFO    [台] 00919.TW     群益台灣精選高息     $     22.30  -0.98% 多空分歧
10:20:25  INFO             買入點：🎯 一條件滿足 — 待確認  進場區：$21.7 ~ $22.2  止損：$21.2
10:20:26  INFO    [美] NVDA         NVIDIA       $    167.52  -2.17% 三線空頭
10:20:26  INFO             買入點：🎯 一條件滿足 — 待確認  進場區：$166.2 ~ $169.5  止損：$162.0
10:20:27  INFO    [美] GEV          GE Vernova   $    853.16  -2.29% 偏多
10:20:27  INFO             買入點：🎯 一條件滿足 — 待確認  進場區：$772.6 ~ $788.2  止損：$753.2
10:20:28  INFO    [台] 2330.TW      台積電          $  1,780.00  -2.20% 多空分歧
10:20:28  INFO             買入點：🎯 一條件滿足 — 待確認  進場區：$1,755.4 ~ $1,790.7  止損：$1,711.3
10:20:28  INFO    [美] AMD          AMD          $    201.99  -0.87% 多空分歧
10:20:28  INFO             買入點：🎯 一條件滿足 — 待確認  進場區：$187.3 ~ $191.0  止損：$182.6
10:20:29  INFO    [美] TSM          台積電ADR       $    326.74  +0.19% 多空分歧
10:20:29  INFO             買入點：🎯 一條件滿足 — 待確認  進場區：$320.6 ~ $327.1  止損：$312.6
10:20:30  INFO    [台] 2317.TW      鴻海           $    194.00  -2.76% 多空分歧
10:20:30  INFO             買入點：🎯 一條件滿足 — 待確認  進場區：$188.2 ~ $192.0  止損：$187.2
10:20:31  INFO    [台] 2530.TW      華建           $     25.00  -1.38% 偏空
10:20:31  INFO             買入點：🎯 一條件滿足 — 待確認  進場區：$24.2 ~ $24.7  止損：$23.8
10:20:32  INFO    [美] MU           美光           $    357.22  +0.50% 多空分歧
10:20:32  INFO             買入點：🎯 一條件滿足 — 待確認  進場區：$343.5 ~ $350.4  止損：$339.5
10:20:33  INFO    [美] LRCX         科林研發         $    211.41  -0.10% 多空分歧
10:20:33  INFO             買入點：🎯 一條件滿足 — 待確認  進場區：$193.1 ~ $197.0  止損：$188.3
10:20:33  INFO    [台] 00631L.TW    元大台灣50正2     $    443.15  +0.00% 多空分歧
10:20:33  INFO             買入點：🎯🎯 兩條件滿足 — 觀察買入點  進場區：$414.4 ~ $422.7  止損：$404.0
10:20:34  INFO    [台] 00910.TW     第一金太空衛星      $     57.25  -5.06% 三線多頭
10:20:34  INFO             買入點：🎯 一條件滿足 — 待確認  進場區：$52.1 ~ $53.1  止損：$50.8
10:20:35  INFO    [台] 2308.TW      台達電          $  1,485.00  -1.66% 三線多頭
10:20:35  INFO             買入點：— 目前無買入信號  進場區：$1,189.0 ~ $1,212.9  止損：$1,159.1
10:20:35  INFO    ⏰ 10:xx 外資 16:30 後更新
10:20:35  INFO    ✅ 股票 20 筆
10:20:35  INFO  
③ 🌟  生活熱門趨勢
10:20:35  INFO    📊 Google Trends 台灣（生活/食衣住行）...
10:20:36  INFO    [食品飲料] 熱度:11 動能:-1% 最熱關鍵字：美食 ❄️
10:20:39  INFO    [服飾美妝] 熱度:25 動能:-24% 最熱關鍵字：穿搭 ❄️
10:20:41  INFO    [居家生活] 熱度:23 動能:+6% 最熱關鍵字：家具 🔥🔥
10:20:43  INFO    [娛樂3C] 熱度:32 動能:-19% 最熱關鍵字：手機 ❄️
10:20:46  INFO    [健康運動] 熱度:37 動能:+7% 最熱關鍵字：健身 🔥🔥
10:20:48  INFO    [旅遊交通] 熱度:31 動能:+0% 最熱關鍵字：機票 🔥
10:20:50  INFO    💬 Dcard 熱門...
10:20:51  WARNING      ⚠️  www.dcard.tw → 403 Client Error: Forbidden for url: https://www.dcard.tw/f/trending
10:20:51  INFO    📋 PTT 熱門...
10:20:51  INFO    [PTT/Gossiping] [] Re: [問卦] 為什麼台灣的義務教育10000要寫成1,0000
10:20:51  INFO    [PTT/Gossiping] [9] [問卦] 女人說當年誰追過她，是不是很解？
10:20:51  INFO    [PTT/Gossiping] [5] [問卦] 什麼時候要成立塑膠袋國家隊？
10:20:51  INFO    [PTT/Gossiping] [3] [問卦] 喇叭詹最近怎麼被幹的這麼慘？
10:20:51  INFO    [PTT/Gossiping] [] [新聞] 「阿北吃飯很快」還吃夜市牛排　邱臣遠：
10:20:52  INFO    [PTT/Stock] [41] Re: [心得] 00631L 目前單位數與淨值
10:20:52  INFO    [PTT/Stock] [30] [情報] 0330 上市投信買賣超排行
10:20:52  INFO    [PTT/Stock] [爆] [情報] 115年03月30日 三大法人買賣金額統計表
10:20:52  INFO    [PTT/Stock] [47] [情報] 3131 弘塑 達注意標準 2月自結 11.06
10:20:54  INFO    [PTT/beauty] [4] [帥哥]  F4
10:20:54  INFO    [PTT/beauty] [12] [正妹] R・I・P 女孩
10:20:54  INFO    [PTT/beauty] [1] [正妹] 穆又甯
10:20:54  INFO    [PTT/beauty] [33] [正妹] 峮峮
10:20:55  INFO    [PTT/movie] [49] Re: [新聞] 爭議 《陽光女子合唱團》掀出台片制度困境
10:20:55  INFO    [PTT/movie] [3] [普雷] 《路易泰魯：解構男性圈》厭女是門好生意
10:20:55  INFO    [PTT/movie] [2] Re: [討論] 極限返航 劇情問題 (有雷)
10:20:55  INFO    [PTT/movie] [10] [情報]鬼滅之刃無限城篇第一章日本票房突破400
10:20:55  INFO    [PTT/movie] [4] [問片] 男主角是律師不小心在後車廂悶死壞蛋
10:20:56  INFO    [PTT/food] [2] [食記] Tacos Luca 新北新店 餅香脆豬腿肉酥Taco
10:20:56  INFO    [PTT/food] [] Fw: [食記] 慶豐牛排
10:20:56  INFO    [PTT/food] [] [食記] [新竹] 福記包子饅頭 ～買2送1／買5送1
10:20:56  INFO    [PTT/food] [] [食記] 雙喜饅頭 新北新莊 抹茶紅豆雜糧起司饅頭
10:20:56  INFO    [PTT/food] [] [公告] Food板 板規 V3.91
10:20:56  INFO    📺 YouTube 台灣熱門...
10:20:56  INFO    🎵 TikTok...
10:20:57  INFO    [TikTok] #1 #semanasanta
10:20:57  INFO    🛍️  Shopee 台灣熱銷...
10:21:01  INFO    💬 Reddit 熱賣（本週）...
10:21:01  INFO    ✅ 生活趨勢完成
10:21:01  INFO  
④ 📰  消息面
10:21:01  INFO    [🇹🇼 台灣] 全台球迷都火大！蔣男亞太球場打中職聯盟工讀生過往暴力犯行全曝光| 社會
10:21:01  INFO    [🇹🇼 台灣] 今高溫35度 吳德榮：明起第一波鋒面降雨2階段雷陣雨掃全台
10:21:01  INFO    [🇹🇼 台灣] 國民黨：習近平邀鄭麗文4/7-12訪問中國大陸
10:21:01  INFO    [🇹🇼 台灣] 健身網紅蔣政酒駕襲警！涉性騷陳天仁、打裂劉書宏肋骨　火爆黑史全被挖
10:21:01  INFO    [🇹🇼 台灣] 民眾黨、黃國昌稱超過8萬人上凱道？ 四叉貓：是個「乘十」的政黨| 政治
10:21:01  INFO    [🇹🇼 台灣] 軍購82套海馬士首期款「美方先墊」！顧立雄：爭取期限延至5月底「年度總預算未過，無法動支預備金」
10:21:03  INFO    [🇯🇵 日本] 焦點：攻擊伊朗一個月後川普面臨艱難選擇
10:21:03  INFO    [🇯🇵 日本] 新財年的臨時預算已確定約8.6兆日圓。從4月1日起，高中學費和小學午餐將免費。
10:21:04  INFO    [🇯🇵 日本] 政府呼籲中國取消對古谷敬二的製裁「單方面措施絕對不可接受」。
10:21:05  INFO    [🇯🇵 日本] 【爆料】數百名美國特種兵抵達中東？
10:21:06  INFO    [🇯🇵 日本] 伊東市前市長拓保因蓋印章偽造大學文憑而在國內被起訴。
10:21:08  INFO    [🇯🇵 日本] [突發新聞] 千葉縣流山市東武城市公園線豐敷站 400m 附近的住宅區，一名 2 歲男孩掉入灌溉渠，被水沖走，失去知覺（FNN Prime Online（富士電視台））
10:21:10  INFO    [🇰🇷 韓國] 容量袋‘缺貨’…氣候變遷部長：“允許使用普通袋，以防短缺”
10:21:10  INFO    [🇰🇷 韓國] 一位模具老手，43年後因工去世……“我相信我的孫女還沒有下班。”
10:21:11  INFO    [🇰🇷 韓國] 【突發新聞】朝野同意下月10日前處理“戰爭補充預算”
10:21:12  INFO    [🇰🇷 韓國] 全球1700名數學家實名上線，“拒絕菲爾茲獎在美國舉辦”
10:21:14  INFO    [🇰🇷 韓國] Baemin管理公司“對因私人報復犯罪而洩露客戶信息表示誠摯的歉意”
10:21:17  INFO    [🇰🇷 韓國] 時隔兩年，「恐怖事件」又重演了嗎？三星與 SK “超級緊張” [Techlog]
10:21:17  INFO    [🇺🇸 美國] Trump says he is considering seizing Iran's Kharg Island, but deal could be made 'very quickly'
10:21:17  INFO    [🇺🇸 美國] Trump says he has "no problem" with Russian tanker bringing oil to Cuba despite blockade
10:21:17  INFO    [🇺🇸 美國] New U.S. Missile Hit Iranian Sports Hall and School, Analysis Shows
10:21:17  INFO    [🇺🇸 美國] US Sees First Combat Loss of Valuable E-3 Jet in Missile Strike
10:21:17  INFO    [🇺🇸 美國] Dow futures fall 300 points as Wall Street braces for U.S. ground assault on Iran and Houthi attacks
10:21:17  INFO    [🇺🇸 美國] Iran threatens to ‘rain fire’ on US troops as possible ground war looms
10:21:32  INFO  
🖥️  產生 HTML 報告...
10:21:32  INFO  
✅  HTML：報告_20260330_1021.html
10:21:32  INFO  ✅  CSV：機會分析_20260330_1021.csv
10:21:32  INFO  📝  Log：logs/scan_20260330_102015.log
