17:03:29  INFO  ======================================================================
17:03:29  INFO  🔥  每日機會分析系統 v10
17:03:29  INFO  📅  2026-04-18 17:03
17:03:29  INFO  ======================================================================
17:03:29  INFO  
① 🌕  CRYPTO
17:03:29  ERROR    BTC-USD: float() argument must be a string or a real number, not 'Series'
17:03:30  ERROR    ETH-USD: float() argument must be a string or a real number, not 'Series'
17:03:30  ERROR    SOL-USD: float() argument must be a string or a real number, not 'Series'
17:03:31  ERROR    BNB-USD: float() argument must be a string or a real number, not 'Series'
17:03:32  ERROR    XRP-USD: float() argument must be a string or a real number, not 'Series'
17:03:32  INFO    ✅ Crypto 0 筆
17:03:32  INFO  
② 📈  股票
17:03:32  INFO    [台] 3293.TWO     鈊象電子         $    775.00  +0.91% 偏多
17:03:32  INFO             買入點：— 目前無買入信號  進場區：$719.4 ~ $733.8  止損：$701.3
17:03:33  INFO    [台] 00909.TW     國泰智能電動車ETF   $     44.31  +0.73% 多空分歧
17:03:33  INFO             買入點：— 目前無買入信號  進場區：$34.4 ~ $35.1  止損：$34.2
17:03:34  INFO    [台] 0056.TW      元大高股息        $     40.98  +0.44% 三線多頭
17:03:34  INFO             買入點：— 目前無買入信號  進場區：$36.6 ~ $37.3  止損：$35.9
17:03:35  INFO    [台] 6111.TWO     6111擎亞       $     48.10  +1.80% 多空分歧
17:03:35  INFO             買入點：— 目前無買入信號  進場區：$39.7 ~ $40.5  止損：$38.7
17:03:35  INFO    [台] 00878.TW     國泰永續高股息      $     24.06  +1.09% 三線多頭
17:03:35  INFO             買入點：— 目前無買入信號  進場區：$21.3 ~ $21.8  止損：$21.1
17:03:36  INFO    [台] 3017.TW      奇鋐           $  2,400.00  -1.64% 三線多頭
17:03:36  INFO             買入點：— 目前無買入信號  進場區：$1,825.8 ~ $1,862.5  止損：$1,780.0
17:03:37  INFO    [台] 00713.TW     元大高息低波       $     54.00  +0.75% 三線多頭
17:03:37  INFO             買入點：— 目前無買入信號  進場區：$50.0 ~ $51.0  止損：$49.1
17:03:38  INFO    [台] 00919.TW     群益台灣精選高息     $     23.43  +0.56% 三線多頭
17:03:38  INFO             買入點：— 目前無買入信號  進場區：$21.9 ~ $22.3  止損：$21.3
17:03:39  INFO    [美] NVDA         NVIDIA       $    201.68  +1.68% 偏多
17:03:39  INFO             買入點：— 目前無買入信號  進場區：$159.2 ~ $162.4  止損：$159.3
17:03:40  INFO    [美] GEV          GE Vernova   $  1,002.75  +2.50% 偏多
17:03:40  INFO             買入點：— 目前無買入信號  進場區：$803.0 ~ $819.1  止損：$782.8
17:03:40  INFO    [台] 2330.TW      台積電          $  2,030.00  -2.64% 三線多頭
17:03:40  INFO             買入點：— 目前無買入信號  進場區：$1,681.4 ~ $1,715.2  止損：$1,707.2
17:03:41  INFO    [美] AMD          AMD          $    278.39  +0.05% 三線多頭
17:03:41  INFO             買入點：— 目前無買入信號  進場區：$174.0 ~ $177.5  止損：$187.1
17:03:42  INFO    [美] TSM          台積電ADR       $    370.50  +1.97% 多空分歧
17:03:42  INFO             買入點：— 目前無買入信號  進場區：$310.6 ~ $316.8  止損：$304.4
17:03:43  INFO    [台] 2317.TW      鴻海           $    206.00  -0.48% 多空分歧
17:03:43  INFO             買入點：— 目前無買入信號  進場區：$186.6 ~ $190.3  止損：$181.9
17:03:44  INFO    [台] 2530.TW      華建           $     22.60  -0.22% 三線空頭
17:03:44  INFO             買入點：🎯 一條件滿足 — 待確認  進場區：$22.0 ~ $22.5  止損：$21.8
17:03:45  INFO    [美] MU           美光           $    455.07  -0.47% 三線多頭
17:03:45  INFO             買入點：— 目前無買入信號  進場區：$309.9 ~ $316.2  止損：$302.1
17:03:45  INFO    [美] LRCX         科林研發         $    267.60  +2.54% 多空分歧
17:03:45  INFO             買入點：— 目前無買入信號  進場區：$191.0 ~ $194.8  止損：$192.6
17:03:46  INFO    [台] 00631L.TW    元大台灣50正2     $     25.59  -1.50% 多空分歧
17:03:46  INFO             買入點：🎯 一條件滿足 — 待確認  進場區：$-208.4 ~ $-212.6  止損：$18.5
17:03:47  INFO    [台] 00910.TW     第一金太空衛星      $     71.75  +5.44% 三線多頭
17:03:47  INFO             買入點：— 目前無買入信號  進場區：$51.3 ~ $52.3  止損：$52.9
17:03:48  INFO    [台] 2308.TW      台達電          $  1,840.00  -0.27% 三線多頭
17:03:48  INFO             買入點：— 目前無買入信號  進場區：$1,267.1 ~ $1,292.5  止損：$1,324.0
17:03:50  INFO    ✅ 股票 20 筆
17:03:50  INFO  
③ 🌟  生活熱門趨勢
17:03:50  INFO    📊 Google Trends 台灣（生活/食衣住行）...
17:03:51  INFO    [食品飲料] 熱度:10 動能:-8% 最熱關鍵字：美食 ❄️
17:03:53  INFO    [服飾美妝] 熱度:26 動能:+3% 最熱關鍵字：防曬 🔥
17:03:56  INFO    [居家生活] 熱度:18 動能:+15% 最熱關鍵字：家具 🔥🔥
17:03:58  INFO    [娛樂3C] 熱度:41 動能:+14% 最熱關鍵字：手機 🔥🔥
17:04:01  INFO    [健康運動] 熱度:35 動能:-6% 最熱關鍵字：健身 ❄️
17:04:03  INFO    [旅遊交通] 熱度:34 動能:+8% 最熱關鍵字：機票 🔥🔥
17:04:05  INFO    💬 Dcard 熱門...
17:04:05  WARNING      ⚠️  www.dcard.tw → 403 Client Error: Forbidden for url: https://www.dcard.tw/f/trending
17:04:05  INFO    📋 PTT 熱門...
17:04:06  WARNING      ⚠️  www.ptt.cc → ('Connection aborted.', ConnectionResetError(104, 'Connection reset by peer'))
17:04:06  INFO    [PTT/Stock] [99] [新聞] 商船穿越荷莫茲海峽傳槍擊　至少2船遭攻
17:04:06  INFO    [PTT/Stock] [7] Re: [請益] FNGU SOXL選擇
17:04:06  INFO    [PTT/Stock] [1] Re: [新聞] 黃仁勳：晶片與核武不能相提並論
17:04:06  INFO    [PTT/Stock] [20] [新聞] 森崴能源台電追加款調解最新進度曝光 台
17:04:08  INFO    [PTT/beauty] [6] [正妹] 彤羽
17:04:08  INFO    [PTT/beauty] [13] [正妹] 根尾あかり
17:04:08  INFO    [PTT/beauty] [4] [正妹] 小龍女/電豹女/桃氣女孩 瑄瑄
17:04:08  INFO    [PTT/beauty] [29] [正妹] 公園捕捉到側躺滑手機的女生
17:04:09  INFO    [PTT/movie] [] [負雷] 青春養成記
17:04:09  INFO    [PTT/movie] [2] [討論] 死亡之握：鬼牽手(後段有雷)
17:04:09  INFO    [PTT/movie] [4] Re: [請益] 澎恰恰 VS 九把刀 ..導演命差真多
17:04:09  INFO    [PTT/movie] [13] [好雷] 劇場版銀河特急 Milky☆Subway
17:04:10  INFO    [PTT/food] [] [食記] 桃園市龍潭區。佟記蔥油餅
17:04:10  INFO    [PTT/food] [] [食記] 台北大安 水粵香10人桌招牌菜色開箱
17:04:10  INFO    [PTT/food] [1] [食記] 苗栗縣頭屋鄉-禪廚蔬食餐廳
17:04:10  INFO    [PTT/food] [] [食記] 新北市林口區。eat enjoy 意享美式廚房
17:04:10  INFO    📺 YouTube 台灣熱門...
17:04:11  INFO    🎵 TikTok...
17:04:11  INFO    [TikTok] #1 #thingyan
17:04:11  INFO    🛍️  Shopee 台灣熱銷...
17:04:15  INFO    💬 Reddit 熱賣（本週）...
17:04:16  INFO    ✅ 生活趨勢完成
17:04:16  INFO  
④ 📰  消息面
17:04:16  INFO    [🇹🇼 台灣] 荷莫茲海峽危機借鏡馬六甲海峽地緣風險成焦點| 國際
17:04:16  INFO    [🇹🇼 台灣] 睽違20年「世紀雙媽會」成真？大甲媽、白沙屯媽最新路線曝光
17:04:16  INFO    [🇹🇼 台灣] 陳智菡挨批薪水太高淚灑攝影棚！她嗆：妳憑啥領20萬
17:04:16  INFO    [🇹🇼 台灣] 本周最強內幕》習近平大脫稿，統一不急？鄭習會推手揭閉門內幕！台北市長沒人選？賴清德親喬，鄭麗君不滿「被逼」
17:04:16  INFO    [🇹🇼 台灣] 已經很克制了！ 日艦「雷」號經台海赴菲 「伊勢」號走台灣東部海域
17:04:16  INFO    [🇹🇼 台灣] 激戰同學爸爸！還示威「過程很享受」　囂張直銷妹要賠正宮36萬
17:04:17  INFO    [🇯🇵 日本] 伊朗宣佈在「嚴格控制」下重新關閉霍爾木茲海峽 阿曼附近油輪遇襲事件
17:04:17  INFO    [🇯🇵 日本] 【突發新聞】據報伊朗不同意與美國重新談判
17:04:18  INFO    [🇯🇵 日本] 即使停火後，以色列仍將繼續在黎巴嫩行動，無視川普的“轟炸禁令”
17:04:20  INFO    [🇯🇵 日本] 京都男孩的屍體，嫌疑人足立由紀可能暫時遺棄在他家附近的公共廁所......在上學的路上（讀賣新聞在線）
17:04:20  INFO    [🇯🇵 日本] 中國軍隊在東海巡邏回應海上自衛隊艦艇穿越台灣海峽
17:04:21  INFO    [🇯🇵 日本] [地震] 震央 長野縣北部 最大地震強度為大町市 5 度上、長野市下 5 度、小川村 4 度 縣內各地地震強度
17:04:22  INFO    [🇰🇷 韓國] 川普表示，儘管伊朗重新封鎖霍爾木茲海峽，談判仍進展順利
17:04:22  INFO    [🇰🇷 韓國] 美國和伊朗預計20日在巴基斯坦舉行第二輪結束戰爭會談……核分歧依然存在
17:04:23  INFO    [🇰🇷 韓國] 「狼，我吃得很好。」恢復健康…第一餐是牛肉和雞肉的特色餐。
17:04:24  INFO    [🇰🇷 韓國] 週日，首爾和春川氣溫接近30度…四月中旬初夏炎熱
17:04:26  INFO    [🇰🇷 韓國] 吳世勳“如果首爾被放棄，阻止政權失控的機制就會消失……張東赫的美國之行是候選人的負擔。”
17:04:28  INFO    [🇰🇷 韓國] 對冠狀病毒疫苗副作用的額外認識，例如子宮出血…補償成為可能
17:04:28  INFO    [🇺🇸 美國] Live Updates: Iran Says Strait of Hormuz Under 'Strict Control' Until U.S. Ends Blockade
17:04:28  INFO    [🇺🇸 美國] Pope Leo XIV says ‘not in my interest at all’ to debate Trump but will keep preaching peace
17:04:28  INFO    [🇺🇸 美國] Midwest, Great Lakes brace for more severe storms after night of tornadoes
17:04:28  INFO    [🇺🇸 美國] Penthouse pieds-à-terre: Bezos, Trump, and other billionaires facing Mamdani's proposed tax
17:04:28  INFO    [🇺🇸 美國] Justin Fairfax grew obsessed with clearing his name. His family paid the price.
17:04:28  INFO    [🇺🇸 美國] Iran: Attacks on ships reported as Strait of Hormuz recloses
17:04:47  INFO  
🖥️  產生 HTML 報告...
17:04:47  INFO  
✅  HTML：報告_20260418_1704.html
17:04:47  INFO  ✅  CSV：機會分析_20260418_1704.csv
17:04:47  INFO  📝  Log：logs/scan_20260418_170329.log
