23:20:52  INFO  ======================================================================
23:20:52  INFO  🔥  每日機會分析系統 v10
23:20:52  INFO  📅  2026-03-21 23:20
23:20:52  INFO  ======================================================================
23:20:52  INFO  
① 🌕  CRYPTO
23:20:52  ERROR    BTC-USD: float() argument must be a string or a real number, not 'Series'
23:20:53  ERROR    ETH-USD: float() argument must be a string or a real number, not 'Series'
23:20:54  ERROR    SOL-USD: float() argument must be a string or a real number, not 'Series'
23:20:54  ERROR    BNB-USD: float() argument must be a string or a real number, not 'Series'
23:20:55  ERROR    XRP-USD: float() argument must be a string or a real number, not 'Series'
23:20:55  INFO    ✅ Crypto 0 筆
23:20:55  INFO  
② 📈  股票
23:20:56  INFO    [台] 3293.TWO     鈊象電子         $    744.00  +0.13% 多空分歧
23:20:56  INFO             買入點：— 目前無買入信號  進場區：$659.5 ~ $672.8  止損：$649.9
23:20:56  INFO    [台] 00909.TW     國泰智能電動車ETF   $     39.81  -0.10% 多空分歧
23:20:56  INFO             買入點：— 目前無買入信號  進場區：$36.2 ~ $36.9  止損：$35.3
23:20:57  INFO    [台] 0056.TW      元大高股息        $     38.77  -0.28% 多空分歧
23:20:57  INFO             買入點：🎯 一條件滿足 — 待確認  進場區：$36.3 ~ $37.0  止損：$35.4
23:20:58  INFO    [台] 6111.TWO     6111擎亞       $     44.60  +1.25% 多空分歧
23:20:58  INFO             買入點：🎯 一條件滿足 — 待確認  進場區：$40.8 ~ $41.6  止損：$39.8
23:20:59  INFO    [台] 00878.TW     國泰永續高股息      $     22.47  +0.00% 多空分歧
23:20:59  INFO             買入點：🎯 一條件滿足 — 待確認  進場區：$21.2 ~ $21.6  止損：$20.6
23:21:00  INFO    [台] 3017.TW      奇鋐           $  2,050.00  +1.74% 三線多頭
23:21:00  INFO             買入點：— 目前無買入信號  進場區：$1,500.9 ~ $1,531.1  止損：$1,464.7
23:21:00  INFO    [台] 00713.TW     元大高息低波       $     51.70  -0.04% 多空分歧
23:21:00  INFO             買入點：🎯 一條件滿足 — 待確認  進場區：$49.8 ~ $50.8  止損：$48.6
23:21:01  INFO    [台] 00919.TW     群益台灣精選高息     $     22.97  -0.13% 多空分歧
23:21:01  INFO             買入點：🎯 一條件滿足 — 待確認  進場區：$21.7 ~ $22.2  止損：$21.2
23:21:02  INFO    [美] NVDA         NVIDIA       $    172.70  -3.28% 三線空頭
23:21:02  INFO             買入點：🎯 一條件滿足 — 待確認  進場區：$170.9 ~ $174.3  止損：$166.6
23:21:03  INFO    [美] GEV          GE Vernova   $    851.07  -3.00% 多空分歧
23:21:03  INFO             買入點：🎯 一條件滿足 — 待確認  進場區：$772.6 ~ $788.2  止損：$753.2
23:21:04  INFO    [台] 2330.TW      台積電          $  1,840.00  -0.54% 多空分歧
23:21:04  INFO             買入點：🎯 一條件滿足 — 待確認  進場區：$1,755.4 ~ $1,790.7  止損：$1,711.3
23:21:05  INFO    [美] AMD          AMD          $    201.33  -1.92% 多空分歧
23:21:05  INFO             買入點：🎯 一條件滿足 — 待確認  進場區：$187.3 ~ $191.0  止損：$182.6
23:21:06  INFO    [美] TSM          台積電ADR       $    329.24  -2.82% 多空分歧
23:21:06  INFO             買入點：🎯 一條件滿足 — 待確認  進場區：$317.6 ~ $324.0  止損：$315.4
23:21:06  INFO    [台] 2317.TW      鴻海           $    203.00  -0.98% 三線空頭
23:21:06  INFO             買入點：🎯 一條件滿足 — 待確認  進場區：$195.5 ~ $199.4  止損：$194.5
23:21:07  INFO    [台] 2530.TW      華建           $     24.90  +0.40% 三線空頭
23:21:07  INFO             買入點：🎯 一條件滿足 — 待確認  進場區：$24.3 ~ $24.7  止損：$23.8
23:21:08  INFO    [美] MU           美光           $    422.90  -4.81% 多空分歧
23:21:08  INFO             買入點：— 目前無買入信號  進場區：$355.9 ~ $363.0  止損：$346.9
23:21:09  INFO    [美] LRCX         科林研發         $    228.36  -2.41% 多空分歧
23:21:09  INFO             買入點：— 目前無買入信號  進場區：$193.1 ~ $197.0  止損：$188.3
23:21:10  INFO    [台] 00631L.TW    元大台灣50正2     $    469.35  -0.67% 多空分歧
23:21:10  INFO             買入點：🎯 一條件滿足 — 待確認  進場區：$414.4 ~ $422.7  止損：$404.0
23:21:11  INFO    [台] 00910.TW     第一金太空衛星      $     57.25  +0.88% 三線多頭
23:21:11  INFO             買入點：— 目前無買入信號  進場區：$52.1 ~ $53.1  止損：$50.8
23:21:12  INFO    [台] 2308.TW      台達電          $  1,475.00  +1.37% 三線多頭
23:21:12  INFO             買入點：— 目前無買入信號  進場區：$1,184.0 ~ $1,207.8  止損：$1,154.3
23:21:14  INFO    ✅ 股票 20 筆
23:21:14  INFO  
③ 🌟  生活熱門趨勢
23:21:14  INFO    📊 Google Trends 台灣（生活/食衣住行）...
23:21:16  INFO    [食品飲料] 熱度:7 動能:-33% 最熱關鍵字：美食 ❄️
23:21:20  INFO    [服飾美妝] 熱度:23 動能:-22% 最熱關鍵字：穿搭 ❄️
23:21:23  INFO    [居家生活] 熱度:17 動能:-25% 最熱關鍵字：家具 ❄️
23:21:26  INFO    [娛樂3C] 熱度:41 動能:+1% 最熱關鍵字：手機 🔥
23:21:29  INFO    [健康運動] 熱度:30 動能:-22% 最熱關鍵字：健身 ❄️
23:21:32  INFO    [旅遊交通] 熱度:22 動能:-20% 最熱關鍵字：機票 ❄️
23:21:34  INFO    💬 Dcard 熱門...
23:21:34  WARNING      ⚠️  www.dcard.tw → 403 Client Error: Forbidden for url: https://www.dcard.tw/f/trending
23:21:34  INFO    📋 PTT 熱門...
23:21:34  WARNING      ⚠️  www.ptt.cc → ('Connection aborted.', ConnectionResetError(104, 'Connection reset by peer'))
23:21:35  INFO    [PTT/Stock] [3] Re: [心得] AI需求是供應商精心設計好的套路
23:21:35  INFO    [PTT/Stock] [1] Re: [心得] AI需求是供應商精心設計好的套路
23:21:35  INFO    [PTT/Stock] [] Re: [請益] 這波戰爭有機會讓台積回到1000以下嗎？
23:21:35  INFO    [PTT/Stock] [21] [新聞] 美媒：川普政府開始規劃與伊朗和談策略
23:21:35  INFO    [PTT/Stock] [] Re: [新聞] 射程四千公里 伊朗首朝印度洋英美基地射飛彈
23:21:36  INFO    [PTT/beauty] [7] [正妹] 河智媛
23:21:36  INFO    [PTT/beauty] [17] [正妹] 崔荷潾
23:21:36  INFO    [PTT/beauty] [16] [正妹] 星期六早晨
23:21:36  INFO    [PTT/beauty] [] [正妹] Cosplay 2647 中國 米哈拉 莉央
23:21:36  INFO    [PTT/beauty] [21] [正妹] 乃木坂46 川崎櫻
23:21:37  INFO    [PTT/movie] [17] [好雷] 不怎麼科幻的極限返航，比想像中棒
23:21:37  INFO    [PTT/movie] [7] [討論] 《寒戰1994》回到過去的劇情大綱
23:21:37  INFO    [PTT/movie] [1] [好雷] 犯罪101
23:21:37  INFO    [PTT/movie] [] [ 好雷] 隔壁的星光 特別演出的原因
23:21:37  INFO    [PTT/movie] [6] [  雷] ［普雷］極限返航（美麗華IMAX)
23:21:38  INFO    [PTT/food] [] [食記] 台南南區 玉翠越南河粉 好吃平價
23:21:38  INFO    [PTT/food] [] [食記] 台南南區 阿美肉燥飯 真的在地人才知道
23:21:38  INFO    [PTT/food] [] [食記] 泰國曼谷 Fika&Co
23:21:38  INFO    [PTT/food] [] [食記] 台北內湖 美福乾式熟成牛排館~牛排美味
23:21:38  INFO    [PTT/food] [] [食記] 台北士林區 美墨德州炸雞
23:21:39  INFO    📺 YouTube 台灣熱門...
23:21:39  INFO    🎵 TikTok...
23:21:40  INFO    [TikTok] #1 #eidmubarak
23:21:40  INFO    🛍️  Shopee 台灣熱銷...
23:21:43  INFO    💬 Reddit 熱賣（本週）...
23:21:44  INFO    ✅ 生活趨勢完成
23:21:44  INFO  
④ 📰  消息面
23:21:44  INFO    [🇹🇼 台灣] 核二、核三具備重啟條件！賴總統：月底重啟計畫送核安會審議
23:21:44  INFO    [🇹🇼 台灣] 趕快加油！中油下週一汽、柴油各調漲1.8元及1.4元
23:21:44  INFO    [🇹🇼 台灣] 柯文哲一審宣判倒數！他估刑期：不排除全部無罪
23:21:44  INFO    [🇹🇼 台灣] 川普稱擬逐步結束對伊朗行動荷莫茲海峽維安應由他國負責| 國際
23:21:44  INFO    [🇹🇼 台灣] 不幫打還先撤？川普怒轟北約「膽小鬼」
23:21:44  INFO    [🇹🇼 台灣] 李貞秀稱5中配村里長無春節獎金 內政部：不具合法資格、不享公職權益
23:21:46  INFO    [🇯🇵 日本] 高市先生「靠魅力」日美首腦會談，外媒視角
23:21:48  INFO    [🇯🇵 日本] 今天3月22日（週日）天氣預報：日本西部地區開始下雨。三天假期的最後一天，氣溫仍將維持在高水準。
23:21:49  INFO    [🇯🇵 日本] 伊朗革命衛隊“繼續製造飛彈”反駁以色列“不再有能力製造”
23:21:51  INFO    [🇯🇵 日本] 川普考慮縮減針對伊朗的行動，美軍向中東增派部隊－在印度洋的英國基地部署飛彈？
23:21:52  INFO    [🇯🇵 日本] 邊野古船傾覆的倖存者在現場附近的美國軍事基地獻花；日本海上保安廳調解並向受害者提供支持
23:21:53  INFO    [🇯🇵 日本] 日本政府討論海峽通道之際，應仔細評估伊朗外長的聲明
23:21:54  INFO    [🇰🇷 韓國] BTS「阿里郎」為景福宮的夜空著色…世界各地的軍隊發出紫色的歡呼
23:21:56  INFO    [🇰🇷 韓國] 大田火災失蹤14人已被發現死亡...60人受傷
23:21:57  INFO    [🇰🇷 韓國] 週日早上「冷」…全國多雲，日溫差達20度
23:21:58  INFO    [🇰🇷 韓國] 釜山、蔚山、慶尚南道多雲乾燥…白天最高氣溫：16至18度
23:21:59  INFO    [🇰🇷 韓國] 美軍計畫再增派2,500人…伊朗：對中東以外的美軍指揮官進行追擊與報復
23:22:02  INFO    [🇰🇷 韓國] 崔正燮會長表示：“由於醫師會會長缺乏溝通和逃避責任，居民變得獨立……醫學界正處於分裂的十字路口。”
23:22:03  INFO    [🇺🇸 美國] Robert Mueller, who probed Trump as special counsel, dies at 81
23:22:03  INFO    [🇺🇸 美國] Trump says he's sending federal immigration agents to airports on Monday amid DHS shutdown
23:22:03  INFO    [🇺🇸 美國] Dozens injured in Israel after Iranian missile strikes target areas near nuclear research center
23:22:03  INFO    [🇺🇸 美國] Flash flooding swamps Hawaii, prompting evacuation orders for 5,500 people
23:22:03  INFO    [🇺🇸 美國] GOP devolves further into conspiracy and chaos in SAVE America Act debate
23:22:03  INFO    [🇺🇸 美國] Trump Is Finally Eyeing an Exit From Iran. But Will He Take It?
23:22:20  INFO  
🖥️  產生 HTML 報告...
23:22:20  INFO  
✅  HTML：報告_20260321_2322.html
23:22:20  INFO  ✅  CSV：機會分析_20260321_2322.csv
23:22:20  INFO  📝  Log：logs/scan_20260321_232052.log
