10:57:55  INFO  ======================================================================
10:57:55  INFO  🔥  每日機會分析系統 v10
10:57:55  INFO  📅  2026-04-30 10:57
10:57:55  INFO  ======================================================================
10:57:55  INFO  
① 🌕  CRYPTO
10:57:56  ERROR    BTC-USD: float() argument must be a string or a real number, not 'Series'
10:57:56  ERROR    ETH-USD: float() argument must be a string or a real number, not 'Series'
10:57:57  ERROR    SOL-USD: float() argument must be a string or a real number, not 'Series'
10:57:58  ERROR    BNB-USD: float() argument must be a string or a real number, not 'Series'
10:57:58  ERROR    XRP-USD: float() argument must be a string or a real number, not 'Series'
10:57:59  INFO    ✅ Crypto 0 筆
10:57:59  INFO  
② 📈  股票
10:58:00  INFO    [台] 3293.TWO     鈊象電子         $    748.00  -1.06% 多空分歧
10:58:00  INFO             買入點：🎯 一條件滿足 — 待確認  進場區：$734.3 ~ $749.1  止損：$715.9
10:58:01  INFO    [台] 00909.TW     國泰智能電動車ETF   $     41.43  -1.52% 多空分歧
10:58:01  INFO             買入點：— 目前無買入信號  進場區：$33.4 ~ $34.1  止損：$32.6
10:58:02  INFO    [台] 0056.TW      元大高股息        $     40.90  -0.07% 偏多
10:58:02  INFO             買入點：— 目前無買入信號  進場區：$36.4 ~ $37.1  止損：$35.7
10:58:03  INFO    [台] 6111.TWO     6111擎亞       $     45.05  +0.45% 多空分歧
10:58:03  INFO             買入點：🎯 一條件滿足 — 待確認  進場區：$40.7 ~ $41.6  止損：$39.7
10:58:03  INFO    [台] 00878.TW     國泰永續高股息      $     25.39  +0.36% 三線多頭
10:58:03  INFO             買入點：— 目前無買入信號  進場區：$21.5 ~ $21.9  止損：$21.3
10:58:04  INFO    [台] 3017.TW      奇鋐           $  2,835.00  +0.00% 偏多
10:58:04  INFO             買入點：— 目前無買入信號  進場區：$1,876.1 ~ $1,913.8  止損：$1,954.5
10:58:05  INFO    [台] 00713.TW     元大高息低波       $     52.85  -0.28% 多空分歧
10:58:05  INFO             買入點：🎯 一條件滿足 — 待確認  進場區：$50.8 ~ $51.9  止損：$49.6
10:58:06  INFO    [台] 00919.TW     群益台灣精選高息     $     23.65  +0.00% 三線多頭
10:58:06  INFO             買入點：— 目前無買入信號  進場區：$22.1 ~ $22.6  止損：$21.6
10:58:08  INFO    [美] NVDA         NVIDIA       $    209.25  -1.84% 三線多頭
10:58:08  INFO             買入點：— 目前無買入信號  進場區：$168.9 ~ $172.3  止損：$166.2
10:58:09  INFO    [美] GEV          GE Vernova   $  1,063.11  -2.37% 多空分歧
10:58:09  INFO             買入點：— 目前無買入信號  進場區：$834.8 ~ $851.6  止損：$840.0
10:58:10  INFO    [台] 2330.TW      台積電          $  2,135.00  -2.06% 偏多
10:58:10  INFO             買入點：— 目前無買入信號  進場區：$1,792.8 ~ $1,828.9  止損：$1,750.8
10:58:10  INFO    [美] AMD          AMD          $    337.11  +4.30% 三線多頭
10:58:10  INFO             買入點：— 目前無買入信號  進場區：$183.1 ~ $186.8  止損：$194.6
10:58:12  INFO    [美] TSM          台積電ADR       $    393.83  +0.38% 三線多頭
10:58:12  INFO             買入點：— 目前無買入信號  進場區：$325.2 ~ $331.7  止損：$317.0
10:58:13  INFO    [台] 2317.TW      鴻海           $    219.50  -2.44% 多空分歧
10:58:13  INFO             買入點：— 目前無買入信號  進場區：$185.7 ~ $189.4  止損：$183.8
10:58:14  INFO    [台] 2530.TW      華建           $     20.85  -1.65% 三線空頭
10:58:14  INFO             買入點：🎯 一條件滿足 — 待確認  進場區：$20.3 ~ $20.7  止損：$19.9
10:58:15  INFO    [美] MU           美光           $    518.46  +2.81% 三線多頭
10:58:15  INFO             買入點：— 目前無買入信號  進場區：$338.5 ~ $345.3  止損：$330.0
10:58:15  INFO    [美] LRCX         科林研發         $    248.75  -0.99% 多空分歧
10:58:15  INFO             買入點：🎯 一條件滿足 — 待確認  進場區：$207.8 ~ $211.9  止損：$202.5
10:58:16  INFO    [台] 00631L.TW    元大台灣50正2     $     28.61  -0.73% 三線多頭
10:58:16  INFO             買入點：— 目前無買入信號  進場區：$19.4 ~ $19.8  止損：$19.3
10:58:17  INFO    [台] 00910.TW     第一金太空衛星      $     64.35  -0.46% 多空分歧
10:58:17  INFO             買入點：🎯 一條件滿足 — 待確認  進場區：$56.6 ~ $57.7  止損：$55.1
10:58:18  INFO    [台] 2308.TW      台達電          $  2,165.00  +0.00% 三線多頭
10:58:18  INFO             買入點：— 目前無買入信號  進場區：$1,384.9 ~ $1,412.8  止損：$1,377.4
10:58:18  INFO    ⏰ 10:xx 外資 16:30 後更新
10:58:18  INFO    ✅ 股票 20 筆
10:58:18  INFO  
③ 🌟  生活熱門趨勢
10:58:18  INFO    📊 Google Trends 台灣（生活/食衣住行）...
10:58:19  INFO    [食品飲料] 熱度:14 動能:+26% 最熱關鍵字：美食 🔥🔥🔥
10:58:22  INFO    [服飾美妝] 熱度:27 動能:-29% 最熱關鍵字：防曬 ❄️
10:58:25  INFO    [居家生活] 熱度:31 動能:-3% 最熱關鍵字：家具 ❄️
10:58:27  WARNING    [娛樂3C] The request failed: Google returned a response with code 429
10:58:30  INFO    [健康運動] 熱度:35 動能:-14% 最熱關鍵字：健身 ❄️
10:58:33  INFO    [旅遊交通] 熱度:25 動能:-14% 最熱關鍵字：機票 ❄️
10:58:35  INFO    💬 Dcard 熱門...
10:58:35  WARNING      ⚠️  www.dcard.tw → 403 Client Error: Forbidden for url: https://www.dcard.tw/f/trending
10:58:35  INFO    📋 PTT 熱門...
10:58:35  WARNING      ⚠️  www.ptt.cc → ('Connection aborted.', ConnectionResetError(104, 'Connection reset by peer'))
10:58:36  INFO    [PTT/Stock] [] [新聞] 多重壓力影響…市場傳央行啟動穩匯大隊
10:58:36  INFO    [PTT/Stock] [] [公告] 股票板板規 v4.7 (2024/10/06 修正)
10:58:36  INFO    [PTT/Stock] [6] [公告] 4-6-1罰則將在1/22開始到年底加重至30天
10:58:36  INFO    [PTT/Stock] [爆] [閒聊] 2026/04/30 盤後閒聊
10:58:37  INFO    [PTT/beauty] [] [正妹] 求神正妹IG
10:58:37  INFO    [PTT/beauty] [11] [正妹] 比較大的阿部
10:58:37  INFO    [PTT/beauty] [1] [正妹] 阿思穿 CK
10:58:37  INFO    [PTT/beauty] [9] [正妹] 俄羅斯, 金髮,白垂
10:58:37  INFO    [PTT/beauty] [4] [正妹] Ann_台大法律美女
10:58:38  INFO    [PTT/movie] [9] [超好雷] 穿著PRADA的惡魔2
10:58:38  INFO    [PTT/movie] [] [新聞] 韓國東亞日報專欄評《殺木池：鬼水禁地》
10:58:38  INFO    [PTT/movie] [6] [好雷] 穿著Prada的惡魔2
10:58:39  INFO    [PTT/food] [] [食記] 台北 すし謙
10:58:39  INFO    [PTT/food] [] [食記] 沖繩那霸機場OKA ラウンジ華 Lounge hana
10:58:39  INFO    [PTT/food] [] [食記] 彰化 山美燒肉 炭火香氣不錯的老宅燒肉
10:58:39  INFO    [PTT/food] [1] [食記] About H Coffee 台北中正 巴斯克與貓咪
10:58:39  INFO    [PTT/food] [] [食記] 桃園 饗厚牛排桃園店自助吧吃到飽
10:58:39  INFO    📺 YouTube 台灣熱門...
10:58:40  INFO    🎵 TikTok...
10:58:40  INFO    [TikTok] #1 #prom
10:58:40  INFO    🛍️  Shopee 台灣熱銷...
10:58:44  INFO    💬 Reddit 熱賣（本週）...
10:58:44  INFO    ✅ 生活趨勢完成
10:58:44  INFO  
④ 📰  消息面
10:58:44  INFO    [🇹🇼 台灣] 快訊／「家裡缺了一角」台南女警家屬慟首發聲！母悲訴：遺體修復需4天
10:58:44  INFO    [🇹🇼 台灣] 高鐵無線電遭盜接釀列車急停涉案男大生遭逮10萬交保| 社會
10:58:44  INFO    [🇹🇼 台灣] 陳佩琪譏愛犬斑斑「殘障三腳狗」！　賴清德po照回擊：出門前多了分安心
10:58:44  INFO    [🇹🇼 台灣] 柯文哲涉京華城及政治獻金案一審判17年 北檢提上訴
10:58:44  INFO    [🇹🇼 台灣] 粿王判決書全文上線啦！律師神預言：果真非常乾淨| 社會
10:58:44  INFO    [🇹🇼 台灣] 鄭麗文急電化解季麟連爭議 韓國瑜自嘲「打來開除我？」
10:58:48  INFO    [🇯🇵 日本] 被指控性侵犯的女檢察官辭職，在記者會上表示「我再也受不了了」[大阪府]
10:58:49  INFO    [🇯🇵 日本] 針對伊朗的新選擇，美軍30日向川普解釋並向其報告
10:58:50  INFO    [🇯🇵 日本] 旭山動物園職員の逮捕状請求、妻の死体損壊容疑…焼却炉などの捜索で人の体の一部とみられるもの発見
10:58:51  INFO    [🇯🇵 日本] 伊朗軍事行動被批評為「沼澤」；國防部長赫格斯：「你真丟臉」「你支持誰？」（讀賣新聞在線）
10:58:53  INFO    [🇯🇵 日本] 預計明天1日將有大雨，達到警戒等級。存在天氣突然變化和雷擊的風險。黃金週有短暫降雨 (氣象預報員 田中誠志 2026年4月30日)
10:58:54  INFO    [🇯🇵 日本] 嫌疑人高林照之（44 歲）因涉嫌因“噪音問題”謀殺未遂而被通緝，兩年半前被捕 → 未提出任何指控 母親：“我希望你挺身而出”
10:58:56  INFO    [🇰🇷 韓國] 李 "일부 노조, 자신만 살겠다고 과도한 요구... 다른 노동자에게 피해"
10:58:59  INFO    [🇰🇷 韓國] 特別檢察法提議「調查檢察操縱起訴書」...賦予特別檢察官撤銷起訴書的權利
10:59:00  INFO    [🇰🇷 韓國] 叛亂特別檢察官對第二次審判裁決提出上訴，裁定妨礙逮捕“七年監禁”
10:59:02  INFO    [🇰🇷 韓國] 국힘 ‘손털기’ 맹공에 하정우 “현실정치의 네거티브 실감”
10:59:03  INFO    [🇰🇷 韓國] 尹錫烈參謀長鄭鎮錫參加樸秀賢選區的補選…“不能強迫‘哲尹’”
10:59:05  INFO    [🇰🇷 韓國] 【解說】候選人鄭元午的“穩步發展”，候選人吳世勳是榜樣嗎？
10:59:06  INFO    [🇺🇸 美國] Hegseth spars with lawmakers as Iran war’s price tag hits $25 billion
10:59:06  INFO    [🇺🇸 美國] What a weakened Voting Rights Act means in today's America
10:59:06  INFO    [🇺🇸 美國] What the Royal State Dinner Guest List Says About Trump’s America
10:59:06  INFO    [🇺🇸 美國] Trump says U.S. may cut the number of American troops in Germany
10:59:06  INFO    [🇺🇸 美國] Scoop: Commanders to brief Trump on new Iran military options Thursday
10:59:06  INFO    [🇺🇸 美國] Iran’s Oil Sector Can Likely Weather Production Shut-ins, but Gas Fields Are at Risk
10:59:21  INFO  
🖥️  產生 HTML 報告...
10:59:21  INFO  
✅  HTML：報告_20260430_1059.html
10:59:21  INFO  ✅  CSV：機會分析_20260430_1059.csv
10:59:21  INFO  📝  Log：logs/scan_20260430_105755.log
