17:30:48  INFO  ======================================================================
17:30:48  INFO  🔥  每日機會分析系統 v10
17:30:48  INFO  📅  2026-04-22 17:30
17:30:48  INFO  ======================================================================
17:30:48  INFO  
① 🌕  CRYPTO
17:30:48  ERROR    BTC-USD: float() argument must be a string or a real number, not 'Series'
17:30:49  ERROR    ETH-USD: float() argument must be a string or a real number, not 'Series'
17:30:50  ERROR    SOL-USD: float() argument must be a string or a real number, not 'Series'
17:30:51  ERROR    BNB-USD: float() argument must be a string or a real number, not 'Series'
17:30:51  ERROR    XRP-USD: float() argument must be a string or a real number, not 'Series'
17:30:51  INFO    ✅ Crypto 0 筆
17:30:51  INFO  
② 📈  股票
17:30:52  INFO    [台] 3293.TWO     鈊象電子         $       nan   +nan% 三線多頭
17:30:52  INFO             買入點：— 目前無買入信號  進場區：$724.4 ~ $738.9  止損：$706.2
17:30:53  INFO    [台] 00909.TW     國泰智能電動車ETF   $       nan   +nan% 多空分歧
17:30:53  INFO             買入點：— 目前無買入信號  進場區：$32.9 ~ $33.5  止損：$32.1
17:30:54  INFO    [台] 0056.TW      元大高股息        $       nan   +nan% 三線多頭
17:30:54  INFO             買入點：— 目前無買入信號  進場區：$36.9 ~ $37.6  止損：$35.9
17:30:55  INFO    [台] 6111.TWO     6111擎亞       $       nan   +nan% 多空分歧
17:30:55  INFO             買入點：— 目前無買入信號  進場區：$39.7 ~ $40.5  止損：$38.7
17:30:56  INFO    [台] 00878.TW     國泰永續高股息      $       nan   +nan% 三線多頭
17:30:56  INFO             買入點：— 目前無買入信號  進場區：$21.7 ~ $22.1  止損：$21.1
17:30:57  INFO    [台] 3017.TW      奇鋐           $       nan   +nan% 三線多頭
17:30:57  INFO             買入點：— 目前無買入信號  進場區：$1,905.4 ~ $1,943.7  止損：$1,857.5
17:30:58  INFO    [台] 00713.TW     元大高息低波       $       nan   +nan% 三線多頭
17:30:58  INFO             買入點：— 目前無買入信號  進場區：$50.4 ~ $51.4  止損：$49.1
17:30:59  INFO    [台] 00919.TW     群益台灣精選高息     $       nan   +nan% 三線多頭
17:30:59  INFO             買入點：— 目前無買入信號  進場區：$21.9 ~ $22.3  止損：$21.3
17:31:00  INFO    [美] NVDA         NVIDIA       $    201.85  +0.99% 偏多
17:31:00  INFO             買入點：— 目前無買入信號  進場區：$159.9 ~ $163.2  止損：$159.3
17:31:01  INFO    [美] GEV          GE Vernova   $  1,117.74 +12.75% 三線多頭
17:31:01  INFO             買入點：— 目前無買入信號  進場區：$802.0 ~ $818.2  止損：$782.8
17:31:02  INFO    [台] 2330.TW      台積電          $       nan   +nan% 多空分歧
17:31:02  INFO             買入點：— 目前無買入信號  進場區：$1,751.2 ~ $1,786.4  止損：$1,707.2
17:31:02  INFO    [美] AMD          AMD          $    300.51  +5.63% 三線多頭
17:31:02  INFO             買入點：— 目前無買入信號  進場區：$175.1 ~ $178.6  止損：$187.1
17:31:03  INFO    [美] TSM          台積電ADR       $    381.32  +3.60% 三線多頭
17:31:03  INFO             買入點：— 目前無買入信號  進場區：$312.2 ~ $318.5  止損：$304.4
17:31:04  INFO    [台] 2317.TW      鴻海           $       nan   +nan% 多空分歧
17:31:04  INFO             買入點：— 目前無買入信號  進場區：$186.6 ~ $190.3  止損：$181.9
17:31:05  INFO    [台] 2530.TW      華建           $       nan   +nan% 三線空頭
17:31:05  INFO             買入點：— 目前無買入信號  進場區：$22.0 ~ $22.5  止損：$21.5
17:31:06  INFO    [美] MU           美光           $    485.04  +7.94% 三線多頭
17:31:06  INFO             買入點：— 目前無買入信號  進場區：$309.2 ~ $315.4  止損：$302.1
17:31:07  INFO    [美] LRCX         科林研發         $    264.28  +2.29% 多空分歧
17:31:07  INFO             買入點：— 目前無買入信號  進場區：$192.4 ~ $196.3  止損：$192.6
17:31:08  INFO    [台] 00631L.TW    元大台灣50正2     $       nan   +nan% 多空分歧
17:31:08  INFO             買入點：— 目前無買入信號  進場區：$19.1 ~ $19.5  止損：$18.7
17:31:09  INFO    [台] 00910.TW     第一金太空衛星      $       nan   +nan% 三線多頭
17:31:09  INFO             買入點：— 目前無買入信號  進場區：$54.2 ~ $55.3  止損：$52.9
17:31:10  INFO    [台] 2308.TW      台達電          $       nan   +nan% 三線多頭
17:31:10  INFO             買入點：— 目前無買入信號  進場區：$1,358.2 ~ $1,385.5  止損：$1,324.0
17:31:13  INFO    ✅ 股票 20 筆
17:31:13  INFO  
③ 🌟  生活熱門趨勢
17:31:13  INFO    📊 Google Trends 台灣（生活/食衣住行）...
17:31:13  WARNING    [食品飲料] The request failed: Google returned a response with code 429
17:31:16  WARNING    [服飾美妝] The request failed: Google returned a response with code 429
17:31:20  WARNING    [居家生活] The request failed: Google returned a response with code 429
17:31:23  WARNING    [娛樂3C] The request failed: Google returned a response with code 429
17:31:27  INFO    [健康運動] 熱度:37 動能:-3% 最熱關鍵字：健身 ❄️
17:31:29  WARNING    [旅遊交通] The request failed: Google returned a response with code 429
17:31:32  INFO    💬 Dcard 熱門...
17:31:32  WARNING      ⚠️  www.dcard.tw → 403 Client Error: Forbidden for url: https://www.dcard.tw/f/trending
17:31:32  INFO    📋 PTT 熱門...
17:31:33  WARNING      ⚠️  www.ptt.cc → ('Connection aborted.', ConnectionResetError(104, 'Connection reset by peer'))
17:31:33  INFO    [PTT/Stock] [7] [標的] 1303 南亞 破布委屈多
17:31:33  INFO    [PTT/Stock] [15] [心得] 劣人 信貸 x 質押 x 債券
17:31:33  INFO    [PTT/Stock] [15] [請益] 油價與台股完全脫鉤？
17:31:33  INFO    [PTT/Stock] [] [公告] 股票板板規 v4.7 (2024/10/06 修正)
17:31:34  INFO    [PTT/beauty] [] [正妹] 韓國大肌肌 金賢姈
17:31:34  INFO    [PTT/beauty] [94] [公告] 不願上表特 ＆ 優文推薦 ＆ 檢舉建議專區
17:31:34  INFO    [PTT/beauty] [2] [公告] 口罩文會退文
17:31:34  INFO    [PTT/beauty] [] [公告] 表特板板規(2022.10.22)
17:31:35  INFO    [PTT/movie] [] 特技玩家  觀後感
17:31:35  INFO    [PTT/movie] [] [新聞]《穿著Prada的惡魔2》好評爆棚！諷刺媒體
17:31:35  INFO    [PTT/movie] [1] [新聞]不只是金鋼狼！萊恩雷諾斯點名《死侍4》想
17:31:35  INFO    [PTT/movie] [9] [新聞]傳記片《麥可傑克森》外媒負評如潮！遭砲
17:31:37  INFO    [PTT/food] [] [食記] 韓國首爾弘大花蟹世界
17:31:37  INFO    [PTT/food] [] [食記] 手打神代蕎麥 日本島根 三彩十割蕎麥麵
17:31:37  INFO    [PTT/food] [] [食記] 美國-華盛頓特區| Ben's Chili Bowl
17:31:37  INFO    [PTT/food] [] [食記] 茨城 四〇屋 水戶車站旁的必嘗痛風鍋
17:31:37  INFO    [PTT/food] [1] [食記]首爾明洞 庭院嫩豆腐鍋
17:31:37  INFO    📺 YouTube 台灣熱門...
17:31:37  INFO    🎵 TikTok...
17:31:38  INFO    [TikTok] #1 #golivegrowfast
17:31:38  INFO    🛍️  Shopee 台灣熱銷...
17:31:42  INFO    💬 Reddit 熱賣（本週）...
17:31:42  INFO    ✅ 生活趨勢完成
17:31:42  INFO  
④ 📰  消息面
17:31:42  INFO    [🇹🇼 台灣] 「喝水女」一戰成名黨內初選沒過關 楊智伃哽咽：起步晚了
17:31:42  INFO    [🇹🇼 台灣] 賴總統出訪史瓦帝尼遭阻國際政要齊聲譴責北京| 政治
17:31:42  INFO    [🇹🇼 台灣] 只差一步就發財！ 6筆「億級頭獎」沒人領 不要不信真的會充公
17:31:42  INFO    [🇹🇼 台灣] 快訊／伊朗開火了！貨輪無視警告 遭軍方「重創」
17:31:42  INFO    [🇹🇼 台灣] 李貞秀現身立院求助韓國瑜想阻宣誓 許忠信正式就職民眾黨立委稱「輕舟已過萬重山」
17:31:42  INFO    [🇹🇼 台灣] 開直播吃發芽馬鈴薯！50萬知識網紅曝重點：沒有比較毒- 生活
17:31:44  INFO    [🇯🇵 日本] 川普表示最快可能在 24 日與伊朗重新談判 - 報道
17:31:45  INFO    [🇯🇵 日本] 岩手縣大槌町森林火災；火勢蔓延至五座建築物，其中包括住宅；該鎮下令疏散約 2,000 人；到目前為止沒有受傷報告
17:31:46  INFO    [🇯🇵 日本] 川普總統表示，被俘虜的伊朗船隻是「來自中國的不太好的禮物」…暗示武器出口
17:31:46  INFO    [🇯🇵 日本] 【突發新聞】英國當局在霍爾木茲海峽附近向另一艘船開槍
17:31:48  INFO    [🇯🇵 日本] 京都小學生遺體遺棄案：屍體發現現場不斷有人獻花。警察用水下無人機搜索池塘。調查人員也在周邊地區出現。
17:31:49  INFO    [🇯🇵 日本] [突發新聞]餐飲業要求零消費稅率申請
17:31:50  INFO    [🇰🇷 韓國] 川普又“炸玉米餅”…半天後“我們會轟炸”“停火延長”
17:31:51  INFO    [🇰🇷 韓國] 川普宣布「延長停火」後不久…伊朗在霍爾木茲扣押3艘船
17:31:51  INFO    [🇰🇷 韓國] 李總統「簽署了向胡志明市出口城市鐵路的合約」…韓越合作實現
17:31:52  INFO    [🇰🇷 韓國] 《逃離狼》大田O-World暫停營運…政府“直到問題得到改善”
17:31:52  INFO    [🇰🇷 韓國] 駐韓美軍司令：“薩德系統位於朝鮮半島”…“駐韓美軍的能力而非數量”
17:31:53  INFO    [🇰🇷 韓國] 美國幹預庫邦和方時赫的調查，增加了韓國政府的負擔，因為它繼續成為一個外交問題。
17:31:54  INFO    [🇺🇸 美國] Iran fires on 2 ships in Strait of Hormuz after Trump extends ceasefire
17:31:54  INFO    [🇺🇸 美國] Six takeaways from Virginia’s vote to boost Democrats in national redistricting war
17:31:54  INFO    [🇺🇸 美國] Trump gives Iran days to end power struggle, return to peace talks
17:31:54  INFO    [🇺🇸 美國] Mexico to beef up security at tourist sites after shooting at pyramids
17:31:54  INFO    [🇺🇸 美國] Democrats demand FBI director, Kash Patel, take alcohol abuse test
17:31:54  INFO    [🇺🇸 美國] Gas prices are still high. The midterm clock is ticking.
17:32:07  INFO  
🖥️  產生 HTML 報告...
17:32:07  INFO  
✅  HTML：報告_20260422_1732.html
17:32:07  INFO  ✅  CSV：機會分析_20260422_1732.csv
17:32:07  INFO  📝  Log：logs/scan_20260422_173048.log
