17:33:56  INFO  ======================================================================
17:33:56  INFO  🔥  每日機會分析系統 v10
17:33:56  INFO  📅  2026-04-20 17:33
17:33:56  INFO  ======================================================================
17:33:56  INFO  
① 🌕  CRYPTO
17:33:56  ERROR    BTC-USD: float() argument must be a string or a real number, not 'Series'
17:33:57  ERROR    ETH-USD: float() argument must be a string or a real number, not 'Series'
17:33:58  ERROR    SOL-USD: float() argument must be a string or a real number, not 'Series'
17:33:59  ERROR    BNB-USD: float() argument must be a string or a real number, not 'Series'
17:34:00  ERROR    XRP-USD: float() argument must be a string or a real number, not 'Series'
17:34:00  INFO    ✅ Crypto 0 筆
17:34:00  INFO  
② 📈  股票
17:34:01  INFO    [台] 3293.TWO     鈊象電子         $       nan   +nan% 三線多頭
17:34:01  INFO             買入點：— 目前無買入信號  進場區：$719.4 ~ $733.8  止損：$701.3
17:34:02  INFO    [台] 00909.TW     國泰智能電動車ETF   $       nan   +nan% 多空分歧
17:34:02  INFO             買入點：— 目前無買入信號  進場區：$35.1 ~ $35.8  止損：$34.2
17:34:03  INFO    [台] 0056.TW      元大高股息        $       nan   +nan% 三線多頭
17:34:03  INFO             買入點：— 目前無買入信號  進場區：$36.9 ~ $37.6  止損：$35.9
17:34:04  INFO    [台] 6111.TWO     6111擎亞       $       nan   +nan% 多空分歧
17:34:04  INFO             買入點：— 目前無買入信號  進場區：$39.7 ~ $40.5  止損：$38.7
17:34:05  INFO    [台] 00878.TW     國泰永續高股息      $       nan   +nan% 三線多頭
17:34:05  INFO             買入點：— 目前無買入信號  進場區：$21.7 ~ $22.1  止損：$21.1
17:34:06  INFO    [台] 3017.TW      奇鋐           $       nan   +nan% 三線多頭
17:34:06  INFO             買入點：— 目前無買入信號  進場區：$1,905.4 ~ $1,943.7  止損：$1,857.5
17:34:07  INFO    [台] 00713.TW     元大高息低波       $       nan   +nan% 三線多頭
17:34:07  INFO             買入點：— 目前無買入信號  進場區：$50.4 ~ $51.4  止損：$49.1
17:34:08  INFO    [台] 00919.TW     群益台灣精選高息     $     23.67  +1.02% 三線多頭
17:34:08  INFO             買入點：— 目前無買入信號  進場區：$21.8 ~ $22.3  止損：$21.3
17:34:09  INFO    [美] NVDA         NVIDIA       $    199.50  -1.08% 多空分歧
17:34:09  INFO             買入點：— 目前無買入信號  進場區：$159.5 ~ $162.7  止損：$159.3
17:34:10  INFO    [美] GEV          GE Vernova   $    996.06  -0.67% 偏多
17:34:10  INFO             買入點：— 目前無買入信號  進場區：$803.0 ~ $819.1  止損：$782.8
17:34:11  INFO    [台] 2330.TW      台積電          $       nan   +nan% 三線多頭
17:34:11  INFO             買入點：— 目前無買入信號  進場區：$1,751.2 ~ $1,786.4  止損：$1,707.2
17:34:12  INFO    [美] AMD          AMD          $    273.60  -1.72% 三線多頭
17:34:12  INFO             買入點：— 目前無買入信號  進場區：$175.1 ~ $178.6  止損：$187.1
17:34:14  INFO    [美] TSM          台積電ADR       $    367.42  -0.83% 多空分歧
17:34:14  INFO             買入點：— 目前無買入信號  進場區：$312.2 ~ $318.5  止損：$304.4
17:34:15  INFO    [台] 2317.TW      鴻海           $       nan   +nan% 多空分歧
17:34:15  INFO             買入點：— 目前無買入信號  進場區：$186.6 ~ $190.3  止損：$181.9
17:34:16  INFO    [台] 2530.TW      華建           $       nan   +nan% 三線空頭
17:34:16  INFO             買入點：— 目前無買入信號  進場區：$22.3 ~ $22.8  止損：$21.8
17:34:17  INFO    [美] MU           美光           $    446.98  -1.78% 三線多頭
17:34:17  INFO             買入點：— 目前無買入信號  進場區：$309.9 ~ $316.2  止損：$302.1
17:34:18  INFO    [美] LRCX         科林研發         $    262.86  -1.77% 多空分歧
17:34:18  INFO             買入點：— 目前無買入信號  進場區：$191.6 ~ $195.5  止損：$192.6
17:34:19  INFO    [台] 00631L.TW    元大台灣50正2     $     25.99  +1.56% 多空分歧
17:34:19  INFO             買入點：🎯 一條件滿足 — 待確認  進場區：$-154.6 ~ $-157.7  止損：$18.5
17:34:20  INFO    [台] 00910.TW     第一金太空衛星      $       nan   +nan% 三線多頭
17:34:20  INFO             買入點：— 目前無買入信號  進場區：$54.2 ~ $55.3  止損：$52.9
17:34:21  INFO    [台] 2308.TW      台達電          $       nan   +nan% 三線多頭
17:34:21  INFO             買入點：— 目前無買入信號  進場區：$1,358.2 ~ $1,385.5  止損：$1,324.0
17:34:24  INFO    ✅ 股票 20 筆
17:34:24  INFO  
③ 🌟  生活熱門趨勢
17:34:24  INFO    📊 Google Trends 台灣（生活/食衣住行）...
17:34:25  INFO    [食品飲料] 熱度:8 動能:-26% 最熱關鍵字：美食 ❄️
17:34:28  INFO    [服飾美妝] 熱度:36 動能:+12% 最熱關鍵字：防曬 🔥🔥
17:34:30  WARNING    [居家生活] The request failed: Google returned a response with code 429
17:34:34  WARNING    [娛樂3C] The request failed: Google returned a response with code 429
17:34:37  INFO    [健康運動] 熱度:42 動能:+6% 最熱關鍵字：健身 🔥🔥
17:34:40  INFO    [旅遊交通] 熱度:30 動能:+7% 最熱關鍵字：機票 🔥🔥
17:34:42  INFO    💬 Dcard 熱門...
17:34:42  WARNING      ⚠️  www.dcard.tw → 403 Client Error: Forbidden for url: https://www.dcard.tw/f/trending
17:34:42  INFO    📋 PTT 熱門...
17:34:43  WARNING      ⚠️  www.ptt.cc → ('Connection aborted.', ConnectionResetError(104, 'Connection reset by peer'))
17:34:43  INFO    [PTT/Stock] [4] Re: [新聞] 統一投信推主動式ETF 00403A鎖定台股前2
17:34:43  INFO    [PTT/Stock] [44] [請益] 正二換股到主動ETF好嗎？
17:34:43  INFO    [PTT/Stock] [80] [新聞]快訊／巴基斯坦：伊朗有意願派代表團跟美國
17:34:43  INFO    [PTT/Stock] [20] Re: [新聞] 藍色起源成功回收火箭但部署出包 AST稱
17:34:43  INFO    [PTT/Stock] [30] Re: [新聞] 中東盟友集體「反水」! 阿聯酋揚言棄石油美元體系 卡達
17:34:44  INFO    [PTT/beauty] [3] [正妹] 李瑞
17:34:44  INFO    [PTT/beauty] [] [神人] 藥品廣告女主角
17:34:44  INFO    [PTT/beauty] [94] [公告] 不願上表特 ＆ 優文推薦 ＆ 檢舉建議專區
17:34:44  INFO    [PTT/beauty] [2] [公告] 口罩文會退文
17:34:44  INFO    [PTT/beauty] [] [公告] 表特板板規(2022.10.22)
17:34:45  INFO    [PTT/movie] [8] [新聞] 葛倫鮑威爾有望主演《巨蟻入侵》翻拍版
17:34:45  INFO    [PTT/movie] [] [新聞]《復仇者4》9月重映版 含《復仇者5》新場景
17:34:45  INFO    [PTT/movie] [] [新聞]小勞勃道尼變身「末日博士」真正原因！凱
17:34:45  INFO    [PTT/movie] [] [新聞]《穿著Prada的惡魔2》挨批辱華！陸網揚言
17:34:46  INFO    [PTT/food] [] [食記] 韓國首爾弘大花蟹世界
17:34:46  INFO    [PTT/food] [] [食記] 手打神代蕎麥 日本島根 三彩十割蕎麥麵
17:34:46  INFO    [PTT/food] [] [公告] Food板 板規 V3.91
17:34:46  INFO    [PTT/food] [18] [公告] 發文請在標題加上地區及提供地址電話。^^
17:34:46  INFO    [PTT/food] [] [公告] 文章被刪除者請洽精華區的資源回收桶
17:34:47  INFO    📺 YouTube 台灣熱門...
17:34:47  INFO    🎵 TikTok...
17:34:47  INFO    [TikTok] #1 #sidemen
17:34:47  INFO    🛍️  Shopee 台灣熱銷...
17:34:51  INFO    💬 Reddit 熱賣（本週）...
17:34:51  INFO    ✅ 生活趨勢完成
17:34:51  INFO  
④ 📰  消息面
17:34:52  INFO    [🇹🇼 台灣] 伊朗連3否認要和談! 川普怒: 「好說話的日子將結束」 以軍磨刀霍霍| 國際
17:34:52  INFO    [🇹🇼 台灣] 從7.5變7.7！日本強震再升級 專家警告高樓最危險
17:34:52  INFO    [🇹🇼 台灣] 連長罵台日混血軍訓役男「死日本鬼子」、「畜生」 遭調職移送法辦
17:34:52  INFO    [🇹🇼 台灣] 柯文哲遭噴辣椒水？台中警分局長試噴飄散惹禍拔官、傷害罪送辦| 社會
17:34:52  INFO    [🇹🇼 台灣] 把握好天氣！今起回溫高溫36度 4/22變天全台暴雨5天
17:34:52  INFO    [🇹🇼 台灣] 商總許舒博率九業者代表籲政府：兩岸加速溝通開放 落地才是真惠台
17:34:53  INFO    [🇯🇵 日本] 北海道、青森縣、岩手縣發布臨時海嘯警報。久慈市觀測到80厘米，青森縣地震強度5+ -「地震警報訊息」公佈
17:34:54  INFO    [🇯🇵 日本] 川普：以色列沒有說服與伊朗開戰
17:34:55  INFO    [🇯🇵 日本] 伊朗軍方宣布對無人機攻擊美國軍艦進行報復 伊朗革命衛隊表示，如果戰鬥恢復，將發射數百枚彈道飛彈
17:34:55  INFO    [🇯🇵 日本] 政治讀本：高市政府半年時間獨樹一幟，東西比以前少了。
17:34:56  INFO    [🇯🇵 日本] 「我不想全家出遊」「別談那個男人」京都男孩遺棄案未來調查重點是「揭秘」【N星解說】
17:34:58  INFO    [🇯🇵 日本] 都庁エレベーター停止、一時３１０人が展望台で待機「揺れが数分間続き気持ち悪くなるほど」…サンシャイン６０でも
17:35:00  INFO    [🇰🇷 韓國] 【爆料】川普：萬斯等美代表團即將抵達巴基斯坦，今天達成協議
17:35:01  INFO    [🇰🇷 韓國] “韓國和印度繼續能源和北美自由貿易協定合作”
17:35:03  INFO    [🇰🇷 韓國] 鄭東永“北韓的核設施是公開數據……很遺憾稱其為資訊洩露”
17:35:05  INFO    [🇰🇷 韓國] 《My Way》張東赫與美國官員的會面未公開…黨內反應是“也還給英國”
17:35:06  INFO    [🇰🇷 韓國] 狼，即使看到食物，也會變得警惕……“別再鬧了。”
17:35:07  INFO    [🇰🇷 韓國] 就在談判前夕，一艘伊朗船被『刺穿』……我又用了川普式的邊緣政策，但是
17:35:08  INFO    [🇺🇸 美國] Louisiana authorities identify eight children killed in ‘domestic incident’
17:35:08  INFO    [🇺🇸 美國] U.S. seizes Iranian cargo ship. And, tariff refund portal launches
17:35:08  INFO    [🇺🇸 美國] FBI Director Kash Patel sues The Atlantic claiming false reporting about drinking, absences
17:35:08  INFO    [🇺🇸 美國] Trump Administration to Begin Refunding $166 Billion in Tariffs
17:35:08  INFO    [🇺🇸 美國] Japan earthquake: 7.7 magnitude quake triggers tsunami warning
17:35:08  INFO    [🇺🇸 美國] Mass shooting at Winston-Salem park prompts lockdown at nearby middle school: NC SBI
17:35:22  INFO  
🖥️  產生 HTML 報告...
17:35:22  INFO  
✅  HTML：報告_20260420_1735.html
17:35:22  INFO  ✅  CSV：機會分析_20260420_1735.csv
17:35:22  INFO  📝  Log：logs/scan_20260420_173356.log
